[2025-09-19 13:48:17,282] INFO - crypto_etl - Listing files from bucket crypto-data with prefix 'raw-data/'
[2025-09-19 13:48:17,296] ERROR - crypto_etl - Failed to list objects: S3 operation failed; code: SignatureDoesNotMatch, message: The request signature we calculated does not match the signature you provided. Check your key and signing method., resource: /crypto-data, request_id: 1866B329F351D9BB, host_id: dd9025bab4ad464b049177c95eb6ebf374d3b3fd1af9251148b658df7ac2e3e8, bucket_name: crypto-data
[2025-09-19 13:52:51,594] INFO - crypto_etl - Listing files from bucket crypto-data with prefix 'raw-data/'
[2025-09-19 13:52:51,618] INFO - crypto_etl - Found 1 CSV files
[2025-09-19 13:57:56,367] INFO - crypto_etl - Listing files from bucket crypto-data with prefix 'raw-data/'
[2025-09-19 13:57:56,390] INFO - crypto_etl - Found 1 CSV files
[2025-09-19 14:00:05,445] INFO - crypto_etl - Listing files from bucket crypto-data with prefix 'raw-data/'
[2025-09-19 14:00:05,475] INFO - crypto_etl - Found 1 CSV files
[2025-09-19 14:05:08,217] INFO - crypto_etl - Listing files from bucket crypto-data with prefix 'raw-data/'
[2025-09-19 14:05:08,249] INFO - crypto_etl - Found 1 CSV files
[2025-09-19 14:06:38,905] INFO - crypto_etl - Listing files from bucket crypto-data with prefix 'raw-data/'
[2025-09-19 14:06:38,926] INFO - crypto_etl - Found 1 CSV files
[2025-09-19 14:10:09,183] INFO - crypto_etl - Listing files from bucket crypto-data with prefix 'raw-data/'
[2025-09-19 14:10:09,199] INFO - crypto_etl - Found 1 CSV files
[2025-09-19 14:14:23,823] INFO - crypto_etl - Listing files from bucket crypto-data with prefix 'raw-data/'
[2025-09-19 14:14:23,837] INFO - crypto_etl - Found 1 CSV files
[2025-09-19 14:15:55,996] INFO - crypto_etl - Listing files from bucket crypto-data with prefix 'raw-data/'
[2025-09-19 14:15:56,012] INFO - crypto_etl - Found 1 CSV files
[2025-09-19 14:15:56,030] INFO - crypto_etl - Found 1 unprocessed files out of 1 total
[2025-09-19 14:21:28,364] INFO - crypto_etl - Listing files from bucket crypto-data with prefix 'raw-data/'
[2025-09-19 14:21:28,381] INFO - crypto_etl - Found 1 CSV files
[2025-09-19 14:21:28,392] INFO - crypto_etl - Found 1 unprocessed files out of 1 total
[2025-09-19 14:24:49,482] INFO - crypto_etl - Listing files from bucket crypto-data with prefix 'raw-data/'
[2025-09-19 14:24:49,502] INFO - crypto_etl - Found 1 CSV files
[2025-09-19 14:24:49,513] INFO - crypto_etl - Found 1 unprocessed files out of 1 total
[2025-09-19 14:24:53,223] INFO - crypto_etl - Marked raw-data/2025/09/19/13/crypto_data_20250919_13.csv as processing
[2025-09-19 14:24:53,227] INFO - crypto_etl - Reading CSV raw-data/2025/09/19/13/crypto_data_20250919_13.csv from bucket crypto-data
[2025-09-19 14:24:53,287] INFO - crypto_etl - Read CSV raw-data/2025/09/19/13/crypto_data_20250919_13.csv with 6 rows
[2025-09-19 14:28:04,417] INFO - crypto_etl - Listing files from bucket crypto-data with prefix 'raw-data/'
[2025-09-19 14:28:04,436] INFO - crypto_etl - Found 1 CSV files
[2025-09-19 14:28:04,448] INFO - crypto_etl - Found 0 unprocessed files out of 1 total
[2025-09-19 14:30:03,438] INFO - crypto_etl - Listing files from bucket crypto-data with prefix 'raw-data/'
[2025-09-19 14:30:03,468] INFO - crypto_etl - Found 1 CSV files
[2025-09-19 14:30:03,478] INFO - crypto_etl - Found 0 unprocessed files out of 1 total
[2025-09-19 14:34:37,383] INFO - crypto_etl - Listing files from bucket crypto-data with prefix 'raw-data/'
[2025-09-19 14:34:37,404] INFO - crypto_etl - Found 2 CSV files
[2025-09-19 14:34:37,413] INFO - crypto_etl - Found 1 unprocessed files out of 2 total
[2025-09-19 14:34:41,538] INFO - crypto_etl - Marked raw-data/2025/09/19/14/crypto_data_20250919_14.csv as processing
[2025-09-19 14:34:41,541] INFO - crypto_etl - Reading CSV raw-data/2025/09/19/14/crypto_data_20250919_14.csv from bucket crypto-data
[2025-09-19 14:34:41,564] INFO - crypto_etl - Read CSV raw-data/2025/09/19/14/crypto_data_20250919_14.csv with 6 rows
[2025-09-19 14:45:03,296] INFO - crypto_etl - Listing files from bucket crypto-data with prefix 'raw-data/'
[2025-09-19 14:45:03,315] INFO - crypto_etl - Found 2 CSV files
[2025-09-19 14:45:03,325] INFO - crypto_etl - Found 0 unprocessed files out of 2 total
[2025-09-19 14:53:45,612] INFO - crypto_etl - Listing files from bucket crypto-data with prefix 'raw-data/'
[2025-09-19 14:53:45,636] INFO - crypto_etl - Found 3 CSV files
[2025-09-19 14:53:45,646] INFO - crypto_etl - Found 1 unprocessed files out of 3 total
[2025-09-19 14:53:49,448] INFO - crypto_etl - Marked raw-data/2025/09/19/15/crypto_data_20250919_15.csv as processing
[2025-09-19 14:53:49,451] INFO - crypto_etl - Reading CSV raw-data/2025/09/19/15/crypto_data_20250919_15.csv from bucket crypto-data
[2025-09-19 14:53:49,485] INFO - crypto_etl - Read CSV raw-data/2025/09/19/15/crypto_data_20250919_15.csv with 6 rows
[2025-09-19 14:53:57,185] INFO - crypto_etl - Reading CSV raw-data/2025/09/19/15/crypto_data_20250919_15.csv from bucket crypto-data
[2025-09-19 14:53:57,206] INFO - crypto_etl - Read CSV raw-data/2025/09/19/15/crypto_data_20250919_15.csv with 6 rows
[2025-09-19 15:00:03,715] INFO - crypto_etl - Listing files from bucket crypto-data with prefix 'raw-data/'
[2025-09-19 15:00:03,729] INFO - crypto_etl - Found 3 CSV files
[2025-09-19 15:00:03,737] INFO - crypto_etl - Found 0 unprocessed files out of 3 total
[2025-09-19 15:08:49,918] INFO - crypto_etl - Listing files from bucket crypto-data with prefix 'raw-data/'
[2025-09-19 15:08:49,938] INFO - crypto_etl - Found 4 CSV files
[2025-09-19 15:08:49,946] INFO - crypto_etl - Found 1 unprocessed files out of 4 total
[2025-09-19 15:08:53,295] INFO - crypto_etl - Marked raw-data/2025/09/19/16/crypto_data_20250919_16.csv as processing
[2025-09-19 15:08:53,298] INFO - crypto_etl - Reading CSV raw-data/2025/09/19/16/crypto_data_20250919_16.csv from bucket crypto-data
[2025-09-19 15:08:53,318] INFO - crypto_etl - Read CSV raw-data/2025/09/19/16/crypto_data_20250919_16.csv with 6 rows
[2025-09-19 15:09:00,298] INFO - crypto_etl - Reading CSV raw-data/2025/09/19/16/crypto_data_20250919_16.csv from bucket crypto-data
[2025-09-19 15:09:00,328] INFO - crypto_etl - Read CSV raw-data/2025/09/19/16/crypto_data_20250919_16.csv with 6 rows
[2025-09-19 15:09:03,404] INFO - crypto_etl - Starting data transformation...
[2025-09-19 15:09:03,412] INFO - crypto_etl - Adding derived metrics...
[2025-09-19 15:09:03,494] INFO - crypto_etl - Data transformation complete
[2025-09-19 15:09:03,508] ERROR - crypto_etl - Marked raw-data/2025/09/19/16/crypto_data_20250919_16.csv as failed: Transform/load error: connection to server at "localhost" (::1), port 5433 failed: Connection refused
	Is the server running on that host and accepting TCP/IP connections?
connection to server at "localhost" (127.0.0.1), port 5433 failed: Connection refused
	Is the server running on that host and accepting TCP/IP connections?

[2025-09-19 15:15:03,968] INFO - crypto_etl - Listing files from bucket crypto-data with prefix 'raw-data/'
[2025-09-19 15:15:03,989] INFO - crypto_etl - Found 4 CSV files
[2025-09-19 15:15:04,001] INFO - crypto_etl - Found 1 unprocessed files out of 4 total
[2025-09-19 15:15:07,661] INFO - crypto_etl - Marked raw-data/2025/09/19/16/crypto_data_20250919_16.csv as processing
[2025-09-19 15:15:07,664] INFO - crypto_etl - Reading CSV raw-data/2025/09/19/16/crypto_data_20250919_16.csv from bucket crypto-data
[2025-09-19 15:15:07,684] INFO - crypto_etl - Read CSV raw-data/2025/09/19/16/crypto_data_20250919_16.csv with 6 rows
[2025-09-19 15:15:17,700] INFO - crypto_etl - Reading CSV raw-data/2025/09/19/16/crypto_data_20250919_16.csv from bucket crypto-data
[2025-09-19 15:15:17,721] INFO - crypto_etl - Read CSV raw-data/2025/09/19/16/crypto_data_20250919_16.csv with 6 rows
[2025-09-19 15:15:21,104] INFO - crypto_etl - Starting data transformation...
[2025-09-19 15:15:21,110] INFO - crypto_etl - Adding derived metrics...
[2025-09-19 15:15:21,144] INFO - crypto_etl - Data transformation complete
[2025-09-19 15:15:21,166] INFO - crypto_etl - Upserted 6 rows into processed_prices
[2025-09-19 15:15:21,177] INFO - crypto_etl - Marked raw-data/2025/09/19/16/crypto_data_20250919_16.csv as completed with 6 records
[2025-09-19 15:15:47,534] INFO - crypto_etl - Listing files from bucket crypto-data with prefix 'raw-data/'
[2025-09-19 15:15:47,550] INFO - crypto_etl - Found 5 CSV files
[2025-09-19 15:15:47,559] INFO - crypto_etl - Found 1 unprocessed files out of 5 total
[2025-09-19 15:15:51,262] INFO - crypto_etl - Marked raw-data/2025/09/19/17/crypto_data_20250919_17.csv as processing
[2025-09-19 15:15:51,265] INFO - crypto_etl - Reading CSV raw-data/2025/09/19/17/crypto_data_20250919_17.csv from bucket crypto-data
[2025-09-19 15:15:51,286] INFO - crypto_etl - Read CSV raw-data/2025/09/19/17/crypto_data_20250919_17.csv with 6 rows
[2025-09-19 15:15:57,795] INFO - crypto_etl - Reading CSV raw-data/2025/09/19/17/crypto_data_20250919_17.csv from bucket crypto-data
[2025-09-19 15:15:57,818] INFO - crypto_etl - Read CSV raw-data/2025/09/19/17/crypto_data_20250919_17.csv with 6 rows
[2025-09-19 15:16:01,080] INFO - crypto_etl - Starting data transformation...
[2025-09-19 15:16:01,089] INFO - crypto_etl - Adding derived metrics...
[2025-09-19 15:16:01,122] INFO - crypto_etl - Data transformation complete
[2025-09-19 15:16:01,134] INFO - crypto_etl - Upserted 6 rows into processed_prices
[2025-09-19 15:16:01,145] INFO - crypto_etl - Marked raw-data/2025/09/19/17/crypto_data_20250919_17.csv as completed with 6 records
