[2025-09-19T14:53:45.190+0000] {taskinstance.py:1956} INFO - Dependencies all met for dep_context=non-requeueable deps ti=<TaskInstance: crypto_etl_main.check_new_files manual__2025-09-19T14:53:41.738222+00:00 [queued]>
[2025-09-19T14:53:45.204+0000] {taskinstance.py:1956} INFO - Dependencies all met for dep_context=requeueable deps ti=<TaskInstance: crypto_etl_main.check_new_files manual__2025-09-19T14:53:41.738222+00:00 [queued]>
[2025-09-19T14:53:45.205+0000] {taskinstance.py:2170} INFO - Starting attempt 1 of 2
[2025-09-19T14:53:45.233+0000] {taskinstance.py:2191} INFO - Executing <Task(BranchPythonOperator): check_new_files> on 2025-09-19 14:53:41.738222+00:00
[2025-09-19T14:53:45.242+0000] {standard_task_runner.py:60} INFO - Started process 1413 to run task
[2025-09-19T14:53:45.248+0000] {standard_task_runner.py:87} INFO - Running: ['***', 'tasks', 'run', 'crypto_etl_main', 'check_new_files', 'manual__2025-09-19T14:53:41.738222+00:00', '--job-id', '93', '--raw', '--subdir', 'DAGS_FOLDER/crypto_etl_dag.py', '--cfg-path', '/tmp/tmpjpwza2sz']
[2025-09-19T14:53:45.252+0000] {standard_task_runner.py:88} INFO - Job 93: Subtask check_new_files
[2025-09-19T14:53:45.330+0000] {task_command.py:423} INFO - Running <TaskInstance: crypto_etl_main.check_new_files manual__2025-09-19T14:53:41.738222+00:00 [running]> on host ed735ff6f76b
[2025-09-19T14:53:45.467+0000] {taskinstance.py:2480} INFO - Exporting env vars: AIRFLOW_CTX_DAG_OWNER='data-team' AIRFLOW_CTX_DAG_ID='crypto_etl_main' AIRFLOW_CTX_TASK_ID='check_new_files' AIRFLOW_CTX_EXECUTION_DATE='2025-09-19T14:53:41.738222+00:00' AIRFLOW_CTX_TRY_NUMBER='1' AIRFLOW_CTX_DAG_RUN_ID='manual__2025-09-19T14:53:41.738222+00:00'
[2025-09-19T14:53:45.613+0000] {log.py:232} WARNING - [2025-09-19 14:53:45,612] INFO - crypto_etl - Listing files from bucket crypto-data with prefix 'raw-data/'
[2025-09-19T14:53:45.612+0000] {extract.py:26} INFO - Listing files from bucket crypto-data with prefix 'raw-data/'
[2025-09-19T14:53:45.637+0000] {log.py:232} WARNING - [2025-09-19 14:53:45,636] INFO - crypto_etl - Found 3 CSV files
[2025-09-19T14:53:45.636+0000] {extract.py:30} INFO - Found 3 CSV files
[2025-09-19T14:53:45.647+0000] {log.py:232} WARNING - [2025-09-19 14:53:45,646] INFO - crypto_etl - Found 1 unprocessed files out of 3 total
[2025-09-19T14:53:45.646+0000] {file_processor.py:25} INFO - Found 1 unprocessed files out of 3 total
[2025-09-19T14:53:45.649+0000] {logging_mixin.py:188} INFO - Found 1 new files to process
[2025-09-19T14:53:45.674+0000] {python.py:201} INFO - Done. Returned value was: validate_files
[2025-09-19T14:53:45.675+0000] {branch.py:35} INFO - Branch into validate_files
[2025-09-19T14:53:45.676+0000] {skipmixin.py:178} INFO - Following branch validate_files
[2025-09-19T14:53:45.707+0000] {skipmixin.py:244} INFO - Skipping tasks [('no_new_files', -1)]
[2025-09-19T14:53:45.779+0000] {taskinstance.py:1138} INFO - Marking task as SUCCESS. dag_id=crypto_etl_main, task_id=check_new_files, execution_date=20250919T145341, start_date=20250919T145345, end_date=20250919T145345
[2025-09-19T14:53:45.822+0000] {local_task_job_runner.py:234} INFO - Task exited with return code 0
[2025-09-19T14:53:45.884+0000] {taskinstance.py:3280} INFO - 1 downstream tasks scheduled from follow-on schedule check
