[2025-09-19T04:06:23.842+0000] {processor.py:161} INFO - Started process (PID=54) to work on /home/airflow/.local/lib/python3.8/site-packages/airflow/example_dags/example_kubernetes_executor.py
[2025-09-19T04:06:23.852+0000] {processor.py:830} INFO - Processing file /home/airflow/.local/lib/python3.8/site-packages/airflow/example_dags/example_kubernetes_executor.py for tasks to queue
[2025-09-19T04:06:23.889+0000] {logging_mixin.py:188} INFO - [2025-09-19T04:06:23.883+0000] {dagbag.py:538} INFO - Filling up the DagBag from /home/airflow/.local/lib/python3.8/site-packages/airflow/example_dags/example_kubernetes_executor.py
[2025-09-19T04:06:24.214+0000] {processor.py:840} INFO - DAG(s) 'example_kubernetes_executor' retrieved from /home/airflow/.local/lib/python3.8/site-packages/airflow/example_dags/example_kubernetes_executor.py
[2025-09-19T04:06:34.461+0000] {logging_mixin.py:188} INFO - [2025-09-19T04:06:34.461+0000] {dag.py:3036} INFO - Sync 1 DAGs
[2025-09-19T04:06:34.991+0000] {logging_mixin.py:188} INFO - [2025-09-19T04:06:34.990+0000] {dag.py:3823} INFO - Setting next_dagrun for example_kubernetes_executor to None, run_after=None
[2025-09-19T04:06:35.594+0000] {processor.py:183} INFO - Processing /home/airflow/.local/lib/python3.8/site-packages/airflow/example_dags/example_kubernetes_executor.py took 11.763 seconds
[2025-09-19T04:07:06.373+0000] {processor.py:161} INFO - Started process (PID=110) to work on /home/airflow/.local/lib/python3.8/site-packages/airflow/example_dags/example_kubernetes_executor.py
[2025-09-19T04:07:06.375+0000] {processor.py:830} INFO - Processing file /home/airflow/.local/lib/python3.8/site-packages/airflow/example_dags/example_kubernetes_executor.py for tasks to queue
[2025-09-19T04:07:06.380+0000] {logging_mixin.py:188} INFO - [2025-09-19T04:07:06.379+0000] {dagbag.py:538} INFO - Filling up the DagBag from /home/airflow/.local/lib/python3.8/site-packages/airflow/example_dags/example_kubernetes_executor.py
[2025-09-19T04:07:06.421+0000] {processor.py:840} INFO - DAG(s) 'example_kubernetes_executor' retrieved from /home/airflow/.local/lib/python3.8/site-packages/airflow/example_dags/example_kubernetes_executor.py
[2025-09-19T04:07:06.526+0000] {logging_mixin.py:188} INFO - [2025-09-19T04:07:06.525+0000] {dag.py:3036} INFO - Sync 1 DAGs
[2025-09-19T04:07:06.564+0000] {logging_mixin.py:188} INFO - [2025-09-19T04:07:06.564+0000] {dag.py:3823} INFO - Setting next_dagrun for example_kubernetes_executor to None, run_after=None
[2025-09-19T04:07:06.610+0000] {processor.py:183} INFO - Processing /home/airflow/.local/lib/python3.8/site-packages/airflow/example_dags/example_kubernetes_executor.py took 0.245 seconds
[2025-09-19T04:07:37.240+0000] {processor.py:161} INFO - Started process (PID=165) to work on /home/airflow/.local/lib/python3.8/site-packages/airflow/example_dags/example_kubernetes_executor.py
[2025-09-19T04:07:37.243+0000] {processor.py:830} INFO - Processing file /home/airflow/.local/lib/python3.8/site-packages/airflow/example_dags/example_kubernetes_executor.py for tasks to queue
[2025-09-19T04:07:37.250+0000] {logging_mixin.py:188} INFO - [2025-09-19T04:07:37.249+0000] {dagbag.py:538} INFO - Filling up the DagBag from /home/airflow/.local/lib/python3.8/site-packages/airflow/example_dags/example_kubernetes_executor.py
[2025-09-19T04:07:37.307+0000] {processor.py:840} INFO - DAG(s) 'example_kubernetes_executor' retrieved from /home/airflow/.local/lib/python3.8/site-packages/airflow/example_dags/example_kubernetes_executor.py
[2025-09-19T04:07:37.431+0000] {logging_mixin.py:188} INFO - [2025-09-19T04:07:37.430+0000] {dag.py:3036} INFO - Sync 1 DAGs
[2025-09-19T04:07:37.459+0000] {logging_mixin.py:188} INFO - [2025-09-19T04:07:37.458+0000] {dag.py:3823} INFO - Setting next_dagrun for example_kubernetes_executor to None, run_after=None
[2025-09-19T04:07:37.511+0000] {processor.py:183} INFO - Processing /home/airflow/.local/lib/python3.8/site-packages/airflow/example_dags/example_kubernetes_executor.py took 0.280 seconds
[2025-09-19T04:08:07.973+0000] {processor.py:161} INFO - Started process (PID=220) to work on /home/airflow/.local/lib/python3.8/site-packages/airflow/example_dags/example_kubernetes_executor.py
[2025-09-19T04:08:07.975+0000] {processor.py:830} INFO - Processing file /home/airflow/.local/lib/python3.8/site-packages/airflow/example_dags/example_kubernetes_executor.py for tasks to queue
[2025-09-19T04:08:07.978+0000] {logging_mixin.py:188} INFO - [2025-09-19T04:08:07.978+0000] {dagbag.py:538} INFO - Filling up the DagBag from /home/airflow/.local/lib/python3.8/site-packages/airflow/example_dags/example_kubernetes_executor.py
[2025-09-19T04:08:08.006+0000] {processor.py:840} INFO - DAG(s) 'example_kubernetes_executor' retrieved from /home/airflow/.local/lib/python3.8/site-packages/airflow/example_dags/example_kubernetes_executor.py
[2025-09-19T04:08:08.074+0000] {logging_mixin.py:188} INFO - [2025-09-19T04:08:08.074+0000] {dag.py:3036} INFO - Sync 1 DAGs
[2025-09-19T04:08:08.100+0000] {logging_mixin.py:188} INFO - [2025-09-19T04:08:08.099+0000] {dag.py:3823} INFO - Setting next_dagrun for example_kubernetes_executor to None, run_after=None
[2025-09-19T04:08:08.148+0000] {processor.py:183} INFO - Processing /home/airflow/.local/lib/python3.8/site-packages/airflow/example_dags/example_kubernetes_executor.py took 0.182 seconds
[2025-09-19T04:08:38.657+0000] {processor.py:161} INFO - Started process (PID=275) to work on /home/airflow/.local/lib/python3.8/site-packages/airflow/example_dags/example_kubernetes_executor.py
[2025-09-19T04:08:38.661+0000] {processor.py:830} INFO - Processing file /home/airflow/.local/lib/python3.8/site-packages/airflow/example_dags/example_kubernetes_executor.py for tasks to queue
[2025-09-19T04:08:38.666+0000] {logging_mixin.py:188} INFO - [2025-09-19T04:08:38.665+0000] {dagbag.py:538} INFO - Filling up the DagBag from /home/airflow/.local/lib/python3.8/site-packages/airflow/example_dags/example_kubernetes_executor.py
[2025-09-19T04:08:38.703+0000] {processor.py:840} INFO - DAG(s) 'example_kubernetes_executor' retrieved from /home/airflow/.local/lib/python3.8/site-packages/airflow/example_dags/example_kubernetes_executor.py
[2025-09-19T04:08:38.779+0000] {logging_mixin.py:188} INFO - [2025-09-19T04:08:38.779+0000] {dag.py:3036} INFO - Sync 1 DAGs
[2025-09-19T04:08:38.806+0000] {logging_mixin.py:188} INFO - [2025-09-19T04:08:38.806+0000] {dag.py:3823} INFO - Setting next_dagrun for example_kubernetes_executor to None, run_after=None
[2025-09-19T04:08:38.842+0000] {processor.py:183} INFO - Processing /home/airflow/.local/lib/python3.8/site-packages/airflow/example_dags/example_kubernetes_executor.py took 0.196 seconds
[2025-09-19T04:09:09.097+0000] {processor.py:161} INFO - Started process (PID=331) to work on /home/airflow/.local/lib/python3.8/site-packages/airflow/example_dags/example_kubernetes_executor.py
[2025-09-19T04:09:09.099+0000] {processor.py:830} INFO - Processing file /home/airflow/.local/lib/python3.8/site-packages/airflow/example_dags/example_kubernetes_executor.py for tasks to queue
[2025-09-19T04:09:09.103+0000] {logging_mixin.py:188} INFO - [2025-09-19T04:09:09.102+0000] {dagbag.py:538} INFO - Filling up the DagBag from /home/airflow/.local/lib/python3.8/site-packages/airflow/example_dags/example_kubernetes_executor.py
[2025-09-19T04:09:09.128+0000] {processor.py:840} INFO - DAG(s) 'example_kubernetes_executor' retrieved from /home/airflow/.local/lib/python3.8/site-packages/airflow/example_dags/example_kubernetes_executor.py
[2025-09-19T04:09:09.193+0000] {logging_mixin.py:188} INFO - [2025-09-19T04:09:09.193+0000] {dag.py:3036} INFO - Sync 1 DAGs
[2025-09-19T04:09:09.216+0000] {logging_mixin.py:188} INFO - [2025-09-19T04:09:09.215+0000] {dag.py:3823} INFO - Setting next_dagrun for example_kubernetes_executor to None, run_after=None
[2025-09-19T04:09:09.251+0000] {processor.py:183} INFO - Processing /home/airflow/.local/lib/python3.8/site-packages/airflow/example_dags/example_kubernetes_executor.py took 0.160 seconds
[2025-09-19T04:09:39.682+0000] {processor.py:161} INFO - Started process (PID=384) to work on /home/airflow/.local/lib/python3.8/site-packages/airflow/example_dags/example_kubernetes_executor.py
[2025-09-19T04:09:39.684+0000] {processor.py:830} INFO - Processing file /home/airflow/.local/lib/python3.8/site-packages/airflow/example_dags/example_kubernetes_executor.py for tasks to queue
[2025-09-19T04:09:39.687+0000] {logging_mixin.py:188} INFO - [2025-09-19T04:09:39.687+0000] {dagbag.py:538} INFO - Filling up the DagBag from /home/airflow/.local/lib/python3.8/site-packages/airflow/example_dags/example_kubernetes_executor.py
[2025-09-19T04:09:39.713+0000] {processor.py:840} INFO - DAG(s) 'example_kubernetes_executor' retrieved from /home/airflow/.local/lib/python3.8/site-packages/airflow/example_dags/example_kubernetes_executor.py
[2025-09-19T04:09:39.778+0000] {logging_mixin.py:188} INFO - [2025-09-19T04:09:39.778+0000] {dag.py:3036} INFO - Sync 1 DAGs
[2025-09-19T04:09:39.801+0000] {logging_mixin.py:188} INFO - [2025-09-19T04:09:39.801+0000] {dag.py:3823} INFO - Setting next_dagrun for example_kubernetes_executor to None, run_after=None
[2025-09-19T04:09:39.842+0000] {processor.py:183} INFO - Processing /home/airflow/.local/lib/python3.8/site-packages/airflow/example_dags/example_kubernetes_executor.py took 0.166 seconds
[2025-09-19T04:10:10.224+0000] {processor.py:161} INFO - Started process (PID=439) to work on /home/airflow/.local/lib/python3.8/site-packages/airflow/example_dags/example_kubernetes_executor.py
[2025-09-19T04:10:10.227+0000] {processor.py:830} INFO - Processing file /home/airflow/.local/lib/python3.8/site-packages/airflow/example_dags/example_kubernetes_executor.py for tasks to queue
[2025-09-19T04:10:10.231+0000] {logging_mixin.py:188} INFO - [2025-09-19T04:10:10.231+0000] {dagbag.py:538} INFO - Filling up the DagBag from /home/airflow/.local/lib/python3.8/site-packages/airflow/example_dags/example_kubernetes_executor.py
[2025-09-19T04:10:10.264+0000] {processor.py:840} INFO - DAG(s) 'example_kubernetes_executor' retrieved from /home/airflow/.local/lib/python3.8/site-packages/airflow/example_dags/example_kubernetes_executor.py
[2025-09-19T04:10:10.342+0000] {logging_mixin.py:188} INFO - [2025-09-19T04:10:10.341+0000] {dag.py:3036} INFO - Sync 1 DAGs
[2025-09-19T04:10:10.364+0000] {logging_mixin.py:188} INFO - [2025-09-19T04:10:10.363+0000] {dag.py:3823} INFO - Setting next_dagrun for example_kubernetes_executor to None, run_after=None
[2025-09-19T04:10:10.403+0000] {processor.py:183} INFO - Processing /home/airflow/.local/lib/python3.8/site-packages/airflow/example_dags/example_kubernetes_executor.py took 0.186 seconds
[2025-09-19T04:10:41.017+0000] {processor.py:161} INFO - Started process (PID=494) to work on /home/airflow/.local/lib/python3.8/site-packages/airflow/example_dags/example_kubernetes_executor.py
[2025-09-19T04:10:41.019+0000] {processor.py:830} INFO - Processing file /home/airflow/.local/lib/python3.8/site-packages/airflow/example_dags/example_kubernetes_executor.py for tasks to queue
[2025-09-19T04:10:41.023+0000] {logging_mixin.py:188} INFO - [2025-09-19T04:10:41.022+0000] {dagbag.py:538} INFO - Filling up the DagBag from /home/airflow/.local/lib/python3.8/site-packages/airflow/example_dags/example_kubernetes_executor.py
[2025-09-19T04:10:41.051+0000] {processor.py:840} INFO - DAG(s) 'example_kubernetes_executor' retrieved from /home/airflow/.local/lib/python3.8/site-packages/airflow/example_dags/example_kubernetes_executor.py
[2025-09-19T04:10:41.121+0000] {logging_mixin.py:188} INFO - [2025-09-19T04:10:41.120+0000] {dag.py:3036} INFO - Sync 1 DAGs
[2025-09-19T04:10:41.146+0000] {logging_mixin.py:188} INFO - [2025-09-19T04:10:41.145+0000] {dag.py:3823} INFO - Setting next_dagrun for example_kubernetes_executor to None, run_after=None
[2025-09-19T04:10:41.197+0000] {processor.py:183} INFO - Processing /home/airflow/.local/lib/python3.8/site-packages/airflow/example_dags/example_kubernetes_executor.py took 0.187 seconds
[2025-09-19T04:11:11.397+0000] {processor.py:161} INFO - Started process (PID=549) to work on /home/airflow/.local/lib/python3.8/site-packages/airflow/example_dags/example_kubernetes_executor.py
[2025-09-19T04:11:11.399+0000] {processor.py:830} INFO - Processing file /home/airflow/.local/lib/python3.8/site-packages/airflow/example_dags/example_kubernetes_executor.py for tasks to queue
[2025-09-19T04:11:11.403+0000] {logging_mixin.py:188} INFO - [2025-09-19T04:11:11.403+0000] {dagbag.py:538} INFO - Filling up the DagBag from /home/airflow/.local/lib/python3.8/site-packages/airflow/example_dags/example_kubernetes_executor.py
[2025-09-19T04:11:11.430+0000] {processor.py:840} INFO - DAG(s) 'example_kubernetes_executor' retrieved from /home/airflow/.local/lib/python3.8/site-packages/airflow/example_dags/example_kubernetes_executor.py
[2025-09-19T04:11:11.498+0000] {logging_mixin.py:188} INFO - [2025-09-19T04:11:11.497+0000] {dag.py:3036} INFO - Sync 1 DAGs
[2025-09-19T04:11:11.522+0000] {logging_mixin.py:188} INFO - [2025-09-19T04:11:11.522+0000] {dag.py:3823} INFO - Setting next_dagrun for example_kubernetes_executor to None, run_after=None
[2025-09-19T04:11:11.562+0000] {processor.py:183} INFO - Processing /home/airflow/.local/lib/python3.8/site-packages/airflow/example_dags/example_kubernetes_executor.py took 0.171 seconds
[2025-09-19T04:11:42.071+0000] {processor.py:161} INFO - Started process (PID=604) to work on /home/airflow/.local/lib/python3.8/site-packages/airflow/example_dags/example_kubernetes_executor.py
[2025-09-19T04:11:42.073+0000] {processor.py:830} INFO - Processing file /home/airflow/.local/lib/python3.8/site-packages/airflow/example_dags/example_kubernetes_executor.py for tasks to queue
[2025-09-19T04:11:42.078+0000] {logging_mixin.py:188} INFO - [2025-09-19T04:11:42.077+0000] {dagbag.py:538} INFO - Filling up the DagBag from /home/airflow/.local/lib/python3.8/site-packages/airflow/example_dags/example_kubernetes_executor.py
[2025-09-19T04:11:42.107+0000] {processor.py:840} INFO - DAG(s) 'example_kubernetes_executor' retrieved from /home/airflow/.local/lib/python3.8/site-packages/airflow/example_dags/example_kubernetes_executor.py
[2025-09-19T04:11:42.179+0000] {logging_mixin.py:188} INFO - [2025-09-19T04:11:42.178+0000] {dag.py:3036} INFO - Sync 1 DAGs
[2025-09-19T04:11:42.202+0000] {logging_mixin.py:188} INFO - [2025-09-19T04:11:42.201+0000] {dag.py:3823} INFO - Setting next_dagrun for example_kubernetes_executor to None, run_after=None
[2025-09-19T04:11:42.245+0000] {processor.py:183} INFO - Processing /home/airflow/.local/lib/python3.8/site-packages/airflow/example_dags/example_kubernetes_executor.py took 0.181 seconds
[2025-09-19T04:12:12.318+0000] {processor.py:161} INFO - Started process (PID=659) to work on /home/airflow/.local/lib/python3.8/site-packages/airflow/example_dags/example_kubernetes_executor.py
[2025-09-19T04:12:12.320+0000] {processor.py:830} INFO - Processing file /home/airflow/.local/lib/python3.8/site-packages/airflow/example_dags/example_kubernetes_executor.py for tasks to queue
[2025-09-19T04:12:12.325+0000] {logging_mixin.py:188} INFO - [2025-09-19T04:12:12.325+0000] {dagbag.py:538} INFO - Filling up the DagBag from /home/airflow/.local/lib/python3.8/site-packages/airflow/example_dags/example_kubernetes_executor.py
[2025-09-19T04:12:12.355+0000] {processor.py:840} INFO - DAG(s) 'example_kubernetes_executor' retrieved from /home/airflow/.local/lib/python3.8/site-packages/airflow/example_dags/example_kubernetes_executor.py
[2025-09-19T04:12:12.433+0000] {logging_mixin.py:188} INFO - [2025-09-19T04:12:12.433+0000] {dag.py:3036} INFO - Sync 1 DAGs
[2025-09-19T04:12:12.458+0000] {logging_mixin.py:188} INFO - [2025-09-19T04:12:12.458+0000] {dag.py:3823} INFO - Setting next_dagrun for example_kubernetes_executor to None, run_after=None
[2025-09-19T04:12:12.506+0000] {processor.py:183} INFO - Processing /home/airflow/.local/lib/python3.8/site-packages/airflow/example_dags/example_kubernetes_executor.py took 0.196 seconds
[2025-09-19T04:12:43.139+0000] {processor.py:161} INFO - Started process (PID=714) to work on /home/airflow/.local/lib/python3.8/site-packages/airflow/example_dags/example_kubernetes_executor.py
[2025-09-19T04:12:43.141+0000] {processor.py:830} INFO - Processing file /home/airflow/.local/lib/python3.8/site-packages/airflow/example_dags/example_kubernetes_executor.py for tasks to queue
[2025-09-19T04:12:43.144+0000] {logging_mixin.py:188} INFO - [2025-09-19T04:12:43.143+0000] {dagbag.py:538} INFO - Filling up the DagBag from /home/airflow/.local/lib/python3.8/site-packages/airflow/example_dags/example_kubernetes_executor.py
[2025-09-19T04:12:43.180+0000] {processor.py:840} INFO - DAG(s) 'example_kubernetes_executor' retrieved from /home/airflow/.local/lib/python3.8/site-packages/airflow/example_dags/example_kubernetes_executor.py
[2025-09-19T04:12:43.248+0000] {logging_mixin.py:188} INFO - [2025-09-19T04:12:43.247+0000] {dag.py:3036} INFO - Sync 1 DAGs
[2025-09-19T04:12:43.271+0000] {logging_mixin.py:188} INFO - [2025-09-19T04:12:43.270+0000] {dag.py:3823} INFO - Setting next_dagrun for example_kubernetes_executor to None, run_after=None
[2025-09-19T04:12:43.305+0000] {processor.py:183} INFO - Processing /home/airflow/.local/lib/python3.8/site-packages/airflow/example_dags/example_kubernetes_executor.py took 0.171 seconds
[2025-09-19T04:13:13.874+0000] {processor.py:161} INFO - Started process (PID=769) to work on /home/airflow/.local/lib/python3.8/site-packages/airflow/example_dags/example_kubernetes_executor.py
[2025-09-19T04:13:13.876+0000] {processor.py:830} INFO - Processing file /home/airflow/.local/lib/python3.8/site-packages/airflow/example_dags/example_kubernetes_executor.py for tasks to queue
[2025-09-19T04:13:13.881+0000] {logging_mixin.py:188} INFO - [2025-09-19T04:13:13.880+0000] {dagbag.py:538} INFO - Filling up the DagBag from /home/airflow/.local/lib/python3.8/site-packages/airflow/example_dags/example_kubernetes_executor.py
[2025-09-19T04:13:13.920+0000] {processor.py:840} INFO - DAG(s) 'example_kubernetes_executor' retrieved from /home/airflow/.local/lib/python3.8/site-packages/airflow/example_dags/example_kubernetes_executor.py
[2025-09-19T04:13:13.997+0000] {logging_mixin.py:188} INFO - [2025-09-19T04:13:13.997+0000] {dag.py:3036} INFO - Sync 1 DAGs
[2025-09-19T04:13:14.021+0000] {logging_mixin.py:188} INFO - [2025-09-19T04:13:14.021+0000] {dag.py:3823} INFO - Setting next_dagrun for example_kubernetes_executor to None, run_after=None
[2025-09-19T04:13:14.059+0000] {processor.py:183} INFO - Processing /home/airflow/.local/lib/python3.8/site-packages/airflow/example_dags/example_kubernetes_executor.py took 0.193 seconds
[2025-09-19T04:13:44.577+0000] {processor.py:161} INFO - Started process (PID=824) to work on /home/airflow/.local/lib/python3.8/site-packages/airflow/example_dags/example_kubernetes_executor.py
[2025-09-19T04:13:44.580+0000] {processor.py:830} INFO - Processing file /home/airflow/.local/lib/python3.8/site-packages/airflow/example_dags/example_kubernetes_executor.py for tasks to queue
[2025-09-19T04:13:44.583+0000] {logging_mixin.py:188} INFO - [2025-09-19T04:13:44.583+0000] {dagbag.py:538} INFO - Filling up the DagBag from /home/airflow/.local/lib/python3.8/site-packages/airflow/example_dags/example_kubernetes_executor.py
[2025-09-19T04:13:44.612+0000] {processor.py:840} INFO - DAG(s) 'example_kubernetes_executor' retrieved from /home/airflow/.local/lib/python3.8/site-packages/airflow/example_dags/example_kubernetes_executor.py
[2025-09-19T04:13:44.692+0000] {logging_mixin.py:188} INFO - [2025-09-19T04:13:44.691+0000] {dag.py:3036} INFO - Sync 1 DAGs
[2025-09-19T04:13:44.721+0000] {logging_mixin.py:188} INFO - [2025-09-19T04:13:44.720+0000] {dag.py:3823} INFO - Setting next_dagrun for example_kubernetes_executor to None, run_after=None
[2025-09-19T04:13:44.782+0000] {processor.py:183} INFO - Processing /home/airflow/.local/lib/python3.8/site-packages/airflow/example_dags/example_kubernetes_executor.py took 0.211 seconds
[2025-09-19T04:14:14.926+0000] {processor.py:161} INFO - Started process (PID=878) to work on /home/airflow/.local/lib/python3.8/site-packages/airflow/example_dags/example_kubernetes_executor.py
[2025-09-19T04:14:14.928+0000] {processor.py:830} INFO - Processing file /home/airflow/.local/lib/python3.8/site-packages/airflow/example_dags/example_kubernetes_executor.py for tasks to queue
[2025-09-19T04:14:14.931+0000] {logging_mixin.py:188} INFO - [2025-09-19T04:14:14.931+0000] {dagbag.py:538} INFO - Filling up the DagBag from /home/airflow/.local/lib/python3.8/site-packages/airflow/example_dags/example_kubernetes_executor.py
[2025-09-19T04:14:14.957+0000] {processor.py:840} INFO - DAG(s) 'example_kubernetes_executor' retrieved from /home/airflow/.local/lib/python3.8/site-packages/airflow/example_dags/example_kubernetes_executor.py
[2025-09-19T04:14:15.021+0000] {logging_mixin.py:188} INFO - [2025-09-19T04:14:15.021+0000] {dag.py:3036} INFO - Sync 1 DAGs
[2025-09-19T04:14:15.049+0000] {logging_mixin.py:188} INFO - [2025-09-19T04:14:15.048+0000] {dag.py:3823} INFO - Setting next_dagrun for example_kubernetes_executor to None, run_after=None
[2025-09-19T04:14:15.090+0000] {processor.py:183} INFO - Processing /home/airflow/.local/lib/python3.8/site-packages/airflow/example_dags/example_kubernetes_executor.py took 0.170 seconds
[2025-09-19T04:14:45.561+0000] {processor.py:161} INFO - Started process (PID=933) to work on /home/airflow/.local/lib/python3.8/site-packages/airflow/example_dags/example_kubernetes_executor.py
[2025-09-19T04:14:45.563+0000] {processor.py:830} INFO - Processing file /home/airflow/.local/lib/python3.8/site-packages/airflow/example_dags/example_kubernetes_executor.py for tasks to queue
[2025-09-19T04:14:45.566+0000] {logging_mixin.py:188} INFO - [2025-09-19T04:14:45.565+0000] {dagbag.py:538} INFO - Filling up the DagBag from /home/airflow/.local/lib/python3.8/site-packages/airflow/example_dags/example_kubernetes_executor.py
[2025-09-19T04:14:45.591+0000] {processor.py:840} INFO - DAG(s) 'example_kubernetes_executor' retrieved from /home/airflow/.local/lib/python3.8/site-packages/airflow/example_dags/example_kubernetes_executor.py
[2025-09-19T04:14:45.654+0000] {logging_mixin.py:188} INFO - [2025-09-19T04:14:45.654+0000] {dag.py:3036} INFO - Sync 1 DAGs
[2025-09-19T04:14:45.675+0000] {logging_mixin.py:188} INFO - [2025-09-19T04:14:45.675+0000] {dag.py:3823} INFO - Setting next_dagrun for example_kubernetes_executor to None, run_after=None
[2025-09-19T04:14:45.713+0000] {processor.py:183} INFO - Processing /home/airflow/.local/lib/python3.8/site-packages/airflow/example_dags/example_kubernetes_executor.py took 0.157 seconds
[2025-09-19T04:15:16.100+0000] {processor.py:161} INFO - Started process (PID=988) to work on /home/airflow/.local/lib/python3.8/site-packages/airflow/example_dags/example_kubernetes_executor.py
[2025-09-19T04:15:16.102+0000] {processor.py:830} INFO - Processing file /home/airflow/.local/lib/python3.8/site-packages/airflow/example_dags/example_kubernetes_executor.py for tasks to queue
[2025-09-19T04:15:16.105+0000] {logging_mixin.py:188} INFO - [2025-09-19T04:15:16.105+0000] {dagbag.py:538} INFO - Filling up the DagBag from /home/airflow/.local/lib/python3.8/site-packages/airflow/example_dags/example_kubernetes_executor.py
[2025-09-19T04:15:16.130+0000] {processor.py:840} INFO - DAG(s) 'example_kubernetes_executor' retrieved from /home/airflow/.local/lib/python3.8/site-packages/airflow/example_dags/example_kubernetes_executor.py
[2025-09-19T04:15:16.196+0000] {logging_mixin.py:188} INFO - [2025-09-19T04:15:16.195+0000] {dag.py:3036} INFO - Sync 1 DAGs
[2025-09-19T04:15:16.217+0000] {logging_mixin.py:188} INFO - [2025-09-19T04:15:16.217+0000] {dag.py:3823} INFO - Setting next_dagrun for example_kubernetes_executor to None, run_after=None
[2025-09-19T04:15:16.256+0000] {processor.py:183} INFO - Processing /home/airflow/.local/lib/python3.8/site-packages/airflow/example_dags/example_kubernetes_executor.py took 0.162 seconds
[2025-09-19T04:15:46.644+0000] {processor.py:161} INFO - Started process (PID=1043) to work on /home/airflow/.local/lib/python3.8/site-packages/airflow/example_dags/example_kubernetes_executor.py
[2025-09-19T04:15:46.646+0000] {processor.py:830} INFO - Processing file /home/airflow/.local/lib/python3.8/site-packages/airflow/example_dags/example_kubernetes_executor.py for tasks to queue
[2025-09-19T04:15:46.650+0000] {logging_mixin.py:188} INFO - [2025-09-19T04:15:46.649+0000] {dagbag.py:538} INFO - Filling up the DagBag from /home/airflow/.local/lib/python3.8/site-packages/airflow/example_dags/example_kubernetes_executor.py
[2025-09-19T04:15:46.676+0000] {processor.py:840} INFO - DAG(s) 'example_kubernetes_executor' retrieved from /home/airflow/.local/lib/python3.8/site-packages/airflow/example_dags/example_kubernetes_executor.py
[2025-09-19T04:15:46.739+0000] {logging_mixin.py:188} INFO - [2025-09-19T04:15:46.739+0000] {dag.py:3036} INFO - Sync 1 DAGs
[2025-09-19T04:15:46.764+0000] {logging_mixin.py:188} INFO - [2025-09-19T04:15:46.763+0000] {dag.py:3823} INFO - Setting next_dagrun for example_kubernetes_executor to None, run_after=None
[2025-09-19T04:15:46.803+0000] {processor.py:183} INFO - Processing /home/airflow/.local/lib/python3.8/site-packages/airflow/example_dags/example_kubernetes_executor.py took 0.165 seconds
[2025-09-19T04:16:16.979+0000] {processor.py:161} INFO - Started process (PID=1098) to work on /home/airflow/.local/lib/python3.8/site-packages/airflow/example_dags/example_kubernetes_executor.py
[2025-09-19T04:16:16.982+0000] {processor.py:830} INFO - Processing file /home/airflow/.local/lib/python3.8/site-packages/airflow/example_dags/example_kubernetes_executor.py for tasks to queue
[2025-09-19T04:16:16.985+0000] {logging_mixin.py:188} INFO - [2025-09-19T04:16:16.984+0000] {dagbag.py:538} INFO - Filling up the DagBag from /home/airflow/.local/lib/python3.8/site-packages/airflow/example_dags/example_kubernetes_executor.py
[2025-09-19T04:16:17.010+0000] {processor.py:840} INFO - DAG(s) 'example_kubernetes_executor' retrieved from /home/airflow/.local/lib/python3.8/site-packages/airflow/example_dags/example_kubernetes_executor.py
[2025-09-19T04:16:17.077+0000] {logging_mixin.py:188} INFO - [2025-09-19T04:16:17.077+0000] {dag.py:3036} INFO - Sync 1 DAGs
[2025-09-19T04:16:17.100+0000] {logging_mixin.py:188} INFO - [2025-09-19T04:16:17.099+0000] {dag.py:3823} INFO - Setting next_dagrun for example_kubernetes_executor to None, run_after=None
[2025-09-19T04:16:17.140+0000] {processor.py:183} INFO - Processing /home/airflow/.local/lib/python3.8/site-packages/airflow/example_dags/example_kubernetes_executor.py took 0.167 seconds
[2025-09-19T04:16:47.639+0000] {processor.py:161} INFO - Started process (PID=1153) to work on /home/airflow/.local/lib/python3.8/site-packages/airflow/example_dags/example_kubernetes_executor.py
[2025-09-19T04:16:47.641+0000] {processor.py:830} INFO - Processing file /home/airflow/.local/lib/python3.8/site-packages/airflow/example_dags/example_kubernetes_executor.py for tasks to queue
[2025-09-19T04:16:47.645+0000] {logging_mixin.py:188} INFO - [2025-09-19T04:16:47.644+0000] {dagbag.py:538} INFO - Filling up the DagBag from /home/airflow/.local/lib/python3.8/site-packages/airflow/example_dags/example_kubernetes_executor.py
[2025-09-19T04:16:47.672+0000] {processor.py:840} INFO - DAG(s) 'example_kubernetes_executor' retrieved from /home/airflow/.local/lib/python3.8/site-packages/airflow/example_dags/example_kubernetes_executor.py
[2025-09-19T04:16:47.735+0000] {logging_mixin.py:188} INFO - [2025-09-19T04:16:47.734+0000] {dag.py:3036} INFO - Sync 1 DAGs
[2025-09-19T04:16:47.757+0000] {logging_mixin.py:188} INFO - [2025-09-19T04:16:47.756+0000] {dag.py:3823} INFO - Setting next_dagrun for example_kubernetes_executor to None, run_after=None
[2025-09-19T04:16:47.797+0000] {processor.py:183} INFO - Processing /home/airflow/.local/lib/python3.8/site-packages/airflow/example_dags/example_kubernetes_executor.py took 0.164 seconds
[2025-09-19T04:17:18.082+0000] {processor.py:161} INFO - Started process (PID=1208) to work on /home/airflow/.local/lib/python3.8/site-packages/airflow/example_dags/example_kubernetes_executor.py
[2025-09-19T04:17:18.084+0000] {processor.py:830} INFO - Processing file /home/airflow/.local/lib/python3.8/site-packages/airflow/example_dags/example_kubernetes_executor.py for tasks to queue
[2025-09-19T04:17:18.088+0000] {logging_mixin.py:188} INFO - [2025-09-19T04:17:18.088+0000] {dagbag.py:538} INFO - Filling up the DagBag from /home/airflow/.local/lib/python3.8/site-packages/airflow/example_dags/example_kubernetes_executor.py
[2025-09-19T04:17:18.121+0000] {processor.py:840} INFO - DAG(s) 'example_kubernetes_executor' retrieved from /home/airflow/.local/lib/python3.8/site-packages/airflow/example_dags/example_kubernetes_executor.py
[2025-09-19T04:17:18.215+0000] {logging_mixin.py:188} INFO - [2025-09-19T04:17:18.214+0000] {dag.py:3036} INFO - Sync 1 DAGs
[2025-09-19T04:17:18.239+0000] {logging_mixin.py:188} INFO - [2025-09-19T04:17:18.239+0000] {dag.py:3823} INFO - Setting next_dagrun for example_kubernetes_executor to None, run_after=None
[2025-09-19T04:17:18.276+0000] {processor.py:183} INFO - Processing /home/airflow/.local/lib/python3.8/site-packages/airflow/example_dags/example_kubernetes_executor.py took 0.201 seconds
[2025-09-19T04:17:48.743+0000] {processor.py:161} INFO - Started process (PID=1263) to work on /home/airflow/.local/lib/python3.8/site-packages/airflow/example_dags/example_kubernetes_executor.py
[2025-09-19T04:17:48.745+0000] {processor.py:830} INFO - Processing file /home/airflow/.local/lib/python3.8/site-packages/airflow/example_dags/example_kubernetes_executor.py for tasks to queue
[2025-09-19T04:17:48.748+0000] {logging_mixin.py:188} INFO - [2025-09-19T04:17:48.748+0000] {dagbag.py:538} INFO - Filling up the DagBag from /home/airflow/.local/lib/python3.8/site-packages/airflow/example_dags/example_kubernetes_executor.py
[2025-09-19T04:17:48.773+0000] {processor.py:840} INFO - DAG(s) 'example_kubernetes_executor' retrieved from /home/airflow/.local/lib/python3.8/site-packages/airflow/example_dags/example_kubernetes_executor.py
[2025-09-19T04:17:48.843+0000] {logging_mixin.py:188} INFO - [2025-09-19T04:17:48.843+0000] {dag.py:3036} INFO - Sync 1 DAGs
[2025-09-19T04:17:48.867+0000] {logging_mixin.py:188} INFO - [2025-09-19T04:17:48.867+0000] {dag.py:3823} INFO - Setting next_dagrun for example_kubernetes_executor to None, run_after=None
[2025-09-19T04:17:48.906+0000] {processor.py:183} INFO - Processing /home/airflow/.local/lib/python3.8/site-packages/airflow/example_dags/example_kubernetes_executor.py took 0.169 seconds
[2025-09-19T04:18:19.287+0000] {processor.py:161} INFO - Started process (PID=1318) to work on /home/airflow/.local/lib/python3.8/site-packages/airflow/example_dags/example_kubernetes_executor.py
[2025-09-19T04:18:19.289+0000] {processor.py:830} INFO - Processing file /home/airflow/.local/lib/python3.8/site-packages/airflow/example_dags/example_kubernetes_executor.py for tasks to queue
[2025-09-19T04:18:19.292+0000] {logging_mixin.py:188} INFO - [2025-09-19T04:18:19.292+0000] {dagbag.py:538} INFO - Filling up the DagBag from /home/airflow/.local/lib/python3.8/site-packages/airflow/example_dags/example_kubernetes_executor.py
[2025-09-19T04:18:19.318+0000] {processor.py:840} INFO - DAG(s) 'example_kubernetes_executor' retrieved from /home/airflow/.local/lib/python3.8/site-packages/airflow/example_dags/example_kubernetes_executor.py
[2025-09-19T04:18:19.387+0000] {logging_mixin.py:188} INFO - [2025-09-19T04:18:19.387+0000] {dag.py:3036} INFO - Sync 1 DAGs
[2025-09-19T04:18:19.409+0000] {logging_mixin.py:188} INFO - [2025-09-19T04:18:19.408+0000] {dag.py:3823} INFO - Setting next_dagrun for example_kubernetes_executor to None, run_after=None
[2025-09-19T04:18:19.446+0000] {processor.py:183} INFO - Processing /home/airflow/.local/lib/python3.8/site-packages/airflow/example_dags/example_kubernetes_executor.py took 0.164 seconds
[2025-09-19T04:18:49.866+0000] {processor.py:161} INFO - Started process (PID=1373) to work on /home/airflow/.local/lib/python3.8/site-packages/airflow/example_dags/example_kubernetes_executor.py
[2025-09-19T04:18:49.868+0000] {processor.py:830} INFO - Processing file /home/airflow/.local/lib/python3.8/site-packages/airflow/example_dags/example_kubernetes_executor.py for tasks to queue
[2025-09-19T04:18:49.872+0000] {logging_mixin.py:188} INFO - [2025-09-19T04:18:49.871+0000] {dagbag.py:538} INFO - Filling up the DagBag from /home/airflow/.local/lib/python3.8/site-packages/airflow/example_dags/example_kubernetes_executor.py
[2025-09-19T04:18:49.897+0000] {processor.py:840} INFO - DAG(s) 'example_kubernetes_executor' retrieved from /home/airflow/.local/lib/python3.8/site-packages/airflow/example_dags/example_kubernetes_executor.py
[2025-09-19T04:18:49.963+0000] {logging_mixin.py:188} INFO - [2025-09-19T04:18:49.962+0000] {dag.py:3036} INFO - Sync 1 DAGs
[2025-09-19T04:18:49.986+0000] {logging_mixin.py:188} INFO - [2025-09-19T04:18:49.986+0000] {dag.py:3823} INFO - Setting next_dagrun for example_kubernetes_executor to None, run_after=None
[2025-09-19T04:18:50.029+0000] {processor.py:183} INFO - Processing /home/airflow/.local/lib/python3.8/site-packages/airflow/example_dags/example_kubernetes_executor.py took 0.168 seconds
[2025-09-19T04:19:20.241+0000] {processor.py:161} INFO - Started process (PID=1428) to work on /home/airflow/.local/lib/python3.8/site-packages/airflow/example_dags/example_kubernetes_executor.py
[2025-09-19T04:19:20.243+0000] {processor.py:830} INFO - Processing file /home/airflow/.local/lib/python3.8/site-packages/airflow/example_dags/example_kubernetes_executor.py for tasks to queue
[2025-09-19T04:19:20.247+0000] {logging_mixin.py:188} INFO - [2025-09-19T04:19:20.246+0000] {dagbag.py:538} INFO - Filling up the DagBag from /home/airflow/.local/lib/python3.8/site-packages/airflow/example_dags/example_kubernetes_executor.py
[2025-09-19T04:19:20.281+0000] {processor.py:840} INFO - DAG(s) 'example_kubernetes_executor' retrieved from /home/airflow/.local/lib/python3.8/site-packages/airflow/example_dags/example_kubernetes_executor.py
[2025-09-19T04:19:20.348+0000] {logging_mixin.py:188} INFO - [2025-09-19T04:19:20.348+0000] {dag.py:3036} INFO - Sync 1 DAGs
[2025-09-19T04:19:20.370+0000] {logging_mixin.py:188} INFO - [2025-09-19T04:19:20.370+0000] {dag.py:3823} INFO - Setting next_dagrun for example_kubernetes_executor to None, run_after=None
[2025-09-19T04:19:20.408+0000] {processor.py:183} INFO - Processing /home/airflow/.local/lib/python3.8/site-packages/airflow/example_dags/example_kubernetes_executor.py took 0.174 seconds
[2025-09-19T04:19:50.957+0000] {processor.py:161} INFO - Started process (PID=1483) to work on /home/airflow/.local/lib/python3.8/site-packages/airflow/example_dags/example_kubernetes_executor.py
[2025-09-19T04:19:50.959+0000] {processor.py:830} INFO - Processing file /home/airflow/.local/lib/python3.8/site-packages/airflow/example_dags/example_kubernetes_executor.py for tasks to queue
[2025-09-19T04:19:50.963+0000] {logging_mixin.py:188} INFO - [2025-09-19T04:19:50.962+0000] {dagbag.py:538} INFO - Filling up the DagBag from /home/airflow/.local/lib/python3.8/site-packages/airflow/example_dags/example_kubernetes_executor.py
[2025-09-19T04:19:50.990+0000] {processor.py:840} INFO - DAG(s) 'example_kubernetes_executor' retrieved from /home/airflow/.local/lib/python3.8/site-packages/airflow/example_dags/example_kubernetes_executor.py
[2025-09-19T04:19:51.056+0000] {logging_mixin.py:188} INFO - [2025-09-19T04:19:51.056+0000] {dag.py:3036} INFO - Sync 1 DAGs
[2025-09-19T04:19:51.081+0000] {logging_mixin.py:188} INFO - [2025-09-19T04:19:51.080+0000] {dag.py:3823} INFO - Setting next_dagrun for example_kubernetes_executor to None, run_after=None
[2025-09-19T04:19:51.118+0000] {processor.py:183} INFO - Processing /home/airflow/.local/lib/python3.8/site-packages/airflow/example_dags/example_kubernetes_executor.py took 0.167 seconds
[2025-09-19T04:20:21.598+0000] {processor.py:161} INFO - Started process (PID=1538) to work on /home/airflow/.local/lib/python3.8/site-packages/airflow/example_dags/example_kubernetes_executor.py
[2025-09-19T04:20:21.600+0000] {processor.py:830} INFO - Processing file /home/airflow/.local/lib/python3.8/site-packages/airflow/example_dags/example_kubernetes_executor.py for tasks to queue
[2025-09-19T04:20:21.603+0000] {logging_mixin.py:188} INFO - [2025-09-19T04:20:21.603+0000] {dagbag.py:538} INFO - Filling up the DagBag from /home/airflow/.local/lib/python3.8/site-packages/airflow/example_dags/example_kubernetes_executor.py
[2025-09-19T04:20:21.629+0000] {processor.py:840} INFO - DAG(s) 'example_kubernetes_executor' retrieved from /home/airflow/.local/lib/python3.8/site-packages/airflow/example_dags/example_kubernetes_executor.py
[2025-09-19T04:20:21.696+0000] {logging_mixin.py:188} INFO - [2025-09-19T04:20:21.696+0000] {dag.py:3036} INFO - Sync 1 DAGs
[2025-09-19T04:20:21.718+0000] {logging_mixin.py:188} INFO - [2025-09-19T04:20:21.718+0000] {dag.py:3823} INFO - Setting next_dagrun for example_kubernetes_executor to None, run_after=None
[2025-09-19T04:20:21.755+0000] {processor.py:183} INFO - Processing /home/airflow/.local/lib/python3.8/site-packages/airflow/example_dags/example_kubernetes_executor.py took 0.163 seconds
[2025-09-19T04:20:52.107+0000] {processor.py:161} INFO - Started process (PID=1599) to work on /home/airflow/.local/lib/python3.8/site-packages/airflow/example_dags/example_kubernetes_executor.py
[2025-09-19T04:20:52.110+0000] {processor.py:830} INFO - Processing file /home/airflow/.local/lib/python3.8/site-packages/airflow/example_dags/example_kubernetes_executor.py for tasks to queue
[2025-09-19T04:20:52.114+0000] {logging_mixin.py:188} INFO - [2025-09-19T04:20:52.113+0000] {dagbag.py:538} INFO - Filling up the DagBag from /home/airflow/.local/lib/python3.8/site-packages/airflow/example_dags/example_kubernetes_executor.py
[2025-09-19T04:20:52.140+0000] {processor.py:840} INFO - DAG(s) 'example_kubernetes_executor' retrieved from /home/airflow/.local/lib/python3.8/site-packages/airflow/example_dags/example_kubernetes_executor.py
[2025-09-19T04:20:52.207+0000] {logging_mixin.py:188} INFO - [2025-09-19T04:20:52.207+0000] {dag.py:3036} INFO - Sync 1 DAGs
[2025-09-19T04:20:52.230+0000] {logging_mixin.py:188} INFO - [2025-09-19T04:20:52.229+0000] {dag.py:3823} INFO - Setting next_dagrun for example_kubernetes_executor to None, run_after=None
[2025-09-19T04:20:52.266+0000] {processor.py:183} INFO - Processing /home/airflow/.local/lib/python3.8/site-packages/airflow/example_dags/example_kubernetes_executor.py took 0.166 seconds
[2025-09-19T04:21:22.578+0000] {processor.py:161} INFO - Started process (PID=1654) to work on /home/airflow/.local/lib/python3.8/site-packages/airflow/example_dags/example_kubernetes_executor.py
[2025-09-19T04:21:22.580+0000] {processor.py:830} INFO - Processing file /home/airflow/.local/lib/python3.8/site-packages/airflow/example_dags/example_kubernetes_executor.py for tasks to queue
[2025-09-19T04:21:22.583+0000] {logging_mixin.py:188} INFO - [2025-09-19T04:21:22.583+0000] {dagbag.py:538} INFO - Filling up the DagBag from /home/airflow/.local/lib/python3.8/site-packages/airflow/example_dags/example_kubernetes_executor.py
[2025-09-19T04:21:22.610+0000] {processor.py:840} INFO - DAG(s) 'example_kubernetes_executor' retrieved from /home/airflow/.local/lib/python3.8/site-packages/airflow/example_dags/example_kubernetes_executor.py
[2025-09-19T04:21:22.675+0000] {logging_mixin.py:188} INFO - [2025-09-19T04:21:22.674+0000] {dag.py:3036} INFO - Sync 1 DAGs
[2025-09-19T04:21:22.697+0000] {logging_mixin.py:188} INFO - [2025-09-19T04:21:22.696+0000] {dag.py:3823} INFO - Setting next_dagrun for example_kubernetes_executor to None, run_after=None
[2025-09-19T04:21:22.739+0000] {processor.py:183} INFO - Processing /home/airflow/.local/lib/python3.8/site-packages/airflow/example_dags/example_kubernetes_executor.py took 0.167 seconds
[2025-09-19T04:21:53.010+0000] {processor.py:161} INFO - Started process (PID=1709) to work on /home/airflow/.local/lib/python3.8/site-packages/airflow/example_dags/example_kubernetes_executor.py
[2025-09-19T04:21:53.012+0000] {processor.py:830} INFO - Processing file /home/airflow/.local/lib/python3.8/site-packages/airflow/example_dags/example_kubernetes_executor.py for tasks to queue
[2025-09-19T04:21:53.016+0000] {logging_mixin.py:188} INFO - [2025-09-19T04:21:53.015+0000] {dagbag.py:538} INFO - Filling up the DagBag from /home/airflow/.local/lib/python3.8/site-packages/airflow/example_dags/example_kubernetes_executor.py
[2025-09-19T04:21:53.041+0000] {processor.py:840} INFO - DAG(s) 'example_kubernetes_executor' retrieved from /home/airflow/.local/lib/python3.8/site-packages/airflow/example_dags/example_kubernetes_executor.py
[2025-09-19T04:21:53.107+0000] {logging_mixin.py:188} INFO - [2025-09-19T04:21:53.107+0000] {dag.py:3036} INFO - Sync 1 DAGs
[2025-09-19T04:21:53.130+0000] {logging_mixin.py:188} INFO - [2025-09-19T04:21:53.130+0000] {dag.py:3823} INFO - Setting next_dagrun for example_kubernetes_executor to None, run_after=None
[2025-09-19T04:21:53.168+0000] {processor.py:183} INFO - Processing /home/airflow/.local/lib/python3.8/site-packages/airflow/example_dags/example_kubernetes_executor.py took 0.164 seconds
[2025-09-19T04:22:23.325+0000] {processor.py:161} INFO - Started process (PID=1764) to work on /home/airflow/.local/lib/python3.8/site-packages/airflow/example_dags/example_kubernetes_executor.py
[2025-09-19T04:22:23.327+0000] {processor.py:830} INFO - Processing file /home/airflow/.local/lib/python3.8/site-packages/airflow/example_dags/example_kubernetes_executor.py for tasks to queue
[2025-09-19T04:22:23.330+0000] {logging_mixin.py:188} INFO - [2025-09-19T04:22:23.330+0000] {dagbag.py:538} INFO - Filling up the DagBag from /home/airflow/.local/lib/python3.8/site-packages/airflow/example_dags/example_kubernetes_executor.py
[2025-09-19T04:22:23.358+0000] {processor.py:840} INFO - DAG(s) 'example_kubernetes_executor' retrieved from /home/airflow/.local/lib/python3.8/site-packages/airflow/example_dags/example_kubernetes_executor.py
[2025-09-19T04:22:23.428+0000] {logging_mixin.py:188} INFO - [2025-09-19T04:22:23.428+0000] {dag.py:3036} INFO - Sync 1 DAGs
[2025-09-19T04:22:23.452+0000] {logging_mixin.py:188} INFO - [2025-09-19T04:22:23.452+0000] {dag.py:3823} INFO - Setting next_dagrun for example_kubernetes_executor to None, run_after=None
[2025-09-19T04:22:23.489+0000] {processor.py:183} INFO - Processing /home/airflow/.local/lib/python3.8/site-packages/airflow/example_dags/example_kubernetes_executor.py took 0.171 seconds
[2025-09-19T04:22:53.662+0000] {processor.py:161} INFO - Started process (PID=1819) to work on /home/airflow/.local/lib/python3.8/site-packages/airflow/example_dags/example_kubernetes_executor.py
[2025-09-19T04:22:53.664+0000] {processor.py:830} INFO - Processing file /home/airflow/.local/lib/python3.8/site-packages/airflow/example_dags/example_kubernetes_executor.py for tasks to queue
[2025-09-19T04:22:53.668+0000] {logging_mixin.py:188} INFO - [2025-09-19T04:22:53.667+0000] {dagbag.py:538} INFO - Filling up the DagBag from /home/airflow/.local/lib/python3.8/site-packages/airflow/example_dags/example_kubernetes_executor.py
[2025-09-19T04:22:53.693+0000] {processor.py:840} INFO - DAG(s) 'example_kubernetes_executor' retrieved from /home/airflow/.local/lib/python3.8/site-packages/airflow/example_dags/example_kubernetes_executor.py
[2025-09-19T04:22:53.760+0000] {logging_mixin.py:188} INFO - [2025-09-19T04:22:53.759+0000] {dag.py:3036} INFO - Sync 1 DAGs
[2025-09-19T04:22:53.781+0000] {logging_mixin.py:188} INFO - [2025-09-19T04:22:53.781+0000] {dag.py:3823} INFO - Setting next_dagrun for example_kubernetes_executor to None, run_after=None
[2025-09-19T04:22:53.820+0000] {processor.py:183} INFO - Processing /home/airflow/.local/lib/python3.8/site-packages/airflow/example_dags/example_kubernetes_executor.py took 0.163 seconds
[2025-09-19T04:23:24.075+0000] {processor.py:161} INFO - Started process (PID=1874) to work on /home/airflow/.local/lib/python3.8/site-packages/airflow/example_dags/example_kubernetes_executor.py
[2025-09-19T04:23:24.077+0000] {processor.py:830} INFO - Processing file /home/airflow/.local/lib/python3.8/site-packages/airflow/example_dags/example_kubernetes_executor.py for tasks to queue
[2025-09-19T04:23:24.081+0000] {logging_mixin.py:188} INFO - [2025-09-19T04:23:24.080+0000] {dagbag.py:538} INFO - Filling up the DagBag from /home/airflow/.local/lib/python3.8/site-packages/airflow/example_dags/example_kubernetes_executor.py
[2025-09-19T04:23:24.108+0000] {processor.py:840} INFO - DAG(s) 'example_kubernetes_executor' retrieved from /home/airflow/.local/lib/python3.8/site-packages/airflow/example_dags/example_kubernetes_executor.py
[2025-09-19T04:23:24.172+0000] {logging_mixin.py:188} INFO - [2025-09-19T04:23:24.172+0000] {dag.py:3036} INFO - Sync 1 DAGs
[2025-09-19T04:23:24.196+0000] {logging_mixin.py:188} INFO - [2025-09-19T04:23:24.195+0000] {dag.py:3823} INFO - Setting next_dagrun for example_kubernetes_executor to None, run_after=None
[2025-09-19T04:23:24.232+0000] {processor.py:183} INFO - Processing /home/airflow/.local/lib/python3.8/site-packages/airflow/example_dags/example_kubernetes_executor.py took 0.170 seconds
[2025-09-19T04:23:54.581+0000] {processor.py:161} INFO - Started process (PID=1929) to work on /home/airflow/.local/lib/python3.8/site-packages/airflow/example_dags/example_kubernetes_executor.py
[2025-09-19T04:23:54.583+0000] {processor.py:830} INFO - Processing file /home/airflow/.local/lib/python3.8/site-packages/airflow/example_dags/example_kubernetes_executor.py for tasks to queue
[2025-09-19T04:23:54.586+0000] {logging_mixin.py:188} INFO - [2025-09-19T04:23:54.586+0000] {dagbag.py:538} INFO - Filling up the DagBag from /home/airflow/.local/lib/python3.8/site-packages/airflow/example_dags/example_kubernetes_executor.py
[2025-09-19T04:23:54.612+0000] {processor.py:840} INFO - DAG(s) 'example_kubernetes_executor' retrieved from /home/airflow/.local/lib/python3.8/site-packages/airflow/example_dags/example_kubernetes_executor.py
[2025-09-19T04:23:54.683+0000] {logging_mixin.py:188} INFO - [2025-09-19T04:23:54.683+0000] {dag.py:3036} INFO - Sync 1 DAGs
[2025-09-19T04:23:54.707+0000] {logging_mixin.py:188} INFO - [2025-09-19T04:23:54.707+0000] {dag.py:3823} INFO - Setting next_dagrun for example_kubernetes_executor to None, run_after=None
[2025-09-19T04:23:54.747+0000] {processor.py:183} INFO - Processing /home/airflow/.local/lib/python3.8/site-packages/airflow/example_dags/example_kubernetes_executor.py took 0.172 seconds
[2025-09-19T04:24:25.149+0000] {processor.py:161} INFO - Started process (PID=1985) to work on /home/airflow/.local/lib/python3.8/site-packages/airflow/example_dags/example_kubernetes_executor.py
[2025-09-19T04:24:25.152+0000] {processor.py:830} INFO - Processing file /home/airflow/.local/lib/python3.8/site-packages/airflow/example_dags/example_kubernetes_executor.py for tasks to queue
[2025-09-19T04:24:25.155+0000] {logging_mixin.py:188} INFO - [2025-09-19T04:24:25.154+0000] {dagbag.py:538} INFO - Filling up the DagBag from /home/airflow/.local/lib/python3.8/site-packages/airflow/example_dags/example_kubernetes_executor.py
[2025-09-19T04:24:25.186+0000] {processor.py:840} INFO - DAG(s) 'example_kubernetes_executor' retrieved from /home/airflow/.local/lib/python3.8/site-packages/airflow/example_dags/example_kubernetes_executor.py
[2025-09-19T04:24:25.251+0000] {logging_mixin.py:188} INFO - [2025-09-19T04:24:25.251+0000] {dag.py:3036} INFO - Sync 1 DAGs
[2025-09-19T04:24:25.275+0000] {logging_mixin.py:188} INFO - [2025-09-19T04:24:25.275+0000] {dag.py:3823} INFO - Setting next_dagrun for example_kubernetes_executor to None, run_after=None
[2025-09-19T04:24:25.308+0000] {processor.py:183} INFO - Processing /home/airflow/.local/lib/python3.8/site-packages/airflow/example_dags/example_kubernetes_executor.py took 0.164 seconds
[2025-09-19T04:24:55.724+0000] {processor.py:161} INFO - Started process (PID=2040) to work on /home/airflow/.local/lib/python3.8/site-packages/airflow/example_dags/example_kubernetes_executor.py
[2025-09-19T04:24:55.726+0000] {processor.py:830} INFO - Processing file /home/airflow/.local/lib/python3.8/site-packages/airflow/example_dags/example_kubernetes_executor.py for tasks to queue
[2025-09-19T04:24:55.731+0000] {logging_mixin.py:188} INFO - [2025-09-19T04:24:55.730+0000] {dagbag.py:538} INFO - Filling up the DagBag from /home/airflow/.local/lib/python3.8/site-packages/airflow/example_dags/example_kubernetes_executor.py
[2025-09-19T04:24:55.757+0000] {processor.py:840} INFO - DAG(s) 'example_kubernetes_executor' retrieved from /home/airflow/.local/lib/python3.8/site-packages/airflow/example_dags/example_kubernetes_executor.py
[2025-09-19T04:24:55.824+0000] {logging_mixin.py:188} INFO - [2025-09-19T04:24:55.824+0000] {dag.py:3036} INFO - Sync 1 DAGs
[2025-09-19T04:24:55.848+0000] {logging_mixin.py:188} INFO - [2025-09-19T04:24:55.848+0000] {dag.py:3823} INFO - Setting next_dagrun for example_kubernetes_executor to None, run_after=None
[2025-09-19T04:24:55.892+0000] {processor.py:183} INFO - Processing /home/airflow/.local/lib/python3.8/site-packages/airflow/example_dags/example_kubernetes_executor.py took 0.174 seconds
[2025-09-19T04:25:25.976+0000] {processor.py:161} INFO - Started process (PID=2095) to work on /home/airflow/.local/lib/python3.8/site-packages/airflow/example_dags/example_kubernetes_executor.py
[2025-09-19T04:25:25.978+0000] {processor.py:830} INFO - Processing file /home/airflow/.local/lib/python3.8/site-packages/airflow/example_dags/example_kubernetes_executor.py for tasks to queue
[2025-09-19T04:25:25.981+0000] {logging_mixin.py:188} INFO - [2025-09-19T04:25:25.980+0000] {dagbag.py:538} INFO - Filling up the DagBag from /home/airflow/.local/lib/python3.8/site-packages/airflow/example_dags/example_kubernetes_executor.py
[2025-09-19T04:25:26.006+0000] {processor.py:840} INFO - DAG(s) 'example_kubernetes_executor' retrieved from /home/airflow/.local/lib/python3.8/site-packages/airflow/example_dags/example_kubernetes_executor.py
[2025-09-19T04:25:26.071+0000] {logging_mixin.py:188} INFO - [2025-09-19T04:25:26.070+0000] {dag.py:3036} INFO - Sync 1 DAGs
[2025-09-19T04:25:26.093+0000] {logging_mixin.py:188} INFO - [2025-09-19T04:25:26.093+0000] {dag.py:3823} INFO - Setting next_dagrun for example_kubernetes_executor to None, run_after=None
[2025-09-19T04:25:26.132+0000] {processor.py:183} INFO - Processing /home/airflow/.local/lib/python3.8/site-packages/airflow/example_dags/example_kubernetes_executor.py took 0.162 seconds
[2025-09-19T04:25:56.926+0000] {processor.py:161} INFO - Started process (PID=2150) to work on /home/airflow/.local/lib/python3.8/site-packages/airflow/example_dags/example_kubernetes_executor.py
[2025-09-19T04:25:56.928+0000] {processor.py:830} INFO - Processing file /home/airflow/.local/lib/python3.8/site-packages/airflow/example_dags/example_kubernetes_executor.py for tasks to queue
[2025-09-19T04:25:56.931+0000] {logging_mixin.py:188} INFO - [2025-09-19T04:25:56.931+0000] {dagbag.py:538} INFO - Filling up the DagBag from /home/airflow/.local/lib/python3.8/site-packages/airflow/example_dags/example_kubernetes_executor.py
[2025-09-19T04:25:56.959+0000] {processor.py:840} INFO - DAG(s) 'example_kubernetes_executor' retrieved from /home/airflow/.local/lib/python3.8/site-packages/airflow/example_dags/example_kubernetes_executor.py
[2025-09-19T04:25:57.025+0000] {logging_mixin.py:188} INFO - [2025-09-19T04:25:57.025+0000] {dag.py:3036} INFO - Sync 1 DAGs
[2025-09-19T04:25:57.047+0000] {logging_mixin.py:188} INFO - [2025-09-19T04:25:57.047+0000] {dag.py:3823} INFO - Setting next_dagrun for example_kubernetes_executor to None, run_after=None
[2025-09-19T04:25:57.082+0000] {processor.py:183} INFO - Processing /home/airflow/.local/lib/python3.8/site-packages/airflow/example_dags/example_kubernetes_executor.py took 0.161 seconds
[2025-09-19T04:26:27.152+0000] {processor.py:161} INFO - Started process (PID=2205) to work on /home/airflow/.local/lib/python3.8/site-packages/airflow/example_dags/example_kubernetes_executor.py
[2025-09-19T04:26:27.155+0000] {processor.py:830} INFO - Processing file /home/airflow/.local/lib/python3.8/site-packages/airflow/example_dags/example_kubernetes_executor.py for tasks to queue
[2025-09-19T04:26:27.158+0000] {logging_mixin.py:188} INFO - [2025-09-19T04:26:27.157+0000] {dagbag.py:538} INFO - Filling up the DagBag from /home/airflow/.local/lib/python3.8/site-packages/airflow/example_dags/example_kubernetes_executor.py
[2025-09-19T04:26:27.184+0000] {processor.py:840} INFO - DAG(s) 'example_kubernetes_executor' retrieved from /home/airflow/.local/lib/python3.8/site-packages/airflow/example_dags/example_kubernetes_executor.py
[2025-09-19T04:26:27.248+0000] {logging_mixin.py:188} INFO - [2025-09-19T04:26:27.247+0000] {dag.py:3036} INFO - Sync 1 DAGs
[2025-09-19T04:26:27.269+0000] {logging_mixin.py:188} INFO - [2025-09-19T04:26:27.269+0000] {dag.py:3823} INFO - Setting next_dagrun for example_kubernetes_executor to None, run_after=None
[2025-09-19T04:26:27.308+0000] {processor.py:183} INFO - Processing /home/airflow/.local/lib/python3.8/site-packages/airflow/example_dags/example_kubernetes_executor.py took 0.161 seconds
[2025-09-19T04:26:57.637+0000] {processor.py:161} INFO - Started process (PID=2260) to work on /home/airflow/.local/lib/python3.8/site-packages/airflow/example_dags/example_kubernetes_executor.py
[2025-09-19T04:26:57.638+0000] {processor.py:830} INFO - Processing file /home/airflow/.local/lib/python3.8/site-packages/airflow/example_dags/example_kubernetes_executor.py for tasks to queue
[2025-09-19T04:26:57.643+0000] {logging_mixin.py:188} INFO - [2025-09-19T04:26:57.642+0000] {dagbag.py:538} INFO - Filling up the DagBag from /home/airflow/.local/lib/python3.8/site-packages/airflow/example_dags/example_kubernetes_executor.py
[2025-09-19T04:26:57.670+0000] {processor.py:840} INFO - DAG(s) 'example_kubernetes_executor' retrieved from /home/airflow/.local/lib/python3.8/site-packages/airflow/example_dags/example_kubernetes_executor.py
[2025-09-19T04:26:57.738+0000] {logging_mixin.py:188} INFO - [2025-09-19T04:26:57.738+0000] {dag.py:3036} INFO - Sync 1 DAGs
[2025-09-19T04:26:57.763+0000] {logging_mixin.py:188} INFO - [2025-09-19T04:26:57.762+0000] {dag.py:3823} INFO - Setting next_dagrun for example_kubernetes_executor to None, run_after=None
[2025-09-19T04:26:57.803+0000] {processor.py:183} INFO - Processing /home/airflow/.local/lib/python3.8/site-packages/airflow/example_dags/example_kubernetes_executor.py took 0.173 seconds
[2025-09-19T04:27:28.782+0000] {processor.py:161} INFO - Started process (PID=2315) to work on /home/airflow/.local/lib/python3.8/site-packages/airflow/example_dags/example_kubernetes_executor.py
[2025-09-19T04:27:28.784+0000] {processor.py:830} INFO - Processing file /home/airflow/.local/lib/python3.8/site-packages/airflow/example_dags/example_kubernetes_executor.py for tasks to queue
[2025-09-19T04:27:28.789+0000] {logging_mixin.py:188} INFO - [2025-09-19T04:27:28.788+0000] {dagbag.py:538} INFO - Filling up the DagBag from /home/airflow/.local/lib/python3.8/site-packages/airflow/example_dags/example_kubernetes_executor.py
[2025-09-19T04:27:28.817+0000] {processor.py:840} INFO - DAG(s) 'example_kubernetes_executor' retrieved from /home/airflow/.local/lib/python3.8/site-packages/airflow/example_dags/example_kubernetes_executor.py
[2025-09-19T04:27:28.892+0000] {logging_mixin.py:188} INFO - [2025-09-19T04:27:28.892+0000] {dag.py:3036} INFO - Sync 1 DAGs
[2025-09-19T04:27:28.915+0000] {logging_mixin.py:188} INFO - [2025-09-19T04:27:28.915+0000] {dag.py:3823} INFO - Setting next_dagrun for example_kubernetes_executor to None, run_after=None
[2025-09-19T04:27:28.955+0000] {processor.py:183} INFO - Processing /home/airflow/.local/lib/python3.8/site-packages/airflow/example_dags/example_kubernetes_executor.py took 0.179 seconds
[2025-09-19T04:27:59.326+0000] {processor.py:161} INFO - Started process (PID=2370) to work on /home/airflow/.local/lib/python3.8/site-packages/airflow/example_dags/example_kubernetes_executor.py
[2025-09-19T04:27:59.328+0000] {processor.py:830} INFO - Processing file /home/airflow/.local/lib/python3.8/site-packages/airflow/example_dags/example_kubernetes_executor.py for tasks to queue
[2025-09-19T04:27:59.331+0000] {logging_mixin.py:188} INFO - [2025-09-19T04:27:59.331+0000] {dagbag.py:538} INFO - Filling up the DagBag from /home/airflow/.local/lib/python3.8/site-packages/airflow/example_dags/example_kubernetes_executor.py
[2025-09-19T04:27:59.358+0000] {processor.py:840} INFO - DAG(s) 'example_kubernetes_executor' retrieved from /home/airflow/.local/lib/python3.8/site-packages/airflow/example_dags/example_kubernetes_executor.py
[2025-09-19T04:27:59.423+0000] {logging_mixin.py:188} INFO - [2025-09-19T04:27:59.422+0000] {dag.py:3036} INFO - Sync 1 DAGs
[2025-09-19T04:27:59.444+0000] {logging_mixin.py:188} INFO - [2025-09-19T04:27:59.444+0000] {dag.py:3823} INFO - Setting next_dagrun for example_kubernetes_executor to None, run_after=None
[2025-09-19T04:27:59.481+0000] {processor.py:183} INFO - Processing /home/airflow/.local/lib/python3.8/site-packages/airflow/example_dags/example_kubernetes_executor.py took 0.160 seconds
[2025-09-19T04:28:29.570+0000] {processor.py:161} INFO - Started process (PID=2423) to work on /home/airflow/.local/lib/python3.8/site-packages/airflow/example_dags/example_kubernetes_executor.py
[2025-09-19T04:28:29.572+0000] {processor.py:830} INFO - Processing file /home/airflow/.local/lib/python3.8/site-packages/airflow/example_dags/example_kubernetes_executor.py for tasks to queue
[2025-09-19T04:28:29.576+0000] {logging_mixin.py:188} INFO - [2025-09-19T04:28:29.575+0000] {dagbag.py:538} INFO - Filling up the DagBag from /home/airflow/.local/lib/python3.8/site-packages/airflow/example_dags/example_kubernetes_executor.py
[2025-09-19T04:28:29.605+0000] {processor.py:840} INFO - DAG(s) 'example_kubernetes_executor' retrieved from /home/airflow/.local/lib/python3.8/site-packages/airflow/example_dags/example_kubernetes_executor.py
[2025-09-19T04:28:29.673+0000] {logging_mixin.py:188} INFO - [2025-09-19T04:28:29.673+0000] {dag.py:3036} INFO - Sync 1 DAGs
[2025-09-19T04:28:29.697+0000] {logging_mixin.py:188} INFO - [2025-09-19T04:28:29.697+0000] {dag.py:3823} INFO - Setting next_dagrun for example_kubernetes_executor to None, run_after=None
[2025-09-19T04:28:29.735+0000] {processor.py:183} INFO - Processing /home/airflow/.local/lib/python3.8/site-packages/airflow/example_dags/example_kubernetes_executor.py took 0.171 seconds
[2025-09-19T04:29:00.103+0000] {processor.py:161} INFO - Started process (PID=2478) to work on /home/airflow/.local/lib/python3.8/site-packages/airflow/example_dags/example_kubernetes_executor.py
[2025-09-19T04:29:00.105+0000] {processor.py:830} INFO - Processing file /home/airflow/.local/lib/python3.8/site-packages/airflow/example_dags/example_kubernetes_executor.py for tasks to queue
[2025-09-19T04:29:00.109+0000] {logging_mixin.py:188} INFO - [2025-09-19T04:29:00.108+0000] {dagbag.py:538} INFO - Filling up the DagBag from /home/airflow/.local/lib/python3.8/site-packages/airflow/example_dags/example_kubernetes_executor.py
[2025-09-19T04:29:00.134+0000] {processor.py:840} INFO - DAG(s) 'example_kubernetes_executor' retrieved from /home/airflow/.local/lib/python3.8/site-packages/airflow/example_dags/example_kubernetes_executor.py
[2025-09-19T04:29:00.205+0000] {logging_mixin.py:188} INFO - [2025-09-19T04:29:00.204+0000] {dag.py:3036} INFO - Sync 1 DAGs
[2025-09-19T04:29:00.229+0000] {logging_mixin.py:188} INFO - [2025-09-19T04:29:00.228+0000] {dag.py:3823} INFO - Setting next_dagrun for example_kubernetes_executor to None, run_after=None
[2025-09-19T04:29:00.266+0000] {processor.py:183} INFO - Processing /home/airflow/.local/lib/python3.8/site-packages/airflow/example_dags/example_kubernetes_executor.py took 0.168 seconds
[2025-09-19T04:29:30.471+0000] {processor.py:161} INFO - Started process (PID=2533) to work on /home/airflow/.local/lib/python3.8/site-packages/airflow/example_dags/example_kubernetes_executor.py
[2025-09-19T04:29:30.473+0000] {processor.py:830} INFO - Processing file /home/airflow/.local/lib/python3.8/site-packages/airflow/example_dags/example_kubernetes_executor.py for tasks to queue
[2025-09-19T04:29:30.476+0000] {logging_mixin.py:188} INFO - [2025-09-19T04:29:30.475+0000] {dagbag.py:538} INFO - Filling up the DagBag from /home/airflow/.local/lib/python3.8/site-packages/airflow/example_dags/example_kubernetes_executor.py
[2025-09-19T04:29:30.503+0000] {processor.py:840} INFO - DAG(s) 'example_kubernetes_executor' retrieved from /home/airflow/.local/lib/python3.8/site-packages/airflow/example_dags/example_kubernetes_executor.py
[2025-09-19T04:29:30.572+0000] {logging_mixin.py:188} INFO - [2025-09-19T04:29:30.571+0000] {dag.py:3036} INFO - Sync 1 DAGs
[2025-09-19T04:29:30.597+0000] {logging_mixin.py:188} INFO - [2025-09-19T04:29:30.596+0000] {dag.py:3823} INFO - Setting next_dagrun for example_kubernetes_executor to None, run_after=None
[2025-09-19T04:29:30.634+0000] {processor.py:183} INFO - Processing /home/airflow/.local/lib/python3.8/site-packages/airflow/example_dags/example_kubernetes_executor.py took 0.169 seconds
[2025-09-19T04:30:01.060+0000] {processor.py:161} INFO - Started process (PID=2588) to work on /home/airflow/.local/lib/python3.8/site-packages/airflow/example_dags/example_kubernetes_executor.py
[2025-09-19T04:30:01.063+0000] {processor.py:830} INFO - Processing file /home/airflow/.local/lib/python3.8/site-packages/airflow/example_dags/example_kubernetes_executor.py for tasks to queue
[2025-09-19T04:30:01.067+0000] {logging_mixin.py:188} INFO - [2025-09-19T04:30:01.067+0000] {dagbag.py:538} INFO - Filling up the DagBag from /home/airflow/.local/lib/python3.8/site-packages/airflow/example_dags/example_kubernetes_executor.py
[2025-09-19T04:30:01.099+0000] {processor.py:840} INFO - DAG(s) 'example_kubernetes_executor' retrieved from /home/airflow/.local/lib/python3.8/site-packages/airflow/example_dags/example_kubernetes_executor.py
[2025-09-19T04:30:01.165+0000] {logging_mixin.py:188} INFO - [2025-09-19T04:30:01.164+0000] {dag.py:3036} INFO - Sync 1 DAGs
[2025-09-19T04:30:01.191+0000] {logging_mixin.py:188} INFO - [2025-09-19T04:30:01.190+0000] {dag.py:3823} INFO - Setting next_dagrun for example_kubernetes_executor to None, run_after=None
[2025-09-19T04:30:01.225+0000] {processor.py:183} INFO - Processing /home/airflow/.local/lib/python3.8/site-packages/airflow/example_dags/example_kubernetes_executor.py took 0.171 seconds
[2025-09-19T04:30:31.433+0000] {processor.py:161} INFO - Started process (PID=2643) to work on /home/airflow/.local/lib/python3.8/site-packages/airflow/example_dags/example_kubernetes_executor.py
[2025-09-19T04:30:31.435+0000] {processor.py:830} INFO - Processing file /home/airflow/.local/lib/python3.8/site-packages/airflow/example_dags/example_kubernetes_executor.py for tasks to queue
[2025-09-19T04:30:31.439+0000] {logging_mixin.py:188} INFO - [2025-09-19T04:30:31.438+0000] {dagbag.py:538} INFO - Filling up the DagBag from /home/airflow/.local/lib/python3.8/site-packages/airflow/example_dags/example_kubernetes_executor.py
[2025-09-19T04:30:31.469+0000] {processor.py:840} INFO - DAG(s) 'example_kubernetes_executor' retrieved from /home/airflow/.local/lib/python3.8/site-packages/airflow/example_dags/example_kubernetes_executor.py
[2025-09-19T04:30:31.549+0000] {logging_mixin.py:188} INFO - [2025-09-19T04:30:31.549+0000] {dag.py:3036} INFO - Sync 1 DAGs
[2025-09-19T04:30:31.571+0000] {logging_mixin.py:188} INFO - [2025-09-19T04:30:31.571+0000] {dag.py:3823} INFO - Setting next_dagrun for example_kubernetes_executor to None, run_after=None
[2025-09-19T04:30:31.607+0000] {processor.py:183} INFO - Processing /home/airflow/.local/lib/python3.8/site-packages/airflow/example_dags/example_kubernetes_executor.py took 0.186 seconds
[2025-09-19T04:31:02.541+0000] {processor.py:161} INFO - Started process (PID=2698) to work on /home/airflow/.local/lib/python3.8/site-packages/airflow/example_dags/example_kubernetes_executor.py
[2025-09-19T04:31:02.543+0000] {processor.py:830} INFO - Processing file /home/airflow/.local/lib/python3.8/site-packages/airflow/example_dags/example_kubernetes_executor.py for tasks to queue
[2025-09-19T04:31:02.546+0000] {logging_mixin.py:188} INFO - [2025-09-19T04:31:02.546+0000] {dagbag.py:538} INFO - Filling up the DagBag from /home/airflow/.local/lib/python3.8/site-packages/airflow/example_dags/example_kubernetes_executor.py
[2025-09-19T04:31:02.571+0000] {processor.py:840} INFO - DAG(s) 'example_kubernetes_executor' retrieved from /home/airflow/.local/lib/python3.8/site-packages/airflow/example_dags/example_kubernetes_executor.py
[2025-09-19T04:31:02.638+0000] {logging_mixin.py:188} INFO - [2025-09-19T04:31:02.638+0000] {dag.py:3036} INFO - Sync 1 DAGs
[2025-09-19T04:31:02.660+0000] {logging_mixin.py:188} INFO - [2025-09-19T04:31:02.660+0000] {dag.py:3823} INFO - Setting next_dagrun for example_kubernetes_executor to None, run_after=None
[2025-09-19T04:31:02.700+0000] {processor.py:183} INFO - Processing /home/airflow/.local/lib/python3.8/site-packages/airflow/example_dags/example_kubernetes_executor.py took 0.164 seconds
[2025-09-19T04:31:33.002+0000] {processor.py:161} INFO - Started process (PID=2753) to work on /home/airflow/.local/lib/python3.8/site-packages/airflow/example_dags/example_kubernetes_executor.py
[2025-09-19T04:31:33.004+0000] {processor.py:830} INFO - Processing file /home/airflow/.local/lib/python3.8/site-packages/airflow/example_dags/example_kubernetes_executor.py for tasks to queue
[2025-09-19T04:31:33.007+0000] {logging_mixin.py:188} INFO - [2025-09-19T04:31:33.006+0000] {dagbag.py:538} INFO - Filling up the DagBag from /home/airflow/.local/lib/python3.8/site-packages/airflow/example_dags/example_kubernetes_executor.py
[2025-09-19T04:31:33.034+0000] {processor.py:840} INFO - DAG(s) 'example_kubernetes_executor' retrieved from /home/airflow/.local/lib/python3.8/site-packages/airflow/example_dags/example_kubernetes_executor.py
[2025-09-19T04:31:33.103+0000] {logging_mixin.py:188} INFO - [2025-09-19T04:31:33.102+0000] {dag.py:3036} INFO - Sync 1 DAGs
[2025-09-19T04:31:33.128+0000] {logging_mixin.py:188} INFO - [2025-09-19T04:31:33.128+0000] {dag.py:3823} INFO - Setting next_dagrun for example_kubernetes_executor to None, run_after=None
[2025-09-19T04:31:33.334+0000] {processor.py:183} INFO - Processing /home/airflow/.local/lib/python3.8/site-packages/airflow/example_dags/example_kubernetes_executor.py took 0.338 seconds
[2025-09-19T04:32:03.985+0000] {processor.py:161} INFO - Started process (PID=2808) to work on /home/airflow/.local/lib/python3.8/site-packages/airflow/example_dags/example_kubernetes_executor.py
[2025-09-19T04:32:03.988+0000] {processor.py:830} INFO - Processing file /home/airflow/.local/lib/python3.8/site-packages/airflow/example_dags/example_kubernetes_executor.py for tasks to queue
[2025-09-19T04:32:03.991+0000] {logging_mixin.py:188} INFO - [2025-09-19T04:32:03.990+0000] {dagbag.py:538} INFO - Filling up the DagBag from /home/airflow/.local/lib/python3.8/site-packages/airflow/example_dags/example_kubernetes_executor.py
[2025-09-19T04:32:04.019+0000] {processor.py:840} INFO - DAG(s) 'example_kubernetes_executor' retrieved from /home/airflow/.local/lib/python3.8/site-packages/airflow/example_dags/example_kubernetes_executor.py
[2025-09-19T04:32:04.090+0000] {logging_mixin.py:188} INFO - [2025-09-19T04:32:04.090+0000] {dag.py:3036} INFO - Sync 1 DAGs
[2025-09-19T04:32:04.115+0000] {logging_mixin.py:188} INFO - [2025-09-19T04:32:04.114+0000] {dag.py:3823} INFO - Setting next_dagrun for example_kubernetes_executor to None, run_after=None
[2025-09-19T04:32:04.152+0000] {processor.py:183} INFO - Processing /home/airflow/.local/lib/python3.8/site-packages/airflow/example_dags/example_kubernetes_executor.py took 0.177 seconds
[2025-09-19T04:32:34.725+0000] {processor.py:161} INFO - Started process (PID=2863) to work on /home/airflow/.local/lib/python3.8/site-packages/airflow/example_dags/example_kubernetes_executor.py
[2025-09-19T04:32:34.727+0000] {processor.py:830} INFO - Processing file /home/airflow/.local/lib/python3.8/site-packages/airflow/example_dags/example_kubernetes_executor.py for tasks to queue
[2025-09-19T04:32:34.732+0000] {logging_mixin.py:188} INFO - [2025-09-19T04:32:34.731+0000] {dagbag.py:538} INFO - Filling up the DagBag from /home/airflow/.local/lib/python3.8/site-packages/airflow/example_dags/example_kubernetes_executor.py
[2025-09-19T04:32:34.768+0000] {processor.py:840} INFO - DAG(s) 'example_kubernetes_executor' retrieved from /home/airflow/.local/lib/python3.8/site-packages/airflow/example_dags/example_kubernetes_executor.py
[2025-09-19T04:32:34.842+0000] {logging_mixin.py:188} INFO - [2025-09-19T04:32:34.842+0000] {dag.py:3036} INFO - Sync 1 DAGs
[2025-09-19T04:32:34.868+0000] {logging_mixin.py:188} INFO - [2025-09-19T04:32:34.868+0000] {dag.py:3823} INFO - Setting next_dagrun for example_kubernetes_executor to None, run_after=None
[2025-09-19T04:32:34.912+0000] {processor.py:183} INFO - Processing /home/airflow/.local/lib/python3.8/site-packages/airflow/example_dags/example_kubernetes_executor.py took 0.195 seconds
[2025-09-19T04:33:05.819+0000] {processor.py:161} INFO - Started process (PID=2918) to work on /home/airflow/.local/lib/python3.8/site-packages/airflow/example_dags/example_kubernetes_executor.py
[2025-09-19T04:33:05.821+0000] {processor.py:830} INFO - Processing file /home/airflow/.local/lib/python3.8/site-packages/airflow/example_dags/example_kubernetes_executor.py for tasks to queue
[2025-09-19T04:33:05.825+0000] {logging_mixin.py:188} INFO - [2025-09-19T04:33:05.824+0000] {dagbag.py:538} INFO - Filling up the DagBag from /home/airflow/.local/lib/python3.8/site-packages/airflow/example_dags/example_kubernetes_executor.py
[2025-09-19T04:33:05.861+0000] {processor.py:840} INFO - DAG(s) 'example_kubernetes_executor' retrieved from /home/airflow/.local/lib/python3.8/site-packages/airflow/example_dags/example_kubernetes_executor.py
[2025-09-19T04:33:06.153+0000] {logging_mixin.py:188} INFO - [2025-09-19T04:33:06.153+0000] {dag.py:3036} INFO - Sync 1 DAGs
[2025-09-19T04:33:06.178+0000] {logging_mixin.py:188} INFO - [2025-09-19T04:33:06.177+0000] {dag.py:3823} INFO - Setting next_dagrun for example_kubernetes_executor to None, run_after=None
[2025-09-19T04:33:06.223+0000] {processor.py:183} INFO - Processing /home/airflow/.local/lib/python3.8/site-packages/airflow/example_dags/example_kubernetes_executor.py took 0.412 seconds
[2025-09-19T04:33:36.289+0000] {processor.py:161} INFO - Started process (PID=2974) to work on /home/airflow/.local/lib/python3.8/site-packages/airflow/example_dags/example_kubernetes_executor.py
[2025-09-19T04:33:36.290+0000] {processor.py:830} INFO - Processing file /home/airflow/.local/lib/python3.8/site-packages/airflow/example_dags/example_kubernetes_executor.py for tasks to queue
[2025-09-19T04:33:36.294+0000] {logging_mixin.py:188} INFO - [2025-09-19T04:33:36.293+0000] {dagbag.py:538} INFO - Filling up the DagBag from /home/airflow/.local/lib/python3.8/site-packages/airflow/example_dags/example_kubernetes_executor.py
[2025-09-19T04:33:36.320+0000] {processor.py:840} INFO - DAG(s) 'example_kubernetes_executor' retrieved from /home/airflow/.local/lib/python3.8/site-packages/airflow/example_dags/example_kubernetes_executor.py
[2025-09-19T04:33:36.388+0000] {logging_mixin.py:188} INFO - [2025-09-19T04:33:36.388+0000] {dag.py:3036} INFO - Sync 1 DAGs
[2025-09-19T04:33:36.615+0000] {logging_mixin.py:188} INFO - [2025-09-19T04:33:36.615+0000] {dag.py:3823} INFO - Setting next_dagrun for example_kubernetes_executor to None, run_after=None
[2025-09-19T04:33:36.657+0000] {processor.py:183} INFO - Processing /home/airflow/.local/lib/python3.8/site-packages/airflow/example_dags/example_kubernetes_executor.py took 0.375 seconds
