[2025-09-19T04:06:20.160+0000] {processor.py:161} INFO - Started process (PID=48) to work on /home/airflow/.local/lib/python3.8/site-packages/airflow/example_dags/example_trigger_target_dag.py
[2025-09-19T04:06:20.163+0000] {processor.py:830} INFO - Processing file /home/airflow/.local/lib/python3.8/site-packages/airflow/example_dags/example_trigger_target_dag.py for tasks to queue
[2025-09-19T04:06:20.173+0000] {logging_mixin.py:188} INFO - [2025-09-19T04:06:20.172+0000] {dagbag.py:538} INFO - Filling up the DagBag from /home/airflow/.local/lib/python3.8/site-packages/airflow/example_dags/example_trigger_target_dag.py
[2025-09-19T04:06:20.212+0000] {processor.py:840} INFO - DAG(s) 'example_trigger_target_dag' retrieved from /home/airflow/.local/lib/python3.8/site-packages/airflow/example_dags/example_trigger_target_dag.py
[2025-09-19T04:06:20.774+0000] {logging_mixin.py:188} INFO - [2025-09-19T04:06:20.774+0000] {dag.py:3036} INFO - Sync 1 DAGs
[2025-09-19T04:06:20.819+0000] {logging_mixin.py:188} INFO - [2025-09-19T04:06:20.818+0000] {dag.py:3823} INFO - Setting next_dagrun for example_trigger_target_dag to None, run_after=None
[2025-09-19T04:06:20.887+0000] {processor.py:183} INFO - Processing /home/airflow/.local/lib/python3.8/site-packages/airflow/example_dags/example_trigger_target_dag.py took 0.735 seconds
[2025-09-19T04:07:01.873+0000] {processor.py:161} INFO - Started process (PID=104) to work on /home/airflow/.local/lib/python3.8/site-packages/airflow/example_dags/example_trigger_target_dag.py
[2025-09-19T04:07:01.876+0000] {processor.py:830} INFO - Processing file /home/airflow/.local/lib/python3.8/site-packages/airflow/example_dags/example_trigger_target_dag.py for tasks to queue
[2025-09-19T04:07:01.881+0000] {logging_mixin.py:188} INFO - [2025-09-19T04:07:01.881+0000] {dagbag.py:538} INFO - Filling up the DagBag from /home/airflow/.local/lib/python3.8/site-packages/airflow/example_dags/example_trigger_target_dag.py
[2025-09-19T04:07:01.896+0000] {processor.py:840} INFO - DAG(s) 'example_trigger_target_dag' retrieved from /home/airflow/.local/lib/python3.8/site-packages/airflow/example_dags/example_trigger_target_dag.py
[2025-09-19T04:07:01.944+0000] {logging_mixin.py:188} INFO - [2025-09-19T04:07:01.944+0000] {dag.py:3036} INFO - Sync 1 DAGs
[2025-09-19T04:07:01.983+0000] {logging_mixin.py:188} INFO - [2025-09-19T04:07:01.983+0000] {dag.py:3823} INFO - Setting next_dagrun for example_trigger_target_dag to None, run_after=None
[2025-09-19T04:07:02.025+0000] {processor.py:183} INFO - Processing /home/airflow/.local/lib/python3.8/site-packages/airflow/example_dags/example_trigger_target_dag.py took 0.160 seconds
[2025-09-19T04:07:32.075+0000] {processor.py:161} INFO - Started process (PID=157) to work on /home/airflow/.local/lib/python3.8/site-packages/airflow/example_dags/example_trigger_target_dag.py
[2025-09-19T04:07:32.077+0000] {processor.py:830} INFO - Processing file /home/airflow/.local/lib/python3.8/site-packages/airflow/example_dags/example_trigger_target_dag.py for tasks to queue
[2025-09-19T04:07:32.080+0000] {logging_mixin.py:188} INFO - [2025-09-19T04:07:32.080+0000] {dagbag.py:538} INFO - Filling up the DagBag from /home/airflow/.local/lib/python3.8/site-packages/airflow/example_dags/example_trigger_target_dag.py
[2025-09-19T04:07:32.092+0000] {processor.py:840} INFO - DAG(s) 'example_trigger_target_dag' retrieved from /home/airflow/.local/lib/python3.8/site-packages/airflow/example_dags/example_trigger_target_dag.py
[2025-09-19T04:07:32.131+0000] {logging_mixin.py:188} INFO - [2025-09-19T04:07:32.131+0000] {dag.py:3036} INFO - Sync 1 DAGs
[2025-09-19T04:07:32.155+0000] {logging_mixin.py:188} INFO - [2025-09-19T04:07:32.155+0000] {dag.py:3823} INFO - Setting next_dagrun for example_trigger_target_dag to None, run_after=None
[2025-09-19T04:07:32.196+0000] {processor.py:183} INFO - Processing /home/airflow/.local/lib/python3.8/site-packages/airflow/example_dags/example_trigger_target_dag.py took 0.130 seconds
[2025-09-19T04:08:02.805+0000] {processor.py:161} INFO - Started process (PID=212) to work on /home/airflow/.local/lib/python3.8/site-packages/airflow/example_dags/example_trigger_target_dag.py
[2025-09-19T04:08:02.807+0000] {processor.py:830} INFO - Processing file /home/airflow/.local/lib/python3.8/site-packages/airflow/example_dags/example_trigger_target_dag.py for tasks to queue
[2025-09-19T04:08:02.812+0000] {logging_mixin.py:188} INFO - [2025-09-19T04:08:02.811+0000] {dagbag.py:538} INFO - Filling up the DagBag from /home/airflow/.local/lib/python3.8/site-packages/airflow/example_dags/example_trigger_target_dag.py
[2025-09-19T04:08:02.824+0000] {processor.py:840} INFO - DAG(s) 'example_trigger_target_dag' retrieved from /home/airflow/.local/lib/python3.8/site-packages/airflow/example_dags/example_trigger_target_dag.py
[2025-09-19T04:08:02.868+0000] {logging_mixin.py:188} INFO - [2025-09-19T04:08:02.867+0000] {dag.py:3036} INFO - Sync 1 DAGs
[2025-09-19T04:08:02.893+0000] {logging_mixin.py:188} INFO - [2025-09-19T04:08:02.892+0000] {dag.py:3823} INFO - Setting next_dagrun for example_trigger_target_dag to None, run_after=None
[2025-09-19T04:08:02.936+0000] {processor.py:183} INFO - Processing /home/airflow/.local/lib/python3.8/site-packages/airflow/example_dags/example_trigger_target_dag.py took 0.137 seconds
[2025-09-19T04:08:33.272+0000] {processor.py:161} INFO - Started process (PID=267) to work on /home/airflow/.local/lib/python3.8/site-packages/airflow/example_dags/example_trigger_target_dag.py
[2025-09-19T04:08:33.275+0000] {processor.py:830} INFO - Processing file /home/airflow/.local/lib/python3.8/site-packages/airflow/example_dags/example_trigger_target_dag.py for tasks to queue
[2025-09-19T04:08:33.279+0000] {logging_mixin.py:188} INFO - [2025-09-19T04:08:33.278+0000] {dagbag.py:538} INFO - Filling up the DagBag from /home/airflow/.local/lib/python3.8/site-packages/airflow/example_dags/example_trigger_target_dag.py
[2025-09-19T04:08:33.294+0000] {processor.py:840} INFO - DAG(s) 'example_trigger_target_dag' retrieved from /home/airflow/.local/lib/python3.8/site-packages/airflow/example_dags/example_trigger_target_dag.py
[2025-09-19T04:08:33.331+0000] {logging_mixin.py:188} INFO - [2025-09-19T04:08:33.331+0000] {dag.py:3036} INFO - Sync 1 DAGs
[2025-09-19T04:08:33.356+0000] {logging_mixin.py:188} INFO - [2025-09-19T04:08:33.356+0000] {dag.py:3823} INFO - Setting next_dagrun for example_trigger_target_dag to None, run_after=None
[2025-09-19T04:08:33.413+0000] {processor.py:183} INFO - Processing /home/airflow/.local/lib/python3.8/site-packages/airflow/example_dags/example_trigger_target_dag.py took 0.149 seconds
[2025-09-19T04:09:03.538+0000] {processor.py:161} INFO - Started process (PID=323) to work on /home/airflow/.local/lib/python3.8/site-packages/airflow/example_dags/example_trigger_target_dag.py
[2025-09-19T04:09:03.540+0000] {processor.py:830} INFO - Processing file /home/airflow/.local/lib/python3.8/site-packages/airflow/example_dags/example_trigger_target_dag.py for tasks to queue
[2025-09-19T04:09:03.543+0000] {logging_mixin.py:188} INFO - [2025-09-19T04:09:03.542+0000] {dagbag.py:538} INFO - Filling up the DagBag from /home/airflow/.local/lib/python3.8/site-packages/airflow/example_dags/example_trigger_target_dag.py
[2025-09-19T04:09:03.553+0000] {processor.py:840} INFO - DAG(s) 'example_trigger_target_dag' retrieved from /home/airflow/.local/lib/python3.8/site-packages/airflow/example_dags/example_trigger_target_dag.py
[2025-09-19T04:09:03.588+0000] {logging_mixin.py:188} INFO - [2025-09-19T04:09:03.588+0000] {dag.py:3036} INFO - Sync 1 DAGs
[2025-09-19T04:09:03.612+0000] {logging_mixin.py:188} INFO - [2025-09-19T04:09:03.611+0000] {dag.py:3823} INFO - Setting next_dagrun for example_trigger_target_dag to None, run_after=None
[2025-09-19T04:09:03.653+0000] {processor.py:183} INFO - Processing /home/airflow/.local/lib/python3.8/site-packages/airflow/example_dags/example_trigger_target_dag.py took 0.121 seconds
[2025-09-19T04:09:34.186+0000] {processor.py:161} INFO - Started process (PID=378) to work on /home/airflow/.local/lib/python3.8/site-packages/airflow/example_dags/example_trigger_target_dag.py
[2025-09-19T04:09:34.187+0000] {processor.py:830} INFO - Processing file /home/airflow/.local/lib/python3.8/site-packages/airflow/example_dags/example_trigger_target_dag.py for tasks to queue
[2025-09-19T04:09:34.191+0000] {logging_mixin.py:188} INFO - [2025-09-19T04:09:34.190+0000] {dagbag.py:538} INFO - Filling up the DagBag from /home/airflow/.local/lib/python3.8/site-packages/airflow/example_dags/example_trigger_target_dag.py
[2025-09-19T04:09:34.201+0000] {processor.py:840} INFO - DAG(s) 'example_trigger_target_dag' retrieved from /home/airflow/.local/lib/python3.8/site-packages/airflow/example_dags/example_trigger_target_dag.py
[2025-09-19T04:09:34.235+0000] {logging_mixin.py:188} INFO - [2025-09-19T04:09:34.235+0000] {dag.py:3036} INFO - Sync 1 DAGs
[2025-09-19T04:09:34.261+0000] {logging_mixin.py:188} INFO - [2025-09-19T04:09:34.261+0000] {dag.py:3823} INFO - Setting next_dagrun for example_trigger_target_dag to None, run_after=None
[2025-09-19T04:09:34.298+0000] {processor.py:183} INFO - Processing /home/airflow/.local/lib/python3.8/site-packages/airflow/example_dags/example_trigger_target_dag.py took 0.117 seconds
[2025-09-19T04:10:04.755+0000] {processor.py:161} INFO - Started process (PID=433) to work on /home/airflow/.local/lib/python3.8/site-packages/airflow/example_dags/example_trigger_target_dag.py
[2025-09-19T04:10:04.757+0000] {processor.py:830} INFO - Processing file /home/airflow/.local/lib/python3.8/site-packages/airflow/example_dags/example_trigger_target_dag.py for tasks to queue
[2025-09-19T04:10:04.760+0000] {logging_mixin.py:188} INFO - [2025-09-19T04:10:04.760+0000] {dagbag.py:538} INFO - Filling up the DagBag from /home/airflow/.local/lib/python3.8/site-packages/airflow/example_dags/example_trigger_target_dag.py
[2025-09-19T04:10:04.771+0000] {processor.py:840} INFO - DAG(s) 'example_trigger_target_dag' retrieved from /home/airflow/.local/lib/python3.8/site-packages/airflow/example_dags/example_trigger_target_dag.py
[2025-09-19T04:10:04.807+0000] {logging_mixin.py:188} INFO - [2025-09-19T04:10:04.807+0000] {dag.py:3036} INFO - Sync 1 DAGs
[2025-09-19T04:10:04.830+0000] {logging_mixin.py:188} INFO - [2025-09-19T04:10:04.829+0000] {dag.py:3823} INFO - Setting next_dagrun for example_trigger_target_dag to None, run_after=None
[2025-09-19T04:10:04.869+0000] {processor.py:183} INFO - Processing /home/airflow/.local/lib/python3.8/site-packages/airflow/example_dags/example_trigger_target_dag.py took 0.120 seconds
[2025-09-19T04:10:35.362+0000] {processor.py:161} INFO - Started process (PID=488) to work on /home/airflow/.local/lib/python3.8/site-packages/airflow/example_dags/example_trigger_target_dag.py
[2025-09-19T04:10:35.364+0000] {processor.py:830} INFO - Processing file /home/airflow/.local/lib/python3.8/site-packages/airflow/example_dags/example_trigger_target_dag.py for tasks to queue
[2025-09-19T04:10:35.370+0000] {logging_mixin.py:188} INFO - [2025-09-19T04:10:35.370+0000] {dagbag.py:538} INFO - Filling up the DagBag from /home/airflow/.local/lib/python3.8/site-packages/airflow/example_dags/example_trigger_target_dag.py
[2025-09-19T04:10:35.384+0000] {processor.py:840} INFO - DAG(s) 'example_trigger_target_dag' retrieved from /home/airflow/.local/lib/python3.8/site-packages/airflow/example_dags/example_trigger_target_dag.py
[2025-09-19T04:10:35.420+0000] {logging_mixin.py:188} INFO - [2025-09-19T04:10:35.420+0000] {dag.py:3036} INFO - Sync 1 DAGs
[2025-09-19T04:10:35.445+0000] {logging_mixin.py:188} INFO - [2025-09-19T04:10:35.445+0000] {dag.py:3823} INFO - Setting next_dagrun for example_trigger_target_dag to None, run_after=None
[2025-09-19T04:10:35.484+0000] {processor.py:183} INFO - Processing /home/airflow/.local/lib/python3.8/site-packages/airflow/example_dags/example_trigger_target_dag.py took 0.130 seconds
[2025-09-19T04:11:05.906+0000] {processor.py:161} INFO - Started process (PID=543) to work on /home/airflow/.local/lib/python3.8/site-packages/airflow/example_dags/example_trigger_target_dag.py
[2025-09-19T04:11:05.908+0000] {processor.py:830} INFO - Processing file /home/airflow/.local/lib/python3.8/site-packages/airflow/example_dags/example_trigger_target_dag.py for tasks to queue
[2025-09-19T04:11:05.912+0000] {logging_mixin.py:188} INFO - [2025-09-19T04:11:05.911+0000] {dagbag.py:538} INFO - Filling up the DagBag from /home/airflow/.local/lib/python3.8/site-packages/airflow/example_dags/example_trigger_target_dag.py
[2025-09-19T04:11:05.922+0000] {processor.py:840} INFO - DAG(s) 'example_trigger_target_dag' retrieved from /home/airflow/.local/lib/python3.8/site-packages/airflow/example_dags/example_trigger_target_dag.py
[2025-09-19T04:11:05.957+0000] {logging_mixin.py:188} INFO - [2025-09-19T04:11:05.956+0000] {dag.py:3036} INFO - Sync 1 DAGs
[2025-09-19T04:11:05.984+0000] {logging_mixin.py:188} INFO - [2025-09-19T04:11:05.984+0000] {dag.py:3823} INFO - Setting next_dagrun for example_trigger_target_dag to None, run_after=None
[2025-09-19T04:11:06.018+0000] {processor.py:183} INFO - Processing /home/airflow/.local/lib/python3.8/site-packages/airflow/example_dags/example_trigger_target_dag.py took 0.118 seconds
[2025-09-19T04:11:37.359+0000] {processor.py:161} INFO - Started process (PID=598) to work on /home/airflow/.local/lib/python3.8/site-packages/airflow/example_dags/example_trigger_target_dag.py
[2025-09-19T04:11:37.361+0000] {processor.py:830} INFO - Processing file /home/airflow/.local/lib/python3.8/site-packages/airflow/example_dags/example_trigger_target_dag.py for tasks to queue
[2025-09-19T04:11:37.365+0000] {logging_mixin.py:188} INFO - [2025-09-19T04:11:37.365+0000] {dagbag.py:538} INFO - Filling up the DagBag from /home/airflow/.local/lib/python3.8/site-packages/airflow/example_dags/example_trigger_target_dag.py
[2025-09-19T04:11:37.381+0000] {processor.py:840} INFO - DAG(s) 'example_trigger_target_dag' retrieved from /home/airflow/.local/lib/python3.8/site-packages/airflow/example_dags/example_trigger_target_dag.py
[2025-09-19T04:11:37.434+0000] {logging_mixin.py:188} INFO - [2025-09-19T04:11:37.433+0000] {dag.py:3036} INFO - Sync 1 DAGs
[2025-09-19T04:11:37.462+0000] {logging_mixin.py:188} INFO - [2025-09-19T04:11:37.461+0000] {dag.py:3823} INFO - Setting next_dagrun for example_trigger_target_dag to None, run_after=None
[2025-09-19T04:11:37.515+0000] {processor.py:183} INFO - Processing /home/airflow/.local/lib/python3.8/site-packages/airflow/example_dags/example_trigger_target_dag.py took 0.164 seconds
[2025-09-19T04:12:07.907+0000] {processor.py:161} INFO - Started process (PID=653) to work on /home/airflow/.local/lib/python3.8/site-packages/airflow/example_dags/example_trigger_target_dag.py
[2025-09-19T04:12:07.909+0000] {processor.py:830} INFO - Processing file /home/airflow/.local/lib/python3.8/site-packages/airflow/example_dags/example_trigger_target_dag.py for tasks to queue
[2025-09-19T04:12:07.913+0000] {logging_mixin.py:188} INFO - [2025-09-19T04:12:07.912+0000] {dagbag.py:538} INFO - Filling up the DagBag from /home/airflow/.local/lib/python3.8/site-packages/airflow/example_dags/example_trigger_target_dag.py
[2025-09-19T04:12:07.925+0000] {processor.py:840} INFO - DAG(s) 'example_trigger_target_dag' retrieved from /home/airflow/.local/lib/python3.8/site-packages/airflow/example_dags/example_trigger_target_dag.py
[2025-09-19T04:12:07.964+0000] {logging_mixin.py:188} INFO - [2025-09-19T04:12:07.963+0000] {dag.py:3036} INFO - Sync 1 DAGs
[2025-09-19T04:12:07.988+0000] {logging_mixin.py:188} INFO - [2025-09-19T04:12:07.988+0000] {dag.py:3823} INFO - Setting next_dagrun for example_trigger_target_dag to None, run_after=None
[2025-09-19T04:12:08.032+0000] {processor.py:183} INFO - Processing /home/airflow/.local/lib/python3.8/site-packages/airflow/example_dags/example_trigger_target_dag.py took 0.133 seconds
[2025-09-19T04:12:38.516+0000] {processor.py:161} INFO - Started process (PID=708) to work on /home/airflow/.local/lib/python3.8/site-packages/airflow/example_dags/example_trigger_target_dag.py
[2025-09-19T04:12:38.518+0000] {processor.py:830} INFO - Processing file /home/airflow/.local/lib/python3.8/site-packages/airflow/example_dags/example_trigger_target_dag.py for tasks to queue
[2025-09-19T04:12:38.522+0000] {logging_mixin.py:188} INFO - [2025-09-19T04:12:38.522+0000] {dagbag.py:538} INFO - Filling up the DagBag from /home/airflow/.local/lib/python3.8/site-packages/airflow/example_dags/example_trigger_target_dag.py
[2025-09-19T04:12:38.534+0000] {processor.py:840} INFO - DAG(s) 'example_trigger_target_dag' retrieved from /home/airflow/.local/lib/python3.8/site-packages/airflow/example_dags/example_trigger_target_dag.py
[2025-09-19T04:12:38.572+0000] {logging_mixin.py:188} INFO - [2025-09-19T04:12:38.571+0000] {dag.py:3036} INFO - Sync 1 DAGs
[2025-09-19T04:12:38.596+0000] {logging_mixin.py:188} INFO - [2025-09-19T04:12:38.596+0000] {dag.py:3823} INFO - Setting next_dagrun for example_trigger_target_dag to None, run_after=None
[2025-09-19T04:12:38.635+0000] {processor.py:183} INFO - Processing /home/airflow/.local/lib/python3.8/site-packages/airflow/example_dags/example_trigger_target_dag.py took 0.125 seconds
[2025-09-19T04:13:09.171+0000] {processor.py:161} INFO - Started process (PID=763) to work on /home/airflow/.local/lib/python3.8/site-packages/airflow/example_dags/example_trigger_target_dag.py
[2025-09-19T04:13:09.173+0000] {processor.py:830} INFO - Processing file /home/airflow/.local/lib/python3.8/site-packages/airflow/example_dags/example_trigger_target_dag.py for tasks to queue
[2025-09-19T04:13:09.178+0000] {logging_mixin.py:188} INFO - [2025-09-19T04:13:09.177+0000] {dagbag.py:538} INFO - Filling up the DagBag from /home/airflow/.local/lib/python3.8/site-packages/airflow/example_dags/example_trigger_target_dag.py
[2025-09-19T04:13:09.190+0000] {processor.py:840} INFO - DAG(s) 'example_trigger_target_dag' retrieved from /home/airflow/.local/lib/python3.8/site-packages/airflow/example_dags/example_trigger_target_dag.py
[2025-09-19T04:13:09.237+0000] {logging_mixin.py:188} INFO - [2025-09-19T04:13:09.236+0000] {dag.py:3036} INFO - Sync 1 DAGs
[2025-09-19T04:13:09.270+0000] {logging_mixin.py:188} INFO - [2025-09-19T04:13:09.269+0000] {dag.py:3823} INFO - Setting next_dagrun for example_trigger_target_dag to None, run_after=None
[2025-09-19T04:13:09.319+0000] {processor.py:183} INFO - Processing /home/airflow/.local/lib/python3.8/site-packages/airflow/example_dags/example_trigger_target_dag.py took 0.157 seconds
[2025-09-19T04:13:40.094+0000] {processor.py:161} INFO - Started process (PID=818) to work on /home/airflow/.local/lib/python3.8/site-packages/airflow/example_dags/example_trigger_target_dag.py
[2025-09-19T04:13:40.097+0000] {processor.py:830} INFO - Processing file /home/airflow/.local/lib/python3.8/site-packages/airflow/example_dags/example_trigger_target_dag.py for tasks to queue
[2025-09-19T04:13:40.102+0000] {logging_mixin.py:188} INFO - [2025-09-19T04:13:40.101+0000] {dagbag.py:538} INFO - Filling up the DagBag from /home/airflow/.local/lib/python3.8/site-packages/airflow/example_dags/example_trigger_target_dag.py
[2025-09-19T04:13:40.114+0000] {processor.py:840} INFO - DAG(s) 'example_trigger_target_dag' retrieved from /home/airflow/.local/lib/python3.8/site-packages/airflow/example_dags/example_trigger_target_dag.py
[2025-09-19T04:13:40.149+0000] {logging_mixin.py:188} INFO - [2025-09-19T04:13:40.148+0000] {dag.py:3036} INFO - Sync 1 DAGs
[2025-09-19T04:13:40.172+0000] {logging_mixin.py:188} INFO - [2025-09-19T04:13:40.172+0000] {dag.py:3823} INFO - Setting next_dagrun for example_trigger_target_dag to None, run_after=None
[2025-09-19T04:13:40.207+0000] {processor.py:183} INFO - Processing /home/airflow/.local/lib/python3.8/site-packages/airflow/example_dags/example_trigger_target_dag.py took 0.119 seconds
[2025-09-19T04:14:10.331+0000] {processor.py:161} INFO - Started process (PID=873) to work on /home/airflow/.local/lib/python3.8/site-packages/airflow/example_dags/example_trigger_target_dag.py
[2025-09-19T04:14:10.333+0000] {processor.py:830} INFO - Processing file /home/airflow/.local/lib/python3.8/site-packages/airflow/example_dags/example_trigger_target_dag.py for tasks to queue
[2025-09-19T04:14:10.336+0000] {logging_mixin.py:188} INFO - [2025-09-19T04:14:10.336+0000] {dagbag.py:538} INFO - Filling up the DagBag from /home/airflow/.local/lib/python3.8/site-packages/airflow/example_dags/example_trigger_target_dag.py
[2025-09-19T04:14:10.349+0000] {processor.py:840} INFO - DAG(s) 'example_trigger_target_dag' retrieved from /home/airflow/.local/lib/python3.8/site-packages/airflow/example_dags/example_trigger_target_dag.py
[2025-09-19T04:14:10.390+0000] {logging_mixin.py:188} INFO - [2025-09-19T04:14:10.390+0000] {dag.py:3036} INFO - Sync 1 DAGs
[2025-09-19T04:14:10.413+0000] {logging_mixin.py:188} INFO - [2025-09-19T04:14:10.413+0000] {dag.py:3823} INFO - Setting next_dagrun for example_trigger_target_dag to None, run_after=None
[2025-09-19T04:14:10.446+0000] {processor.py:183} INFO - Processing /home/airflow/.local/lib/python3.8/site-packages/airflow/example_dags/example_trigger_target_dag.py took 0.120 seconds
[2025-09-19T04:14:40.911+0000] {processor.py:161} INFO - Started process (PID=928) to work on /home/airflow/.local/lib/python3.8/site-packages/airflow/example_dags/example_trigger_target_dag.py
[2025-09-19T04:14:40.913+0000] {processor.py:830} INFO - Processing file /home/airflow/.local/lib/python3.8/site-packages/airflow/example_dags/example_trigger_target_dag.py for tasks to queue
[2025-09-19T04:14:40.917+0000] {logging_mixin.py:188} INFO - [2025-09-19T04:14:40.917+0000] {dagbag.py:538} INFO - Filling up the DagBag from /home/airflow/.local/lib/python3.8/site-packages/airflow/example_dags/example_trigger_target_dag.py
[2025-09-19T04:14:40.927+0000] {processor.py:840} INFO - DAG(s) 'example_trigger_target_dag' retrieved from /home/airflow/.local/lib/python3.8/site-packages/airflow/example_dags/example_trigger_target_dag.py
[2025-09-19T04:14:40.968+0000] {logging_mixin.py:188} INFO - [2025-09-19T04:14:40.968+0000] {dag.py:3036} INFO - Sync 1 DAGs
[2025-09-19T04:14:40.998+0000] {logging_mixin.py:188} INFO - [2025-09-19T04:14:40.998+0000] {dag.py:3823} INFO - Setting next_dagrun for example_trigger_target_dag to None, run_after=None
[2025-09-19T04:14:41.037+0000] {processor.py:183} INFO - Processing /home/airflow/.local/lib/python3.8/site-packages/airflow/example_dags/example_trigger_target_dag.py took 0.132 seconds
[2025-09-19T04:15:11.482+0000] {processor.py:161} INFO - Started process (PID=983) to work on /home/airflow/.local/lib/python3.8/site-packages/airflow/example_dags/example_trigger_target_dag.py
[2025-09-19T04:15:11.484+0000] {processor.py:830} INFO - Processing file /home/airflow/.local/lib/python3.8/site-packages/airflow/example_dags/example_trigger_target_dag.py for tasks to queue
[2025-09-19T04:15:11.488+0000] {logging_mixin.py:188} INFO - [2025-09-19T04:15:11.488+0000] {dagbag.py:538} INFO - Filling up the DagBag from /home/airflow/.local/lib/python3.8/site-packages/airflow/example_dags/example_trigger_target_dag.py
[2025-09-19T04:15:11.498+0000] {processor.py:840} INFO - DAG(s) 'example_trigger_target_dag' retrieved from /home/airflow/.local/lib/python3.8/site-packages/airflow/example_dags/example_trigger_target_dag.py
[2025-09-19T04:15:11.533+0000] {logging_mixin.py:188} INFO - [2025-09-19T04:15:11.533+0000] {dag.py:3036} INFO - Sync 1 DAGs
[2025-09-19T04:15:11.557+0000] {logging_mixin.py:188} INFO - [2025-09-19T04:15:11.557+0000] {dag.py:3823} INFO - Setting next_dagrun for example_trigger_target_dag to None, run_after=None
[2025-09-19T04:15:11.590+0000] {processor.py:183} INFO - Processing /home/airflow/.local/lib/python3.8/site-packages/airflow/example_dags/example_trigger_target_dag.py took 0.114 seconds
[2025-09-19T04:15:41.985+0000] {processor.py:161} INFO - Started process (PID=1038) to work on /home/airflow/.local/lib/python3.8/site-packages/airflow/example_dags/example_trigger_target_dag.py
[2025-09-19T04:15:41.987+0000] {processor.py:830} INFO - Processing file /home/airflow/.local/lib/python3.8/site-packages/airflow/example_dags/example_trigger_target_dag.py for tasks to queue
[2025-09-19T04:15:41.991+0000] {logging_mixin.py:188} INFO - [2025-09-19T04:15:41.991+0000] {dagbag.py:538} INFO - Filling up the DagBag from /home/airflow/.local/lib/python3.8/site-packages/airflow/example_dags/example_trigger_target_dag.py
[2025-09-19T04:15:42.002+0000] {processor.py:840} INFO - DAG(s) 'example_trigger_target_dag' retrieved from /home/airflow/.local/lib/python3.8/site-packages/airflow/example_dags/example_trigger_target_dag.py
[2025-09-19T04:15:42.040+0000] {logging_mixin.py:188} INFO - [2025-09-19T04:15:42.040+0000] {dag.py:3036} INFO - Sync 1 DAGs
[2025-09-19T04:15:42.066+0000] {logging_mixin.py:188} INFO - [2025-09-19T04:15:42.066+0000] {dag.py:3823} INFO - Setting next_dagrun for example_trigger_target_dag to None, run_after=None
[2025-09-19T04:15:42.111+0000] {processor.py:183} INFO - Processing /home/airflow/.local/lib/python3.8/site-packages/airflow/example_dags/example_trigger_target_dag.py took 0.131 seconds
[2025-09-19T04:16:12.356+0000] {processor.py:161} INFO - Started process (PID=1093) to work on /home/airflow/.local/lib/python3.8/site-packages/airflow/example_dags/example_trigger_target_dag.py
[2025-09-19T04:16:12.358+0000] {processor.py:830} INFO - Processing file /home/airflow/.local/lib/python3.8/site-packages/airflow/example_dags/example_trigger_target_dag.py for tasks to queue
[2025-09-19T04:16:12.362+0000] {logging_mixin.py:188} INFO - [2025-09-19T04:16:12.362+0000] {dagbag.py:538} INFO - Filling up the DagBag from /home/airflow/.local/lib/python3.8/site-packages/airflow/example_dags/example_trigger_target_dag.py
[2025-09-19T04:16:12.372+0000] {processor.py:840} INFO - DAG(s) 'example_trigger_target_dag' retrieved from /home/airflow/.local/lib/python3.8/site-packages/airflow/example_dags/example_trigger_target_dag.py
[2025-09-19T04:16:12.406+0000] {logging_mixin.py:188} INFO - [2025-09-19T04:16:12.406+0000] {dag.py:3036} INFO - Sync 1 DAGs
[2025-09-19T04:16:12.429+0000] {logging_mixin.py:188} INFO - [2025-09-19T04:16:12.429+0000] {dag.py:3823} INFO - Setting next_dagrun for example_trigger_target_dag to None, run_after=None
[2025-09-19T04:16:12.464+0000] {processor.py:183} INFO - Processing /home/airflow/.local/lib/python3.8/site-packages/airflow/example_dags/example_trigger_target_dag.py took 0.114 seconds
[2025-09-19T04:16:43.052+0000] {processor.py:161} INFO - Started process (PID=1148) to work on /home/airflow/.local/lib/python3.8/site-packages/airflow/example_dags/example_trigger_target_dag.py
[2025-09-19T04:16:43.054+0000] {processor.py:830} INFO - Processing file /home/airflow/.local/lib/python3.8/site-packages/airflow/example_dags/example_trigger_target_dag.py for tasks to queue
[2025-09-19T04:16:43.058+0000] {logging_mixin.py:188} INFO - [2025-09-19T04:16:43.057+0000] {dagbag.py:538} INFO - Filling up the DagBag from /home/airflow/.local/lib/python3.8/site-packages/airflow/example_dags/example_trigger_target_dag.py
[2025-09-19T04:16:43.068+0000] {processor.py:840} INFO - DAG(s) 'example_trigger_target_dag' retrieved from /home/airflow/.local/lib/python3.8/site-packages/airflow/example_dags/example_trigger_target_dag.py
[2025-09-19T04:16:43.102+0000] {logging_mixin.py:188} INFO - [2025-09-19T04:16:43.102+0000] {dag.py:3036} INFO - Sync 1 DAGs
[2025-09-19T04:16:43.125+0000] {logging_mixin.py:188} INFO - [2025-09-19T04:16:43.124+0000] {dag.py:3823} INFO - Setting next_dagrun for example_trigger_target_dag to None, run_after=None
[2025-09-19T04:16:43.158+0000] {processor.py:183} INFO - Processing /home/airflow/.local/lib/python3.8/site-packages/airflow/example_dags/example_trigger_target_dag.py took 0.112 seconds
[2025-09-19T04:17:13.640+0000] {processor.py:161} INFO - Started process (PID=1203) to work on /home/airflow/.local/lib/python3.8/site-packages/airflow/example_dags/example_trigger_target_dag.py
[2025-09-19T04:17:13.641+0000] {processor.py:830} INFO - Processing file /home/airflow/.local/lib/python3.8/site-packages/airflow/example_dags/example_trigger_target_dag.py for tasks to queue
[2025-09-19T04:17:13.645+0000] {logging_mixin.py:188} INFO - [2025-09-19T04:17:13.644+0000] {dagbag.py:538} INFO - Filling up the DagBag from /home/airflow/.local/lib/python3.8/site-packages/airflow/example_dags/example_trigger_target_dag.py
[2025-09-19T04:17:13.658+0000] {processor.py:840} INFO - DAG(s) 'example_trigger_target_dag' retrieved from /home/airflow/.local/lib/python3.8/site-packages/airflow/example_dags/example_trigger_target_dag.py
[2025-09-19T04:17:13.693+0000] {logging_mixin.py:188} INFO - [2025-09-19T04:17:13.693+0000] {dag.py:3036} INFO - Sync 1 DAGs
[2025-09-19T04:17:13.716+0000] {logging_mixin.py:188} INFO - [2025-09-19T04:17:13.716+0000] {dag.py:3823} INFO - Setting next_dagrun for example_trigger_target_dag to None, run_after=None
[2025-09-19T04:17:13.756+0000] {processor.py:183} INFO - Processing /home/airflow/.local/lib/python3.8/site-packages/airflow/example_dags/example_trigger_target_dag.py took 0.123 seconds
[2025-09-19T04:17:44.311+0000] {processor.py:161} INFO - Started process (PID=1258) to work on /home/airflow/.local/lib/python3.8/site-packages/airflow/example_dags/example_trigger_target_dag.py
[2025-09-19T04:17:44.313+0000] {processor.py:830} INFO - Processing file /home/airflow/.local/lib/python3.8/site-packages/airflow/example_dags/example_trigger_target_dag.py for tasks to queue
[2025-09-19T04:17:44.318+0000] {logging_mixin.py:188} INFO - [2025-09-19T04:17:44.316+0000] {dagbag.py:538} INFO - Filling up the DagBag from /home/airflow/.local/lib/python3.8/site-packages/airflow/example_dags/example_trigger_target_dag.py
[2025-09-19T04:17:44.327+0000] {processor.py:840} INFO - DAG(s) 'example_trigger_target_dag' retrieved from /home/airflow/.local/lib/python3.8/site-packages/airflow/example_dags/example_trigger_target_dag.py
[2025-09-19T04:17:44.360+0000] {logging_mixin.py:188} INFO - [2025-09-19T04:17:44.360+0000] {dag.py:3036} INFO - Sync 1 DAGs
[2025-09-19T04:17:44.383+0000] {logging_mixin.py:188} INFO - [2025-09-19T04:17:44.383+0000] {dag.py:3823} INFO - Setting next_dagrun for example_trigger_target_dag to None, run_after=None
[2025-09-19T04:17:44.417+0000] {processor.py:183} INFO - Processing /home/airflow/.local/lib/python3.8/site-packages/airflow/example_dags/example_trigger_target_dag.py took 0.111 seconds
[2025-09-19T04:18:14.635+0000] {processor.py:161} INFO - Started process (PID=1313) to work on /home/airflow/.local/lib/python3.8/site-packages/airflow/example_dags/example_trigger_target_dag.py
[2025-09-19T04:18:14.637+0000] {processor.py:830} INFO - Processing file /home/airflow/.local/lib/python3.8/site-packages/airflow/example_dags/example_trigger_target_dag.py for tasks to queue
[2025-09-19T04:18:14.641+0000] {logging_mixin.py:188} INFO - [2025-09-19T04:18:14.641+0000] {dagbag.py:538} INFO - Filling up the DagBag from /home/airflow/.local/lib/python3.8/site-packages/airflow/example_dags/example_trigger_target_dag.py
[2025-09-19T04:18:14.651+0000] {processor.py:840} INFO - DAG(s) 'example_trigger_target_dag' retrieved from /home/airflow/.local/lib/python3.8/site-packages/airflow/example_dags/example_trigger_target_dag.py
[2025-09-19T04:18:14.686+0000] {logging_mixin.py:188} INFO - [2025-09-19T04:18:14.685+0000] {dag.py:3036} INFO - Sync 1 DAGs
[2025-09-19T04:18:14.709+0000] {logging_mixin.py:188} INFO - [2025-09-19T04:18:14.709+0000] {dag.py:3823} INFO - Setting next_dagrun for example_trigger_target_dag to None, run_after=None
[2025-09-19T04:18:14.751+0000] {processor.py:183} INFO - Processing /home/airflow/.local/lib/python3.8/site-packages/airflow/example_dags/example_trigger_target_dag.py took 0.121 seconds
[2025-09-19T04:18:45.262+0000] {processor.py:161} INFO - Started process (PID=1368) to work on /home/airflow/.local/lib/python3.8/site-packages/airflow/example_dags/example_trigger_target_dag.py
[2025-09-19T04:18:45.264+0000] {processor.py:830} INFO - Processing file /home/airflow/.local/lib/python3.8/site-packages/airflow/example_dags/example_trigger_target_dag.py for tasks to queue
[2025-09-19T04:18:45.267+0000] {logging_mixin.py:188} INFO - [2025-09-19T04:18:45.267+0000] {dagbag.py:538} INFO - Filling up the DagBag from /home/airflow/.local/lib/python3.8/site-packages/airflow/example_dags/example_trigger_target_dag.py
[2025-09-19T04:18:45.278+0000] {processor.py:840} INFO - DAG(s) 'example_trigger_target_dag' retrieved from /home/airflow/.local/lib/python3.8/site-packages/airflow/example_dags/example_trigger_target_dag.py
[2025-09-19T04:18:45.314+0000] {logging_mixin.py:188} INFO - [2025-09-19T04:18:45.313+0000] {dag.py:3036} INFO - Sync 1 DAGs
[2025-09-19T04:18:45.336+0000] {logging_mixin.py:188} INFO - [2025-09-19T04:18:45.336+0000] {dag.py:3823} INFO - Setting next_dagrun for example_trigger_target_dag to None, run_after=None
[2025-09-19T04:18:45.378+0000] {processor.py:183} INFO - Processing /home/airflow/.local/lib/python3.8/site-packages/airflow/example_dags/example_trigger_target_dag.py took 0.121 seconds
[2025-09-19T04:19:15.821+0000] {processor.py:161} INFO - Started process (PID=1423) to work on /home/airflow/.local/lib/python3.8/site-packages/airflow/example_dags/example_trigger_target_dag.py
[2025-09-19T04:19:15.823+0000] {processor.py:830} INFO - Processing file /home/airflow/.local/lib/python3.8/site-packages/airflow/example_dags/example_trigger_target_dag.py for tasks to queue
[2025-09-19T04:19:15.826+0000] {logging_mixin.py:188} INFO - [2025-09-19T04:19:15.825+0000] {dagbag.py:538} INFO - Filling up the DagBag from /home/airflow/.local/lib/python3.8/site-packages/airflow/example_dags/example_trigger_target_dag.py
[2025-09-19T04:19:15.837+0000] {processor.py:840} INFO - DAG(s) 'example_trigger_target_dag' retrieved from /home/airflow/.local/lib/python3.8/site-packages/airflow/example_dags/example_trigger_target_dag.py
[2025-09-19T04:19:15.871+0000] {logging_mixin.py:188} INFO - [2025-09-19T04:19:15.871+0000] {dag.py:3036} INFO - Sync 1 DAGs
[2025-09-19T04:19:15.897+0000] {logging_mixin.py:188} INFO - [2025-09-19T04:19:15.897+0000] {dag.py:3823} INFO - Setting next_dagrun for example_trigger_target_dag to None, run_after=None
[2025-09-19T04:19:15.947+0000] {processor.py:183} INFO - Processing /home/airflow/.local/lib/python3.8/site-packages/airflow/example_dags/example_trigger_target_dag.py took 0.131 seconds
[2025-09-19T04:19:46.344+0000] {processor.py:161} INFO - Started process (PID=1478) to work on /home/airflow/.local/lib/python3.8/site-packages/airflow/example_dags/example_trigger_target_dag.py
[2025-09-19T04:19:46.346+0000] {processor.py:830} INFO - Processing file /home/airflow/.local/lib/python3.8/site-packages/airflow/example_dags/example_trigger_target_dag.py for tasks to queue
[2025-09-19T04:19:46.349+0000] {logging_mixin.py:188} INFO - [2025-09-19T04:19:46.349+0000] {dagbag.py:538} INFO - Filling up the DagBag from /home/airflow/.local/lib/python3.8/site-packages/airflow/example_dags/example_trigger_target_dag.py
[2025-09-19T04:19:46.360+0000] {processor.py:840} INFO - DAG(s) 'example_trigger_target_dag' retrieved from /home/airflow/.local/lib/python3.8/site-packages/airflow/example_dags/example_trigger_target_dag.py
[2025-09-19T04:19:46.395+0000] {logging_mixin.py:188} INFO - [2025-09-19T04:19:46.395+0000] {dag.py:3036} INFO - Sync 1 DAGs
[2025-09-19T04:19:46.418+0000] {logging_mixin.py:188} INFO - [2025-09-19T04:19:46.417+0000] {dag.py:3823} INFO - Setting next_dagrun for example_trigger_target_dag to None, run_after=None
[2025-09-19T04:19:46.455+0000] {processor.py:183} INFO - Processing /home/airflow/.local/lib/python3.8/site-packages/airflow/example_dags/example_trigger_target_dag.py took 0.117 seconds
[2025-09-19T04:20:16.958+0000] {processor.py:161} INFO - Started process (PID=1533) to work on /home/airflow/.local/lib/python3.8/site-packages/airflow/example_dags/example_trigger_target_dag.py
[2025-09-19T04:20:16.960+0000] {processor.py:830} INFO - Processing file /home/airflow/.local/lib/python3.8/site-packages/airflow/example_dags/example_trigger_target_dag.py for tasks to queue
[2025-09-19T04:20:16.964+0000] {logging_mixin.py:188} INFO - [2025-09-19T04:20:16.963+0000] {dagbag.py:538} INFO - Filling up the DagBag from /home/airflow/.local/lib/python3.8/site-packages/airflow/example_dags/example_trigger_target_dag.py
[2025-09-19T04:20:16.976+0000] {processor.py:840} INFO - DAG(s) 'example_trigger_target_dag' retrieved from /home/airflow/.local/lib/python3.8/site-packages/airflow/example_dags/example_trigger_target_dag.py
[2025-09-19T04:20:17.011+0000] {logging_mixin.py:188} INFO - [2025-09-19T04:20:17.011+0000] {dag.py:3036} INFO - Sync 1 DAGs
[2025-09-19T04:20:17.035+0000] {logging_mixin.py:188} INFO - [2025-09-19T04:20:17.035+0000] {dag.py:3823} INFO - Setting next_dagrun for example_trigger_target_dag to None, run_after=None
[2025-09-19T04:20:17.075+0000] {processor.py:183} INFO - Processing /home/airflow/.local/lib/python3.8/site-packages/airflow/example_dags/example_trigger_target_dag.py took 0.124 seconds
[2025-09-19T04:20:47.481+0000] {processor.py:161} INFO - Started process (PID=1588) to work on /home/airflow/.local/lib/python3.8/site-packages/airflow/example_dags/example_trigger_target_dag.py
[2025-09-19T04:20:47.483+0000] {processor.py:830} INFO - Processing file /home/airflow/.local/lib/python3.8/site-packages/airflow/example_dags/example_trigger_target_dag.py for tasks to queue
[2025-09-19T04:20:47.486+0000] {logging_mixin.py:188} INFO - [2025-09-19T04:20:47.486+0000] {dagbag.py:538} INFO - Filling up the DagBag from /home/airflow/.local/lib/python3.8/site-packages/airflow/example_dags/example_trigger_target_dag.py
[2025-09-19T04:20:47.497+0000] {processor.py:840} INFO - DAG(s) 'example_trigger_target_dag' retrieved from /home/airflow/.local/lib/python3.8/site-packages/airflow/example_dags/example_trigger_target_dag.py
[2025-09-19T04:20:47.533+0000] {logging_mixin.py:188} INFO - [2025-09-19T04:20:47.532+0000] {dag.py:3036} INFO - Sync 1 DAGs
[2025-09-19T04:20:47.556+0000] {logging_mixin.py:188} INFO - [2025-09-19T04:20:47.556+0000] {dag.py:3823} INFO - Setting next_dagrun for example_trigger_target_dag to None, run_after=None
[2025-09-19T04:20:47.597+0000] {processor.py:183} INFO - Processing /home/airflow/.local/lib/python3.8/site-packages/airflow/example_dags/example_trigger_target_dag.py took 0.121 seconds
[2025-09-19T04:21:17.936+0000] {processor.py:161} INFO - Started process (PID=1643) to work on /home/airflow/.local/lib/python3.8/site-packages/airflow/example_dags/example_trigger_target_dag.py
[2025-09-19T04:21:17.938+0000] {processor.py:830} INFO - Processing file /home/airflow/.local/lib/python3.8/site-packages/airflow/example_dags/example_trigger_target_dag.py for tasks to queue
[2025-09-19T04:21:17.941+0000] {logging_mixin.py:188} INFO - [2025-09-19T04:21:17.940+0000] {dagbag.py:538} INFO - Filling up the DagBag from /home/airflow/.local/lib/python3.8/site-packages/airflow/example_dags/example_trigger_target_dag.py
[2025-09-19T04:21:17.951+0000] {processor.py:840} INFO - DAG(s) 'example_trigger_target_dag' retrieved from /home/airflow/.local/lib/python3.8/site-packages/airflow/example_dags/example_trigger_target_dag.py
[2025-09-19T04:21:17.986+0000] {logging_mixin.py:188} INFO - [2025-09-19T04:21:17.986+0000] {dag.py:3036} INFO - Sync 1 DAGs
[2025-09-19T04:21:18.009+0000] {logging_mixin.py:188} INFO - [2025-09-19T04:21:18.008+0000] {dag.py:3823} INFO - Setting next_dagrun for example_trigger_target_dag to None, run_after=None
[2025-09-19T04:21:18.050+0000] {processor.py:183} INFO - Processing /home/airflow/.local/lib/python3.8/site-packages/airflow/example_dags/example_trigger_target_dag.py took 0.120 seconds
[2025-09-19T04:21:48.368+0000] {processor.py:161} INFO - Started process (PID=1698) to work on /home/airflow/.local/lib/python3.8/site-packages/airflow/example_dags/example_trigger_target_dag.py
[2025-09-19T04:21:48.370+0000] {processor.py:830} INFO - Processing file /home/airflow/.local/lib/python3.8/site-packages/airflow/example_dags/example_trigger_target_dag.py for tasks to queue
[2025-09-19T04:21:48.373+0000] {logging_mixin.py:188} INFO - [2025-09-19T04:21:48.372+0000] {dagbag.py:538} INFO - Filling up the DagBag from /home/airflow/.local/lib/python3.8/site-packages/airflow/example_dags/example_trigger_target_dag.py
[2025-09-19T04:21:48.384+0000] {processor.py:840} INFO - DAG(s) 'example_trigger_target_dag' retrieved from /home/airflow/.local/lib/python3.8/site-packages/airflow/example_dags/example_trigger_target_dag.py
[2025-09-19T04:21:48.428+0000] {logging_mixin.py:188} INFO - [2025-09-19T04:21:48.427+0000] {dag.py:3036} INFO - Sync 1 DAGs
[2025-09-19T04:21:48.455+0000] {logging_mixin.py:188} INFO - [2025-09-19T04:21:48.455+0000] {dag.py:3823} INFO - Setting next_dagrun for example_trigger_target_dag to None, run_after=None
[2025-09-19T04:21:48.492+0000] {processor.py:183} INFO - Processing /home/airflow/.local/lib/python3.8/site-packages/airflow/example_dags/example_trigger_target_dag.py took 0.130 seconds
[2025-09-19T04:22:18.652+0000] {processor.py:161} INFO - Started process (PID=1753) to work on /home/airflow/.local/lib/python3.8/site-packages/airflow/example_dags/example_trigger_target_dag.py
[2025-09-19T04:22:18.654+0000] {processor.py:830} INFO - Processing file /home/airflow/.local/lib/python3.8/site-packages/airflow/example_dags/example_trigger_target_dag.py for tasks to queue
[2025-09-19T04:22:18.658+0000] {logging_mixin.py:188} INFO - [2025-09-19T04:22:18.657+0000] {dagbag.py:538} INFO - Filling up the DagBag from /home/airflow/.local/lib/python3.8/site-packages/airflow/example_dags/example_trigger_target_dag.py
[2025-09-19T04:22:18.668+0000] {processor.py:840} INFO - DAG(s) 'example_trigger_target_dag' retrieved from /home/airflow/.local/lib/python3.8/site-packages/airflow/example_dags/example_trigger_target_dag.py
[2025-09-19T04:22:18.707+0000] {logging_mixin.py:188} INFO - [2025-09-19T04:22:18.707+0000] {dag.py:3036} INFO - Sync 1 DAGs
[2025-09-19T04:22:18.731+0000] {logging_mixin.py:188} INFO - [2025-09-19T04:22:18.731+0000] {dag.py:3823} INFO - Setting next_dagrun for example_trigger_target_dag to None, run_after=None
[2025-09-19T04:22:18.778+0000] {processor.py:183} INFO - Processing /home/airflow/.local/lib/python3.8/site-packages/airflow/example_dags/example_trigger_target_dag.py took 0.132 seconds
[2025-09-19T04:22:49.038+0000] {processor.py:161} INFO - Started process (PID=1808) to work on /home/airflow/.local/lib/python3.8/site-packages/airflow/example_dags/example_trigger_target_dag.py
[2025-09-19T04:22:49.040+0000] {processor.py:830} INFO - Processing file /home/airflow/.local/lib/python3.8/site-packages/airflow/example_dags/example_trigger_target_dag.py for tasks to queue
[2025-09-19T04:22:49.043+0000] {logging_mixin.py:188} INFO - [2025-09-19T04:22:49.043+0000] {dagbag.py:538} INFO - Filling up the DagBag from /home/airflow/.local/lib/python3.8/site-packages/airflow/example_dags/example_trigger_target_dag.py
[2025-09-19T04:22:49.053+0000] {processor.py:840} INFO - DAG(s) 'example_trigger_target_dag' retrieved from /home/airflow/.local/lib/python3.8/site-packages/airflow/example_dags/example_trigger_target_dag.py
[2025-09-19T04:22:49.090+0000] {logging_mixin.py:188} INFO - [2025-09-19T04:22:49.090+0000] {dag.py:3036} INFO - Sync 1 DAGs
[2025-09-19T04:22:49.113+0000] {logging_mixin.py:188} INFO - [2025-09-19T04:22:49.113+0000] {dag.py:3823} INFO - Setting next_dagrun for example_trigger_target_dag to None, run_after=None
[2025-09-19T04:22:49.153+0000] {processor.py:183} INFO - Processing /home/airflow/.local/lib/python3.8/site-packages/airflow/example_dags/example_trigger_target_dag.py took 0.121 seconds
[2025-09-19T04:23:19.429+0000] {processor.py:161} INFO - Started process (PID=1863) to work on /home/airflow/.local/lib/python3.8/site-packages/airflow/example_dags/example_trigger_target_dag.py
[2025-09-19T04:23:19.431+0000] {processor.py:830} INFO - Processing file /home/airflow/.local/lib/python3.8/site-packages/airflow/example_dags/example_trigger_target_dag.py for tasks to queue
[2025-09-19T04:23:19.434+0000] {logging_mixin.py:188} INFO - [2025-09-19T04:23:19.434+0000] {dagbag.py:538} INFO - Filling up the DagBag from /home/airflow/.local/lib/python3.8/site-packages/airflow/example_dags/example_trigger_target_dag.py
[2025-09-19T04:23:19.445+0000] {processor.py:840} INFO - DAG(s) 'example_trigger_target_dag' retrieved from /home/airflow/.local/lib/python3.8/site-packages/airflow/example_dags/example_trigger_target_dag.py
[2025-09-19T04:23:19.479+0000] {logging_mixin.py:188} INFO - [2025-09-19T04:23:19.478+0000] {dag.py:3036} INFO - Sync 1 DAGs
[2025-09-19T04:23:19.502+0000] {logging_mixin.py:188} INFO - [2025-09-19T04:23:19.501+0000] {dag.py:3823} INFO - Setting next_dagrun for example_trigger_target_dag to None, run_after=None
[2025-09-19T04:23:19.539+0000] {processor.py:183} INFO - Processing /home/airflow/.local/lib/python3.8/site-packages/airflow/example_dags/example_trigger_target_dag.py took 0.117 seconds
[2025-09-19T04:23:49.972+0000] {processor.py:161} INFO - Started process (PID=1917) to work on /home/airflow/.local/lib/python3.8/site-packages/airflow/example_dags/example_trigger_target_dag.py
[2025-09-19T04:23:49.974+0000] {processor.py:830} INFO - Processing file /home/airflow/.local/lib/python3.8/site-packages/airflow/example_dags/example_trigger_target_dag.py for tasks to queue
[2025-09-19T04:23:49.977+0000] {logging_mixin.py:188} INFO - [2025-09-19T04:23:49.977+0000] {dagbag.py:538} INFO - Filling up the DagBag from /home/airflow/.local/lib/python3.8/site-packages/airflow/example_dags/example_trigger_target_dag.py
[2025-09-19T04:23:49.988+0000] {processor.py:840} INFO - DAG(s) 'example_trigger_target_dag' retrieved from /home/airflow/.local/lib/python3.8/site-packages/airflow/example_dags/example_trigger_target_dag.py
[2025-09-19T04:23:50.025+0000] {logging_mixin.py:188} INFO - [2025-09-19T04:23:50.025+0000] {dag.py:3036} INFO - Sync 1 DAGs
[2025-09-19T04:23:50.047+0000] {logging_mixin.py:188} INFO - [2025-09-19T04:23:50.047+0000] {dag.py:3823} INFO - Setting next_dagrun for example_trigger_target_dag to None, run_after=None
[2025-09-19T04:23:50.087+0000] {processor.py:183} INFO - Processing /home/airflow/.local/lib/python3.8/site-packages/airflow/example_dags/example_trigger_target_dag.py took 0.120 seconds
[2025-09-19T04:24:20.479+0000] {processor.py:161} INFO - Started process (PID=1973) to work on /home/airflow/.local/lib/python3.8/site-packages/airflow/example_dags/example_trigger_target_dag.py
[2025-09-19T04:24:20.481+0000] {processor.py:830} INFO - Processing file /home/airflow/.local/lib/python3.8/site-packages/airflow/example_dags/example_trigger_target_dag.py for tasks to queue
[2025-09-19T04:24:20.484+0000] {logging_mixin.py:188} INFO - [2025-09-19T04:24:20.484+0000] {dagbag.py:538} INFO - Filling up the DagBag from /home/airflow/.local/lib/python3.8/site-packages/airflow/example_dags/example_trigger_target_dag.py
[2025-09-19T04:24:20.495+0000] {processor.py:840} INFO - DAG(s) 'example_trigger_target_dag' retrieved from /home/airflow/.local/lib/python3.8/site-packages/airflow/example_dags/example_trigger_target_dag.py
[2025-09-19T04:24:20.529+0000] {logging_mixin.py:188} INFO - [2025-09-19T04:24:20.529+0000] {dag.py:3036} INFO - Sync 1 DAGs
[2025-09-19T04:24:20.552+0000] {logging_mixin.py:188} INFO - [2025-09-19T04:24:20.551+0000] {dag.py:3823} INFO - Setting next_dagrun for example_trigger_target_dag to None, run_after=None
[2025-09-19T04:24:20.593+0000] {processor.py:183} INFO - Processing /home/airflow/.local/lib/python3.8/site-packages/airflow/example_dags/example_trigger_target_dag.py took 0.120 seconds
[2025-09-19T04:24:51.063+0000] {processor.py:161} INFO - Started process (PID=2029) to work on /home/airflow/.local/lib/python3.8/site-packages/airflow/example_dags/example_trigger_target_dag.py
[2025-09-19T04:24:51.065+0000] {processor.py:830} INFO - Processing file /home/airflow/.local/lib/python3.8/site-packages/airflow/example_dags/example_trigger_target_dag.py for tasks to queue
[2025-09-19T04:24:51.068+0000] {logging_mixin.py:188} INFO - [2025-09-19T04:24:51.068+0000] {dagbag.py:538} INFO - Filling up the DagBag from /home/airflow/.local/lib/python3.8/site-packages/airflow/example_dags/example_trigger_target_dag.py
[2025-09-19T04:24:51.079+0000] {processor.py:840} INFO - DAG(s) 'example_trigger_target_dag' retrieved from /home/airflow/.local/lib/python3.8/site-packages/airflow/example_dags/example_trigger_target_dag.py
[2025-09-19T04:24:51.114+0000] {logging_mixin.py:188} INFO - [2025-09-19T04:24:51.114+0000] {dag.py:3036} INFO - Sync 1 DAGs
[2025-09-19T04:24:51.146+0000] {logging_mixin.py:188} INFO - [2025-09-19T04:24:51.146+0000] {dag.py:3823} INFO - Setting next_dagrun for example_trigger_target_dag to None, run_after=None
[2025-09-19T04:24:51.187+0000] {processor.py:183} INFO - Processing /home/airflow/.local/lib/python3.8/site-packages/airflow/example_dags/example_trigger_target_dag.py took 0.130 seconds
[2025-09-19T04:25:21.743+0000] {processor.py:161} INFO - Started process (PID=2082) to work on /home/airflow/.local/lib/python3.8/site-packages/airflow/example_dags/example_trigger_target_dag.py
[2025-09-19T04:25:21.745+0000] {processor.py:830} INFO - Processing file /home/airflow/.local/lib/python3.8/site-packages/airflow/example_dags/example_trigger_target_dag.py for tasks to queue
[2025-09-19T04:25:21.748+0000] {logging_mixin.py:188} INFO - [2025-09-19T04:25:21.748+0000] {dagbag.py:538} INFO - Filling up the DagBag from /home/airflow/.local/lib/python3.8/site-packages/airflow/example_dags/example_trigger_target_dag.py
[2025-09-19T04:25:21.759+0000] {processor.py:840} INFO - DAG(s) 'example_trigger_target_dag' retrieved from /home/airflow/.local/lib/python3.8/site-packages/airflow/example_dags/example_trigger_target_dag.py
[2025-09-19T04:25:21.797+0000] {logging_mixin.py:188} INFO - [2025-09-19T04:25:21.797+0000] {dag.py:3036} INFO - Sync 1 DAGs
[2025-09-19T04:25:21.820+0000] {logging_mixin.py:188} INFO - [2025-09-19T04:25:21.819+0000] {dag.py:3823} INFO - Setting next_dagrun for example_trigger_target_dag to None, run_after=None
[2025-09-19T04:25:21.856+0000] {processor.py:183} INFO - Processing /home/airflow/.local/lib/python3.8/site-packages/airflow/example_dags/example_trigger_target_dag.py took 0.119 seconds
[2025-09-19T04:25:51.946+0000] {processor.py:161} INFO - Started process (PID=2137) to work on /home/airflow/.local/lib/python3.8/site-packages/airflow/example_dags/example_trigger_target_dag.py
[2025-09-19T04:25:51.949+0000] {processor.py:830} INFO - Processing file /home/airflow/.local/lib/python3.8/site-packages/airflow/example_dags/example_trigger_target_dag.py for tasks to queue
[2025-09-19T04:25:51.953+0000] {logging_mixin.py:188} INFO - [2025-09-19T04:25:51.952+0000] {dagbag.py:538} INFO - Filling up the DagBag from /home/airflow/.local/lib/python3.8/site-packages/airflow/example_dags/example_trigger_target_dag.py
[2025-09-19T04:25:51.965+0000] {processor.py:840} INFO - DAG(s) 'example_trigger_target_dag' retrieved from /home/airflow/.local/lib/python3.8/site-packages/airflow/example_dags/example_trigger_target_dag.py
[2025-09-19T04:25:52.000+0000] {logging_mixin.py:188} INFO - [2025-09-19T04:25:52.000+0000] {dag.py:3036} INFO - Sync 1 DAGs
[2025-09-19T04:25:52.022+0000] {logging_mixin.py:188} INFO - [2025-09-19T04:25:52.022+0000] {dag.py:3823} INFO - Setting next_dagrun for example_trigger_target_dag to None, run_after=None
[2025-09-19T04:25:52.059+0000] {processor.py:183} INFO - Processing /home/airflow/.local/lib/python3.8/site-packages/airflow/example_dags/example_trigger_target_dag.py took 0.120 seconds
[2025-09-19T04:26:22.566+0000] {processor.py:161} INFO - Started process (PID=2192) to work on /home/airflow/.local/lib/python3.8/site-packages/airflow/example_dags/example_trigger_target_dag.py
[2025-09-19T04:26:22.568+0000] {processor.py:830} INFO - Processing file /home/airflow/.local/lib/python3.8/site-packages/airflow/example_dags/example_trigger_target_dag.py for tasks to queue
[2025-09-19T04:26:22.572+0000] {logging_mixin.py:188} INFO - [2025-09-19T04:26:22.571+0000] {dagbag.py:538} INFO - Filling up the DagBag from /home/airflow/.local/lib/python3.8/site-packages/airflow/example_dags/example_trigger_target_dag.py
[2025-09-19T04:26:22.584+0000] {processor.py:840} INFO - DAG(s) 'example_trigger_target_dag' retrieved from /home/airflow/.local/lib/python3.8/site-packages/airflow/example_dags/example_trigger_target_dag.py
[2025-09-19T04:26:22.618+0000] {logging_mixin.py:188} INFO - [2025-09-19T04:26:22.618+0000] {dag.py:3036} INFO - Sync 1 DAGs
[2025-09-19T04:26:22.642+0000] {logging_mixin.py:188} INFO - [2025-09-19T04:26:22.642+0000] {dag.py:3823} INFO - Setting next_dagrun for example_trigger_target_dag to None, run_after=None
[2025-09-19T04:26:22.686+0000] {processor.py:183} INFO - Processing /home/airflow/.local/lib/python3.8/site-packages/airflow/example_dags/example_trigger_target_dag.py took 0.126 seconds
[2025-09-19T04:26:52.889+0000] {processor.py:161} INFO - Started process (PID=2253) to work on /home/airflow/.local/lib/python3.8/site-packages/airflow/example_dags/example_trigger_target_dag.py
[2025-09-19T04:26:52.892+0000] {processor.py:830} INFO - Processing file /home/airflow/.local/lib/python3.8/site-packages/airflow/example_dags/example_trigger_target_dag.py for tasks to queue
[2025-09-19T04:26:52.896+0000] {logging_mixin.py:188} INFO - [2025-09-19T04:26:52.896+0000] {dagbag.py:538} INFO - Filling up the DagBag from /home/airflow/.local/lib/python3.8/site-packages/airflow/example_dags/example_trigger_target_dag.py
[2025-09-19T04:26:52.909+0000] {processor.py:840} INFO - DAG(s) 'example_trigger_target_dag' retrieved from /home/airflow/.local/lib/python3.8/site-packages/airflow/example_dags/example_trigger_target_dag.py
[2025-09-19T04:26:52.946+0000] {logging_mixin.py:188} INFO - [2025-09-19T04:26:52.946+0000] {dag.py:3036} INFO - Sync 1 DAGs
[2025-09-19T04:26:52.973+0000] {logging_mixin.py:188} INFO - [2025-09-19T04:26:52.973+0000] {dag.py:3823} INFO - Setting next_dagrun for example_trigger_target_dag to None, run_after=None
[2025-09-19T04:26:53.015+0000] {processor.py:183} INFO - Processing /home/airflow/.local/lib/python3.8/site-packages/airflow/example_dags/example_trigger_target_dag.py took 0.131 seconds
[2025-09-19T04:27:23.502+0000] {processor.py:161} INFO - Started process (PID=2308) to work on /home/airflow/.local/lib/python3.8/site-packages/airflow/example_dags/example_trigger_target_dag.py
[2025-09-19T04:27:23.504+0000] {processor.py:830} INFO - Processing file /home/airflow/.local/lib/python3.8/site-packages/airflow/example_dags/example_trigger_target_dag.py for tasks to queue
[2025-09-19T04:27:23.508+0000] {logging_mixin.py:188} INFO - [2025-09-19T04:27:23.507+0000] {dagbag.py:538} INFO - Filling up the DagBag from /home/airflow/.local/lib/python3.8/site-packages/airflow/example_dags/example_trigger_target_dag.py
[2025-09-19T04:27:23.519+0000] {processor.py:840} INFO - DAG(s) 'example_trigger_target_dag' retrieved from /home/airflow/.local/lib/python3.8/site-packages/airflow/example_dags/example_trigger_target_dag.py
[2025-09-19T04:27:23.562+0000] {logging_mixin.py:188} INFO - [2025-09-19T04:27:23.561+0000] {dag.py:3036} INFO - Sync 1 DAGs
[2025-09-19T04:27:23.587+0000] {logging_mixin.py:188} INFO - [2025-09-19T04:27:23.586+0000] {dag.py:3823} INFO - Setting next_dagrun for example_trigger_target_dag to None, run_after=None
[2025-09-19T04:27:23.624+0000] {processor.py:183} INFO - Processing /home/airflow/.local/lib/python3.8/site-packages/airflow/example_dags/example_trigger_target_dag.py took 0.129 seconds
[2025-09-19T04:27:53.709+0000] {processor.py:161} INFO - Started process (PID=2363) to work on /home/airflow/.local/lib/python3.8/site-packages/airflow/example_dags/example_trigger_target_dag.py
[2025-09-19T04:27:53.711+0000] {processor.py:830} INFO - Processing file /home/airflow/.local/lib/python3.8/site-packages/airflow/example_dags/example_trigger_target_dag.py for tasks to queue
[2025-09-19T04:27:53.715+0000] {logging_mixin.py:188} INFO - [2025-09-19T04:27:53.714+0000] {dagbag.py:538} INFO - Filling up the DagBag from /home/airflow/.local/lib/python3.8/site-packages/airflow/example_dags/example_trigger_target_dag.py
[2025-09-19T04:27:53.725+0000] {processor.py:840} INFO - DAG(s) 'example_trigger_target_dag' retrieved from /home/airflow/.local/lib/python3.8/site-packages/airflow/example_dags/example_trigger_target_dag.py
[2025-09-19T04:27:53.761+0000] {logging_mixin.py:188} INFO - [2025-09-19T04:27:53.761+0000] {dag.py:3036} INFO - Sync 1 DAGs
[2025-09-19T04:27:53.784+0000] {logging_mixin.py:188} INFO - [2025-09-19T04:27:53.784+0000] {dag.py:3823} INFO - Setting next_dagrun for example_trigger_target_dag to None, run_after=None
[2025-09-19T04:27:53.824+0000] {processor.py:183} INFO - Processing /home/airflow/.local/lib/python3.8/site-packages/airflow/example_dags/example_trigger_target_dag.py took 0.121 seconds
[2025-09-19T04:28:24.133+0000] {processor.py:161} INFO - Started process (PID=2418) to work on /home/airflow/.local/lib/python3.8/site-packages/airflow/example_dags/example_trigger_target_dag.py
[2025-09-19T04:28:24.135+0000] {processor.py:830} INFO - Processing file /home/airflow/.local/lib/python3.8/site-packages/airflow/example_dags/example_trigger_target_dag.py for tasks to queue
[2025-09-19T04:28:24.139+0000] {logging_mixin.py:188} INFO - [2025-09-19T04:28:24.138+0000] {dagbag.py:538} INFO - Filling up the DagBag from /home/airflow/.local/lib/python3.8/site-packages/airflow/example_dags/example_trigger_target_dag.py
[2025-09-19T04:28:24.150+0000] {processor.py:840} INFO - DAG(s) 'example_trigger_target_dag' retrieved from /home/airflow/.local/lib/python3.8/site-packages/airflow/example_dags/example_trigger_target_dag.py
[2025-09-19T04:28:24.186+0000] {logging_mixin.py:188} INFO - [2025-09-19T04:28:24.186+0000] {dag.py:3036} INFO - Sync 1 DAGs
[2025-09-19T04:28:24.212+0000] {logging_mixin.py:188} INFO - [2025-09-19T04:28:24.212+0000] {dag.py:3823} INFO - Setting next_dagrun for example_trigger_target_dag to None, run_after=None
[2025-09-19T04:28:24.264+0000] {processor.py:183} INFO - Processing /home/airflow/.local/lib/python3.8/site-packages/airflow/example_dags/example_trigger_target_dag.py took 0.137 seconds
[2025-09-19T04:28:54.634+0000] {processor.py:161} INFO - Started process (PID=2473) to work on /home/airflow/.local/lib/python3.8/site-packages/airflow/example_dags/example_trigger_target_dag.py
[2025-09-19T04:28:54.636+0000] {processor.py:830} INFO - Processing file /home/airflow/.local/lib/python3.8/site-packages/airflow/example_dags/example_trigger_target_dag.py for tasks to queue
[2025-09-19T04:28:54.640+0000] {logging_mixin.py:188} INFO - [2025-09-19T04:28:54.639+0000] {dagbag.py:538} INFO - Filling up the DagBag from /home/airflow/.local/lib/python3.8/site-packages/airflow/example_dags/example_trigger_target_dag.py
[2025-09-19T04:28:54.650+0000] {processor.py:840} INFO - DAG(s) 'example_trigger_target_dag' retrieved from /home/airflow/.local/lib/python3.8/site-packages/airflow/example_dags/example_trigger_target_dag.py
[2025-09-19T04:28:54.686+0000] {logging_mixin.py:188} INFO - [2025-09-19T04:28:54.685+0000] {dag.py:3036} INFO - Sync 1 DAGs
[2025-09-19T04:28:54.709+0000] {logging_mixin.py:188} INFO - [2025-09-19T04:28:54.709+0000] {dag.py:3823} INFO - Setting next_dagrun for example_trigger_target_dag to None, run_after=None
[2025-09-19T04:28:54.748+0000] {processor.py:183} INFO - Processing /home/airflow/.local/lib/python3.8/site-packages/airflow/example_dags/example_trigger_target_dag.py took 0.120 seconds
[2025-09-19T04:29:25.007+0000] {processor.py:161} INFO - Started process (PID=2528) to work on /home/airflow/.local/lib/python3.8/site-packages/airflow/example_dags/example_trigger_target_dag.py
[2025-09-19T04:29:25.009+0000] {processor.py:830} INFO - Processing file /home/airflow/.local/lib/python3.8/site-packages/airflow/example_dags/example_trigger_target_dag.py for tasks to queue
[2025-09-19T04:29:25.013+0000] {logging_mixin.py:188} INFO - [2025-09-19T04:29:25.012+0000] {dagbag.py:538} INFO - Filling up the DagBag from /home/airflow/.local/lib/python3.8/site-packages/airflow/example_dags/example_trigger_target_dag.py
[2025-09-19T04:29:25.023+0000] {processor.py:840} INFO - DAG(s) 'example_trigger_target_dag' retrieved from /home/airflow/.local/lib/python3.8/site-packages/airflow/example_dags/example_trigger_target_dag.py
[2025-09-19T04:29:25.058+0000] {logging_mixin.py:188} INFO - [2025-09-19T04:29:25.058+0000] {dag.py:3036} INFO - Sync 1 DAGs
[2025-09-19T04:29:25.083+0000] {logging_mixin.py:188} INFO - [2025-09-19T04:29:25.082+0000] {dag.py:3823} INFO - Setting next_dagrun for example_trigger_target_dag to None, run_after=None
[2025-09-19T04:29:25.117+0000] {processor.py:183} INFO - Processing /home/airflow/.local/lib/python3.8/site-packages/airflow/example_dags/example_trigger_target_dag.py took 0.116 seconds
[2025-09-19T04:29:55.589+0000] {processor.py:161} INFO - Started process (PID=2583) to work on /home/airflow/.local/lib/python3.8/site-packages/airflow/example_dags/example_trigger_target_dag.py
[2025-09-19T04:29:55.591+0000] {processor.py:830} INFO - Processing file /home/airflow/.local/lib/python3.8/site-packages/airflow/example_dags/example_trigger_target_dag.py for tasks to queue
[2025-09-19T04:29:55.598+0000] {logging_mixin.py:188} INFO - [2025-09-19T04:29:55.597+0000] {dagbag.py:538} INFO - Filling up the DagBag from /home/airflow/.local/lib/python3.8/site-packages/airflow/example_dags/example_trigger_target_dag.py
[2025-09-19T04:29:55.608+0000] {processor.py:840} INFO - DAG(s) 'example_trigger_target_dag' retrieved from /home/airflow/.local/lib/python3.8/site-packages/airflow/example_dags/example_trigger_target_dag.py
[2025-09-19T04:29:55.646+0000] {logging_mixin.py:188} INFO - [2025-09-19T04:29:55.646+0000] {dag.py:3036} INFO - Sync 1 DAGs
[2025-09-19T04:29:55.674+0000] {logging_mixin.py:188} INFO - [2025-09-19T04:29:55.674+0000] {dag.py:3823} INFO - Setting next_dagrun for example_trigger_target_dag to None, run_after=None
[2025-09-19T04:29:55.717+0000] {processor.py:183} INFO - Processing /home/airflow/.local/lib/python3.8/site-packages/airflow/example_dags/example_trigger_target_dag.py took 0.136 seconds
[2025-09-19T04:30:26.017+0000] {processor.py:161} INFO - Started process (PID=2638) to work on /home/airflow/.local/lib/python3.8/site-packages/airflow/example_dags/example_trigger_target_dag.py
[2025-09-19T04:30:26.019+0000] {processor.py:830} INFO - Processing file /home/airflow/.local/lib/python3.8/site-packages/airflow/example_dags/example_trigger_target_dag.py for tasks to queue
[2025-09-19T04:30:26.023+0000] {logging_mixin.py:188} INFO - [2025-09-19T04:30:26.023+0000] {dagbag.py:538} INFO - Filling up the DagBag from /home/airflow/.local/lib/python3.8/site-packages/airflow/example_dags/example_trigger_target_dag.py
[2025-09-19T04:30:26.033+0000] {processor.py:840} INFO - DAG(s) 'example_trigger_target_dag' retrieved from /home/airflow/.local/lib/python3.8/site-packages/airflow/example_dags/example_trigger_target_dag.py
[2025-09-19T04:30:26.071+0000] {logging_mixin.py:188} INFO - [2025-09-19T04:30:26.071+0000] {dag.py:3036} INFO - Sync 1 DAGs
[2025-09-19T04:30:26.100+0000] {logging_mixin.py:188} INFO - [2025-09-19T04:30:26.100+0000] {dag.py:3823} INFO - Setting next_dagrun for example_trigger_target_dag to None, run_after=None
[2025-09-19T04:30:26.136+0000] {processor.py:183} INFO - Processing /home/airflow/.local/lib/python3.8/site-packages/airflow/example_dags/example_trigger_target_dag.py took 0.125 seconds
[2025-09-19T04:30:56.906+0000] {processor.py:161} INFO - Started process (PID=2693) to work on /home/airflow/.local/lib/python3.8/site-packages/airflow/example_dags/example_trigger_target_dag.py
[2025-09-19T04:30:56.908+0000] {processor.py:830} INFO - Processing file /home/airflow/.local/lib/python3.8/site-packages/airflow/example_dags/example_trigger_target_dag.py for tasks to queue
[2025-09-19T04:30:56.912+0000] {logging_mixin.py:188} INFO - [2025-09-19T04:30:56.911+0000] {dagbag.py:538} INFO - Filling up the DagBag from /home/airflow/.local/lib/python3.8/site-packages/airflow/example_dags/example_trigger_target_dag.py
[2025-09-19T04:30:56.924+0000] {processor.py:840} INFO - DAG(s) 'example_trigger_target_dag' retrieved from /home/airflow/.local/lib/python3.8/site-packages/airflow/example_dags/example_trigger_target_dag.py
[2025-09-19T04:30:56.960+0000] {logging_mixin.py:188} INFO - [2025-09-19T04:30:56.960+0000] {dag.py:3036} INFO - Sync 1 DAGs
[2025-09-19T04:30:56.986+0000] {logging_mixin.py:188} INFO - [2025-09-19T04:30:56.985+0000] {dag.py:3823} INFO - Setting next_dagrun for example_trigger_target_dag to None, run_after=None
[2025-09-19T04:30:57.023+0000] {processor.py:183} INFO - Processing /home/airflow/.local/lib/python3.8/site-packages/airflow/example_dags/example_trigger_target_dag.py took 0.123 seconds
[2025-09-19T04:31:27.588+0000] {processor.py:161} INFO - Started process (PID=2748) to work on /home/airflow/.local/lib/python3.8/site-packages/airflow/example_dags/example_trigger_target_dag.py
[2025-09-19T04:31:27.590+0000] {processor.py:830} INFO - Processing file /home/airflow/.local/lib/python3.8/site-packages/airflow/example_dags/example_trigger_target_dag.py for tasks to queue
[2025-09-19T04:31:27.595+0000] {logging_mixin.py:188} INFO - [2025-09-19T04:31:27.594+0000] {dagbag.py:538} INFO - Filling up the DagBag from /home/airflow/.local/lib/python3.8/site-packages/airflow/example_dags/example_trigger_target_dag.py
[2025-09-19T04:31:27.606+0000] {processor.py:840} INFO - DAG(s) 'example_trigger_target_dag' retrieved from /home/airflow/.local/lib/python3.8/site-packages/airflow/example_dags/example_trigger_target_dag.py
[2025-09-19T04:31:27.642+0000] {logging_mixin.py:188} INFO - [2025-09-19T04:31:27.641+0000] {dag.py:3036} INFO - Sync 1 DAGs
[2025-09-19T04:31:27.667+0000] {logging_mixin.py:188} INFO - [2025-09-19T04:31:27.667+0000] {dag.py:3823} INFO - Setting next_dagrun for example_trigger_target_dag to None, run_after=None
[2025-09-19T04:31:27.705+0000] {processor.py:183} INFO - Processing /home/airflow/.local/lib/python3.8/site-packages/airflow/example_dags/example_trigger_target_dag.py took 0.124 seconds
[2025-09-19T04:31:58.518+0000] {processor.py:161} INFO - Started process (PID=2803) to work on /home/airflow/.local/lib/python3.8/site-packages/airflow/example_dags/example_trigger_target_dag.py
[2025-09-19T04:31:58.520+0000] {processor.py:830} INFO - Processing file /home/airflow/.local/lib/python3.8/site-packages/airflow/example_dags/example_trigger_target_dag.py for tasks to queue
[2025-09-19T04:31:58.526+0000] {logging_mixin.py:188} INFO - [2025-09-19T04:31:58.524+0000] {dagbag.py:538} INFO - Filling up the DagBag from /home/airflow/.local/lib/python3.8/site-packages/airflow/example_dags/example_trigger_target_dag.py
[2025-09-19T04:31:58.541+0000] {processor.py:840} INFO - DAG(s) 'example_trigger_target_dag' retrieved from /home/airflow/.local/lib/python3.8/site-packages/airflow/example_dags/example_trigger_target_dag.py
[2025-09-19T04:31:58.581+0000] {logging_mixin.py:188} INFO - [2025-09-19T04:31:58.581+0000] {dag.py:3036} INFO - Sync 1 DAGs
[2025-09-19T04:31:58.605+0000] {logging_mixin.py:188} INFO - [2025-09-19T04:31:58.605+0000] {dag.py:3823} INFO - Setting next_dagrun for example_trigger_target_dag to None, run_after=None
[2025-09-19T04:31:58.653+0000] {processor.py:183} INFO - Processing /home/airflow/.local/lib/python3.8/site-packages/airflow/example_dags/example_trigger_target_dag.py took 0.142 seconds
[2025-09-19T04:32:29.283+0000] {processor.py:161} INFO - Started process (PID=2858) to work on /home/airflow/.local/lib/python3.8/site-packages/airflow/example_dags/example_trigger_target_dag.py
[2025-09-19T04:32:29.285+0000] {processor.py:830} INFO - Processing file /home/airflow/.local/lib/python3.8/site-packages/airflow/example_dags/example_trigger_target_dag.py for tasks to queue
[2025-09-19T04:32:29.288+0000] {logging_mixin.py:188} INFO - [2025-09-19T04:32:29.288+0000] {dagbag.py:538} INFO - Filling up the DagBag from /home/airflow/.local/lib/python3.8/site-packages/airflow/example_dags/example_trigger_target_dag.py
[2025-09-19T04:32:29.299+0000] {processor.py:840} INFO - DAG(s) 'example_trigger_target_dag' retrieved from /home/airflow/.local/lib/python3.8/site-packages/airflow/example_dags/example_trigger_target_dag.py
[2025-09-19T04:32:29.334+0000] {logging_mixin.py:188} INFO - [2025-09-19T04:32:29.334+0000] {dag.py:3036} INFO - Sync 1 DAGs
[2025-09-19T04:32:29.359+0000] {logging_mixin.py:188} INFO - [2025-09-19T04:32:29.358+0000] {dag.py:3823} INFO - Setting next_dagrun for example_trigger_target_dag to None, run_after=None
[2025-09-19T04:32:29.401+0000] {processor.py:183} INFO - Processing /home/airflow/.local/lib/python3.8/site-packages/airflow/example_dags/example_trigger_target_dag.py took 0.125 seconds
[2025-09-19T04:33:00.038+0000] {processor.py:161} INFO - Started process (PID=2913) to work on /home/airflow/.local/lib/python3.8/site-packages/airflow/example_dags/example_trigger_target_dag.py
[2025-09-19T04:33:00.040+0000] {processor.py:830} INFO - Processing file /home/airflow/.local/lib/python3.8/site-packages/airflow/example_dags/example_trigger_target_dag.py for tasks to queue
[2025-09-19T04:33:00.047+0000] {logging_mixin.py:188} INFO - [2025-09-19T04:33:00.046+0000] {dagbag.py:538} INFO - Filling up the DagBag from /home/airflow/.local/lib/python3.8/site-packages/airflow/example_dags/example_trigger_target_dag.py
[2025-09-19T04:33:00.059+0000] {processor.py:840} INFO - DAG(s) 'example_trigger_target_dag' retrieved from /home/airflow/.local/lib/python3.8/site-packages/airflow/example_dags/example_trigger_target_dag.py
[2025-09-19T04:33:00.102+0000] {logging_mixin.py:188} INFO - [2025-09-19T04:33:00.101+0000] {dag.py:3036} INFO - Sync 1 DAGs
[2025-09-19T04:33:00.129+0000] {logging_mixin.py:188} INFO - [2025-09-19T04:33:00.129+0000] {dag.py:3823} INFO - Setting next_dagrun for example_trigger_target_dag to None, run_after=None
[2025-09-19T04:33:00.333+0000] {processor.py:183} INFO - Processing /home/airflow/.local/lib/python3.8/site-packages/airflow/example_dags/example_trigger_target_dag.py took 0.304 seconds
[2025-09-19T04:33:31.304+0000] {processor.py:161} INFO - Started process (PID=2968) to work on /home/airflow/.local/lib/python3.8/site-packages/airflow/example_dags/example_trigger_target_dag.py
[2025-09-19T04:33:31.306+0000] {processor.py:830} INFO - Processing file /home/airflow/.local/lib/python3.8/site-packages/airflow/example_dags/example_trigger_target_dag.py for tasks to queue
[2025-09-19T04:33:31.309+0000] {logging_mixin.py:188} INFO - [2025-09-19T04:33:31.309+0000] {dagbag.py:538} INFO - Filling up the DagBag from /home/airflow/.local/lib/python3.8/site-packages/airflow/example_dags/example_trigger_target_dag.py
[2025-09-19T04:33:31.322+0000] {processor.py:840} INFO - DAG(s) 'example_trigger_target_dag' retrieved from /home/airflow/.local/lib/python3.8/site-packages/airflow/example_dags/example_trigger_target_dag.py
[2025-09-19T04:33:31.361+0000] {logging_mixin.py:188} INFO - [2025-09-19T04:33:31.360+0000] {dag.py:3036} INFO - Sync 1 DAGs
[2025-09-19T04:33:31.387+0000] {logging_mixin.py:188} INFO - [2025-09-19T04:33:31.386+0000] {dag.py:3823} INFO - Setting next_dagrun for example_trigger_target_dag to None, run_after=None
[2025-09-19T04:33:31.427+0000] {processor.py:183} INFO - Processing /home/airflow/.local/lib/python3.8/site-packages/airflow/example_dags/example_trigger_target_dag.py took 0.131 seconds
