[2025-09-19T04:06:55.860+0000] {processor.py:161} INFO - Started process (PID=82) to work on /home/airflow/.local/lib/python3.8/site-packages/airflow/example_dags/example_skip_dag.py
[2025-09-19T04:06:55.863+0000] {processor.py:830} INFO - Processing file /home/airflow/.local/lib/python3.8/site-packages/airflow/example_dags/example_skip_dag.py for tasks to queue
[2025-09-19T04:06:55.867+0000] {logging_mixin.py:188} INFO - [2025-09-19T04:06:55.866+0000] {dagbag.py:538} INFO - Filling up the DagBag from /home/airflow/.local/lib/python3.8/site-packages/airflow/example_dags/example_skip_dag.py
[2025-09-19T04:06:55.889+0000] {processor.py:840} INFO - DAG(s) 'example_skip_dag' retrieved from /home/airflow/.local/lib/python3.8/site-packages/airflow/example_dags/example_skip_dag.py
[2025-09-19T04:06:56.307+0000] {logging_mixin.py:188} INFO - [2025-09-19T04:06:56.306+0000] {dag.py:3036} INFO - Sync 1 DAGs
[2025-09-19T04:06:56.360+0000] {logging_mixin.py:188} INFO - [2025-09-19T04:06:56.360+0000] {dag.py:3823} INFO - Setting next_dagrun for example_skip_dag to 2025-09-18 00:00:00+00:00, run_after=2025-09-19 00:00:00+00:00
[2025-09-19T04:06:56.405+0000] {processor.py:183} INFO - Processing /home/airflow/.local/lib/python3.8/site-packages/airflow/example_dags/example_skip_dag.py took 0.553 seconds
[2025-09-19T04:07:26.806+0000] {processor.py:161} INFO - Started process (PID=137) to work on /home/airflow/.local/lib/python3.8/site-packages/airflow/example_dags/example_skip_dag.py
[2025-09-19T04:07:26.808+0000] {processor.py:830} INFO - Processing file /home/airflow/.local/lib/python3.8/site-packages/airflow/example_dags/example_skip_dag.py for tasks to queue
[2025-09-19T04:07:26.811+0000] {logging_mixin.py:188} INFO - [2025-09-19T04:07:26.811+0000] {dagbag.py:538} INFO - Filling up the DagBag from /home/airflow/.local/lib/python3.8/site-packages/airflow/example_dags/example_skip_dag.py
[2025-09-19T04:07:26.823+0000] {processor.py:840} INFO - DAG(s) 'example_skip_dag' retrieved from /home/airflow/.local/lib/python3.8/site-packages/airflow/example_dags/example_skip_dag.py
[2025-09-19T04:07:26.868+0000] {logging_mixin.py:188} INFO - [2025-09-19T04:07:26.868+0000] {dag.py:3036} INFO - Sync 1 DAGs
[2025-09-19T04:07:26.909+0000] {logging_mixin.py:188} INFO - [2025-09-19T04:07:26.909+0000] {dag.py:3823} INFO - Setting next_dagrun for example_skip_dag to 2025-09-18 00:00:00+00:00, run_after=2025-09-19 00:00:00+00:00
[2025-09-19T04:07:26.950+0000] {processor.py:183} INFO - Processing /home/airflow/.local/lib/python3.8/site-packages/airflow/example_dags/example_skip_dag.py took 0.150 seconds
[2025-09-19T04:07:57.583+0000] {processor.py:161} INFO - Started process (PID=192) to work on /home/airflow/.local/lib/python3.8/site-packages/airflow/example_dags/example_skip_dag.py
[2025-09-19T04:07:57.585+0000] {processor.py:830} INFO - Processing file /home/airflow/.local/lib/python3.8/site-packages/airflow/example_dags/example_skip_dag.py for tasks to queue
[2025-09-19T04:07:57.589+0000] {logging_mixin.py:188} INFO - [2025-09-19T04:07:57.589+0000] {dagbag.py:538} INFO - Filling up the DagBag from /home/airflow/.local/lib/python3.8/site-packages/airflow/example_dags/example_skip_dag.py
[2025-09-19T04:07:57.603+0000] {processor.py:840} INFO - DAG(s) 'example_skip_dag' retrieved from /home/airflow/.local/lib/python3.8/site-packages/airflow/example_dags/example_skip_dag.py
[2025-09-19T04:07:57.654+0000] {logging_mixin.py:188} INFO - [2025-09-19T04:07:57.653+0000] {dag.py:3036} INFO - Sync 1 DAGs
[2025-09-19T04:07:57.704+0000] {logging_mixin.py:188} INFO - [2025-09-19T04:07:57.704+0000] {dag.py:3823} INFO - Setting next_dagrun for example_skip_dag to 2025-09-18 00:00:00+00:00, run_after=2025-09-19 00:00:00+00:00
[2025-09-19T04:07:57.742+0000] {processor.py:183} INFO - Processing /home/airflow/.local/lib/python3.8/site-packages/airflow/example_dags/example_skip_dag.py took 0.166 seconds
[2025-09-19T04:08:28.332+0000] {processor.py:161} INFO - Started process (PID=247) to work on /home/airflow/.local/lib/python3.8/site-packages/airflow/example_dags/example_skip_dag.py
[2025-09-19T04:08:28.334+0000] {processor.py:830} INFO - Processing file /home/airflow/.local/lib/python3.8/site-packages/airflow/example_dags/example_skip_dag.py for tasks to queue
[2025-09-19T04:08:28.338+0000] {logging_mixin.py:188} INFO - [2025-09-19T04:08:28.338+0000] {dagbag.py:538} INFO - Filling up the DagBag from /home/airflow/.local/lib/python3.8/site-packages/airflow/example_dags/example_skip_dag.py
[2025-09-19T04:08:28.351+0000] {processor.py:840} INFO - DAG(s) 'example_skip_dag' retrieved from /home/airflow/.local/lib/python3.8/site-packages/airflow/example_dags/example_skip_dag.py
[2025-09-19T04:08:28.392+0000] {logging_mixin.py:188} INFO - [2025-09-19T04:08:28.392+0000] {dag.py:3036} INFO - Sync 1 DAGs
[2025-09-19T04:08:28.435+0000] {logging_mixin.py:188} INFO - [2025-09-19T04:08:28.435+0000] {dag.py:3823} INFO - Setting next_dagrun for example_skip_dag to 2025-09-18 00:00:00+00:00, run_after=2025-09-19 00:00:00+00:00
[2025-09-19T04:08:28.482+0000] {processor.py:183} INFO - Processing /home/airflow/.local/lib/python3.8/site-packages/airflow/example_dags/example_skip_dag.py took 0.156 seconds
[2025-09-19T04:08:58.646+0000] {processor.py:161} INFO - Started process (PID=303) to work on /home/airflow/.local/lib/python3.8/site-packages/airflow/example_dags/example_skip_dag.py
[2025-09-19T04:08:58.648+0000] {processor.py:830} INFO - Processing file /home/airflow/.local/lib/python3.8/site-packages/airflow/example_dags/example_skip_dag.py for tasks to queue
[2025-09-19T04:08:58.652+0000] {logging_mixin.py:188} INFO - [2025-09-19T04:08:58.651+0000] {dagbag.py:538} INFO - Filling up the DagBag from /home/airflow/.local/lib/python3.8/site-packages/airflow/example_dags/example_skip_dag.py
[2025-09-19T04:08:58.665+0000] {processor.py:840} INFO - DAG(s) 'example_skip_dag' retrieved from /home/airflow/.local/lib/python3.8/site-packages/airflow/example_dags/example_skip_dag.py
[2025-09-19T04:08:58.708+0000] {logging_mixin.py:188} INFO - [2025-09-19T04:08:58.708+0000] {dag.py:3036} INFO - Sync 1 DAGs
[2025-09-19T04:08:58.753+0000] {logging_mixin.py:188} INFO - [2025-09-19T04:08:58.753+0000] {dag.py:3823} INFO - Setting next_dagrun for example_skip_dag to 2025-09-18 00:00:00+00:00, run_after=2025-09-19 00:00:00+00:00
[2025-09-19T04:08:58.790+0000] {processor.py:183} INFO - Processing /home/airflow/.local/lib/python3.8/site-packages/airflow/example_dags/example_skip_dag.py took 0.150 seconds
[2025-09-19T04:09:29.244+0000] {processor.py:161} INFO - Started process (PID=358) to work on /home/airflow/.local/lib/python3.8/site-packages/airflow/example_dags/example_skip_dag.py
[2025-09-19T04:09:29.245+0000] {processor.py:830} INFO - Processing file /home/airflow/.local/lib/python3.8/site-packages/airflow/example_dags/example_skip_dag.py for tasks to queue
[2025-09-19T04:09:29.249+0000] {logging_mixin.py:188} INFO - [2025-09-19T04:09:29.248+0000] {dagbag.py:538} INFO - Filling up the DagBag from /home/airflow/.local/lib/python3.8/site-packages/airflow/example_dags/example_skip_dag.py
[2025-09-19T04:09:29.262+0000] {processor.py:840} INFO - DAG(s) 'example_skip_dag' retrieved from /home/airflow/.local/lib/python3.8/site-packages/airflow/example_dags/example_skip_dag.py
[2025-09-19T04:09:29.301+0000] {logging_mixin.py:188} INFO - [2025-09-19T04:09:29.301+0000] {dag.py:3036} INFO - Sync 1 DAGs
[2025-09-19T04:09:29.341+0000] {logging_mixin.py:188} INFO - [2025-09-19T04:09:29.341+0000] {dag.py:3823} INFO - Setting next_dagrun for example_skip_dag to 2025-09-18 00:00:00+00:00, run_after=2025-09-19 00:00:00+00:00
[2025-09-19T04:09:29.379+0000] {processor.py:183} INFO - Processing /home/airflow/.local/lib/python3.8/site-packages/airflow/example_dags/example_skip_dag.py took 0.141 seconds
[2025-09-19T04:09:59.680+0000] {processor.py:161} INFO - Started process (PID=412) to work on /home/airflow/.local/lib/python3.8/site-packages/airflow/example_dags/example_skip_dag.py
[2025-09-19T04:09:59.682+0000] {processor.py:830} INFO - Processing file /home/airflow/.local/lib/python3.8/site-packages/airflow/example_dags/example_skip_dag.py for tasks to queue
[2025-09-19T04:09:59.685+0000] {logging_mixin.py:188} INFO - [2025-09-19T04:09:59.685+0000] {dagbag.py:538} INFO - Filling up the DagBag from /home/airflow/.local/lib/python3.8/site-packages/airflow/example_dags/example_skip_dag.py
[2025-09-19T04:09:59.699+0000] {processor.py:840} INFO - DAG(s) 'example_skip_dag' retrieved from /home/airflow/.local/lib/python3.8/site-packages/airflow/example_dags/example_skip_dag.py
[2025-09-19T04:09:59.743+0000] {logging_mixin.py:188} INFO - [2025-09-19T04:09:59.743+0000] {dag.py:3036} INFO - Sync 1 DAGs
[2025-09-19T04:09:59.783+0000] {logging_mixin.py:188} INFO - [2025-09-19T04:09:59.783+0000] {dag.py:3823} INFO - Setting next_dagrun for example_skip_dag to 2025-09-18 00:00:00+00:00, run_after=2025-09-19 00:00:00+00:00
[2025-09-19T04:09:59.815+0000] {processor.py:183} INFO - Processing /home/airflow/.local/lib/python3.8/site-packages/airflow/example_dags/example_skip_dag.py took 0.143 seconds
[2025-09-19T04:10:30.540+0000] {processor.py:161} INFO - Started process (PID=468) to work on /home/airflow/.local/lib/python3.8/site-packages/airflow/example_dags/example_skip_dag.py
[2025-09-19T04:10:30.542+0000] {processor.py:830} INFO - Processing file /home/airflow/.local/lib/python3.8/site-packages/airflow/example_dags/example_skip_dag.py for tasks to queue
[2025-09-19T04:10:30.546+0000] {logging_mixin.py:188} INFO - [2025-09-19T04:10:30.545+0000] {dagbag.py:538} INFO - Filling up the DagBag from /home/airflow/.local/lib/python3.8/site-packages/airflow/example_dags/example_skip_dag.py
[2025-09-19T04:10:30.561+0000] {processor.py:840} INFO - DAG(s) 'example_skip_dag' retrieved from /home/airflow/.local/lib/python3.8/site-packages/airflow/example_dags/example_skip_dag.py
[2025-09-19T04:10:30.603+0000] {logging_mixin.py:188} INFO - [2025-09-19T04:10:30.602+0000] {dag.py:3036} INFO - Sync 1 DAGs
[2025-09-19T04:10:30.647+0000] {logging_mixin.py:188} INFO - [2025-09-19T04:10:30.646+0000] {dag.py:3823} INFO - Setting next_dagrun for example_skip_dag to 2025-09-18 00:00:00+00:00, run_after=2025-09-19 00:00:00+00:00
[2025-09-19T04:10:30.687+0000] {processor.py:183} INFO - Processing /home/airflow/.local/lib/python3.8/site-packages/airflow/example_dags/example_skip_dag.py took 0.155 seconds
[2025-09-19T04:11:00.762+0000] {processor.py:161} INFO - Started process (PID=522) to work on /home/airflow/.local/lib/python3.8/site-packages/airflow/example_dags/example_skip_dag.py
[2025-09-19T04:11:00.764+0000] {processor.py:830} INFO - Processing file /home/airflow/.local/lib/python3.8/site-packages/airflow/example_dags/example_skip_dag.py for tasks to queue
[2025-09-19T04:11:00.767+0000] {logging_mixin.py:188} INFO - [2025-09-19T04:11:00.767+0000] {dagbag.py:538} INFO - Filling up the DagBag from /home/airflow/.local/lib/python3.8/site-packages/airflow/example_dags/example_skip_dag.py
[2025-09-19T04:11:00.779+0000] {processor.py:840} INFO - DAG(s) 'example_skip_dag' retrieved from /home/airflow/.local/lib/python3.8/site-packages/airflow/example_dags/example_skip_dag.py
[2025-09-19T04:11:00.817+0000] {logging_mixin.py:188} INFO - [2025-09-19T04:11:00.817+0000] {dag.py:3036} INFO - Sync 1 DAGs
[2025-09-19T04:11:00.856+0000] {logging_mixin.py:188} INFO - [2025-09-19T04:11:00.856+0000] {dag.py:3823} INFO - Setting next_dagrun for example_skip_dag to 2025-09-18 00:00:00+00:00, run_after=2025-09-19 00:00:00+00:00
[2025-09-19T04:11:00.894+0000] {processor.py:183} INFO - Processing /home/airflow/.local/lib/python3.8/site-packages/airflow/example_dags/example_skip_dag.py took 0.138 seconds
[2025-09-19T04:11:31.779+0000] {processor.py:161} INFO - Started process (PID=578) to work on /home/airflow/.local/lib/python3.8/site-packages/airflow/example_dags/example_skip_dag.py
[2025-09-19T04:11:31.782+0000] {processor.py:830} INFO - Processing file /home/airflow/.local/lib/python3.8/site-packages/airflow/example_dags/example_skip_dag.py for tasks to queue
[2025-09-19T04:11:31.789+0000] {logging_mixin.py:188} INFO - [2025-09-19T04:11:31.788+0000] {dagbag.py:538} INFO - Filling up the DagBag from /home/airflow/.local/lib/python3.8/site-packages/airflow/example_dags/example_skip_dag.py
[2025-09-19T04:11:31.817+0000] {processor.py:840} INFO - DAG(s) 'example_skip_dag' retrieved from /home/airflow/.local/lib/python3.8/site-packages/airflow/example_dags/example_skip_dag.py
[2025-09-19T04:11:31.875+0000] {logging_mixin.py:188} INFO - [2025-09-19T04:11:31.875+0000] {dag.py:3036} INFO - Sync 1 DAGs
[2025-09-19T04:11:31.928+0000] {logging_mixin.py:188} INFO - [2025-09-19T04:11:31.928+0000] {dag.py:3823} INFO - Setting next_dagrun for example_skip_dag to 2025-09-18 00:00:00+00:00, run_after=2025-09-19 00:00:00+00:00
[2025-09-19T04:11:31.972+0000] {processor.py:183} INFO - Processing /home/airflow/.local/lib/python3.8/site-packages/airflow/example_dags/example_skip_dag.py took 0.205 seconds
[2025-09-19T04:12:02.940+0000] {processor.py:161} INFO - Started process (PID=633) to work on /home/airflow/.local/lib/python3.8/site-packages/airflow/example_dags/example_skip_dag.py
[2025-09-19T04:12:02.942+0000] {processor.py:830} INFO - Processing file /home/airflow/.local/lib/python3.8/site-packages/airflow/example_dags/example_skip_dag.py for tasks to queue
[2025-09-19T04:12:02.946+0000] {logging_mixin.py:188} INFO - [2025-09-19T04:12:02.945+0000] {dagbag.py:538} INFO - Filling up the DagBag from /home/airflow/.local/lib/python3.8/site-packages/airflow/example_dags/example_skip_dag.py
[2025-09-19T04:12:02.958+0000] {processor.py:840} INFO - DAG(s) 'example_skip_dag' retrieved from /home/airflow/.local/lib/python3.8/site-packages/airflow/example_dags/example_skip_dag.py
[2025-09-19T04:12:03.000+0000] {logging_mixin.py:188} INFO - [2025-09-19T04:12:02.999+0000] {dag.py:3036} INFO - Sync 1 DAGs
[2025-09-19T04:12:03.039+0000] {logging_mixin.py:188} INFO - [2025-09-19T04:12:03.038+0000] {dag.py:3823} INFO - Setting next_dagrun for example_skip_dag to 2025-09-18 00:00:00+00:00, run_after=2025-09-19 00:00:00+00:00
[2025-09-19T04:12:03.079+0000] {processor.py:183} INFO - Processing /home/airflow/.local/lib/python3.8/site-packages/airflow/example_dags/example_skip_dag.py took 0.144 seconds
[2025-09-19T04:12:33.223+0000] {processor.py:161} INFO - Started process (PID=688) to work on /home/airflow/.local/lib/python3.8/site-packages/airflow/example_dags/example_skip_dag.py
[2025-09-19T04:12:33.226+0000] {processor.py:830} INFO - Processing file /home/airflow/.local/lib/python3.8/site-packages/airflow/example_dags/example_skip_dag.py for tasks to queue
[2025-09-19T04:12:33.229+0000] {logging_mixin.py:188} INFO - [2025-09-19T04:12:33.229+0000] {dagbag.py:538} INFO - Filling up the DagBag from /home/airflow/.local/lib/python3.8/site-packages/airflow/example_dags/example_skip_dag.py
[2025-09-19T04:12:33.242+0000] {processor.py:840} INFO - DAG(s) 'example_skip_dag' retrieved from /home/airflow/.local/lib/python3.8/site-packages/airflow/example_dags/example_skip_dag.py
[2025-09-19T04:12:33.285+0000] {logging_mixin.py:188} INFO - [2025-09-19T04:12:33.285+0000] {dag.py:3036} INFO - Sync 1 DAGs
[2025-09-19T04:12:33.331+0000] {logging_mixin.py:188} INFO - [2025-09-19T04:12:33.331+0000] {dag.py:3823} INFO - Setting next_dagrun for example_skip_dag to 2025-09-18 00:00:00+00:00, run_after=2025-09-19 00:00:00+00:00
[2025-09-19T04:12:33.372+0000] {processor.py:183} INFO - Processing /home/airflow/.local/lib/python3.8/site-packages/airflow/example_dags/example_skip_dag.py took 0.157 seconds
[2025-09-19T04:13:03.738+0000] {processor.py:161} INFO - Started process (PID=743) to work on /home/airflow/.local/lib/python3.8/site-packages/airflow/example_dags/example_skip_dag.py
[2025-09-19T04:13:03.742+0000] {processor.py:830} INFO - Processing file /home/airflow/.local/lib/python3.8/site-packages/airflow/example_dags/example_skip_dag.py for tasks to queue
[2025-09-19T04:13:03.748+0000] {logging_mixin.py:188} INFO - [2025-09-19T04:13:03.748+0000] {dagbag.py:538} INFO - Filling up the DagBag from /home/airflow/.local/lib/python3.8/site-packages/airflow/example_dags/example_skip_dag.py
[2025-09-19T04:13:03.771+0000] {processor.py:840} INFO - DAG(s) 'example_skip_dag' retrieved from /home/airflow/.local/lib/python3.8/site-packages/airflow/example_dags/example_skip_dag.py
[2025-09-19T04:13:03.830+0000] {logging_mixin.py:188} INFO - [2025-09-19T04:13:03.829+0000] {dag.py:3036} INFO - Sync 1 DAGs
[2025-09-19T04:13:03.886+0000] {logging_mixin.py:188} INFO - [2025-09-19T04:13:03.885+0000] {dag.py:3823} INFO - Setting next_dagrun for example_skip_dag to 2025-09-18 00:00:00+00:00, run_after=2025-09-19 00:00:00+00:00
[2025-09-19T04:13:03.932+0000] {processor.py:183} INFO - Processing /home/airflow/.local/lib/python3.8/site-packages/airflow/example_dags/example_skip_dag.py took 0.204 seconds
[2025-09-19T04:13:34.105+0000] {processor.py:161} INFO - Started process (PID=798) to work on /home/airflow/.local/lib/python3.8/site-packages/airflow/example_dags/example_skip_dag.py
[2025-09-19T04:13:34.107+0000] {processor.py:830} INFO - Processing file /home/airflow/.local/lib/python3.8/site-packages/airflow/example_dags/example_skip_dag.py for tasks to queue
[2025-09-19T04:13:34.111+0000] {logging_mixin.py:188} INFO - [2025-09-19T04:13:34.110+0000] {dagbag.py:538} INFO - Filling up the DagBag from /home/airflow/.local/lib/python3.8/site-packages/airflow/example_dags/example_skip_dag.py
[2025-09-19T04:13:34.122+0000] {processor.py:840} INFO - DAG(s) 'example_skip_dag' retrieved from /home/airflow/.local/lib/python3.8/site-packages/airflow/example_dags/example_skip_dag.py
[2025-09-19T04:13:34.174+0000] {logging_mixin.py:188} INFO - [2025-09-19T04:13:34.173+0000] {dag.py:3036} INFO - Sync 1 DAGs
[2025-09-19T04:13:34.242+0000] {logging_mixin.py:188} INFO - [2025-09-19T04:13:34.241+0000] {dag.py:3823} INFO - Setting next_dagrun for example_skip_dag to 2025-09-18 00:00:00+00:00, run_after=2025-09-19 00:00:00+00:00
[2025-09-19T04:13:34.284+0000] {processor.py:183} INFO - Processing /home/airflow/.local/lib/python3.8/site-packages/airflow/example_dags/example_skip_dag.py took 0.187 seconds
[2025-09-19T04:14:04.545+0000] {processor.py:161} INFO - Started process (PID=853) to work on /home/airflow/.local/lib/python3.8/site-packages/airflow/example_dags/example_skip_dag.py
[2025-09-19T04:14:04.547+0000] {processor.py:830} INFO - Processing file /home/airflow/.local/lib/python3.8/site-packages/airflow/example_dags/example_skip_dag.py for tasks to queue
[2025-09-19T04:14:04.551+0000] {logging_mixin.py:188} INFO - [2025-09-19T04:14:04.551+0000] {dagbag.py:538} INFO - Filling up the DagBag from /home/airflow/.local/lib/python3.8/site-packages/airflow/example_dags/example_skip_dag.py
[2025-09-19T04:14:04.563+0000] {processor.py:840} INFO - DAG(s) 'example_skip_dag' retrieved from /home/airflow/.local/lib/python3.8/site-packages/airflow/example_dags/example_skip_dag.py
[2025-09-19T04:14:04.605+0000] {logging_mixin.py:188} INFO - [2025-09-19T04:14:04.605+0000] {dag.py:3036} INFO - Sync 1 DAGs
[2025-09-19T04:14:04.649+0000] {logging_mixin.py:188} INFO - [2025-09-19T04:14:04.649+0000] {dag.py:3823} INFO - Setting next_dagrun for example_skip_dag to 2025-09-18 00:00:00+00:00, run_after=2025-09-19 00:00:00+00:00
[2025-09-19T04:14:04.688+0000] {processor.py:183} INFO - Processing /home/airflow/.local/lib/python3.8/site-packages/airflow/example_dags/example_skip_dag.py took 0.148 seconds
[2025-09-19T04:14:34.981+0000] {processor.py:161} INFO - Started process (PID=908) to work on /home/airflow/.local/lib/python3.8/site-packages/airflow/example_dags/example_skip_dag.py
[2025-09-19T04:14:34.983+0000] {processor.py:830} INFO - Processing file /home/airflow/.local/lib/python3.8/site-packages/airflow/example_dags/example_skip_dag.py for tasks to queue
[2025-09-19T04:14:34.986+0000] {logging_mixin.py:188} INFO - [2025-09-19T04:14:34.986+0000] {dagbag.py:538} INFO - Filling up the DagBag from /home/airflow/.local/lib/python3.8/site-packages/airflow/example_dags/example_skip_dag.py
[2025-09-19T04:14:34.999+0000] {processor.py:840} INFO - DAG(s) 'example_skip_dag' retrieved from /home/airflow/.local/lib/python3.8/site-packages/airflow/example_dags/example_skip_dag.py
[2025-09-19T04:14:35.041+0000] {logging_mixin.py:188} INFO - [2025-09-19T04:14:35.040+0000] {dag.py:3036} INFO - Sync 1 DAGs
[2025-09-19T04:14:35.086+0000] {logging_mixin.py:188} INFO - [2025-09-19T04:14:35.086+0000] {dag.py:3823} INFO - Setting next_dagrun for example_skip_dag to 2025-09-18 00:00:00+00:00, run_after=2025-09-19 00:00:00+00:00
[2025-09-19T04:14:35.125+0000] {processor.py:183} INFO - Processing /home/airflow/.local/lib/python3.8/site-packages/airflow/example_dags/example_skip_dag.py took 0.149 seconds
[2025-09-19T04:15:05.810+0000] {processor.py:161} INFO - Started process (PID=963) to work on /home/airflow/.local/lib/python3.8/site-packages/airflow/example_dags/example_skip_dag.py
[2025-09-19T04:15:05.812+0000] {processor.py:830} INFO - Processing file /home/airflow/.local/lib/python3.8/site-packages/airflow/example_dags/example_skip_dag.py for tasks to queue
[2025-09-19T04:15:05.815+0000] {logging_mixin.py:188} INFO - [2025-09-19T04:15:05.814+0000] {dagbag.py:538} INFO - Filling up the DagBag from /home/airflow/.local/lib/python3.8/site-packages/airflow/example_dags/example_skip_dag.py
[2025-09-19T04:15:05.826+0000] {processor.py:840} INFO - DAG(s) 'example_skip_dag' retrieved from /home/airflow/.local/lib/python3.8/site-packages/airflow/example_dags/example_skip_dag.py
[2025-09-19T04:15:05.866+0000] {logging_mixin.py:188} INFO - [2025-09-19T04:15:05.865+0000] {dag.py:3036} INFO - Sync 1 DAGs
[2025-09-19T04:15:05.906+0000] {logging_mixin.py:188} INFO - [2025-09-19T04:15:05.906+0000] {dag.py:3823} INFO - Setting next_dagrun for example_skip_dag to 2025-09-18 00:00:00+00:00, run_after=2025-09-19 00:00:00+00:00
[2025-09-19T04:15:05.945+0000] {processor.py:183} INFO - Processing /home/airflow/.local/lib/python3.8/site-packages/airflow/example_dags/example_skip_dag.py took 0.140 seconds
[2025-09-19T04:15:36.177+0000] {processor.py:161} INFO - Started process (PID=1018) to work on /home/airflow/.local/lib/python3.8/site-packages/airflow/example_dags/example_skip_dag.py
[2025-09-19T04:15:36.179+0000] {processor.py:830} INFO - Processing file /home/airflow/.local/lib/python3.8/site-packages/airflow/example_dags/example_skip_dag.py for tasks to queue
[2025-09-19T04:15:36.182+0000] {logging_mixin.py:188} INFO - [2025-09-19T04:15:36.182+0000] {dagbag.py:538} INFO - Filling up the DagBag from /home/airflow/.local/lib/python3.8/site-packages/airflow/example_dags/example_skip_dag.py
[2025-09-19T04:15:36.194+0000] {processor.py:840} INFO - DAG(s) 'example_skip_dag' retrieved from /home/airflow/.local/lib/python3.8/site-packages/airflow/example_dags/example_skip_dag.py
[2025-09-19T04:15:36.233+0000] {logging_mixin.py:188} INFO - [2025-09-19T04:15:36.232+0000] {dag.py:3036} INFO - Sync 1 DAGs
[2025-09-19T04:15:36.274+0000] {logging_mixin.py:188} INFO - [2025-09-19T04:15:36.274+0000] {dag.py:3823} INFO - Setting next_dagrun for example_skip_dag to 2025-09-18 00:00:00+00:00, run_after=2025-09-19 00:00:00+00:00
[2025-09-19T04:15:36.314+0000] {processor.py:183} INFO - Processing /home/airflow/.local/lib/python3.8/site-packages/airflow/example_dags/example_skip_dag.py took 0.143 seconds
[2025-09-19T04:16:06.655+0000] {processor.py:161} INFO - Started process (PID=1073) to work on /home/airflow/.local/lib/python3.8/site-packages/airflow/example_dags/example_skip_dag.py
[2025-09-19T04:16:06.657+0000] {processor.py:830} INFO - Processing file /home/airflow/.local/lib/python3.8/site-packages/airflow/example_dags/example_skip_dag.py for tasks to queue
[2025-09-19T04:16:06.661+0000] {logging_mixin.py:188} INFO - [2025-09-19T04:16:06.660+0000] {dagbag.py:538} INFO - Filling up the DagBag from /home/airflow/.local/lib/python3.8/site-packages/airflow/example_dags/example_skip_dag.py
[2025-09-19T04:16:06.676+0000] {processor.py:840} INFO - DAG(s) 'example_skip_dag' retrieved from /home/airflow/.local/lib/python3.8/site-packages/airflow/example_dags/example_skip_dag.py
[2025-09-19T04:16:06.714+0000] {logging_mixin.py:188} INFO - [2025-09-19T04:16:06.714+0000] {dag.py:3036} INFO - Sync 1 DAGs
[2025-09-19T04:16:06.753+0000] {logging_mixin.py:188} INFO - [2025-09-19T04:16:06.753+0000] {dag.py:3823} INFO - Setting next_dagrun for example_skip_dag to 2025-09-18 00:00:00+00:00, run_after=2025-09-19 00:00:00+00:00
[2025-09-19T04:16:06.791+0000] {processor.py:183} INFO - Processing /home/airflow/.local/lib/python3.8/site-packages/airflow/example_dags/example_skip_dag.py took 0.144 seconds
[2025-09-19T04:16:37.238+0000] {processor.py:161} INFO - Started process (PID=1128) to work on /home/airflow/.local/lib/python3.8/site-packages/airflow/example_dags/example_skip_dag.py
[2025-09-19T04:16:37.240+0000] {processor.py:830} INFO - Processing file /home/airflow/.local/lib/python3.8/site-packages/airflow/example_dags/example_skip_dag.py for tasks to queue
[2025-09-19T04:16:37.243+0000] {logging_mixin.py:188} INFO - [2025-09-19T04:16:37.242+0000] {dagbag.py:538} INFO - Filling up the DagBag from /home/airflow/.local/lib/python3.8/site-packages/airflow/example_dags/example_skip_dag.py
[2025-09-19T04:16:37.259+0000] {processor.py:840} INFO - DAG(s) 'example_skip_dag' retrieved from /home/airflow/.local/lib/python3.8/site-packages/airflow/example_dags/example_skip_dag.py
[2025-09-19T04:16:37.301+0000] {logging_mixin.py:188} INFO - [2025-09-19T04:16:37.301+0000] {dag.py:3036} INFO - Sync 1 DAGs
[2025-09-19T04:16:37.342+0000] {logging_mixin.py:188} INFO - [2025-09-19T04:16:37.342+0000] {dag.py:3823} INFO - Setting next_dagrun for example_skip_dag to 2025-09-18 00:00:00+00:00, run_after=2025-09-19 00:00:00+00:00
[2025-09-19T04:16:37.382+0000] {processor.py:183} INFO - Processing /home/airflow/.local/lib/python3.8/site-packages/airflow/example_dags/example_skip_dag.py took 0.150 seconds
[2025-09-19T04:17:07.831+0000] {processor.py:161} INFO - Started process (PID=1183) to work on /home/airflow/.local/lib/python3.8/site-packages/airflow/example_dags/example_skip_dag.py
[2025-09-19T04:17:07.833+0000] {processor.py:830} INFO - Processing file /home/airflow/.local/lib/python3.8/site-packages/airflow/example_dags/example_skip_dag.py for tasks to queue
[2025-09-19T04:17:07.836+0000] {logging_mixin.py:188} INFO - [2025-09-19T04:17:07.836+0000] {dagbag.py:538} INFO - Filling up the DagBag from /home/airflow/.local/lib/python3.8/site-packages/airflow/example_dags/example_skip_dag.py
[2025-09-19T04:17:07.848+0000] {processor.py:840} INFO - DAG(s) 'example_skip_dag' retrieved from /home/airflow/.local/lib/python3.8/site-packages/airflow/example_dags/example_skip_dag.py
[2025-09-19T04:17:07.893+0000] {logging_mixin.py:188} INFO - [2025-09-19T04:17:07.893+0000] {dag.py:3036} INFO - Sync 1 DAGs
[2025-09-19T04:17:07.937+0000] {logging_mixin.py:188} INFO - [2025-09-19T04:17:07.936+0000] {dag.py:3823} INFO - Setting next_dagrun for example_skip_dag to 2025-09-18 00:00:00+00:00, run_after=2025-09-19 00:00:00+00:00
[2025-09-19T04:17:07.977+0000] {processor.py:183} INFO - Processing /home/airflow/.local/lib/python3.8/site-packages/airflow/example_dags/example_skip_dag.py took 0.152 seconds
[2025-09-19T04:17:38.465+0000] {processor.py:161} INFO - Started process (PID=1238) to work on /home/airflow/.local/lib/python3.8/site-packages/airflow/example_dags/example_skip_dag.py
[2025-09-19T04:17:38.467+0000] {processor.py:830} INFO - Processing file /home/airflow/.local/lib/python3.8/site-packages/airflow/example_dags/example_skip_dag.py for tasks to queue
[2025-09-19T04:17:38.470+0000] {logging_mixin.py:188} INFO - [2025-09-19T04:17:38.470+0000] {dagbag.py:538} INFO - Filling up the DagBag from /home/airflow/.local/lib/python3.8/site-packages/airflow/example_dags/example_skip_dag.py
[2025-09-19T04:17:38.482+0000] {processor.py:840} INFO - DAG(s) 'example_skip_dag' retrieved from /home/airflow/.local/lib/python3.8/site-packages/airflow/example_dags/example_skip_dag.py
[2025-09-19T04:17:38.521+0000] {logging_mixin.py:188} INFO - [2025-09-19T04:17:38.521+0000] {dag.py:3036} INFO - Sync 1 DAGs
[2025-09-19T04:17:38.561+0000] {logging_mixin.py:188} INFO - [2025-09-19T04:17:38.561+0000] {dag.py:3823} INFO - Setting next_dagrun for example_skip_dag to 2025-09-18 00:00:00+00:00, run_after=2025-09-19 00:00:00+00:00
[2025-09-19T04:17:38.599+0000] {processor.py:183} INFO - Processing /home/airflow/.local/lib/python3.8/site-packages/airflow/example_dags/example_skip_dag.py took 0.139 seconds
[2025-09-19T04:18:08.815+0000] {processor.py:161} INFO - Started process (PID=1293) to work on /home/airflow/.local/lib/python3.8/site-packages/airflow/example_dags/example_skip_dag.py
[2025-09-19T04:18:08.817+0000] {processor.py:830} INFO - Processing file /home/airflow/.local/lib/python3.8/site-packages/airflow/example_dags/example_skip_dag.py for tasks to queue
[2025-09-19T04:18:08.821+0000] {logging_mixin.py:188} INFO - [2025-09-19T04:18:08.820+0000] {dagbag.py:538} INFO - Filling up the DagBag from /home/airflow/.local/lib/python3.8/site-packages/airflow/example_dags/example_skip_dag.py
[2025-09-19T04:18:08.832+0000] {processor.py:840} INFO - DAG(s) 'example_skip_dag' retrieved from /home/airflow/.local/lib/python3.8/site-packages/airflow/example_dags/example_skip_dag.py
[2025-09-19T04:18:08.871+0000] {logging_mixin.py:188} INFO - [2025-09-19T04:18:08.871+0000] {dag.py:3036} INFO - Sync 1 DAGs
[2025-09-19T04:18:08.910+0000] {logging_mixin.py:188} INFO - [2025-09-19T04:18:08.910+0000] {dag.py:3823} INFO - Setting next_dagrun for example_skip_dag to 2025-09-18 00:00:00+00:00, run_after=2025-09-19 00:00:00+00:00
[2025-09-19T04:18:08.949+0000] {processor.py:183} INFO - Processing /home/airflow/.local/lib/python3.8/site-packages/airflow/example_dags/example_skip_dag.py took 0.139 seconds
[2025-09-19T04:18:39.628+0000] {processor.py:161} INFO - Started process (PID=1348) to work on /home/airflow/.local/lib/python3.8/site-packages/airflow/example_dags/example_skip_dag.py
[2025-09-19T04:18:39.630+0000] {processor.py:830} INFO - Processing file /home/airflow/.local/lib/python3.8/site-packages/airflow/example_dags/example_skip_dag.py for tasks to queue
[2025-09-19T04:18:39.633+0000] {logging_mixin.py:188} INFO - [2025-09-19T04:18:39.632+0000] {dagbag.py:538} INFO - Filling up the DagBag from /home/airflow/.local/lib/python3.8/site-packages/airflow/example_dags/example_skip_dag.py
[2025-09-19T04:18:39.645+0000] {processor.py:840} INFO - DAG(s) 'example_skip_dag' retrieved from /home/airflow/.local/lib/python3.8/site-packages/airflow/example_dags/example_skip_dag.py
[2025-09-19T04:18:39.684+0000] {logging_mixin.py:188} INFO - [2025-09-19T04:18:39.684+0000] {dag.py:3036} INFO - Sync 1 DAGs
[2025-09-19T04:18:39.724+0000] {logging_mixin.py:188} INFO - [2025-09-19T04:18:39.724+0000] {dag.py:3823} INFO - Setting next_dagrun for example_skip_dag to 2025-09-18 00:00:00+00:00, run_after=2025-09-19 00:00:00+00:00
[2025-09-19T04:18:39.762+0000] {processor.py:183} INFO - Processing /home/airflow/.local/lib/python3.8/site-packages/airflow/example_dags/example_skip_dag.py took 0.139 seconds
[2025-09-19T04:19:09.973+0000] {processor.py:161} INFO - Started process (PID=1403) to work on /home/airflow/.local/lib/python3.8/site-packages/airflow/example_dags/example_skip_dag.py
[2025-09-19T04:19:09.975+0000] {processor.py:830} INFO - Processing file /home/airflow/.local/lib/python3.8/site-packages/airflow/example_dags/example_skip_dag.py for tasks to queue
[2025-09-19T04:19:09.979+0000] {logging_mixin.py:188} INFO - [2025-09-19T04:19:09.978+0000] {dagbag.py:538} INFO - Filling up the DagBag from /home/airflow/.local/lib/python3.8/site-packages/airflow/example_dags/example_skip_dag.py
[2025-09-19T04:19:09.994+0000] {processor.py:840} INFO - DAG(s) 'example_skip_dag' retrieved from /home/airflow/.local/lib/python3.8/site-packages/airflow/example_dags/example_skip_dag.py
[2025-09-19T04:19:10.035+0000] {logging_mixin.py:188} INFO - [2025-09-19T04:19:10.034+0000] {dag.py:3036} INFO - Sync 1 DAGs
[2025-09-19T04:19:10.077+0000] {logging_mixin.py:188} INFO - [2025-09-19T04:19:10.076+0000] {dag.py:3823} INFO - Setting next_dagrun for example_skip_dag to 2025-09-18 00:00:00+00:00, run_after=2025-09-19 00:00:00+00:00
[2025-09-19T04:19:10.115+0000] {processor.py:183} INFO - Processing /home/airflow/.local/lib/python3.8/site-packages/airflow/example_dags/example_skip_dag.py took 0.147 seconds
[2025-09-19T04:19:40.389+0000] {processor.py:161} INFO - Started process (PID=1458) to work on /home/airflow/.local/lib/python3.8/site-packages/airflow/example_dags/example_skip_dag.py
[2025-09-19T04:19:40.391+0000] {processor.py:830} INFO - Processing file /home/airflow/.local/lib/python3.8/site-packages/airflow/example_dags/example_skip_dag.py for tasks to queue
[2025-09-19T04:19:40.395+0000] {logging_mixin.py:188} INFO - [2025-09-19T04:19:40.394+0000] {dagbag.py:538} INFO - Filling up the DagBag from /home/airflow/.local/lib/python3.8/site-packages/airflow/example_dags/example_skip_dag.py
[2025-09-19T04:19:40.410+0000] {processor.py:840} INFO - DAG(s) 'example_skip_dag' retrieved from /home/airflow/.local/lib/python3.8/site-packages/airflow/example_dags/example_skip_dag.py
[2025-09-19T04:19:40.456+0000] {logging_mixin.py:188} INFO - [2025-09-19T04:19:40.455+0000] {dag.py:3036} INFO - Sync 1 DAGs
[2025-09-19T04:19:40.505+0000] {logging_mixin.py:188} INFO - [2025-09-19T04:19:40.504+0000] {dag.py:3823} INFO - Setting next_dagrun for example_skip_dag to 2025-09-18 00:00:00+00:00, run_after=2025-09-19 00:00:00+00:00
[2025-09-19T04:19:40.549+0000] {processor.py:183} INFO - Processing /home/airflow/.local/lib/python3.8/site-packages/airflow/example_dags/example_skip_dag.py took 0.169 seconds
[2025-09-19T04:20:11.260+0000] {processor.py:161} INFO - Started process (PID=1513) to work on /home/airflow/.local/lib/python3.8/site-packages/airflow/example_dags/example_skip_dag.py
[2025-09-19T04:20:11.262+0000] {processor.py:830} INFO - Processing file /home/airflow/.local/lib/python3.8/site-packages/airflow/example_dags/example_skip_dag.py for tasks to queue
[2025-09-19T04:20:11.265+0000] {logging_mixin.py:188} INFO - [2025-09-19T04:20:11.264+0000] {dagbag.py:538} INFO - Filling up the DagBag from /home/airflow/.local/lib/python3.8/site-packages/airflow/example_dags/example_skip_dag.py
[2025-09-19T04:20:11.276+0000] {processor.py:840} INFO - DAG(s) 'example_skip_dag' retrieved from /home/airflow/.local/lib/python3.8/site-packages/airflow/example_dags/example_skip_dag.py
[2025-09-19T04:20:11.315+0000] {logging_mixin.py:188} INFO - [2025-09-19T04:20:11.314+0000] {dag.py:3036} INFO - Sync 1 DAGs
[2025-09-19T04:20:11.355+0000] {logging_mixin.py:188} INFO - [2025-09-19T04:20:11.354+0000] {dag.py:3823} INFO - Setting next_dagrun for example_skip_dag to 2025-09-18 00:00:00+00:00, run_after=2025-09-19 00:00:00+00:00
[2025-09-19T04:20:11.395+0000] {processor.py:183} INFO - Processing /home/airflow/.local/lib/python3.8/site-packages/airflow/example_dags/example_skip_dag.py took 0.141 seconds
[2025-09-19T04:20:41.642+0000] {processor.py:161} INFO - Started process (PID=1568) to work on /home/airflow/.local/lib/python3.8/site-packages/airflow/example_dags/example_skip_dag.py
[2025-09-19T04:20:41.644+0000] {processor.py:830} INFO - Processing file /home/airflow/.local/lib/python3.8/site-packages/airflow/example_dags/example_skip_dag.py for tasks to queue
[2025-09-19T04:20:41.647+0000] {logging_mixin.py:188} INFO - [2025-09-19T04:20:41.647+0000] {dagbag.py:538} INFO - Filling up the DagBag from /home/airflow/.local/lib/python3.8/site-packages/airflow/example_dags/example_skip_dag.py
[2025-09-19T04:20:41.658+0000] {processor.py:840} INFO - DAG(s) 'example_skip_dag' retrieved from /home/airflow/.local/lib/python3.8/site-packages/airflow/example_dags/example_skip_dag.py
[2025-09-19T04:20:41.703+0000] {logging_mixin.py:188} INFO - [2025-09-19T04:20:41.702+0000] {dag.py:3036} INFO - Sync 1 DAGs
[2025-09-19T04:20:41.744+0000] {logging_mixin.py:188} INFO - [2025-09-19T04:20:41.743+0000] {dag.py:3823} INFO - Setting next_dagrun for example_skip_dag to 2025-09-18 00:00:00+00:00, run_after=2025-09-19 00:00:00+00:00
[2025-09-19T04:20:41.779+0000] {processor.py:183} INFO - Processing /home/airflow/.local/lib/python3.8/site-packages/airflow/example_dags/example_skip_dag.py took 0.143 seconds
[2025-09-19T04:21:12.237+0000] {processor.py:161} INFO - Started process (PID=1623) to work on /home/airflow/.local/lib/python3.8/site-packages/airflow/example_dags/example_skip_dag.py
[2025-09-19T04:21:12.239+0000] {processor.py:830} INFO - Processing file /home/airflow/.local/lib/python3.8/site-packages/airflow/example_dags/example_skip_dag.py for tasks to queue
[2025-09-19T04:21:12.242+0000] {logging_mixin.py:188} INFO - [2025-09-19T04:21:12.241+0000] {dagbag.py:538} INFO - Filling up the DagBag from /home/airflow/.local/lib/python3.8/site-packages/airflow/example_dags/example_skip_dag.py
[2025-09-19T04:21:12.257+0000] {processor.py:840} INFO - DAG(s) 'example_skip_dag' retrieved from /home/airflow/.local/lib/python3.8/site-packages/airflow/example_dags/example_skip_dag.py
[2025-09-19T04:21:12.298+0000] {logging_mixin.py:188} INFO - [2025-09-19T04:21:12.298+0000] {dag.py:3036} INFO - Sync 1 DAGs
[2025-09-19T04:21:12.342+0000] {logging_mixin.py:188} INFO - [2025-09-19T04:21:12.342+0000] {dag.py:3823} INFO - Setting next_dagrun for example_skip_dag to 2025-09-18 00:00:00+00:00, run_after=2025-09-19 00:00:00+00:00
[2025-09-19T04:21:12.380+0000] {processor.py:183} INFO - Processing /home/airflow/.local/lib/python3.8/site-packages/airflow/example_dags/example_skip_dag.py took 0.148 seconds
[2025-09-19T04:21:42.566+0000] {processor.py:161} INFO - Started process (PID=1678) to work on /home/airflow/.local/lib/python3.8/site-packages/airflow/example_dags/example_skip_dag.py
[2025-09-19T04:21:42.568+0000] {processor.py:830} INFO - Processing file /home/airflow/.local/lib/python3.8/site-packages/airflow/example_dags/example_skip_dag.py for tasks to queue
[2025-09-19T04:21:42.571+0000] {logging_mixin.py:188} INFO - [2025-09-19T04:21:42.571+0000] {dagbag.py:538} INFO - Filling up the DagBag from /home/airflow/.local/lib/python3.8/site-packages/airflow/example_dags/example_skip_dag.py
[2025-09-19T04:21:42.583+0000] {processor.py:840} INFO - DAG(s) 'example_skip_dag' retrieved from /home/airflow/.local/lib/python3.8/site-packages/airflow/example_dags/example_skip_dag.py
[2025-09-19T04:21:42.621+0000] {logging_mixin.py:188} INFO - [2025-09-19T04:21:42.621+0000] {dag.py:3036} INFO - Sync 1 DAGs
[2025-09-19T04:21:42.663+0000] {logging_mixin.py:188} INFO - [2025-09-19T04:21:42.662+0000] {dag.py:3823} INFO - Setting next_dagrun for example_skip_dag to 2025-09-18 00:00:00+00:00, run_after=2025-09-19 00:00:00+00:00
[2025-09-19T04:21:42.696+0000] {processor.py:183} INFO - Processing /home/airflow/.local/lib/python3.8/site-packages/airflow/example_dags/example_skip_dag.py took 0.135 seconds
[2025-09-19T04:22:12.860+0000] {processor.py:161} INFO - Started process (PID=1733) to work on /home/airflow/.local/lib/python3.8/site-packages/airflow/example_dags/example_skip_dag.py
[2025-09-19T04:22:12.862+0000] {processor.py:830} INFO - Processing file /home/airflow/.local/lib/python3.8/site-packages/airflow/example_dags/example_skip_dag.py for tasks to queue
[2025-09-19T04:22:12.865+0000] {logging_mixin.py:188} INFO - [2025-09-19T04:22:12.865+0000] {dagbag.py:538} INFO - Filling up the DagBag from /home/airflow/.local/lib/python3.8/site-packages/airflow/example_dags/example_skip_dag.py
[2025-09-19T04:22:12.877+0000] {processor.py:840} INFO - DAG(s) 'example_skip_dag' retrieved from /home/airflow/.local/lib/python3.8/site-packages/airflow/example_dags/example_skip_dag.py
[2025-09-19T04:22:12.915+0000] {logging_mixin.py:188} INFO - [2025-09-19T04:22:12.914+0000] {dag.py:3036} INFO - Sync 1 DAGs
[2025-09-19T04:22:12.956+0000] {logging_mixin.py:188} INFO - [2025-09-19T04:22:12.956+0000] {dag.py:3823} INFO - Setting next_dagrun for example_skip_dag to 2025-09-18 00:00:00+00:00, run_after=2025-09-19 00:00:00+00:00
[2025-09-19T04:22:12.994+0000] {processor.py:183} INFO - Processing /home/airflow/.local/lib/python3.8/site-packages/airflow/example_dags/example_skip_dag.py took 0.139 seconds
[2025-09-19T04:22:43.331+0000] {processor.py:161} INFO - Started process (PID=1788) to work on /home/airflow/.local/lib/python3.8/site-packages/airflow/example_dags/example_skip_dag.py
[2025-09-19T04:22:43.333+0000] {processor.py:830} INFO - Processing file /home/airflow/.local/lib/python3.8/site-packages/airflow/example_dags/example_skip_dag.py for tasks to queue
[2025-09-19T04:22:43.336+0000] {logging_mixin.py:188} INFO - [2025-09-19T04:22:43.335+0000] {dagbag.py:538} INFO - Filling up the DagBag from /home/airflow/.local/lib/python3.8/site-packages/airflow/example_dags/example_skip_dag.py
[2025-09-19T04:22:43.348+0000] {processor.py:840} INFO - DAG(s) 'example_skip_dag' retrieved from /home/airflow/.local/lib/python3.8/site-packages/airflow/example_dags/example_skip_dag.py
[2025-09-19T04:22:43.392+0000] {logging_mixin.py:188} INFO - [2025-09-19T04:22:43.392+0000] {dag.py:3036} INFO - Sync 1 DAGs
[2025-09-19T04:22:43.435+0000] {logging_mixin.py:188} INFO - [2025-09-19T04:22:43.435+0000] {dag.py:3823} INFO - Setting next_dagrun for example_skip_dag to 2025-09-18 00:00:00+00:00, run_after=2025-09-19 00:00:00+00:00
[2025-09-19T04:22:43.470+0000] {processor.py:183} INFO - Processing /home/airflow/.local/lib/python3.8/site-packages/airflow/example_dags/example_skip_dag.py took 0.145 seconds
[2025-09-19T04:23:14.083+0000] {processor.py:161} INFO - Started process (PID=1841) to work on /home/airflow/.local/lib/python3.8/site-packages/airflow/example_dags/example_skip_dag.py
[2025-09-19T04:23:14.085+0000] {processor.py:830} INFO - Processing file /home/airflow/.local/lib/python3.8/site-packages/airflow/example_dags/example_skip_dag.py for tasks to queue
[2025-09-19T04:23:14.088+0000] {logging_mixin.py:188} INFO - [2025-09-19T04:23:14.088+0000] {dagbag.py:538} INFO - Filling up the DagBag from /home/airflow/.local/lib/python3.8/site-packages/airflow/example_dags/example_skip_dag.py
[2025-09-19T04:23:14.101+0000] {processor.py:840} INFO - DAG(s) 'example_skip_dag' retrieved from /home/airflow/.local/lib/python3.8/site-packages/airflow/example_dags/example_skip_dag.py
[2025-09-19T04:23:14.140+0000] {logging_mixin.py:188} INFO - [2025-09-19T04:23:14.139+0000] {dag.py:3036} INFO - Sync 1 DAGs
[2025-09-19T04:23:14.178+0000] {logging_mixin.py:188} INFO - [2025-09-19T04:23:14.178+0000] {dag.py:3823} INFO - Setting next_dagrun for example_skip_dag to 2025-09-18 00:00:00+00:00, run_after=2025-09-19 00:00:00+00:00
[2025-09-19T04:23:14.215+0000] {processor.py:183} INFO - Processing /home/airflow/.local/lib/python3.8/site-packages/airflow/example_dags/example_skip_dag.py took 0.137 seconds
[2025-09-19T04:23:44.525+0000] {processor.py:161} INFO - Started process (PID=1896) to work on /home/airflow/.local/lib/python3.8/site-packages/airflow/example_dags/example_skip_dag.py
[2025-09-19T04:23:44.527+0000] {processor.py:830} INFO - Processing file /home/airflow/.local/lib/python3.8/site-packages/airflow/example_dags/example_skip_dag.py for tasks to queue
[2025-09-19T04:23:44.531+0000] {logging_mixin.py:188} INFO - [2025-09-19T04:23:44.530+0000] {dagbag.py:538} INFO - Filling up the DagBag from /home/airflow/.local/lib/python3.8/site-packages/airflow/example_dags/example_skip_dag.py
[2025-09-19T04:23:44.542+0000] {processor.py:840} INFO - DAG(s) 'example_skip_dag' retrieved from /home/airflow/.local/lib/python3.8/site-packages/airflow/example_dags/example_skip_dag.py
[2025-09-19T04:23:44.581+0000] {logging_mixin.py:188} INFO - [2025-09-19T04:23:44.580+0000] {dag.py:3036} INFO - Sync 1 DAGs
[2025-09-19T04:23:44.620+0000] {logging_mixin.py:188} INFO - [2025-09-19T04:23:44.619+0000] {dag.py:3823} INFO - Setting next_dagrun for example_skip_dag to 2025-09-18 00:00:00+00:00, run_after=2025-09-19 00:00:00+00:00
[2025-09-19T04:23:44.658+0000] {processor.py:183} INFO - Processing /home/airflow/.local/lib/python3.8/site-packages/airflow/example_dags/example_skip_dag.py took 0.138 seconds
[2025-09-19T04:24:15.066+0000] {processor.py:161} INFO - Started process (PID=1951) to work on /home/airflow/.local/lib/python3.8/site-packages/airflow/example_dags/example_skip_dag.py
[2025-09-19T04:24:15.068+0000] {processor.py:830} INFO - Processing file /home/airflow/.local/lib/python3.8/site-packages/airflow/example_dags/example_skip_dag.py for tasks to queue
[2025-09-19T04:24:15.072+0000] {logging_mixin.py:188} INFO - [2025-09-19T04:24:15.071+0000] {dagbag.py:538} INFO - Filling up the DagBag from /home/airflow/.local/lib/python3.8/site-packages/airflow/example_dags/example_skip_dag.py
[2025-09-19T04:24:15.087+0000] {processor.py:840} INFO - DAG(s) 'example_skip_dag' retrieved from /home/airflow/.local/lib/python3.8/site-packages/airflow/example_dags/example_skip_dag.py
[2025-09-19T04:24:15.137+0000] {logging_mixin.py:188} INFO - [2025-09-19T04:24:15.137+0000] {dag.py:3036} INFO - Sync 1 DAGs
[2025-09-19T04:24:15.186+0000] {logging_mixin.py:188} INFO - [2025-09-19T04:24:15.186+0000] {dag.py:3823} INFO - Setting next_dagrun for example_skip_dag to 2025-09-18 00:00:00+00:00, run_after=2025-09-19 00:00:00+00:00
[2025-09-19T04:24:15.229+0000] {processor.py:183} INFO - Processing /home/airflow/.local/lib/python3.8/site-packages/airflow/example_dags/example_skip_dag.py took 0.170 seconds
[2025-09-19T04:24:45.431+0000] {processor.py:161} INFO - Started process (PID=2007) to work on /home/airflow/.local/lib/python3.8/site-packages/airflow/example_dags/example_skip_dag.py
[2025-09-19T04:24:45.432+0000] {processor.py:830} INFO - Processing file /home/airflow/.local/lib/python3.8/site-packages/airflow/example_dags/example_skip_dag.py for tasks to queue
[2025-09-19T04:24:45.436+0000] {logging_mixin.py:188} INFO - [2025-09-19T04:24:45.435+0000] {dagbag.py:538} INFO - Filling up the DagBag from /home/airflow/.local/lib/python3.8/site-packages/airflow/example_dags/example_skip_dag.py
[2025-09-19T04:24:45.448+0000] {processor.py:840} INFO - DAG(s) 'example_skip_dag' retrieved from /home/airflow/.local/lib/python3.8/site-packages/airflow/example_dags/example_skip_dag.py
[2025-09-19T04:24:45.486+0000] {logging_mixin.py:188} INFO - [2025-09-19T04:24:45.486+0000] {dag.py:3036} INFO - Sync 1 DAGs
[2025-09-19T04:24:45.534+0000] {logging_mixin.py:188} INFO - [2025-09-19T04:24:45.534+0000] {dag.py:3823} INFO - Setting next_dagrun for example_skip_dag to 2025-09-18 00:00:00+00:00, run_after=2025-09-19 00:00:00+00:00
[2025-09-19T04:24:45.572+0000] {processor.py:183} INFO - Processing /home/airflow/.local/lib/python3.8/site-packages/airflow/example_dags/example_skip_dag.py took 0.147 seconds
[2025-09-19T04:25:15.782+0000] {processor.py:161} INFO - Started process (PID=2062) to work on /home/airflow/.local/lib/python3.8/site-packages/airflow/example_dags/example_skip_dag.py
[2025-09-19T04:25:15.784+0000] {processor.py:830} INFO - Processing file /home/airflow/.local/lib/python3.8/site-packages/airflow/example_dags/example_skip_dag.py for tasks to queue
[2025-09-19T04:25:15.787+0000] {logging_mixin.py:188} INFO - [2025-09-19T04:25:15.787+0000] {dagbag.py:538} INFO - Filling up the DagBag from /home/airflow/.local/lib/python3.8/site-packages/airflow/example_dags/example_skip_dag.py
[2025-09-19T04:25:15.799+0000] {processor.py:840} INFO - DAG(s) 'example_skip_dag' retrieved from /home/airflow/.local/lib/python3.8/site-packages/airflow/example_dags/example_skip_dag.py
[2025-09-19T04:25:15.842+0000] {logging_mixin.py:188} INFO - [2025-09-19T04:25:15.842+0000] {dag.py:3036} INFO - Sync 1 DAGs
[2025-09-19T04:25:15.889+0000] {logging_mixin.py:188} INFO - [2025-09-19T04:25:15.889+0000] {dag.py:3823} INFO - Setting next_dagrun for example_skip_dag to 2025-09-18 00:00:00+00:00, run_after=2025-09-19 00:00:00+00:00
[2025-09-19T04:25:15.924+0000] {processor.py:183} INFO - Processing /home/airflow/.local/lib/python3.8/site-packages/airflow/example_dags/example_skip_dag.py took 0.150 seconds
[2025-09-19T04:25:45.989+0000] {processor.py:161} INFO - Started process (PID=2116) to work on /home/airflow/.local/lib/python3.8/site-packages/airflow/example_dags/example_skip_dag.py
[2025-09-19T04:25:45.991+0000] {processor.py:830} INFO - Processing file /home/airflow/.local/lib/python3.8/site-packages/airflow/example_dags/example_skip_dag.py for tasks to queue
[2025-09-19T04:25:45.994+0000] {logging_mixin.py:188} INFO - [2025-09-19T04:25:45.994+0000] {dagbag.py:538} INFO - Filling up the DagBag from /home/airflow/.local/lib/python3.8/site-packages/airflow/example_dags/example_skip_dag.py
[2025-09-19T04:25:46.007+0000] {processor.py:840} INFO - DAG(s) 'example_skip_dag' retrieved from /home/airflow/.local/lib/python3.8/site-packages/airflow/example_dags/example_skip_dag.py
[2025-09-19T04:25:46.046+0000] {logging_mixin.py:188} INFO - [2025-09-19T04:25:46.046+0000] {dag.py:3036} INFO - Sync 1 DAGs
[2025-09-19T04:25:46.090+0000] {logging_mixin.py:188} INFO - [2025-09-19T04:25:46.090+0000] {dag.py:3823} INFO - Setting next_dagrun for example_skip_dag to 2025-09-18 00:00:00+00:00, run_after=2025-09-19 00:00:00+00:00
[2025-09-19T04:25:46.131+0000] {processor.py:183} INFO - Processing /home/airflow/.local/lib/python3.8/site-packages/airflow/example_dags/example_skip_dag.py took 0.148 seconds
[2025-09-19T04:26:16.427+0000] {processor.py:161} INFO - Started process (PID=2171) to work on /home/airflow/.local/lib/python3.8/site-packages/airflow/example_dags/example_skip_dag.py
[2025-09-19T04:26:16.429+0000] {processor.py:830} INFO - Processing file /home/airflow/.local/lib/python3.8/site-packages/airflow/example_dags/example_skip_dag.py for tasks to queue
[2025-09-19T04:26:16.433+0000] {logging_mixin.py:188} INFO - [2025-09-19T04:26:16.432+0000] {dagbag.py:538} INFO - Filling up the DagBag from /home/airflow/.local/lib/python3.8/site-packages/airflow/example_dags/example_skip_dag.py
[2025-09-19T04:26:16.449+0000] {processor.py:840} INFO - DAG(s) 'example_skip_dag' retrieved from /home/airflow/.local/lib/python3.8/site-packages/airflow/example_dags/example_skip_dag.py
[2025-09-19T04:26:16.489+0000] {logging_mixin.py:188} INFO - [2025-09-19T04:26:16.489+0000] {dag.py:3036} INFO - Sync 1 DAGs
[2025-09-19T04:26:16.529+0000] {logging_mixin.py:188} INFO - [2025-09-19T04:26:16.529+0000] {dag.py:3823} INFO - Setting next_dagrun for example_skip_dag to 2025-09-18 00:00:00+00:00, run_after=2025-09-19 00:00:00+00:00
[2025-09-19T04:26:16.563+0000] {processor.py:183} INFO - Processing /home/airflow/.local/lib/python3.8/site-packages/airflow/example_dags/example_skip_dag.py took 0.144 seconds
[2025-09-19T04:26:47.154+0000] {processor.py:161} INFO - Started process (PID=2227) to work on /home/airflow/.local/lib/python3.8/site-packages/airflow/example_dags/example_skip_dag.py
[2025-09-19T04:26:47.156+0000] {processor.py:830} INFO - Processing file /home/airflow/.local/lib/python3.8/site-packages/airflow/example_dags/example_skip_dag.py for tasks to queue
[2025-09-19T04:26:47.160+0000] {logging_mixin.py:188} INFO - [2025-09-19T04:26:47.160+0000] {dagbag.py:538} INFO - Filling up the DagBag from /home/airflow/.local/lib/python3.8/site-packages/airflow/example_dags/example_skip_dag.py
[2025-09-19T04:26:47.172+0000] {processor.py:840} INFO - DAG(s) 'example_skip_dag' retrieved from /home/airflow/.local/lib/python3.8/site-packages/airflow/example_dags/example_skip_dag.py
[2025-09-19T04:26:47.213+0000] {logging_mixin.py:188} INFO - [2025-09-19T04:26:47.212+0000] {dag.py:3036} INFO - Sync 1 DAGs
[2025-09-19T04:26:47.252+0000] {logging_mixin.py:188} INFO - [2025-09-19T04:26:47.252+0000] {dag.py:3823} INFO - Setting next_dagrun for example_skip_dag to 2025-09-18 00:00:00+00:00, run_after=2025-09-19 00:00:00+00:00
[2025-09-19T04:26:47.293+0000] {processor.py:183} INFO - Processing /home/airflow/.local/lib/python3.8/site-packages/airflow/example_dags/example_skip_dag.py took 0.144 seconds
[2025-09-19T04:27:17.406+0000] {processor.py:161} INFO - Started process (PID=2281) to work on /home/airflow/.local/lib/python3.8/site-packages/airflow/example_dags/example_skip_dag.py
[2025-09-19T04:27:17.408+0000] {processor.py:830} INFO - Processing file /home/airflow/.local/lib/python3.8/site-packages/airflow/example_dags/example_skip_dag.py for tasks to queue
[2025-09-19T04:27:17.411+0000] {logging_mixin.py:188} INFO - [2025-09-19T04:27:17.410+0000] {dagbag.py:538} INFO - Filling up the DagBag from /home/airflow/.local/lib/python3.8/site-packages/airflow/example_dags/example_skip_dag.py
[2025-09-19T04:27:17.424+0000] {processor.py:840} INFO - DAG(s) 'example_skip_dag' retrieved from /home/airflow/.local/lib/python3.8/site-packages/airflow/example_dags/example_skip_dag.py
[2025-09-19T04:27:17.463+0000] {logging_mixin.py:188} INFO - [2025-09-19T04:27:17.462+0000] {dag.py:3036} INFO - Sync 1 DAGs
[2025-09-19T04:27:17.504+0000] {logging_mixin.py:188} INFO - [2025-09-19T04:27:17.503+0000] {dag.py:3823} INFO - Setting next_dagrun for example_skip_dag to 2025-09-18 00:00:00+00:00, run_after=2025-09-19 00:00:00+00:00
[2025-09-19T04:27:17.538+0000] {processor.py:183} INFO - Processing /home/airflow/.local/lib/python3.8/site-packages/airflow/example_dags/example_skip_dag.py took 0.138 seconds
[2025-09-19T04:27:47.796+0000] {processor.py:161} INFO - Started process (PID=2337) to work on /home/airflow/.local/lib/python3.8/site-packages/airflow/example_dags/example_skip_dag.py
[2025-09-19T04:27:47.798+0000] {processor.py:830} INFO - Processing file /home/airflow/.local/lib/python3.8/site-packages/airflow/example_dags/example_skip_dag.py for tasks to queue
[2025-09-19T04:27:47.802+0000] {logging_mixin.py:188} INFO - [2025-09-19T04:27:47.801+0000] {dagbag.py:538} INFO - Filling up the DagBag from /home/airflow/.local/lib/python3.8/site-packages/airflow/example_dags/example_skip_dag.py
[2025-09-19T04:27:47.813+0000] {processor.py:840} INFO - DAG(s) 'example_skip_dag' retrieved from /home/airflow/.local/lib/python3.8/site-packages/airflow/example_dags/example_skip_dag.py
[2025-09-19T04:27:47.852+0000] {logging_mixin.py:188} INFO - [2025-09-19T04:27:47.852+0000] {dag.py:3036} INFO - Sync 1 DAGs
[2025-09-19T04:27:47.893+0000] {logging_mixin.py:188} INFO - [2025-09-19T04:27:47.893+0000] {dag.py:3823} INFO - Setting next_dagrun for example_skip_dag to 2025-09-18 00:00:00+00:00, run_after=2025-09-19 00:00:00+00:00
[2025-09-19T04:27:47.932+0000] {processor.py:183} INFO - Processing /home/airflow/.local/lib/python3.8/site-packages/airflow/example_dags/example_skip_dag.py took 0.141 seconds
[2025-09-19T04:28:18.219+0000] {processor.py:161} INFO - Started process (PID=2392) to work on /home/airflow/.local/lib/python3.8/site-packages/airflow/example_dags/example_skip_dag.py
[2025-09-19T04:28:18.221+0000] {processor.py:830} INFO - Processing file /home/airflow/.local/lib/python3.8/site-packages/airflow/example_dags/example_skip_dag.py for tasks to queue
[2025-09-19T04:28:18.225+0000] {logging_mixin.py:188} INFO - [2025-09-19T04:28:18.224+0000] {dagbag.py:538} INFO - Filling up the DagBag from /home/airflow/.local/lib/python3.8/site-packages/airflow/example_dags/example_skip_dag.py
[2025-09-19T04:28:18.237+0000] {processor.py:840} INFO - DAG(s) 'example_skip_dag' retrieved from /home/airflow/.local/lib/python3.8/site-packages/airflow/example_dags/example_skip_dag.py
[2025-09-19T04:28:18.278+0000] {logging_mixin.py:188} INFO - [2025-09-19T04:28:18.277+0000] {dag.py:3036} INFO - Sync 1 DAGs
[2025-09-19T04:28:18.320+0000] {logging_mixin.py:188} INFO - [2025-09-19T04:28:18.320+0000] {dag.py:3823} INFO - Setting next_dagrun for example_skip_dag to 2025-09-18 00:00:00+00:00, run_after=2025-09-19 00:00:00+00:00
[2025-09-19T04:28:18.356+0000] {processor.py:183} INFO - Processing /home/airflow/.local/lib/python3.8/site-packages/airflow/example_dags/example_skip_dag.py took 0.142 seconds
[2025-09-19T04:28:48.869+0000] {processor.py:161} INFO - Started process (PID=2447) to work on /home/airflow/.local/lib/python3.8/site-packages/airflow/example_dags/example_skip_dag.py
[2025-09-19T04:28:48.871+0000] {processor.py:830} INFO - Processing file /home/airflow/.local/lib/python3.8/site-packages/airflow/example_dags/example_skip_dag.py for tasks to queue
[2025-09-19T04:28:48.874+0000] {logging_mixin.py:188} INFO - [2025-09-19T04:28:48.874+0000] {dagbag.py:538} INFO - Filling up the DagBag from /home/airflow/.local/lib/python3.8/site-packages/airflow/example_dags/example_skip_dag.py
[2025-09-19T04:28:48.886+0000] {processor.py:840} INFO - DAG(s) 'example_skip_dag' retrieved from /home/airflow/.local/lib/python3.8/site-packages/airflow/example_dags/example_skip_dag.py
[2025-09-19T04:28:48.927+0000] {logging_mixin.py:188} INFO - [2025-09-19T04:28:48.927+0000] {dag.py:3036} INFO - Sync 1 DAGs
[2025-09-19T04:28:48.967+0000] {logging_mixin.py:188} INFO - [2025-09-19T04:28:48.966+0000] {dag.py:3823} INFO - Setting next_dagrun for example_skip_dag to 2025-09-18 00:00:00+00:00, run_after=2025-09-19 00:00:00+00:00
[2025-09-19T04:28:49.007+0000] {processor.py:183} INFO - Processing /home/airflow/.local/lib/python3.8/site-packages/airflow/example_dags/example_skip_dag.py took 0.144 seconds
[2025-09-19T04:29:19.242+0000] {processor.py:161} INFO - Started process (PID=2502) to work on /home/airflow/.local/lib/python3.8/site-packages/airflow/example_dags/example_skip_dag.py
[2025-09-19T04:29:19.245+0000] {processor.py:830} INFO - Processing file /home/airflow/.local/lib/python3.8/site-packages/airflow/example_dags/example_skip_dag.py for tasks to queue
[2025-09-19T04:29:19.248+0000] {logging_mixin.py:188} INFO - [2025-09-19T04:29:19.248+0000] {dagbag.py:538} INFO - Filling up the DagBag from /home/airflow/.local/lib/python3.8/site-packages/airflow/example_dags/example_skip_dag.py
[2025-09-19T04:29:19.261+0000] {processor.py:840} INFO - DAG(s) 'example_skip_dag' retrieved from /home/airflow/.local/lib/python3.8/site-packages/airflow/example_dags/example_skip_dag.py
[2025-09-19T04:29:19.304+0000] {logging_mixin.py:188} INFO - [2025-09-19T04:29:19.304+0000] {dag.py:3036} INFO - Sync 1 DAGs
[2025-09-19T04:29:19.351+0000] {logging_mixin.py:188} INFO - [2025-09-19T04:29:19.351+0000] {dag.py:3823} INFO - Setting next_dagrun for example_skip_dag to 2025-09-18 00:00:00+00:00, run_after=2025-09-19 00:00:00+00:00
[2025-09-19T04:29:19.388+0000] {processor.py:183} INFO - Processing /home/airflow/.local/lib/python3.8/site-packages/airflow/example_dags/example_skip_dag.py took 0.154 seconds
[2025-09-19T04:29:49.508+0000] {processor.py:161} INFO - Started process (PID=2556) to work on /home/airflow/.local/lib/python3.8/site-packages/airflow/example_dags/example_skip_dag.py
[2025-09-19T04:29:49.509+0000] {processor.py:830} INFO - Processing file /home/airflow/.local/lib/python3.8/site-packages/airflow/example_dags/example_skip_dag.py for tasks to queue
[2025-09-19T04:29:49.513+0000] {logging_mixin.py:188} INFO - [2025-09-19T04:29:49.512+0000] {dagbag.py:538} INFO - Filling up the DagBag from /home/airflow/.local/lib/python3.8/site-packages/airflow/example_dags/example_skip_dag.py
[2025-09-19T04:29:49.524+0000] {processor.py:840} INFO - DAG(s) 'example_skip_dag' retrieved from /home/airflow/.local/lib/python3.8/site-packages/airflow/example_dags/example_skip_dag.py
[2025-09-19T04:29:49.560+0000] {logging_mixin.py:188} INFO - [2025-09-19T04:29:49.560+0000] {dag.py:3036} INFO - Sync 1 DAGs
[2025-09-19T04:29:49.602+0000] {logging_mixin.py:188} INFO - [2025-09-19T04:29:49.602+0000] {dag.py:3823} INFO - Setting next_dagrun for example_skip_dag to 2025-09-18 00:00:00+00:00, run_after=2025-09-19 00:00:00+00:00
[2025-09-19T04:29:49.645+0000] {processor.py:183} INFO - Processing /home/airflow/.local/lib/python3.8/site-packages/airflow/example_dags/example_skip_dag.py took 0.143 seconds
[2025-09-19T04:30:20.549+0000] {processor.py:161} INFO - Started process (PID=2612) to work on /home/airflow/.local/lib/python3.8/site-packages/airflow/example_dags/example_skip_dag.py
[2025-09-19T04:30:20.551+0000] {processor.py:830} INFO - Processing file /home/airflow/.local/lib/python3.8/site-packages/airflow/example_dags/example_skip_dag.py for tasks to queue
[2025-09-19T04:30:20.554+0000] {logging_mixin.py:188} INFO - [2025-09-19T04:30:20.554+0000] {dagbag.py:538} INFO - Filling up the DagBag from /home/airflow/.local/lib/python3.8/site-packages/airflow/example_dags/example_skip_dag.py
[2025-09-19T04:30:20.568+0000] {processor.py:840} INFO - DAG(s) 'example_skip_dag' retrieved from /home/airflow/.local/lib/python3.8/site-packages/airflow/example_dags/example_skip_dag.py
[2025-09-19T04:30:20.608+0000] {logging_mixin.py:188} INFO - [2025-09-19T04:30:20.608+0000] {dag.py:3036} INFO - Sync 1 DAGs
[2025-09-19T04:30:20.651+0000] {logging_mixin.py:188} INFO - [2025-09-19T04:30:20.650+0000] {dag.py:3823} INFO - Setting next_dagrun for example_skip_dag to 2025-09-18 00:00:00+00:00, run_after=2025-09-19 00:00:00+00:00
[2025-09-19T04:30:20.693+0000] {processor.py:183} INFO - Processing /home/airflow/.local/lib/python3.8/site-packages/airflow/example_dags/example_skip_dag.py took 0.150 seconds
[2025-09-19T04:30:50.743+0000] {processor.py:161} INFO - Started process (PID=2666) to work on /home/airflow/.local/lib/python3.8/site-packages/airflow/example_dags/example_skip_dag.py
[2025-09-19T04:30:50.745+0000] {processor.py:830} INFO - Processing file /home/airflow/.local/lib/python3.8/site-packages/airflow/example_dags/example_skip_dag.py for tasks to queue
[2025-09-19T04:30:50.749+0000] {logging_mixin.py:188} INFO - [2025-09-19T04:30:50.748+0000] {dagbag.py:538} INFO - Filling up the DagBag from /home/airflow/.local/lib/python3.8/site-packages/airflow/example_dags/example_skip_dag.py
[2025-09-19T04:30:50.760+0000] {processor.py:840} INFO - DAG(s) 'example_skip_dag' retrieved from /home/airflow/.local/lib/python3.8/site-packages/airflow/example_dags/example_skip_dag.py
[2025-09-19T04:30:50.797+0000] {logging_mixin.py:188} INFO - [2025-09-19T04:30:50.796+0000] {dag.py:3036} INFO - Sync 1 DAGs
[2025-09-19T04:30:50.843+0000] {logging_mixin.py:188} INFO - [2025-09-19T04:30:50.842+0000] {dag.py:3823} INFO - Setting next_dagrun for example_skip_dag to 2025-09-18 00:00:00+00:00, run_after=2025-09-19 00:00:00+00:00
[2025-09-19T04:30:50.891+0000] {processor.py:183} INFO - Processing /home/airflow/.local/lib/python3.8/site-packages/airflow/example_dags/example_skip_dag.py took 0.153 seconds
[2025-09-19T04:31:21.592+0000] {processor.py:161} INFO - Started process (PID=2721) to work on /home/airflow/.local/lib/python3.8/site-packages/airflow/example_dags/example_skip_dag.py
[2025-09-19T04:31:21.594+0000] {processor.py:830} INFO - Processing file /home/airflow/.local/lib/python3.8/site-packages/airflow/example_dags/example_skip_dag.py for tasks to queue
[2025-09-19T04:31:21.598+0000] {logging_mixin.py:188} INFO - [2025-09-19T04:31:21.597+0000] {dagbag.py:538} INFO - Filling up the DagBag from /home/airflow/.local/lib/python3.8/site-packages/airflow/example_dags/example_skip_dag.py
[2025-09-19T04:31:21.610+0000] {processor.py:840} INFO - DAG(s) 'example_skip_dag' retrieved from /home/airflow/.local/lib/python3.8/site-packages/airflow/example_dags/example_skip_dag.py
[2025-09-19T04:31:21.647+0000] {logging_mixin.py:188} INFO - [2025-09-19T04:31:21.647+0000] {dag.py:3036} INFO - Sync 1 DAGs
[2025-09-19T04:31:21.688+0000] {logging_mixin.py:188} INFO - [2025-09-19T04:31:21.688+0000] {dag.py:3823} INFO - Setting next_dagrun for example_skip_dag to 2025-09-18 00:00:00+00:00, run_after=2025-09-19 00:00:00+00:00
[2025-09-19T04:31:21.728+0000] {processor.py:183} INFO - Processing /home/airflow/.local/lib/python3.8/site-packages/airflow/example_dags/example_skip_dag.py took 0.141 seconds
[2025-09-19T04:31:52.568+0000] {processor.py:161} INFO - Started process (PID=2776) to work on /home/airflow/.local/lib/python3.8/site-packages/airflow/example_dags/example_skip_dag.py
[2025-09-19T04:31:52.570+0000] {processor.py:830} INFO - Processing file /home/airflow/.local/lib/python3.8/site-packages/airflow/example_dags/example_skip_dag.py for tasks to queue
[2025-09-19T04:31:52.573+0000] {logging_mixin.py:188} INFO - [2025-09-19T04:31:52.573+0000] {dagbag.py:538} INFO - Filling up the DagBag from /home/airflow/.local/lib/python3.8/site-packages/airflow/example_dags/example_skip_dag.py
[2025-09-19T04:31:52.588+0000] {processor.py:840} INFO - DAG(s) 'example_skip_dag' retrieved from /home/airflow/.local/lib/python3.8/site-packages/airflow/example_dags/example_skip_dag.py
[2025-09-19T04:31:52.632+0000] {logging_mixin.py:188} INFO - [2025-09-19T04:31:52.632+0000] {dag.py:3036} INFO - Sync 1 DAGs
[2025-09-19T04:31:52.680+0000] {logging_mixin.py:188} INFO - [2025-09-19T04:31:52.679+0000] {dag.py:3823} INFO - Setting next_dagrun for example_skip_dag to 2025-09-18 00:00:00+00:00, run_after=2025-09-19 00:00:00+00:00
[2025-09-19T04:31:52.725+0000] {processor.py:183} INFO - Processing /home/airflow/.local/lib/python3.8/site-packages/airflow/example_dags/example_skip_dag.py took 0.164 seconds
[2025-09-19T04:32:22.983+0000] {processor.py:161} INFO - Started process (PID=2831) to work on /home/airflow/.local/lib/python3.8/site-packages/airflow/example_dags/example_skip_dag.py
[2025-09-19T04:32:22.985+0000] {processor.py:830} INFO - Processing file /home/airflow/.local/lib/python3.8/site-packages/airflow/example_dags/example_skip_dag.py for tasks to queue
[2025-09-19T04:32:22.989+0000] {logging_mixin.py:188} INFO - [2025-09-19T04:32:22.988+0000] {dagbag.py:538} INFO - Filling up the DagBag from /home/airflow/.local/lib/python3.8/site-packages/airflow/example_dags/example_skip_dag.py
[2025-09-19T04:32:23.002+0000] {processor.py:840} INFO - DAG(s) 'example_skip_dag' retrieved from /home/airflow/.local/lib/python3.8/site-packages/airflow/example_dags/example_skip_dag.py
[2025-09-19T04:32:23.041+0000] {logging_mixin.py:188} INFO - [2025-09-19T04:32:23.041+0000] {dag.py:3036} INFO - Sync 1 DAGs
[2025-09-19T04:32:23.083+0000] {logging_mixin.py:188} INFO - [2025-09-19T04:32:23.083+0000] {dag.py:3823} INFO - Setting next_dagrun for example_skip_dag to 2025-09-18 00:00:00+00:00, run_after=2025-09-19 00:00:00+00:00
[2025-09-19T04:32:23.303+0000] {processor.py:183} INFO - Processing /home/airflow/.local/lib/python3.8/site-packages/airflow/example_dags/example_skip_dag.py took 0.328 seconds
[2025-09-19T04:32:53.376+0000] {processor.py:161} INFO - Started process (PID=2886) to work on /home/airflow/.local/lib/python3.8/site-packages/airflow/example_dags/example_skip_dag.py
[2025-09-19T04:32:53.378+0000] {processor.py:830} INFO - Processing file /home/airflow/.local/lib/python3.8/site-packages/airflow/example_dags/example_skip_dag.py for tasks to queue
[2025-09-19T04:32:53.382+0000] {logging_mixin.py:188} INFO - [2025-09-19T04:32:53.381+0000] {dagbag.py:538} INFO - Filling up the DagBag from /home/airflow/.local/lib/python3.8/site-packages/airflow/example_dags/example_skip_dag.py
[2025-09-19T04:32:53.396+0000] {processor.py:840} INFO - DAG(s) 'example_skip_dag' retrieved from /home/airflow/.local/lib/python3.8/site-packages/airflow/example_dags/example_skip_dag.py
[2025-09-19T04:32:53.460+0000] {logging_mixin.py:188} INFO - [2025-09-19T04:32:53.460+0000] {dag.py:3036} INFO - Sync 1 DAGs
[2025-09-19T04:32:53.512+0000] {logging_mixin.py:188} INFO - [2025-09-19T04:32:53.512+0000] {dag.py:3823} INFO - Setting next_dagrun for example_skip_dag to 2025-09-18 00:00:00+00:00, run_after=2025-09-19 00:00:00+00:00
[2025-09-19T04:32:53.551+0000] {processor.py:183} INFO - Processing /home/airflow/.local/lib/python3.8/site-packages/airflow/example_dags/example_skip_dag.py took 0.180 seconds
[2025-09-19T04:33:23.764+0000] {processor.py:161} INFO - Started process (PID=2947) to work on /home/airflow/.local/lib/python3.8/site-packages/airflow/example_dags/example_skip_dag.py
[2025-09-19T04:33:23.767+0000] {processor.py:830} INFO - Processing file /home/airflow/.local/lib/python3.8/site-packages/airflow/example_dags/example_skip_dag.py for tasks to queue
[2025-09-19T04:33:23.775+0000] {logging_mixin.py:188} INFO - [2025-09-19T04:33:23.774+0000] {dagbag.py:538} INFO - Filling up the DagBag from /home/airflow/.local/lib/python3.8/site-packages/airflow/example_dags/example_skip_dag.py
[2025-09-19T04:33:23.794+0000] {processor.py:840} INFO - DAG(s) 'example_skip_dag' retrieved from /home/airflow/.local/lib/python3.8/site-packages/airflow/example_dags/example_skip_dag.py
[2025-09-19T04:33:23.838+0000] {logging_mixin.py:188} INFO - [2025-09-19T04:33:23.837+0000] {dag.py:3036} INFO - Sync 1 DAGs
[2025-09-19T04:33:23.891+0000] {logging_mixin.py:188} INFO - [2025-09-19T04:33:23.890+0000] {dag.py:3823} INFO - Setting next_dagrun for example_skip_dag to 2025-09-18 00:00:00+00:00, run_after=2025-09-19 00:00:00+00:00
[2025-09-19T04:33:23.937+0000] {processor.py:183} INFO - Processing /home/airflow/.local/lib/python3.8/site-packages/airflow/example_dags/example_skip_dag.py took 0.180 seconds
