[2025-09-19T04:06:51.059+0000] {processor.py:161} INFO - Started process (PID=66) to work on /home/airflow/.local/lib/python3.8/site-packages/airflow/example_dags/example_bash_operator.py
[2025-09-19T04:06:51.066+0000] {processor.py:830} INFO - Processing file /home/airflow/.local/lib/python3.8/site-packages/airflow/example_dags/example_bash_operator.py for tasks to queue
[2025-09-19T04:06:51.071+0000] {logging_mixin.py:188} INFO - [2025-09-19T04:06:51.070+0000] {dagbag.py:538} INFO - Filling up the DagBag from /home/airflow/.local/lib/python3.8/site-packages/airflow/example_dags/example_bash_operator.py
[2025-09-19T04:06:51.115+0000] {processor.py:840} INFO - DAG(s) 'example_bash_operator' retrieved from /home/airflow/.local/lib/python3.8/site-packages/airflow/example_dags/example_bash_operator.py
[2025-09-19T04:06:51.420+0000] {logging_mixin.py:188} INFO - [2025-09-19T04:06:51.419+0000] {dag.py:3036} INFO - Sync 1 DAGs
[2025-09-19T04:06:51.497+0000] {logging_mixin.py:188} INFO - [2025-09-19T04:06:51.497+0000] {dag.py:3823} INFO - Setting next_dagrun for example_bash_operator to 2025-09-18 00:00:00+00:00, run_after=2025-09-19 00:00:00+00:00
[2025-09-19T04:06:51.547+0000] {processor.py:183} INFO - Processing /home/airflow/.local/lib/python3.8/site-packages/airflow/example_dags/example_bash_operator.py took 0.500 seconds
[2025-09-19T04:07:22.255+0000] {processor.py:161} INFO - Started process (PID=121) to work on /home/airflow/.local/lib/python3.8/site-packages/airflow/example_dags/example_bash_operator.py
[2025-09-19T04:07:22.257+0000] {processor.py:830} INFO - Processing file /home/airflow/.local/lib/python3.8/site-packages/airflow/example_dags/example_bash_operator.py for tasks to queue
[2025-09-19T04:07:22.261+0000] {logging_mixin.py:188} INFO - [2025-09-19T04:07:22.260+0000] {dagbag.py:538} INFO - Filling up the DagBag from /home/airflow/.local/lib/python3.8/site-packages/airflow/example_dags/example_bash_operator.py
[2025-09-19T04:07:22.283+0000] {processor.py:840} INFO - DAG(s) 'example_bash_operator' retrieved from /home/airflow/.local/lib/python3.8/site-packages/airflow/example_dags/example_bash_operator.py
[2025-09-19T04:07:22.340+0000] {logging_mixin.py:188} INFO - [2025-09-19T04:07:22.340+0000] {dag.py:3036} INFO - Sync 1 DAGs
[2025-09-19T04:07:22.382+0000] {logging_mixin.py:188} INFO - [2025-09-19T04:07:22.382+0000] {dag.py:3823} INFO - Setting next_dagrun for example_bash_operator to 2025-09-18 00:00:00+00:00, run_after=2025-09-19 00:00:00+00:00
[2025-09-19T04:07:22.416+0000] {processor.py:183} INFO - Processing /home/airflow/.local/lib/python3.8/site-packages/airflow/example_dags/example_bash_operator.py took 0.166 seconds
[2025-09-19T04:07:52.980+0000] {processor.py:161} INFO - Started process (PID=176) to work on /home/airflow/.local/lib/python3.8/site-packages/airflow/example_dags/example_bash_operator.py
[2025-09-19T04:07:52.983+0000] {processor.py:830} INFO - Processing file /home/airflow/.local/lib/python3.8/site-packages/airflow/example_dags/example_bash_operator.py for tasks to queue
[2025-09-19T04:07:52.986+0000] {logging_mixin.py:188} INFO - [2025-09-19T04:07:52.985+0000] {dagbag.py:538} INFO - Filling up the DagBag from /home/airflow/.local/lib/python3.8/site-packages/airflow/example_dags/example_bash_operator.py
[2025-09-19T04:07:53.011+0000] {processor.py:840} INFO - DAG(s) 'example_bash_operator' retrieved from /home/airflow/.local/lib/python3.8/site-packages/airflow/example_dags/example_bash_operator.py
[2025-09-19T04:07:53.073+0000] {logging_mixin.py:188} INFO - [2025-09-19T04:07:53.072+0000] {dag.py:3036} INFO - Sync 1 DAGs
[2025-09-19T04:07:53.117+0000] {logging_mixin.py:188} INFO - [2025-09-19T04:07:53.117+0000] {dag.py:3823} INFO - Setting next_dagrun for example_bash_operator to 2025-09-18 00:00:00+00:00, run_after=2025-09-19 00:00:00+00:00
[2025-09-19T04:07:53.157+0000] {processor.py:183} INFO - Processing /home/airflow/.local/lib/python3.8/site-packages/airflow/example_dags/example_bash_operator.py took 0.183 seconds
[2025-09-19T04:08:23.584+0000] {processor.py:161} INFO - Started process (PID=231) to work on /home/airflow/.local/lib/python3.8/site-packages/airflow/example_dags/example_bash_operator.py
[2025-09-19T04:08:23.587+0000] {processor.py:830} INFO - Processing file /home/airflow/.local/lib/python3.8/site-packages/airflow/example_dags/example_bash_operator.py for tasks to queue
[2025-09-19T04:08:23.592+0000] {logging_mixin.py:188} INFO - [2025-09-19T04:08:23.591+0000] {dagbag.py:538} INFO - Filling up the DagBag from /home/airflow/.local/lib/python3.8/site-packages/airflow/example_dags/example_bash_operator.py
[2025-09-19T04:08:23.621+0000] {processor.py:840} INFO - DAG(s) 'example_bash_operator' retrieved from /home/airflow/.local/lib/python3.8/site-packages/airflow/example_dags/example_bash_operator.py
[2025-09-19T04:08:23.691+0000] {logging_mixin.py:188} INFO - [2025-09-19T04:08:23.690+0000] {dag.py:3036} INFO - Sync 1 DAGs
[2025-09-19T04:08:23.740+0000] {logging_mixin.py:188} INFO - [2025-09-19T04:08:23.740+0000] {dag.py:3823} INFO - Setting next_dagrun for example_bash_operator to 2025-09-18 00:00:00+00:00, run_after=2025-09-19 00:00:00+00:00
[2025-09-19T04:08:23.789+0000] {processor.py:183} INFO - Processing /home/airflow/.local/lib/python3.8/site-packages/airflow/example_dags/example_bash_operator.py took 0.214 seconds
[2025-09-19T04:08:53.966+0000] {processor.py:161} INFO - Started process (PID=287) to work on /home/airflow/.local/lib/python3.8/site-packages/airflow/example_dags/example_bash_operator.py
[2025-09-19T04:08:53.968+0000] {processor.py:830} INFO - Processing file /home/airflow/.local/lib/python3.8/site-packages/airflow/example_dags/example_bash_operator.py for tasks to queue
[2025-09-19T04:08:53.971+0000] {logging_mixin.py:188} INFO - [2025-09-19T04:08:53.971+0000] {dagbag.py:538} INFO - Filling up the DagBag from /home/airflow/.local/lib/python3.8/site-packages/airflow/example_dags/example_bash_operator.py
[2025-09-19T04:08:53.992+0000] {processor.py:840} INFO - DAG(s) 'example_bash_operator' retrieved from /home/airflow/.local/lib/python3.8/site-packages/airflow/example_dags/example_bash_operator.py
[2025-09-19T04:08:54.047+0000] {logging_mixin.py:188} INFO - [2025-09-19T04:08:54.047+0000] {dag.py:3036} INFO - Sync 1 DAGs
[2025-09-19T04:08:54.094+0000] {logging_mixin.py:188} INFO - [2025-09-19T04:08:54.093+0000] {dag.py:3823} INFO - Setting next_dagrun for example_bash_operator to 2025-09-18 00:00:00+00:00, run_after=2025-09-19 00:00:00+00:00
[2025-09-19T04:08:54.132+0000] {processor.py:183} INFO - Processing /home/airflow/.local/lib/python3.8/site-packages/airflow/example_dags/example_bash_operator.py took 0.172 seconds
[2025-09-19T04:09:24.722+0000] {processor.py:161} INFO - Started process (PID=342) to work on /home/airflow/.local/lib/python3.8/site-packages/airflow/example_dags/example_bash_operator.py
[2025-09-19T04:09:24.723+0000] {processor.py:830} INFO - Processing file /home/airflow/.local/lib/python3.8/site-packages/airflow/example_dags/example_bash_operator.py for tasks to queue
[2025-09-19T04:09:24.727+0000] {logging_mixin.py:188} INFO - [2025-09-19T04:09:24.726+0000] {dagbag.py:538} INFO - Filling up the DagBag from /home/airflow/.local/lib/python3.8/site-packages/airflow/example_dags/example_bash_operator.py
[2025-09-19T04:09:24.748+0000] {processor.py:840} INFO - DAG(s) 'example_bash_operator' retrieved from /home/airflow/.local/lib/python3.8/site-packages/airflow/example_dags/example_bash_operator.py
[2025-09-19T04:09:24.802+0000] {logging_mixin.py:188} INFO - [2025-09-19T04:09:24.801+0000] {dag.py:3036} INFO - Sync 1 DAGs
[2025-09-19T04:09:24.844+0000] {logging_mixin.py:188} INFO - [2025-09-19T04:09:24.843+0000] {dag.py:3823} INFO - Setting next_dagrun for example_bash_operator to 2025-09-18 00:00:00+00:00, run_after=2025-09-19 00:00:00+00:00
[2025-09-19T04:09:24.881+0000] {processor.py:183} INFO - Processing /home/airflow/.local/lib/python3.8/site-packages/airflow/example_dags/example_bash_operator.py took 0.165 seconds
[2025-09-19T04:09:55.023+0000] {processor.py:161} INFO - Started process (PID=397) to work on /home/airflow/.local/lib/python3.8/site-packages/airflow/example_dags/example_bash_operator.py
[2025-09-19T04:09:55.025+0000] {processor.py:830} INFO - Processing file /home/airflow/.local/lib/python3.8/site-packages/airflow/example_dags/example_bash_operator.py for tasks to queue
[2025-09-19T04:09:55.029+0000] {logging_mixin.py:188} INFO - [2025-09-19T04:09:55.029+0000] {dagbag.py:538} INFO - Filling up the DagBag from /home/airflow/.local/lib/python3.8/site-packages/airflow/example_dags/example_bash_operator.py
[2025-09-19T04:09:55.051+0000] {processor.py:840} INFO - DAG(s) 'example_bash_operator' retrieved from /home/airflow/.local/lib/python3.8/site-packages/airflow/example_dags/example_bash_operator.py
[2025-09-19T04:09:55.124+0000] {logging_mixin.py:188} INFO - [2025-09-19T04:09:55.124+0000] {dag.py:3036} INFO - Sync 1 DAGs
[2025-09-19T04:09:55.170+0000] {logging_mixin.py:188} INFO - [2025-09-19T04:09:55.170+0000] {dag.py:3823} INFO - Setting next_dagrun for example_bash_operator to 2025-09-18 00:00:00+00:00, run_after=2025-09-19 00:00:00+00:00
[2025-09-19T04:09:55.213+0000] {processor.py:183} INFO - Processing /home/airflow/.local/lib/python3.8/site-packages/airflow/example_dags/example_bash_operator.py took 0.196 seconds
[2025-09-19T04:10:25.825+0000] {processor.py:161} INFO - Started process (PID=452) to work on /home/airflow/.local/lib/python3.8/site-packages/airflow/example_dags/example_bash_operator.py
[2025-09-19T04:10:25.828+0000] {processor.py:830} INFO - Processing file /home/airflow/.local/lib/python3.8/site-packages/airflow/example_dags/example_bash_operator.py for tasks to queue
[2025-09-19T04:10:25.831+0000] {logging_mixin.py:188} INFO - [2025-09-19T04:10:25.830+0000] {dagbag.py:538} INFO - Filling up the DagBag from /home/airflow/.local/lib/python3.8/site-packages/airflow/example_dags/example_bash_operator.py
[2025-09-19T04:10:25.854+0000] {processor.py:840} INFO - DAG(s) 'example_bash_operator' retrieved from /home/airflow/.local/lib/python3.8/site-packages/airflow/example_dags/example_bash_operator.py
[2025-09-19T04:10:25.914+0000] {logging_mixin.py:188} INFO - [2025-09-19T04:10:25.913+0000] {dag.py:3036} INFO - Sync 1 DAGs
[2025-09-19T04:10:25.965+0000] {logging_mixin.py:188} INFO - [2025-09-19T04:10:25.965+0000] {dag.py:3823} INFO - Setting next_dagrun for example_bash_operator to 2025-09-18 00:00:00+00:00, run_after=2025-09-19 00:00:00+00:00
[2025-09-19T04:10:26.000+0000] {processor.py:183} INFO - Processing /home/airflow/.local/lib/python3.8/site-packages/airflow/example_dags/example_bash_operator.py took 0.182 seconds
[2025-09-19T04:10:56.212+0000] {processor.py:161} INFO - Started process (PID=507) to work on /home/airflow/.local/lib/python3.8/site-packages/airflow/example_dags/example_bash_operator.py
[2025-09-19T04:10:56.215+0000] {processor.py:830} INFO - Processing file /home/airflow/.local/lib/python3.8/site-packages/airflow/example_dags/example_bash_operator.py for tasks to queue
[2025-09-19T04:10:56.219+0000] {logging_mixin.py:188} INFO - [2025-09-19T04:10:56.218+0000] {dagbag.py:538} INFO - Filling up the DagBag from /home/airflow/.local/lib/python3.8/site-packages/airflow/example_dags/example_bash_operator.py
[2025-09-19T04:10:56.245+0000] {processor.py:840} INFO - DAG(s) 'example_bash_operator' retrieved from /home/airflow/.local/lib/python3.8/site-packages/airflow/example_dags/example_bash_operator.py
[2025-09-19T04:10:56.306+0000] {logging_mixin.py:188} INFO - [2025-09-19T04:10:56.306+0000] {dag.py:3036} INFO - Sync 1 DAGs
[2025-09-19T04:10:56.361+0000] {logging_mixin.py:188} INFO - [2025-09-19T04:10:56.361+0000] {dag.py:3823} INFO - Setting next_dagrun for example_bash_operator to 2025-09-18 00:00:00+00:00, run_after=2025-09-19 00:00:00+00:00
[2025-09-19T04:10:56.409+0000] {processor.py:183} INFO - Processing /home/airflow/.local/lib/python3.8/site-packages/airflow/example_dags/example_bash_operator.py took 0.204 seconds
[2025-09-19T04:11:27.028+0000] {processor.py:161} INFO - Started process (PID=562) to work on /home/airflow/.local/lib/python3.8/site-packages/airflow/example_dags/example_bash_operator.py
[2025-09-19T04:11:27.029+0000] {processor.py:830} INFO - Processing file /home/airflow/.local/lib/python3.8/site-packages/airflow/example_dags/example_bash_operator.py for tasks to queue
[2025-09-19T04:11:27.033+0000] {logging_mixin.py:188} INFO - [2025-09-19T04:11:27.033+0000] {dagbag.py:538} INFO - Filling up the DagBag from /home/airflow/.local/lib/python3.8/site-packages/airflow/example_dags/example_bash_operator.py
[2025-09-19T04:11:27.058+0000] {processor.py:840} INFO - DAG(s) 'example_bash_operator' retrieved from /home/airflow/.local/lib/python3.8/site-packages/airflow/example_dags/example_bash_operator.py
[2025-09-19T04:11:27.120+0000] {logging_mixin.py:188} INFO - [2025-09-19T04:11:27.120+0000] {dag.py:3036} INFO - Sync 1 DAGs
[2025-09-19T04:11:27.174+0000] {logging_mixin.py:188} INFO - [2025-09-19T04:11:27.174+0000] {dag.py:3823} INFO - Setting next_dagrun for example_bash_operator to 2025-09-18 00:00:00+00:00, run_after=2025-09-19 00:00:00+00:00
[2025-09-19T04:11:27.218+0000] {processor.py:183} INFO - Processing /home/airflow/.local/lib/python3.8/site-packages/airflow/example_dags/example_bash_operator.py took 0.197 seconds
[2025-09-19T04:11:57.411+0000] {processor.py:161} INFO - Started process (PID=617) to work on /home/airflow/.local/lib/python3.8/site-packages/airflow/example_dags/example_bash_operator.py
[2025-09-19T04:11:57.413+0000] {processor.py:830} INFO - Processing file /home/airflow/.local/lib/python3.8/site-packages/airflow/example_dags/example_bash_operator.py for tasks to queue
[2025-09-19T04:11:57.416+0000] {logging_mixin.py:188} INFO - [2025-09-19T04:11:57.416+0000] {dagbag.py:538} INFO - Filling up the DagBag from /home/airflow/.local/lib/python3.8/site-packages/airflow/example_dags/example_bash_operator.py
[2025-09-19T04:11:57.438+0000] {processor.py:840} INFO - DAG(s) 'example_bash_operator' retrieved from /home/airflow/.local/lib/python3.8/site-packages/airflow/example_dags/example_bash_operator.py
[2025-09-19T04:11:57.500+0000] {logging_mixin.py:188} INFO - [2025-09-19T04:11:57.500+0000] {dag.py:3036} INFO - Sync 1 DAGs
[2025-09-19T04:11:57.542+0000] {logging_mixin.py:188} INFO - [2025-09-19T04:11:57.542+0000] {dag.py:3823} INFO - Setting next_dagrun for example_bash_operator to 2025-09-18 00:00:00+00:00, run_after=2025-09-19 00:00:00+00:00
[2025-09-19T04:11:57.578+0000] {processor.py:183} INFO - Processing /home/airflow/.local/lib/python3.8/site-packages/airflow/example_dags/example_bash_operator.py took 0.173 seconds
[2025-09-19T04:12:27.793+0000] {processor.py:161} INFO - Started process (PID=673) to work on /home/airflow/.local/lib/python3.8/site-packages/airflow/example_dags/example_bash_operator.py
[2025-09-19T04:12:27.795+0000] {processor.py:830} INFO - Processing file /home/airflow/.local/lib/python3.8/site-packages/airflow/example_dags/example_bash_operator.py for tasks to queue
[2025-09-19T04:12:27.799+0000] {logging_mixin.py:188} INFO - [2025-09-19T04:12:27.798+0000] {dagbag.py:538} INFO - Filling up the DagBag from /home/airflow/.local/lib/python3.8/site-packages/airflow/example_dags/example_bash_operator.py
[2025-09-19T04:12:27.823+0000] {processor.py:840} INFO - DAG(s) 'example_bash_operator' retrieved from /home/airflow/.local/lib/python3.8/site-packages/airflow/example_dags/example_bash_operator.py
[2025-09-19T04:12:27.878+0000] {logging_mixin.py:188} INFO - [2025-09-19T04:12:27.878+0000] {dag.py:3036} INFO - Sync 1 DAGs
[2025-09-19T04:12:27.920+0000] {logging_mixin.py:188} INFO - [2025-09-19T04:12:27.920+0000] {dag.py:3823} INFO - Setting next_dagrun for example_bash_operator to 2025-09-18 00:00:00+00:00, run_after=2025-09-19 00:00:00+00:00
[2025-09-19T04:12:27.953+0000] {processor.py:183} INFO - Processing /home/airflow/.local/lib/python3.8/site-packages/airflow/example_dags/example_bash_operator.py took 0.165 seconds
[2025-09-19T04:12:58.119+0000] {processor.py:161} INFO - Started process (PID=728) to work on /home/airflow/.local/lib/python3.8/site-packages/airflow/example_dags/example_bash_operator.py
[2025-09-19T04:12:58.122+0000] {processor.py:830} INFO - Processing file /home/airflow/.local/lib/python3.8/site-packages/airflow/example_dags/example_bash_operator.py for tasks to queue
[2025-09-19T04:12:58.129+0000] {logging_mixin.py:188} INFO - [2025-09-19T04:12:58.129+0000] {dagbag.py:538} INFO - Filling up the DagBag from /home/airflow/.local/lib/python3.8/site-packages/airflow/example_dags/example_bash_operator.py
[2025-09-19T04:12:58.155+0000] {processor.py:840} INFO - DAG(s) 'example_bash_operator' retrieved from /home/airflow/.local/lib/python3.8/site-packages/airflow/example_dags/example_bash_operator.py
[2025-09-19T04:12:58.227+0000] {logging_mixin.py:188} INFO - [2025-09-19T04:12:58.227+0000] {dag.py:3036} INFO - Sync 1 DAGs
[2025-09-19T04:12:58.284+0000] {logging_mixin.py:188} INFO - [2025-09-19T04:12:58.284+0000] {dag.py:3823} INFO - Setting next_dagrun for example_bash_operator to 2025-09-18 00:00:00+00:00, run_after=2025-09-19 00:00:00+00:00
[2025-09-19T04:12:58.324+0000] {processor.py:183} INFO - Processing /home/airflow/.local/lib/python3.8/site-packages/airflow/example_dags/example_bash_operator.py took 0.212 seconds
[2025-09-19T04:13:28.830+0000] {processor.py:161} INFO - Started process (PID=783) to work on /home/airflow/.local/lib/python3.8/site-packages/airflow/example_dags/example_bash_operator.py
[2025-09-19T04:13:28.832+0000] {processor.py:830} INFO - Processing file /home/airflow/.local/lib/python3.8/site-packages/airflow/example_dags/example_bash_operator.py for tasks to queue
[2025-09-19T04:13:28.835+0000] {logging_mixin.py:188} INFO - [2025-09-19T04:13:28.835+0000] {dagbag.py:538} INFO - Filling up the DagBag from /home/airflow/.local/lib/python3.8/site-packages/airflow/example_dags/example_bash_operator.py
[2025-09-19T04:13:28.857+0000] {processor.py:840} INFO - DAG(s) 'example_bash_operator' retrieved from /home/airflow/.local/lib/python3.8/site-packages/airflow/example_dags/example_bash_operator.py
[2025-09-19T04:13:28.912+0000] {logging_mixin.py:188} INFO - [2025-09-19T04:13:28.911+0000] {dag.py:3036} INFO - Sync 1 DAGs
[2025-09-19T04:13:28.955+0000] {logging_mixin.py:188} INFO - [2025-09-19T04:13:28.955+0000] {dag.py:3823} INFO - Setting next_dagrun for example_bash_operator to 2025-09-18 00:00:00+00:00, run_after=2025-09-19 00:00:00+00:00
[2025-09-19T04:13:28.992+0000] {processor.py:183} INFO - Processing /home/airflow/.local/lib/python3.8/site-packages/airflow/example_dags/example_bash_operator.py took 0.168 seconds
[2025-09-19T04:13:59.112+0000] {processor.py:161} INFO - Started process (PID=837) to work on /home/airflow/.local/lib/python3.8/site-packages/airflow/example_dags/example_bash_operator.py
[2025-09-19T04:13:59.114+0000] {processor.py:830} INFO - Processing file /home/airflow/.local/lib/python3.8/site-packages/airflow/example_dags/example_bash_operator.py for tasks to queue
[2025-09-19T04:13:59.117+0000] {logging_mixin.py:188} INFO - [2025-09-19T04:13:59.116+0000] {dagbag.py:538} INFO - Filling up the DagBag from /home/airflow/.local/lib/python3.8/site-packages/airflow/example_dags/example_bash_operator.py
[2025-09-19T04:13:59.138+0000] {processor.py:840} INFO - DAG(s) 'example_bash_operator' retrieved from /home/airflow/.local/lib/python3.8/site-packages/airflow/example_dags/example_bash_operator.py
[2025-09-19T04:13:59.198+0000] {logging_mixin.py:188} INFO - [2025-09-19T04:13:59.198+0000] {dag.py:3036} INFO - Sync 1 DAGs
[2025-09-19T04:13:59.241+0000] {logging_mixin.py:188} INFO - [2025-09-19T04:13:59.241+0000] {dag.py:3823} INFO - Setting next_dagrun for example_bash_operator to 2025-09-18 00:00:00+00:00, run_after=2025-09-19 00:00:00+00:00
[2025-09-19T04:13:59.278+0000] {processor.py:183} INFO - Processing /home/airflow/.local/lib/python3.8/site-packages/airflow/example_dags/example_bash_operator.py took 0.172 seconds
[2025-09-19T04:14:29.471+0000] {processor.py:161} INFO - Started process (PID=892) to work on /home/airflow/.local/lib/python3.8/site-packages/airflow/example_dags/example_bash_operator.py
[2025-09-19T04:14:29.473+0000] {processor.py:830} INFO - Processing file /home/airflow/.local/lib/python3.8/site-packages/airflow/example_dags/example_bash_operator.py for tasks to queue
[2025-09-19T04:14:29.476+0000] {logging_mixin.py:188} INFO - [2025-09-19T04:14:29.476+0000] {dagbag.py:538} INFO - Filling up the DagBag from /home/airflow/.local/lib/python3.8/site-packages/airflow/example_dags/example_bash_operator.py
[2025-09-19T04:14:29.499+0000] {processor.py:840} INFO - DAG(s) 'example_bash_operator' retrieved from /home/airflow/.local/lib/python3.8/site-packages/airflow/example_dags/example_bash_operator.py
[2025-09-19T04:14:29.556+0000] {logging_mixin.py:188} INFO - [2025-09-19T04:14:29.555+0000] {dag.py:3036} INFO - Sync 1 DAGs
[2025-09-19T04:14:29.599+0000] {logging_mixin.py:188} INFO - [2025-09-19T04:14:29.598+0000] {dag.py:3823} INFO - Setting next_dagrun for example_bash_operator to 2025-09-18 00:00:00+00:00, run_after=2025-09-19 00:00:00+00:00
[2025-09-19T04:14:29.637+0000] {processor.py:183} INFO - Processing /home/airflow/.local/lib/python3.8/site-packages/airflow/example_dags/example_bash_operator.py took 0.171 seconds
[2025-09-19T04:15:00.324+0000] {processor.py:161} INFO - Started process (PID=947) to work on /home/airflow/.local/lib/python3.8/site-packages/airflow/example_dags/example_bash_operator.py
[2025-09-19T04:15:00.326+0000] {processor.py:830} INFO - Processing file /home/airflow/.local/lib/python3.8/site-packages/airflow/example_dags/example_bash_operator.py for tasks to queue
[2025-09-19T04:15:00.329+0000] {logging_mixin.py:188} INFO - [2025-09-19T04:15:00.329+0000] {dagbag.py:538} INFO - Filling up the DagBag from /home/airflow/.local/lib/python3.8/site-packages/airflow/example_dags/example_bash_operator.py
[2025-09-19T04:15:00.352+0000] {processor.py:840} INFO - DAG(s) 'example_bash_operator' retrieved from /home/airflow/.local/lib/python3.8/site-packages/airflow/example_dags/example_bash_operator.py
[2025-09-19T04:15:00.406+0000] {logging_mixin.py:188} INFO - [2025-09-19T04:15:00.406+0000] {dag.py:3036} INFO - Sync 1 DAGs
[2025-09-19T04:15:00.448+0000] {logging_mixin.py:188} INFO - [2025-09-19T04:15:00.447+0000] {dag.py:3823} INFO - Setting next_dagrun for example_bash_operator to 2025-09-18 00:00:00+00:00, run_after=2025-09-19 00:00:00+00:00
[2025-09-19T04:15:00.485+0000] {processor.py:183} INFO - Processing /home/airflow/.local/lib/python3.8/site-packages/airflow/example_dags/example_bash_operator.py took 0.167 seconds
[2025-09-19T04:15:30.648+0000] {processor.py:161} INFO - Started process (PID=1002) to work on /home/airflow/.local/lib/python3.8/site-packages/airflow/example_dags/example_bash_operator.py
[2025-09-19T04:15:30.649+0000] {processor.py:830} INFO - Processing file /home/airflow/.local/lib/python3.8/site-packages/airflow/example_dags/example_bash_operator.py for tasks to queue
[2025-09-19T04:15:30.653+0000] {logging_mixin.py:188} INFO - [2025-09-19T04:15:30.652+0000] {dagbag.py:538} INFO - Filling up the DagBag from /home/airflow/.local/lib/python3.8/site-packages/airflow/example_dags/example_bash_operator.py
[2025-09-19T04:15:30.686+0000] {processor.py:840} INFO - DAG(s) 'example_bash_operator' retrieved from /home/airflow/.local/lib/python3.8/site-packages/airflow/example_dags/example_bash_operator.py
[2025-09-19T04:15:30.746+0000] {logging_mixin.py:188} INFO - [2025-09-19T04:15:30.746+0000] {dag.py:3036} INFO - Sync 1 DAGs
[2025-09-19T04:15:30.794+0000] {logging_mixin.py:188} INFO - [2025-09-19T04:15:30.794+0000] {dag.py:3823} INFO - Setting next_dagrun for example_bash_operator to 2025-09-18 00:00:00+00:00, run_after=2025-09-19 00:00:00+00:00
[2025-09-19T04:15:30.835+0000] {processor.py:183} INFO - Processing /home/airflow/.local/lib/python3.8/site-packages/airflow/example_dags/example_bash_operator.py took 0.194 seconds
[2025-09-19T04:16:01.162+0000] {processor.py:161} INFO - Started process (PID=1057) to work on /home/airflow/.local/lib/python3.8/site-packages/airflow/example_dags/example_bash_operator.py
[2025-09-19T04:16:01.165+0000] {processor.py:830} INFO - Processing file /home/airflow/.local/lib/python3.8/site-packages/airflow/example_dags/example_bash_operator.py for tasks to queue
[2025-09-19T04:16:01.168+0000] {logging_mixin.py:188} INFO - [2025-09-19T04:16:01.168+0000] {dagbag.py:538} INFO - Filling up the DagBag from /home/airflow/.local/lib/python3.8/site-packages/airflow/example_dags/example_bash_operator.py
[2025-09-19T04:16:01.190+0000] {processor.py:840} INFO - DAG(s) 'example_bash_operator' retrieved from /home/airflow/.local/lib/python3.8/site-packages/airflow/example_dags/example_bash_operator.py
[2025-09-19T04:16:01.256+0000] {logging_mixin.py:188} INFO - [2025-09-19T04:16:01.255+0000] {dag.py:3036} INFO - Sync 1 DAGs
[2025-09-19T04:16:01.299+0000] {logging_mixin.py:188} INFO - [2025-09-19T04:16:01.299+0000] {dag.py:3823} INFO - Setting next_dagrun for example_bash_operator to 2025-09-18 00:00:00+00:00, run_after=2025-09-19 00:00:00+00:00
[2025-09-19T04:16:01.338+0000] {processor.py:183} INFO - Processing /home/airflow/.local/lib/python3.8/site-packages/airflow/example_dags/example_bash_operator.py took 0.181 seconds
[2025-09-19T04:16:31.934+0000] {processor.py:161} INFO - Started process (PID=1112) to work on /home/airflow/.local/lib/python3.8/site-packages/airflow/example_dags/example_bash_operator.py
[2025-09-19T04:16:31.936+0000] {processor.py:830} INFO - Processing file /home/airflow/.local/lib/python3.8/site-packages/airflow/example_dags/example_bash_operator.py for tasks to queue
[2025-09-19T04:16:31.940+0000] {logging_mixin.py:188} INFO - [2025-09-19T04:16:31.940+0000] {dagbag.py:538} INFO - Filling up the DagBag from /home/airflow/.local/lib/python3.8/site-packages/airflow/example_dags/example_bash_operator.py
[2025-09-19T04:16:31.962+0000] {processor.py:840} INFO - DAG(s) 'example_bash_operator' retrieved from /home/airflow/.local/lib/python3.8/site-packages/airflow/example_dags/example_bash_operator.py
[2025-09-19T04:16:32.016+0000] {logging_mixin.py:188} INFO - [2025-09-19T04:16:32.016+0000] {dag.py:3036} INFO - Sync 1 DAGs
[2025-09-19T04:16:32.058+0000] {logging_mixin.py:188} INFO - [2025-09-19T04:16:32.057+0000] {dag.py:3823} INFO - Setting next_dagrun for example_bash_operator to 2025-09-18 00:00:00+00:00, run_after=2025-09-19 00:00:00+00:00
[2025-09-19T04:16:32.096+0000] {processor.py:183} INFO - Processing /home/airflow/.local/lib/python3.8/site-packages/airflow/example_dags/example_bash_operator.py took 0.167 seconds
[2025-09-19T04:17:02.317+0000] {processor.py:161} INFO - Started process (PID=1167) to work on /home/airflow/.local/lib/python3.8/site-packages/airflow/example_dags/example_bash_operator.py
[2025-09-19T04:17:02.319+0000] {processor.py:830} INFO - Processing file /home/airflow/.local/lib/python3.8/site-packages/airflow/example_dags/example_bash_operator.py for tasks to queue
[2025-09-19T04:17:02.323+0000] {logging_mixin.py:188} INFO - [2025-09-19T04:17:02.322+0000] {dagbag.py:538} INFO - Filling up the DagBag from /home/airflow/.local/lib/python3.8/site-packages/airflow/example_dags/example_bash_operator.py
[2025-09-19T04:17:02.346+0000] {processor.py:840} INFO - DAG(s) 'example_bash_operator' retrieved from /home/airflow/.local/lib/python3.8/site-packages/airflow/example_dags/example_bash_operator.py
[2025-09-19T04:17:02.400+0000] {logging_mixin.py:188} INFO - [2025-09-19T04:17:02.400+0000] {dag.py:3036} INFO - Sync 1 DAGs
[2025-09-19T04:17:02.445+0000] {logging_mixin.py:188} INFO - [2025-09-19T04:17:02.445+0000] {dag.py:3823} INFO - Setting next_dagrun for example_bash_operator to 2025-09-18 00:00:00+00:00, run_after=2025-09-19 00:00:00+00:00
[2025-09-19T04:17:02.486+0000] {processor.py:183} INFO - Processing /home/airflow/.local/lib/python3.8/site-packages/airflow/example_dags/example_bash_operator.py took 0.175 seconds
[2025-09-19T04:17:33.139+0000] {processor.py:161} INFO - Started process (PID=1223) to work on /home/airflow/.local/lib/python3.8/site-packages/airflow/example_dags/example_bash_operator.py
[2025-09-19T04:17:33.140+0000] {processor.py:830} INFO - Processing file /home/airflow/.local/lib/python3.8/site-packages/airflow/example_dags/example_bash_operator.py for tasks to queue
[2025-09-19T04:17:33.144+0000] {logging_mixin.py:188} INFO - [2025-09-19T04:17:33.143+0000] {dagbag.py:538} INFO - Filling up the DagBag from /home/airflow/.local/lib/python3.8/site-packages/airflow/example_dags/example_bash_operator.py
[2025-09-19T04:17:33.166+0000] {processor.py:840} INFO - DAG(s) 'example_bash_operator' retrieved from /home/airflow/.local/lib/python3.8/site-packages/airflow/example_dags/example_bash_operator.py
[2025-09-19T04:17:33.220+0000] {logging_mixin.py:188} INFO - [2025-09-19T04:17:33.219+0000] {dag.py:3036} INFO - Sync 1 DAGs
[2025-09-19T04:17:33.261+0000] {logging_mixin.py:188} INFO - [2025-09-19T04:17:33.260+0000] {dag.py:3823} INFO - Setting next_dagrun for example_bash_operator to 2025-09-18 00:00:00+00:00, run_after=2025-09-19 00:00:00+00:00
[2025-09-19T04:17:33.295+0000] {processor.py:183} INFO - Processing /home/airflow/.local/lib/python3.8/site-packages/airflow/example_dags/example_bash_operator.py took 0.162 seconds
[2025-09-19T04:18:03.508+0000] {processor.py:161} INFO - Started process (PID=1279) to work on /home/airflow/.local/lib/python3.8/site-packages/airflow/example_dags/example_bash_operator.py
[2025-09-19T04:18:03.510+0000] {processor.py:830} INFO - Processing file /home/airflow/.local/lib/python3.8/site-packages/airflow/example_dags/example_bash_operator.py for tasks to queue
[2025-09-19T04:18:03.514+0000] {logging_mixin.py:188} INFO - [2025-09-19T04:18:03.513+0000] {dagbag.py:538} INFO - Filling up the DagBag from /home/airflow/.local/lib/python3.8/site-packages/airflow/example_dags/example_bash_operator.py
[2025-09-19T04:18:03.535+0000] {processor.py:840} INFO - DAG(s) 'example_bash_operator' retrieved from /home/airflow/.local/lib/python3.8/site-packages/airflow/example_dags/example_bash_operator.py
[2025-09-19T04:18:03.589+0000] {logging_mixin.py:188} INFO - [2025-09-19T04:18:03.588+0000] {dag.py:3036} INFO - Sync 1 DAGs
[2025-09-19T04:18:03.633+0000] {logging_mixin.py:188} INFO - [2025-09-19T04:18:03.632+0000] {dag.py:3823} INFO - Setting next_dagrun for example_bash_operator to 2025-09-18 00:00:00+00:00, run_after=2025-09-19 00:00:00+00:00
[2025-09-19T04:18:03.675+0000] {processor.py:183} INFO - Processing /home/airflow/.local/lib/python3.8/site-packages/airflow/example_dags/example_bash_operator.py took 0.172 seconds
[2025-09-19T04:18:34.249+0000] {processor.py:161} INFO - Started process (PID=1334) to work on /home/airflow/.local/lib/python3.8/site-packages/airflow/example_dags/example_bash_operator.py
[2025-09-19T04:18:34.252+0000] {processor.py:830} INFO - Processing file /home/airflow/.local/lib/python3.8/site-packages/airflow/example_dags/example_bash_operator.py for tasks to queue
[2025-09-19T04:18:34.257+0000] {logging_mixin.py:188} INFO - [2025-09-19T04:18:34.256+0000] {dagbag.py:538} INFO - Filling up the DagBag from /home/airflow/.local/lib/python3.8/site-packages/airflow/example_dags/example_bash_operator.py
[2025-09-19T04:18:34.280+0000] {processor.py:840} INFO - DAG(s) 'example_bash_operator' retrieved from /home/airflow/.local/lib/python3.8/site-packages/airflow/example_dags/example_bash_operator.py
[2025-09-19T04:18:34.337+0000] {logging_mixin.py:188} INFO - [2025-09-19T04:18:34.337+0000] {dag.py:3036} INFO - Sync 1 DAGs
[2025-09-19T04:18:34.378+0000] {logging_mixin.py:188} INFO - [2025-09-19T04:18:34.377+0000] {dag.py:3823} INFO - Setting next_dagrun for example_bash_operator to 2025-09-18 00:00:00+00:00, run_after=2025-09-19 00:00:00+00:00
[2025-09-19T04:18:34.411+0000] {processor.py:183} INFO - Processing /home/airflow/.local/lib/python3.8/site-packages/airflow/example_dags/example_bash_operator.py took 0.170 seconds
[2025-09-19T04:19:04.600+0000] {processor.py:161} INFO - Started process (PID=1389) to work on /home/airflow/.local/lib/python3.8/site-packages/airflow/example_dags/example_bash_operator.py
[2025-09-19T04:19:04.602+0000] {processor.py:830} INFO - Processing file /home/airflow/.local/lib/python3.8/site-packages/airflow/example_dags/example_bash_operator.py for tasks to queue
[2025-09-19T04:19:04.606+0000] {logging_mixin.py:188} INFO - [2025-09-19T04:19:04.605+0000] {dagbag.py:538} INFO - Filling up the DagBag from /home/airflow/.local/lib/python3.8/site-packages/airflow/example_dags/example_bash_operator.py
[2025-09-19T04:19:04.632+0000] {processor.py:840} INFO - DAG(s) 'example_bash_operator' retrieved from /home/airflow/.local/lib/python3.8/site-packages/airflow/example_dags/example_bash_operator.py
[2025-09-19T04:19:04.685+0000] {logging_mixin.py:188} INFO - [2025-09-19T04:19:04.685+0000] {dag.py:3036} INFO - Sync 1 DAGs
[2025-09-19T04:19:04.734+0000] {logging_mixin.py:188} INFO - [2025-09-19T04:19:04.734+0000] {dag.py:3823} INFO - Setting next_dagrun for example_bash_operator to 2025-09-18 00:00:00+00:00, run_after=2025-09-19 00:00:00+00:00
[2025-09-19T04:19:04.773+0000] {processor.py:183} INFO - Processing /home/airflow/.local/lib/python3.8/site-packages/airflow/example_dags/example_bash_operator.py took 0.180 seconds
[2025-09-19T04:19:35.070+0000] {processor.py:161} INFO - Started process (PID=1443) to work on /home/airflow/.local/lib/python3.8/site-packages/airflow/example_dags/example_bash_operator.py
[2025-09-19T04:19:35.072+0000] {processor.py:830} INFO - Processing file /home/airflow/.local/lib/python3.8/site-packages/airflow/example_dags/example_bash_operator.py for tasks to queue
[2025-09-19T04:19:35.075+0000] {logging_mixin.py:188} INFO - [2025-09-19T04:19:35.074+0000] {dagbag.py:538} INFO - Filling up the DagBag from /home/airflow/.local/lib/python3.8/site-packages/airflow/example_dags/example_bash_operator.py
[2025-09-19T04:19:35.100+0000] {processor.py:840} INFO - DAG(s) 'example_bash_operator' retrieved from /home/airflow/.local/lib/python3.8/site-packages/airflow/example_dags/example_bash_operator.py
[2025-09-19T04:19:35.159+0000] {logging_mixin.py:188} INFO - [2025-09-19T04:19:35.159+0000] {dag.py:3036} INFO - Sync 1 DAGs
[2025-09-19T04:19:35.201+0000] {logging_mixin.py:188} INFO - [2025-09-19T04:19:35.200+0000] {dag.py:3823} INFO - Setting next_dagrun for example_bash_operator to 2025-09-18 00:00:00+00:00, run_after=2025-09-19 00:00:00+00:00
[2025-09-19T04:19:35.242+0000] {processor.py:183} INFO - Processing /home/airflow/.local/lib/python3.8/site-packages/airflow/example_dags/example_bash_operator.py took 0.179 seconds
[2025-09-19T04:20:05.760+0000] {processor.py:161} INFO - Started process (PID=1497) to work on /home/airflow/.local/lib/python3.8/site-packages/airflow/example_dags/example_bash_operator.py
[2025-09-19T04:20:05.762+0000] {processor.py:830} INFO - Processing file /home/airflow/.local/lib/python3.8/site-packages/airflow/example_dags/example_bash_operator.py for tasks to queue
[2025-09-19T04:20:05.766+0000] {logging_mixin.py:188} INFO - [2025-09-19T04:20:05.766+0000] {dagbag.py:538} INFO - Filling up the DagBag from /home/airflow/.local/lib/python3.8/site-packages/airflow/example_dags/example_bash_operator.py
[2025-09-19T04:20:05.787+0000] {processor.py:840} INFO - DAG(s) 'example_bash_operator' retrieved from /home/airflow/.local/lib/python3.8/site-packages/airflow/example_dags/example_bash_operator.py
[2025-09-19T04:20:05.857+0000] {logging_mixin.py:188} INFO - [2025-09-19T04:20:05.857+0000] {dag.py:3036} INFO - Sync 1 DAGs
[2025-09-19T04:20:05.906+0000] {logging_mixin.py:188} INFO - [2025-09-19T04:20:05.906+0000] {dag.py:3823} INFO - Setting next_dagrun for example_bash_operator to 2025-09-18 00:00:00+00:00, run_after=2025-09-19 00:00:00+00:00
[2025-09-19T04:20:05.945+0000] {processor.py:183} INFO - Processing /home/airflow/.local/lib/python3.8/site-packages/airflow/example_dags/example_bash_operator.py took 0.190 seconds
[2025-09-19T04:20:36.187+0000] {processor.py:161} INFO - Started process (PID=1552) to work on /home/airflow/.local/lib/python3.8/site-packages/airflow/example_dags/example_bash_operator.py
[2025-09-19T04:20:36.189+0000] {processor.py:830} INFO - Processing file /home/airflow/.local/lib/python3.8/site-packages/airflow/example_dags/example_bash_operator.py for tasks to queue
[2025-09-19T04:20:36.192+0000] {logging_mixin.py:188} INFO - [2025-09-19T04:20:36.192+0000] {dagbag.py:538} INFO - Filling up the DagBag from /home/airflow/.local/lib/python3.8/site-packages/airflow/example_dags/example_bash_operator.py
[2025-09-19T04:20:36.213+0000] {processor.py:840} INFO - DAG(s) 'example_bash_operator' retrieved from /home/airflow/.local/lib/python3.8/site-packages/airflow/example_dags/example_bash_operator.py
[2025-09-19T04:20:36.267+0000] {logging_mixin.py:188} INFO - [2025-09-19T04:20:36.267+0000] {dag.py:3036} INFO - Sync 1 DAGs
[2025-09-19T04:20:36.309+0000] {logging_mixin.py:188} INFO - [2025-09-19T04:20:36.308+0000] {dag.py:3823} INFO - Setting next_dagrun for example_bash_operator to 2025-09-18 00:00:00+00:00, run_after=2025-09-19 00:00:00+00:00
[2025-09-19T04:20:36.344+0000] {processor.py:183} INFO - Processing /home/airflow/.local/lib/python3.8/site-packages/airflow/example_dags/example_bash_operator.py took 0.162 seconds
[2025-09-19T04:21:06.971+0000] {processor.py:161} INFO - Started process (PID=1605) to work on /home/airflow/.local/lib/python3.8/site-packages/airflow/example_dags/example_bash_operator.py
[2025-09-19T04:21:06.973+0000] {processor.py:830} INFO - Processing file /home/airflow/.local/lib/python3.8/site-packages/airflow/example_dags/example_bash_operator.py for tasks to queue
[2025-09-19T04:21:06.977+0000] {logging_mixin.py:188} INFO - [2025-09-19T04:21:06.976+0000] {dagbag.py:538} INFO - Filling up the DagBag from /home/airflow/.local/lib/python3.8/site-packages/airflow/example_dags/example_bash_operator.py
[2025-09-19T04:21:06.998+0000] {processor.py:840} INFO - DAG(s) 'example_bash_operator' retrieved from /home/airflow/.local/lib/python3.8/site-packages/airflow/example_dags/example_bash_operator.py
[2025-09-19T04:21:07.052+0000] {logging_mixin.py:188} INFO - [2025-09-19T04:21:07.052+0000] {dag.py:3036} INFO - Sync 1 DAGs
[2025-09-19T04:21:07.097+0000] {logging_mixin.py:188} INFO - [2025-09-19T04:21:07.097+0000] {dag.py:3823} INFO - Setting next_dagrun for example_bash_operator to 2025-09-18 00:00:00+00:00, run_after=2025-09-19 00:00:00+00:00
[2025-09-19T04:21:07.135+0000] {processor.py:183} INFO - Processing /home/airflow/.local/lib/python3.8/site-packages/airflow/example_dags/example_bash_operator.py took 0.170 seconds
[2025-09-19T04:21:37.295+0000] {processor.py:161} INFO - Started process (PID=1660) to work on /home/airflow/.local/lib/python3.8/site-packages/airflow/example_dags/example_bash_operator.py
[2025-09-19T04:21:37.298+0000] {processor.py:830} INFO - Processing file /home/airflow/.local/lib/python3.8/site-packages/airflow/example_dags/example_bash_operator.py for tasks to queue
[2025-09-19T04:21:37.335+0000] {logging_mixin.py:188} INFO - [2025-09-19T04:21:37.334+0000] {dagbag.py:538} INFO - Filling up the DagBag from /home/airflow/.local/lib/python3.8/site-packages/airflow/example_dags/example_bash_operator.py
[2025-09-19T04:21:37.380+0000] {processor.py:840} INFO - DAG(s) 'example_bash_operator' retrieved from /home/airflow/.local/lib/python3.8/site-packages/airflow/example_dags/example_bash_operator.py
[2025-09-19T04:21:37.431+0000] {logging_mixin.py:188} INFO - [2025-09-19T04:21:37.430+0000] {dag.py:3036} INFO - Sync 1 DAGs
[2025-09-19T04:21:37.478+0000] {logging_mixin.py:188} INFO - [2025-09-19T04:21:37.478+0000] {dag.py:3823} INFO - Setting next_dagrun for example_bash_operator to 2025-09-18 00:00:00+00:00, run_after=2025-09-19 00:00:00+00:00
[2025-09-19T04:21:37.515+0000] {processor.py:183} INFO - Processing /home/airflow/.local/lib/python3.8/site-packages/airflow/example_dags/example_bash_operator.py took 0.228 seconds
[2025-09-19T04:22:07.702+0000] {processor.py:161} INFO - Started process (PID=1715) to work on /home/airflow/.local/lib/python3.8/site-packages/airflow/example_dags/example_bash_operator.py
[2025-09-19T04:22:07.704+0000] {processor.py:830} INFO - Processing file /home/airflow/.local/lib/python3.8/site-packages/airflow/example_dags/example_bash_operator.py for tasks to queue
[2025-09-19T04:22:07.707+0000] {logging_mixin.py:188} INFO - [2025-09-19T04:22:07.707+0000] {dagbag.py:538} INFO - Filling up the DagBag from /home/airflow/.local/lib/python3.8/site-packages/airflow/example_dags/example_bash_operator.py
[2025-09-19T04:22:07.731+0000] {processor.py:840} INFO - DAG(s) 'example_bash_operator' retrieved from /home/airflow/.local/lib/python3.8/site-packages/airflow/example_dags/example_bash_operator.py
[2025-09-19T04:22:07.785+0000] {logging_mixin.py:188} INFO - [2025-09-19T04:22:07.785+0000] {dag.py:3036} INFO - Sync 1 DAGs
[2025-09-19T04:22:07.826+0000] {logging_mixin.py:188} INFO - [2025-09-19T04:22:07.825+0000] {dag.py:3823} INFO - Setting next_dagrun for example_bash_operator to 2025-09-18 00:00:00+00:00, run_after=2025-09-19 00:00:00+00:00
[2025-09-19T04:22:07.860+0000] {processor.py:183} INFO - Processing /home/airflow/.local/lib/python3.8/site-packages/airflow/example_dags/example_bash_operator.py took 0.165 seconds
[2025-09-19T04:22:38.043+0000] {processor.py:161} INFO - Started process (PID=1770) to work on /home/airflow/.local/lib/python3.8/site-packages/airflow/example_dags/example_bash_operator.py
[2025-09-19T04:22:38.045+0000] {processor.py:830} INFO - Processing file /home/airflow/.local/lib/python3.8/site-packages/airflow/example_dags/example_bash_operator.py for tasks to queue
[2025-09-19T04:22:38.049+0000] {logging_mixin.py:188} INFO - [2025-09-19T04:22:38.048+0000] {dagbag.py:538} INFO - Filling up the DagBag from /home/airflow/.local/lib/python3.8/site-packages/airflow/example_dags/example_bash_operator.py
[2025-09-19T04:22:38.073+0000] {processor.py:840} INFO - DAG(s) 'example_bash_operator' retrieved from /home/airflow/.local/lib/python3.8/site-packages/airflow/example_dags/example_bash_operator.py
[2025-09-19T04:22:38.126+0000] {logging_mixin.py:188} INFO - [2025-09-19T04:22:38.126+0000] {dag.py:3036} INFO - Sync 1 DAGs
[2025-09-19T04:22:38.182+0000] {logging_mixin.py:188} INFO - [2025-09-19T04:22:38.181+0000] {dag.py:3823} INFO - Setting next_dagrun for example_bash_operator to 2025-09-18 00:00:00+00:00, run_after=2025-09-19 00:00:00+00:00
[2025-09-19T04:22:38.223+0000] {processor.py:183} INFO - Processing /home/airflow/.local/lib/python3.8/site-packages/airflow/example_dags/example_bash_operator.py took 0.186 seconds
[2025-09-19T04:23:08.556+0000] {processor.py:161} INFO - Started process (PID=1825) to work on /home/airflow/.local/lib/python3.8/site-packages/airflow/example_dags/example_bash_operator.py
[2025-09-19T04:23:08.558+0000] {processor.py:830} INFO - Processing file /home/airflow/.local/lib/python3.8/site-packages/airflow/example_dags/example_bash_operator.py for tasks to queue
[2025-09-19T04:23:08.561+0000] {logging_mixin.py:188} INFO - [2025-09-19T04:23:08.561+0000] {dagbag.py:538} INFO - Filling up the DagBag from /home/airflow/.local/lib/python3.8/site-packages/airflow/example_dags/example_bash_operator.py
[2025-09-19T04:23:08.583+0000] {processor.py:840} INFO - DAG(s) 'example_bash_operator' retrieved from /home/airflow/.local/lib/python3.8/site-packages/airflow/example_dags/example_bash_operator.py
[2025-09-19T04:23:08.641+0000] {logging_mixin.py:188} INFO - [2025-09-19T04:23:08.641+0000] {dag.py:3036} INFO - Sync 1 DAGs
[2025-09-19T04:23:08.684+0000] {logging_mixin.py:188} INFO - [2025-09-19T04:23:08.684+0000] {dag.py:3823} INFO - Setting next_dagrun for example_bash_operator to 2025-09-18 00:00:00+00:00, run_after=2025-09-19 00:00:00+00:00
[2025-09-19T04:23:08.722+0000] {processor.py:183} INFO - Processing /home/airflow/.local/lib/python3.8/site-packages/airflow/example_dags/example_bash_operator.py took 0.172 seconds
[2025-09-19T04:23:38.772+0000] {processor.py:161} INFO - Started process (PID=1880) to work on /home/airflow/.local/lib/python3.8/site-packages/airflow/example_dags/example_bash_operator.py
[2025-09-19T04:23:38.774+0000] {processor.py:830} INFO - Processing file /home/airflow/.local/lib/python3.8/site-packages/airflow/example_dags/example_bash_operator.py for tasks to queue
[2025-09-19T04:23:38.777+0000] {logging_mixin.py:188} INFO - [2025-09-19T04:23:38.777+0000] {dagbag.py:538} INFO - Filling up the DagBag from /home/airflow/.local/lib/python3.8/site-packages/airflow/example_dags/example_bash_operator.py
[2025-09-19T04:23:38.800+0000] {processor.py:840} INFO - DAG(s) 'example_bash_operator' retrieved from /home/airflow/.local/lib/python3.8/site-packages/airflow/example_dags/example_bash_operator.py
[2025-09-19T04:23:38.855+0000] {logging_mixin.py:188} INFO - [2025-09-19T04:23:38.855+0000] {dag.py:3036} INFO - Sync 1 DAGs
[2025-09-19T04:23:38.899+0000] {logging_mixin.py:188} INFO - [2025-09-19T04:23:38.899+0000] {dag.py:3823} INFO - Setting next_dagrun for example_bash_operator to 2025-09-18 00:00:00+00:00, run_after=2025-09-19 00:00:00+00:00
[2025-09-19T04:23:38.933+0000] {processor.py:183} INFO - Processing /home/airflow/.local/lib/python3.8/site-packages/airflow/example_dags/example_bash_operator.py took 0.167 seconds
[2025-09-19T04:24:09.454+0000] {processor.py:161} INFO - Started process (PID=1935) to work on /home/airflow/.local/lib/python3.8/site-packages/airflow/example_dags/example_bash_operator.py
[2025-09-19T04:24:09.456+0000] {processor.py:830} INFO - Processing file /home/airflow/.local/lib/python3.8/site-packages/airflow/example_dags/example_bash_operator.py for tasks to queue
[2025-09-19T04:24:09.459+0000] {logging_mixin.py:188} INFO - [2025-09-19T04:24:09.459+0000] {dagbag.py:538} INFO - Filling up the DagBag from /home/airflow/.local/lib/python3.8/site-packages/airflow/example_dags/example_bash_operator.py
[2025-09-19T04:24:09.480+0000] {processor.py:840} INFO - DAG(s) 'example_bash_operator' retrieved from /home/airflow/.local/lib/python3.8/site-packages/airflow/example_dags/example_bash_operator.py
[2025-09-19T04:24:09.536+0000] {logging_mixin.py:188} INFO - [2025-09-19T04:24:09.535+0000] {dag.py:3036} INFO - Sync 1 DAGs
[2025-09-19T04:24:09.577+0000] {logging_mixin.py:188} INFO - [2025-09-19T04:24:09.576+0000] {dag.py:3823} INFO - Setting next_dagrun for example_bash_operator to 2025-09-18 00:00:00+00:00, run_after=2025-09-19 00:00:00+00:00
[2025-09-19T04:24:09.615+0000] {processor.py:183} INFO - Processing /home/airflow/.local/lib/python3.8/site-packages/airflow/example_dags/example_bash_operator.py took 0.166 seconds
[2025-09-19T04:24:39.710+0000] {processor.py:161} INFO - Started process (PID=1991) to work on /home/airflow/.local/lib/python3.8/site-packages/airflow/example_dags/example_bash_operator.py
[2025-09-19T04:24:39.713+0000] {processor.py:830} INFO - Processing file /home/airflow/.local/lib/python3.8/site-packages/airflow/example_dags/example_bash_operator.py for tasks to queue
[2025-09-19T04:24:39.717+0000] {logging_mixin.py:188} INFO - [2025-09-19T04:24:39.717+0000] {dagbag.py:538} INFO - Filling up the DagBag from /home/airflow/.local/lib/python3.8/site-packages/airflow/example_dags/example_bash_operator.py
[2025-09-19T04:24:39.741+0000] {processor.py:840} INFO - DAG(s) 'example_bash_operator' retrieved from /home/airflow/.local/lib/python3.8/site-packages/airflow/example_dags/example_bash_operator.py
[2025-09-19T04:24:39.798+0000] {logging_mixin.py:188} INFO - [2025-09-19T04:24:39.797+0000] {dag.py:3036} INFO - Sync 1 DAGs
[2025-09-19T04:24:39.839+0000] {logging_mixin.py:188} INFO - [2025-09-19T04:24:39.839+0000] {dag.py:3823} INFO - Setting next_dagrun for example_bash_operator to 2025-09-18 00:00:00+00:00, run_after=2025-09-19 00:00:00+00:00
[2025-09-19T04:24:39.876+0000] {processor.py:183} INFO - Processing /home/airflow/.local/lib/python3.8/site-packages/airflow/example_dags/example_bash_operator.py took 0.172 seconds
[2025-09-19T04:25:09.980+0000] {processor.py:161} INFO - Started process (PID=2046) to work on /home/airflow/.local/lib/python3.8/site-packages/airflow/example_dags/example_bash_operator.py
[2025-09-19T04:25:09.982+0000] {processor.py:830} INFO - Processing file /home/airflow/.local/lib/python3.8/site-packages/airflow/example_dags/example_bash_operator.py for tasks to queue
[2025-09-19T04:25:09.987+0000] {logging_mixin.py:188} INFO - [2025-09-19T04:25:09.986+0000] {dagbag.py:538} INFO - Filling up the DagBag from /home/airflow/.local/lib/python3.8/site-packages/airflow/example_dags/example_bash_operator.py
[2025-09-19T04:25:10.019+0000] {processor.py:840} INFO - DAG(s) 'example_bash_operator' retrieved from /home/airflow/.local/lib/python3.8/site-packages/airflow/example_dags/example_bash_operator.py
[2025-09-19T04:25:10.086+0000] {logging_mixin.py:188} INFO - [2025-09-19T04:25:10.086+0000] {dag.py:3036} INFO - Sync 1 DAGs
[2025-09-19T04:25:10.137+0000] {logging_mixin.py:188} INFO - [2025-09-19T04:25:10.137+0000] {dag.py:3823} INFO - Setting next_dagrun for example_bash_operator to 2025-09-18 00:00:00+00:00, run_after=2025-09-19 00:00:00+00:00
[2025-09-19T04:25:10.180+0000] {processor.py:183} INFO - Processing /home/airflow/.local/lib/python3.8/site-packages/airflow/example_dags/example_bash_operator.py took 0.207 seconds
[2025-09-19T04:25:40.443+0000] {processor.py:161} INFO - Started process (PID=2101) to work on /home/airflow/.local/lib/python3.8/site-packages/airflow/example_dags/example_bash_operator.py
[2025-09-19T04:25:40.445+0000] {processor.py:830} INFO - Processing file /home/airflow/.local/lib/python3.8/site-packages/airflow/example_dags/example_bash_operator.py for tasks to queue
[2025-09-19T04:25:40.448+0000] {logging_mixin.py:188} INFO - [2025-09-19T04:25:40.448+0000] {dagbag.py:538} INFO - Filling up the DagBag from /home/airflow/.local/lib/python3.8/site-packages/airflow/example_dags/example_bash_operator.py
[2025-09-19T04:25:40.471+0000] {processor.py:840} INFO - DAG(s) 'example_bash_operator' retrieved from /home/airflow/.local/lib/python3.8/site-packages/airflow/example_dags/example_bash_operator.py
[2025-09-19T04:25:40.527+0000] {logging_mixin.py:188} INFO - [2025-09-19T04:25:40.527+0000] {dag.py:3036} INFO - Sync 1 DAGs
[2025-09-19T04:25:40.569+0000] {logging_mixin.py:188} INFO - [2025-09-19T04:25:40.569+0000] {dag.py:3823} INFO - Setting next_dagrun for example_bash_operator to 2025-09-18 00:00:00+00:00, run_after=2025-09-19 00:00:00+00:00
[2025-09-19T04:25:40.605+0000] {processor.py:183} INFO - Processing /home/airflow/.local/lib/python3.8/site-packages/airflow/example_dags/example_bash_operator.py took 0.168 seconds
[2025-09-19T04:26:10.878+0000] {processor.py:161} INFO - Started process (PID=2156) to work on /home/airflow/.local/lib/python3.8/site-packages/airflow/example_dags/example_bash_operator.py
[2025-09-19T04:26:10.880+0000] {processor.py:830} INFO - Processing file /home/airflow/.local/lib/python3.8/site-packages/airflow/example_dags/example_bash_operator.py for tasks to queue
[2025-09-19T04:26:10.883+0000] {logging_mixin.py:188} INFO - [2025-09-19T04:26:10.883+0000] {dagbag.py:538} INFO - Filling up the DagBag from /home/airflow/.local/lib/python3.8/site-packages/airflow/example_dags/example_bash_operator.py
[2025-09-19T04:26:10.906+0000] {processor.py:840} INFO - DAG(s) 'example_bash_operator' retrieved from /home/airflow/.local/lib/python3.8/site-packages/airflow/example_dags/example_bash_operator.py
[2025-09-19T04:26:10.962+0000] {logging_mixin.py:188} INFO - [2025-09-19T04:26:10.962+0000] {dag.py:3036} INFO - Sync 1 DAGs
[2025-09-19T04:26:11.006+0000] {logging_mixin.py:188} INFO - [2025-09-19T04:26:11.005+0000] {dag.py:3823} INFO - Setting next_dagrun for example_bash_operator to 2025-09-18 00:00:00+00:00, run_after=2025-09-19 00:00:00+00:00
[2025-09-19T04:26:11.043+0000] {processor.py:183} INFO - Processing /home/airflow/.local/lib/python3.8/site-packages/airflow/example_dags/example_bash_operator.py took 0.171 seconds
[2025-09-19T04:26:41.559+0000] {processor.py:161} INFO - Started process (PID=2211) to work on /home/airflow/.local/lib/python3.8/site-packages/airflow/example_dags/example_bash_operator.py
[2025-09-19T04:26:41.561+0000] {processor.py:830} INFO - Processing file /home/airflow/.local/lib/python3.8/site-packages/airflow/example_dags/example_bash_operator.py for tasks to queue
[2025-09-19T04:26:41.565+0000] {logging_mixin.py:188} INFO - [2025-09-19T04:26:41.564+0000] {dagbag.py:538} INFO - Filling up the DagBag from /home/airflow/.local/lib/python3.8/site-packages/airflow/example_dags/example_bash_operator.py
[2025-09-19T04:26:41.588+0000] {processor.py:840} INFO - DAG(s) 'example_bash_operator' retrieved from /home/airflow/.local/lib/python3.8/site-packages/airflow/example_dags/example_bash_operator.py
[2025-09-19T04:26:41.648+0000] {logging_mixin.py:188} INFO - [2025-09-19T04:26:41.647+0000] {dag.py:3036} INFO - Sync 1 DAGs
[2025-09-19T04:26:41.695+0000] {logging_mixin.py:188} INFO - [2025-09-19T04:26:41.695+0000] {dag.py:3823} INFO - Setting next_dagrun for example_bash_operator to 2025-09-18 00:00:00+00:00, run_after=2025-09-19 00:00:00+00:00
[2025-09-19T04:26:41.733+0000] {processor.py:183} INFO - Processing /home/airflow/.local/lib/python3.8/site-packages/airflow/example_dags/example_bash_operator.py took 0.180 seconds
[2025-09-19T04:27:11.797+0000] {processor.py:161} INFO - Started process (PID=2266) to work on /home/airflow/.local/lib/python3.8/site-packages/airflow/example_dags/example_bash_operator.py
[2025-09-19T04:27:11.799+0000] {processor.py:830} INFO - Processing file /home/airflow/.local/lib/python3.8/site-packages/airflow/example_dags/example_bash_operator.py for tasks to queue
[2025-09-19T04:27:11.804+0000] {logging_mixin.py:188} INFO - [2025-09-19T04:27:11.803+0000] {dagbag.py:538} INFO - Filling up the DagBag from /home/airflow/.local/lib/python3.8/site-packages/airflow/example_dags/example_bash_operator.py
[2025-09-19T04:27:11.827+0000] {processor.py:840} INFO - DAG(s) 'example_bash_operator' retrieved from /home/airflow/.local/lib/python3.8/site-packages/airflow/example_dags/example_bash_operator.py
[2025-09-19T04:27:11.888+0000] {logging_mixin.py:188} INFO - [2025-09-19T04:27:11.888+0000] {dag.py:3036} INFO - Sync 1 DAGs
[2025-09-19T04:27:11.933+0000] {logging_mixin.py:188} INFO - [2025-09-19T04:27:11.932+0000] {dag.py:3823} INFO - Setting next_dagrun for example_bash_operator to 2025-09-18 00:00:00+00:00, run_after=2025-09-19 00:00:00+00:00
[2025-09-19T04:27:11.971+0000] {processor.py:183} INFO - Processing /home/airflow/.local/lib/python3.8/site-packages/airflow/example_dags/example_bash_operator.py took 0.179 seconds
[2025-09-19T04:27:42.175+0000] {processor.py:161} INFO - Started process (PID=2321) to work on /home/airflow/.local/lib/python3.8/site-packages/airflow/example_dags/example_bash_operator.py
[2025-09-19T04:27:42.177+0000] {processor.py:830} INFO - Processing file /home/airflow/.local/lib/python3.8/site-packages/airflow/example_dags/example_bash_operator.py for tasks to queue
[2025-09-19T04:27:42.181+0000] {logging_mixin.py:188} INFO - [2025-09-19T04:27:42.180+0000] {dagbag.py:538} INFO - Filling up the DagBag from /home/airflow/.local/lib/python3.8/site-packages/airflow/example_dags/example_bash_operator.py
[2025-09-19T04:27:42.202+0000] {processor.py:840} INFO - DAG(s) 'example_bash_operator' retrieved from /home/airflow/.local/lib/python3.8/site-packages/airflow/example_dags/example_bash_operator.py
[2025-09-19T04:27:42.262+0000] {logging_mixin.py:188} INFO - [2025-09-19T04:27:42.261+0000] {dag.py:3036} INFO - Sync 1 DAGs
[2025-09-19T04:27:42.304+0000] {logging_mixin.py:188} INFO - [2025-09-19T04:27:42.304+0000] {dag.py:3823} INFO - Setting next_dagrun for example_bash_operator to 2025-09-18 00:00:00+00:00, run_after=2025-09-19 00:00:00+00:00
[2025-09-19T04:27:42.339+0000] {processor.py:183} INFO - Processing /home/airflow/.local/lib/python3.8/site-packages/airflow/example_dags/example_bash_operator.py took 0.169 seconds
[2025-09-19T04:28:12.684+0000] {processor.py:161} INFO - Started process (PID=2376) to work on /home/airflow/.local/lib/python3.8/site-packages/airflow/example_dags/example_bash_operator.py
[2025-09-19T04:28:12.686+0000] {processor.py:830} INFO - Processing file /home/airflow/.local/lib/python3.8/site-packages/airflow/example_dags/example_bash_operator.py for tasks to queue
[2025-09-19T04:28:12.690+0000] {logging_mixin.py:188} INFO - [2025-09-19T04:28:12.689+0000] {dagbag.py:538} INFO - Filling up the DagBag from /home/airflow/.local/lib/python3.8/site-packages/airflow/example_dags/example_bash_operator.py
[2025-09-19T04:28:12.713+0000] {processor.py:840} INFO - DAG(s) 'example_bash_operator' retrieved from /home/airflow/.local/lib/python3.8/site-packages/airflow/example_dags/example_bash_operator.py
[2025-09-19T04:28:12.776+0000] {logging_mixin.py:188} INFO - [2025-09-19T04:28:12.775+0000] {dag.py:3036} INFO - Sync 1 DAGs
[2025-09-19T04:28:12.825+0000] {logging_mixin.py:188} INFO - [2025-09-19T04:28:12.825+0000] {dag.py:3823} INFO - Setting next_dagrun for example_bash_operator to 2025-09-18 00:00:00+00:00, run_after=2025-09-19 00:00:00+00:00
[2025-09-19T04:28:12.866+0000] {processor.py:183} INFO - Processing /home/airflow/.local/lib/python3.8/site-packages/airflow/example_dags/example_bash_operator.py took 0.187 seconds
[2025-09-19T04:28:43.539+0000] {processor.py:161} INFO - Started process (PID=2432) to work on /home/airflow/.local/lib/python3.8/site-packages/airflow/example_dags/example_bash_operator.py
[2025-09-19T04:28:43.541+0000] {processor.py:830} INFO - Processing file /home/airflow/.local/lib/python3.8/site-packages/airflow/example_dags/example_bash_operator.py for tasks to queue
[2025-09-19T04:28:43.544+0000] {logging_mixin.py:188} INFO - [2025-09-19T04:28:43.544+0000] {dagbag.py:538} INFO - Filling up the DagBag from /home/airflow/.local/lib/python3.8/site-packages/airflow/example_dags/example_bash_operator.py
[2025-09-19T04:28:43.571+0000] {processor.py:840} INFO - DAG(s) 'example_bash_operator' retrieved from /home/airflow/.local/lib/python3.8/site-packages/airflow/example_dags/example_bash_operator.py
[2025-09-19T04:28:43.648+0000] {logging_mixin.py:188} INFO - [2025-09-19T04:28:43.648+0000] {dag.py:3036} INFO - Sync 1 DAGs
[2025-09-19T04:28:43.695+0000] {logging_mixin.py:188} INFO - [2025-09-19T04:28:43.695+0000] {dag.py:3823} INFO - Setting next_dagrun for example_bash_operator to 2025-09-18 00:00:00+00:00, run_after=2025-09-19 00:00:00+00:00
[2025-09-19T04:28:43.730+0000] {processor.py:183} INFO - Processing /home/airflow/.local/lib/python3.8/site-packages/airflow/example_dags/example_bash_operator.py took 0.197 seconds
[2025-09-19T04:29:13.849+0000] {processor.py:161} INFO - Started process (PID=2486) to work on /home/airflow/.local/lib/python3.8/site-packages/airflow/example_dags/example_bash_operator.py
[2025-09-19T04:29:13.851+0000] {processor.py:830} INFO - Processing file /home/airflow/.local/lib/python3.8/site-packages/airflow/example_dags/example_bash_operator.py for tasks to queue
[2025-09-19T04:29:13.855+0000] {logging_mixin.py:188} INFO - [2025-09-19T04:29:13.854+0000] {dagbag.py:538} INFO - Filling up the DagBag from /home/airflow/.local/lib/python3.8/site-packages/airflow/example_dags/example_bash_operator.py
[2025-09-19T04:29:13.884+0000] {processor.py:840} INFO - DAG(s) 'example_bash_operator' retrieved from /home/airflow/.local/lib/python3.8/site-packages/airflow/example_dags/example_bash_operator.py
[2025-09-19T04:29:13.955+0000] {logging_mixin.py:188} INFO - [2025-09-19T04:29:13.955+0000] {dag.py:3036} INFO - Sync 1 DAGs
[2025-09-19T04:29:14.001+0000] {logging_mixin.py:188} INFO - [2025-09-19T04:29:14.001+0000] {dag.py:3823} INFO - Setting next_dagrun for example_bash_operator to 2025-09-18 00:00:00+00:00, run_after=2025-09-19 00:00:00+00:00
[2025-09-19T04:29:14.035+0000] {processor.py:183} INFO - Processing /home/airflow/.local/lib/python3.8/site-packages/airflow/example_dags/example_bash_operator.py took 0.191 seconds
[2025-09-19T04:29:44.274+0000] {processor.py:161} INFO - Started process (PID=2542) to work on /home/airflow/.local/lib/python3.8/site-packages/airflow/example_dags/example_bash_operator.py
[2025-09-19T04:29:44.281+0000] {processor.py:830} INFO - Processing file /home/airflow/.local/lib/python3.8/site-packages/airflow/example_dags/example_bash_operator.py for tasks to queue
[2025-09-19T04:29:44.286+0000] {logging_mixin.py:188} INFO - [2025-09-19T04:29:44.285+0000] {dagbag.py:538} INFO - Filling up the DagBag from /home/airflow/.local/lib/python3.8/site-packages/airflow/example_dags/example_bash_operator.py
[2025-09-19T04:29:44.318+0000] {processor.py:840} INFO - DAG(s) 'example_bash_operator' retrieved from /home/airflow/.local/lib/python3.8/site-packages/airflow/example_dags/example_bash_operator.py
[2025-09-19T04:29:44.392+0000] {logging_mixin.py:188} INFO - [2025-09-19T04:29:44.391+0000] {dag.py:3036} INFO - Sync 1 DAGs
[2025-09-19T04:29:44.443+0000] {logging_mixin.py:188} INFO - [2025-09-19T04:29:44.443+0000] {dag.py:3823} INFO - Setting next_dagrun for example_bash_operator to 2025-09-18 00:00:00+00:00, run_after=2025-09-19 00:00:00+00:00
[2025-09-19T04:29:44.482+0000] {processor.py:183} INFO - Processing /home/airflow/.local/lib/python3.8/site-packages/airflow/example_dags/example_bash_operator.py took 0.216 seconds
[2025-09-19T04:30:14.754+0000] {processor.py:161} INFO - Started process (PID=2597) to work on /home/airflow/.local/lib/python3.8/site-packages/airflow/example_dags/example_bash_operator.py
[2025-09-19T04:30:14.756+0000] {processor.py:830} INFO - Processing file /home/airflow/.local/lib/python3.8/site-packages/airflow/example_dags/example_bash_operator.py for tasks to queue
[2025-09-19T04:30:14.760+0000] {logging_mixin.py:188} INFO - [2025-09-19T04:30:14.759+0000] {dagbag.py:538} INFO - Filling up the DagBag from /home/airflow/.local/lib/python3.8/site-packages/airflow/example_dags/example_bash_operator.py
[2025-09-19T04:30:14.786+0000] {processor.py:840} INFO - DAG(s) 'example_bash_operator' retrieved from /home/airflow/.local/lib/python3.8/site-packages/airflow/example_dags/example_bash_operator.py
[2025-09-19T04:30:14.842+0000] {logging_mixin.py:188} INFO - [2025-09-19T04:30:14.841+0000] {dag.py:3036} INFO - Sync 1 DAGs
[2025-09-19T04:30:14.884+0000] {logging_mixin.py:188} INFO - [2025-09-19T04:30:14.884+0000] {dag.py:3823} INFO - Setting next_dagrun for example_bash_operator to 2025-09-18 00:00:00+00:00, run_after=2025-09-19 00:00:00+00:00
[2025-09-19T04:30:14.920+0000] {processor.py:183} INFO - Processing /home/airflow/.local/lib/python3.8/site-packages/airflow/example_dags/example_bash_operator.py took 0.174 seconds
[2025-09-19T04:30:45.230+0000] {processor.py:161} INFO - Started process (PID=2652) to work on /home/airflow/.local/lib/python3.8/site-packages/airflow/example_dags/example_bash_operator.py
[2025-09-19T04:30:45.232+0000] {processor.py:830} INFO - Processing file /home/airflow/.local/lib/python3.8/site-packages/airflow/example_dags/example_bash_operator.py for tasks to queue
[2025-09-19T04:30:45.236+0000] {logging_mixin.py:188} INFO - [2025-09-19T04:30:45.235+0000] {dagbag.py:538} INFO - Filling up the DagBag from /home/airflow/.local/lib/python3.8/site-packages/airflow/example_dags/example_bash_operator.py
[2025-09-19T04:30:45.260+0000] {processor.py:840} INFO - DAG(s) 'example_bash_operator' retrieved from /home/airflow/.local/lib/python3.8/site-packages/airflow/example_dags/example_bash_operator.py
[2025-09-19T04:30:45.324+0000] {logging_mixin.py:188} INFO - [2025-09-19T04:30:45.324+0000] {dag.py:3036} INFO - Sync 1 DAGs
[2025-09-19T04:30:45.367+0000] {logging_mixin.py:188} INFO - [2025-09-19T04:30:45.366+0000] {dag.py:3823} INFO - Setting next_dagrun for example_bash_operator to 2025-09-18 00:00:00+00:00, run_after=2025-09-19 00:00:00+00:00
[2025-09-19T04:30:45.410+0000] {processor.py:183} INFO - Processing /home/airflow/.local/lib/python3.8/site-packages/airflow/example_dags/example_bash_operator.py took 0.186 seconds
[2025-09-19T04:31:15.801+0000] {processor.py:161} INFO - Started process (PID=2706) to work on /home/airflow/.local/lib/python3.8/site-packages/airflow/example_dags/example_bash_operator.py
[2025-09-19T04:31:15.803+0000] {processor.py:830} INFO - Processing file /home/airflow/.local/lib/python3.8/site-packages/airflow/example_dags/example_bash_operator.py for tasks to queue
[2025-09-19T04:31:15.806+0000] {logging_mixin.py:188} INFO - [2025-09-19T04:31:15.806+0000] {dagbag.py:538} INFO - Filling up the DagBag from /home/airflow/.local/lib/python3.8/site-packages/airflow/example_dags/example_bash_operator.py
[2025-09-19T04:31:15.828+0000] {processor.py:840} INFO - DAG(s) 'example_bash_operator' retrieved from /home/airflow/.local/lib/python3.8/site-packages/airflow/example_dags/example_bash_operator.py
[2025-09-19T04:31:15.884+0000] {logging_mixin.py:188} INFO - [2025-09-19T04:31:15.884+0000] {dag.py:3036} INFO - Sync 1 DAGs
[2025-09-19T04:31:15.927+0000] {logging_mixin.py:188} INFO - [2025-09-19T04:31:15.926+0000] {dag.py:3823} INFO - Setting next_dagrun for example_bash_operator to 2025-09-18 00:00:00+00:00, run_after=2025-09-19 00:00:00+00:00
[2025-09-19T04:31:15.964+0000] {processor.py:183} INFO - Processing /home/airflow/.local/lib/python3.8/site-packages/airflow/example_dags/example_bash_operator.py took 0.169 seconds
[2025-09-19T04:31:46.887+0000] {processor.py:161} INFO - Started process (PID=2761) to work on /home/airflow/.local/lib/python3.8/site-packages/airflow/example_dags/example_bash_operator.py
[2025-09-19T04:31:46.889+0000] {processor.py:830} INFO - Processing file /home/airflow/.local/lib/python3.8/site-packages/airflow/example_dags/example_bash_operator.py for tasks to queue
[2025-09-19T04:31:46.893+0000] {logging_mixin.py:188} INFO - [2025-09-19T04:31:46.892+0000] {dagbag.py:538} INFO - Filling up the DagBag from /home/airflow/.local/lib/python3.8/site-packages/airflow/example_dags/example_bash_operator.py
[2025-09-19T04:31:46.919+0000] {processor.py:840} INFO - DAG(s) 'example_bash_operator' retrieved from /home/airflow/.local/lib/python3.8/site-packages/airflow/example_dags/example_bash_operator.py
[2025-09-19T04:31:46.975+0000] {logging_mixin.py:188} INFO - [2025-09-19T04:31:46.974+0000] {dag.py:3036} INFO - Sync 1 DAGs
[2025-09-19T04:31:47.183+0000] {logging_mixin.py:188} INFO - [2025-09-19T04:31:47.182+0000] {dag.py:3823} INFO - Setting next_dagrun for example_bash_operator to 2025-09-18 00:00:00+00:00, run_after=2025-09-19 00:00:00+00:00
[2025-09-19T04:31:47.221+0000] {processor.py:183} INFO - Processing /home/airflow/.local/lib/python3.8/site-packages/airflow/example_dags/example_bash_operator.py took 0.339 seconds
[2025-09-19T04:32:17.541+0000] {processor.py:161} INFO - Started process (PID=2816) to work on /home/airflow/.local/lib/python3.8/site-packages/airflow/example_dags/example_bash_operator.py
[2025-09-19T04:32:17.544+0000] {processor.py:830} INFO - Processing file /home/airflow/.local/lib/python3.8/site-packages/airflow/example_dags/example_bash_operator.py for tasks to queue
[2025-09-19T04:32:17.547+0000] {logging_mixin.py:188} INFO - [2025-09-19T04:32:17.547+0000] {dagbag.py:538} INFO - Filling up the DagBag from /home/airflow/.local/lib/python3.8/site-packages/airflow/example_dags/example_bash_operator.py
[2025-09-19T04:32:17.570+0000] {processor.py:840} INFO - DAG(s) 'example_bash_operator' retrieved from /home/airflow/.local/lib/python3.8/site-packages/airflow/example_dags/example_bash_operator.py
[2025-09-19T04:32:17.629+0000] {logging_mixin.py:188} INFO - [2025-09-19T04:32:17.629+0000] {dag.py:3036} INFO - Sync 1 DAGs
[2025-09-19T04:32:17.674+0000] {logging_mixin.py:188} INFO - [2025-09-19T04:32:17.674+0000] {dag.py:3823} INFO - Setting next_dagrun for example_bash_operator to 2025-09-18 00:00:00+00:00, run_after=2025-09-19 00:00:00+00:00
[2025-09-19T04:32:17.716+0000] {processor.py:183} INFO - Processing /home/airflow/.local/lib/python3.8/site-packages/airflow/example_dags/example_bash_operator.py took 0.181 seconds
[2025-09-19T04:32:48.462+0000] {processor.py:161} INFO - Started process (PID=2871) to work on /home/airflow/.local/lib/python3.8/site-packages/airflow/example_dags/example_bash_operator.py
[2025-09-19T04:32:48.464+0000] {processor.py:830} INFO - Processing file /home/airflow/.local/lib/python3.8/site-packages/airflow/example_dags/example_bash_operator.py for tasks to queue
[2025-09-19T04:32:48.467+0000] {logging_mixin.py:188} INFO - [2025-09-19T04:32:48.466+0000] {dagbag.py:538} INFO - Filling up the DagBag from /home/airflow/.local/lib/python3.8/site-packages/airflow/example_dags/example_bash_operator.py
[2025-09-19T04:32:48.488+0000] {processor.py:840} INFO - DAG(s) 'example_bash_operator' retrieved from /home/airflow/.local/lib/python3.8/site-packages/airflow/example_dags/example_bash_operator.py
[2025-09-19T04:32:48.553+0000] {logging_mixin.py:188} INFO - [2025-09-19T04:32:48.553+0000] {dag.py:3036} INFO - Sync 1 DAGs
[2025-09-19T04:32:48.595+0000] {logging_mixin.py:188} INFO - [2025-09-19T04:32:48.595+0000] {dag.py:3823} INFO - Setting next_dagrun for example_bash_operator to 2025-09-18 00:00:00+00:00, run_after=2025-09-19 00:00:00+00:00
[2025-09-19T04:32:48.631+0000] {processor.py:183} INFO - Processing /home/airflow/.local/lib/python3.8/site-packages/airflow/example_dags/example_bash_operator.py took 0.176 seconds
[2025-09-19T04:33:19.646+0000] {processor.py:161} INFO - Started process (PID=2926) to work on /home/airflow/.local/lib/python3.8/site-packages/airflow/example_dags/example_bash_operator.py
[2025-09-19T04:33:19.648+0000] {processor.py:830} INFO - Processing file /home/airflow/.local/lib/python3.8/site-packages/airflow/example_dags/example_bash_operator.py for tasks to queue
[2025-09-19T04:33:19.653+0000] {logging_mixin.py:188} INFO - [2025-09-19T04:33:19.652+0000] {dagbag.py:538} INFO - Filling up the DagBag from /home/airflow/.local/lib/python3.8/site-packages/airflow/example_dags/example_bash_operator.py
[2025-09-19T04:33:19.675+0000] {processor.py:840} INFO - DAG(s) 'example_bash_operator' retrieved from /home/airflow/.local/lib/python3.8/site-packages/airflow/example_dags/example_bash_operator.py
[2025-09-19T04:33:19.737+0000] {logging_mixin.py:188} INFO - [2025-09-19T04:33:19.737+0000] {dag.py:3036} INFO - Sync 1 DAGs
[2025-09-19T04:33:19.784+0000] {logging_mixin.py:188} INFO - [2025-09-19T04:33:19.784+0000] {dag.py:3823} INFO - Setting next_dagrun for example_bash_operator to 2025-09-18 00:00:00+00:00, run_after=2025-09-19 00:00:00+00:00
[2025-09-19T04:33:19.824+0000] {processor.py:183} INFO - Processing /home/airflow/.local/lib/python3.8/site-packages/airflow/example_dags/example_bash_operator.py took 0.185 seconds
