[2025-09-19T04:06:50.873+0000] {processor.py:161} INFO - Started process (PID=65) to work on /home/airflow/.local/lib/python3.8/site-packages/airflow/example_dags/example_branch_operator.py
[2025-09-19T04:06:50.885+0000] {processor.py:830} INFO - Processing file /home/airflow/.local/lib/python3.8/site-packages/airflow/example_dags/example_branch_operator.py for tasks to queue
[2025-09-19T04:06:50.910+0000] {logging_mixin.py:188} INFO - [2025-09-19T04:06:50.909+0000] {dagbag.py:538} INFO - Filling up the DagBag from /home/airflow/.local/lib/python3.8/site-packages/airflow/example_dags/example_branch_operator.py
[2025-09-19T04:06:50.997+0000] {processor.py:840} INFO - DAG(s) 'example_branch_operator' retrieved from /home/airflow/.local/lib/python3.8/site-packages/airflow/example_dags/example_branch_operator.py
[2025-09-19T04:06:51.332+0000] {logging_mixin.py:188} INFO - [2025-09-19T04:06:51.331+0000] {dag.py:3036} INFO - Sync 1 DAGs
[2025-09-19T04:06:51.399+0000] {logging_mixin.py:188} INFO - [2025-09-19T04:06:51.399+0000] {dag.py:3823} INFO - Setting next_dagrun for example_branch_operator to 2025-09-18 00:00:00+00:00, run_after=2025-09-19 00:00:00+00:00
[2025-09-19T04:06:51.456+0000] {processor.py:183} INFO - Processing /home/airflow/.local/lib/python3.8/site-packages/airflow/example_dags/example_branch_operator.py took 0.599 seconds
[2025-09-19T04:07:22.034+0000] {processor.py:161} INFO - Started process (PID=120) to work on /home/airflow/.local/lib/python3.8/site-packages/airflow/example_dags/example_branch_operator.py
[2025-09-19T04:07:22.036+0000] {processor.py:830} INFO - Processing file /home/airflow/.local/lib/python3.8/site-packages/airflow/example_dags/example_branch_operator.py for tasks to queue
[2025-09-19T04:07:22.039+0000] {logging_mixin.py:188} INFO - [2025-09-19T04:07:22.039+0000] {dagbag.py:538} INFO - Filling up the DagBag from /home/airflow/.local/lib/python3.8/site-packages/airflow/example_dags/example_branch_operator.py
[2025-09-19T04:07:22.072+0000] {processor.py:840} INFO - DAG(s) 'example_branch_operator' retrieved from /home/airflow/.local/lib/python3.8/site-packages/airflow/example_dags/example_branch_operator.py
[2025-09-19T04:07:22.122+0000] {logging_mixin.py:188} INFO - [2025-09-19T04:07:22.122+0000] {dag.py:3036} INFO - Sync 1 DAGs
[2025-09-19T04:07:22.164+0000] {logging_mixin.py:188} INFO - [2025-09-19T04:07:22.163+0000] {dag.py:3823} INFO - Setting next_dagrun for example_branch_operator to 2025-09-18 00:00:00+00:00, run_after=2025-09-19 00:00:00+00:00
[2025-09-19T04:07:22.204+0000] {processor.py:183} INFO - Processing /home/airflow/.local/lib/python3.8/site-packages/airflow/example_dags/example_branch_operator.py took 0.176 seconds
[2025-09-19T04:07:52.952+0000] {processor.py:161} INFO - Started process (PID=175) to work on /home/airflow/.local/lib/python3.8/site-packages/airflow/example_dags/example_branch_operator.py
[2025-09-19T04:07:52.954+0000] {processor.py:830} INFO - Processing file /home/airflow/.local/lib/python3.8/site-packages/airflow/example_dags/example_branch_operator.py for tasks to queue
[2025-09-19T04:07:52.957+0000] {logging_mixin.py:188} INFO - [2025-09-19T04:07:52.957+0000] {dagbag.py:538} INFO - Filling up the DagBag from /home/airflow/.local/lib/python3.8/site-packages/airflow/example_dags/example_branch_operator.py
[2025-09-19T04:07:52.993+0000] {processor.py:840} INFO - DAG(s) 'example_branch_operator' retrieved from /home/airflow/.local/lib/python3.8/site-packages/airflow/example_dags/example_branch_operator.py
[2025-09-19T04:07:53.046+0000] {logging_mixin.py:188} INFO - [2025-09-19T04:07:53.046+0000] {dag.py:3036} INFO - Sync 1 DAGs
[2025-09-19T04:07:53.090+0000] {logging_mixin.py:188} INFO - [2025-09-19T04:07:53.090+0000] {dag.py:3823} INFO - Setting next_dagrun for example_branch_operator to 2025-09-18 00:00:00+00:00, run_after=2025-09-19 00:00:00+00:00
[2025-09-19T04:07:53.133+0000] {processor.py:183} INFO - Processing /home/airflow/.local/lib/python3.8/site-packages/airflow/example_dags/example_branch_operator.py took 0.187 seconds
[2025-09-19T04:08:23.557+0000] {processor.py:161} INFO - Started process (PID=230) to work on /home/airflow/.local/lib/python3.8/site-packages/airflow/example_dags/example_branch_operator.py
[2025-09-19T04:08:23.559+0000] {processor.py:830} INFO - Processing file /home/airflow/.local/lib/python3.8/site-packages/airflow/example_dags/example_branch_operator.py for tasks to queue
[2025-09-19T04:08:23.564+0000] {logging_mixin.py:188} INFO - [2025-09-19T04:08:23.563+0000] {dagbag.py:538} INFO - Filling up the DagBag from /home/airflow/.local/lib/python3.8/site-packages/airflow/example_dags/example_branch_operator.py
[2025-09-19T04:08:23.618+0000] {processor.py:840} INFO - DAG(s) 'example_branch_operator' retrieved from /home/airflow/.local/lib/python3.8/site-packages/airflow/example_dags/example_branch_operator.py
[2025-09-19T04:08:23.694+0000] {logging_mixin.py:188} INFO - [2025-09-19T04:08:23.694+0000] {dag.py:3036} INFO - Sync 1 DAGs
[2025-09-19T04:08:23.744+0000] {logging_mixin.py:188} INFO - [2025-09-19T04:08:23.743+0000] {dag.py:3823} INFO - Setting next_dagrun for example_branch_operator to 2025-09-18 00:00:00+00:00, run_after=2025-09-19 00:00:00+00:00
[2025-09-19T04:08:23.790+0000] {processor.py:183} INFO - Processing /home/airflow/.local/lib/python3.8/site-packages/airflow/example_dags/example_branch_operator.py took 0.240 seconds
[2025-09-19T04:08:53.966+0000] {processor.py:161} INFO - Started process (PID=286) to work on /home/airflow/.local/lib/python3.8/site-packages/airflow/example_dags/example_branch_operator.py
[2025-09-19T04:08:53.968+0000] {processor.py:830} INFO - Processing file /home/airflow/.local/lib/python3.8/site-packages/airflow/example_dags/example_branch_operator.py for tasks to queue
[2025-09-19T04:08:53.971+0000] {logging_mixin.py:188} INFO - [2025-09-19T04:08:53.971+0000] {dagbag.py:538} INFO - Filling up the DagBag from /home/airflow/.local/lib/python3.8/site-packages/airflow/example_dags/example_branch_operator.py
[2025-09-19T04:08:54.003+0000] {processor.py:840} INFO - DAG(s) 'example_branch_operator' retrieved from /home/airflow/.local/lib/python3.8/site-packages/airflow/example_dags/example_branch_operator.py
[2025-09-19T04:08:54.059+0000] {logging_mixin.py:188} INFO - [2025-09-19T04:08:54.059+0000] {dag.py:3036} INFO - Sync 1 DAGs
[2025-09-19T04:08:54.104+0000] {logging_mixin.py:188} INFO - [2025-09-19T04:08:54.103+0000] {dag.py:3823} INFO - Setting next_dagrun for example_branch_operator to 2025-09-18 00:00:00+00:00, run_after=2025-09-19 00:00:00+00:00
[2025-09-19T04:08:54.142+0000] {processor.py:183} INFO - Processing /home/airflow/.local/lib/python3.8/site-packages/airflow/example_dags/example_branch_operator.py took 0.181 seconds
[2025-09-19T04:09:24.490+0000] {processor.py:161} INFO - Started process (PID=341) to work on /home/airflow/.local/lib/python3.8/site-packages/airflow/example_dags/example_branch_operator.py
[2025-09-19T04:09:24.492+0000] {processor.py:830} INFO - Processing file /home/airflow/.local/lib/python3.8/site-packages/airflow/example_dags/example_branch_operator.py for tasks to queue
[2025-09-19T04:09:24.495+0000] {logging_mixin.py:188} INFO - [2025-09-19T04:09:24.495+0000] {dagbag.py:538} INFO - Filling up the DagBag from /home/airflow/.local/lib/python3.8/site-packages/airflow/example_dags/example_branch_operator.py
[2025-09-19T04:09:24.536+0000] {processor.py:840} INFO - DAG(s) 'example_branch_operator' retrieved from /home/airflow/.local/lib/python3.8/site-packages/airflow/example_dags/example_branch_operator.py
[2025-09-19T04:09:24.586+0000] {logging_mixin.py:188} INFO - [2025-09-19T04:09:24.586+0000] {dag.py:3036} INFO - Sync 1 DAGs
[2025-09-19T04:09:24.628+0000] {logging_mixin.py:188} INFO - [2025-09-19T04:09:24.628+0000] {dag.py:3823} INFO - Setting next_dagrun for example_branch_operator to 2025-09-18 00:00:00+00:00, run_after=2025-09-19 00:00:00+00:00
[2025-09-19T04:09:24.667+0000] {processor.py:183} INFO - Processing /home/airflow/.local/lib/python3.8/site-packages/airflow/example_dags/example_branch_operator.py took 0.182 seconds
[2025-09-19T04:09:54.785+0000] {processor.py:161} INFO - Started process (PID=396) to work on /home/airflow/.local/lib/python3.8/site-packages/airflow/example_dags/example_branch_operator.py
[2025-09-19T04:09:54.787+0000] {processor.py:830} INFO - Processing file /home/airflow/.local/lib/python3.8/site-packages/airflow/example_dags/example_branch_operator.py for tasks to queue
[2025-09-19T04:09:54.791+0000] {logging_mixin.py:188} INFO - [2025-09-19T04:09:54.791+0000] {dagbag.py:538} INFO - Filling up the DagBag from /home/airflow/.local/lib/python3.8/site-packages/airflow/example_dags/example_branch_operator.py
[2025-09-19T04:09:54.825+0000] {processor.py:840} INFO - DAG(s) 'example_branch_operator' retrieved from /home/airflow/.local/lib/python3.8/site-packages/airflow/example_dags/example_branch_operator.py
[2025-09-19T04:09:54.883+0000] {logging_mixin.py:188} INFO - [2025-09-19T04:09:54.883+0000] {dag.py:3036} INFO - Sync 1 DAGs
[2025-09-19T04:09:54.927+0000] {logging_mixin.py:188} INFO - [2025-09-19T04:09:54.926+0000] {dag.py:3823} INFO - Setting next_dagrun for example_branch_operator to 2025-09-18 00:00:00+00:00, run_after=2025-09-19 00:00:00+00:00
[2025-09-19T04:09:54.967+0000] {processor.py:183} INFO - Processing /home/airflow/.local/lib/python3.8/site-packages/airflow/example_dags/example_branch_operator.py took 0.187 seconds
[2025-09-19T04:10:25.581+0000] {processor.py:161} INFO - Started process (PID=451) to work on /home/airflow/.local/lib/python3.8/site-packages/airflow/example_dags/example_branch_operator.py
[2025-09-19T04:10:25.583+0000] {processor.py:830} INFO - Processing file /home/airflow/.local/lib/python3.8/site-packages/airflow/example_dags/example_branch_operator.py for tasks to queue
[2025-09-19T04:10:25.588+0000] {logging_mixin.py:188} INFO - [2025-09-19T04:10:25.587+0000] {dagbag.py:538} INFO - Filling up the DagBag from /home/airflow/.local/lib/python3.8/site-packages/airflow/example_dags/example_branch_operator.py
[2025-09-19T04:10:25.628+0000] {processor.py:840} INFO - DAG(s) 'example_branch_operator' retrieved from /home/airflow/.local/lib/python3.8/site-packages/airflow/example_dags/example_branch_operator.py
[2025-09-19T04:10:25.680+0000] {logging_mixin.py:188} INFO - [2025-09-19T04:10:25.679+0000] {dag.py:3036} INFO - Sync 1 DAGs
[2025-09-19T04:10:25.726+0000] {logging_mixin.py:188} INFO - [2025-09-19T04:10:25.726+0000] {dag.py:3823} INFO - Setting next_dagrun for example_branch_operator to 2025-09-18 00:00:00+00:00, run_after=2025-09-19 00:00:00+00:00
[2025-09-19T04:10:25.763+0000] {processor.py:183} INFO - Processing /home/airflow/.local/lib/python3.8/site-packages/airflow/example_dags/example_branch_operator.py took 0.190 seconds
[2025-09-19T04:10:56.178+0000] {processor.py:161} INFO - Started process (PID=506) to work on /home/airflow/.local/lib/python3.8/site-packages/airflow/example_dags/example_branch_operator.py
[2025-09-19T04:10:56.181+0000] {processor.py:830} INFO - Processing file /home/airflow/.local/lib/python3.8/site-packages/airflow/example_dags/example_branch_operator.py for tasks to queue
[2025-09-19T04:10:56.186+0000] {logging_mixin.py:188} INFO - [2025-09-19T04:10:56.185+0000] {dagbag.py:538} INFO - Filling up the DagBag from /home/airflow/.local/lib/python3.8/site-packages/airflow/example_dags/example_branch_operator.py
[2025-09-19T04:10:56.226+0000] {processor.py:840} INFO - DAG(s) 'example_branch_operator' retrieved from /home/airflow/.local/lib/python3.8/site-packages/airflow/example_dags/example_branch_operator.py
[2025-09-19T04:10:56.289+0000] {logging_mixin.py:188} INFO - [2025-09-19T04:10:56.288+0000] {dag.py:3036} INFO - Sync 1 DAGs
[2025-09-19T04:10:56.338+0000] {logging_mixin.py:188} INFO - [2025-09-19T04:10:56.337+0000] {dag.py:3823} INFO - Setting next_dagrun for example_branch_operator to 2025-09-18 00:00:00+00:00, run_after=2025-09-19 00:00:00+00:00
[2025-09-19T04:10:56.374+0000] {processor.py:183} INFO - Processing /home/airflow/.local/lib/python3.8/site-packages/airflow/example_dags/example_branch_operator.py took 0.203 seconds
[2025-09-19T04:11:26.740+0000] {processor.py:161} INFO - Started process (PID=561) to work on /home/airflow/.local/lib/python3.8/site-packages/airflow/example_dags/example_branch_operator.py
[2025-09-19T04:11:26.742+0000] {processor.py:830} INFO - Processing file /home/airflow/.local/lib/python3.8/site-packages/airflow/example_dags/example_branch_operator.py for tasks to queue
[2025-09-19T04:11:26.747+0000] {logging_mixin.py:188} INFO - [2025-09-19T04:11:26.746+0000] {dagbag.py:538} INFO - Filling up the DagBag from /home/airflow/.local/lib/python3.8/site-packages/airflow/example_dags/example_branch_operator.py
[2025-09-19T04:11:26.798+0000] {processor.py:840} INFO - DAG(s) 'example_branch_operator' retrieved from /home/airflow/.local/lib/python3.8/site-packages/airflow/example_dags/example_branch_operator.py
[2025-09-19T04:11:26.866+0000] {logging_mixin.py:188} INFO - [2025-09-19T04:11:26.865+0000] {dag.py:3036} INFO - Sync 1 DAGs
[2025-09-19T04:11:26.924+0000] {logging_mixin.py:188} INFO - [2025-09-19T04:11:26.923+0000] {dag.py:3823} INFO - Setting next_dagrun for example_branch_operator to 2025-09-18 00:00:00+00:00, run_after=2025-09-19 00:00:00+00:00
[2025-09-19T04:11:26.965+0000] {processor.py:183} INFO - Processing /home/airflow/.local/lib/python3.8/site-packages/airflow/example_dags/example_branch_operator.py took 0.232 seconds
[2025-09-19T04:11:57.194+0000] {processor.py:161} INFO - Started process (PID=616) to work on /home/airflow/.local/lib/python3.8/site-packages/airflow/example_dags/example_branch_operator.py
[2025-09-19T04:11:57.195+0000] {processor.py:830} INFO - Processing file /home/airflow/.local/lib/python3.8/site-packages/airflow/example_dags/example_branch_operator.py for tasks to queue
[2025-09-19T04:11:57.198+0000] {logging_mixin.py:188} INFO - [2025-09-19T04:11:57.198+0000] {dagbag.py:538} INFO - Filling up the DagBag from /home/airflow/.local/lib/python3.8/site-packages/airflow/example_dags/example_branch_operator.py
[2025-09-19T04:11:57.230+0000] {processor.py:840} INFO - DAG(s) 'example_branch_operator' retrieved from /home/airflow/.local/lib/python3.8/site-packages/airflow/example_dags/example_branch_operator.py
[2025-09-19T04:11:57.277+0000] {logging_mixin.py:188} INFO - [2025-09-19T04:11:57.277+0000] {dag.py:3036} INFO - Sync 1 DAGs
[2025-09-19T04:11:57.319+0000] {logging_mixin.py:188} INFO - [2025-09-19T04:11:57.319+0000] {dag.py:3823} INFO - Setting next_dagrun for example_branch_operator to 2025-09-18 00:00:00+00:00, run_after=2025-09-19 00:00:00+00:00
[2025-09-19T04:11:57.356+0000] {processor.py:183} INFO - Processing /home/airflow/.local/lib/python3.8/site-packages/airflow/example_dags/example_branch_operator.py took 0.168 seconds
[2025-09-19T04:12:27.599+0000] {processor.py:161} INFO - Started process (PID=671) to work on /home/airflow/.local/lib/python3.8/site-packages/airflow/example_dags/example_branch_operator.py
[2025-09-19T04:12:27.606+0000] {processor.py:830} INFO - Processing file /home/airflow/.local/lib/python3.8/site-packages/airflow/example_dags/example_branch_operator.py for tasks to queue
[2025-09-19T04:12:27.610+0000] {logging_mixin.py:188} INFO - [2025-09-19T04:12:27.609+0000] {dagbag.py:538} INFO - Filling up the DagBag from /home/airflow/.local/lib/python3.8/site-packages/airflow/example_dags/example_branch_operator.py
[2025-09-19T04:12:27.648+0000] {processor.py:840} INFO - DAG(s) 'example_branch_operator' retrieved from /home/airflow/.local/lib/python3.8/site-packages/airflow/example_dags/example_branch_operator.py
[2025-09-19T04:12:27.697+0000] {logging_mixin.py:188} INFO - [2025-09-19T04:12:27.697+0000] {dag.py:3036} INFO - Sync 1 DAGs
[2025-09-19T04:12:27.738+0000] {logging_mixin.py:188} INFO - [2025-09-19T04:12:27.738+0000] {dag.py:3823} INFO - Setting next_dagrun for example_branch_operator to 2025-09-18 00:00:00+00:00, run_after=2025-09-19 00:00:00+00:00
[2025-09-19T04:12:27.774+0000] {processor.py:183} INFO - Processing /home/airflow/.local/lib/python3.8/site-packages/airflow/example_dags/example_branch_operator.py took 0.183 seconds
[2025-09-19T04:12:57.883+0000] {processor.py:161} INFO - Started process (PID=726) to work on /home/airflow/.local/lib/python3.8/site-packages/airflow/example_dags/example_branch_operator.py
[2025-09-19T04:12:57.886+0000] {processor.py:830} INFO - Processing file /home/airflow/.local/lib/python3.8/site-packages/airflow/example_dags/example_branch_operator.py for tasks to queue
[2025-09-19T04:12:57.892+0000] {logging_mixin.py:188} INFO - [2025-09-19T04:12:57.891+0000] {dagbag.py:538} INFO - Filling up the DagBag from /home/airflow/.local/lib/python3.8/site-packages/airflow/example_dags/example_branch_operator.py
[2025-09-19T04:12:57.938+0000] {processor.py:840} INFO - DAG(s) 'example_branch_operator' retrieved from /home/airflow/.local/lib/python3.8/site-packages/airflow/example_dags/example_branch_operator.py
[2025-09-19T04:12:58.001+0000] {logging_mixin.py:188} INFO - [2025-09-19T04:12:58.000+0000] {dag.py:3036} INFO - Sync 1 DAGs
[2025-09-19T04:12:58.050+0000] {logging_mixin.py:188} INFO - [2025-09-19T04:12:58.049+0000] {dag.py:3823} INFO - Setting next_dagrun for example_branch_operator to 2025-09-18 00:00:00+00:00, run_after=2025-09-19 00:00:00+00:00
[2025-09-19T04:12:58.093+0000] {processor.py:183} INFO - Processing /home/airflow/.local/lib/python3.8/site-packages/airflow/example_dags/example_branch_operator.py took 0.220 seconds
[2025-09-19T04:13:28.428+0000] {processor.py:161} INFO - Started process (PID=781) to work on /home/airflow/.local/lib/python3.8/site-packages/airflow/example_dags/example_branch_operator.py
[2025-09-19T04:13:28.430+0000] {processor.py:830} INFO - Processing file /home/airflow/.local/lib/python3.8/site-packages/airflow/example_dags/example_branch_operator.py for tasks to queue
[2025-09-19T04:13:28.434+0000] {logging_mixin.py:188} INFO - [2025-09-19T04:13:28.433+0000] {dagbag.py:538} INFO - Filling up the DagBag from /home/airflow/.local/lib/python3.8/site-packages/airflow/example_dags/example_branch_operator.py
[2025-09-19T04:13:28.465+0000] {processor.py:840} INFO - DAG(s) 'example_branch_operator' retrieved from /home/airflow/.local/lib/python3.8/site-packages/airflow/example_dags/example_branch_operator.py
[2025-09-19T04:13:28.514+0000] {logging_mixin.py:188} INFO - [2025-09-19T04:13:28.513+0000] {dag.py:3036} INFO - Sync 1 DAGs
[2025-09-19T04:13:28.554+0000] {logging_mixin.py:188} INFO - [2025-09-19T04:13:28.554+0000] {dag.py:3823} INFO - Setting next_dagrun for example_branch_operator to 2025-09-18 00:00:00+00:00, run_after=2025-09-19 00:00:00+00:00
[2025-09-19T04:13:28.591+0000] {processor.py:183} INFO - Processing /home/airflow/.local/lib/python3.8/site-packages/airflow/example_dags/example_branch_operator.py took 0.168 seconds
[2025-09-19T04:13:58.885+0000] {processor.py:161} INFO - Started process (PID=836) to work on /home/airflow/.local/lib/python3.8/site-packages/airflow/example_dags/example_branch_operator.py
[2025-09-19T04:13:58.887+0000] {processor.py:830} INFO - Processing file /home/airflow/.local/lib/python3.8/site-packages/airflow/example_dags/example_branch_operator.py for tasks to queue
[2025-09-19T04:13:58.891+0000] {logging_mixin.py:188} INFO - [2025-09-19T04:13:58.890+0000] {dagbag.py:538} INFO - Filling up the DagBag from /home/airflow/.local/lib/python3.8/site-packages/airflow/example_dags/example_branch_operator.py
[2025-09-19T04:13:58.924+0000] {processor.py:840} INFO - DAG(s) 'example_branch_operator' retrieved from /home/airflow/.local/lib/python3.8/site-packages/airflow/example_dags/example_branch_operator.py
[2025-09-19T04:13:58.973+0000] {logging_mixin.py:188} INFO - [2025-09-19T04:13:58.973+0000] {dag.py:3036} INFO - Sync 1 DAGs
[2025-09-19T04:13:59.019+0000] {logging_mixin.py:188} INFO - [2025-09-19T04:13:59.019+0000] {dag.py:3823} INFO - Setting next_dagrun for example_branch_operator to 2025-09-18 00:00:00+00:00, run_after=2025-09-19 00:00:00+00:00
[2025-09-19T04:13:59.061+0000] {processor.py:183} INFO - Processing /home/airflow/.local/lib/python3.8/site-packages/airflow/example_dags/example_branch_operator.py took 0.182 seconds
[2025-09-19T04:14:29.244+0000] {processor.py:161} INFO - Started process (PID=891) to work on /home/airflow/.local/lib/python3.8/site-packages/airflow/example_dags/example_branch_operator.py
[2025-09-19T04:14:29.246+0000] {processor.py:830} INFO - Processing file /home/airflow/.local/lib/python3.8/site-packages/airflow/example_dags/example_branch_operator.py for tasks to queue
[2025-09-19T04:14:29.250+0000] {logging_mixin.py:188} INFO - [2025-09-19T04:14:29.249+0000] {dagbag.py:538} INFO - Filling up the DagBag from /home/airflow/.local/lib/python3.8/site-packages/airflow/example_dags/example_branch_operator.py
[2025-09-19T04:14:29.282+0000] {processor.py:840} INFO - DAG(s) 'example_branch_operator' retrieved from /home/airflow/.local/lib/python3.8/site-packages/airflow/example_dags/example_branch_operator.py
[2025-09-19T04:14:29.335+0000] {logging_mixin.py:188} INFO - [2025-09-19T04:14:29.335+0000] {dag.py:3036} INFO - Sync 1 DAGs
[2025-09-19T04:14:29.379+0000] {logging_mixin.py:188} INFO - [2025-09-19T04:14:29.378+0000] {dag.py:3823} INFO - Setting next_dagrun for example_branch_operator to 2025-09-18 00:00:00+00:00, run_after=2025-09-19 00:00:00+00:00
[2025-09-19T04:14:29.423+0000] {processor.py:183} INFO - Processing /home/airflow/.local/lib/python3.8/site-packages/airflow/example_dags/example_branch_operator.py took 0.184 seconds
[2025-09-19T04:15:00.101+0000] {processor.py:161} INFO - Started process (PID=946) to work on /home/airflow/.local/lib/python3.8/site-packages/airflow/example_dags/example_branch_operator.py
[2025-09-19T04:15:00.103+0000] {processor.py:830} INFO - Processing file /home/airflow/.local/lib/python3.8/site-packages/airflow/example_dags/example_branch_operator.py for tasks to queue
[2025-09-19T04:15:00.106+0000] {logging_mixin.py:188} INFO - [2025-09-19T04:15:00.106+0000] {dagbag.py:538} INFO - Filling up the DagBag from /home/airflow/.local/lib/python3.8/site-packages/airflow/example_dags/example_branch_operator.py
[2025-09-19T04:15:00.138+0000] {processor.py:840} INFO - DAG(s) 'example_branch_operator' retrieved from /home/airflow/.local/lib/python3.8/site-packages/airflow/example_dags/example_branch_operator.py
[2025-09-19T04:15:00.189+0000] {logging_mixin.py:188} INFO - [2025-09-19T04:15:00.189+0000] {dag.py:3036} INFO - Sync 1 DAGs
[2025-09-19T04:15:00.234+0000] {logging_mixin.py:188} INFO - [2025-09-19T04:15:00.234+0000] {dag.py:3823} INFO - Setting next_dagrun for example_branch_operator to 2025-09-18 00:00:00+00:00, run_after=2025-09-19 00:00:00+00:00
[2025-09-19T04:15:00.275+0000] {processor.py:183} INFO - Processing /home/airflow/.local/lib/python3.8/site-packages/airflow/example_dags/example_branch_operator.py took 0.179 seconds
[2025-09-19T04:15:30.402+0000] {processor.py:161} INFO - Started process (PID=1001) to work on /home/airflow/.local/lib/python3.8/site-packages/airflow/example_dags/example_branch_operator.py
[2025-09-19T04:15:30.404+0000] {processor.py:830} INFO - Processing file /home/airflow/.local/lib/python3.8/site-packages/airflow/example_dags/example_branch_operator.py for tasks to queue
[2025-09-19T04:15:30.408+0000] {logging_mixin.py:188} INFO - [2025-09-19T04:15:30.407+0000] {dagbag.py:538} INFO - Filling up the DagBag from /home/airflow/.local/lib/python3.8/site-packages/airflow/example_dags/example_branch_operator.py
[2025-09-19T04:15:30.441+0000] {processor.py:840} INFO - DAG(s) 'example_branch_operator' retrieved from /home/airflow/.local/lib/python3.8/site-packages/airflow/example_dags/example_branch_operator.py
[2025-09-19T04:15:30.499+0000] {logging_mixin.py:188} INFO - [2025-09-19T04:15:30.499+0000] {dag.py:3036} INFO - Sync 1 DAGs
[2025-09-19T04:15:30.546+0000] {logging_mixin.py:188} INFO - [2025-09-19T04:15:30.546+0000] {dag.py:3823} INFO - Setting next_dagrun for example_branch_operator to 2025-09-18 00:00:00+00:00, run_after=2025-09-19 00:00:00+00:00
[2025-09-19T04:15:30.591+0000] {processor.py:183} INFO - Processing /home/airflow/.local/lib/python3.8/site-packages/airflow/example_dags/example_branch_operator.py took 0.195 seconds
[2025-09-19T04:16:00.936+0000] {processor.py:161} INFO - Started process (PID=1056) to work on /home/airflow/.local/lib/python3.8/site-packages/airflow/example_dags/example_branch_operator.py
[2025-09-19T04:16:00.938+0000] {processor.py:830} INFO - Processing file /home/airflow/.local/lib/python3.8/site-packages/airflow/example_dags/example_branch_operator.py for tasks to queue
[2025-09-19T04:16:00.941+0000] {logging_mixin.py:188} INFO - [2025-09-19T04:16:00.941+0000] {dagbag.py:538} INFO - Filling up the DagBag from /home/airflow/.local/lib/python3.8/site-packages/airflow/example_dags/example_branch_operator.py
[2025-09-19T04:16:00.976+0000] {processor.py:840} INFO - DAG(s) 'example_branch_operator' retrieved from /home/airflow/.local/lib/python3.8/site-packages/airflow/example_dags/example_branch_operator.py
[2025-09-19T04:16:01.027+0000] {logging_mixin.py:188} INFO - [2025-09-19T04:16:01.027+0000] {dag.py:3036} INFO - Sync 1 DAGs
[2025-09-19T04:16:01.070+0000] {logging_mixin.py:188} INFO - [2025-09-19T04:16:01.069+0000] {dag.py:3823} INFO - Setting next_dagrun for example_branch_operator to 2025-09-18 00:00:00+00:00, run_after=2025-09-19 00:00:00+00:00
[2025-09-19T04:16:01.112+0000] {processor.py:183} INFO - Processing /home/airflow/.local/lib/python3.8/site-packages/airflow/example_dags/example_branch_operator.py took 0.182 seconds
[2025-09-19T04:16:31.708+0000] {processor.py:161} INFO - Started process (PID=1111) to work on /home/airflow/.local/lib/python3.8/site-packages/airflow/example_dags/example_branch_operator.py
[2025-09-19T04:16:31.710+0000] {processor.py:830} INFO - Processing file /home/airflow/.local/lib/python3.8/site-packages/airflow/example_dags/example_branch_operator.py for tasks to queue
[2025-09-19T04:16:31.713+0000] {logging_mixin.py:188} INFO - [2025-09-19T04:16:31.713+0000] {dagbag.py:538} INFO - Filling up the DagBag from /home/airflow/.local/lib/python3.8/site-packages/airflow/example_dags/example_branch_operator.py
[2025-09-19T04:16:31.749+0000] {processor.py:840} INFO - DAG(s) 'example_branch_operator' retrieved from /home/airflow/.local/lib/python3.8/site-packages/airflow/example_dags/example_branch_operator.py
[2025-09-19T04:16:31.803+0000] {logging_mixin.py:188} INFO - [2025-09-19T04:16:31.802+0000] {dag.py:3036} INFO - Sync 1 DAGs
[2025-09-19T04:16:31.845+0000] {logging_mixin.py:188} INFO - [2025-09-19T04:16:31.845+0000] {dag.py:3823} INFO - Setting next_dagrun for example_branch_operator to 2025-09-18 00:00:00+00:00, run_after=2025-09-19 00:00:00+00:00
[2025-09-19T04:16:31.884+0000] {processor.py:183} INFO - Processing /home/airflow/.local/lib/python3.8/site-packages/airflow/example_dags/example_branch_operator.py took 0.182 seconds
[2025-09-19T04:17:02.104+0000] {processor.py:161} INFO - Started process (PID=1166) to work on /home/airflow/.local/lib/python3.8/site-packages/airflow/example_dags/example_branch_operator.py
[2025-09-19T04:17:02.106+0000] {processor.py:830} INFO - Processing file /home/airflow/.local/lib/python3.8/site-packages/airflow/example_dags/example_branch_operator.py for tasks to queue
[2025-09-19T04:17:02.110+0000] {logging_mixin.py:188} INFO - [2025-09-19T04:17:02.109+0000] {dagbag.py:538} INFO - Filling up the DagBag from /home/airflow/.local/lib/python3.8/site-packages/airflow/example_dags/example_branch_operator.py
[2025-09-19T04:17:02.143+0000] {processor.py:840} INFO - DAG(s) 'example_branch_operator' retrieved from /home/airflow/.local/lib/python3.8/site-packages/airflow/example_dags/example_branch_operator.py
[2025-09-19T04:17:02.193+0000] {logging_mixin.py:188} INFO - [2025-09-19T04:17:02.193+0000] {dag.py:3036} INFO - Sync 1 DAGs
[2025-09-19T04:17:02.234+0000] {logging_mixin.py:188} INFO - [2025-09-19T04:17:02.234+0000] {dag.py:3823} INFO - Setting next_dagrun for example_branch_operator to 2025-09-18 00:00:00+00:00, run_after=2025-09-19 00:00:00+00:00
[2025-09-19T04:17:02.266+0000] {processor.py:183} INFO - Processing /home/airflow/.local/lib/python3.8/site-packages/airflow/example_dags/example_branch_operator.py took 0.168 seconds
[2025-09-19T04:17:32.730+0000] {processor.py:161} INFO - Started process (PID=1221) to work on /home/airflow/.local/lib/python3.8/site-packages/airflow/example_dags/example_branch_operator.py
[2025-09-19T04:17:32.732+0000] {processor.py:830} INFO - Processing file /home/airflow/.local/lib/python3.8/site-packages/airflow/example_dags/example_branch_operator.py for tasks to queue
[2025-09-19T04:17:32.736+0000] {logging_mixin.py:188} INFO - [2025-09-19T04:17:32.735+0000] {dagbag.py:538} INFO - Filling up the DagBag from /home/airflow/.local/lib/python3.8/site-packages/airflow/example_dags/example_branch_operator.py
[2025-09-19T04:17:32.767+0000] {processor.py:840} INFO - DAG(s) 'example_branch_operator' retrieved from /home/airflow/.local/lib/python3.8/site-packages/airflow/example_dags/example_branch_operator.py
[2025-09-19T04:17:32.816+0000] {logging_mixin.py:188} INFO - [2025-09-19T04:17:32.816+0000] {dag.py:3036} INFO - Sync 1 DAGs
[2025-09-19T04:17:32.858+0000] {logging_mixin.py:188} INFO - [2025-09-19T04:17:32.857+0000] {dag.py:3823} INFO - Setting next_dagrun for example_branch_operator to 2025-09-18 00:00:00+00:00, run_after=2025-09-19 00:00:00+00:00
[2025-09-19T04:17:32.898+0000] {processor.py:183} INFO - Processing /home/airflow/.local/lib/python3.8/site-packages/airflow/example_dags/example_branch_operator.py took 0.173 seconds
[2025-09-19T04:18:03.087+0000] {processor.py:161} INFO - Started process (PID=1276) to work on /home/airflow/.local/lib/python3.8/site-packages/airflow/example_dags/example_branch_operator.py
[2025-09-19T04:18:03.089+0000] {processor.py:830} INFO - Processing file /home/airflow/.local/lib/python3.8/site-packages/airflow/example_dags/example_branch_operator.py for tasks to queue
[2025-09-19T04:18:03.093+0000] {logging_mixin.py:188} INFO - [2025-09-19T04:18:03.092+0000] {dagbag.py:538} INFO - Filling up the DagBag from /home/airflow/.local/lib/python3.8/site-packages/airflow/example_dags/example_branch_operator.py
[2025-09-19T04:18:03.127+0000] {processor.py:840} INFO - DAG(s) 'example_branch_operator' retrieved from /home/airflow/.local/lib/python3.8/site-packages/airflow/example_dags/example_branch_operator.py
[2025-09-19T04:18:03.178+0000] {logging_mixin.py:188} INFO - [2025-09-19T04:18:03.178+0000] {dag.py:3036} INFO - Sync 1 DAGs
[2025-09-19T04:18:03.231+0000] {logging_mixin.py:188} INFO - [2025-09-19T04:18:03.231+0000] {dag.py:3823} INFO - Setting next_dagrun for example_branch_operator to 2025-09-18 00:00:00+00:00, run_after=2025-09-19 00:00:00+00:00
[2025-09-19T04:18:03.272+0000] {processor.py:183} INFO - Processing /home/airflow/.local/lib/python3.8/site-packages/airflow/example_dags/example_branch_operator.py took 0.191 seconds
[2025-09-19T04:18:33.837+0000] {processor.py:161} INFO - Started process (PID=1331) to work on /home/airflow/.local/lib/python3.8/site-packages/airflow/example_dags/example_branch_operator.py
[2025-09-19T04:18:33.839+0000] {processor.py:830} INFO - Processing file /home/airflow/.local/lib/python3.8/site-packages/airflow/example_dags/example_branch_operator.py for tasks to queue
[2025-09-19T04:18:33.842+0000] {logging_mixin.py:188} INFO - [2025-09-19T04:18:33.842+0000] {dagbag.py:538} INFO - Filling up the DagBag from /home/airflow/.local/lib/python3.8/site-packages/airflow/example_dags/example_branch_operator.py
[2025-09-19T04:18:33.874+0000] {processor.py:840} INFO - DAG(s) 'example_branch_operator' retrieved from /home/airflow/.local/lib/python3.8/site-packages/airflow/example_dags/example_branch_operator.py
[2025-09-19T04:18:33.923+0000] {logging_mixin.py:188} INFO - [2025-09-19T04:18:33.923+0000] {dag.py:3036} INFO - Sync 1 DAGs
[2025-09-19T04:18:33.964+0000] {logging_mixin.py:188} INFO - [2025-09-19T04:18:33.963+0000] {dag.py:3823} INFO - Setting next_dagrun for example_branch_operator to 2025-09-18 00:00:00+00:00, run_after=2025-09-19 00:00:00+00:00
[2025-09-19T04:18:34.002+0000] {processor.py:183} INFO - Processing /home/airflow/.local/lib/python3.8/site-packages/airflow/example_dags/example_branch_operator.py took 0.170 seconds
[2025-09-19T04:19:04.227+0000] {processor.py:161} INFO - Started process (PID=1386) to work on /home/airflow/.local/lib/python3.8/site-packages/airflow/example_dags/example_branch_operator.py
[2025-09-19T04:19:04.228+0000] {processor.py:830} INFO - Processing file /home/airflow/.local/lib/python3.8/site-packages/airflow/example_dags/example_branch_operator.py for tasks to queue
[2025-09-19T04:19:04.231+0000] {logging_mixin.py:188} INFO - [2025-09-19T04:19:04.231+0000] {dagbag.py:538} INFO - Filling up the DagBag from /home/airflow/.local/lib/python3.8/site-packages/airflow/example_dags/example_branch_operator.py
[2025-09-19T04:19:04.263+0000] {processor.py:840} INFO - DAG(s) 'example_branch_operator' retrieved from /home/airflow/.local/lib/python3.8/site-packages/airflow/example_dags/example_branch_operator.py
[2025-09-19T04:19:04.313+0000] {logging_mixin.py:188} INFO - [2025-09-19T04:19:04.312+0000] {dag.py:3036} INFO - Sync 1 DAGs
[2025-09-19T04:19:04.355+0000] {logging_mixin.py:188} INFO - [2025-09-19T04:19:04.355+0000] {dag.py:3823} INFO - Setting next_dagrun for example_branch_operator to 2025-09-18 00:00:00+00:00, run_after=2025-09-19 00:00:00+00:00
[2025-09-19T04:19:04.391+0000] {processor.py:183} INFO - Processing /home/airflow/.local/lib/python3.8/site-packages/airflow/example_dags/example_branch_operator.py took 0.171 seconds
[2025-09-19T04:19:34.669+0000] {processor.py:161} INFO - Started process (PID=1441) to work on /home/airflow/.local/lib/python3.8/site-packages/airflow/example_dags/example_branch_operator.py
[2025-09-19T04:19:34.671+0000] {processor.py:830} INFO - Processing file /home/airflow/.local/lib/python3.8/site-packages/airflow/example_dags/example_branch_operator.py for tasks to queue
[2025-09-19T04:19:34.675+0000] {logging_mixin.py:188} INFO - [2025-09-19T04:19:34.674+0000] {dagbag.py:538} INFO - Filling up the DagBag from /home/airflow/.local/lib/python3.8/site-packages/airflow/example_dags/example_branch_operator.py
[2025-09-19T04:19:34.706+0000] {processor.py:840} INFO - DAG(s) 'example_branch_operator' retrieved from /home/airflow/.local/lib/python3.8/site-packages/airflow/example_dags/example_branch_operator.py
[2025-09-19T04:19:34.755+0000] {logging_mixin.py:188} INFO - [2025-09-19T04:19:34.755+0000] {dag.py:3036} INFO - Sync 1 DAGs
[2025-09-19T04:19:34.797+0000] {logging_mixin.py:188} INFO - [2025-09-19T04:19:34.796+0000] {dag.py:3823} INFO - Setting next_dagrun for example_branch_operator to 2025-09-18 00:00:00+00:00, run_after=2025-09-19 00:00:00+00:00
[2025-09-19T04:19:34.834+0000] {processor.py:183} INFO - Processing /home/airflow/.local/lib/python3.8/site-packages/airflow/example_dags/example_branch_operator.py took 0.171 seconds
[2025-09-19T04:20:05.541+0000] {processor.py:161} INFO - Started process (PID=1496) to work on /home/airflow/.local/lib/python3.8/site-packages/airflow/example_dags/example_branch_operator.py
[2025-09-19T04:20:05.543+0000] {processor.py:830} INFO - Processing file /home/airflow/.local/lib/python3.8/site-packages/airflow/example_dags/example_branch_operator.py for tasks to queue
[2025-09-19T04:20:05.546+0000] {logging_mixin.py:188} INFO - [2025-09-19T04:20:05.545+0000] {dagbag.py:538} INFO - Filling up the DagBag from /home/airflow/.local/lib/python3.8/site-packages/airflow/example_dags/example_branch_operator.py
[2025-09-19T04:20:05.582+0000] {processor.py:840} INFO - DAG(s) 'example_branch_operator' retrieved from /home/airflow/.local/lib/python3.8/site-packages/airflow/example_dags/example_branch_operator.py
[2025-09-19T04:20:05.631+0000] {logging_mixin.py:188} INFO - [2025-09-19T04:20:05.631+0000] {dag.py:3036} INFO - Sync 1 DAGs
[2025-09-19T04:20:05.671+0000] {logging_mixin.py:188} INFO - [2025-09-19T04:20:05.670+0000] {dag.py:3823} INFO - Setting next_dagrun for example_branch_operator to 2025-09-18 00:00:00+00:00, run_after=2025-09-19 00:00:00+00:00
[2025-09-19T04:20:05.708+0000] {processor.py:183} INFO - Processing /home/airflow/.local/lib/python3.8/site-packages/airflow/example_dags/example_branch_operator.py took 0.173 seconds
[2025-09-19T04:20:35.971+0000] {processor.py:161} INFO - Started process (PID=1551) to work on /home/airflow/.local/lib/python3.8/site-packages/airflow/example_dags/example_branch_operator.py
[2025-09-19T04:20:35.973+0000] {processor.py:830} INFO - Processing file /home/airflow/.local/lib/python3.8/site-packages/airflow/example_dags/example_branch_operator.py for tasks to queue
[2025-09-19T04:20:35.976+0000] {logging_mixin.py:188} INFO - [2025-09-19T04:20:35.976+0000] {dagbag.py:538} INFO - Filling up the DagBag from /home/airflow/.local/lib/python3.8/site-packages/airflow/example_dags/example_branch_operator.py
[2025-09-19T04:20:36.008+0000] {processor.py:840} INFO - DAG(s) 'example_branch_operator' retrieved from /home/airflow/.local/lib/python3.8/site-packages/airflow/example_dags/example_branch_operator.py
[2025-09-19T04:20:36.057+0000] {logging_mixin.py:188} INFO - [2025-09-19T04:20:36.056+0000] {dag.py:3036} INFO - Sync 1 DAGs
[2025-09-19T04:20:36.098+0000] {logging_mixin.py:188} INFO - [2025-09-19T04:20:36.098+0000] {dag.py:3823} INFO - Setting next_dagrun for example_branch_operator to 2025-09-18 00:00:00+00:00, run_after=2025-09-19 00:00:00+00:00
[2025-09-19T04:20:36.136+0000] {processor.py:183} INFO - Processing /home/airflow/.local/lib/python3.8/site-packages/airflow/example_dags/example_branch_operator.py took 0.171 seconds
[2025-09-19T04:21:06.745+0000] {processor.py:161} INFO - Started process (PID=1604) to work on /home/airflow/.local/lib/python3.8/site-packages/airflow/example_dags/example_branch_operator.py
[2025-09-19T04:21:06.747+0000] {processor.py:830} INFO - Processing file /home/airflow/.local/lib/python3.8/site-packages/airflow/example_dags/example_branch_operator.py for tasks to queue
[2025-09-19T04:21:06.751+0000] {logging_mixin.py:188} INFO - [2025-09-19T04:21:06.750+0000] {dagbag.py:538} INFO - Filling up the DagBag from /home/airflow/.local/lib/python3.8/site-packages/airflow/example_dags/example_branch_operator.py
[2025-09-19T04:21:06.782+0000] {processor.py:840} INFO - DAG(s) 'example_branch_operator' retrieved from /home/airflow/.local/lib/python3.8/site-packages/airflow/example_dags/example_branch_operator.py
[2025-09-19T04:21:06.833+0000] {logging_mixin.py:188} INFO - [2025-09-19T04:21:06.832+0000] {dag.py:3036} INFO - Sync 1 DAGs
[2025-09-19T04:21:06.873+0000] {logging_mixin.py:188} INFO - [2025-09-19T04:21:06.873+0000] {dag.py:3823} INFO - Setting next_dagrun for example_branch_operator to 2025-09-18 00:00:00+00:00, run_after=2025-09-19 00:00:00+00:00
[2025-09-19T04:21:06.913+0000] {processor.py:183} INFO - Processing /home/airflow/.local/lib/python3.8/site-packages/airflow/example_dags/example_branch_operator.py took 0.173 seconds
[2025-09-19T04:21:37.273+0000] {processor.py:161} INFO - Started process (PID=1659) to work on /home/airflow/.local/lib/python3.8/site-packages/airflow/example_dags/example_branch_operator.py
[2025-09-19T04:21:37.275+0000] {processor.py:830} INFO - Processing file /home/airflow/.local/lib/python3.8/site-packages/airflow/example_dags/example_branch_operator.py for tasks to queue
[2025-09-19T04:21:37.279+0000] {logging_mixin.py:188} INFO - [2025-09-19T04:21:37.279+0000] {dagbag.py:538} INFO - Filling up the DagBag from /home/airflow/.local/lib/python3.8/site-packages/airflow/example_dags/example_branch_operator.py
[2025-09-19T04:21:37.361+0000] {processor.py:840} INFO - DAG(s) 'example_branch_operator' retrieved from /home/airflow/.local/lib/python3.8/site-packages/airflow/example_dags/example_branch_operator.py
[2025-09-19T04:21:37.413+0000] {logging_mixin.py:188} INFO - [2025-09-19T04:21:37.413+0000] {dag.py:3036} INFO - Sync 1 DAGs
[2025-09-19T04:21:37.457+0000] {logging_mixin.py:188} INFO - [2025-09-19T04:21:37.456+0000] {dag.py:3823} INFO - Setting next_dagrun for example_branch_operator to 2025-09-18 00:00:00+00:00, run_after=2025-09-19 00:00:00+00:00
[2025-09-19T04:21:37.498+0000] {processor.py:183} INFO - Processing /home/airflow/.local/lib/python3.8/site-packages/airflow/example_dags/example_branch_operator.py took 0.232 seconds
[2025-09-19T04:22:07.672+0000] {processor.py:161} INFO - Started process (PID=1714) to work on /home/airflow/.local/lib/python3.8/site-packages/airflow/example_dags/example_branch_operator.py
[2025-09-19T04:22:07.674+0000] {processor.py:830} INFO - Processing file /home/airflow/.local/lib/python3.8/site-packages/airflow/example_dags/example_branch_operator.py for tasks to queue
[2025-09-19T04:22:07.677+0000] {logging_mixin.py:188} INFO - [2025-09-19T04:22:07.677+0000] {dagbag.py:538} INFO - Filling up the DagBag from /home/airflow/.local/lib/python3.8/site-packages/airflow/example_dags/example_branch_operator.py
[2025-09-19T04:22:07.713+0000] {processor.py:840} INFO - DAG(s) 'example_branch_operator' retrieved from /home/airflow/.local/lib/python3.8/site-packages/airflow/example_dags/example_branch_operator.py
[2025-09-19T04:22:07.761+0000] {logging_mixin.py:188} INFO - [2025-09-19T04:22:07.761+0000] {dag.py:3036} INFO - Sync 1 DAGs
[2025-09-19T04:22:07.802+0000] {logging_mixin.py:188} INFO - [2025-09-19T04:22:07.802+0000] {dag.py:3823} INFO - Setting next_dagrun for example_branch_operator to 2025-09-18 00:00:00+00:00, run_after=2025-09-19 00:00:00+00:00
[2025-09-19T04:22:07.840+0000] {processor.py:183} INFO - Processing /home/airflow/.local/lib/python3.8/site-packages/airflow/example_dags/example_branch_operator.py took 0.174 seconds
[2025-09-19T04:22:38.006+0000] {processor.py:161} INFO - Started process (PID=1769) to work on /home/airflow/.local/lib/python3.8/site-packages/airflow/example_dags/example_branch_operator.py
[2025-09-19T04:22:38.008+0000] {processor.py:830} INFO - Processing file /home/airflow/.local/lib/python3.8/site-packages/airflow/example_dags/example_branch_operator.py for tasks to queue
[2025-09-19T04:22:38.012+0000] {logging_mixin.py:188} INFO - [2025-09-19T04:22:38.012+0000] {dagbag.py:538} INFO - Filling up the DagBag from /home/airflow/.local/lib/python3.8/site-packages/airflow/example_dags/example_branch_operator.py
[2025-09-19T04:22:38.052+0000] {processor.py:840} INFO - DAG(s) 'example_branch_operator' retrieved from /home/airflow/.local/lib/python3.8/site-packages/airflow/example_dags/example_branch_operator.py
[2025-09-19T04:22:38.102+0000] {logging_mixin.py:188} INFO - [2025-09-19T04:22:38.102+0000] {dag.py:3036} INFO - Sync 1 DAGs
[2025-09-19T04:22:38.144+0000] {logging_mixin.py:188} INFO - [2025-09-19T04:22:38.144+0000] {dag.py:3823} INFO - Setting next_dagrun for example_branch_operator to 2025-09-18 00:00:00+00:00, run_after=2025-09-19 00:00:00+00:00
[2025-09-19T04:22:38.183+0000] {processor.py:183} INFO - Processing /home/airflow/.local/lib/python3.8/site-packages/airflow/example_dags/example_branch_operator.py took 0.186 seconds
[2025-09-19T04:23:08.326+0000] {processor.py:161} INFO - Started process (PID=1824) to work on /home/airflow/.local/lib/python3.8/site-packages/airflow/example_dags/example_branch_operator.py
[2025-09-19T04:23:08.328+0000] {processor.py:830} INFO - Processing file /home/airflow/.local/lib/python3.8/site-packages/airflow/example_dags/example_branch_operator.py for tasks to queue
[2025-09-19T04:23:08.331+0000] {logging_mixin.py:188} INFO - [2025-09-19T04:23:08.331+0000] {dagbag.py:538} INFO - Filling up the DagBag from /home/airflow/.local/lib/python3.8/site-packages/airflow/example_dags/example_branch_operator.py
[2025-09-19T04:23:08.365+0000] {processor.py:840} INFO - DAG(s) 'example_branch_operator' retrieved from /home/airflow/.local/lib/python3.8/site-packages/airflow/example_dags/example_branch_operator.py
[2025-09-19T04:23:08.418+0000] {logging_mixin.py:188} INFO - [2025-09-19T04:23:08.417+0000] {dag.py:3036} INFO - Sync 1 DAGs
[2025-09-19T04:23:08.460+0000] {logging_mixin.py:188} INFO - [2025-09-19T04:23:08.460+0000] {dag.py:3823} INFO - Setting next_dagrun for example_branch_operator to 2025-09-18 00:00:00+00:00, run_after=2025-09-19 00:00:00+00:00
[2025-09-19T04:23:08.501+0000] {processor.py:183} INFO - Processing /home/airflow/.local/lib/python3.8/site-packages/airflow/example_dags/example_branch_operator.py took 0.180 seconds
[2025-09-19T04:23:38.759+0000] {processor.py:161} INFO - Started process (PID=1879) to work on /home/airflow/.local/lib/python3.8/site-packages/airflow/example_dags/example_branch_operator.py
[2025-09-19T04:23:38.761+0000] {processor.py:830} INFO - Processing file /home/airflow/.local/lib/python3.8/site-packages/airflow/example_dags/example_branch_operator.py for tasks to queue
[2025-09-19T04:23:38.764+0000] {logging_mixin.py:188} INFO - [2025-09-19T04:23:38.763+0000] {dagbag.py:538} INFO - Filling up the DagBag from /home/airflow/.local/lib/python3.8/site-packages/airflow/example_dags/example_branch_operator.py
[2025-09-19T04:23:38.796+0000] {processor.py:840} INFO - DAG(s) 'example_branch_operator' retrieved from /home/airflow/.local/lib/python3.8/site-packages/airflow/example_dags/example_branch_operator.py
[2025-09-19T04:23:38.844+0000] {logging_mixin.py:188} INFO - [2025-09-19T04:23:38.844+0000] {dag.py:3036} INFO - Sync 1 DAGs
[2025-09-19T04:23:38.895+0000] {logging_mixin.py:188} INFO - [2025-09-19T04:23:38.895+0000] {dag.py:3823} INFO - Setting next_dagrun for example_branch_operator to 2025-09-18 00:00:00+00:00, run_after=2025-09-19 00:00:00+00:00
[2025-09-19T04:23:38.929+0000] {processor.py:183} INFO - Processing /home/airflow/.local/lib/python3.8/site-packages/airflow/example_dags/example_branch_operator.py took 0.176 seconds
[2025-09-19T04:24:09.226+0000] {processor.py:161} INFO - Started process (PID=1934) to work on /home/airflow/.local/lib/python3.8/site-packages/airflow/example_dags/example_branch_operator.py
[2025-09-19T04:24:09.228+0000] {processor.py:830} INFO - Processing file /home/airflow/.local/lib/python3.8/site-packages/airflow/example_dags/example_branch_operator.py for tasks to queue
[2025-09-19T04:24:09.232+0000] {logging_mixin.py:188} INFO - [2025-09-19T04:24:09.232+0000] {dagbag.py:538} INFO - Filling up the DagBag from /home/airflow/.local/lib/python3.8/site-packages/airflow/example_dags/example_branch_operator.py
[2025-09-19T04:24:09.269+0000] {processor.py:840} INFO - DAG(s) 'example_branch_operator' retrieved from /home/airflow/.local/lib/python3.8/site-packages/airflow/example_dags/example_branch_operator.py
[2025-09-19T04:24:09.321+0000] {logging_mixin.py:188} INFO - [2025-09-19T04:24:09.320+0000] {dag.py:3036} INFO - Sync 1 DAGs
[2025-09-19T04:24:09.360+0000] {logging_mixin.py:188} INFO - [2025-09-19T04:24:09.360+0000] {dag.py:3823} INFO - Setting next_dagrun for example_branch_operator to 2025-09-18 00:00:00+00:00, run_after=2025-09-19 00:00:00+00:00
[2025-09-19T04:24:09.398+0000] {processor.py:183} INFO - Processing /home/airflow/.local/lib/python3.8/site-packages/airflow/example_dags/example_branch_operator.py took 0.180 seconds
[2025-09-19T04:24:39.484+0000] {processor.py:161} INFO - Started process (PID=1990) to work on /home/airflow/.local/lib/python3.8/site-packages/airflow/example_dags/example_branch_operator.py
[2025-09-19T04:24:39.486+0000] {processor.py:830} INFO - Processing file /home/airflow/.local/lib/python3.8/site-packages/airflow/example_dags/example_branch_operator.py for tasks to queue
[2025-09-19T04:24:39.489+0000] {logging_mixin.py:188} INFO - [2025-09-19T04:24:39.489+0000] {dagbag.py:538} INFO - Filling up the DagBag from /home/airflow/.local/lib/python3.8/site-packages/airflow/example_dags/example_branch_operator.py
[2025-09-19T04:24:39.523+0000] {processor.py:840} INFO - DAG(s) 'example_branch_operator' retrieved from /home/airflow/.local/lib/python3.8/site-packages/airflow/example_dags/example_branch_operator.py
[2025-09-19T04:24:39.579+0000] {logging_mixin.py:188} INFO - [2025-09-19T04:24:39.578+0000] {dag.py:3036} INFO - Sync 1 DAGs
[2025-09-19T04:24:39.621+0000] {logging_mixin.py:188} INFO - [2025-09-19T04:24:39.620+0000] {dag.py:3823} INFO - Setting next_dagrun for example_branch_operator to 2025-09-18 00:00:00+00:00, run_after=2025-09-19 00:00:00+00:00
[2025-09-19T04:24:39.655+0000] {processor.py:183} INFO - Processing /home/airflow/.local/lib/python3.8/site-packages/airflow/example_dags/example_branch_operator.py took 0.176 seconds
[2025-09-19T04:25:09.950+0000] {processor.py:161} INFO - Started process (PID=2045) to work on /home/airflow/.local/lib/python3.8/site-packages/airflow/example_dags/example_branch_operator.py
[2025-09-19T04:25:09.952+0000] {processor.py:830} INFO - Processing file /home/airflow/.local/lib/python3.8/site-packages/airflow/example_dags/example_branch_operator.py for tasks to queue
[2025-09-19T04:25:09.957+0000] {logging_mixin.py:188} INFO - [2025-09-19T04:25:09.956+0000] {dagbag.py:538} INFO - Filling up the DagBag from /home/airflow/.local/lib/python3.8/site-packages/airflow/example_dags/example_branch_operator.py
[2025-09-19T04:25:09.999+0000] {processor.py:840} INFO - DAG(s) 'example_branch_operator' retrieved from /home/airflow/.local/lib/python3.8/site-packages/airflow/example_dags/example_branch_operator.py
[2025-09-19T04:25:10.056+0000] {logging_mixin.py:188} INFO - [2025-09-19T04:25:10.056+0000] {dag.py:3036} INFO - Sync 1 DAGs
[2025-09-19T04:25:10.108+0000] {logging_mixin.py:188} INFO - [2025-09-19T04:25:10.108+0000] {dag.py:3823} INFO - Setting next_dagrun for example_branch_operator to 2025-09-18 00:00:00+00:00, run_after=2025-09-19 00:00:00+00:00
[2025-09-19T04:25:10.146+0000] {processor.py:183} INFO - Processing /home/airflow/.local/lib/python3.8/site-packages/airflow/example_dags/example_branch_operator.py took 0.203 seconds
[2025-09-19T04:25:40.211+0000] {processor.py:161} INFO - Started process (PID=2100) to work on /home/airflow/.local/lib/python3.8/site-packages/airflow/example_dags/example_branch_operator.py
[2025-09-19T04:25:40.213+0000] {processor.py:830} INFO - Processing file /home/airflow/.local/lib/python3.8/site-packages/airflow/example_dags/example_branch_operator.py for tasks to queue
[2025-09-19T04:25:40.217+0000] {logging_mixin.py:188} INFO - [2025-09-19T04:25:40.216+0000] {dagbag.py:538} INFO - Filling up the DagBag from /home/airflow/.local/lib/python3.8/site-packages/airflow/example_dags/example_branch_operator.py
[2025-09-19T04:25:40.250+0000] {processor.py:840} INFO - DAG(s) 'example_branch_operator' retrieved from /home/airflow/.local/lib/python3.8/site-packages/airflow/example_dags/example_branch_operator.py
[2025-09-19T04:25:40.303+0000] {logging_mixin.py:188} INFO - [2025-09-19T04:25:40.303+0000] {dag.py:3036} INFO - Sync 1 DAGs
[2025-09-19T04:25:40.345+0000] {logging_mixin.py:188} INFO - [2025-09-19T04:25:40.345+0000] {dag.py:3823} INFO - Setting next_dagrun for example_branch_operator to 2025-09-18 00:00:00+00:00, run_after=2025-09-19 00:00:00+00:00
[2025-09-19T04:25:40.386+0000] {processor.py:183} INFO - Processing /home/airflow/.local/lib/python3.8/site-packages/airflow/example_dags/example_branch_operator.py took 0.181 seconds
[2025-09-19T04:26:10.656+0000] {processor.py:161} INFO - Started process (PID=2155) to work on /home/airflow/.local/lib/python3.8/site-packages/airflow/example_dags/example_branch_operator.py
[2025-09-19T04:26:10.658+0000] {processor.py:830} INFO - Processing file /home/airflow/.local/lib/python3.8/site-packages/airflow/example_dags/example_branch_operator.py for tasks to queue
[2025-09-19T04:26:10.661+0000] {logging_mixin.py:188} INFO - [2025-09-19T04:26:10.661+0000] {dagbag.py:538} INFO - Filling up the DagBag from /home/airflow/.local/lib/python3.8/site-packages/airflow/example_dags/example_branch_operator.py
[2025-09-19T04:26:10.693+0000] {processor.py:840} INFO - DAG(s) 'example_branch_operator' retrieved from /home/airflow/.local/lib/python3.8/site-packages/airflow/example_dags/example_branch_operator.py
[2025-09-19T04:26:10.744+0000] {logging_mixin.py:188} INFO - [2025-09-19T04:26:10.744+0000] {dag.py:3036} INFO - Sync 1 DAGs
[2025-09-19T04:26:10.785+0000] {logging_mixin.py:188} INFO - [2025-09-19T04:26:10.784+0000] {dag.py:3823} INFO - Setting next_dagrun for example_branch_operator to 2025-09-18 00:00:00+00:00, run_after=2025-09-19 00:00:00+00:00
[2025-09-19T04:26:10.824+0000] {processor.py:183} INFO - Processing /home/airflow/.local/lib/python3.8/site-packages/airflow/example_dags/example_branch_operator.py took 0.174 seconds
[2025-09-19T04:26:41.332+0000] {processor.py:161} INFO - Started process (PID=2210) to work on /home/airflow/.local/lib/python3.8/site-packages/airflow/example_dags/example_branch_operator.py
[2025-09-19T04:26:41.334+0000] {processor.py:830} INFO - Processing file /home/airflow/.local/lib/python3.8/site-packages/airflow/example_dags/example_branch_operator.py for tasks to queue
[2025-09-19T04:26:41.338+0000] {logging_mixin.py:188} INFO - [2025-09-19T04:26:41.337+0000] {dagbag.py:538} INFO - Filling up the DagBag from /home/airflow/.local/lib/python3.8/site-packages/airflow/example_dags/example_branch_operator.py
[2025-09-19T04:26:41.371+0000] {processor.py:840} INFO - DAG(s) 'example_branch_operator' retrieved from /home/airflow/.local/lib/python3.8/site-packages/airflow/example_dags/example_branch_operator.py
[2025-09-19T04:26:41.423+0000] {logging_mixin.py:188} INFO - [2025-09-19T04:26:41.422+0000] {dag.py:3036} INFO - Sync 1 DAGs
[2025-09-19T04:26:41.465+0000] {logging_mixin.py:188} INFO - [2025-09-19T04:26:41.465+0000] {dag.py:3823} INFO - Setting next_dagrun for example_branch_operator to 2025-09-18 00:00:00+00:00, run_after=2025-09-19 00:00:00+00:00
[2025-09-19T04:26:41.505+0000] {processor.py:183} INFO - Processing /home/airflow/.local/lib/python3.8/site-packages/airflow/example_dags/example_branch_operator.py took 0.179 seconds
[2025-09-19T04:27:11.567+0000] {processor.py:161} INFO - Started process (PID=2265) to work on /home/airflow/.local/lib/python3.8/site-packages/airflow/example_dags/example_branch_operator.py
[2025-09-19T04:27:11.569+0000] {processor.py:830} INFO - Processing file /home/airflow/.local/lib/python3.8/site-packages/airflow/example_dags/example_branch_operator.py for tasks to queue
[2025-09-19T04:27:11.573+0000] {logging_mixin.py:188} INFO - [2025-09-19T04:27:11.573+0000] {dagbag.py:538} INFO - Filling up the DagBag from /home/airflow/.local/lib/python3.8/site-packages/airflow/example_dags/example_branch_operator.py
[2025-09-19T04:27:11.606+0000] {processor.py:840} INFO - DAG(s) 'example_branch_operator' retrieved from /home/airflow/.local/lib/python3.8/site-packages/airflow/example_dags/example_branch_operator.py
[2025-09-19T04:27:11.660+0000] {logging_mixin.py:188} INFO - [2025-09-19T04:27:11.659+0000] {dag.py:3036} INFO - Sync 1 DAGs
[2025-09-19T04:27:11.704+0000] {logging_mixin.py:188} INFO - [2025-09-19T04:27:11.704+0000] {dag.py:3823} INFO - Setting next_dagrun for example_branch_operator to 2025-09-18 00:00:00+00:00, run_after=2025-09-19 00:00:00+00:00
[2025-09-19T04:27:11.744+0000] {processor.py:183} INFO - Processing /home/airflow/.local/lib/python3.8/site-packages/airflow/example_dags/example_branch_operator.py took 0.182 seconds
[2025-09-19T04:27:41.955+0000] {processor.py:161} INFO - Started process (PID=2320) to work on /home/airflow/.local/lib/python3.8/site-packages/airflow/example_dags/example_branch_operator.py
[2025-09-19T04:27:41.957+0000] {processor.py:830} INFO - Processing file /home/airflow/.local/lib/python3.8/site-packages/airflow/example_dags/example_branch_operator.py for tasks to queue
[2025-09-19T04:27:41.960+0000] {logging_mixin.py:188} INFO - [2025-09-19T04:27:41.960+0000] {dagbag.py:538} INFO - Filling up the DagBag from /home/airflow/.local/lib/python3.8/site-packages/airflow/example_dags/example_branch_operator.py
[2025-09-19T04:27:41.991+0000] {processor.py:840} INFO - DAG(s) 'example_branch_operator' retrieved from /home/airflow/.local/lib/python3.8/site-packages/airflow/example_dags/example_branch_operator.py
[2025-09-19T04:27:42.040+0000] {logging_mixin.py:188} INFO - [2025-09-19T04:27:42.040+0000] {dag.py:3036} INFO - Sync 1 DAGs
[2025-09-19T04:27:42.086+0000] {logging_mixin.py:188} INFO - [2025-09-19T04:27:42.085+0000] {dag.py:3823} INFO - Setting next_dagrun for example_branch_operator to 2025-09-18 00:00:00+00:00, run_after=2025-09-19 00:00:00+00:00
[2025-09-19T04:27:42.125+0000] {processor.py:183} INFO - Processing /home/airflow/.local/lib/python3.8/site-packages/airflow/example_dags/example_branch_operator.py took 0.175 seconds
[2025-09-19T04:28:12.450+0000] {processor.py:161} INFO - Started process (PID=2375) to work on /home/airflow/.local/lib/python3.8/site-packages/airflow/example_dags/example_branch_operator.py
[2025-09-19T04:28:12.451+0000] {processor.py:830} INFO - Processing file /home/airflow/.local/lib/python3.8/site-packages/airflow/example_dags/example_branch_operator.py for tasks to queue
[2025-09-19T04:28:12.455+0000] {logging_mixin.py:188} INFO - [2025-09-19T04:28:12.454+0000] {dagbag.py:538} INFO - Filling up the DagBag from /home/airflow/.local/lib/python3.8/site-packages/airflow/example_dags/example_branch_operator.py
[2025-09-19T04:28:12.488+0000] {processor.py:840} INFO - DAG(s) 'example_branch_operator' retrieved from /home/airflow/.local/lib/python3.8/site-packages/airflow/example_dags/example_branch_operator.py
[2025-09-19T04:28:12.549+0000] {logging_mixin.py:188} INFO - [2025-09-19T04:28:12.549+0000] {dag.py:3036} INFO - Sync 1 DAGs
[2025-09-19T04:28:12.593+0000] {logging_mixin.py:188} INFO - [2025-09-19T04:28:12.592+0000] {dag.py:3823} INFO - Setting next_dagrun for example_branch_operator to 2025-09-18 00:00:00+00:00, run_after=2025-09-19 00:00:00+00:00
[2025-09-19T04:28:12.632+0000] {processor.py:183} INFO - Processing /home/airflow/.local/lib/python3.8/site-packages/airflow/example_dags/example_branch_operator.py took 0.189 seconds
[2025-09-19T04:28:43.129+0000] {processor.py:161} INFO - Started process (PID=2430) to work on /home/airflow/.local/lib/python3.8/site-packages/airflow/example_dags/example_branch_operator.py
[2025-09-19T04:28:43.131+0000] {processor.py:830} INFO - Processing file /home/airflow/.local/lib/python3.8/site-packages/airflow/example_dags/example_branch_operator.py for tasks to queue
[2025-09-19T04:28:43.134+0000] {logging_mixin.py:188} INFO - [2025-09-19T04:28:43.133+0000] {dagbag.py:538} INFO - Filling up the DagBag from /home/airflow/.local/lib/python3.8/site-packages/airflow/example_dags/example_branch_operator.py
[2025-09-19T04:28:43.170+0000] {processor.py:840} INFO - DAG(s) 'example_branch_operator' retrieved from /home/airflow/.local/lib/python3.8/site-packages/airflow/example_dags/example_branch_operator.py
[2025-09-19T04:28:43.224+0000] {logging_mixin.py:188} INFO - [2025-09-19T04:28:43.223+0000] {dag.py:3036} INFO - Sync 1 DAGs
[2025-09-19T04:28:43.266+0000] {logging_mixin.py:188} INFO - [2025-09-19T04:28:43.266+0000] {dag.py:3823} INFO - Setting next_dagrun for example_branch_operator to 2025-09-18 00:00:00+00:00, run_after=2025-09-19 00:00:00+00:00
[2025-09-19T04:28:43.304+0000] {processor.py:183} INFO - Processing /home/airflow/.local/lib/python3.8/site-packages/airflow/example_dags/example_branch_operator.py took 0.182 seconds
[2025-09-19T04:29:13.631+0000] {processor.py:161} INFO - Started process (PID=2485) to work on /home/airflow/.local/lib/python3.8/site-packages/airflow/example_dags/example_branch_operator.py
[2025-09-19T04:29:13.634+0000] {processor.py:830} INFO - Processing file /home/airflow/.local/lib/python3.8/site-packages/airflow/example_dags/example_branch_operator.py for tasks to queue
[2025-09-19T04:29:13.637+0000] {logging_mixin.py:188} INFO - [2025-09-19T04:29:13.637+0000] {dagbag.py:538} INFO - Filling up the DagBag from /home/airflow/.local/lib/python3.8/site-packages/airflow/example_dags/example_branch_operator.py
[2025-09-19T04:29:13.669+0000] {processor.py:840} INFO - DAG(s) 'example_branch_operator' retrieved from /home/airflow/.local/lib/python3.8/site-packages/airflow/example_dags/example_branch_operator.py
[2025-09-19T04:29:13.718+0000] {logging_mixin.py:188} INFO - [2025-09-19T04:29:13.718+0000] {dag.py:3036} INFO - Sync 1 DAGs
[2025-09-19T04:29:13.760+0000] {logging_mixin.py:188} INFO - [2025-09-19T04:29:13.760+0000] {dag.py:3823} INFO - Setting next_dagrun for example_branch_operator to 2025-09-18 00:00:00+00:00, run_after=2025-09-19 00:00:00+00:00
[2025-09-19T04:29:13.797+0000] {processor.py:183} INFO - Processing /home/airflow/.local/lib/python3.8/site-packages/airflow/example_dags/example_branch_operator.py took 0.172 seconds
[2025-09-19T04:29:44.019+0000] {processor.py:161} INFO - Started process (PID=2540) to work on /home/airflow/.local/lib/python3.8/site-packages/airflow/example_dags/example_branch_operator.py
[2025-09-19T04:29:44.021+0000] {processor.py:830} INFO - Processing file /home/airflow/.local/lib/python3.8/site-packages/airflow/example_dags/example_branch_operator.py for tasks to queue
[2025-09-19T04:29:44.025+0000] {logging_mixin.py:188} INFO - [2025-09-19T04:29:44.024+0000] {dagbag.py:538} INFO - Filling up the DagBag from /home/airflow/.local/lib/python3.8/site-packages/airflow/example_dags/example_branch_operator.py
[2025-09-19T04:29:44.069+0000] {processor.py:840} INFO - DAG(s) 'example_branch_operator' retrieved from /home/airflow/.local/lib/python3.8/site-packages/airflow/example_dags/example_branch_operator.py
[2025-09-19T04:29:44.128+0000] {logging_mixin.py:188} INFO - [2025-09-19T04:29:44.128+0000] {dag.py:3036} INFO - Sync 1 DAGs
[2025-09-19T04:29:44.188+0000] {logging_mixin.py:188} INFO - [2025-09-19T04:29:44.187+0000] {dag.py:3823} INFO - Setting next_dagrun for example_branch_operator to 2025-09-18 00:00:00+00:00, run_after=2025-09-19 00:00:00+00:00
[2025-09-19T04:29:44.474+0000] {processor.py:183} INFO - Processing /home/airflow/.local/lib/python3.8/site-packages/airflow/example_dags/example_branch_operator.py took 0.460 seconds
[2025-09-19T04:30:14.596+0000] {processor.py:161} INFO - Started process (PID=2596) to work on /home/airflow/.local/lib/python3.8/site-packages/airflow/example_dags/example_branch_operator.py
[2025-09-19T04:30:14.597+0000] {processor.py:830} INFO - Processing file /home/airflow/.local/lib/python3.8/site-packages/airflow/example_dags/example_branch_operator.py for tasks to queue
[2025-09-19T04:30:14.603+0000] {logging_mixin.py:188} INFO - [2025-09-19T04:30:14.602+0000] {dagbag.py:538} INFO - Filling up the DagBag from /home/airflow/.local/lib/python3.8/site-packages/airflow/example_dags/example_branch_operator.py
[2025-09-19T04:30:14.646+0000] {processor.py:840} INFO - DAG(s) 'example_branch_operator' retrieved from /home/airflow/.local/lib/python3.8/site-packages/airflow/example_dags/example_branch_operator.py
[2025-09-19T04:30:14.700+0000] {logging_mixin.py:188} INFO - [2025-09-19T04:30:14.699+0000] {dag.py:3036} INFO - Sync 1 DAGs
[2025-09-19T04:30:14.745+0000] {logging_mixin.py:188} INFO - [2025-09-19T04:30:14.745+0000] {dag.py:3823} INFO - Setting next_dagrun for example_branch_operator to 2025-09-18 00:00:00+00:00, run_after=2025-09-19 00:00:00+00:00
[2025-09-19T04:30:14.777+0000] {processor.py:183} INFO - Processing /home/airflow/.local/lib/python3.8/site-packages/airflow/example_dags/example_branch_operator.py took 0.190 seconds
[2025-09-19T04:30:45.229+0000] {processor.py:161} INFO - Started process (PID=2651) to work on /home/airflow/.local/lib/python3.8/site-packages/airflow/example_dags/example_branch_operator.py
[2025-09-19T04:30:45.231+0000] {processor.py:830} INFO - Processing file /home/airflow/.local/lib/python3.8/site-packages/airflow/example_dags/example_branch_operator.py for tasks to queue
[2025-09-19T04:30:45.234+0000] {logging_mixin.py:188} INFO - [2025-09-19T04:30:45.234+0000] {dagbag.py:538} INFO - Filling up the DagBag from /home/airflow/.local/lib/python3.8/site-packages/airflow/example_dags/example_branch_operator.py
[2025-09-19T04:30:45.272+0000] {processor.py:840} INFO - DAG(s) 'example_branch_operator' retrieved from /home/airflow/.local/lib/python3.8/site-packages/airflow/example_dags/example_branch_operator.py
[2025-09-19T04:30:45.327+0000] {logging_mixin.py:188} INFO - [2025-09-19T04:30:45.327+0000] {dag.py:3036} INFO - Sync 1 DAGs
[2025-09-19T04:30:45.370+0000] {logging_mixin.py:188} INFO - [2025-09-19T04:30:45.370+0000] {dag.py:3823} INFO - Setting next_dagrun for example_branch_operator to 2025-09-18 00:00:00+00:00, run_after=2025-09-19 00:00:00+00:00
[2025-09-19T04:30:45.411+0000] {processor.py:183} INFO - Processing /home/airflow/.local/lib/python3.8/site-packages/airflow/example_dags/example_branch_operator.py took 0.189 seconds
[2025-09-19T04:31:15.786+0000] {processor.py:161} INFO - Started process (PID=2705) to work on /home/airflow/.local/lib/python3.8/site-packages/airflow/example_dags/example_branch_operator.py
[2025-09-19T04:31:15.788+0000] {processor.py:830} INFO - Processing file /home/airflow/.local/lib/python3.8/site-packages/airflow/example_dags/example_branch_operator.py for tasks to queue
[2025-09-19T04:31:15.791+0000] {logging_mixin.py:188} INFO - [2025-09-19T04:31:15.791+0000] {dagbag.py:538} INFO - Filling up the DagBag from /home/airflow/.local/lib/python3.8/site-packages/airflow/example_dags/example_branch_operator.py
[2025-09-19T04:31:15.824+0000] {processor.py:840} INFO - DAG(s) 'example_branch_operator' retrieved from /home/airflow/.local/lib/python3.8/site-packages/airflow/example_dags/example_branch_operator.py
[2025-09-19T04:31:15.874+0000] {logging_mixin.py:188} INFO - [2025-09-19T04:31:15.874+0000] {dag.py:3036} INFO - Sync 1 DAGs
[2025-09-19T04:31:15.917+0000] {logging_mixin.py:188} INFO - [2025-09-19T04:31:15.917+0000] {dag.py:3823} INFO - Setting next_dagrun for example_branch_operator to 2025-09-18 00:00:00+00:00, run_after=2025-09-19 00:00:00+00:00
[2025-09-19T04:31:15.957+0000] {processor.py:183} INFO - Processing /home/airflow/.local/lib/python3.8/site-packages/airflow/example_dags/example_branch_operator.py took 0.177 seconds
[2025-09-19T04:31:46.887+0000] {processor.py:161} INFO - Started process (PID=2760) to work on /home/airflow/.local/lib/python3.8/site-packages/airflow/example_dags/example_branch_operator.py
[2025-09-19T04:31:46.889+0000] {processor.py:830} INFO - Processing file /home/airflow/.local/lib/python3.8/site-packages/airflow/example_dags/example_branch_operator.py for tasks to queue
[2025-09-19T04:31:46.892+0000] {logging_mixin.py:188} INFO - [2025-09-19T04:31:46.892+0000] {dagbag.py:538} INFO - Filling up the DagBag from /home/airflow/.local/lib/python3.8/site-packages/airflow/example_dags/example_branch_operator.py
[2025-09-19T04:31:46.930+0000] {processor.py:840} INFO - DAG(s) 'example_branch_operator' retrieved from /home/airflow/.local/lib/python3.8/site-packages/airflow/example_dags/example_branch_operator.py
[2025-09-19T04:31:46.979+0000] {logging_mixin.py:188} INFO - [2025-09-19T04:31:46.978+0000] {dag.py:3036} INFO - Sync 1 DAGs
[2025-09-19T04:31:47.185+0000] {logging_mixin.py:188} INFO - [2025-09-19T04:31:47.184+0000] {dag.py:3823} INFO - Setting next_dagrun for example_branch_operator to 2025-09-18 00:00:00+00:00, run_after=2025-09-19 00:00:00+00:00
[2025-09-19T04:31:47.222+0000] {processor.py:183} INFO - Processing /home/airflow/.local/lib/python3.8/site-packages/airflow/example_dags/example_branch_operator.py took 0.341 seconds
[2025-09-19T04:32:17.529+0000] {processor.py:161} INFO - Started process (PID=2815) to work on /home/airflow/.local/lib/python3.8/site-packages/airflow/example_dags/example_branch_operator.py
[2025-09-19T04:32:17.530+0000] {processor.py:830} INFO - Processing file /home/airflow/.local/lib/python3.8/site-packages/airflow/example_dags/example_branch_operator.py for tasks to queue
[2025-09-19T04:32:17.534+0000] {logging_mixin.py:188} INFO - [2025-09-19T04:32:17.533+0000] {dagbag.py:538} INFO - Filling up the DagBag from /home/airflow/.local/lib/python3.8/site-packages/airflow/example_dags/example_branch_operator.py
[2025-09-19T04:32:17.566+0000] {processor.py:840} INFO - DAG(s) 'example_branch_operator' retrieved from /home/airflow/.local/lib/python3.8/site-packages/airflow/example_dags/example_branch_operator.py
[2025-09-19T04:32:17.618+0000] {logging_mixin.py:188} INFO - [2025-09-19T04:32:17.618+0000] {dag.py:3036} INFO - Sync 1 DAGs
[2025-09-19T04:32:17.663+0000] {logging_mixin.py:188} INFO - [2025-09-19T04:32:17.663+0000] {dag.py:3823} INFO - Setting next_dagrun for example_branch_operator to 2025-09-18 00:00:00+00:00, run_after=2025-09-19 00:00:00+00:00
[2025-09-19T04:32:17.872+0000] {processor.py:183} INFO - Processing /home/airflow/.local/lib/python3.8/site-packages/airflow/example_dags/example_branch_operator.py took 0.348 seconds
[2025-09-19T04:32:48.236+0000] {processor.py:161} INFO - Started process (PID=2870) to work on /home/airflow/.local/lib/python3.8/site-packages/airflow/example_dags/example_branch_operator.py
[2025-09-19T04:32:48.238+0000] {processor.py:830} INFO - Processing file /home/airflow/.local/lib/python3.8/site-packages/airflow/example_dags/example_branch_operator.py for tasks to queue
[2025-09-19T04:32:48.241+0000] {logging_mixin.py:188} INFO - [2025-09-19T04:32:48.240+0000] {dagbag.py:538} INFO - Filling up the DagBag from /home/airflow/.local/lib/python3.8/site-packages/airflow/example_dags/example_branch_operator.py
[2025-09-19T04:32:48.276+0000] {processor.py:840} INFO - DAG(s) 'example_branch_operator' retrieved from /home/airflow/.local/lib/python3.8/site-packages/airflow/example_dags/example_branch_operator.py
[2025-09-19T04:32:48.331+0000] {logging_mixin.py:188} INFO - [2025-09-19T04:32:48.331+0000] {dag.py:3036} INFO - Sync 1 DAGs
[2025-09-19T04:32:48.372+0000] {logging_mixin.py:188} INFO - [2025-09-19T04:32:48.372+0000] {dag.py:3823} INFO - Setting next_dagrun for example_branch_operator to 2025-09-18 00:00:00+00:00, run_after=2025-09-19 00:00:00+00:00
[2025-09-19T04:32:48.408+0000] {processor.py:183} INFO - Processing /home/airflow/.local/lib/python3.8/site-packages/airflow/example_dags/example_branch_operator.py took 0.178 seconds
[2025-09-19T04:33:19.417+0000] {processor.py:161} INFO - Started process (PID=2925) to work on /home/airflow/.local/lib/python3.8/site-packages/airflow/example_dags/example_branch_operator.py
[2025-09-19T04:33:19.419+0000] {processor.py:830} INFO - Processing file /home/airflow/.local/lib/python3.8/site-packages/airflow/example_dags/example_branch_operator.py for tasks to queue
[2025-09-19T04:33:19.422+0000] {logging_mixin.py:188} INFO - [2025-09-19T04:33:19.422+0000] {dagbag.py:538} INFO - Filling up the DagBag from /home/airflow/.local/lib/python3.8/site-packages/airflow/example_dags/example_branch_operator.py
[2025-09-19T04:33:19.454+0000] {processor.py:840} INFO - DAG(s) 'example_branch_operator' retrieved from /home/airflow/.local/lib/python3.8/site-packages/airflow/example_dags/example_branch_operator.py
[2025-09-19T04:33:19.505+0000] {logging_mixin.py:188} INFO - [2025-09-19T04:33:19.505+0000] {dag.py:3036} INFO - Sync 1 DAGs
[2025-09-19T04:33:19.546+0000] {logging_mixin.py:188} INFO - [2025-09-19T04:33:19.546+0000] {dag.py:3823} INFO - Setting next_dagrun for example_branch_operator to 2025-09-18 00:00:00+00:00, run_after=2025-09-19 00:00:00+00:00
[2025-09-19T04:33:19.589+0000] {processor.py:183} INFO - Processing /home/airflow/.local/lib/python3.8/site-packages/airflow/example_dags/example_branch_operator.py took 0.178 seconds
