[2025-09-19T04:06:20.827+0000] {processor.py:161} INFO - Started process (PID=49) to work on /home/airflow/.local/lib/python3.8/site-packages/airflow/example_dags/example_latest_only.py
[2025-09-19T04:06:20.831+0000] {processor.py:830} INFO - Processing file /home/airflow/.local/lib/python3.8/site-packages/airflow/example_dags/example_latest_only.py for tasks to queue
[2025-09-19T04:06:20.838+0000] {logging_mixin.py:188} INFO - [2025-09-19T04:06:20.837+0000] {dagbag.py:538} INFO - Filling up the DagBag from /home/airflow/.local/lib/python3.8/site-packages/airflow/example_dags/example_latest_only.py
[2025-09-19T04:06:20.868+0000] {processor.py:840} INFO - DAG(s) 'latest_only' retrieved from /home/airflow/.local/lib/python3.8/site-packages/airflow/example_dags/example_latest_only.py
[2025-09-19T04:06:21.220+0000] {logging_mixin.py:188} INFO - [2025-09-19T04:06:21.219+0000] {dag.py:3036} INFO - Sync 1 DAGs
[2025-09-19T04:06:21.278+0000] {logging_mixin.py:188} INFO - [2025-09-19T04:06:21.278+0000] {dag.py:3823} INFO - Setting next_dagrun for latest_only to 2025-09-19 00:00:00+00:00, run_after=2025-09-19 04:00:00+00:00
[2025-09-19T04:06:21.340+0000] {processor.py:183} INFO - Processing /home/airflow/.local/lib/python3.8/site-packages/airflow/example_dags/example_latest_only.py took 0.525 seconds
[2025-09-19T04:07:02.076+0000] {processor.py:161} INFO - Started process (PID=105) to work on /home/airflow/.local/lib/python3.8/site-packages/airflow/example_dags/example_latest_only.py
[2025-09-19T04:07:02.078+0000] {processor.py:830} INFO - Processing file /home/airflow/.local/lib/python3.8/site-packages/airflow/example_dags/example_latest_only.py for tasks to queue
[2025-09-19T04:07:02.084+0000] {logging_mixin.py:188} INFO - [2025-09-19T04:07:02.083+0000] {dagbag.py:538} INFO - Filling up the DagBag from /home/airflow/.local/lib/python3.8/site-packages/airflow/example_dags/example_latest_only.py
[2025-09-19T04:07:02.096+0000] {processor.py:840} INFO - DAG(s) 'latest_only' retrieved from /home/airflow/.local/lib/python3.8/site-packages/airflow/example_dags/example_latest_only.py
[2025-09-19T04:07:02.142+0000] {logging_mixin.py:188} INFO - [2025-09-19T04:07:02.142+0000] {dag.py:3036} INFO - Sync 1 DAGs
[2025-09-19T04:07:02.196+0000] {logging_mixin.py:188} INFO - [2025-09-19T04:07:02.196+0000] {dag.py:3823} INFO - Setting next_dagrun for latest_only to 2025-09-19 00:00:00+00:00, run_after=2025-09-19 04:00:00+00:00
[2025-09-19T04:07:02.244+0000] {processor.py:183} INFO - Processing /home/airflow/.local/lib/python3.8/site-packages/airflow/example_dags/example_latest_only.py took 0.177 seconds
[2025-09-19T04:07:33.229+0000] {processor.py:161} INFO - Started process (PID=158) to work on /home/airflow/.local/lib/python3.8/site-packages/airflow/example_dags/example_latest_only.py
[2025-09-19T04:07:33.234+0000] {processor.py:830} INFO - Processing file /home/airflow/.local/lib/python3.8/site-packages/airflow/example_dags/example_latest_only.py for tasks to queue
[2025-09-19T04:07:33.245+0000] {logging_mixin.py:188} INFO - [2025-09-19T04:07:33.244+0000] {dagbag.py:538} INFO - Filling up the DagBag from /home/airflow/.local/lib/python3.8/site-packages/airflow/example_dags/example_latest_only.py
[2025-09-19T04:07:33.281+0000] {processor.py:840} INFO - DAG(s) 'latest_only' retrieved from /home/airflow/.local/lib/python3.8/site-packages/airflow/example_dags/example_latest_only.py
[2025-09-19T04:07:33.391+0000] {logging_mixin.py:188} INFO - [2025-09-19T04:07:33.390+0000] {dag.py:3036} INFO - Sync 1 DAGs
[2025-09-19T04:07:33.485+0000] {logging_mixin.py:188} INFO - [2025-09-19T04:07:33.484+0000] {dag.py:3823} INFO - Setting next_dagrun for latest_only to 2025-09-19 00:00:00+00:00, run_after=2025-09-19 04:00:00+00:00
[2025-09-19T04:07:33.548+0000] {processor.py:183} INFO - Processing /home/airflow/.local/lib/python3.8/site-packages/airflow/example_dags/example_latest_only.py took 0.327 seconds
[2025-09-19T04:08:03.821+0000] {processor.py:161} INFO - Started process (PID=213) to work on /home/airflow/.local/lib/python3.8/site-packages/airflow/example_dags/example_latest_only.py
[2025-09-19T04:08:03.823+0000] {processor.py:830} INFO - Processing file /home/airflow/.local/lib/python3.8/site-packages/airflow/example_dags/example_latest_only.py for tasks to queue
[2025-09-19T04:08:03.828+0000] {logging_mixin.py:188} INFO - [2025-09-19T04:08:03.827+0000] {dagbag.py:538} INFO - Filling up the DagBag from /home/airflow/.local/lib/python3.8/site-packages/airflow/example_dags/example_latest_only.py
[2025-09-19T04:08:03.840+0000] {processor.py:840} INFO - DAG(s) 'latest_only' retrieved from /home/airflow/.local/lib/python3.8/site-packages/airflow/example_dags/example_latest_only.py
[2025-09-19T04:08:03.880+0000] {logging_mixin.py:188} INFO - [2025-09-19T04:08:03.879+0000] {dag.py:3036} INFO - Sync 1 DAGs
[2025-09-19T04:08:03.921+0000] {logging_mixin.py:188} INFO - [2025-09-19T04:08:03.921+0000] {dag.py:3823} INFO - Setting next_dagrun for latest_only to 2025-09-19 00:00:00+00:00, run_after=2025-09-19 04:00:00+00:00
[2025-09-19T04:08:03.960+0000] {processor.py:183} INFO - Processing /home/airflow/.local/lib/python3.8/site-packages/airflow/example_dags/example_latest_only.py took 0.147 seconds
[2025-09-19T04:08:34.489+0000] {processor.py:161} INFO - Started process (PID=268) to work on /home/airflow/.local/lib/python3.8/site-packages/airflow/example_dags/example_latest_only.py
[2025-09-19T04:08:34.491+0000] {processor.py:830} INFO - Processing file /home/airflow/.local/lib/python3.8/site-packages/airflow/example_dags/example_latest_only.py for tasks to queue
[2025-09-19T04:08:34.495+0000] {logging_mixin.py:188} INFO - [2025-09-19T04:08:34.494+0000] {dagbag.py:538} INFO - Filling up the DagBag from /home/airflow/.local/lib/python3.8/site-packages/airflow/example_dags/example_latest_only.py
[2025-09-19T04:08:34.506+0000] {processor.py:840} INFO - DAG(s) 'latest_only' retrieved from /home/airflow/.local/lib/python3.8/site-packages/airflow/example_dags/example_latest_only.py
[2025-09-19T04:08:34.547+0000] {logging_mixin.py:188} INFO - [2025-09-19T04:08:34.547+0000] {dag.py:3036} INFO - Sync 1 DAGs
[2025-09-19T04:08:34.594+0000] {logging_mixin.py:188} INFO - [2025-09-19T04:08:34.593+0000] {dag.py:3823} INFO - Setting next_dagrun for latest_only to 2025-09-19 00:00:00+00:00, run_after=2025-09-19 04:00:00+00:00
[2025-09-19T04:08:34.632+0000] {processor.py:183} INFO - Processing /home/airflow/.local/lib/python3.8/site-packages/airflow/example_dags/example_latest_only.py took 0.150 seconds
[2025-09-19T04:09:04.716+0000] {processor.py:161} INFO - Started process (PID=324) to work on /home/airflow/.local/lib/python3.8/site-packages/airflow/example_dags/example_latest_only.py
[2025-09-19T04:09:04.718+0000] {processor.py:830} INFO - Processing file /home/airflow/.local/lib/python3.8/site-packages/airflow/example_dags/example_latest_only.py for tasks to queue
[2025-09-19T04:09:04.721+0000] {logging_mixin.py:188} INFO - [2025-09-19T04:09:04.721+0000] {dagbag.py:538} INFO - Filling up the DagBag from /home/airflow/.local/lib/python3.8/site-packages/airflow/example_dags/example_latest_only.py
[2025-09-19T04:09:04.730+0000] {processor.py:840} INFO - DAG(s) 'latest_only' retrieved from /home/airflow/.local/lib/python3.8/site-packages/airflow/example_dags/example_latest_only.py
[2025-09-19T04:09:04.765+0000] {logging_mixin.py:188} INFO - [2025-09-19T04:09:04.765+0000] {dag.py:3036} INFO - Sync 1 DAGs
[2025-09-19T04:09:04.809+0000] {logging_mixin.py:188} INFO - [2025-09-19T04:09:04.809+0000] {dag.py:3823} INFO - Setting next_dagrun for latest_only to 2025-09-19 00:00:00+00:00, run_after=2025-09-19 04:00:00+00:00
[2025-09-19T04:09:04.847+0000] {processor.py:183} INFO - Processing /home/airflow/.local/lib/python3.8/site-packages/airflow/example_dags/example_latest_only.py took 0.137 seconds
[2025-09-19T04:09:35.225+0000] {processor.py:161} INFO - Started process (PID=379) to work on /home/airflow/.local/lib/python3.8/site-packages/airflow/example_dags/example_latest_only.py
[2025-09-19T04:09:35.228+0000] {processor.py:830} INFO - Processing file /home/airflow/.local/lib/python3.8/site-packages/airflow/example_dags/example_latest_only.py for tasks to queue
[2025-09-19T04:09:35.234+0000] {logging_mixin.py:188} INFO - [2025-09-19T04:09:35.234+0000] {dagbag.py:538} INFO - Filling up the DagBag from /home/airflow/.local/lib/python3.8/site-packages/airflow/example_dags/example_latest_only.py
[2025-09-19T04:09:35.248+0000] {processor.py:840} INFO - DAG(s) 'latest_only' retrieved from /home/airflow/.local/lib/python3.8/site-packages/airflow/example_dags/example_latest_only.py
[2025-09-19T04:09:35.288+0000] {logging_mixin.py:188} INFO - [2025-09-19T04:09:35.287+0000] {dag.py:3036} INFO - Sync 1 DAGs
[2025-09-19T04:09:35.329+0000] {logging_mixin.py:188} INFO - [2025-09-19T04:09:35.328+0000] {dag.py:3823} INFO - Setting next_dagrun for latest_only to 2025-09-19 00:00:00+00:00, run_after=2025-09-19 04:00:00+00:00
[2025-09-19T04:09:35.371+0000] {processor.py:183} INFO - Processing /home/airflow/.local/lib/python3.8/site-packages/airflow/example_dags/example_latest_only.py took 0.153 seconds
[2025-09-19T04:10:05.767+0000] {processor.py:161} INFO - Started process (PID=434) to work on /home/airflow/.local/lib/python3.8/site-packages/airflow/example_dags/example_latest_only.py
[2025-09-19T04:10:05.769+0000] {processor.py:830} INFO - Processing file /home/airflow/.local/lib/python3.8/site-packages/airflow/example_dags/example_latest_only.py for tasks to queue
[2025-09-19T04:10:05.775+0000] {logging_mixin.py:188} INFO - [2025-09-19T04:10:05.774+0000] {dagbag.py:538} INFO - Filling up the DagBag from /home/airflow/.local/lib/python3.8/site-packages/airflow/example_dags/example_latest_only.py
[2025-09-19T04:10:05.785+0000] {processor.py:840} INFO - DAG(s) 'latest_only' retrieved from /home/airflow/.local/lib/python3.8/site-packages/airflow/example_dags/example_latest_only.py
[2025-09-19T04:10:05.830+0000] {logging_mixin.py:188} INFO - [2025-09-19T04:10:05.829+0000] {dag.py:3036} INFO - Sync 1 DAGs
[2025-09-19T04:10:05.874+0000] {logging_mixin.py:188} INFO - [2025-09-19T04:10:05.873+0000] {dag.py:3823} INFO - Setting next_dagrun for latest_only to 2025-09-19 00:00:00+00:00, run_after=2025-09-19 04:00:00+00:00
[2025-09-19T04:10:05.912+0000] {processor.py:183} INFO - Processing /home/airflow/.local/lib/python3.8/site-packages/airflow/example_dags/example_latest_only.py took 0.152 seconds
[2025-09-19T04:10:36.545+0000] {processor.py:161} INFO - Started process (PID=489) to work on /home/airflow/.local/lib/python3.8/site-packages/airflow/example_dags/example_latest_only.py
[2025-09-19T04:10:36.547+0000] {processor.py:830} INFO - Processing file /home/airflow/.local/lib/python3.8/site-packages/airflow/example_dags/example_latest_only.py for tasks to queue
[2025-09-19T04:10:36.553+0000] {logging_mixin.py:188} INFO - [2025-09-19T04:10:36.552+0000] {dagbag.py:538} INFO - Filling up the DagBag from /home/airflow/.local/lib/python3.8/site-packages/airflow/example_dags/example_latest_only.py
[2025-09-19T04:10:36.561+0000] {processor.py:840} INFO - DAG(s) 'latest_only' retrieved from /home/airflow/.local/lib/python3.8/site-packages/airflow/example_dags/example_latest_only.py
[2025-09-19T04:10:36.597+0000] {logging_mixin.py:188} INFO - [2025-09-19T04:10:36.597+0000] {dag.py:3036} INFO - Sync 1 DAGs
[2025-09-19T04:10:36.641+0000] {logging_mixin.py:188} INFO - [2025-09-19T04:10:36.641+0000] {dag.py:3823} INFO - Setting next_dagrun for latest_only to 2025-09-19 00:00:00+00:00, run_after=2025-09-19 04:00:00+00:00
[2025-09-19T04:10:36.683+0000] {processor.py:183} INFO - Processing /home/airflow/.local/lib/python3.8/site-packages/airflow/example_dags/example_latest_only.py took 0.143 seconds
[2025-09-19T04:11:06.914+0000] {processor.py:161} INFO - Started process (PID=544) to work on /home/airflow/.local/lib/python3.8/site-packages/airflow/example_dags/example_latest_only.py
[2025-09-19T04:11:06.916+0000] {processor.py:830} INFO - Processing file /home/airflow/.local/lib/python3.8/site-packages/airflow/example_dags/example_latest_only.py for tasks to queue
[2025-09-19T04:11:06.921+0000] {logging_mixin.py:188} INFO - [2025-09-19T04:11:06.920+0000] {dagbag.py:538} INFO - Filling up the DagBag from /home/airflow/.local/lib/python3.8/site-packages/airflow/example_dags/example_latest_only.py
[2025-09-19T04:11:06.931+0000] {processor.py:840} INFO - DAG(s) 'latest_only' retrieved from /home/airflow/.local/lib/python3.8/site-packages/airflow/example_dags/example_latest_only.py
[2025-09-19T04:11:06.973+0000] {logging_mixin.py:188} INFO - [2025-09-19T04:11:06.972+0000] {dag.py:3036} INFO - Sync 1 DAGs
[2025-09-19T04:11:07.025+0000] {logging_mixin.py:188} INFO - [2025-09-19T04:11:07.025+0000] {dag.py:3823} INFO - Setting next_dagrun for latest_only to 2025-09-19 00:00:00+00:00, run_after=2025-09-19 04:00:00+00:00
[2025-09-19T04:11:07.069+0000] {processor.py:183} INFO - Processing /home/airflow/.local/lib/python3.8/site-packages/airflow/example_dags/example_latest_only.py took 0.162 seconds
[2025-09-19T04:11:37.574+0000] {processor.py:161} INFO - Started process (PID=599) to work on /home/airflow/.local/lib/python3.8/site-packages/airflow/example_dags/example_latest_only.py
[2025-09-19T04:11:37.576+0000] {processor.py:830} INFO - Processing file /home/airflow/.local/lib/python3.8/site-packages/airflow/example_dags/example_latest_only.py for tasks to queue
[2025-09-19T04:11:37.580+0000] {logging_mixin.py:188} INFO - [2025-09-19T04:11:37.579+0000] {dagbag.py:538} INFO - Filling up the DagBag from /home/airflow/.local/lib/python3.8/site-packages/airflow/example_dags/example_latest_only.py
[2025-09-19T04:11:37.592+0000] {processor.py:840} INFO - DAG(s) 'latest_only' retrieved from /home/airflow/.local/lib/python3.8/site-packages/airflow/example_dags/example_latest_only.py
[2025-09-19T04:11:37.639+0000] {logging_mixin.py:188} INFO - [2025-09-19T04:11:37.638+0000] {dag.py:3036} INFO - Sync 1 DAGs
[2025-09-19T04:11:37.696+0000] {logging_mixin.py:188} INFO - [2025-09-19T04:11:37.695+0000] {dag.py:3823} INFO - Setting next_dagrun for latest_only to 2025-09-19 00:00:00+00:00, run_after=2025-09-19 04:00:00+00:00
[2025-09-19T04:11:37.743+0000] {processor.py:183} INFO - Processing /home/airflow/.local/lib/python3.8/site-packages/airflow/example_dags/example_latest_only.py took 0.177 seconds
[2025-09-19T04:12:08.090+0000] {processor.py:161} INFO - Started process (PID=654) to work on /home/airflow/.local/lib/python3.8/site-packages/airflow/example_dags/example_latest_only.py
[2025-09-19T04:12:08.092+0000] {processor.py:830} INFO - Processing file /home/airflow/.local/lib/python3.8/site-packages/airflow/example_dags/example_latest_only.py for tasks to queue
[2025-09-19T04:12:08.096+0000] {logging_mixin.py:188} INFO - [2025-09-19T04:12:08.096+0000] {dagbag.py:538} INFO - Filling up the DagBag from /home/airflow/.local/lib/python3.8/site-packages/airflow/example_dags/example_latest_only.py
[2025-09-19T04:12:08.108+0000] {processor.py:840} INFO - DAG(s) 'latest_only' retrieved from /home/airflow/.local/lib/python3.8/site-packages/airflow/example_dags/example_latest_only.py
[2025-09-19T04:12:08.143+0000] {logging_mixin.py:188} INFO - [2025-09-19T04:12:08.142+0000] {dag.py:3036} INFO - Sync 1 DAGs
[2025-09-19T04:12:08.182+0000] {logging_mixin.py:188} INFO - [2025-09-19T04:12:08.181+0000] {dag.py:3823} INFO - Setting next_dagrun for latest_only to 2025-09-19 00:00:00+00:00, run_after=2025-09-19 04:00:00+00:00
[2025-09-19T04:12:08.220+0000] {processor.py:183} INFO - Processing /home/airflow/.local/lib/python3.8/site-packages/airflow/example_dags/example_latest_only.py took 0.138 seconds
[2025-09-19T04:12:38.686+0000] {processor.py:161} INFO - Started process (PID=709) to work on /home/airflow/.local/lib/python3.8/site-packages/airflow/example_dags/example_latest_only.py
[2025-09-19T04:12:38.688+0000] {processor.py:830} INFO - Processing file /home/airflow/.local/lib/python3.8/site-packages/airflow/example_dags/example_latest_only.py for tasks to queue
[2025-09-19T04:12:38.693+0000] {logging_mixin.py:188} INFO - [2025-09-19T04:12:38.693+0000] {dagbag.py:538} INFO - Filling up the DagBag from /home/airflow/.local/lib/python3.8/site-packages/airflow/example_dags/example_latest_only.py
[2025-09-19T04:12:38.704+0000] {processor.py:840} INFO - DAG(s) 'latest_only' retrieved from /home/airflow/.local/lib/python3.8/site-packages/airflow/example_dags/example_latest_only.py
[2025-09-19T04:12:38.743+0000] {logging_mixin.py:188} INFO - [2025-09-19T04:12:38.742+0000] {dag.py:3036} INFO - Sync 1 DAGs
[2025-09-19T04:12:38.786+0000] {logging_mixin.py:188} INFO - [2025-09-19T04:12:38.786+0000] {dag.py:3823} INFO - Setting next_dagrun for latest_only to 2025-09-19 00:00:00+00:00, run_after=2025-09-19 04:00:00+00:00
[2025-09-19T04:12:38.826+0000] {processor.py:183} INFO - Processing /home/airflow/.local/lib/python3.8/site-packages/airflow/example_dags/example_latest_only.py took 0.146 seconds
[2025-09-19T04:13:09.383+0000] {processor.py:161} INFO - Started process (PID=764) to work on /home/airflow/.local/lib/python3.8/site-packages/airflow/example_dags/example_latest_only.py
[2025-09-19T04:13:09.385+0000] {processor.py:830} INFO - Processing file /home/airflow/.local/lib/python3.8/site-packages/airflow/example_dags/example_latest_only.py for tasks to queue
[2025-09-19T04:13:09.389+0000] {logging_mixin.py:188} INFO - [2025-09-19T04:13:09.388+0000] {dagbag.py:538} INFO - Filling up the DagBag from /home/airflow/.local/lib/python3.8/site-packages/airflow/example_dags/example_latest_only.py
[2025-09-19T04:13:09.402+0000] {processor.py:840} INFO - DAG(s) 'latest_only' retrieved from /home/airflow/.local/lib/python3.8/site-packages/airflow/example_dags/example_latest_only.py
[2025-09-19T04:13:09.449+0000] {logging_mixin.py:188} INFO - [2025-09-19T04:13:09.449+0000] {dag.py:3036} INFO - Sync 1 DAGs
[2025-09-19T04:13:09.498+0000] {logging_mixin.py:188} INFO - [2025-09-19T04:13:09.498+0000] {dag.py:3823} INFO - Setting next_dagrun for latest_only to 2025-09-19 00:00:00+00:00, run_after=2025-09-19 04:00:00+00:00
[2025-09-19T04:13:09.545+0000] {processor.py:183} INFO - Processing /home/airflow/.local/lib/python3.8/site-packages/airflow/example_dags/example_latest_only.py took 0.168 seconds
[2025-09-19T04:13:40.125+0000] {processor.py:161} INFO - Started process (PID=819) to work on /home/airflow/.local/lib/python3.8/site-packages/airflow/example_dags/example_latest_only.py
[2025-09-19T04:13:40.127+0000] {processor.py:830} INFO - Processing file /home/airflow/.local/lib/python3.8/site-packages/airflow/example_dags/example_latest_only.py for tasks to queue
[2025-09-19T04:13:40.131+0000] {logging_mixin.py:188} INFO - [2025-09-19T04:13:40.130+0000] {dagbag.py:538} INFO - Filling up the DagBag from /home/airflow/.local/lib/python3.8/site-packages/airflow/example_dags/example_latest_only.py
[2025-09-19T04:13:40.140+0000] {processor.py:840} INFO - DAG(s) 'latest_only' retrieved from /home/airflow/.local/lib/python3.8/site-packages/airflow/example_dags/example_latest_only.py
[2025-09-19T04:13:40.177+0000] {logging_mixin.py:188} INFO - [2025-09-19T04:13:40.176+0000] {dag.py:3036} INFO - Sync 1 DAGs
[2025-09-19T04:13:40.217+0000] {logging_mixin.py:188} INFO - [2025-09-19T04:13:40.217+0000] {dag.py:3823} INFO - Setting next_dagrun for latest_only to 2025-09-19 00:00:00+00:00, run_after=2025-09-19 04:00:00+00:00
[2025-09-19T04:13:40.255+0000] {processor.py:183} INFO - Processing /home/airflow/.local/lib/python3.8/site-packages/airflow/example_dags/example_latest_only.py took 0.138 seconds
[2025-09-19T04:14:10.360+0000] {processor.py:161} INFO - Started process (PID=874) to work on /home/airflow/.local/lib/python3.8/site-packages/airflow/example_dags/example_latest_only.py
[2025-09-19T04:14:10.362+0000] {processor.py:830} INFO - Processing file /home/airflow/.local/lib/python3.8/site-packages/airflow/example_dags/example_latest_only.py for tasks to queue
[2025-09-19T04:14:10.368+0000] {logging_mixin.py:188} INFO - [2025-09-19T04:14:10.366+0000] {dagbag.py:538} INFO - Filling up the DagBag from /home/airflow/.local/lib/python3.8/site-packages/airflow/example_dags/example_latest_only.py
[2025-09-19T04:14:10.379+0000] {processor.py:840} INFO - DAG(s) 'latest_only' retrieved from /home/airflow/.local/lib/python3.8/site-packages/airflow/example_dags/example_latest_only.py
[2025-09-19T04:14:10.414+0000] {logging_mixin.py:188} INFO - [2025-09-19T04:14:10.413+0000] {dag.py:3036} INFO - Sync 1 DAGs
[2025-09-19T04:14:10.454+0000] {logging_mixin.py:188} INFO - [2025-09-19T04:14:10.453+0000] {dag.py:3823} INFO - Setting next_dagrun for latest_only to 2025-09-19 00:00:00+00:00, run_after=2025-09-19 04:00:00+00:00
[2025-09-19T04:14:10.491+0000] {processor.py:183} INFO - Processing /home/airflow/.local/lib/python3.8/site-packages/airflow/example_dags/example_latest_only.py took 0.139 seconds
[2025-09-19T04:14:41.096+0000] {processor.py:161} INFO - Started process (PID=929) to work on /home/airflow/.local/lib/python3.8/site-packages/airflow/example_dags/example_latest_only.py
[2025-09-19T04:14:41.098+0000] {processor.py:830} INFO - Processing file /home/airflow/.local/lib/python3.8/site-packages/airflow/example_dags/example_latest_only.py for tasks to queue
[2025-09-19T04:14:41.103+0000] {logging_mixin.py:188} INFO - [2025-09-19T04:14:41.103+0000] {dagbag.py:538} INFO - Filling up the DagBag from /home/airflow/.local/lib/python3.8/site-packages/airflow/example_dags/example_latest_only.py
[2025-09-19T04:14:41.115+0000] {processor.py:840} INFO - DAG(s) 'latest_only' retrieved from /home/airflow/.local/lib/python3.8/site-packages/airflow/example_dags/example_latest_only.py
[2025-09-19T04:14:41.151+0000] {logging_mixin.py:188} INFO - [2025-09-19T04:14:41.151+0000] {dag.py:3036} INFO - Sync 1 DAGs
[2025-09-19T04:14:41.192+0000] {logging_mixin.py:188} INFO - [2025-09-19T04:14:41.192+0000] {dag.py:3823} INFO - Setting next_dagrun for latest_only to 2025-09-19 00:00:00+00:00, run_after=2025-09-19 04:00:00+00:00
[2025-09-19T04:14:41.231+0000] {processor.py:183} INFO - Processing /home/airflow/.local/lib/python3.8/site-packages/airflow/example_dags/example_latest_only.py took 0.143 seconds
[2025-09-19T04:15:11.640+0000] {processor.py:161} INFO - Started process (PID=984) to work on /home/airflow/.local/lib/python3.8/site-packages/airflow/example_dags/example_latest_only.py
[2025-09-19T04:15:11.642+0000] {processor.py:830} INFO - Processing file /home/airflow/.local/lib/python3.8/site-packages/airflow/example_dags/example_latest_only.py for tasks to queue
[2025-09-19T04:15:11.646+0000] {logging_mixin.py:188} INFO - [2025-09-19T04:15:11.646+0000] {dagbag.py:538} INFO - Filling up the DagBag from /home/airflow/.local/lib/python3.8/site-packages/airflow/example_dags/example_latest_only.py
[2025-09-19T04:15:11.654+0000] {processor.py:840} INFO - DAG(s) 'latest_only' retrieved from /home/airflow/.local/lib/python3.8/site-packages/airflow/example_dags/example_latest_only.py
[2025-09-19T04:15:11.689+0000] {logging_mixin.py:188} INFO - [2025-09-19T04:15:11.689+0000] {dag.py:3036} INFO - Sync 1 DAGs
[2025-09-19T04:15:11.729+0000] {logging_mixin.py:188} INFO - [2025-09-19T04:15:11.729+0000] {dag.py:3823} INFO - Setting next_dagrun for latest_only to 2025-09-19 00:00:00+00:00, run_after=2025-09-19 04:00:00+00:00
[2025-09-19T04:15:11.767+0000] {processor.py:183} INFO - Processing /home/airflow/.local/lib/python3.8/site-packages/airflow/example_dags/example_latest_only.py took 0.133 seconds
[2025-09-19T04:15:42.172+0000] {processor.py:161} INFO - Started process (PID=1039) to work on /home/airflow/.local/lib/python3.8/site-packages/airflow/example_dags/example_latest_only.py
[2025-09-19T04:15:42.174+0000] {processor.py:830} INFO - Processing file /home/airflow/.local/lib/python3.8/site-packages/airflow/example_dags/example_latest_only.py for tasks to queue
[2025-09-19T04:15:42.178+0000] {logging_mixin.py:188} INFO - [2025-09-19T04:15:42.177+0000] {dagbag.py:538} INFO - Filling up the DagBag from /home/airflow/.local/lib/python3.8/site-packages/airflow/example_dags/example_latest_only.py
[2025-09-19T04:15:42.187+0000] {processor.py:840} INFO - DAG(s) 'latest_only' retrieved from /home/airflow/.local/lib/python3.8/site-packages/airflow/example_dags/example_latest_only.py
[2025-09-19T04:15:42.224+0000] {logging_mixin.py:188} INFO - [2025-09-19T04:15:42.223+0000] {dag.py:3036} INFO - Sync 1 DAGs
[2025-09-19T04:15:42.265+0000] {logging_mixin.py:188} INFO - [2025-09-19T04:15:42.264+0000] {dag.py:3823} INFO - Setting next_dagrun for latest_only to 2025-09-19 00:00:00+00:00, run_after=2025-09-19 04:00:00+00:00
[2025-09-19T04:15:42.303+0000] {processor.py:183} INFO - Processing /home/airflow/.local/lib/python3.8/site-packages/airflow/example_dags/example_latest_only.py took 0.139 seconds
[2025-09-19T04:16:12.516+0000] {processor.py:161} INFO - Started process (PID=1094) to work on /home/airflow/.local/lib/python3.8/site-packages/airflow/example_dags/example_latest_only.py
[2025-09-19T04:16:12.518+0000] {processor.py:830} INFO - Processing file /home/airflow/.local/lib/python3.8/site-packages/airflow/example_dags/example_latest_only.py for tasks to queue
[2025-09-19T04:16:12.523+0000] {logging_mixin.py:188} INFO - [2025-09-19T04:16:12.522+0000] {dagbag.py:538} INFO - Filling up the DagBag from /home/airflow/.local/lib/python3.8/site-packages/airflow/example_dags/example_latest_only.py
[2025-09-19T04:16:12.531+0000] {processor.py:840} INFO - DAG(s) 'latest_only' retrieved from /home/airflow/.local/lib/python3.8/site-packages/airflow/example_dags/example_latest_only.py
[2025-09-19T04:16:12.565+0000] {logging_mixin.py:188} INFO - [2025-09-19T04:16:12.565+0000] {dag.py:3036} INFO - Sync 1 DAGs
[2025-09-19T04:16:12.608+0000] {logging_mixin.py:188} INFO - [2025-09-19T04:16:12.608+0000] {dag.py:3823} INFO - Setting next_dagrun for latest_only to 2025-09-19 00:00:00+00:00, run_after=2025-09-19 04:00:00+00:00
[2025-09-19T04:16:12.646+0000] {processor.py:183} INFO - Processing /home/airflow/.local/lib/python3.8/site-packages/airflow/example_dags/example_latest_only.py took 0.135 seconds
[2025-09-19T04:16:43.207+0000] {processor.py:161} INFO - Started process (PID=1149) to work on /home/airflow/.local/lib/python3.8/site-packages/airflow/example_dags/example_latest_only.py
[2025-09-19T04:16:43.209+0000] {processor.py:830} INFO - Processing file /home/airflow/.local/lib/python3.8/site-packages/airflow/example_dags/example_latest_only.py for tasks to queue
[2025-09-19T04:16:43.213+0000] {logging_mixin.py:188} INFO - [2025-09-19T04:16:43.213+0000] {dagbag.py:538} INFO - Filling up the DagBag from /home/airflow/.local/lib/python3.8/site-packages/airflow/example_dags/example_latest_only.py
[2025-09-19T04:16:43.221+0000] {processor.py:840} INFO - DAG(s) 'latest_only' retrieved from /home/airflow/.local/lib/python3.8/site-packages/airflow/example_dags/example_latest_only.py
[2025-09-19T04:16:43.256+0000] {logging_mixin.py:188} INFO - [2025-09-19T04:16:43.256+0000] {dag.py:3036} INFO - Sync 1 DAGs
[2025-09-19T04:16:43.297+0000] {logging_mixin.py:188} INFO - [2025-09-19T04:16:43.297+0000] {dag.py:3823} INFO - Setting next_dagrun for latest_only to 2025-09-19 00:00:00+00:00, run_after=2025-09-19 04:00:00+00:00
[2025-09-19T04:16:43.338+0000] {processor.py:183} INFO - Processing /home/airflow/.local/lib/python3.8/site-packages/airflow/example_dags/example_latest_only.py took 0.137 seconds
[2025-09-19T04:17:13.640+0000] {processor.py:161} INFO - Started process (PID=1204) to work on /home/airflow/.local/lib/python3.8/site-packages/airflow/example_dags/example_latest_only.py
[2025-09-19T04:17:13.642+0000] {processor.py:830} INFO - Processing file /home/airflow/.local/lib/python3.8/site-packages/airflow/example_dags/example_latest_only.py for tasks to queue
[2025-09-19T04:17:13.645+0000] {logging_mixin.py:188} INFO - [2025-09-19T04:17:13.644+0000] {dagbag.py:538} INFO - Filling up the DagBag from /home/airflow/.local/lib/python3.8/site-packages/airflow/example_dags/example_latest_only.py
[2025-09-19T04:17:13.657+0000] {processor.py:840} INFO - DAG(s) 'latest_only' retrieved from /home/airflow/.local/lib/python3.8/site-packages/airflow/example_dags/example_latest_only.py
[2025-09-19T04:17:13.693+0000] {logging_mixin.py:188} INFO - [2025-09-19T04:17:13.693+0000] {dag.py:3036} INFO - Sync 1 DAGs
[2025-09-19T04:17:13.734+0000] {logging_mixin.py:188} INFO - [2025-09-19T04:17:13.734+0000] {dag.py:3823} INFO - Setting next_dagrun for latest_only to 2025-09-19 00:00:00+00:00, run_after=2025-09-19 04:00:00+00:00
[2025-09-19T04:17:13.769+0000] {processor.py:183} INFO - Processing /home/airflow/.local/lib/python3.8/site-packages/airflow/example_dags/example_latest_only.py took 0.135 seconds
[2025-09-19T04:17:44.311+0000] {processor.py:161} INFO - Started process (PID=1259) to work on /home/airflow/.local/lib/python3.8/site-packages/airflow/example_dags/example_latest_only.py
[2025-09-19T04:17:44.313+0000] {processor.py:830} INFO - Processing file /home/airflow/.local/lib/python3.8/site-packages/airflow/example_dags/example_latest_only.py for tasks to queue
[2025-09-19T04:17:44.318+0000] {logging_mixin.py:188} INFO - [2025-09-19T04:17:44.317+0000] {dagbag.py:538} INFO - Filling up the DagBag from /home/airflow/.local/lib/python3.8/site-packages/airflow/example_dags/example_latest_only.py
[2025-09-19T04:17:44.326+0000] {processor.py:840} INFO - DAG(s) 'latest_only' retrieved from /home/airflow/.local/lib/python3.8/site-packages/airflow/example_dags/example_latest_only.py
[2025-09-19T04:17:44.360+0000] {logging_mixin.py:188} INFO - [2025-09-19T04:17:44.360+0000] {dag.py:3036} INFO - Sync 1 DAGs
[2025-09-19T04:17:44.400+0000] {logging_mixin.py:188} INFO - [2025-09-19T04:17:44.400+0000] {dag.py:3823} INFO - Setting next_dagrun for latest_only to 2025-09-19 00:00:00+00:00, run_after=2025-09-19 04:00:00+00:00
[2025-09-19T04:17:44.434+0000] {processor.py:183} INFO - Processing /home/airflow/.local/lib/python3.8/site-packages/airflow/example_dags/example_latest_only.py took 0.128 seconds
[2025-09-19T04:18:14.807+0000] {processor.py:161} INFO - Started process (PID=1314) to work on /home/airflow/.local/lib/python3.8/site-packages/airflow/example_dags/example_latest_only.py
[2025-09-19T04:18:14.809+0000] {processor.py:830} INFO - Processing file /home/airflow/.local/lib/python3.8/site-packages/airflow/example_dags/example_latest_only.py for tasks to queue
[2025-09-19T04:18:14.813+0000] {logging_mixin.py:188} INFO - [2025-09-19T04:18:14.813+0000] {dagbag.py:538} INFO - Filling up the DagBag from /home/airflow/.local/lib/python3.8/site-packages/airflow/example_dags/example_latest_only.py
[2025-09-19T04:18:14.822+0000] {processor.py:840} INFO - DAG(s) 'latest_only' retrieved from /home/airflow/.local/lib/python3.8/site-packages/airflow/example_dags/example_latest_only.py
[2025-09-19T04:18:14.856+0000] {logging_mixin.py:188} INFO - [2025-09-19T04:18:14.856+0000] {dag.py:3036} INFO - Sync 1 DAGs
[2025-09-19T04:18:14.896+0000] {logging_mixin.py:188} INFO - [2025-09-19T04:18:14.895+0000] {dag.py:3823} INFO - Setting next_dagrun for latest_only to 2025-09-19 00:00:00+00:00, run_after=2025-09-19 04:00:00+00:00
[2025-09-19T04:18:14.935+0000] {processor.py:183} INFO - Processing /home/airflow/.local/lib/python3.8/site-packages/airflow/example_dags/example_latest_only.py took 0.133 seconds
[2025-09-19T04:18:45.430+0000] {processor.py:161} INFO - Started process (PID=1369) to work on /home/airflow/.local/lib/python3.8/site-packages/airflow/example_dags/example_latest_only.py
[2025-09-19T04:18:45.432+0000] {processor.py:830} INFO - Processing file /home/airflow/.local/lib/python3.8/site-packages/airflow/example_dags/example_latest_only.py for tasks to queue
[2025-09-19T04:18:45.437+0000] {logging_mixin.py:188} INFO - [2025-09-19T04:18:45.436+0000] {dagbag.py:538} INFO - Filling up the DagBag from /home/airflow/.local/lib/python3.8/site-packages/airflow/example_dags/example_latest_only.py
[2025-09-19T04:18:45.445+0000] {processor.py:840} INFO - DAG(s) 'latest_only' retrieved from /home/airflow/.local/lib/python3.8/site-packages/airflow/example_dags/example_latest_only.py
[2025-09-19T04:18:45.479+0000] {logging_mixin.py:188} INFO - [2025-09-19T04:18:45.479+0000] {dag.py:3036} INFO - Sync 1 DAGs
[2025-09-19T04:18:45.519+0000] {logging_mixin.py:188} INFO - [2025-09-19T04:18:45.519+0000] {dag.py:3823} INFO - Setting next_dagrun for latest_only to 2025-09-19 00:00:00+00:00, run_after=2025-09-19 04:00:00+00:00
[2025-09-19T04:18:45.557+0000] {processor.py:183} INFO - Processing /home/airflow/.local/lib/python3.8/site-packages/airflow/example_dags/example_latest_only.py took 0.133 seconds
[2025-09-19T04:19:16.004+0000] {processor.py:161} INFO - Started process (PID=1424) to work on /home/airflow/.local/lib/python3.8/site-packages/airflow/example_dags/example_latest_only.py
[2025-09-19T04:19:16.006+0000] {processor.py:830} INFO - Processing file /home/airflow/.local/lib/python3.8/site-packages/airflow/example_dags/example_latest_only.py for tasks to queue
[2025-09-19T04:19:16.010+0000] {logging_mixin.py:188} INFO - [2025-09-19T04:19:16.009+0000] {dagbag.py:538} INFO - Filling up the DagBag from /home/airflow/.local/lib/python3.8/site-packages/airflow/example_dags/example_latest_only.py
[2025-09-19T04:19:16.018+0000] {processor.py:840} INFO - DAG(s) 'latest_only' retrieved from /home/airflow/.local/lib/python3.8/site-packages/airflow/example_dags/example_latest_only.py
[2025-09-19T04:19:16.059+0000] {logging_mixin.py:188} INFO - [2025-09-19T04:19:16.058+0000] {dag.py:3036} INFO - Sync 1 DAGs
[2025-09-19T04:19:16.100+0000] {logging_mixin.py:188} INFO - [2025-09-19T04:19:16.099+0000] {dag.py:3823} INFO - Setting next_dagrun for latest_only to 2025-09-19 00:00:00+00:00, run_after=2025-09-19 04:00:00+00:00
[2025-09-19T04:19:16.137+0000] {processor.py:183} INFO - Processing /home/airflow/.local/lib/python3.8/site-packages/airflow/example_dags/example_latest_only.py took 0.141 seconds
[2025-09-19T04:19:46.507+0000] {processor.py:161} INFO - Started process (PID=1479) to work on /home/airflow/.local/lib/python3.8/site-packages/airflow/example_dags/example_latest_only.py
[2025-09-19T04:19:46.509+0000] {processor.py:830} INFO - Processing file /home/airflow/.local/lib/python3.8/site-packages/airflow/example_dags/example_latest_only.py for tasks to queue
[2025-09-19T04:19:46.513+0000] {logging_mixin.py:188} INFO - [2025-09-19T04:19:46.513+0000] {dagbag.py:538} INFO - Filling up the DagBag from /home/airflow/.local/lib/python3.8/site-packages/airflow/example_dags/example_latest_only.py
[2025-09-19T04:19:46.522+0000] {processor.py:840} INFO - DAG(s) 'latest_only' retrieved from /home/airflow/.local/lib/python3.8/site-packages/airflow/example_dags/example_latest_only.py
[2025-09-19T04:19:46.557+0000] {logging_mixin.py:188} INFO - [2025-09-19T04:19:46.557+0000] {dag.py:3036} INFO - Sync 1 DAGs
[2025-09-19T04:19:46.596+0000] {logging_mixin.py:188} INFO - [2025-09-19T04:19:46.596+0000] {dag.py:3823} INFO - Setting next_dagrun for latest_only to 2025-09-19 00:00:00+00:00, run_after=2025-09-19 04:00:00+00:00
[2025-09-19T04:19:46.635+0000] {processor.py:183} INFO - Processing /home/airflow/.local/lib/python3.8/site-packages/airflow/example_dags/example_latest_only.py took 0.134 seconds
[2025-09-19T04:20:17.131+0000] {processor.py:161} INFO - Started process (PID=1534) to work on /home/airflow/.local/lib/python3.8/site-packages/airflow/example_dags/example_latest_only.py
[2025-09-19T04:20:17.133+0000] {processor.py:830} INFO - Processing file /home/airflow/.local/lib/python3.8/site-packages/airflow/example_dags/example_latest_only.py for tasks to queue
[2025-09-19T04:20:17.137+0000] {logging_mixin.py:188} INFO - [2025-09-19T04:20:17.136+0000] {dagbag.py:538} INFO - Filling up the DagBag from /home/airflow/.local/lib/python3.8/site-packages/airflow/example_dags/example_latest_only.py
[2025-09-19T04:20:17.147+0000] {processor.py:840} INFO - DAG(s) 'latest_only' retrieved from /home/airflow/.local/lib/python3.8/site-packages/airflow/example_dags/example_latest_only.py
[2025-09-19T04:20:17.183+0000] {logging_mixin.py:188} INFO - [2025-09-19T04:20:17.182+0000] {dag.py:3036} INFO - Sync 1 DAGs
[2025-09-19T04:20:17.225+0000] {logging_mixin.py:188} INFO - [2025-09-19T04:20:17.224+0000] {dag.py:3823} INFO - Setting next_dagrun for latest_only to 2025-09-19 00:00:00+00:00, run_after=2025-09-19 04:00:00+00:00
[2025-09-19T04:20:17.267+0000] {processor.py:183} INFO - Processing /home/airflow/.local/lib/python3.8/site-packages/airflow/example_dags/example_latest_only.py took 0.142 seconds
[2025-09-19T04:20:47.657+0000] {processor.py:161} INFO - Started process (PID=1589) to work on /home/airflow/.local/lib/python3.8/site-packages/airflow/example_dags/example_latest_only.py
[2025-09-19T04:20:47.659+0000] {processor.py:830} INFO - Processing file /home/airflow/.local/lib/python3.8/site-packages/airflow/example_dags/example_latest_only.py for tasks to queue
[2025-09-19T04:20:47.663+0000] {logging_mixin.py:188} INFO - [2025-09-19T04:20:47.662+0000] {dagbag.py:538} INFO - Filling up the DagBag from /home/airflow/.local/lib/python3.8/site-packages/airflow/example_dags/example_latest_only.py
[2025-09-19T04:20:47.672+0000] {processor.py:840} INFO - DAG(s) 'latest_only' retrieved from /home/airflow/.local/lib/python3.8/site-packages/airflow/example_dags/example_latest_only.py
[2025-09-19T04:20:47.706+0000] {logging_mixin.py:188} INFO - [2025-09-19T04:20:47.705+0000] {dag.py:3036} INFO - Sync 1 DAGs
[2025-09-19T04:20:47.746+0000] {logging_mixin.py:188} INFO - [2025-09-19T04:20:47.745+0000] {dag.py:3823} INFO - Setting next_dagrun for latest_only to 2025-09-19 00:00:00+00:00, run_after=2025-09-19 04:00:00+00:00
[2025-09-19T04:20:47.783+0000] {processor.py:183} INFO - Processing /home/airflow/.local/lib/python3.8/site-packages/airflow/example_dags/example_latest_only.py took 0.132 seconds
[2025-09-19T04:21:18.106+0000] {processor.py:161} INFO - Started process (PID=1644) to work on /home/airflow/.local/lib/python3.8/site-packages/airflow/example_dags/example_latest_only.py
[2025-09-19T04:21:18.107+0000] {processor.py:830} INFO - Processing file /home/airflow/.local/lib/python3.8/site-packages/airflow/example_dags/example_latest_only.py for tasks to queue
[2025-09-19T04:21:18.111+0000] {logging_mixin.py:188} INFO - [2025-09-19T04:21:18.110+0000] {dagbag.py:538} INFO - Filling up the DagBag from /home/airflow/.local/lib/python3.8/site-packages/airflow/example_dags/example_latest_only.py
[2025-09-19T04:21:18.120+0000] {processor.py:840} INFO - DAG(s) 'latest_only' retrieved from /home/airflow/.local/lib/python3.8/site-packages/airflow/example_dags/example_latest_only.py
[2025-09-19T04:21:18.154+0000] {logging_mixin.py:188} INFO - [2025-09-19T04:21:18.153+0000] {dag.py:3036} INFO - Sync 1 DAGs
[2025-09-19T04:21:18.193+0000] {logging_mixin.py:188} INFO - [2025-09-19T04:21:18.192+0000] {dag.py:3823} INFO - Setting next_dagrun for latest_only to 2025-09-19 00:00:00+00:00, run_after=2025-09-19 04:00:00+00:00
[2025-09-19T04:21:18.231+0000] {processor.py:183} INFO - Processing /home/airflow/.local/lib/python3.8/site-packages/airflow/example_dags/example_latest_only.py took 0.131 seconds
[2025-09-19T04:21:48.545+0000] {processor.py:161} INFO - Started process (PID=1699) to work on /home/airflow/.local/lib/python3.8/site-packages/airflow/example_dags/example_latest_only.py
[2025-09-19T04:21:48.547+0000] {processor.py:830} INFO - Processing file /home/airflow/.local/lib/python3.8/site-packages/airflow/example_dags/example_latest_only.py for tasks to queue
[2025-09-19T04:21:48.551+0000] {logging_mixin.py:188} INFO - [2025-09-19T04:21:48.551+0000] {dagbag.py:538} INFO - Filling up the DagBag from /home/airflow/.local/lib/python3.8/site-packages/airflow/example_dags/example_latest_only.py
[2025-09-19T04:21:48.561+0000] {processor.py:840} INFO - DAG(s) 'latest_only' retrieved from /home/airflow/.local/lib/python3.8/site-packages/airflow/example_dags/example_latest_only.py
[2025-09-19T04:21:48.596+0000] {logging_mixin.py:188} INFO - [2025-09-19T04:21:48.596+0000] {dag.py:3036} INFO - Sync 1 DAGs
[2025-09-19T04:21:48.638+0000] {logging_mixin.py:188} INFO - [2025-09-19T04:21:48.637+0000] {dag.py:3823} INFO - Setting next_dagrun for latest_only to 2025-09-19 00:00:00+00:00, run_after=2025-09-19 04:00:00+00:00
[2025-09-19T04:21:48.678+0000] {processor.py:183} INFO - Processing /home/airflow/.local/lib/python3.8/site-packages/airflow/example_dags/example_latest_only.py took 0.139 seconds
[2025-09-19T04:22:18.844+0000] {processor.py:161} INFO - Started process (PID=1754) to work on /home/airflow/.local/lib/python3.8/site-packages/airflow/example_dags/example_latest_only.py
[2025-09-19T04:22:18.847+0000] {processor.py:830} INFO - Processing file /home/airflow/.local/lib/python3.8/site-packages/airflow/example_dags/example_latest_only.py for tasks to queue
[2025-09-19T04:22:18.852+0000] {logging_mixin.py:188} INFO - [2025-09-19T04:22:18.852+0000] {dagbag.py:538} INFO - Filling up the DagBag from /home/airflow/.local/lib/python3.8/site-packages/airflow/example_dags/example_latest_only.py
[2025-09-19T04:22:18.861+0000] {processor.py:840} INFO - DAG(s) 'latest_only' retrieved from /home/airflow/.local/lib/python3.8/site-packages/airflow/example_dags/example_latest_only.py
[2025-09-19T04:22:18.897+0000] {logging_mixin.py:188} INFO - [2025-09-19T04:22:18.897+0000] {dag.py:3036} INFO - Sync 1 DAGs
[2025-09-19T04:22:18.938+0000] {logging_mixin.py:188} INFO - [2025-09-19T04:22:18.938+0000] {dag.py:3823} INFO - Setting next_dagrun for latest_only to 2025-09-19 00:00:00+00:00, run_after=2025-09-19 04:00:00+00:00
[2025-09-19T04:22:18.978+0000] {processor.py:183} INFO - Processing /home/airflow/.local/lib/python3.8/site-packages/airflow/example_dags/example_latest_only.py took 0.142 seconds
[2025-09-19T04:22:49.208+0000] {processor.py:161} INFO - Started process (PID=1809) to work on /home/airflow/.local/lib/python3.8/site-packages/airflow/example_dags/example_latest_only.py
[2025-09-19T04:22:49.210+0000] {processor.py:830} INFO - Processing file /home/airflow/.local/lib/python3.8/site-packages/airflow/example_dags/example_latest_only.py for tasks to queue
[2025-09-19T04:22:49.214+0000] {logging_mixin.py:188} INFO - [2025-09-19T04:22:49.213+0000] {dagbag.py:538} INFO - Filling up the DagBag from /home/airflow/.local/lib/python3.8/site-packages/airflow/example_dags/example_latest_only.py
[2025-09-19T04:22:49.222+0000] {processor.py:840} INFO - DAG(s) 'latest_only' retrieved from /home/airflow/.local/lib/python3.8/site-packages/airflow/example_dags/example_latest_only.py
[2025-09-19T04:22:49.257+0000] {logging_mixin.py:188} INFO - [2025-09-19T04:22:49.256+0000] {dag.py:3036} INFO - Sync 1 DAGs
[2025-09-19T04:22:49.296+0000] {logging_mixin.py:188} INFO - [2025-09-19T04:22:49.295+0000] {dag.py:3823} INFO - Setting next_dagrun for latest_only to 2025-09-19 00:00:00+00:00, run_after=2025-09-19 04:00:00+00:00
[2025-09-19T04:22:49.333+0000] {processor.py:183} INFO - Processing /home/airflow/.local/lib/python3.8/site-packages/airflow/example_dags/example_latest_only.py took 0.131 seconds
[2025-09-19T04:23:19.596+0000] {processor.py:161} INFO - Started process (PID=1864) to work on /home/airflow/.local/lib/python3.8/site-packages/airflow/example_dags/example_latest_only.py
[2025-09-19T04:23:19.598+0000] {processor.py:830} INFO - Processing file /home/airflow/.local/lib/python3.8/site-packages/airflow/example_dags/example_latest_only.py for tasks to queue
[2025-09-19T04:23:19.604+0000] {logging_mixin.py:188} INFO - [2025-09-19T04:23:19.602+0000] {dagbag.py:538} INFO - Filling up the DagBag from /home/airflow/.local/lib/python3.8/site-packages/airflow/example_dags/example_latest_only.py
[2025-09-19T04:23:19.614+0000] {processor.py:840} INFO - DAG(s) 'latest_only' retrieved from /home/airflow/.local/lib/python3.8/site-packages/airflow/example_dags/example_latest_only.py
[2025-09-19T04:23:19.651+0000] {logging_mixin.py:188} INFO - [2025-09-19T04:23:19.650+0000] {dag.py:3036} INFO - Sync 1 DAGs
[2025-09-19T04:23:19.690+0000] {logging_mixin.py:188} INFO - [2025-09-19T04:23:19.690+0000] {dag.py:3823} INFO - Setting next_dagrun for latest_only to 2025-09-19 00:00:00+00:00, run_after=2025-09-19 04:00:00+00:00
[2025-09-19T04:23:19.727+0000] {processor.py:183} INFO - Processing /home/airflow/.local/lib/python3.8/site-packages/airflow/example_dags/example_latest_only.py took 0.140 seconds
[2025-09-19T04:23:50.138+0000] {processor.py:161} INFO - Started process (PID=1919) to work on /home/airflow/.local/lib/python3.8/site-packages/airflow/example_dags/example_latest_only.py
[2025-09-19T04:23:50.140+0000] {processor.py:830} INFO - Processing file /home/airflow/.local/lib/python3.8/site-packages/airflow/example_dags/example_latest_only.py for tasks to queue
[2025-09-19T04:23:50.144+0000] {logging_mixin.py:188} INFO - [2025-09-19T04:23:50.143+0000] {dagbag.py:538} INFO - Filling up the DagBag from /home/airflow/.local/lib/python3.8/site-packages/airflow/example_dags/example_latest_only.py
[2025-09-19T04:23:50.153+0000] {processor.py:840} INFO - DAG(s) 'latest_only' retrieved from /home/airflow/.local/lib/python3.8/site-packages/airflow/example_dags/example_latest_only.py
[2025-09-19T04:23:50.190+0000] {logging_mixin.py:188} INFO - [2025-09-19T04:23:50.189+0000] {dag.py:3036} INFO - Sync 1 DAGs
[2025-09-19T04:23:50.232+0000] {logging_mixin.py:188} INFO - [2025-09-19T04:23:50.231+0000] {dag.py:3823} INFO - Setting next_dagrun for latest_only to 2025-09-19 00:00:00+00:00, run_after=2025-09-19 04:00:00+00:00
[2025-09-19T04:23:50.268+0000] {processor.py:183} INFO - Processing /home/airflow/.local/lib/python3.8/site-packages/airflow/example_dags/example_latest_only.py took 0.136 seconds
[2025-09-19T04:24:20.652+0000] {processor.py:161} INFO - Started process (PID=1974) to work on /home/airflow/.local/lib/python3.8/site-packages/airflow/example_dags/example_latest_only.py
[2025-09-19T04:24:20.654+0000] {processor.py:830} INFO - Processing file /home/airflow/.local/lib/python3.8/site-packages/airflow/example_dags/example_latest_only.py for tasks to queue
[2025-09-19T04:24:20.658+0000] {logging_mixin.py:188} INFO - [2025-09-19T04:24:20.657+0000] {dagbag.py:538} INFO - Filling up the DagBag from /home/airflow/.local/lib/python3.8/site-packages/airflow/example_dags/example_latest_only.py
[2025-09-19T04:24:20.667+0000] {processor.py:840} INFO - DAG(s) 'latest_only' retrieved from /home/airflow/.local/lib/python3.8/site-packages/airflow/example_dags/example_latest_only.py
[2025-09-19T04:24:20.701+0000] {logging_mixin.py:188} INFO - [2025-09-19T04:24:20.701+0000] {dag.py:3036} INFO - Sync 1 DAGs
[2025-09-19T04:24:20.740+0000] {logging_mixin.py:188} INFO - [2025-09-19T04:24:20.739+0000] {dag.py:3823} INFO - Setting next_dagrun for latest_only to 2025-09-19 00:00:00+00:00, run_after=2025-09-19 04:00:00+00:00
[2025-09-19T04:24:20.779+0000] {processor.py:183} INFO - Processing /home/airflow/.local/lib/python3.8/site-packages/airflow/example_dags/example_latest_only.py took 0.133 seconds
[2025-09-19T04:24:51.251+0000] {processor.py:161} INFO - Started process (PID=2030) to work on /home/airflow/.local/lib/python3.8/site-packages/airflow/example_dags/example_latest_only.py
[2025-09-19T04:24:51.253+0000] {processor.py:830} INFO - Processing file /home/airflow/.local/lib/python3.8/site-packages/airflow/example_dags/example_latest_only.py for tasks to queue
[2025-09-19T04:24:51.256+0000] {logging_mixin.py:188} INFO - [2025-09-19T04:24:51.255+0000] {dagbag.py:538} INFO - Filling up the DagBag from /home/airflow/.local/lib/python3.8/site-packages/airflow/example_dags/example_latest_only.py
[2025-09-19T04:24:51.268+0000] {processor.py:840} INFO - DAG(s) 'latest_only' retrieved from /home/airflow/.local/lib/python3.8/site-packages/airflow/example_dags/example_latest_only.py
[2025-09-19T04:24:51.311+0000] {logging_mixin.py:188} INFO - [2025-09-19T04:24:51.311+0000] {dag.py:3036} INFO - Sync 1 DAGs
[2025-09-19T04:24:51.358+0000] {logging_mixin.py:188} INFO - [2025-09-19T04:24:51.357+0000] {dag.py:3823} INFO - Setting next_dagrun for latest_only to 2025-09-19 00:00:00+00:00, run_after=2025-09-19 04:00:00+00:00
[2025-09-19T04:24:51.395+0000] {processor.py:183} INFO - Processing /home/airflow/.local/lib/python3.8/site-packages/airflow/example_dags/example_latest_only.py took 0.151 seconds
[2025-09-19T04:25:22.714+0000] {processor.py:161} INFO - Started process (PID=2091) to work on /home/airflow/.local/lib/python3.8/site-packages/airflow/example_dags/example_latest_only.py
[2025-09-19T04:25:22.715+0000] {processor.py:830} INFO - Processing file /home/airflow/.local/lib/python3.8/site-packages/airflow/example_dags/example_latest_only.py for tasks to queue
[2025-09-19T04:25:22.719+0000] {logging_mixin.py:188} INFO - [2025-09-19T04:25:22.718+0000] {dagbag.py:538} INFO - Filling up the DagBag from /home/airflow/.local/lib/python3.8/site-packages/airflow/example_dags/example_latest_only.py
[2025-09-19T04:25:22.728+0000] {processor.py:840} INFO - DAG(s) 'latest_only' retrieved from /home/airflow/.local/lib/python3.8/site-packages/airflow/example_dags/example_latest_only.py
[2025-09-19T04:25:22.766+0000] {logging_mixin.py:188} INFO - [2025-09-19T04:25:22.766+0000] {dag.py:3036} INFO - Sync 1 DAGs
[2025-09-19T04:25:22.809+0000] {logging_mixin.py:188} INFO - [2025-09-19T04:25:22.808+0000] {dag.py:3823} INFO - Setting next_dagrun for latest_only to 2025-09-19 00:00:00+00:00, run_after=2025-09-19 04:00:00+00:00
[2025-09-19T04:25:22.845+0000] {processor.py:183} INFO - Processing /home/airflow/.local/lib/python3.8/site-packages/airflow/example_dags/example_latest_only.py took 0.137 seconds
[2025-09-19T04:25:52.976+0000] {processor.py:161} INFO - Started process (PID=2144) to work on /home/airflow/.local/lib/python3.8/site-packages/airflow/example_dags/example_latest_only.py
[2025-09-19T04:25:52.978+0000] {processor.py:830} INFO - Processing file /home/airflow/.local/lib/python3.8/site-packages/airflow/example_dags/example_latest_only.py for tasks to queue
[2025-09-19T04:25:52.982+0000] {logging_mixin.py:188} INFO - [2025-09-19T04:25:52.981+0000] {dagbag.py:538} INFO - Filling up the DagBag from /home/airflow/.local/lib/python3.8/site-packages/airflow/example_dags/example_latest_only.py
[2025-09-19T04:25:52.990+0000] {processor.py:840} INFO - DAG(s) 'latest_only' retrieved from /home/airflow/.local/lib/python3.8/site-packages/airflow/example_dags/example_latest_only.py
[2025-09-19T04:25:53.032+0000] {logging_mixin.py:188} INFO - [2025-09-19T04:25:53.032+0000] {dag.py:3036} INFO - Sync 1 DAGs
[2025-09-19T04:25:53.082+0000] {logging_mixin.py:188} INFO - [2025-09-19T04:25:53.082+0000] {dag.py:3823} INFO - Setting next_dagrun for latest_only to 2025-09-19 00:00:00+00:00, run_after=2025-09-19 04:00:00+00:00
[2025-09-19T04:25:53.125+0000] {processor.py:183} INFO - Processing /home/airflow/.local/lib/python3.8/site-packages/airflow/example_dags/example_latest_only.py took 0.155 seconds
[2025-09-19T04:26:23.593+0000] {processor.py:161} INFO - Started process (PID=2199) to work on /home/airflow/.local/lib/python3.8/site-packages/airflow/example_dags/example_latest_only.py
[2025-09-19T04:26:23.595+0000] {processor.py:830} INFO - Processing file /home/airflow/.local/lib/python3.8/site-packages/airflow/example_dags/example_latest_only.py for tasks to queue
[2025-09-19T04:26:23.600+0000] {logging_mixin.py:188} INFO - [2025-09-19T04:26:23.600+0000] {dagbag.py:538} INFO - Filling up the DagBag from /home/airflow/.local/lib/python3.8/site-packages/airflow/example_dags/example_latest_only.py
[2025-09-19T04:26:23.610+0000] {processor.py:840} INFO - DAG(s) 'latest_only' retrieved from /home/airflow/.local/lib/python3.8/site-packages/airflow/example_dags/example_latest_only.py
[2025-09-19T04:26:23.654+0000] {logging_mixin.py:188} INFO - [2025-09-19T04:26:23.653+0000] {dag.py:3036} INFO - Sync 1 DAGs
[2025-09-19T04:26:23.702+0000] {logging_mixin.py:188} INFO - [2025-09-19T04:26:23.702+0000] {dag.py:3823} INFO - Setting next_dagrun for latest_only to 2025-09-19 00:00:00+00:00, run_after=2025-09-19 04:00:00+00:00
[2025-09-19T04:26:23.743+0000] {processor.py:183} INFO - Processing /home/airflow/.local/lib/python3.8/site-packages/airflow/example_dags/example_latest_only.py took 0.157 seconds
[2025-09-19T04:26:53.918+0000] {processor.py:161} INFO - Started process (PID=2254) to work on /home/airflow/.local/lib/python3.8/site-packages/airflow/example_dags/example_latest_only.py
[2025-09-19T04:26:53.920+0000] {processor.py:830} INFO - Processing file /home/airflow/.local/lib/python3.8/site-packages/airflow/example_dags/example_latest_only.py for tasks to queue
[2025-09-19T04:26:53.925+0000] {logging_mixin.py:188} INFO - [2025-09-19T04:26:53.924+0000] {dagbag.py:538} INFO - Filling up the DagBag from /home/airflow/.local/lib/python3.8/site-packages/airflow/example_dags/example_latest_only.py
[2025-09-19T04:26:53.938+0000] {processor.py:840} INFO - DAG(s) 'latest_only' retrieved from /home/airflow/.local/lib/python3.8/site-packages/airflow/example_dags/example_latest_only.py
[2025-09-19T04:26:53.989+0000] {logging_mixin.py:188} INFO - [2025-09-19T04:26:53.989+0000] {dag.py:3036} INFO - Sync 1 DAGs
[2025-09-19T04:26:54.047+0000] {logging_mixin.py:188} INFO - [2025-09-19T04:26:54.047+0000] {dag.py:3823} INFO - Setting next_dagrun for latest_only to 2025-09-19 00:00:00+00:00, run_after=2025-09-19 04:00:00+00:00
[2025-09-19T04:26:54.095+0000] {processor.py:183} INFO - Processing /home/airflow/.local/lib/python3.8/site-packages/airflow/example_dags/example_latest_only.py took 0.183 seconds
[2025-09-19T04:27:24.529+0000] {processor.py:161} INFO - Started process (PID=2309) to work on /home/airflow/.local/lib/python3.8/site-packages/airflow/example_dags/example_latest_only.py
[2025-09-19T04:27:24.531+0000] {processor.py:830} INFO - Processing file /home/airflow/.local/lib/python3.8/site-packages/airflow/example_dags/example_latest_only.py for tasks to queue
[2025-09-19T04:27:24.536+0000] {logging_mixin.py:188} INFO - [2025-09-19T04:27:24.535+0000] {dagbag.py:538} INFO - Filling up the DagBag from /home/airflow/.local/lib/python3.8/site-packages/airflow/example_dags/example_latest_only.py
[2025-09-19T04:27:24.545+0000] {processor.py:840} INFO - DAG(s) 'latest_only' retrieved from /home/airflow/.local/lib/python3.8/site-packages/airflow/example_dags/example_latest_only.py
[2025-09-19T04:27:24.583+0000] {logging_mixin.py:188} INFO - [2025-09-19T04:27:24.583+0000] {dag.py:3036} INFO - Sync 1 DAGs
[2025-09-19T04:27:24.628+0000] {logging_mixin.py:188} INFO - [2025-09-19T04:27:24.628+0000] {dag.py:3823} INFO - Setting next_dagrun for latest_only to 2025-09-19 00:00:00+00:00, run_after=2025-09-19 04:00:00+00:00
[2025-09-19T04:27:24.664+0000] {processor.py:183} INFO - Processing /home/airflow/.local/lib/python3.8/site-packages/airflow/example_dags/example_latest_only.py took 0.140 seconds
[2025-09-19T04:27:54.734+0000] {processor.py:161} INFO - Started process (PID=2364) to work on /home/airflow/.local/lib/python3.8/site-packages/airflow/example_dags/example_latest_only.py
[2025-09-19T04:27:54.735+0000] {processor.py:830} INFO - Processing file /home/airflow/.local/lib/python3.8/site-packages/airflow/example_dags/example_latest_only.py for tasks to queue
[2025-09-19T04:27:54.739+0000] {logging_mixin.py:188} INFO - [2025-09-19T04:27:54.738+0000] {dagbag.py:538} INFO - Filling up the DagBag from /home/airflow/.local/lib/python3.8/site-packages/airflow/example_dags/example_latest_only.py
[2025-09-19T04:27:54.748+0000] {processor.py:840} INFO - DAG(s) 'latest_only' retrieved from /home/airflow/.local/lib/python3.8/site-packages/airflow/example_dags/example_latest_only.py
[2025-09-19T04:27:54.785+0000] {logging_mixin.py:188} INFO - [2025-09-19T04:27:54.785+0000] {dag.py:3036} INFO - Sync 1 DAGs
[2025-09-19T04:27:54.826+0000] {logging_mixin.py:188} INFO - [2025-09-19T04:27:54.826+0000] {dag.py:3823} INFO - Setting next_dagrun for latest_only to 2025-09-19 00:00:00+00:00, run_after=2025-09-19 04:00:00+00:00
[2025-09-19T04:27:54.864+0000] {processor.py:183} INFO - Processing /home/airflow/.local/lib/python3.8/site-packages/airflow/example_dags/example_latest_only.py took 0.137 seconds
[2025-09-19T04:28:25.155+0000] {processor.py:161} INFO - Started process (PID=2419) to work on /home/airflow/.local/lib/python3.8/site-packages/airflow/example_dags/example_latest_only.py
[2025-09-19T04:28:25.157+0000] {processor.py:830} INFO - Processing file /home/airflow/.local/lib/python3.8/site-packages/airflow/example_dags/example_latest_only.py for tasks to queue
[2025-09-19T04:28:25.162+0000] {logging_mixin.py:188} INFO - [2025-09-19T04:28:25.161+0000] {dagbag.py:538} INFO - Filling up the DagBag from /home/airflow/.local/lib/python3.8/site-packages/airflow/example_dags/example_latest_only.py
[2025-09-19T04:28:25.170+0000] {processor.py:840} INFO - DAG(s) 'latest_only' retrieved from /home/airflow/.local/lib/python3.8/site-packages/airflow/example_dags/example_latest_only.py
[2025-09-19T04:28:25.207+0000] {logging_mixin.py:188} INFO - [2025-09-19T04:28:25.207+0000] {dag.py:3036} INFO - Sync 1 DAGs
[2025-09-19T04:28:25.252+0000] {logging_mixin.py:188} INFO - [2025-09-19T04:28:25.251+0000] {dag.py:3823} INFO - Setting next_dagrun for latest_only to 2025-09-19 00:00:00+00:00, run_after=2025-09-19 04:00:00+00:00
[2025-09-19T04:28:25.295+0000] {processor.py:183} INFO - Processing /home/airflow/.local/lib/python3.8/site-packages/airflow/example_dags/example_latest_only.py took 0.146 seconds
[2025-09-19T04:28:55.669+0000] {processor.py:161} INFO - Started process (PID=2474) to work on /home/airflow/.local/lib/python3.8/site-packages/airflow/example_dags/example_latest_only.py
[2025-09-19T04:28:55.672+0000] {processor.py:830} INFO - Processing file /home/airflow/.local/lib/python3.8/site-packages/airflow/example_dags/example_latest_only.py for tasks to queue
[2025-09-19T04:28:55.676+0000] {logging_mixin.py:188} INFO - [2025-09-19T04:28:55.675+0000] {dagbag.py:538} INFO - Filling up the DagBag from /home/airflow/.local/lib/python3.8/site-packages/airflow/example_dags/example_latest_only.py
[2025-09-19T04:28:55.684+0000] {processor.py:840} INFO - DAG(s) 'latest_only' retrieved from /home/airflow/.local/lib/python3.8/site-packages/airflow/example_dags/example_latest_only.py
[2025-09-19T04:28:55.721+0000] {logging_mixin.py:188} INFO - [2025-09-19T04:28:55.720+0000] {dag.py:3036} INFO - Sync 1 DAGs
[2025-09-19T04:28:55.764+0000] {logging_mixin.py:188} INFO - [2025-09-19T04:28:55.763+0000] {dag.py:3823} INFO - Setting next_dagrun for latest_only to 2025-09-19 00:00:00+00:00, run_after=2025-09-19 04:00:00+00:00
[2025-09-19T04:28:55.802+0000] {processor.py:183} INFO - Processing /home/airflow/.local/lib/python3.8/site-packages/airflow/example_dags/example_latest_only.py took 0.138 seconds
[2025-09-19T04:29:26.032+0000] {processor.py:161} INFO - Started process (PID=2529) to work on /home/airflow/.local/lib/python3.8/site-packages/airflow/example_dags/example_latest_only.py
[2025-09-19T04:29:26.035+0000] {processor.py:830} INFO - Processing file /home/airflow/.local/lib/python3.8/site-packages/airflow/example_dags/example_latest_only.py for tasks to queue
[2025-09-19T04:29:26.039+0000] {logging_mixin.py:188} INFO - [2025-09-19T04:29:26.038+0000] {dagbag.py:538} INFO - Filling up the DagBag from /home/airflow/.local/lib/python3.8/site-packages/airflow/example_dags/example_latest_only.py
[2025-09-19T04:29:26.047+0000] {processor.py:840} INFO - DAG(s) 'latest_only' retrieved from /home/airflow/.local/lib/python3.8/site-packages/airflow/example_dags/example_latest_only.py
[2025-09-19T04:29:26.085+0000] {logging_mixin.py:188} INFO - [2025-09-19T04:29:26.085+0000] {dag.py:3036} INFO - Sync 1 DAGs
[2025-09-19T04:29:26.129+0000] {logging_mixin.py:188} INFO - [2025-09-19T04:29:26.129+0000] {dag.py:3823} INFO - Setting next_dagrun for latest_only to 2025-09-19 00:00:00+00:00, run_after=2025-09-19 04:00:00+00:00
[2025-09-19T04:29:26.165+0000] {processor.py:183} INFO - Processing /home/airflow/.local/lib/python3.8/site-packages/airflow/example_dags/example_latest_only.py took 0.138 seconds
[2025-09-19T04:29:56.610+0000] {processor.py:161} INFO - Started process (PID=2584) to work on /home/airflow/.local/lib/python3.8/site-packages/airflow/example_dags/example_latest_only.py
[2025-09-19T04:29:56.613+0000] {processor.py:830} INFO - Processing file /home/airflow/.local/lib/python3.8/site-packages/airflow/example_dags/example_latest_only.py for tasks to queue
[2025-09-19T04:29:56.617+0000] {logging_mixin.py:188} INFO - [2025-09-19T04:29:56.616+0000] {dagbag.py:538} INFO - Filling up the DagBag from /home/airflow/.local/lib/python3.8/site-packages/airflow/example_dags/example_latest_only.py
[2025-09-19T04:29:56.627+0000] {processor.py:840} INFO - DAG(s) 'latest_only' retrieved from /home/airflow/.local/lib/python3.8/site-packages/airflow/example_dags/example_latest_only.py
[2025-09-19T04:29:56.665+0000] {logging_mixin.py:188} INFO - [2025-09-19T04:29:56.665+0000] {dag.py:3036} INFO - Sync 1 DAGs
[2025-09-19T04:29:56.706+0000] {logging_mixin.py:188} INFO - [2025-09-19T04:29:56.706+0000] {dag.py:3823} INFO - Setting next_dagrun for latest_only to 2025-09-19 00:00:00+00:00, run_after=2025-09-19 04:00:00+00:00
[2025-09-19T04:29:56.739+0000] {processor.py:183} INFO - Processing /home/airflow/.local/lib/python3.8/site-packages/airflow/example_dags/example_latest_only.py took 0.136 seconds
[2025-09-19T04:30:27.043+0000] {processor.py:161} INFO - Started process (PID=2639) to work on /home/airflow/.local/lib/python3.8/site-packages/airflow/example_dags/example_latest_only.py
[2025-09-19T04:30:27.045+0000] {processor.py:830} INFO - Processing file /home/airflow/.local/lib/python3.8/site-packages/airflow/example_dags/example_latest_only.py for tasks to queue
[2025-09-19T04:30:27.050+0000] {logging_mixin.py:188} INFO - [2025-09-19T04:30:27.049+0000] {dagbag.py:538} INFO - Filling up the DagBag from /home/airflow/.local/lib/python3.8/site-packages/airflow/example_dags/example_latest_only.py
[2025-09-19T04:30:27.058+0000] {processor.py:840} INFO - DAG(s) 'latest_only' retrieved from /home/airflow/.local/lib/python3.8/site-packages/airflow/example_dags/example_latest_only.py
[2025-09-19T04:30:27.096+0000] {logging_mixin.py:188} INFO - [2025-09-19T04:30:27.095+0000] {dag.py:3036} INFO - Sync 1 DAGs
[2025-09-19T04:30:27.141+0000] {logging_mixin.py:188} INFO - [2025-09-19T04:30:27.141+0000] {dag.py:3823} INFO - Setting next_dagrun for latest_only to 2025-09-19 00:00:00+00:00, run_after=2025-09-19 04:00:00+00:00
[2025-09-19T04:30:27.182+0000] {processor.py:183} INFO - Processing /home/airflow/.local/lib/python3.8/site-packages/airflow/example_dags/example_latest_only.py took 0.145 seconds
[2025-09-19T04:30:57.933+0000] {processor.py:161} INFO - Started process (PID=2694) to work on /home/airflow/.local/lib/python3.8/site-packages/airflow/example_dags/example_latest_only.py
[2025-09-19T04:30:57.935+0000] {processor.py:830} INFO - Processing file /home/airflow/.local/lib/python3.8/site-packages/airflow/example_dags/example_latest_only.py for tasks to queue
[2025-09-19T04:30:57.940+0000] {logging_mixin.py:188} INFO - [2025-09-19T04:30:57.939+0000] {dagbag.py:538} INFO - Filling up the DagBag from /home/airflow/.local/lib/python3.8/site-packages/airflow/example_dags/example_latest_only.py
[2025-09-19T04:30:57.949+0000] {processor.py:840} INFO - DAG(s) 'latest_only' retrieved from /home/airflow/.local/lib/python3.8/site-packages/airflow/example_dags/example_latest_only.py
[2025-09-19T04:30:57.989+0000] {logging_mixin.py:188} INFO - [2025-09-19T04:30:57.989+0000] {dag.py:3036} INFO - Sync 1 DAGs
[2025-09-19T04:30:58.034+0000] {logging_mixin.py:188} INFO - [2025-09-19T04:30:58.034+0000] {dag.py:3823} INFO - Setting next_dagrun for latest_only to 2025-09-19 00:00:00+00:00, run_after=2025-09-19 04:00:00+00:00
[2025-09-19T04:30:58.272+0000] {processor.py:183} INFO - Processing /home/airflow/.local/lib/python3.8/site-packages/airflow/example_dags/example_latest_only.py took 0.345 seconds
[2025-09-19T04:31:28.612+0000] {processor.py:161} INFO - Started process (PID=2749) to work on /home/airflow/.local/lib/python3.8/site-packages/airflow/example_dags/example_latest_only.py
[2025-09-19T04:31:28.614+0000] {processor.py:830} INFO - Processing file /home/airflow/.local/lib/python3.8/site-packages/airflow/example_dags/example_latest_only.py for tasks to queue
[2025-09-19T04:31:28.619+0000] {logging_mixin.py:188} INFO - [2025-09-19T04:31:28.618+0000] {dagbag.py:538} INFO - Filling up the DagBag from /home/airflow/.local/lib/python3.8/site-packages/airflow/example_dags/example_latest_only.py
[2025-09-19T04:31:28.627+0000] {processor.py:840} INFO - DAG(s) 'latest_only' retrieved from /home/airflow/.local/lib/python3.8/site-packages/airflow/example_dags/example_latest_only.py
[2025-09-19T04:31:28.667+0000] {logging_mixin.py:188} INFO - [2025-09-19T04:31:28.667+0000] {dag.py:3036} INFO - Sync 1 DAGs
[2025-09-19T04:31:28.714+0000] {logging_mixin.py:188} INFO - [2025-09-19T04:31:28.713+0000] {dag.py:3823} INFO - Setting next_dagrun for latest_only to 2025-09-19 00:00:00+00:00, run_after=2025-09-19 04:00:00+00:00
[2025-09-19T04:31:28.756+0000] {processor.py:183} INFO - Processing /home/airflow/.local/lib/python3.8/site-packages/airflow/example_dags/example_latest_only.py took 0.150 seconds
[2025-09-19T04:31:59.544+0000] {processor.py:161} INFO - Started process (PID=2804) to work on /home/airflow/.local/lib/python3.8/site-packages/airflow/example_dags/example_latest_only.py
[2025-09-19T04:31:59.546+0000] {processor.py:830} INFO - Processing file /home/airflow/.local/lib/python3.8/site-packages/airflow/example_dags/example_latest_only.py for tasks to queue
[2025-09-19T04:31:59.551+0000] {logging_mixin.py:188} INFO - [2025-09-19T04:31:59.550+0000] {dagbag.py:538} INFO - Filling up the DagBag from /home/airflow/.local/lib/python3.8/site-packages/airflow/example_dags/example_latest_only.py
[2025-09-19T04:31:59.560+0000] {processor.py:840} INFO - DAG(s) 'latest_only' retrieved from /home/airflow/.local/lib/python3.8/site-packages/airflow/example_dags/example_latest_only.py
[2025-09-19T04:31:59.599+0000] {logging_mixin.py:188} INFO - [2025-09-19T04:31:59.599+0000] {dag.py:3036} INFO - Sync 1 DAGs
[2025-09-19T04:31:59.650+0000] {logging_mixin.py:188} INFO - [2025-09-19T04:31:59.649+0000] {dag.py:3823} INFO - Setting next_dagrun for latest_only to 2025-09-19 00:00:00+00:00, run_after=2025-09-19 04:00:00+00:00
[2025-09-19T04:31:59.686+0000] {processor.py:183} INFO - Processing /home/airflow/.local/lib/python3.8/site-packages/airflow/example_dags/example_latest_only.py took 0.150 seconds
[2025-09-19T04:32:30.307+0000] {processor.py:161} INFO - Started process (PID=2859) to work on /home/airflow/.local/lib/python3.8/site-packages/airflow/example_dags/example_latest_only.py
[2025-09-19T04:32:30.309+0000] {processor.py:830} INFO - Processing file /home/airflow/.local/lib/python3.8/site-packages/airflow/example_dags/example_latest_only.py for tasks to queue
[2025-09-19T04:32:30.314+0000] {logging_mixin.py:188} INFO - [2025-09-19T04:32:30.313+0000] {dagbag.py:538} INFO - Filling up the DagBag from /home/airflow/.local/lib/python3.8/site-packages/airflow/example_dags/example_latest_only.py
[2025-09-19T04:32:30.324+0000] {processor.py:840} INFO - DAG(s) 'latest_only' retrieved from /home/airflow/.local/lib/python3.8/site-packages/airflow/example_dags/example_latest_only.py
[2025-09-19T04:32:30.364+0000] {logging_mixin.py:188} INFO - [2025-09-19T04:32:30.363+0000] {dag.py:3036} INFO - Sync 1 DAGs
[2025-09-19T04:32:30.408+0000] {logging_mixin.py:188} INFO - [2025-09-19T04:32:30.408+0000] {dag.py:3823} INFO - Setting next_dagrun for latest_only to 2025-09-19 00:00:00+00:00, run_after=2025-09-19 04:00:00+00:00
[2025-09-19T04:32:30.447+0000] {processor.py:183} INFO - Processing /home/airflow/.local/lib/python3.8/site-packages/airflow/example_dags/example_latest_only.py took 0.147 seconds
[2025-09-19T04:33:01.039+0000] {processor.py:161} INFO - Started process (PID=2914) to work on /home/airflow/.local/lib/python3.8/site-packages/airflow/example_dags/example_latest_only.py
[2025-09-19T04:33:01.042+0000] {processor.py:830} INFO - Processing file /home/airflow/.local/lib/python3.8/site-packages/airflow/example_dags/example_latest_only.py for tasks to queue
[2025-09-19T04:33:01.046+0000] {logging_mixin.py:188} INFO - [2025-09-19T04:33:01.045+0000] {dagbag.py:538} INFO - Filling up the DagBag from /home/airflow/.local/lib/python3.8/site-packages/airflow/example_dags/example_latest_only.py
[2025-09-19T04:33:01.056+0000] {processor.py:840} INFO - DAG(s) 'latest_only' retrieved from /home/airflow/.local/lib/python3.8/site-packages/airflow/example_dags/example_latest_only.py
[2025-09-19T04:33:01.094+0000] {logging_mixin.py:188} INFO - [2025-09-19T04:33:01.094+0000] {dag.py:3036} INFO - Sync 1 DAGs
[2025-09-19T04:33:01.310+0000] {logging_mixin.py:188} INFO - [2025-09-19T04:33:01.309+0000] {dag.py:3823} INFO - Setting next_dagrun for latest_only to 2025-09-19 00:00:00+00:00, run_after=2025-09-19 04:00:00+00:00
[2025-09-19T04:33:01.348+0000] {processor.py:183} INFO - Processing /home/airflow/.local/lib/python3.8/site-packages/airflow/example_dags/example_latest_only.py took 0.314 seconds
[2025-09-19T04:33:31.485+0000] {processor.py:161} INFO - Started process (PID=2969) to work on /home/airflow/.local/lib/python3.8/site-packages/airflow/example_dags/example_latest_only.py
[2025-09-19T04:33:31.487+0000] {processor.py:830} INFO - Processing file /home/airflow/.local/lib/python3.8/site-packages/airflow/example_dags/example_latest_only.py for tasks to queue
[2025-09-19T04:33:31.490+0000] {logging_mixin.py:188} INFO - [2025-09-19T04:33:31.489+0000] {dagbag.py:538} INFO - Filling up the DagBag from /home/airflow/.local/lib/python3.8/site-packages/airflow/example_dags/example_latest_only.py
[2025-09-19T04:33:31.501+0000] {processor.py:840} INFO - DAG(s) 'latest_only' retrieved from /home/airflow/.local/lib/python3.8/site-packages/airflow/example_dags/example_latest_only.py
[2025-09-19T04:33:31.537+0000] {logging_mixin.py:188} INFO - [2025-09-19T04:33:31.537+0000] {dag.py:3036} INFO - Sync 1 DAGs
[2025-09-19T04:33:31.588+0000] {logging_mixin.py:188} INFO - [2025-09-19T04:33:31.588+0000] {dag.py:3823} INFO - Setting next_dagrun for latest_only to 2025-09-19 00:00:00+00:00, run_after=2025-09-19 04:00:00+00:00
[2025-09-19T04:33:31.791+0000] {processor.py:183} INFO - Processing /home/airflow/.local/lib/python3.8/site-packages/airflow/example_dags/example_latest_only.py took 0.312 seconds
