[2025-09-19T04:06:55.310+0000] {processor.py:161} INFO - Started process (PID=80) to work on /home/airflow/.local/lib/python3.8/site-packages/airflow/example_dags/example_nested_branch_dag.py
[2025-09-19T04:06:55.312+0000] {processor.py:830} INFO - Processing file /home/airflow/.local/lib/python3.8/site-packages/airflow/example_dags/example_nested_branch_dag.py for tasks to queue
[2025-09-19T04:06:55.317+0000] {logging_mixin.py:188} INFO - [2025-09-19T04:06:55.317+0000] {dagbag.py:538} INFO - Filling up the DagBag from /home/airflow/.local/lib/python3.8/site-packages/airflow/example_dags/example_nested_branch_dag.py
[2025-09-19T04:06:55.369+0000] {processor.py:840} INFO - DAG(s) 'example_nested_branch_dag' retrieved from /home/airflow/.local/lib/python3.8/site-packages/airflow/example_dags/example_nested_branch_dag.py
[2025-09-19T04:06:55.707+0000] {logging_mixin.py:188} INFO - [2025-09-19T04:06:55.707+0000] {dag.py:3036} INFO - Sync 1 DAGs
[2025-09-19T04:06:55.756+0000] {logging_mixin.py:188} INFO - [2025-09-19T04:06:55.756+0000] {dag.py:3823} INFO - Setting next_dagrun for example_nested_branch_dag to 2025-09-18 00:00:00+00:00, run_after=2025-09-19 00:00:00+00:00
[2025-09-19T04:06:55.806+0000] {processor.py:183} INFO - Processing /home/airflow/.local/lib/python3.8/site-packages/airflow/example_dags/example_nested_branch_dag.py took 0.506 seconds
[2025-09-19T04:07:26.616+0000] {processor.py:161} INFO - Started process (PID=135) to work on /home/airflow/.local/lib/python3.8/site-packages/airflow/example_dags/example_nested_branch_dag.py
[2025-09-19T04:07:26.619+0000] {processor.py:830} INFO - Processing file /home/airflow/.local/lib/python3.8/site-packages/airflow/example_dags/example_nested_branch_dag.py for tasks to queue
[2025-09-19T04:07:26.622+0000] {logging_mixin.py:188} INFO - [2025-09-19T04:07:26.621+0000] {dagbag.py:538} INFO - Filling up the DagBag from /home/airflow/.local/lib/python3.8/site-packages/airflow/example_dags/example_nested_branch_dag.py
[2025-09-19T04:07:26.640+0000] {processor.py:840} INFO - DAG(s) 'example_nested_branch_dag' retrieved from /home/airflow/.local/lib/python3.8/site-packages/airflow/example_dags/example_nested_branch_dag.py
[2025-09-19T04:07:26.678+0000] {logging_mixin.py:188} INFO - [2025-09-19T04:07:26.678+0000] {dag.py:3036} INFO - Sync 1 DAGs
[2025-09-19T04:07:26.721+0000] {logging_mixin.py:188} INFO - [2025-09-19T04:07:26.721+0000] {dag.py:3823} INFO - Setting next_dagrun for example_nested_branch_dag to 2025-09-18 00:00:00+00:00, run_after=2025-09-19 00:00:00+00:00
[2025-09-19T04:07:26.759+0000] {processor.py:183} INFO - Processing /home/airflow/.local/lib/python3.8/site-packages/airflow/example_dags/example_nested_branch_dag.py took 0.148 seconds
[2025-09-19T04:07:57.364+0000] {processor.py:161} INFO - Started process (PID=190) to work on /home/airflow/.local/lib/python3.8/site-packages/airflow/example_dags/example_nested_branch_dag.py
[2025-09-19T04:07:57.366+0000] {processor.py:830} INFO - Processing file /home/airflow/.local/lib/python3.8/site-packages/airflow/example_dags/example_nested_branch_dag.py for tasks to queue
[2025-09-19T04:07:57.370+0000] {logging_mixin.py:188} INFO - [2025-09-19T04:07:57.369+0000] {dagbag.py:538} INFO - Filling up the DagBag from /home/airflow/.local/lib/python3.8/site-packages/airflow/example_dags/example_nested_branch_dag.py
[2025-09-19T04:07:57.397+0000] {processor.py:840} INFO - DAG(s) 'example_nested_branch_dag' retrieved from /home/airflow/.local/lib/python3.8/site-packages/airflow/example_dags/example_nested_branch_dag.py
[2025-09-19T04:07:57.442+0000] {logging_mixin.py:188} INFO - [2025-09-19T04:07:57.442+0000] {dag.py:3036} INFO - Sync 1 DAGs
[2025-09-19T04:07:57.489+0000] {logging_mixin.py:188} INFO - [2025-09-19T04:07:57.489+0000] {dag.py:3823} INFO - Setting next_dagrun for example_nested_branch_dag to 2025-09-18 00:00:00+00:00, run_after=2025-09-19 00:00:00+00:00
[2025-09-19T04:07:57.530+0000] {processor.py:183} INFO - Processing /home/airflow/.local/lib/python3.8/site-packages/airflow/example_dags/example_nested_branch_dag.py took 0.173 seconds
[2025-09-19T04:08:28.127+0000] {processor.py:161} INFO - Started process (PID=245) to work on /home/airflow/.local/lib/python3.8/site-packages/airflow/example_dags/example_nested_branch_dag.py
[2025-09-19T04:08:28.129+0000] {processor.py:830} INFO - Processing file /home/airflow/.local/lib/python3.8/site-packages/airflow/example_dags/example_nested_branch_dag.py for tasks to queue
[2025-09-19T04:08:28.132+0000] {logging_mixin.py:188} INFO - [2025-09-19T04:08:28.132+0000] {dagbag.py:538} INFO - Filling up the DagBag from /home/airflow/.local/lib/python3.8/site-packages/airflow/example_dags/example_nested_branch_dag.py
[2025-09-19T04:08:28.152+0000] {processor.py:840} INFO - DAG(s) 'example_nested_branch_dag' retrieved from /home/airflow/.local/lib/python3.8/site-packages/airflow/example_dags/example_nested_branch_dag.py
[2025-09-19T04:08:28.198+0000] {logging_mixin.py:188} INFO - [2025-09-19T04:08:28.198+0000] {dag.py:3036} INFO - Sync 1 DAGs
[2025-09-19T04:08:28.245+0000] {logging_mixin.py:188} INFO - [2025-09-19T04:08:28.245+0000] {dag.py:3823} INFO - Setting next_dagrun for example_nested_branch_dag to 2025-09-18 00:00:00+00:00, run_after=2025-09-19 00:00:00+00:00
[2025-09-19T04:08:28.283+0000] {processor.py:183} INFO - Processing /home/airflow/.local/lib/python3.8/site-packages/airflow/example_dags/example_nested_branch_dag.py took 0.162 seconds
[2025-09-19T04:08:58.456+0000] {processor.py:161} INFO - Started process (PID=301) to work on /home/airflow/.local/lib/python3.8/site-packages/airflow/example_dags/example_nested_branch_dag.py
[2025-09-19T04:08:58.458+0000] {processor.py:830} INFO - Processing file /home/airflow/.local/lib/python3.8/site-packages/airflow/example_dags/example_nested_branch_dag.py for tasks to queue
[2025-09-19T04:08:58.462+0000] {logging_mixin.py:188} INFO - [2025-09-19T04:08:58.461+0000] {dagbag.py:538} INFO - Filling up the DagBag from /home/airflow/.local/lib/python3.8/site-packages/airflow/example_dags/example_nested_branch_dag.py
[2025-09-19T04:08:58.479+0000] {processor.py:840} INFO - DAG(s) 'example_nested_branch_dag' retrieved from /home/airflow/.local/lib/python3.8/site-packages/airflow/example_dags/example_nested_branch_dag.py
[2025-09-19T04:08:58.519+0000] {logging_mixin.py:188} INFO - [2025-09-19T04:08:58.519+0000] {dag.py:3036} INFO - Sync 1 DAGs
[2025-09-19T04:08:58.565+0000] {logging_mixin.py:188} INFO - [2025-09-19T04:08:58.565+0000] {dag.py:3823} INFO - Setting next_dagrun for example_nested_branch_dag to 2025-09-18 00:00:00+00:00, run_after=2025-09-19 00:00:00+00:00
[2025-09-19T04:08:58.599+0000] {processor.py:183} INFO - Processing /home/airflow/.local/lib/python3.8/site-packages/airflow/example_dags/example_nested_branch_dag.py took 0.149 seconds
[2025-09-19T04:09:29.048+0000] {processor.py:161} INFO - Started process (PID=356) to work on /home/airflow/.local/lib/python3.8/site-packages/airflow/example_dags/example_nested_branch_dag.py
[2025-09-19T04:09:29.050+0000] {processor.py:830} INFO - Processing file /home/airflow/.local/lib/python3.8/site-packages/airflow/example_dags/example_nested_branch_dag.py for tasks to queue
[2025-09-19T04:09:29.055+0000] {logging_mixin.py:188} INFO - [2025-09-19T04:09:29.054+0000] {dagbag.py:538} INFO - Filling up the DagBag from /home/airflow/.local/lib/python3.8/site-packages/airflow/example_dags/example_nested_branch_dag.py
[2025-09-19T04:09:29.075+0000] {processor.py:840} INFO - DAG(s) 'example_nested_branch_dag' retrieved from /home/airflow/.local/lib/python3.8/site-packages/airflow/example_dags/example_nested_branch_dag.py
[2025-09-19T04:09:29.117+0000] {logging_mixin.py:188} INFO - [2025-09-19T04:09:29.117+0000] {dag.py:3036} INFO - Sync 1 DAGs
[2025-09-19T04:09:29.161+0000] {logging_mixin.py:188} INFO - [2025-09-19T04:09:29.161+0000] {dag.py:3823} INFO - Setting next_dagrun for example_nested_branch_dag to 2025-09-18 00:00:00+00:00, run_after=2025-09-19 00:00:00+00:00
[2025-09-19T04:09:29.198+0000] {processor.py:183} INFO - Processing /home/airflow/.local/lib/python3.8/site-packages/airflow/example_dags/example_nested_branch_dag.py took 0.157 seconds
[2025-09-19T04:09:59.494+0000] {processor.py:161} INFO - Started process (PID=411) to work on /home/airflow/.local/lib/python3.8/site-packages/airflow/example_dags/example_nested_branch_dag.py
[2025-09-19T04:09:59.496+0000] {processor.py:830} INFO - Processing file /home/airflow/.local/lib/python3.8/site-packages/airflow/example_dags/example_nested_branch_dag.py for tasks to queue
[2025-09-19T04:09:59.500+0000] {logging_mixin.py:188} INFO - [2025-09-19T04:09:59.500+0000] {dagbag.py:538} INFO - Filling up the DagBag from /home/airflow/.local/lib/python3.8/site-packages/airflow/example_dags/example_nested_branch_dag.py
[2025-09-19T04:09:59.521+0000] {processor.py:840} INFO - DAG(s) 'example_nested_branch_dag' retrieved from /home/airflow/.local/lib/python3.8/site-packages/airflow/example_dags/example_nested_branch_dag.py
[2025-09-19T04:09:59.567+0000] {logging_mixin.py:188} INFO - [2025-09-19T04:09:59.566+0000] {dag.py:3036} INFO - Sync 1 DAGs
[2025-09-19T04:09:59.623+0000] {logging_mixin.py:188} INFO - [2025-09-19T04:09:59.622+0000] {dag.py:3823} INFO - Setting next_dagrun for example_nested_branch_dag to 2025-09-18 00:00:00+00:00, run_after=2025-09-19 00:00:00+00:00
[2025-09-19T04:09:59.660+0000] {processor.py:183} INFO - Processing /home/airflow/.local/lib/python3.8/site-packages/airflow/example_dags/example_nested_branch_dag.py took 0.173 seconds
[2025-09-19T04:10:30.334+0000] {processor.py:161} INFO - Started process (PID=466) to work on /home/airflow/.local/lib/python3.8/site-packages/airflow/example_dags/example_nested_branch_dag.py
[2025-09-19T04:10:30.336+0000] {processor.py:830} INFO - Processing file /home/airflow/.local/lib/python3.8/site-packages/airflow/example_dags/example_nested_branch_dag.py for tasks to queue
[2025-09-19T04:10:30.340+0000] {logging_mixin.py:188} INFO - [2025-09-19T04:10:30.340+0000] {dagbag.py:538} INFO - Filling up the DagBag from /home/airflow/.local/lib/python3.8/site-packages/airflow/example_dags/example_nested_branch_dag.py
[2025-09-19T04:10:30.361+0000] {processor.py:840} INFO - DAG(s) 'example_nested_branch_dag' retrieved from /home/airflow/.local/lib/python3.8/site-packages/airflow/example_dags/example_nested_branch_dag.py
[2025-09-19T04:10:30.400+0000] {logging_mixin.py:188} INFO - [2025-09-19T04:10:30.399+0000] {dag.py:3036} INFO - Sync 1 DAGs
[2025-09-19T04:10:30.449+0000] {logging_mixin.py:188} INFO - [2025-09-19T04:10:30.448+0000] {dag.py:3823} INFO - Setting next_dagrun for example_nested_branch_dag to 2025-09-18 00:00:00+00:00, run_after=2025-09-19 00:00:00+00:00
[2025-09-19T04:10:30.488+0000] {processor.py:183} INFO - Processing /home/airflow/.local/lib/python3.8/site-packages/airflow/example_dags/example_nested_branch_dag.py took 0.160 seconds
[2025-09-19T04:11:00.577+0000] {processor.py:161} INFO - Started process (PID=521) to work on /home/airflow/.local/lib/python3.8/site-packages/airflow/example_dags/example_nested_branch_dag.py
[2025-09-19T04:11:00.579+0000] {processor.py:830} INFO - Processing file /home/airflow/.local/lib/python3.8/site-packages/airflow/example_dags/example_nested_branch_dag.py for tasks to queue
[2025-09-19T04:11:00.582+0000] {logging_mixin.py:188} INFO - [2025-09-19T04:11:00.582+0000] {dagbag.py:538} INFO - Filling up the DagBag from /home/airflow/.local/lib/python3.8/site-packages/airflow/example_dags/example_nested_branch_dag.py
[2025-09-19T04:11:00.600+0000] {processor.py:840} INFO - DAG(s) 'example_nested_branch_dag' retrieved from /home/airflow/.local/lib/python3.8/site-packages/airflow/example_dags/example_nested_branch_dag.py
[2025-09-19T04:11:00.640+0000] {logging_mixin.py:188} INFO - [2025-09-19T04:11:00.639+0000] {dag.py:3036} INFO - Sync 1 DAGs
[2025-09-19T04:11:00.680+0000] {logging_mixin.py:188} INFO - [2025-09-19T04:11:00.680+0000] {dag.py:3823} INFO - Setting next_dagrun for example_nested_branch_dag to 2025-09-18 00:00:00+00:00, run_after=2025-09-19 00:00:00+00:00
[2025-09-19T04:11:00.716+0000] {processor.py:183} INFO - Processing /home/airflow/.local/lib/python3.8/site-packages/airflow/example_dags/example_nested_branch_dag.py took 0.145 seconds
[2025-09-19T04:11:31.475+0000] {processor.py:161} INFO - Started process (PID=576) to work on /home/airflow/.local/lib/python3.8/site-packages/airflow/example_dags/example_nested_branch_dag.py
[2025-09-19T04:11:31.477+0000] {processor.py:830} INFO - Processing file /home/airflow/.local/lib/python3.8/site-packages/airflow/example_dags/example_nested_branch_dag.py for tasks to queue
[2025-09-19T04:11:31.482+0000] {logging_mixin.py:188} INFO - [2025-09-19T04:11:31.481+0000] {dagbag.py:538} INFO - Filling up the DagBag from /home/airflow/.local/lib/python3.8/site-packages/airflow/example_dags/example_nested_branch_dag.py
[2025-09-19T04:11:31.516+0000] {processor.py:840} INFO - DAG(s) 'example_nested_branch_dag' retrieved from /home/airflow/.local/lib/python3.8/site-packages/airflow/example_dags/example_nested_branch_dag.py
[2025-09-19T04:11:31.576+0000] {logging_mixin.py:188} INFO - [2025-09-19T04:11:31.576+0000] {dag.py:3036} INFO - Sync 1 DAGs
[2025-09-19T04:11:31.635+0000] {logging_mixin.py:188} INFO - [2025-09-19T04:11:31.634+0000] {dag.py:3823} INFO - Setting next_dagrun for example_nested_branch_dag to 2025-09-18 00:00:00+00:00, run_after=2025-09-19 00:00:00+00:00
[2025-09-19T04:11:31.691+0000] {processor.py:183} INFO - Processing /home/airflow/.local/lib/python3.8/site-packages/airflow/example_dags/example_nested_branch_dag.py took 0.223 seconds
[2025-09-19T04:12:01.757+0000] {processor.py:161} INFO - Started process (PID=631) to work on /home/airflow/.local/lib/python3.8/site-packages/airflow/example_dags/example_nested_branch_dag.py
[2025-09-19T04:12:01.759+0000] {processor.py:830} INFO - Processing file /home/airflow/.local/lib/python3.8/site-packages/airflow/example_dags/example_nested_branch_dag.py for tasks to queue
[2025-09-19T04:12:01.762+0000] {logging_mixin.py:188} INFO - [2025-09-19T04:12:01.762+0000] {dagbag.py:538} INFO - Filling up the DagBag from /home/airflow/.local/lib/python3.8/site-packages/airflow/example_dags/example_nested_branch_dag.py
[2025-09-19T04:12:01.781+0000] {processor.py:840} INFO - DAG(s) 'example_nested_branch_dag' retrieved from /home/airflow/.local/lib/python3.8/site-packages/airflow/example_dags/example_nested_branch_dag.py
[2025-09-19T04:12:01.820+0000] {logging_mixin.py:188} INFO - [2025-09-19T04:12:01.819+0000] {dag.py:3036} INFO - Sync 1 DAGs
[2025-09-19T04:12:01.864+0000] {logging_mixin.py:188} INFO - [2025-09-19T04:12:01.864+0000] {dag.py:3823} INFO - Setting next_dagrun for example_nested_branch_dag to 2025-09-18 00:00:00+00:00, run_after=2025-09-19 00:00:00+00:00
[2025-09-19T04:12:01.901+0000] {processor.py:183} INFO - Processing /home/airflow/.local/lib/python3.8/site-packages/airflow/example_dags/example_nested_branch_dag.py took 0.149 seconds
[2025-09-19T04:12:32.031+0000] {processor.py:161} INFO - Started process (PID=686) to work on /home/airflow/.local/lib/python3.8/site-packages/airflow/example_dags/example_nested_branch_dag.py
[2025-09-19T04:12:32.033+0000] {processor.py:830} INFO - Processing file /home/airflow/.local/lib/python3.8/site-packages/airflow/example_dags/example_nested_branch_dag.py for tasks to queue
[2025-09-19T04:12:32.037+0000] {logging_mixin.py:188} INFO - [2025-09-19T04:12:32.036+0000] {dagbag.py:538} INFO - Filling up the DagBag from /home/airflow/.local/lib/python3.8/site-packages/airflow/example_dags/example_nested_branch_dag.py
[2025-09-19T04:12:32.057+0000] {processor.py:840} INFO - DAG(s) 'example_nested_branch_dag' retrieved from /home/airflow/.local/lib/python3.8/site-packages/airflow/example_dags/example_nested_branch_dag.py
[2025-09-19T04:12:32.096+0000] {logging_mixin.py:188} INFO - [2025-09-19T04:12:32.096+0000] {dag.py:3036} INFO - Sync 1 DAGs
[2025-09-19T04:12:32.139+0000] {logging_mixin.py:188} INFO - [2025-09-19T04:12:32.139+0000] {dag.py:3823} INFO - Setting next_dagrun for example_nested_branch_dag to 2025-09-18 00:00:00+00:00, run_after=2025-09-19 00:00:00+00:00
[2025-09-19T04:12:32.176+0000] {processor.py:183} INFO - Processing /home/airflow/.local/lib/python3.8/site-packages/airflow/example_dags/example_nested_branch_dag.py took 0.150 seconds
[2025-09-19T04:13:02.454+0000] {processor.py:161} INFO - Started process (PID=741) to work on /home/airflow/.local/lib/python3.8/site-packages/airflow/example_dags/example_nested_branch_dag.py
[2025-09-19T04:13:02.456+0000] {processor.py:830} INFO - Processing file /home/airflow/.local/lib/python3.8/site-packages/airflow/example_dags/example_nested_branch_dag.py for tasks to queue
[2025-09-19T04:13:02.460+0000] {logging_mixin.py:188} INFO - [2025-09-19T04:13:02.459+0000] {dagbag.py:538} INFO - Filling up the DagBag from /home/airflow/.local/lib/python3.8/site-packages/airflow/example_dags/example_nested_branch_dag.py
[2025-09-19T04:13:02.497+0000] {processor.py:840} INFO - DAG(s) 'example_nested_branch_dag' retrieved from /home/airflow/.local/lib/python3.8/site-packages/airflow/example_dags/example_nested_branch_dag.py
[2025-09-19T04:13:02.556+0000] {logging_mixin.py:188} INFO - [2025-09-19T04:13:02.555+0000] {dag.py:3036} INFO - Sync 1 DAGs
[2025-09-19T04:13:02.628+0000] {logging_mixin.py:188} INFO - [2025-09-19T04:13:02.627+0000] {dag.py:3823} INFO - Setting next_dagrun for example_nested_branch_dag to 2025-09-18 00:00:00+00:00, run_after=2025-09-19 00:00:00+00:00
[2025-09-19T04:13:02.706+0000] {processor.py:183} INFO - Processing /home/airflow/.local/lib/python3.8/site-packages/airflow/example_dags/example_nested_branch_dag.py took 0.258 seconds
[2025-09-19T04:13:32.868+0000] {processor.py:161} INFO - Started process (PID=796) to work on /home/airflow/.local/lib/python3.8/site-packages/airflow/example_dags/example_nested_branch_dag.py
[2025-09-19T04:13:32.871+0000] {processor.py:830} INFO - Processing file /home/airflow/.local/lib/python3.8/site-packages/airflow/example_dags/example_nested_branch_dag.py for tasks to queue
[2025-09-19T04:13:32.876+0000] {logging_mixin.py:188} INFO - [2025-09-19T04:13:32.875+0000] {dagbag.py:538} INFO - Filling up the DagBag from /home/airflow/.local/lib/python3.8/site-packages/airflow/example_dags/example_nested_branch_dag.py
[2025-09-19T04:13:32.904+0000] {processor.py:840} INFO - DAG(s) 'example_nested_branch_dag' retrieved from /home/airflow/.local/lib/python3.8/site-packages/airflow/example_dags/example_nested_branch_dag.py
[2025-09-19T04:13:32.952+0000] {logging_mixin.py:188} INFO - [2025-09-19T04:13:32.951+0000] {dag.py:3036} INFO - Sync 1 DAGs
[2025-09-19T04:13:33.005+0000] {logging_mixin.py:188} INFO - [2025-09-19T04:13:33.005+0000] {dag.py:3823} INFO - Setting next_dagrun for example_nested_branch_dag to 2025-09-18 00:00:00+00:00, run_after=2025-09-19 00:00:00+00:00
[2025-09-19T04:13:33.046+0000] {processor.py:183} INFO - Processing /home/airflow/.local/lib/python3.8/site-packages/airflow/example_dags/example_nested_branch_dag.py took 0.186 seconds
[2025-09-19T04:14:03.347+0000] {processor.py:161} INFO - Started process (PID=851) to work on /home/airflow/.local/lib/python3.8/site-packages/airflow/example_dags/example_nested_branch_dag.py
[2025-09-19T04:14:03.348+0000] {processor.py:830} INFO - Processing file /home/airflow/.local/lib/python3.8/site-packages/airflow/example_dags/example_nested_branch_dag.py for tasks to queue
[2025-09-19T04:14:03.352+0000] {logging_mixin.py:188} INFO - [2025-09-19T04:14:03.351+0000] {dagbag.py:538} INFO - Filling up the DagBag from /home/airflow/.local/lib/python3.8/site-packages/airflow/example_dags/example_nested_branch_dag.py
[2025-09-19T04:14:03.370+0000] {processor.py:840} INFO - DAG(s) 'example_nested_branch_dag' retrieved from /home/airflow/.local/lib/python3.8/site-packages/airflow/example_dags/example_nested_branch_dag.py
[2025-09-19T04:14:03.409+0000] {logging_mixin.py:188} INFO - [2025-09-19T04:14:03.408+0000] {dag.py:3036} INFO - Sync 1 DAGs
[2025-09-19T04:14:03.450+0000] {logging_mixin.py:188} INFO - [2025-09-19T04:14:03.450+0000] {dag.py:3823} INFO - Setting next_dagrun for example_nested_branch_dag to 2025-09-18 00:00:00+00:00, run_after=2025-09-19 00:00:00+00:00
[2025-09-19T04:14:03.484+0000] {processor.py:183} INFO - Processing /home/airflow/.local/lib/python3.8/site-packages/airflow/example_dags/example_nested_branch_dag.py took 0.143 seconds
[2025-09-19T04:14:33.781+0000] {processor.py:161} INFO - Started process (PID=906) to work on /home/airflow/.local/lib/python3.8/site-packages/airflow/example_dags/example_nested_branch_dag.py
[2025-09-19T04:14:33.783+0000] {processor.py:830} INFO - Processing file /home/airflow/.local/lib/python3.8/site-packages/airflow/example_dags/example_nested_branch_dag.py for tasks to queue
[2025-09-19T04:14:33.787+0000] {logging_mixin.py:188} INFO - [2025-09-19T04:14:33.786+0000] {dagbag.py:538} INFO - Filling up the DagBag from /home/airflow/.local/lib/python3.8/site-packages/airflow/example_dags/example_nested_branch_dag.py
[2025-09-19T04:14:33.805+0000] {processor.py:840} INFO - DAG(s) 'example_nested_branch_dag' retrieved from /home/airflow/.local/lib/python3.8/site-packages/airflow/example_dags/example_nested_branch_dag.py
[2025-09-19T04:14:33.845+0000] {logging_mixin.py:188} INFO - [2025-09-19T04:14:33.845+0000] {dag.py:3036} INFO - Sync 1 DAGs
[2025-09-19T04:14:33.896+0000] {logging_mixin.py:188} INFO - [2025-09-19T04:14:33.895+0000] {dag.py:3823} INFO - Setting next_dagrun for example_nested_branch_dag to 2025-09-18 00:00:00+00:00, run_after=2025-09-19 00:00:00+00:00
[2025-09-19T04:14:33.935+0000] {processor.py:183} INFO - Processing /home/airflow/.local/lib/python3.8/site-packages/airflow/example_dags/example_nested_branch_dag.py took 0.160 seconds
[2025-09-19T04:15:04.609+0000] {processor.py:161} INFO - Started process (PID=961) to work on /home/airflow/.local/lib/python3.8/site-packages/airflow/example_dags/example_nested_branch_dag.py
[2025-09-19T04:15:04.612+0000] {processor.py:830} INFO - Processing file /home/airflow/.local/lib/python3.8/site-packages/airflow/example_dags/example_nested_branch_dag.py for tasks to queue
[2025-09-19T04:15:04.615+0000] {logging_mixin.py:188} INFO - [2025-09-19T04:15:04.614+0000] {dagbag.py:538} INFO - Filling up the DagBag from /home/airflow/.local/lib/python3.8/site-packages/airflow/example_dags/example_nested_branch_dag.py
[2025-09-19T04:15:04.638+0000] {processor.py:840} INFO - DAG(s) 'example_nested_branch_dag' retrieved from /home/airflow/.local/lib/python3.8/site-packages/airflow/example_dags/example_nested_branch_dag.py
[2025-09-19T04:15:04.680+0000] {logging_mixin.py:188} INFO - [2025-09-19T04:15:04.679+0000] {dag.py:3036} INFO - Sync 1 DAGs
[2025-09-19T04:15:04.730+0000] {logging_mixin.py:188} INFO - [2025-09-19T04:15:04.729+0000] {dag.py:3823} INFO - Setting next_dagrun for example_nested_branch_dag to 2025-09-18 00:00:00+00:00, run_after=2025-09-19 00:00:00+00:00
[2025-09-19T04:15:04.766+0000] {processor.py:183} INFO - Processing /home/airflow/.local/lib/python3.8/site-packages/airflow/example_dags/example_nested_branch_dag.py took 0.163 seconds
[2025-09-19T04:15:34.984+0000] {processor.py:161} INFO - Started process (PID=1016) to work on /home/airflow/.local/lib/python3.8/site-packages/airflow/example_dags/example_nested_branch_dag.py
[2025-09-19T04:15:34.986+0000] {processor.py:830} INFO - Processing file /home/airflow/.local/lib/python3.8/site-packages/airflow/example_dags/example_nested_branch_dag.py for tasks to queue
[2025-09-19T04:15:34.990+0000] {logging_mixin.py:188} INFO - [2025-09-19T04:15:34.989+0000] {dagbag.py:538} INFO - Filling up the DagBag from /home/airflow/.local/lib/python3.8/site-packages/airflow/example_dags/example_nested_branch_dag.py
[2025-09-19T04:15:35.009+0000] {processor.py:840} INFO - DAG(s) 'example_nested_branch_dag' retrieved from /home/airflow/.local/lib/python3.8/site-packages/airflow/example_dags/example_nested_branch_dag.py
[2025-09-19T04:15:35.055+0000] {logging_mixin.py:188} INFO - [2025-09-19T04:15:35.055+0000] {dag.py:3036} INFO - Sync 1 DAGs
[2025-09-19T04:15:35.105+0000] {logging_mixin.py:188} INFO - [2025-09-19T04:15:35.104+0000] {dag.py:3823} INFO - Setting next_dagrun for example_nested_branch_dag to 2025-09-18 00:00:00+00:00, run_after=2025-09-19 00:00:00+00:00
[2025-09-19T04:15:35.141+0000] {processor.py:183} INFO - Processing /home/airflow/.local/lib/python3.8/site-packages/airflow/example_dags/example_nested_branch_dag.py took 0.164 seconds
[2025-09-19T04:16:05.452+0000] {processor.py:161} INFO - Started process (PID=1071) to work on /home/airflow/.local/lib/python3.8/site-packages/airflow/example_dags/example_nested_branch_dag.py
[2025-09-19T04:16:05.454+0000] {processor.py:830} INFO - Processing file /home/airflow/.local/lib/python3.8/site-packages/airflow/example_dags/example_nested_branch_dag.py for tasks to queue
[2025-09-19T04:16:05.458+0000] {logging_mixin.py:188} INFO - [2025-09-19T04:16:05.457+0000] {dagbag.py:538} INFO - Filling up the DagBag from /home/airflow/.local/lib/python3.8/site-packages/airflow/example_dags/example_nested_branch_dag.py
[2025-09-19T04:16:05.475+0000] {processor.py:840} INFO - DAG(s) 'example_nested_branch_dag' retrieved from /home/airflow/.local/lib/python3.8/site-packages/airflow/example_dags/example_nested_branch_dag.py
[2025-09-19T04:16:05.513+0000] {logging_mixin.py:188} INFO - [2025-09-19T04:16:05.513+0000] {dag.py:3036} INFO - Sync 1 DAGs
[2025-09-19T04:16:05.554+0000] {logging_mixin.py:188} INFO - [2025-09-19T04:16:05.553+0000] {dag.py:3823} INFO - Setting next_dagrun for example_nested_branch_dag to 2025-09-18 00:00:00+00:00, run_after=2025-09-19 00:00:00+00:00
[2025-09-19T04:16:05.589+0000] {processor.py:183} INFO - Processing /home/airflow/.local/lib/python3.8/site-packages/airflow/example_dags/example_nested_branch_dag.py took 0.142 seconds
[2025-09-19T04:16:36.054+0000] {processor.py:161} INFO - Started process (PID=1126) to work on /home/airflow/.local/lib/python3.8/site-packages/airflow/example_dags/example_nested_branch_dag.py
[2025-09-19T04:16:36.056+0000] {processor.py:830} INFO - Processing file /home/airflow/.local/lib/python3.8/site-packages/airflow/example_dags/example_nested_branch_dag.py for tasks to queue
[2025-09-19T04:16:36.059+0000] {logging_mixin.py:188} INFO - [2025-09-19T04:16:36.059+0000] {dagbag.py:538} INFO - Filling up the DagBag from /home/airflow/.local/lib/python3.8/site-packages/airflow/example_dags/example_nested_branch_dag.py
[2025-09-19T04:16:36.078+0000] {processor.py:840} INFO - DAG(s) 'example_nested_branch_dag' retrieved from /home/airflow/.local/lib/python3.8/site-packages/airflow/example_dags/example_nested_branch_dag.py
[2025-09-19T04:16:36.117+0000] {logging_mixin.py:188} INFO - [2025-09-19T04:16:36.116+0000] {dag.py:3036} INFO - Sync 1 DAGs
[2025-09-19T04:16:36.157+0000] {logging_mixin.py:188} INFO - [2025-09-19T04:16:36.157+0000] {dag.py:3823} INFO - Setting next_dagrun for example_nested_branch_dag to 2025-09-18 00:00:00+00:00, run_after=2025-09-19 00:00:00+00:00
[2025-09-19T04:16:36.192+0000] {processor.py:183} INFO - Processing /home/airflow/.local/lib/python3.8/site-packages/airflow/example_dags/example_nested_branch_dag.py took 0.144 seconds
[2025-09-19T04:17:06.633+0000] {processor.py:161} INFO - Started process (PID=1181) to work on /home/airflow/.local/lib/python3.8/site-packages/airflow/example_dags/example_nested_branch_dag.py
[2025-09-19T04:17:06.635+0000] {processor.py:830} INFO - Processing file /home/airflow/.local/lib/python3.8/site-packages/airflow/example_dags/example_nested_branch_dag.py for tasks to queue
[2025-09-19T04:17:06.638+0000] {logging_mixin.py:188} INFO - [2025-09-19T04:17:06.637+0000] {dagbag.py:538} INFO - Filling up the DagBag from /home/airflow/.local/lib/python3.8/site-packages/airflow/example_dags/example_nested_branch_dag.py
[2025-09-19T04:17:06.656+0000] {processor.py:840} INFO - DAG(s) 'example_nested_branch_dag' retrieved from /home/airflow/.local/lib/python3.8/site-packages/airflow/example_dags/example_nested_branch_dag.py
[2025-09-19T04:17:06.695+0000] {logging_mixin.py:188} INFO - [2025-09-19T04:17:06.695+0000] {dag.py:3036} INFO - Sync 1 DAGs
[2025-09-19T04:17:06.750+0000] {logging_mixin.py:188} INFO - [2025-09-19T04:17:06.749+0000] {dag.py:3823} INFO - Setting next_dagrun for example_nested_branch_dag to 2025-09-18 00:00:00+00:00, run_after=2025-09-19 00:00:00+00:00
[2025-09-19T04:17:06.791+0000] {processor.py:183} INFO - Processing /home/airflow/.local/lib/python3.8/site-packages/airflow/example_dags/example_nested_branch_dag.py took 0.164 seconds
[2025-09-19T04:17:37.268+0000] {processor.py:161} INFO - Started process (PID=1236) to work on /home/airflow/.local/lib/python3.8/site-packages/airflow/example_dags/example_nested_branch_dag.py
[2025-09-19T04:17:37.270+0000] {processor.py:830} INFO - Processing file /home/airflow/.local/lib/python3.8/site-packages/airflow/example_dags/example_nested_branch_dag.py for tasks to queue
[2025-09-19T04:17:37.273+0000] {logging_mixin.py:188} INFO - [2025-09-19T04:17:37.273+0000] {dagbag.py:538} INFO - Filling up the DagBag from /home/airflow/.local/lib/python3.8/site-packages/airflow/example_dags/example_nested_branch_dag.py
[2025-09-19T04:17:37.292+0000] {processor.py:840} INFO - DAG(s) 'example_nested_branch_dag' retrieved from /home/airflow/.local/lib/python3.8/site-packages/airflow/example_dags/example_nested_branch_dag.py
[2025-09-19T04:17:37.331+0000] {logging_mixin.py:188} INFO - [2025-09-19T04:17:37.331+0000] {dag.py:3036} INFO - Sync 1 DAGs
[2025-09-19T04:17:37.372+0000] {logging_mixin.py:188} INFO - [2025-09-19T04:17:37.372+0000] {dag.py:3823} INFO - Setting next_dagrun for example_nested_branch_dag to 2025-09-18 00:00:00+00:00, run_after=2025-09-19 00:00:00+00:00
[2025-09-19T04:17:37.409+0000] {processor.py:183} INFO - Processing /home/airflow/.local/lib/python3.8/site-packages/airflow/example_dags/example_nested_branch_dag.py took 0.146 seconds
[2025-09-19T04:18:07.625+0000] {processor.py:161} INFO - Started process (PID=1291) to work on /home/airflow/.local/lib/python3.8/site-packages/airflow/example_dags/example_nested_branch_dag.py
[2025-09-19T04:18:07.627+0000] {processor.py:830} INFO - Processing file /home/airflow/.local/lib/python3.8/site-packages/airflow/example_dags/example_nested_branch_dag.py for tasks to queue
[2025-09-19T04:18:07.631+0000] {logging_mixin.py:188} INFO - [2025-09-19T04:18:07.630+0000] {dagbag.py:538} INFO - Filling up the DagBag from /home/airflow/.local/lib/python3.8/site-packages/airflow/example_dags/example_nested_branch_dag.py
[2025-09-19T04:18:07.648+0000] {processor.py:840} INFO - DAG(s) 'example_nested_branch_dag' retrieved from /home/airflow/.local/lib/python3.8/site-packages/airflow/example_dags/example_nested_branch_dag.py
[2025-09-19T04:18:07.687+0000] {logging_mixin.py:188} INFO - [2025-09-19T04:18:07.687+0000] {dag.py:3036} INFO - Sync 1 DAGs
[2025-09-19T04:18:07.728+0000] {logging_mixin.py:188} INFO - [2025-09-19T04:18:07.728+0000] {dag.py:3823} INFO - Setting next_dagrun for example_nested_branch_dag to 2025-09-18 00:00:00+00:00, run_after=2025-09-19 00:00:00+00:00
[2025-09-19T04:18:07.763+0000] {processor.py:183} INFO - Processing /home/airflow/.local/lib/python3.8/site-packages/airflow/example_dags/example_nested_branch_dag.py took 0.143 seconds
[2025-09-19T04:18:38.425+0000] {processor.py:161} INFO - Started process (PID=1346) to work on /home/airflow/.local/lib/python3.8/site-packages/airflow/example_dags/example_nested_branch_dag.py
[2025-09-19T04:18:38.427+0000] {processor.py:830} INFO - Processing file /home/airflow/.local/lib/python3.8/site-packages/airflow/example_dags/example_nested_branch_dag.py for tasks to queue
[2025-09-19T04:18:38.431+0000] {logging_mixin.py:188} INFO - [2025-09-19T04:18:38.430+0000] {dagbag.py:538} INFO - Filling up the DagBag from /home/airflow/.local/lib/python3.8/site-packages/airflow/example_dags/example_nested_branch_dag.py
[2025-09-19T04:18:38.449+0000] {processor.py:840} INFO - DAG(s) 'example_nested_branch_dag' retrieved from /home/airflow/.local/lib/python3.8/site-packages/airflow/example_dags/example_nested_branch_dag.py
[2025-09-19T04:18:38.487+0000] {logging_mixin.py:188} INFO - [2025-09-19T04:18:38.487+0000] {dag.py:3036} INFO - Sync 1 DAGs
[2025-09-19T04:18:38.530+0000] {logging_mixin.py:188} INFO - [2025-09-19T04:18:38.529+0000] {dag.py:3823} INFO - Setting next_dagrun for example_nested_branch_dag to 2025-09-18 00:00:00+00:00, run_after=2025-09-19 00:00:00+00:00
[2025-09-19T04:18:38.564+0000] {processor.py:183} INFO - Processing /home/airflow/.local/lib/python3.8/site-packages/airflow/example_dags/example_nested_branch_dag.py took 0.144 seconds
[2025-09-19T04:19:08.779+0000] {processor.py:161} INFO - Started process (PID=1401) to work on /home/airflow/.local/lib/python3.8/site-packages/airflow/example_dags/example_nested_branch_dag.py
[2025-09-19T04:19:08.781+0000] {processor.py:830} INFO - Processing file /home/airflow/.local/lib/python3.8/site-packages/airflow/example_dags/example_nested_branch_dag.py for tasks to queue
[2025-09-19T04:19:08.784+0000] {logging_mixin.py:188} INFO - [2025-09-19T04:19:08.784+0000] {dagbag.py:538} INFO - Filling up the DagBag from /home/airflow/.local/lib/python3.8/site-packages/airflow/example_dags/example_nested_branch_dag.py
[2025-09-19T04:19:08.803+0000] {processor.py:840} INFO - DAG(s) 'example_nested_branch_dag' retrieved from /home/airflow/.local/lib/python3.8/site-packages/airflow/example_dags/example_nested_branch_dag.py
[2025-09-19T04:19:08.842+0000] {logging_mixin.py:188} INFO - [2025-09-19T04:19:08.842+0000] {dag.py:3036} INFO - Sync 1 DAGs
[2025-09-19T04:19:08.883+0000] {logging_mixin.py:188} INFO - [2025-09-19T04:19:08.883+0000] {dag.py:3823} INFO - Setting next_dagrun for example_nested_branch_dag to 2025-09-18 00:00:00+00:00, run_after=2025-09-19 00:00:00+00:00
[2025-09-19T04:19:08.919+0000] {processor.py:183} INFO - Processing /home/airflow/.local/lib/python3.8/site-packages/airflow/example_dags/example_nested_branch_dag.py took 0.146 seconds
[2025-09-19T04:19:39.204+0000] {processor.py:161} INFO - Started process (PID=1456) to work on /home/airflow/.local/lib/python3.8/site-packages/airflow/example_dags/example_nested_branch_dag.py
[2025-09-19T04:19:39.206+0000] {processor.py:830} INFO - Processing file /home/airflow/.local/lib/python3.8/site-packages/airflow/example_dags/example_nested_branch_dag.py for tasks to queue
[2025-09-19T04:19:39.209+0000] {logging_mixin.py:188} INFO - [2025-09-19T04:19:39.209+0000] {dagbag.py:538} INFO - Filling up the DagBag from /home/airflow/.local/lib/python3.8/site-packages/airflow/example_dags/example_nested_branch_dag.py
[2025-09-19T04:19:39.227+0000] {processor.py:840} INFO - DAG(s) 'example_nested_branch_dag' retrieved from /home/airflow/.local/lib/python3.8/site-packages/airflow/example_dags/example_nested_branch_dag.py
[2025-09-19T04:19:39.266+0000] {logging_mixin.py:188} INFO - [2025-09-19T04:19:39.265+0000] {dag.py:3036} INFO - Sync 1 DAGs
[2025-09-19T04:19:39.311+0000] {logging_mixin.py:188} INFO - [2025-09-19T04:19:39.311+0000] {dag.py:3823} INFO - Setting next_dagrun for example_nested_branch_dag to 2025-09-18 00:00:00+00:00, run_after=2025-09-19 00:00:00+00:00
[2025-09-19T04:19:39.348+0000] {processor.py:183} INFO - Processing /home/airflow/.local/lib/python3.8/site-packages/airflow/example_dags/example_nested_branch_dag.py took 0.149 seconds
[2025-09-19T04:20:10.063+0000] {processor.py:161} INFO - Started process (PID=1511) to work on /home/airflow/.local/lib/python3.8/site-packages/airflow/example_dags/example_nested_branch_dag.py
[2025-09-19T04:20:10.065+0000] {processor.py:830} INFO - Processing file /home/airflow/.local/lib/python3.8/site-packages/airflow/example_dags/example_nested_branch_dag.py for tasks to queue
[2025-09-19T04:20:10.069+0000] {logging_mixin.py:188} INFO - [2025-09-19T04:20:10.068+0000] {dagbag.py:538} INFO - Filling up the DagBag from /home/airflow/.local/lib/python3.8/site-packages/airflow/example_dags/example_nested_branch_dag.py
[2025-09-19T04:20:10.088+0000] {processor.py:840} INFO - DAG(s) 'example_nested_branch_dag' retrieved from /home/airflow/.local/lib/python3.8/site-packages/airflow/example_dags/example_nested_branch_dag.py
[2025-09-19T04:20:10.127+0000] {logging_mixin.py:188} INFO - [2025-09-19T04:20:10.127+0000] {dag.py:3036} INFO - Sync 1 DAGs
[2025-09-19T04:20:10.168+0000] {logging_mixin.py:188} INFO - [2025-09-19T04:20:10.168+0000] {dag.py:3823} INFO - Setting next_dagrun for example_nested_branch_dag to 2025-09-18 00:00:00+00:00, run_after=2025-09-19 00:00:00+00:00
[2025-09-19T04:20:10.205+0000] {processor.py:183} INFO - Processing /home/airflow/.local/lib/python3.8/site-packages/airflow/example_dags/example_nested_branch_dag.py took 0.148 seconds
[2025-09-19T04:20:40.447+0000] {processor.py:161} INFO - Started process (PID=1566) to work on /home/airflow/.local/lib/python3.8/site-packages/airflow/example_dags/example_nested_branch_dag.py
[2025-09-19T04:20:40.449+0000] {processor.py:830} INFO - Processing file /home/airflow/.local/lib/python3.8/site-packages/airflow/example_dags/example_nested_branch_dag.py for tasks to queue
[2025-09-19T04:20:40.453+0000] {logging_mixin.py:188} INFO - [2025-09-19T04:20:40.453+0000] {dagbag.py:538} INFO - Filling up the DagBag from /home/airflow/.local/lib/python3.8/site-packages/airflow/example_dags/example_nested_branch_dag.py
[2025-09-19T04:20:40.472+0000] {processor.py:840} INFO - DAG(s) 'example_nested_branch_dag' retrieved from /home/airflow/.local/lib/python3.8/site-packages/airflow/example_dags/example_nested_branch_dag.py
[2025-09-19T04:20:40.517+0000] {logging_mixin.py:188} INFO - [2025-09-19T04:20:40.517+0000] {dag.py:3036} INFO - Sync 1 DAGs
[2025-09-19T04:20:40.565+0000] {logging_mixin.py:188} INFO - [2025-09-19T04:20:40.565+0000] {dag.py:3823} INFO - Setting next_dagrun for example_nested_branch_dag to 2025-09-18 00:00:00+00:00, run_after=2025-09-19 00:00:00+00:00
[2025-09-19T04:20:40.602+0000] {processor.py:183} INFO - Processing /home/airflow/.local/lib/python3.8/site-packages/airflow/example_dags/example_nested_branch_dag.py took 0.161 seconds
[2025-09-19T04:21:11.031+0000] {processor.py:161} INFO - Started process (PID=1621) to work on /home/airflow/.local/lib/python3.8/site-packages/airflow/example_dags/example_nested_branch_dag.py
[2025-09-19T04:21:11.033+0000] {processor.py:830} INFO - Processing file /home/airflow/.local/lib/python3.8/site-packages/airflow/example_dags/example_nested_branch_dag.py for tasks to queue
[2025-09-19T04:21:11.038+0000] {logging_mixin.py:188} INFO - [2025-09-19T04:21:11.037+0000] {dagbag.py:538} INFO - Filling up the DagBag from /home/airflow/.local/lib/python3.8/site-packages/airflow/example_dags/example_nested_branch_dag.py
[2025-09-19T04:21:11.067+0000] {processor.py:840} INFO - DAG(s) 'example_nested_branch_dag' retrieved from /home/airflow/.local/lib/python3.8/site-packages/airflow/example_dags/example_nested_branch_dag.py
[2025-09-19T04:21:11.112+0000] {logging_mixin.py:188} INFO - [2025-09-19T04:21:11.111+0000] {dag.py:3036} INFO - Sync 1 DAGs
[2025-09-19T04:21:11.155+0000] {logging_mixin.py:188} INFO - [2025-09-19T04:21:11.154+0000] {dag.py:3823} INFO - Setting next_dagrun for example_nested_branch_dag to 2025-09-18 00:00:00+00:00, run_after=2025-09-19 00:00:00+00:00
[2025-09-19T04:21:11.192+0000] {processor.py:183} INFO - Processing /home/airflow/.local/lib/python3.8/site-packages/airflow/example_dags/example_nested_branch_dag.py took 0.170 seconds
[2025-09-19T04:21:41.359+0000] {processor.py:161} INFO - Started process (PID=1676) to work on /home/airflow/.local/lib/python3.8/site-packages/airflow/example_dags/example_nested_branch_dag.py
[2025-09-19T04:21:41.362+0000] {processor.py:830} INFO - Processing file /home/airflow/.local/lib/python3.8/site-packages/airflow/example_dags/example_nested_branch_dag.py for tasks to queue
[2025-09-19T04:21:41.366+0000] {logging_mixin.py:188} INFO - [2025-09-19T04:21:41.365+0000] {dagbag.py:538} INFO - Filling up the DagBag from /home/airflow/.local/lib/python3.8/site-packages/airflow/example_dags/example_nested_branch_dag.py
[2025-09-19T04:21:41.384+0000] {processor.py:840} INFO - DAG(s) 'example_nested_branch_dag' retrieved from /home/airflow/.local/lib/python3.8/site-packages/airflow/example_dags/example_nested_branch_dag.py
[2025-09-19T04:21:41.421+0000] {logging_mixin.py:188} INFO - [2025-09-19T04:21:41.421+0000] {dag.py:3036} INFO - Sync 1 DAGs
[2025-09-19T04:21:41.464+0000] {logging_mixin.py:188} INFO - [2025-09-19T04:21:41.464+0000] {dag.py:3823} INFO - Setting next_dagrun for example_nested_branch_dag to 2025-09-18 00:00:00+00:00, run_after=2025-09-19 00:00:00+00:00
[2025-09-19T04:21:41.499+0000] {processor.py:183} INFO - Processing /home/airflow/.local/lib/python3.8/site-packages/airflow/example_dags/example_nested_branch_dag.py took 0.148 seconds
[2025-09-19T04:22:11.659+0000] {processor.py:161} INFO - Started process (PID=1731) to work on /home/airflow/.local/lib/python3.8/site-packages/airflow/example_dags/example_nested_branch_dag.py
[2025-09-19T04:22:11.661+0000] {processor.py:830} INFO - Processing file /home/airflow/.local/lib/python3.8/site-packages/airflow/example_dags/example_nested_branch_dag.py for tasks to queue
[2025-09-19T04:22:11.664+0000] {logging_mixin.py:188} INFO - [2025-09-19T04:22:11.664+0000] {dagbag.py:538} INFO - Filling up the DagBag from /home/airflow/.local/lib/python3.8/site-packages/airflow/example_dags/example_nested_branch_dag.py
[2025-09-19T04:22:11.682+0000] {processor.py:840} INFO - DAG(s) 'example_nested_branch_dag' retrieved from /home/airflow/.local/lib/python3.8/site-packages/airflow/example_dags/example_nested_branch_dag.py
[2025-09-19T04:22:11.732+0000] {logging_mixin.py:188} INFO - [2025-09-19T04:22:11.731+0000] {dag.py:3036} INFO - Sync 1 DAGs
[2025-09-19T04:22:11.778+0000] {logging_mixin.py:188} INFO - [2025-09-19T04:22:11.777+0000] {dag.py:3823} INFO - Setting next_dagrun for example_nested_branch_dag to 2025-09-18 00:00:00+00:00, run_after=2025-09-19 00:00:00+00:00
[2025-09-19T04:22:11.817+0000] {processor.py:183} INFO - Processing /home/airflow/.local/lib/python3.8/site-packages/airflow/example_dags/example_nested_branch_dag.py took 0.164 seconds
[2025-09-19T04:22:42.452+0000] {processor.py:161} INFO - Started process (PID=1784) to work on /home/airflow/.local/lib/python3.8/site-packages/airflow/example_dags/example_nested_branch_dag.py
[2025-09-19T04:22:42.454+0000] {processor.py:830} INFO - Processing file /home/airflow/.local/lib/python3.8/site-packages/airflow/example_dags/example_nested_branch_dag.py for tasks to queue
[2025-09-19T04:22:42.458+0000] {logging_mixin.py:188} INFO - [2025-09-19T04:22:42.458+0000] {dagbag.py:538} INFO - Filling up the DagBag from /home/airflow/.local/lib/python3.8/site-packages/airflow/example_dags/example_nested_branch_dag.py
[2025-09-19T04:22:42.476+0000] {processor.py:840} INFO - DAG(s) 'example_nested_branch_dag' retrieved from /home/airflow/.local/lib/python3.8/site-packages/airflow/example_dags/example_nested_branch_dag.py
[2025-09-19T04:22:42.515+0000] {logging_mixin.py:188} INFO - [2025-09-19T04:22:42.514+0000] {dag.py:3036} INFO - Sync 1 DAGs
[2025-09-19T04:22:42.558+0000] {logging_mixin.py:188} INFO - [2025-09-19T04:22:42.557+0000] {dag.py:3823} INFO - Setting next_dagrun for example_nested_branch_dag to 2025-09-18 00:00:00+00:00, run_after=2025-09-19 00:00:00+00:00
[2025-09-19T04:22:42.598+0000] {processor.py:183} INFO - Processing /home/airflow/.local/lib/python3.8/site-packages/airflow/example_dags/example_nested_branch_dag.py took 0.151 seconds
[2025-09-19T04:23:12.887+0000] {processor.py:161} INFO - Started process (PID=1839) to work on /home/airflow/.local/lib/python3.8/site-packages/airflow/example_dags/example_nested_branch_dag.py
[2025-09-19T04:23:12.890+0000] {processor.py:830} INFO - Processing file /home/airflow/.local/lib/python3.8/site-packages/airflow/example_dags/example_nested_branch_dag.py for tasks to queue
[2025-09-19T04:23:12.893+0000] {logging_mixin.py:188} INFO - [2025-09-19T04:23:12.892+0000] {dagbag.py:538} INFO - Filling up the DagBag from /home/airflow/.local/lib/python3.8/site-packages/airflow/example_dags/example_nested_branch_dag.py
[2025-09-19T04:23:12.914+0000] {processor.py:840} INFO - DAG(s) 'example_nested_branch_dag' retrieved from /home/airflow/.local/lib/python3.8/site-packages/airflow/example_dags/example_nested_branch_dag.py
[2025-09-19T04:23:12.963+0000] {logging_mixin.py:188} INFO - [2025-09-19T04:23:12.962+0000] {dag.py:3036} INFO - Sync 1 DAGs
[2025-09-19T04:23:13.015+0000] {logging_mixin.py:188} INFO - [2025-09-19T04:23:13.014+0000] {dag.py:3823} INFO - Setting next_dagrun for example_nested_branch_dag to 2025-09-18 00:00:00+00:00, run_after=2025-09-19 00:00:00+00:00
[2025-09-19T04:23:13.050+0000] {processor.py:183} INFO - Processing /home/airflow/.local/lib/python3.8/site-packages/airflow/example_dags/example_nested_branch_dag.py took 0.168 seconds
[2025-09-19T04:23:43.320+0000] {processor.py:161} INFO - Started process (PID=1894) to work on /home/airflow/.local/lib/python3.8/site-packages/airflow/example_dags/example_nested_branch_dag.py
[2025-09-19T04:23:43.322+0000] {processor.py:830} INFO - Processing file /home/airflow/.local/lib/python3.8/site-packages/airflow/example_dags/example_nested_branch_dag.py for tasks to queue
[2025-09-19T04:23:43.326+0000] {logging_mixin.py:188} INFO - [2025-09-19T04:23:43.325+0000] {dagbag.py:538} INFO - Filling up the DagBag from /home/airflow/.local/lib/python3.8/site-packages/airflow/example_dags/example_nested_branch_dag.py
[2025-09-19T04:23:43.344+0000] {processor.py:840} INFO - DAG(s) 'example_nested_branch_dag' retrieved from /home/airflow/.local/lib/python3.8/site-packages/airflow/example_dags/example_nested_branch_dag.py
[2025-09-19T04:23:43.394+0000] {logging_mixin.py:188} INFO - [2025-09-19T04:23:43.393+0000] {dag.py:3036} INFO - Sync 1 DAGs
[2025-09-19T04:23:43.435+0000] {logging_mixin.py:188} INFO - [2025-09-19T04:23:43.434+0000] {dag.py:3823} INFO - Setting next_dagrun for example_nested_branch_dag to 2025-09-18 00:00:00+00:00, run_after=2025-09-19 00:00:00+00:00
[2025-09-19T04:23:43.469+0000] {processor.py:183} INFO - Processing /home/airflow/.local/lib/python3.8/site-packages/airflow/example_dags/example_nested_branch_dag.py took 0.155 seconds
[2025-09-19T04:24:13.864+0000] {processor.py:161} INFO - Started process (PID=1949) to work on /home/airflow/.local/lib/python3.8/site-packages/airflow/example_dags/example_nested_branch_dag.py
[2025-09-19T04:24:13.866+0000] {processor.py:830} INFO - Processing file /home/airflow/.local/lib/python3.8/site-packages/airflow/example_dags/example_nested_branch_dag.py for tasks to queue
[2025-09-19T04:24:13.871+0000] {logging_mixin.py:188} INFO - [2025-09-19T04:24:13.870+0000] {dagbag.py:538} INFO - Filling up the DagBag from /home/airflow/.local/lib/python3.8/site-packages/airflow/example_dags/example_nested_branch_dag.py
[2025-09-19T04:24:13.889+0000] {processor.py:840} INFO - DAG(s) 'example_nested_branch_dag' retrieved from /home/airflow/.local/lib/python3.8/site-packages/airflow/example_dags/example_nested_branch_dag.py
[2025-09-19T04:24:13.932+0000] {logging_mixin.py:188} INFO - [2025-09-19T04:24:13.932+0000] {dag.py:3036} INFO - Sync 1 DAGs
[2025-09-19T04:24:13.977+0000] {logging_mixin.py:188} INFO - [2025-09-19T04:24:13.976+0000] {dag.py:3823} INFO - Setting next_dagrun for example_nested_branch_dag to 2025-09-18 00:00:00+00:00, run_after=2025-09-19 00:00:00+00:00
[2025-09-19T04:24:14.016+0000] {processor.py:183} INFO - Processing /home/airflow/.local/lib/python3.8/site-packages/airflow/example_dags/example_nested_branch_dag.py took 0.158 seconds
[2025-09-19T04:24:44.214+0000] {processor.py:161} INFO - Started process (PID=2005) to work on /home/airflow/.local/lib/python3.8/site-packages/airflow/example_dags/example_nested_branch_dag.py
[2025-09-19T04:24:44.216+0000] {processor.py:830} INFO - Processing file /home/airflow/.local/lib/python3.8/site-packages/airflow/example_dags/example_nested_branch_dag.py for tasks to queue
[2025-09-19T04:24:44.219+0000] {logging_mixin.py:188} INFO - [2025-09-19T04:24:44.219+0000] {dagbag.py:538} INFO - Filling up the DagBag from /home/airflow/.local/lib/python3.8/site-packages/airflow/example_dags/example_nested_branch_dag.py
[2025-09-19T04:24:44.237+0000] {processor.py:840} INFO - DAG(s) 'example_nested_branch_dag' retrieved from /home/airflow/.local/lib/python3.8/site-packages/airflow/example_dags/example_nested_branch_dag.py
[2025-09-19T04:24:44.283+0000] {logging_mixin.py:188} INFO - [2025-09-19T04:24:44.283+0000] {dag.py:3036} INFO - Sync 1 DAGs
[2025-09-19T04:24:44.325+0000] {logging_mixin.py:188} INFO - [2025-09-19T04:24:44.324+0000] {dag.py:3823} INFO - Setting next_dagrun for example_nested_branch_dag to 2025-09-18 00:00:00+00:00, run_after=2025-09-19 00:00:00+00:00
[2025-09-19T04:24:44.365+0000] {processor.py:183} INFO - Processing /home/airflow/.local/lib/python3.8/site-packages/airflow/example_dags/example_nested_branch_dag.py took 0.157 seconds
[2025-09-19T04:25:14.574+0000] {processor.py:161} INFO - Started process (PID=2060) to work on /home/airflow/.local/lib/python3.8/site-packages/airflow/example_dags/example_nested_branch_dag.py
[2025-09-19T04:25:14.576+0000] {processor.py:830} INFO - Processing file /home/airflow/.local/lib/python3.8/site-packages/airflow/example_dags/example_nested_branch_dag.py for tasks to queue
[2025-09-19T04:25:14.580+0000] {logging_mixin.py:188} INFO - [2025-09-19T04:25:14.579+0000] {dagbag.py:538} INFO - Filling up the DagBag from /home/airflow/.local/lib/python3.8/site-packages/airflow/example_dags/example_nested_branch_dag.py
[2025-09-19T04:25:14.603+0000] {processor.py:840} INFO - DAG(s) 'example_nested_branch_dag' retrieved from /home/airflow/.local/lib/python3.8/site-packages/airflow/example_dags/example_nested_branch_dag.py
[2025-09-19T04:25:14.644+0000] {logging_mixin.py:188} INFO - [2025-09-19T04:25:14.643+0000] {dag.py:3036} INFO - Sync 1 DAGs
[2025-09-19T04:25:14.690+0000] {logging_mixin.py:188} INFO - [2025-09-19T04:25:14.690+0000] {dag.py:3823} INFO - Setting next_dagrun for example_nested_branch_dag to 2025-09-18 00:00:00+00:00, run_after=2025-09-19 00:00:00+00:00
[2025-09-19T04:25:14.725+0000] {processor.py:183} INFO - Processing /home/airflow/.local/lib/python3.8/site-packages/airflow/example_dags/example_nested_branch_dag.py took 0.158 seconds
[2025-09-19T04:25:44.783+0000] {processor.py:161} INFO - Started process (PID=2115) to work on /home/airflow/.local/lib/python3.8/site-packages/airflow/example_dags/example_nested_branch_dag.py
[2025-09-19T04:25:44.785+0000] {processor.py:830} INFO - Processing file /home/airflow/.local/lib/python3.8/site-packages/airflow/example_dags/example_nested_branch_dag.py for tasks to queue
[2025-09-19T04:25:44.789+0000] {logging_mixin.py:188} INFO - [2025-09-19T04:25:44.788+0000] {dagbag.py:538} INFO - Filling up the DagBag from /home/airflow/.local/lib/python3.8/site-packages/airflow/example_dags/example_nested_branch_dag.py
[2025-09-19T04:25:44.810+0000] {processor.py:840} INFO - DAG(s) 'example_nested_branch_dag' retrieved from /home/airflow/.local/lib/python3.8/site-packages/airflow/example_dags/example_nested_branch_dag.py
[2025-09-19T04:25:44.847+0000] {logging_mixin.py:188} INFO - [2025-09-19T04:25:44.847+0000] {dag.py:3036} INFO - Sync 1 DAGs
[2025-09-19T04:25:44.891+0000] {logging_mixin.py:188} INFO - [2025-09-19T04:25:44.891+0000] {dag.py:3823} INFO - Setting next_dagrun for example_nested_branch_dag to 2025-09-18 00:00:00+00:00, run_after=2025-09-19 00:00:00+00:00
[2025-09-19T04:25:44.927+0000] {processor.py:183} INFO - Processing /home/airflow/.local/lib/python3.8/site-packages/airflow/example_dags/example_nested_branch_dag.py took 0.151 seconds
[2025-09-19T04:26:15.222+0000] {processor.py:161} INFO - Started process (PID=2170) to work on /home/airflow/.local/lib/python3.8/site-packages/airflow/example_dags/example_nested_branch_dag.py
[2025-09-19T04:26:15.224+0000] {processor.py:830} INFO - Processing file /home/airflow/.local/lib/python3.8/site-packages/airflow/example_dags/example_nested_branch_dag.py for tasks to queue
[2025-09-19T04:26:15.227+0000] {logging_mixin.py:188} INFO - [2025-09-19T04:26:15.227+0000] {dagbag.py:538} INFO - Filling up the DagBag from /home/airflow/.local/lib/python3.8/site-packages/airflow/example_dags/example_nested_branch_dag.py
[2025-09-19T04:26:15.246+0000] {processor.py:840} INFO - DAG(s) 'example_nested_branch_dag' retrieved from /home/airflow/.local/lib/python3.8/site-packages/airflow/example_dags/example_nested_branch_dag.py
[2025-09-19T04:26:15.287+0000] {logging_mixin.py:188} INFO - [2025-09-19T04:26:15.286+0000] {dag.py:3036} INFO - Sync 1 DAGs
[2025-09-19T04:26:15.331+0000] {logging_mixin.py:188} INFO - [2025-09-19T04:26:15.330+0000] {dag.py:3823} INFO - Setting next_dagrun for example_nested_branch_dag to 2025-09-18 00:00:00+00:00, run_after=2025-09-19 00:00:00+00:00
[2025-09-19T04:26:15.375+0000] {processor.py:183} INFO - Processing /home/airflow/.local/lib/python3.8/site-packages/airflow/example_dags/example_nested_branch_dag.py took 0.159 seconds
[2025-09-19T04:26:45.954+0000] {processor.py:161} INFO - Started process (PID=2225) to work on /home/airflow/.local/lib/python3.8/site-packages/airflow/example_dags/example_nested_branch_dag.py
[2025-09-19T04:26:45.956+0000] {processor.py:830} INFO - Processing file /home/airflow/.local/lib/python3.8/site-packages/airflow/example_dags/example_nested_branch_dag.py for tasks to queue
[2025-09-19T04:26:45.960+0000] {logging_mixin.py:188} INFO - [2025-09-19T04:26:45.959+0000] {dagbag.py:538} INFO - Filling up the DagBag from /home/airflow/.local/lib/python3.8/site-packages/airflow/example_dags/example_nested_branch_dag.py
[2025-09-19T04:26:45.980+0000] {processor.py:840} INFO - DAG(s) 'example_nested_branch_dag' retrieved from /home/airflow/.local/lib/python3.8/site-packages/airflow/example_dags/example_nested_branch_dag.py
[2025-09-19T04:26:46.020+0000] {logging_mixin.py:188} INFO - [2025-09-19T04:26:46.020+0000] {dag.py:3036} INFO - Sync 1 DAGs
[2025-09-19T04:26:46.068+0000] {logging_mixin.py:188} INFO - [2025-09-19T04:26:46.068+0000] {dag.py:3823} INFO - Setting next_dagrun for example_nested_branch_dag to 2025-09-18 00:00:00+00:00, run_after=2025-09-19 00:00:00+00:00
[2025-09-19T04:26:46.110+0000] {processor.py:183} INFO - Processing /home/airflow/.local/lib/python3.8/site-packages/airflow/example_dags/example_nested_branch_dag.py took 0.162 seconds
[2025-09-19T04:27:16.198+0000] {processor.py:161} INFO - Started process (PID=2280) to work on /home/airflow/.local/lib/python3.8/site-packages/airflow/example_dags/example_nested_branch_dag.py
[2025-09-19T04:27:16.200+0000] {processor.py:830} INFO - Processing file /home/airflow/.local/lib/python3.8/site-packages/airflow/example_dags/example_nested_branch_dag.py for tasks to queue
[2025-09-19T04:27:16.204+0000] {logging_mixin.py:188} INFO - [2025-09-19T04:27:16.203+0000] {dagbag.py:538} INFO - Filling up the DagBag from /home/airflow/.local/lib/python3.8/site-packages/airflow/example_dags/example_nested_branch_dag.py
[2025-09-19T04:27:16.223+0000] {processor.py:840} INFO - DAG(s) 'example_nested_branch_dag' retrieved from /home/airflow/.local/lib/python3.8/site-packages/airflow/example_dags/example_nested_branch_dag.py
[2025-09-19T04:27:16.265+0000] {logging_mixin.py:188} INFO - [2025-09-19T04:27:16.265+0000] {dag.py:3036} INFO - Sync 1 DAGs
[2025-09-19T04:27:16.309+0000] {logging_mixin.py:188} INFO - [2025-09-19T04:27:16.308+0000] {dag.py:3823} INFO - Setting next_dagrun for example_nested_branch_dag to 2025-09-18 00:00:00+00:00, run_after=2025-09-19 00:00:00+00:00
[2025-09-19T04:27:16.346+0000] {processor.py:183} INFO - Processing /home/airflow/.local/lib/python3.8/site-packages/airflow/example_dags/example_nested_branch_dag.py took 0.154 seconds
[2025-09-19T04:27:46.594+0000] {processor.py:161} INFO - Started process (PID=2335) to work on /home/airflow/.local/lib/python3.8/site-packages/airflow/example_dags/example_nested_branch_dag.py
[2025-09-19T04:27:46.597+0000] {processor.py:830} INFO - Processing file /home/airflow/.local/lib/python3.8/site-packages/airflow/example_dags/example_nested_branch_dag.py for tasks to queue
[2025-09-19T04:27:46.601+0000] {logging_mixin.py:188} INFO - [2025-09-19T04:27:46.600+0000] {dagbag.py:538} INFO - Filling up the DagBag from /home/airflow/.local/lib/python3.8/site-packages/airflow/example_dags/example_nested_branch_dag.py
[2025-09-19T04:27:46.618+0000] {processor.py:840} INFO - DAG(s) 'example_nested_branch_dag' retrieved from /home/airflow/.local/lib/python3.8/site-packages/airflow/example_dags/example_nested_branch_dag.py
[2025-09-19T04:27:46.658+0000] {logging_mixin.py:188} INFO - [2025-09-19T04:27:46.657+0000] {dag.py:3036} INFO - Sync 1 DAGs
[2025-09-19T04:27:46.699+0000] {logging_mixin.py:188} INFO - [2025-09-19T04:27:46.699+0000] {dag.py:3823} INFO - Setting next_dagrun for example_nested_branch_dag to 2025-09-18 00:00:00+00:00, run_after=2025-09-19 00:00:00+00:00
[2025-09-19T04:27:46.734+0000] {processor.py:183} INFO - Processing /home/airflow/.local/lib/python3.8/site-packages/airflow/example_dags/example_nested_branch_dag.py took 0.146 seconds
[2025-09-19T04:28:17.021+0000] {processor.py:161} INFO - Started process (PID=2390) to work on /home/airflow/.local/lib/python3.8/site-packages/airflow/example_dags/example_nested_branch_dag.py
[2025-09-19T04:28:17.023+0000] {processor.py:830} INFO - Processing file /home/airflow/.local/lib/python3.8/site-packages/airflow/example_dags/example_nested_branch_dag.py for tasks to queue
[2025-09-19T04:28:17.026+0000] {logging_mixin.py:188} INFO - [2025-09-19T04:28:17.026+0000] {dagbag.py:538} INFO - Filling up the DagBag from /home/airflow/.local/lib/python3.8/site-packages/airflow/example_dags/example_nested_branch_dag.py
[2025-09-19T04:28:17.047+0000] {processor.py:840} INFO - DAG(s) 'example_nested_branch_dag' retrieved from /home/airflow/.local/lib/python3.8/site-packages/airflow/example_dags/example_nested_branch_dag.py
[2025-09-19T04:28:17.089+0000] {logging_mixin.py:188} INFO - [2025-09-19T04:28:17.089+0000] {dag.py:3036} INFO - Sync 1 DAGs
[2025-09-19T04:28:17.133+0000] {logging_mixin.py:188} INFO - [2025-09-19T04:28:17.132+0000] {dag.py:3823} INFO - Setting next_dagrun for example_nested_branch_dag to 2025-09-18 00:00:00+00:00, run_after=2025-09-19 00:00:00+00:00
[2025-09-19T04:28:17.170+0000] {processor.py:183} INFO - Processing /home/airflow/.local/lib/python3.8/site-packages/airflow/example_dags/example_nested_branch_dag.py took 0.155 seconds
[2025-09-19T04:28:47.681+0000] {processor.py:161} INFO - Started process (PID=2445) to work on /home/airflow/.local/lib/python3.8/site-packages/airflow/example_dags/example_nested_branch_dag.py
[2025-09-19T04:28:47.683+0000] {processor.py:830} INFO - Processing file /home/airflow/.local/lib/python3.8/site-packages/airflow/example_dags/example_nested_branch_dag.py for tasks to queue
[2025-09-19T04:28:47.687+0000] {logging_mixin.py:188} INFO - [2025-09-19T04:28:47.687+0000] {dagbag.py:538} INFO - Filling up the DagBag from /home/airflow/.local/lib/python3.8/site-packages/airflow/example_dags/example_nested_branch_dag.py
[2025-09-19T04:28:47.706+0000] {processor.py:840} INFO - DAG(s) 'example_nested_branch_dag' retrieved from /home/airflow/.local/lib/python3.8/site-packages/airflow/example_dags/example_nested_branch_dag.py
[2025-09-19T04:28:47.750+0000] {logging_mixin.py:188} INFO - [2025-09-19T04:28:47.750+0000] {dag.py:3036} INFO - Sync 1 DAGs
[2025-09-19T04:28:47.793+0000] {logging_mixin.py:188} INFO - [2025-09-19T04:28:47.793+0000] {dag.py:3823} INFO - Setting next_dagrun for example_nested_branch_dag to 2025-09-18 00:00:00+00:00, run_after=2025-09-19 00:00:00+00:00
[2025-09-19T04:28:47.830+0000] {processor.py:183} INFO - Processing /home/airflow/.local/lib/python3.8/site-packages/airflow/example_dags/example_nested_branch_dag.py took 0.156 seconds
[2025-09-19T04:29:18.036+0000] {processor.py:161} INFO - Started process (PID=2500) to work on /home/airflow/.local/lib/python3.8/site-packages/airflow/example_dags/example_nested_branch_dag.py
[2025-09-19T04:29:18.038+0000] {processor.py:830} INFO - Processing file /home/airflow/.local/lib/python3.8/site-packages/airflow/example_dags/example_nested_branch_dag.py for tasks to queue
[2025-09-19T04:29:18.043+0000] {logging_mixin.py:188} INFO - [2025-09-19T04:29:18.043+0000] {dagbag.py:538} INFO - Filling up the DagBag from /home/airflow/.local/lib/python3.8/site-packages/airflow/example_dags/example_nested_branch_dag.py
[2025-09-19T04:29:18.067+0000] {processor.py:840} INFO - DAG(s) 'example_nested_branch_dag' retrieved from /home/airflow/.local/lib/python3.8/site-packages/airflow/example_dags/example_nested_branch_dag.py
[2025-09-19T04:29:18.112+0000] {logging_mixin.py:188} INFO - [2025-09-19T04:29:18.111+0000] {dag.py:3036} INFO - Sync 1 DAGs
[2025-09-19T04:29:18.161+0000] {logging_mixin.py:188} INFO - [2025-09-19T04:29:18.161+0000] {dag.py:3823} INFO - Setting next_dagrun for example_nested_branch_dag to 2025-09-18 00:00:00+00:00, run_after=2025-09-19 00:00:00+00:00
[2025-09-19T04:29:18.201+0000] {processor.py:183} INFO - Processing /home/airflow/.local/lib/python3.8/site-packages/airflow/example_dags/example_nested_branch_dag.py took 0.172 seconds
[2025-09-19T04:29:48.312+0000] {processor.py:161} INFO - Started process (PID=2555) to work on /home/airflow/.local/lib/python3.8/site-packages/airflow/example_dags/example_nested_branch_dag.py
[2025-09-19T04:29:48.314+0000] {processor.py:830} INFO - Processing file /home/airflow/.local/lib/python3.8/site-packages/airflow/example_dags/example_nested_branch_dag.py for tasks to queue
[2025-09-19T04:29:48.317+0000] {logging_mixin.py:188} INFO - [2025-09-19T04:29:48.317+0000] {dagbag.py:538} INFO - Filling up the DagBag from /home/airflow/.local/lib/python3.8/site-packages/airflow/example_dags/example_nested_branch_dag.py
[2025-09-19T04:29:48.337+0000] {processor.py:840} INFO - DAG(s) 'example_nested_branch_dag' retrieved from /home/airflow/.local/lib/python3.8/site-packages/airflow/example_dags/example_nested_branch_dag.py
[2025-09-19T04:29:48.379+0000] {logging_mixin.py:188} INFO - [2025-09-19T04:29:48.379+0000] {dag.py:3036} INFO - Sync 1 DAGs
[2025-09-19T04:29:48.422+0000] {logging_mixin.py:188} INFO - [2025-09-19T04:29:48.422+0000] {dag.py:3823} INFO - Setting next_dagrun for example_nested_branch_dag to 2025-09-18 00:00:00+00:00, run_after=2025-09-19 00:00:00+00:00
[2025-09-19T04:29:48.459+0000] {processor.py:183} INFO - Processing /home/airflow/.local/lib/python3.8/site-packages/airflow/example_dags/example_nested_branch_dag.py took 0.153 seconds
[2025-09-19T04:30:19.357+0000] {processor.py:161} INFO - Started process (PID=2610) to work on /home/airflow/.local/lib/python3.8/site-packages/airflow/example_dags/example_nested_branch_dag.py
[2025-09-19T04:30:19.359+0000] {processor.py:830} INFO - Processing file /home/airflow/.local/lib/python3.8/site-packages/airflow/example_dags/example_nested_branch_dag.py for tasks to queue
[2025-09-19T04:30:19.362+0000] {logging_mixin.py:188} INFO - [2025-09-19T04:30:19.362+0000] {dagbag.py:538} INFO - Filling up the DagBag from /home/airflow/.local/lib/python3.8/site-packages/airflow/example_dags/example_nested_branch_dag.py
[2025-09-19T04:30:19.380+0000] {processor.py:840} INFO - DAG(s) 'example_nested_branch_dag' retrieved from /home/airflow/.local/lib/python3.8/site-packages/airflow/example_dags/example_nested_branch_dag.py
[2025-09-19T04:30:19.419+0000] {logging_mixin.py:188} INFO - [2025-09-19T04:30:19.419+0000] {dag.py:3036} INFO - Sync 1 DAGs
[2025-09-19T04:30:19.461+0000] {logging_mixin.py:188} INFO - [2025-09-19T04:30:19.461+0000] {dag.py:3823} INFO - Setting next_dagrun for example_nested_branch_dag to 2025-09-18 00:00:00+00:00, run_after=2025-09-19 00:00:00+00:00
[2025-09-19T04:30:19.500+0000] {processor.py:183} INFO - Processing /home/airflow/.local/lib/python3.8/site-packages/airflow/example_dags/example_nested_branch_dag.py took 0.149 seconds
[2025-09-19T04:30:49.553+0000] {processor.py:161} INFO - Started process (PID=2665) to work on /home/airflow/.local/lib/python3.8/site-packages/airflow/example_dags/example_nested_branch_dag.py
[2025-09-19T04:30:49.556+0000] {processor.py:830} INFO - Processing file /home/airflow/.local/lib/python3.8/site-packages/airflow/example_dags/example_nested_branch_dag.py for tasks to queue
[2025-09-19T04:30:49.559+0000] {logging_mixin.py:188} INFO - [2025-09-19T04:30:49.558+0000] {dagbag.py:538} INFO - Filling up the DagBag from /home/airflow/.local/lib/python3.8/site-packages/airflow/example_dags/example_nested_branch_dag.py
[2025-09-19T04:30:49.577+0000] {processor.py:840} INFO - DAG(s) 'example_nested_branch_dag' retrieved from /home/airflow/.local/lib/python3.8/site-packages/airflow/example_dags/example_nested_branch_dag.py
[2025-09-19T04:30:49.620+0000] {logging_mixin.py:188} INFO - [2025-09-19T04:30:49.620+0000] {dag.py:3036} INFO - Sync 1 DAGs
[2025-09-19T04:30:49.668+0000] {logging_mixin.py:188} INFO - [2025-09-19T04:30:49.668+0000] {dag.py:3823} INFO - Setting next_dagrun for example_nested_branch_dag to 2025-09-18 00:00:00+00:00, run_after=2025-09-19 00:00:00+00:00
[2025-09-19T04:30:49.707+0000] {processor.py:183} INFO - Processing /home/airflow/.local/lib/python3.8/site-packages/airflow/example_dags/example_nested_branch_dag.py took 0.161 seconds
[2025-09-19T04:31:20.397+0000] {processor.py:161} INFO - Started process (PID=2720) to work on /home/airflow/.local/lib/python3.8/site-packages/airflow/example_dags/example_nested_branch_dag.py
[2025-09-19T04:31:20.399+0000] {processor.py:830} INFO - Processing file /home/airflow/.local/lib/python3.8/site-packages/airflow/example_dags/example_nested_branch_dag.py for tasks to queue
[2025-09-19T04:31:20.402+0000] {logging_mixin.py:188} INFO - [2025-09-19T04:31:20.402+0000] {dagbag.py:538} INFO - Filling up the DagBag from /home/airflow/.local/lib/python3.8/site-packages/airflow/example_dags/example_nested_branch_dag.py
[2025-09-19T04:31:20.423+0000] {processor.py:840} INFO - DAG(s) 'example_nested_branch_dag' retrieved from /home/airflow/.local/lib/python3.8/site-packages/airflow/example_dags/example_nested_branch_dag.py
[2025-09-19T04:31:20.461+0000] {logging_mixin.py:188} INFO - [2025-09-19T04:31:20.460+0000] {dag.py:3036} INFO - Sync 1 DAGs
[2025-09-19T04:31:20.505+0000] {logging_mixin.py:188} INFO - [2025-09-19T04:31:20.505+0000] {dag.py:3823} INFO - Setting next_dagrun for example_nested_branch_dag to 2025-09-18 00:00:00+00:00, run_after=2025-09-19 00:00:00+00:00
[2025-09-19T04:31:20.542+0000] {processor.py:183} INFO - Processing /home/airflow/.local/lib/python3.8/site-packages/airflow/example_dags/example_nested_branch_dag.py took 0.152 seconds
[2025-09-19T04:31:51.352+0000] {processor.py:161} INFO - Started process (PID=2775) to work on /home/airflow/.local/lib/python3.8/site-packages/airflow/example_dags/example_nested_branch_dag.py
[2025-09-19T04:31:51.354+0000] {processor.py:830} INFO - Processing file /home/airflow/.local/lib/python3.8/site-packages/airflow/example_dags/example_nested_branch_dag.py for tasks to queue
[2025-09-19T04:31:51.359+0000] {logging_mixin.py:188} INFO - [2025-09-19T04:31:51.358+0000] {dagbag.py:538} INFO - Filling up the DagBag from /home/airflow/.local/lib/python3.8/site-packages/airflow/example_dags/example_nested_branch_dag.py
[2025-09-19T04:31:51.379+0000] {processor.py:840} INFO - DAG(s) 'example_nested_branch_dag' retrieved from /home/airflow/.local/lib/python3.8/site-packages/airflow/example_dags/example_nested_branch_dag.py
[2025-09-19T04:31:51.423+0000] {logging_mixin.py:188} INFO - [2025-09-19T04:31:51.423+0000] {dag.py:3036} INFO - Sync 1 DAGs
[2025-09-19T04:31:51.470+0000] {logging_mixin.py:188} INFO - [2025-09-19T04:31:51.470+0000] {dag.py:3823} INFO - Setting next_dagrun for example_nested_branch_dag to 2025-09-18 00:00:00+00:00, run_after=2025-09-19 00:00:00+00:00
[2025-09-19T04:31:51.513+0000] {processor.py:183} INFO - Processing /home/airflow/.local/lib/python3.8/site-packages/airflow/example_dags/example_nested_branch_dag.py took 0.166 seconds
[2025-09-19T04:32:21.929+0000] {processor.py:161} INFO - Started process (PID=2830) to work on /home/airflow/.local/lib/python3.8/site-packages/airflow/example_dags/example_nested_branch_dag.py
[2025-09-19T04:32:21.930+0000] {processor.py:830} INFO - Processing file /home/airflow/.local/lib/python3.8/site-packages/airflow/example_dags/example_nested_branch_dag.py for tasks to queue
[2025-09-19T04:32:21.934+0000] {logging_mixin.py:188} INFO - [2025-09-19T04:32:21.934+0000] {dagbag.py:538} INFO - Filling up the DagBag from /home/airflow/.local/lib/python3.8/site-packages/airflow/example_dags/example_nested_branch_dag.py
[2025-09-19T04:32:21.952+0000] {processor.py:840} INFO - DAG(s) 'example_nested_branch_dag' retrieved from /home/airflow/.local/lib/python3.8/site-packages/airflow/example_dags/example_nested_branch_dag.py
[2025-09-19T04:32:21.990+0000] {logging_mixin.py:188} INFO - [2025-09-19T04:32:21.989+0000] {dag.py:3036} INFO - Sync 1 DAGs
[2025-09-19T04:32:22.034+0000] {logging_mixin.py:188} INFO - [2025-09-19T04:32:22.033+0000] {dag.py:3823} INFO - Setting next_dagrun for example_nested_branch_dag to 2025-09-18 00:00:00+00:00, run_after=2025-09-19 00:00:00+00:00
[2025-09-19T04:32:22.244+0000] {processor.py:183} INFO - Processing /home/airflow/.local/lib/python3.8/site-packages/airflow/example_dags/example_nested_branch_dag.py took 0.321 seconds
[2025-09-19T04:32:53.176+0000] {processor.py:161} INFO - Started process (PID=2885) to work on /home/airflow/.local/lib/python3.8/site-packages/airflow/example_dags/example_nested_branch_dag.py
[2025-09-19T04:32:53.179+0000] {processor.py:830} INFO - Processing file /home/airflow/.local/lib/python3.8/site-packages/airflow/example_dags/example_nested_branch_dag.py for tasks to queue
[2025-09-19T04:32:53.182+0000] {logging_mixin.py:188} INFO - [2025-09-19T04:32:53.182+0000] {dagbag.py:538} INFO - Filling up the DagBag from /home/airflow/.local/lib/python3.8/site-packages/airflow/example_dags/example_nested_branch_dag.py
[2025-09-19T04:32:53.206+0000] {processor.py:840} INFO - DAG(s) 'example_nested_branch_dag' retrieved from /home/airflow/.local/lib/python3.8/site-packages/airflow/example_dags/example_nested_branch_dag.py
[2025-09-19T04:32:53.244+0000] {logging_mixin.py:188} INFO - [2025-09-19T04:32:53.244+0000] {dag.py:3036} INFO - Sync 1 DAGs
[2025-09-19T04:32:53.286+0000] {logging_mixin.py:188} INFO - [2025-09-19T04:32:53.286+0000] {dag.py:3823} INFO - Setting next_dagrun for example_nested_branch_dag to 2025-09-18 00:00:00+00:00, run_after=2025-09-19 00:00:00+00:00
[2025-09-19T04:32:53.325+0000] {processor.py:183} INFO - Processing /home/airflow/.local/lib/python3.8/site-packages/airflow/example_dags/example_nested_branch_dag.py took 0.156 seconds
[2025-09-19T04:33:23.509+0000] {processor.py:161} INFO - Started process (PID=2940) to work on /home/airflow/.local/lib/python3.8/site-packages/airflow/example_dags/example_nested_branch_dag.py
[2025-09-19T04:33:23.512+0000] {processor.py:830} INFO - Processing file /home/airflow/.local/lib/python3.8/site-packages/airflow/example_dags/example_nested_branch_dag.py for tasks to queue
[2025-09-19T04:33:23.516+0000] {logging_mixin.py:188} INFO - [2025-09-19T04:33:23.516+0000] {dagbag.py:538} INFO - Filling up the DagBag from /home/airflow/.local/lib/python3.8/site-packages/airflow/example_dags/example_nested_branch_dag.py
[2025-09-19T04:33:23.545+0000] {processor.py:840} INFO - DAG(s) 'example_nested_branch_dag' retrieved from /home/airflow/.local/lib/python3.8/site-packages/airflow/example_dags/example_nested_branch_dag.py
[2025-09-19T04:33:23.604+0000] {logging_mixin.py:188} INFO - [2025-09-19T04:33:23.603+0000] {dag.py:3036} INFO - Sync 1 DAGs
[2025-09-19T04:33:23.660+0000] {logging_mixin.py:188} INFO - [2025-09-19T04:33:23.659+0000] {dag.py:3823} INFO - Setting next_dagrun for example_nested_branch_dag to 2025-09-18 00:00:00+00:00, run_after=2025-09-19 00:00:00+00:00
[2025-09-19T04:33:23.704+0000] {processor.py:183} INFO - Processing /home/airflow/.local/lib/python3.8/site-packages/airflow/example_dags/example_nested_branch_dag.py took 0.200 seconds
