[2025-09-19T04:06:55.674+0000] {processor.py:161} INFO - Started process (PID=81) to work on /home/airflow/.local/lib/python3.8/site-packages/airflow/example_dags/example_params_trigger_ui.py
[2025-09-19T04:06:55.677+0000] {processor.py:830} INFO - Processing file /home/airflow/.local/lib/python3.8/site-packages/airflow/example_dags/example_params_trigger_ui.py for tasks to queue
[2025-09-19T04:06:55.681+0000] {logging_mixin.py:188} INFO - [2025-09-19T04:06:55.680+0000] {dagbag.py:538} INFO - Filling up the DagBag from /home/airflow/.local/lib/python3.8/site-packages/airflow/example_dags/example_params_trigger_ui.py
[2025-09-19T04:06:55.729+0000] {processor.py:840} INFO - DAG(s) 'example_params_trigger_ui' retrieved from /home/airflow/.local/lib/python3.8/site-packages/airflow/example_dags/example_params_trigger_ui.py
[2025-09-19T04:06:56.172+0000] {logging_mixin.py:188} INFO - [2025-09-19T04:06:56.171+0000] {dag.py:3036} INFO - Sync 1 DAGs
[2025-09-19T04:06:56.237+0000] {logging_mixin.py:188} INFO - [2025-09-19T04:06:56.234+0000] {dag.py:3823} INFO - Setting next_dagrun for example_params_trigger_ui to None, run_after=None
[2025-09-19T04:06:56.291+0000] {processor.py:183} INFO - Processing /home/airflow/.local/lib/python3.8/site-packages/airflow/example_dags/example_params_trigger_ui.py took 0.623 seconds
[2025-09-19T04:07:26.782+0000] {processor.py:161} INFO - Started process (PID=136) to work on /home/airflow/.local/lib/python3.8/site-packages/airflow/example_dags/example_params_trigger_ui.py
[2025-09-19T04:07:26.784+0000] {processor.py:830} INFO - Processing file /home/airflow/.local/lib/python3.8/site-packages/airflow/example_dags/example_params_trigger_ui.py for tasks to queue
[2025-09-19T04:07:26.787+0000] {logging_mixin.py:188} INFO - [2025-09-19T04:07:26.787+0000] {dagbag.py:538} INFO - Filling up the DagBag from /home/airflow/.local/lib/python3.8/site-packages/airflow/example_dags/example_params_trigger_ui.py
[2025-09-19T04:07:26.812+0000] {processor.py:840} INFO - DAG(s) 'example_params_trigger_ui' retrieved from /home/airflow/.local/lib/python3.8/site-packages/airflow/example_dags/example_params_trigger_ui.py
[2025-09-19T04:07:26.918+0000] {logging_mixin.py:188} INFO - [2025-09-19T04:07:26.918+0000] {dag.py:3036} INFO - Sync 1 DAGs
[2025-09-19T04:07:26.940+0000] {logging_mixin.py:188} INFO - [2025-09-19T04:07:26.940+0000] {dag.py:3823} INFO - Setting next_dagrun for example_params_trigger_ui to None, run_after=None
[2025-09-19T04:07:26.976+0000] {processor.py:183} INFO - Processing /home/airflow/.local/lib/python3.8/site-packages/airflow/example_dags/example_params_trigger_ui.py took 0.199 seconds
[2025-09-19T04:07:57.551+0000] {processor.py:161} INFO - Started process (PID=191) to work on /home/airflow/.local/lib/python3.8/site-packages/airflow/example_dags/example_params_trigger_ui.py
[2025-09-19T04:07:57.553+0000] {processor.py:830} INFO - Processing file /home/airflow/.local/lib/python3.8/site-packages/airflow/example_dags/example_params_trigger_ui.py for tasks to queue
[2025-09-19T04:07:57.557+0000] {logging_mixin.py:188} INFO - [2025-09-19T04:07:57.556+0000] {dagbag.py:538} INFO - Filling up the DagBag from /home/airflow/.local/lib/python3.8/site-packages/airflow/example_dags/example_params_trigger_ui.py
[2025-09-19T04:07:57.589+0000] {processor.py:840} INFO - DAG(s) 'example_params_trigger_ui' retrieved from /home/airflow/.local/lib/python3.8/site-packages/airflow/example_dags/example_params_trigger_ui.py
[2025-09-19T04:07:57.712+0000] {logging_mixin.py:188} INFO - [2025-09-19T04:07:57.711+0000] {dag.py:3036} INFO - Sync 1 DAGs
[2025-09-19T04:07:57.737+0000] {logging_mixin.py:188} INFO - [2025-09-19T04:07:57.736+0000] {dag.py:3823} INFO - Setting next_dagrun for example_params_trigger_ui to None, run_after=None
[2025-09-19T04:07:57.780+0000] {processor.py:183} INFO - Processing /home/airflow/.local/lib/python3.8/site-packages/airflow/example_dags/example_params_trigger_ui.py took 0.237 seconds
[2025-09-19T04:08:28.314+0000] {processor.py:161} INFO - Started process (PID=246) to work on /home/airflow/.local/lib/python3.8/site-packages/airflow/example_dags/example_params_trigger_ui.py
[2025-09-19T04:08:28.316+0000] {processor.py:830} INFO - Processing file /home/airflow/.local/lib/python3.8/site-packages/airflow/example_dags/example_params_trigger_ui.py for tasks to queue
[2025-09-19T04:08:28.320+0000] {logging_mixin.py:188} INFO - [2025-09-19T04:08:28.319+0000] {dagbag.py:538} INFO - Filling up the DagBag from /home/airflow/.local/lib/python3.8/site-packages/airflow/example_dags/example_params_trigger_ui.py
[2025-09-19T04:08:28.346+0000] {processor.py:840} INFO - DAG(s) 'example_params_trigger_ui' retrieved from /home/airflow/.local/lib/python3.8/site-packages/airflow/example_dags/example_params_trigger_ui.py
[2025-09-19T04:08:28.451+0000] {logging_mixin.py:188} INFO - [2025-09-19T04:08:28.451+0000] {dag.py:3036} INFO - Sync 1 DAGs
[2025-09-19T04:08:28.475+0000] {logging_mixin.py:188} INFO - [2025-09-19T04:08:28.474+0000] {dag.py:3823} INFO - Setting next_dagrun for example_params_trigger_ui to None, run_after=None
[2025-09-19T04:08:28.513+0000] {processor.py:183} INFO - Processing /home/airflow/.local/lib/python3.8/site-packages/airflow/example_dags/example_params_trigger_ui.py took 0.204 seconds
[2025-09-19T04:08:58.620+0000] {processor.py:161} INFO - Started process (PID=302) to work on /home/airflow/.local/lib/python3.8/site-packages/airflow/example_dags/example_params_trigger_ui.py
[2025-09-19T04:08:58.622+0000] {processor.py:830} INFO - Processing file /home/airflow/.local/lib/python3.8/site-packages/airflow/example_dags/example_params_trigger_ui.py for tasks to queue
[2025-09-19T04:08:58.626+0000] {logging_mixin.py:188} INFO - [2025-09-19T04:08:58.625+0000] {dagbag.py:538} INFO - Filling up the DagBag from /home/airflow/.local/lib/python3.8/site-packages/airflow/example_dags/example_params_trigger_ui.py
[2025-09-19T04:08:58.652+0000] {processor.py:840} INFO - DAG(s) 'example_params_trigger_ui' retrieved from /home/airflow/.local/lib/python3.8/site-packages/airflow/example_dags/example_params_trigger_ui.py
[2025-09-19T04:08:58.767+0000] {logging_mixin.py:188} INFO - [2025-09-19T04:08:58.767+0000] {dag.py:3036} INFO - Sync 1 DAGs
[2025-09-19T04:08:58.789+0000] {logging_mixin.py:188} INFO - [2025-09-19T04:08:58.789+0000] {dag.py:3823} INFO - Setting next_dagrun for example_params_trigger_ui to None, run_after=None
[2025-09-19T04:08:58.826+0000] {processor.py:183} INFO - Processing /home/airflow/.local/lib/python3.8/site-packages/airflow/example_dags/example_params_trigger_ui.py took 0.211 seconds
[2025-09-19T04:09:29.238+0000] {processor.py:161} INFO - Started process (PID=357) to work on /home/airflow/.local/lib/python3.8/site-packages/airflow/example_dags/example_params_trigger_ui.py
[2025-09-19T04:09:29.239+0000] {processor.py:830} INFO - Processing file /home/airflow/.local/lib/python3.8/site-packages/airflow/example_dags/example_params_trigger_ui.py for tasks to queue
[2025-09-19T04:09:29.242+0000] {logging_mixin.py:188} INFO - [2025-09-19T04:09:29.242+0000] {dagbag.py:538} INFO - Filling up the DagBag from /home/airflow/.local/lib/python3.8/site-packages/airflow/example_dags/example_params_trigger_ui.py
[2025-09-19T04:09:29.268+0000] {processor.py:840} INFO - DAG(s) 'example_params_trigger_ui' retrieved from /home/airflow/.local/lib/python3.8/site-packages/airflow/example_dags/example_params_trigger_ui.py
[2025-09-19T04:09:29.368+0000] {logging_mixin.py:188} INFO - [2025-09-19T04:09:29.368+0000] {dag.py:3036} INFO - Sync 1 DAGs
[2025-09-19T04:09:29.391+0000] {logging_mixin.py:188} INFO - [2025-09-19T04:09:29.390+0000] {dag.py:3823} INFO - Setting next_dagrun for example_params_trigger_ui to None, run_after=None
[2025-09-19T04:09:29.427+0000] {processor.py:183} INFO - Processing /home/airflow/.local/lib/python3.8/site-packages/airflow/example_dags/example_params_trigger_ui.py took 0.195 seconds
[2025-09-19T04:09:59.712+0000] {processor.py:161} INFO - Started process (PID=413) to work on /home/airflow/.local/lib/python3.8/site-packages/airflow/example_dags/example_params_trigger_ui.py
[2025-09-19T04:09:59.714+0000] {processor.py:830} INFO - Processing file /home/airflow/.local/lib/python3.8/site-packages/airflow/example_dags/example_params_trigger_ui.py for tasks to queue
[2025-09-19T04:09:59.718+0000] {logging_mixin.py:188} INFO - [2025-09-19T04:09:59.717+0000] {dagbag.py:538} INFO - Filling up the DagBag from /home/airflow/.local/lib/python3.8/site-packages/airflow/example_dags/example_params_trigger_ui.py
[2025-09-19T04:09:59.746+0000] {processor.py:840} INFO - DAG(s) 'example_params_trigger_ui' retrieved from /home/airflow/.local/lib/python3.8/site-packages/airflow/example_dags/example_params_trigger_ui.py
[2025-09-19T04:09:59.846+0000] {logging_mixin.py:188} INFO - [2025-09-19T04:09:59.846+0000] {dag.py:3036} INFO - Sync 1 DAGs
[2025-09-19T04:09:59.869+0000] {logging_mixin.py:188} INFO - [2025-09-19T04:09:59.868+0000] {dag.py:3823} INFO - Setting next_dagrun for example_params_trigger_ui to None, run_after=None
[2025-09-19T04:09:59.902+0000] {processor.py:183} INFO - Processing /home/airflow/.local/lib/python3.8/site-packages/airflow/example_dags/example_params_trigger_ui.py took 0.198 seconds
[2025-09-19T04:10:30.511+0000] {processor.py:161} INFO - Started process (PID=467) to work on /home/airflow/.local/lib/python3.8/site-packages/airflow/example_dags/example_params_trigger_ui.py
[2025-09-19T04:10:30.513+0000] {processor.py:830} INFO - Processing file /home/airflow/.local/lib/python3.8/site-packages/airflow/example_dags/example_params_trigger_ui.py for tasks to queue
[2025-09-19T04:10:30.517+0000] {logging_mixin.py:188} INFO - [2025-09-19T04:10:30.516+0000] {dagbag.py:538} INFO - Filling up the DagBag from /home/airflow/.local/lib/python3.8/site-packages/airflow/example_dags/example_params_trigger_ui.py
[2025-09-19T04:10:30.551+0000] {processor.py:840} INFO - DAG(s) 'example_params_trigger_ui' retrieved from /home/airflow/.local/lib/python3.8/site-packages/airflow/example_dags/example_params_trigger_ui.py
[2025-09-19T04:10:30.660+0000] {logging_mixin.py:188} INFO - [2025-09-19T04:10:30.660+0000] {dag.py:3036} INFO - Sync 1 DAGs
[2025-09-19T04:10:30.683+0000] {logging_mixin.py:188} INFO - [2025-09-19T04:10:30.683+0000] {dag.py:3823} INFO - Setting next_dagrun for example_params_trigger_ui to None, run_after=None
[2025-09-19T04:10:30.724+0000] {processor.py:183} INFO - Processing /home/airflow/.local/lib/python3.8/site-packages/airflow/example_dags/example_params_trigger_ui.py took 0.220 seconds
[2025-09-19T04:11:00.945+0000] {processor.py:161} INFO - Started process (PID=523) to work on /home/airflow/.local/lib/python3.8/site-packages/airflow/example_dags/example_params_trigger_ui.py
[2025-09-19T04:11:00.947+0000] {processor.py:830} INFO - Processing file /home/airflow/.local/lib/python3.8/site-packages/airflow/example_dags/example_params_trigger_ui.py for tasks to queue
[2025-09-19T04:11:00.950+0000] {logging_mixin.py:188} INFO - [2025-09-19T04:11:00.950+0000] {dagbag.py:538} INFO - Filling up the DagBag from /home/airflow/.local/lib/python3.8/site-packages/airflow/example_dags/example_params_trigger_ui.py
[2025-09-19T04:11:00.975+0000] {processor.py:840} INFO - DAG(s) 'example_params_trigger_ui' retrieved from /home/airflow/.local/lib/python3.8/site-packages/airflow/example_dags/example_params_trigger_ui.py
[2025-09-19T04:11:01.098+0000] {logging_mixin.py:188} INFO - [2025-09-19T04:11:01.097+0000] {dag.py:3036} INFO - Sync 1 DAGs
[2025-09-19T04:11:01.128+0000] {logging_mixin.py:188} INFO - [2025-09-19T04:11:01.127+0000] {dag.py:3823} INFO - Setting next_dagrun for example_params_trigger_ui to None, run_after=None
[2025-09-19T04:11:01.171+0000] {processor.py:183} INFO - Processing /home/airflow/.local/lib/python3.8/site-packages/airflow/example_dags/example_params_trigger_ui.py took 0.232 seconds
[2025-09-19T04:11:31.710+0000] {processor.py:161} INFO - Started process (PID=577) to work on /home/airflow/.local/lib/python3.8/site-packages/airflow/example_dags/example_params_trigger_ui.py
[2025-09-19T04:11:31.713+0000] {processor.py:830} INFO - Processing file /home/airflow/.local/lib/python3.8/site-packages/airflow/example_dags/example_params_trigger_ui.py for tasks to queue
[2025-09-19T04:11:31.728+0000] {logging_mixin.py:188} INFO - [2025-09-19T04:11:31.725+0000] {dagbag.py:538} INFO - Filling up the DagBag from /home/airflow/.local/lib/python3.8/site-packages/airflow/example_dags/example_params_trigger_ui.py
[2025-09-19T04:11:31.785+0000] {processor.py:840} INFO - DAG(s) 'example_params_trigger_ui' retrieved from /home/airflow/.local/lib/python3.8/site-packages/airflow/example_dags/example_params_trigger_ui.py
[2025-09-19T04:11:31.932+0000] {logging_mixin.py:188} INFO - [2025-09-19T04:11:31.932+0000] {dag.py:3036} INFO - Sync 1 DAGs
[2025-09-19T04:11:31.959+0000] {logging_mixin.py:188} INFO - [2025-09-19T04:11:31.958+0000] {dag.py:3823} INFO - Setting next_dagrun for example_params_trigger_ui to None, run_after=None
[2025-09-19T04:11:32.003+0000] {processor.py:183} INFO - Processing /home/airflow/.local/lib/python3.8/site-packages/airflow/example_dags/example_params_trigger_ui.py took 0.300 seconds
[2025-09-19T04:12:02.940+0000] {processor.py:161} INFO - Started process (PID=632) to work on /home/airflow/.local/lib/python3.8/site-packages/airflow/example_dags/example_params_trigger_ui.py
[2025-09-19T04:12:02.942+0000] {processor.py:830} INFO - Processing file /home/airflow/.local/lib/python3.8/site-packages/airflow/example_dags/example_params_trigger_ui.py for tasks to queue
[2025-09-19T04:12:02.946+0000] {logging_mixin.py:188} INFO - [2025-09-19T04:12:02.945+0000] {dagbag.py:538} INFO - Filling up the DagBag from /home/airflow/.local/lib/python3.8/site-packages/airflow/example_dags/example_params_trigger_ui.py
[2025-09-19T04:12:02.972+0000] {processor.py:840} INFO - DAG(s) 'example_params_trigger_ui' retrieved from /home/airflow/.local/lib/python3.8/site-packages/airflow/example_dags/example_params_trigger_ui.py
[2025-09-19T04:12:03.075+0000] {logging_mixin.py:188} INFO - [2025-09-19T04:12:03.074+0000] {dag.py:3036} INFO - Sync 1 DAGs
[2025-09-19T04:12:03.099+0000] {logging_mixin.py:188} INFO - [2025-09-19T04:12:03.098+0000] {dag.py:3823} INFO - Setting next_dagrun for example_params_trigger_ui to None, run_after=None
[2025-09-19T04:12:03.133+0000] {processor.py:183} INFO - Processing /home/airflow/.local/lib/python3.8/site-packages/airflow/example_dags/example_params_trigger_ui.py took 0.198 seconds
[2025-09-19T04:12:33.223+0000] {processor.py:161} INFO - Started process (PID=687) to work on /home/airflow/.local/lib/python3.8/site-packages/airflow/example_dags/example_params_trigger_ui.py
[2025-09-19T04:12:33.226+0000] {processor.py:830} INFO - Processing file /home/airflow/.local/lib/python3.8/site-packages/airflow/example_dags/example_params_trigger_ui.py for tasks to queue
[2025-09-19T04:12:33.229+0000] {logging_mixin.py:188} INFO - [2025-09-19T04:12:33.229+0000] {dagbag.py:538} INFO - Filling up the DagBag from /home/airflow/.local/lib/python3.8/site-packages/airflow/example_dags/example_params_trigger_ui.py
[2025-09-19T04:12:33.255+0000] {processor.py:840} INFO - DAG(s) 'example_params_trigger_ui' retrieved from /home/airflow/.local/lib/python3.8/site-packages/airflow/example_dags/example_params_trigger_ui.py
[2025-09-19T04:12:33.364+0000] {logging_mixin.py:188} INFO - [2025-09-19T04:12:33.364+0000] {dag.py:3036} INFO - Sync 1 DAGs
[2025-09-19T04:12:33.392+0000] {logging_mixin.py:188} INFO - [2025-09-19T04:12:33.391+0000] {dag.py:3823} INFO - Setting next_dagrun for example_params_trigger_ui to None, run_after=None
[2025-09-19T04:12:33.433+0000] {processor.py:183} INFO - Processing /home/airflow/.local/lib/python3.8/site-packages/airflow/example_dags/example_params_trigger_ui.py took 0.218 seconds
[2025-09-19T04:13:03.735+0000] {processor.py:161} INFO - Started process (PID=742) to work on /home/airflow/.local/lib/python3.8/site-packages/airflow/example_dags/example_params_trigger_ui.py
[2025-09-19T04:13:03.738+0000] {processor.py:830} INFO - Processing file /home/airflow/.local/lib/python3.8/site-packages/airflow/example_dags/example_params_trigger_ui.py for tasks to queue
[2025-09-19T04:13:03.743+0000] {logging_mixin.py:188} INFO - [2025-09-19T04:13:03.742+0000] {dagbag.py:538} INFO - Filling up the DagBag from /home/airflow/.local/lib/python3.8/site-packages/airflow/example_dags/example_params_trigger_ui.py
[2025-09-19T04:13:03.789+0000] {processor.py:840} INFO - DAG(s) 'example_params_trigger_ui' retrieved from /home/airflow/.local/lib/python3.8/site-packages/airflow/example_dags/example_params_trigger_ui.py
[2025-09-19T04:13:03.942+0000] {logging_mixin.py:188} INFO - [2025-09-19T04:13:03.941+0000] {dag.py:3036} INFO - Sync 1 DAGs
[2025-09-19T04:13:03.971+0000] {logging_mixin.py:188} INFO - [2025-09-19T04:13:03.970+0000] {dag.py:3823} INFO - Setting next_dagrun for example_params_trigger_ui to None, run_after=None
[2025-09-19T04:13:04.014+0000] {processor.py:183} INFO - Processing /home/airflow/.local/lib/python3.8/site-packages/airflow/example_dags/example_params_trigger_ui.py took 0.288 seconds
[2025-09-19T04:13:34.105+0000] {processor.py:161} INFO - Started process (PID=797) to work on /home/airflow/.local/lib/python3.8/site-packages/airflow/example_dags/example_params_trigger_ui.py
[2025-09-19T04:13:34.107+0000] {processor.py:830} INFO - Processing file /home/airflow/.local/lib/python3.8/site-packages/airflow/example_dags/example_params_trigger_ui.py for tasks to queue
[2025-09-19T04:13:34.110+0000] {logging_mixin.py:188} INFO - [2025-09-19T04:13:34.110+0000] {dagbag.py:538} INFO - Filling up the DagBag from /home/airflow/.local/lib/python3.8/site-packages/airflow/example_dags/example_params_trigger_ui.py
[2025-09-19T04:13:34.132+0000] {processor.py:840} INFO - DAG(s) 'example_params_trigger_ui' retrieved from /home/airflow/.local/lib/python3.8/site-packages/airflow/example_dags/example_params_trigger_ui.py
[2025-09-19T04:13:34.281+0000] {logging_mixin.py:188} INFO - [2025-09-19T04:13:34.280+0000] {dag.py:3036} INFO - Sync 1 DAGs
[2025-09-19T04:13:34.310+0000] {logging_mixin.py:188} INFO - [2025-09-19T04:13:34.309+0000] {dag.py:3823} INFO - Setting next_dagrun for example_params_trigger_ui to None, run_after=None
[2025-09-19T04:13:34.367+0000] {processor.py:183} INFO - Processing /home/airflow/.local/lib/python3.8/site-packages/airflow/example_dags/example_params_trigger_ui.py took 0.270 seconds
[2025-09-19T04:14:04.545+0000] {processor.py:161} INFO - Started process (PID=852) to work on /home/airflow/.local/lib/python3.8/site-packages/airflow/example_dags/example_params_trigger_ui.py
[2025-09-19T04:14:04.547+0000] {processor.py:830} INFO - Processing file /home/airflow/.local/lib/python3.8/site-packages/airflow/example_dags/example_params_trigger_ui.py for tasks to queue
[2025-09-19T04:14:04.551+0000] {logging_mixin.py:188} INFO - [2025-09-19T04:14:04.551+0000] {dagbag.py:538} INFO - Filling up the DagBag from /home/airflow/.local/lib/python3.8/site-packages/airflow/example_dags/example_params_trigger_ui.py
[2025-09-19T04:14:04.580+0000] {processor.py:840} INFO - DAG(s) 'example_params_trigger_ui' retrieved from /home/airflow/.local/lib/python3.8/site-packages/airflow/example_dags/example_params_trigger_ui.py
[2025-09-19T04:14:04.685+0000] {logging_mixin.py:188} INFO - [2025-09-19T04:14:04.685+0000] {dag.py:3036} INFO - Sync 1 DAGs
[2025-09-19T04:14:04.708+0000] {logging_mixin.py:188} INFO - [2025-09-19T04:14:04.708+0000] {dag.py:3823} INFO - Setting next_dagrun for example_params_trigger_ui to None, run_after=None
[2025-09-19T04:14:04.743+0000] {processor.py:183} INFO - Processing /home/airflow/.local/lib/python3.8/site-packages/airflow/example_dags/example_params_trigger_ui.py took 0.203 seconds
[2025-09-19T04:14:34.981+0000] {processor.py:161} INFO - Started process (PID=907) to work on /home/airflow/.local/lib/python3.8/site-packages/airflow/example_dags/example_params_trigger_ui.py
[2025-09-19T04:14:34.983+0000] {processor.py:830} INFO - Processing file /home/airflow/.local/lib/python3.8/site-packages/airflow/example_dags/example_params_trigger_ui.py for tasks to queue
[2025-09-19T04:14:34.986+0000] {logging_mixin.py:188} INFO - [2025-09-19T04:14:34.986+0000] {dagbag.py:538} INFO - Filling up the DagBag from /home/airflow/.local/lib/python3.8/site-packages/airflow/example_dags/example_params_trigger_ui.py
[2025-09-19T04:14:35.014+0000] {processor.py:840} INFO - DAG(s) 'example_params_trigger_ui' retrieved from /home/airflow/.local/lib/python3.8/site-packages/airflow/example_dags/example_params_trigger_ui.py
[2025-09-19T04:14:35.121+0000] {logging_mixin.py:188} INFO - [2025-09-19T04:14:35.120+0000] {dag.py:3036} INFO - Sync 1 DAGs
[2025-09-19T04:14:35.146+0000] {logging_mixin.py:188} INFO - [2025-09-19T04:14:35.146+0000] {dag.py:3823} INFO - Setting next_dagrun for example_params_trigger_ui to None, run_after=None
[2025-09-19T04:14:35.184+0000] {processor.py:183} INFO - Processing /home/airflow/.local/lib/python3.8/site-packages/airflow/example_dags/example_params_trigger_ui.py took 0.209 seconds
[2025-09-19T04:15:05.810+0000] {processor.py:161} INFO - Started process (PID=962) to work on /home/airflow/.local/lib/python3.8/site-packages/airflow/example_dags/example_params_trigger_ui.py
[2025-09-19T04:15:05.812+0000] {processor.py:830} INFO - Processing file /home/airflow/.local/lib/python3.8/site-packages/airflow/example_dags/example_params_trigger_ui.py for tasks to queue
[2025-09-19T04:15:05.815+0000] {logging_mixin.py:188} INFO - [2025-09-19T04:15:05.814+0000] {dagbag.py:538} INFO - Filling up the DagBag from /home/airflow/.local/lib/python3.8/site-packages/airflow/example_dags/example_params_trigger_ui.py
[2025-09-19T04:15:05.840+0000] {processor.py:840} INFO - DAG(s) 'example_params_trigger_ui' retrieved from /home/airflow/.local/lib/python3.8/site-packages/airflow/example_dags/example_params_trigger_ui.py
[2025-09-19T04:15:05.940+0000] {logging_mixin.py:188} INFO - [2025-09-19T04:15:05.940+0000] {dag.py:3036} INFO - Sync 1 DAGs
[2025-09-19T04:15:05.965+0000] {logging_mixin.py:188} INFO - [2025-09-19T04:15:05.964+0000] {dag.py:3823} INFO - Setting next_dagrun for example_params_trigger_ui to None, run_after=None
[2025-09-19T04:15:06.000+0000] {processor.py:183} INFO - Processing /home/airflow/.local/lib/python3.8/site-packages/airflow/example_dags/example_params_trigger_ui.py took 0.197 seconds
[2025-09-19T04:15:36.178+0000] {processor.py:161} INFO - Started process (PID=1017) to work on /home/airflow/.local/lib/python3.8/site-packages/airflow/example_dags/example_params_trigger_ui.py
[2025-09-19T04:15:36.180+0000] {processor.py:830} INFO - Processing file /home/airflow/.local/lib/python3.8/site-packages/airflow/example_dags/example_params_trigger_ui.py for tasks to queue
[2025-09-19T04:15:36.184+0000] {logging_mixin.py:188} INFO - [2025-09-19T04:15:36.183+0000] {dagbag.py:538} INFO - Filling up the DagBag from /home/airflow/.local/lib/python3.8/site-packages/airflow/example_dags/example_params_trigger_ui.py
[2025-09-19T04:15:36.208+0000] {processor.py:840} INFO - DAG(s) 'example_params_trigger_ui' retrieved from /home/airflow/.local/lib/python3.8/site-packages/airflow/example_dags/example_params_trigger_ui.py
[2025-09-19T04:15:36.307+0000] {logging_mixin.py:188} INFO - [2025-09-19T04:15:36.306+0000] {dag.py:3036} INFO - Sync 1 DAGs
[2025-09-19T04:15:36.332+0000] {logging_mixin.py:188} INFO - [2025-09-19T04:15:36.331+0000] {dag.py:3823} INFO - Setting next_dagrun for example_params_trigger_ui to None, run_after=None
[2025-09-19T04:15:36.367+0000] {processor.py:183} INFO - Processing /home/airflow/.local/lib/python3.8/site-packages/airflow/example_dags/example_params_trigger_ui.py took 0.196 seconds
[2025-09-19T04:16:06.655+0000] {processor.py:161} INFO - Started process (PID=1072) to work on /home/airflow/.local/lib/python3.8/site-packages/airflow/example_dags/example_params_trigger_ui.py
[2025-09-19T04:16:06.657+0000] {processor.py:830} INFO - Processing file /home/airflow/.local/lib/python3.8/site-packages/airflow/example_dags/example_params_trigger_ui.py for tasks to queue
[2025-09-19T04:16:06.661+0000] {logging_mixin.py:188} INFO - [2025-09-19T04:16:06.660+0000] {dagbag.py:538} INFO - Filling up the DagBag from /home/airflow/.local/lib/python3.8/site-packages/airflow/example_dags/example_params_trigger_ui.py
[2025-09-19T04:16:06.688+0000] {processor.py:840} INFO - DAG(s) 'example_params_trigger_ui' retrieved from /home/airflow/.local/lib/python3.8/site-packages/airflow/example_dags/example_params_trigger_ui.py
[2025-09-19T04:16:06.785+0000] {logging_mixin.py:188} INFO - [2025-09-19T04:16:06.785+0000] {dag.py:3036} INFO - Sync 1 DAGs
[2025-09-19T04:16:06.812+0000] {logging_mixin.py:188} INFO - [2025-09-19T04:16:06.811+0000] {dag.py:3823} INFO - Setting next_dagrun for example_params_trigger_ui to None, run_after=None
[2025-09-19T04:16:06.853+0000] {processor.py:183} INFO - Processing /home/airflow/.local/lib/python3.8/site-packages/airflow/example_dags/example_params_trigger_ui.py took 0.206 seconds
[2025-09-19T04:16:37.237+0000] {processor.py:161} INFO - Started process (PID=1127) to work on /home/airflow/.local/lib/python3.8/site-packages/airflow/example_dags/example_params_trigger_ui.py
[2025-09-19T04:16:37.239+0000] {processor.py:830} INFO - Processing file /home/airflow/.local/lib/python3.8/site-packages/airflow/example_dags/example_params_trigger_ui.py for tasks to queue
[2025-09-19T04:16:37.243+0000] {logging_mixin.py:188} INFO - [2025-09-19T04:16:37.242+0000] {dagbag.py:538} INFO - Filling up the DagBag from /home/airflow/.local/lib/python3.8/site-packages/airflow/example_dags/example_params_trigger_ui.py
[2025-09-19T04:16:37.272+0000] {processor.py:840} INFO - DAG(s) 'example_params_trigger_ui' retrieved from /home/airflow/.local/lib/python3.8/site-packages/airflow/example_dags/example_params_trigger_ui.py
[2025-09-19T04:16:37.374+0000] {logging_mixin.py:188} INFO - [2025-09-19T04:16:37.374+0000] {dag.py:3036} INFO - Sync 1 DAGs
[2025-09-19T04:16:37.398+0000] {logging_mixin.py:188} INFO - [2025-09-19T04:16:37.398+0000] {dag.py:3823} INFO - Setting next_dagrun for example_params_trigger_ui to None, run_after=None
[2025-09-19T04:16:37.434+0000] {processor.py:183} INFO - Processing /home/airflow/.local/lib/python3.8/site-packages/airflow/example_dags/example_params_trigger_ui.py took 0.203 seconds
[2025-09-19T04:17:07.831+0000] {processor.py:161} INFO - Started process (PID=1182) to work on /home/airflow/.local/lib/python3.8/site-packages/airflow/example_dags/example_params_trigger_ui.py
[2025-09-19T04:17:07.833+0000] {processor.py:830} INFO - Processing file /home/airflow/.local/lib/python3.8/site-packages/airflow/example_dags/example_params_trigger_ui.py for tasks to queue
[2025-09-19T04:17:07.836+0000] {logging_mixin.py:188} INFO - [2025-09-19T04:17:07.836+0000] {dagbag.py:538} INFO - Filling up the DagBag from /home/airflow/.local/lib/python3.8/site-packages/airflow/example_dags/example_params_trigger_ui.py
[2025-09-19T04:17:07.867+0000] {processor.py:840} INFO - DAG(s) 'example_params_trigger_ui' retrieved from /home/airflow/.local/lib/python3.8/site-packages/airflow/example_dags/example_params_trigger_ui.py
[2025-09-19T04:17:07.975+0000] {logging_mixin.py:188} INFO - [2025-09-19T04:17:07.974+0000] {dag.py:3036} INFO - Sync 1 DAGs
[2025-09-19T04:17:08.000+0000] {logging_mixin.py:188} INFO - [2025-09-19T04:17:08.000+0000] {dag.py:3823} INFO - Setting next_dagrun for example_params_trigger_ui to None, run_after=None
[2025-09-19T04:17:08.035+0000] {processor.py:183} INFO - Processing /home/airflow/.local/lib/python3.8/site-packages/airflow/example_dags/example_params_trigger_ui.py took 0.211 seconds
[2025-09-19T04:17:38.465+0000] {processor.py:161} INFO - Started process (PID=1237) to work on /home/airflow/.local/lib/python3.8/site-packages/airflow/example_dags/example_params_trigger_ui.py
[2025-09-19T04:17:38.467+0000] {processor.py:830} INFO - Processing file /home/airflow/.local/lib/python3.8/site-packages/airflow/example_dags/example_params_trigger_ui.py for tasks to queue
[2025-09-19T04:17:38.470+0000] {logging_mixin.py:188} INFO - [2025-09-19T04:17:38.469+0000] {dagbag.py:538} INFO - Filling up the DagBag from /home/airflow/.local/lib/python3.8/site-packages/airflow/example_dags/example_params_trigger_ui.py
[2025-09-19T04:17:38.494+0000] {processor.py:840} INFO - DAG(s) 'example_params_trigger_ui' retrieved from /home/airflow/.local/lib/python3.8/site-packages/airflow/example_dags/example_params_trigger_ui.py
[2025-09-19T04:17:38.592+0000] {logging_mixin.py:188} INFO - [2025-09-19T04:17:38.592+0000] {dag.py:3036} INFO - Sync 1 DAGs
[2025-09-19T04:17:38.617+0000] {logging_mixin.py:188} INFO - [2025-09-19T04:17:38.617+0000] {dag.py:3823} INFO - Setting next_dagrun for example_params_trigger_ui to None, run_after=None
[2025-09-19T04:17:38.654+0000] {processor.py:183} INFO - Processing /home/airflow/.local/lib/python3.8/site-packages/airflow/example_dags/example_params_trigger_ui.py took 0.195 seconds
[2025-09-19T04:18:08.815+0000] {processor.py:161} INFO - Started process (PID=1292) to work on /home/airflow/.local/lib/python3.8/site-packages/airflow/example_dags/example_params_trigger_ui.py
[2025-09-19T04:18:08.817+0000] {processor.py:830} INFO - Processing file /home/airflow/.local/lib/python3.8/site-packages/airflow/example_dags/example_params_trigger_ui.py for tasks to queue
[2025-09-19T04:18:08.821+0000] {logging_mixin.py:188} INFO - [2025-09-19T04:18:08.820+0000] {dagbag.py:538} INFO - Filling up the DagBag from /home/airflow/.local/lib/python3.8/site-packages/airflow/example_dags/example_params_trigger_ui.py
[2025-09-19T04:18:08.845+0000] {processor.py:840} INFO - DAG(s) 'example_params_trigger_ui' retrieved from /home/airflow/.local/lib/python3.8/site-packages/airflow/example_dags/example_params_trigger_ui.py
[2025-09-19T04:18:08.945+0000] {logging_mixin.py:188} INFO - [2025-09-19T04:18:08.945+0000] {dag.py:3036} INFO - Sync 1 DAGs
[2025-09-19T04:18:08.970+0000] {logging_mixin.py:188} INFO - [2025-09-19T04:18:08.969+0000] {dag.py:3823} INFO - Setting next_dagrun for example_params_trigger_ui to None, run_after=None
[2025-09-19T04:18:09.007+0000] {processor.py:183} INFO - Processing /home/airflow/.local/lib/python3.8/site-packages/airflow/example_dags/example_params_trigger_ui.py took 0.197 seconds
[2025-09-19T04:18:39.628+0000] {processor.py:161} INFO - Started process (PID=1347) to work on /home/airflow/.local/lib/python3.8/site-packages/airflow/example_dags/example_params_trigger_ui.py
[2025-09-19T04:18:39.629+0000] {processor.py:830} INFO - Processing file /home/airflow/.local/lib/python3.8/site-packages/airflow/example_dags/example_params_trigger_ui.py for tasks to queue
[2025-09-19T04:18:39.633+0000] {logging_mixin.py:188} INFO - [2025-09-19T04:18:39.632+0000] {dagbag.py:538} INFO - Filling up the DagBag from /home/airflow/.local/lib/python3.8/site-packages/airflow/example_dags/example_params_trigger_ui.py
[2025-09-19T04:18:39.658+0000] {processor.py:840} INFO - DAG(s) 'example_params_trigger_ui' retrieved from /home/airflow/.local/lib/python3.8/site-packages/airflow/example_dags/example_params_trigger_ui.py
[2025-09-19T04:18:39.756+0000] {logging_mixin.py:188} INFO - [2025-09-19T04:18:39.755+0000] {dag.py:3036} INFO - Sync 1 DAGs
[2025-09-19T04:18:39.778+0000] {logging_mixin.py:188} INFO - [2025-09-19T04:18:39.778+0000] {dag.py:3823} INFO - Setting next_dagrun for example_params_trigger_ui to None, run_after=None
[2025-09-19T04:18:39.814+0000] {processor.py:183} INFO - Processing /home/airflow/.local/lib/python3.8/site-packages/airflow/example_dags/example_params_trigger_ui.py took 0.192 seconds
[2025-09-19T04:19:09.973+0000] {processor.py:161} INFO - Started process (PID=1402) to work on /home/airflow/.local/lib/python3.8/site-packages/airflow/example_dags/example_params_trigger_ui.py
[2025-09-19T04:19:09.975+0000] {processor.py:830} INFO - Processing file /home/airflow/.local/lib/python3.8/site-packages/airflow/example_dags/example_params_trigger_ui.py for tasks to queue
[2025-09-19T04:19:09.979+0000] {logging_mixin.py:188} INFO - [2025-09-19T04:19:09.978+0000] {dagbag.py:538} INFO - Filling up the DagBag from /home/airflow/.local/lib/python3.8/site-packages/airflow/example_dags/example_params_trigger_ui.py
[2025-09-19T04:19:10.008+0000] {processor.py:840} INFO - DAG(s) 'example_params_trigger_ui' retrieved from /home/airflow/.local/lib/python3.8/site-packages/airflow/example_dags/example_params_trigger_ui.py
[2025-09-19T04:19:10.111+0000] {logging_mixin.py:188} INFO - [2025-09-19T04:19:10.110+0000] {dag.py:3036} INFO - Sync 1 DAGs
[2025-09-19T04:19:10.133+0000] {logging_mixin.py:188} INFO - [2025-09-19T04:19:10.133+0000] {dag.py:3823} INFO - Setting next_dagrun for example_params_trigger_ui to None, run_after=None
[2025-09-19T04:19:10.168+0000] {processor.py:183} INFO - Processing /home/airflow/.local/lib/python3.8/site-packages/airflow/example_dags/example_params_trigger_ui.py took 0.200 seconds
[2025-09-19T04:19:40.399+0000] {processor.py:161} INFO - Started process (PID=1457) to work on /home/airflow/.local/lib/python3.8/site-packages/airflow/example_dags/example_params_trigger_ui.py
[2025-09-19T04:19:40.406+0000] {processor.py:830} INFO - Processing file /home/airflow/.local/lib/python3.8/site-packages/airflow/example_dags/example_params_trigger_ui.py for tasks to queue
[2025-09-19T04:19:40.418+0000] {logging_mixin.py:188} INFO - [2025-09-19T04:19:40.417+0000] {dagbag.py:538} INFO - Filling up the DagBag from /home/airflow/.local/lib/python3.8/site-packages/airflow/example_dags/example_params_trigger_ui.py
[2025-09-19T04:19:40.446+0000] {processor.py:840} INFO - DAG(s) 'example_params_trigger_ui' retrieved from /home/airflow/.local/lib/python3.8/site-packages/airflow/example_dags/example_params_trigger_ui.py
[2025-09-19T04:19:40.568+0000] {logging_mixin.py:188} INFO - [2025-09-19T04:19:40.567+0000] {dag.py:3036} INFO - Sync 1 DAGs
[2025-09-19T04:19:40.595+0000] {logging_mixin.py:188} INFO - [2025-09-19T04:19:40.594+0000] {dag.py:3823} INFO - Setting next_dagrun for example_params_trigger_ui to None, run_after=None
[2025-09-19T04:19:40.664+0000] {processor.py:183} INFO - Processing /home/airflow/.local/lib/python3.8/site-packages/airflow/example_dags/example_params_trigger_ui.py took 0.284 seconds
[2025-09-19T04:20:11.260+0000] {processor.py:161} INFO - Started process (PID=1512) to work on /home/airflow/.local/lib/python3.8/site-packages/airflow/example_dags/example_params_trigger_ui.py
[2025-09-19T04:20:11.262+0000] {processor.py:830} INFO - Processing file /home/airflow/.local/lib/python3.8/site-packages/airflow/example_dags/example_params_trigger_ui.py for tasks to queue
[2025-09-19T04:20:11.265+0000] {logging_mixin.py:188} INFO - [2025-09-19T04:20:11.264+0000] {dagbag.py:538} INFO - Filling up the DagBag from /home/airflow/.local/lib/python3.8/site-packages/airflow/example_dags/example_params_trigger_ui.py
[2025-09-19T04:20:11.289+0000] {processor.py:840} INFO - DAG(s) 'example_params_trigger_ui' retrieved from /home/airflow/.local/lib/python3.8/site-packages/airflow/example_dags/example_params_trigger_ui.py
[2025-09-19T04:20:11.396+0000] {logging_mixin.py:188} INFO - [2025-09-19T04:20:11.396+0000] {dag.py:3036} INFO - Sync 1 DAGs
[2025-09-19T04:20:11.421+0000] {logging_mixin.py:188} INFO - [2025-09-19T04:20:11.421+0000] {dag.py:3823} INFO - Setting next_dagrun for example_params_trigger_ui to None, run_after=None
[2025-09-19T04:20:11.467+0000] {processor.py:183} INFO - Processing /home/airflow/.local/lib/python3.8/site-packages/airflow/example_dags/example_params_trigger_ui.py took 0.213 seconds
[2025-09-19T04:20:41.642+0000] {processor.py:161} INFO - Started process (PID=1567) to work on /home/airflow/.local/lib/python3.8/site-packages/airflow/example_dags/example_params_trigger_ui.py
[2025-09-19T04:20:41.644+0000] {processor.py:830} INFO - Processing file /home/airflow/.local/lib/python3.8/site-packages/airflow/example_dags/example_params_trigger_ui.py for tasks to queue
[2025-09-19T04:20:41.647+0000] {logging_mixin.py:188} INFO - [2025-09-19T04:20:41.647+0000] {dagbag.py:538} INFO - Filling up the DagBag from /home/airflow/.local/lib/python3.8/site-packages/airflow/example_dags/example_params_trigger_ui.py
[2025-09-19T04:20:41.672+0000] {processor.py:840} INFO - DAG(s) 'example_params_trigger_ui' retrieved from /home/airflow/.local/lib/python3.8/site-packages/airflow/example_dags/example_params_trigger_ui.py
[2025-09-19T04:20:41.778+0000] {logging_mixin.py:188} INFO - [2025-09-19T04:20:41.778+0000] {dag.py:3036} INFO - Sync 1 DAGs
[2025-09-19T04:20:41.802+0000] {logging_mixin.py:188} INFO - [2025-09-19T04:20:41.801+0000] {dag.py:3823} INFO - Setting next_dagrun for example_params_trigger_ui to None, run_after=None
[2025-09-19T04:20:41.838+0000] {processor.py:183} INFO - Processing /home/airflow/.local/lib/python3.8/site-packages/airflow/example_dags/example_params_trigger_ui.py took 0.201 seconds
[2025-09-19T04:21:12.237+0000] {processor.py:161} INFO - Started process (PID=1622) to work on /home/airflow/.local/lib/python3.8/site-packages/airflow/example_dags/example_params_trigger_ui.py
[2025-09-19T04:21:12.239+0000] {processor.py:830} INFO - Processing file /home/airflow/.local/lib/python3.8/site-packages/airflow/example_dags/example_params_trigger_ui.py for tasks to queue
[2025-09-19T04:21:12.242+0000] {logging_mixin.py:188} INFO - [2025-09-19T04:21:12.241+0000] {dagbag.py:538} INFO - Filling up the DagBag from /home/airflow/.local/lib/python3.8/site-packages/airflow/example_dags/example_params_trigger_ui.py
[2025-09-19T04:21:12.274+0000] {processor.py:840} INFO - DAG(s) 'example_params_trigger_ui' retrieved from /home/airflow/.local/lib/python3.8/site-packages/airflow/example_dags/example_params_trigger_ui.py
[2025-09-19T04:21:12.380+0000] {logging_mixin.py:188} INFO - [2025-09-19T04:21:12.380+0000] {dag.py:3036} INFO - Sync 1 DAGs
[2025-09-19T04:21:12.405+0000] {logging_mixin.py:188} INFO - [2025-09-19T04:21:12.405+0000] {dag.py:3823} INFO - Setting next_dagrun for example_params_trigger_ui to None, run_after=None
[2025-09-19T04:21:12.446+0000] {processor.py:183} INFO - Processing /home/airflow/.local/lib/python3.8/site-packages/airflow/example_dags/example_params_trigger_ui.py took 0.215 seconds
[2025-09-19T04:21:42.565+0000] {processor.py:161} INFO - Started process (PID=1677) to work on /home/airflow/.local/lib/python3.8/site-packages/airflow/example_dags/example_params_trigger_ui.py
[2025-09-19T04:21:42.567+0000] {processor.py:830} INFO - Processing file /home/airflow/.local/lib/python3.8/site-packages/airflow/example_dags/example_params_trigger_ui.py for tasks to queue
[2025-09-19T04:21:42.570+0000] {logging_mixin.py:188} INFO - [2025-09-19T04:21:42.570+0000] {dagbag.py:538} INFO - Filling up the DagBag from /home/airflow/.local/lib/python3.8/site-packages/airflow/example_dags/example_params_trigger_ui.py
[2025-09-19T04:21:42.596+0000] {processor.py:840} INFO - DAG(s) 'example_params_trigger_ui' retrieved from /home/airflow/.local/lib/python3.8/site-packages/airflow/example_dags/example_params_trigger_ui.py
[2025-09-19T04:21:42.692+0000] {logging_mixin.py:188} INFO - [2025-09-19T04:21:42.692+0000] {dag.py:3036} INFO - Sync 1 DAGs
[2025-09-19T04:21:42.714+0000] {logging_mixin.py:188} INFO - [2025-09-19T04:21:42.714+0000] {dag.py:3823} INFO - Setting next_dagrun for example_params_trigger_ui to None, run_after=None
[2025-09-19T04:21:42.749+0000] {processor.py:183} INFO - Processing /home/airflow/.local/lib/python3.8/site-packages/airflow/example_dags/example_params_trigger_ui.py took 0.190 seconds
[2025-09-19T04:22:12.860+0000] {processor.py:161} INFO - Started process (PID=1732) to work on /home/airflow/.local/lib/python3.8/site-packages/airflow/example_dags/example_params_trigger_ui.py
[2025-09-19T04:22:12.862+0000] {processor.py:830} INFO - Processing file /home/airflow/.local/lib/python3.8/site-packages/airflow/example_dags/example_params_trigger_ui.py for tasks to queue
[2025-09-19T04:22:12.865+0000] {logging_mixin.py:188} INFO - [2025-09-19T04:22:12.865+0000] {dagbag.py:538} INFO - Filling up the DagBag from /home/airflow/.local/lib/python3.8/site-packages/airflow/example_dags/example_params_trigger_ui.py
[2025-09-19T04:22:12.890+0000] {processor.py:840} INFO - DAG(s) 'example_params_trigger_ui' retrieved from /home/airflow/.local/lib/python3.8/site-packages/airflow/example_dags/example_params_trigger_ui.py
[2025-09-19T04:22:12.991+0000] {logging_mixin.py:188} INFO - [2025-09-19T04:22:12.990+0000] {dag.py:3036} INFO - Sync 1 DAGs
[2025-09-19T04:22:13.013+0000] {logging_mixin.py:188} INFO - [2025-09-19T04:22:13.013+0000] {dag.py:3823} INFO - Setting next_dagrun for example_params_trigger_ui to None, run_after=None
[2025-09-19T04:22:13.048+0000] {processor.py:183} INFO - Processing /home/airflow/.local/lib/python3.8/site-packages/airflow/example_dags/example_params_trigger_ui.py took 0.193 seconds
[2025-09-19T04:22:43.330+0000] {processor.py:161} INFO - Started process (PID=1787) to work on /home/airflow/.local/lib/python3.8/site-packages/airflow/example_dags/example_params_trigger_ui.py
[2025-09-19T04:22:43.332+0000] {processor.py:830} INFO - Processing file /home/airflow/.local/lib/python3.8/site-packages/airflow/example_dags/example_params_trigger_ui.py for tasks to queue
[2025-09-19T04:22:43.336+0000] {logging_mixin.py:188} INFO - [2025-09-19T04:22:43.335+0000] {dagbag.py:538} INFO - Filling up the DagBag from /home/airflow/.local/lib/python3.8/site-packages/airflow/example_dags/example_params_trigger_ui.py
[2025-09-19T04:22:43.360+0000] {processor.py:840} INFO - DAG(s) 'example_params_trigger_ui' retrieved from /home/airflow/.local/lib/python3.8/site-packages/airflow/example_dags/example_params_trigger_ui.py
[2025-09-19T04:22:43.470+0000] {logging_mixin.py:188} INFO - [2025-09-19T04:22:43.470+0000] {dag.py:3036} INFO - Sync 1 DAGs
[2025-09-19T04:22:43.494+0000] {logging_mixin.py:188} INFO - [2025-09-19T04:22:43.493+0000] {dag.py:3823} INFO - Setting next_dagrun for example_params_trigger_ui to None, run_after=None
[2025-09-19T04:22:43.528+0000] {processor.py:183} INFO - Processing /home/airflow/.local/lib/python3.8/site-packages/airflow/example_dags/example_params_trigger_ui.py took 0.203 seconds
[2025-09-19T04:23:14.083+0000] {processor.py:161} INFO - Started process (PID=1840) to work on /home/airflow/.local/lib/python3.8/site-packages/airflow/example_dags/example_params_trigger_ui.py
[2025-09-19T04:23:14.085+0000] {processor.py:830} INFO - Processing file /home/airflow/.local/lib/python3.8/site-packages/airflow/example_dags/example_params_trigger_ui.py for tasks to queue
[2025-09-19T04:23:14.089+0000] {logging_mixin.py:188} INFO - [2025-09-19T04:23:14.088+0000] {dagbag.py:538} INFO - Filling up the DagBag from /home/airflow/.local/lib/python3.8/site-packages/airflow/example_dags/example_params_trigger_ui.py
[2025-09-19T04:23:14.114+0000] {processor.py:840} INFO - DAG(s) 'example_params_trigger_ui' retrieved from /home/airflow/.local/lib/python3.8/site-packages/airflow/example_dags/example_params_trigger_ui.py
[2025-09-19T04:23:14.210+0000] {logging_mixin.py:188} INFO - [2025-09-19T04:23:14.209+0000] {dag.py:3036} INFO - Sync 1 DAGs
[2025-09-19T04:23:14.231+0000] {logging_mixin.py:188} INFO - [2025-09-19T04:23:14.231+0000] {dag.py:3823} INFO - Setting next_dagrun for example_params_trigger_ui to None, run_after=None
[2025-09-19T04:23:14.267+0000] {processor.py:183} INFO - Processing /home/airflow/.local/lib/python3.8/site-packages/airflow/example_dags/example_params_trigger_ui.py took 0.189 seconds
[2025-09-19T04:23:44.525+0000] {processor.py:161} INFO - Started process (PID=1895) to work on /home/airflow/.local/lib/python3.8/site-packages/airflow/example_dags/example_params_trigger_ui.py
[2025-09-19T04:23:44.527+0000] {processor.py:830} INFO - Processing file /home/airflow/.local/lib/python3.8/site-packages/airflow/example_dags/example_params_trigger_ui.py for tasks to queue
[2025-09-19T04:23:44.531+0000] {logging_mixin.py:188} INFO - [2025-09-19T04:23:44.530+0000] {dagbag.py:538} INFO - Filling up the DagBag from /home/airflow/.local/lib/python3.8/site-packages/airflow/example_dags/example_params_trigger_ui.py
[2025-09-19T04:23:44.555+0000] {processor.py:840} INFO - DAG(s) 'example_params_trigger_ui' retrieved from /home/airflow/.local/lib/python3.8/site-packages/airflow/example_dags/example_params_trigger_ui.py
[2025-09-19T04:23:44.653+0000] {logging_mixin.py:188} INFO - [2025-09-19T04:23:44.652+0000] {dag.py:3036} INFO - Sync 1 DAGs
[2025-09-19T04:23:44.677+0000] {logging_mixin.py:188} INFO - [2025-09-19T04:23:44.677+0000] {dag.py:3823} INFO - Setting next_dagrun for example_params_trigger_ui to None, run_after=None
[2025-09-19T04:23:44.718+0000] {processor.py:183} INFO - Processing /home/airflow/.local/lib/python3.8/site-packages/airflow/example_dags/example_params_trigger_ui.py took 0.198 seconds
[2025-09-19T04:24:15.065+0000] {processor.py:161} INFO - Started process (PID=1950) to work on /home/airflow/.local/lib/python3.8/site-packages/airflow/example_dags/example_params_trigger_ui.py
[2025-09-19T04:24:15.068+0000] {processor.py:830} INFO - Processing file /home/airflow/.local/lib/python3.8/site-packages/airflow/example_dags/example_params_trigger_ui.py for tasks to queue
[2025-09-19T04:24:15.072+0000] {logging_mixin.py:188} INFO - [2025-09-19T04:24:15.071+0000] {dagbag.py:538} INFO - Filling up the DagBag from /home/airflow/.local/lib/python3.8/site-packages/airflow/example_dags/example_params_trigger_ui.py
[2025-09-19T04:24:15.103+0000] {processor.py:840} INFO - DAG(s) 'example_params_trigger_ui' retrieved from /home/airflow/.local/lib/python3.8/site-packages/airflow/example_dags/example_params_trigger_ui.py
[2025-09-19T04:24:15.217+0000] {logging_mixin.py:188} INFO - [2025-09-19T04:24:15.217+0000] {dag.py:3036} INFO - Sync 1 DAGs
[2025-09-19T04:24:15.248+0000] {logging_mixin.py:188} INFO - [2025-09-19T04:24:15.247+0000] {dag.py:3823} INFO - Setting next_dagrun for example_params_trigger_ui to None, run_after=None
[2025-09-19T04:24:15.292+0000] {processor.py:183} INFO - Processing /home/airflow/.local/lib/python3.8/site-packages/airflow/example_dags/example_params_trigger_ui.py took 0.235 seconds
[2025-09-19T04:24:45.431+0000] {processor.py:161} INFO - Started process (PID=2006) to work on /home/airflow/.local/lib/python3.8/site-packages/airflow/example_dags/example_params_trigger_ui.py
[2025-09-19T04:24:45.433+0000] {processor.py:830} INFO - Processing file /home/airflow/.local/lib/python3.8/site-packages/airflow/example_dags/example_params_trigger_ui.py for tasks to queue
[2025-09-19T04:24:45.436+0000] {logging_mixin.py:188} INFO - [2025-09-19T04:24:45.435+0000] {dagbag.py:538} INFO - Filling up the DagBag from /home/airflow/.local/lib/python3.8/site-packages/airflow/example_dags/example_params_trigger_ui.py
[2025-09-19T04:24:45.460+0000] {processor.py:840} INFO - DAG(s) 'example_params_trigger_ui' retrieved from /home/airflow/.local/lib/python3.8/site-packages/airflow/example_dags/example_params_trigger_ui.py
[2025-09-19T04:24:45.562+0000] {logging_mixin.py:188} INFO - [2025-09-19T04:24:45.562+0000] {dag.py:3036} INFO - Sync 1 DAGs
[2025-09-19T04:24:45.585+0000] {logging_mixin.py:188} INFO - [2025-09-19T04:24:45.585+0000] {dag.py:3823} INFO - Setting next_dagrun for example_params_trigger_ui to None, run_after=None
[2025-09-19T04:24:45.622+0000] {processor.py:183} INFO - Processing /home/airflow/.local/lib/python3.8/site-packages/airflow/example_dags/example_params_trigger_ui.py took 0.196 seconds
[2025-09-19T04:25:15.780+0000] {processor.py:161} INFO - Started process (PID=2061) to work on /home/airflow/.local/lib/python3.8/site-packages/airflow/example_dags/example_params_trigger_ui.py
[2025-09-19T04:25:15.782+0000] {processor.py:830} INFO - Processing file /home/airflow/.local/lib/python3.8/site-packages/airflow/example_dags/example_params_trigger_ui.py for tasks to queue
[2025-09-19T04:25:15.786+0000] {logging_mixin.py:188} INFO - [2025-09-19T04:25:15.785+0000] {dagbag.py:538} INFO - Filling up the DagBag from /home/airflow/.local/lib/python3.8/site-packages/airflow/example_dags/example_params_trigger_ui.py
[2025-09-19T04:25:15.812+0000] {processor.py:840} INFO - DAG(s) 'example_params_trigger_ui' retrieved from /home/airflow/.local/lib/python3.8/site-packages/airflow/example_dags/example_params_trigger_ui.py
[2025-09-19T04:25:15.928+0000] {logging_mixin.py:188} INFO - [2025-09-19T04:25:15.928+0000] {dag.py:3036} INFO - Sync 1 DAGs
[2025-09-19T04:25:15.959+0000] {logging_mixin.py:188} INFO - [2025-09-19T04:25:15.958+0000] {dag.py:3823} INFO - Setting next_dagrun for example_params_trigger_ui to None, run_after=None
[2025-09-19T04:25:16.001+0000] {processor.py:183} INFO - Processing /home/airflow/.local/lib/python3.8/site-packages/airflow/example_dags/example_params_trigger_ui.py took 0.226 seconds
[2025-09-19T04:25:46.186+0000] {processor.py:161} INFO - Started process (PID=2117) to work on /home/airflow/.local/lib/python3.8/site-packages/airflow/example_dags/example_params_trigger_ui.py
[2025-09-19T04:25:46.188+0000] {processor.py:830} INFO - Processing file /home/airflow/.local/lib/python3.8/site-packages/airflow/example_dags/example_params_trigger_ui.py for tasks to queue
[2025-09-19T04:25:46.193+0000] {logging_mixin.py:188} INFO - [2025-09-19T04:25:46.192+0000] {dagbag.py:538} INFO - Filling up the DagBag from /home/airflow/.local/lib/python3.8/site-packages/airflow/example_dags/example_params_trigger_ui.py
[2025-09-19T04:25:46.219+0000] {processor.py:840} INFO - DAG(s) 'example_params_trigger_ui' retrieved from /home/airflow/.local/lib/python3.8/site-packages/airflow/example_dags/example_params_trigger_ui.py
[2025-09-19T04:25:46.320+0000] {logging_mixin.py:188} INFO - [2025-09-19T04:25:46.320+0000] {dag.py:3036} INFO - Sync 1 DAGs
[2025-09-19T04:25:46.349+0000] {logging_mixin.py:188} INFO - [2025-09-19T04:25:46.348+0000] {dag.py:3823} INFO - Setting next_dagrun for example_params_trigger_ui to None, run_after=None
[2025-09-19T04:25:46.388+0000] {processor.py:183} INFO - Processing /home/airflow/.local/lib/python3.8/site-packages/airflow/example_dags/example_params_trigger_ui.py took 0.208 seconds
[2025-09-19T04:26:16.623+0000] {processor.py:161} INFO - Started process (PID=2173) to work on /home/airflow/.local/lib/python3.8/site-packages/airflow/example_dags/example_params_trigger_ui.py
[2025-09-19T04:26:16.625+0000] {processor.py:830} INFO - Processing file /home/airflow/.local/lib/python3.8/site-packages/airflow/example_dags/example_params_trigger_ui.py for tasks to queue
[2025-09-19T04:26:16.629+0000] {logging_mixin.py:188} INFO - [2025-09-19T04:26:16.628+0000] {dagbag.py:538} INFO - Filling up the DagBag from /home/airflow/.local/lib/python3.8/site-packages/airflow/example_dags/example_params_trigger_ui.py
[2025-09-19T04:26:16.653+0000] {processor.py:840} INFO - DAG(s) 'example_params_trigger_ui' retrieved from /home/airflow/.local/lib/python3.8/site-packages/airflow/example_dags/example_params_trigger_ui.py
[2025-09-19T04:26:16.766+0000] {logging_mixin.py:188} INFO - [2025-09-19T04:26:16.765+0000] {dag.py:3036} INFO - Sync 1 DAGs
[2025-09-19T04:26:16.790+0000] {logging_mixin.py:188} INFO - [2025-09-19T04:26:16.789+0000] {dag.py:3823} INFO - Setting next_dagrun for example_params_trigger_ui to None, run_after=None
[2025-09-19T04:26:16.827+0000] {processor.py:183} INFO - Processing /home/airflow/.local/lib/python3.8/site-packages/airflow/example_dags/example_params_trigger_ui.py took 0.210 seconds
[2025-09-19T04:26:47.154+0000] {processor.py:161} INFO - Started process (PID=2226) to work on /home/airflow/.local/lib/python3.8/site-packages/airflow/example_dags/example_params_trigger_ui.py
[2025-09-19T04:26:47.156+0000] {processor.py:830} INFO - Processing file /home/airflow/.local/lib/python3.8/site-packages/airflow/example_dags/example_params_trigger_ui.py for tasks to queue
[2025-09-19T04:26:47.160+0000] {logging_mixin.py:188} INFO - [2025-09-19T04:26:47.160+0000] {dagbag.py:538} INFO - Filling up the DagBag from /home/airflow/.local/lib/python3.8/site-packages/airflow/example_dags/example_params_trigger_ui.py
[2025-09-19T04:26:47.185+0000] {processor.py:840} INFO - DAG(s) 'example_params_trigger_ui' retrieved from /home/airflow/.local/lib/python3.8/site-packages/airflow/example_dags/example_params_trigger_ui.py
[2025-09-19T04:26:47.287+0000] {logging_mixin.py:188} INFO - [2025-09-19T04:26:47.287+0000] {dag.py:3036} INFO - Sync 1 DAGs
[2025-09-19T04:26:47.313+0000] {logging_mixin.py:188} INFO - [2025-09-19T04:26:47.312+0000] {dag.py:3823} INFO - Setting next_dagrun for example_params_trigger_ui to None, run_after=None
[2025-09-19T04:26:47.350+0000] {processor.py:183} INFO - Processing /home/airflow/.local/lib/python3.8/site-packages/airflow/example_dags/example_params_trigger_ui.py took 0.202 seconds
[2025-09-19T04:27:17.414+0000] {processor.py:161} INFO - Started process (PID=2282) to work on /home/airflow/.local/lib/python3.8/site-packages/airflow/example_dags/example_params_trigger_ui.py
[2025-09-19T04:27:17.416+0000] {processor.py:830} INFO - Processing file /home/airflow/.local/lib/python3.8/site-packages/airflow/example_dags/example_params_trigger_ui.py for tasks to queue
[2025-09-19T04:27:17.420+0000] {logging_mixin.py:188} INFO - [2025-09-19T04:27:17.419+0000] {dagbag.py:538} INFO - Filling up the DagBag from /home/airflow/.local/lib/python3.8/site-packages/airflow/example_dags/example_params_trigger_ui.py
[2025-09-19T04:27:17.447+0000] {processor.py:840} INFO - DAG(s) 'example_params_trigger_ui' retrieved from /home/airflow/.local/lib/python3.8/site-packages/airflow/example_dags/example_params_trigger_ui.py
[2025-09-19T04:27:17.550+0000] {logging_mixin.py:188} INFO - [2025-09-19T04:27:17.550+0000] {dag.py:3036} INFO - Sync 1 DAGs
[2025-09-19T04:27:17.575+0000] {logging_mixin.py:188} INFO - [2025-09-19T04:27:17.574+0000] {dag.py:3823} INFO - Setting next_dagrun for example_params_trigger_ui to None, run_after=None
[2025-09-19T04:27:17.617+0000] {processor.py:183} INFO - Processing /home/airflow/.local/lib/python3.8/site-packages/airflow/example_dags/example_params_trigger_ui.py took 0.209 seconds
[2025-09-19T04:27:47.796+0000] {processor.py:161} INFO - Started process (PID=2336) to work on /home/airflow/.local/lib/python3.8/site-packages/airflow/example_dags/example_params_trigger_ui.py
[2025-09-19T04:27:47.798+0000] {processor.py:830} INFO - Processing file /home/airflow/.local/lib/python3.8/site-packages/airflow/example_dags/example_params_trigger_ui.py for tasks to queue
[2025-09-19T04:27:47.802+0000] {logging_mixin.py:188} INFO - [2025-09-19T04:27:47.801+0000] {dagbag.py:538} INFO - Filling up the DagBag from /home/airflow/.local/lib/python3.8/site-packages/airflow/example_dags/example_params_trigger_ui.py
[2025-09-19T04:27:47.826+0000] {processor.py:840} INFO - DAG(s) 'example_params_trigger_ui' retrieved from /home/airflow/.local/lib/python3.8/site-packages/airflow/example_dags/example_params_trigger_ui.py
[2025-09-19T04:27:47.926+0000] {logging_mixin.py:188} INFO - [2025-09-19T04:27:47.926+0000] {dag.py:3036} INFO - Sync 1 DAGs
[2025-09-19T04:27:47.949+0000] {logging_mixin.py:188} INFO - [2025-09-19T04:27:47.948+0000] {dag.py:3823} INFO - Setting next_dagrun for example_params_trigger_ui to None, run_after=None
[2025-09-19T04:27:47.986+0000] {processor.py:183} INFO - Processing /home/airflow/.local/lib/python3.8/site-packages/airflow/example_dags/example_params_trigger_ui.py took 0.196 seconds
[2025-09-19T04:28:18.219+0000] {processor.py:161} INFO - Started process (PID=2391) to work on /home/airflow/.local/lib/python3.8/site-packages/airflow/example_dags/example_params_trigger_ui.py
[2025-09-19T04:28:18.221+0000] {processor.py:830} INFO - Processing file /home/airflow/.local/lib/python3.8/site-packages/airflow/example_dags/example_params_trigger_ui.py for tasks to queue
[2025-09-19T04:28:18.225+0000] {logging_mixin.py:188} INFO - [2025-09-19T04:28:18.224+0000] {dagbag.py:538} INFO - Filling up the DagBag from /home/airflow/.local/lib/python3.8/site-packages/airflow/example_dags/example_params_trigger_ui.py
[2025-09-19T04:28:18.251+0000] {processor.py:840} INFO - DAG(s) 'example_params_trigger_ui' retrieved from /home/airflow/.local/lib/python3.8/site-packages/airflow/example_dags/example_params_trigger_ui.py
[2025-09-19T04:28:18.353+0000] {logging_mixin.py:188} INFO - [2025-09-19T04:28:18.353+0000] {dag.py:3036} INFO - Sync 1 DAGs
[2025-09-19T04:28:18.379+0000] {logging_mixin.py:188} INFO - [2025-09-19T04:28:18.379+0000] {dag.py:3823} INFO - Setting next_dagrun for example_params_trigger_ui to None, run_after=None
[2025-09-19T04:28:18.424+0000] {processor.py:183} INFO - Processing /home/airflow/.local/lib/python3.8/site-packages/airflow/example_dags/example_params_trigger_ui.py took 0.210 seconds
[2025-09-19T04:28:48.869+0000] {processor.py:161} INFO - Started process (PID=2446) to work on /home/airflow/.local/lib/python3.8/site-packages/airflow/example_dags/example_params_trigger_ui.py
[2025-09-19T04:28:48.871+0000] {processor.py:830} INFO - Processing file /home/airflow/.local/lib/python3.8/site-packages/airflow/example_dags/example_params_trigger_ui.py for tasks to queue
[2025-09-19T04:28:48.875+0000] {logging_mixin.py:188} INFO - [2025-09-19T04:28:48.874+0000] {dagbag.py:538} INFO - Filling up the DagBag from /home/airflow/.local/lib/python3.8/site-packages/airflow/example_dags/example_params_trigger_ui.py
[2025-09-19T04:28:48.900+0000] {processor.py:840} INFO - DAG(s) 'example_params_trigger_ui' retrieved from /home/airflow/.local/lib/python3.8/site-packages/airflow/example_dags/example_params_trigger_ui.py
[2025-09-19T04:28:48.999+0000] {logging_mixin.py:188} INFO - [2025-09-19T04:28:48.999+0000] {dag.py:3036} INFO - Sync 1 DAGs
[2025-09-19T04:28:49.023+0000] {logging_mixin.py:188} INFO - [2025-09-19T04:28:49.023+0000] {dag.py:3823} INFO - Setting next_dagrun for example_params_trigger_ui to None, run_after=None
[2025-09-19T04:28:49.060+0000] {processor.py:183} INFO - Processing /home/airflow/.local/lib/python3.8/site-packages/airflow/example_dags/example_params_trigger_ui.py took 0.196 seconds
[2025-09-19T04:29:19.242+0000] {processor.py:161} INFO - Started process (PID=2501) to work on /home/airflow/.local/lib/python3.8/site-packages/airflow/example_dags/example_params_trigger_ui.py
[2025-09-19T04:29:19.245+0000] {processor.py:830} INFO - Processing file /home/airflow/.local/lib/python3.8/site-packages/airflow/example_dags/example_params_trigger_ui.py for tasks to queue
[2025-09-19T04:29:19.248+0000] {logging_mixin.py:188} INFO - [2025-09-19T04:29:19.248+0000] {dagbag.py:538} INFO - Filling up the DagBag from /home/airflow/.local/lib/python3.8/site-packages/airflow/example_dags/example_params_trigger_ui.py
[2025-09-19T04:29:19.277+0000] {processor.py:840} INFO - DAG(s) 'example_params_trigger_ui' retrieved from /home/airflow/.local/lib/python3.8/site-packages/airflow/example_dags/example_params_trigger_ui.py
[2025-09-19T04:29:19.388+0000] {logging_mixin.py:188} INFO - [2025-09-19T04:29:19.387+0000] {dag.py:3036} INFO - Sync 1 DAGs
[2025-09-19T04:29:19.413+0000] {logging_mixin.py:188} INFO - [2025-09-19T04:29:19.412+0000] {dag.py:3823} INFO - Setting next_dagrun for example_params_trigger_ui to None, run_after=None
[2025-09-19T04:29:19.458+0000] {processor.py:183} INFO - Processing /home/airflow/.local/lib/python3.8/site-packages/airflow/example_dags/example_params_trigger_ui.py took 0.224 seconds
[2025-09-19T04:29:49.518+0000] {processor.py:161} INFO - Started process (PID=2557) to work on /home/airflow/.local/lib/python3.8/site-packages/airflow/example_dags/example_params_trigger_ui.py
[2025-09-19T04:29:49.520+0000] {processor.py:830} INFO - Processing file /home/airflow/.local/lib/python3.8/site-packages/airflow/example_dags/example_params_trigger_ui.py for tasks to queue
[2025-09-19T04:29:49.524+0000] {logging_mixin.py:188} INFO - [2025-09-19T04:29:49.523+0000] {dagbag.py:538} INFO - Filling up the DagBag from /home/airflow/.local/lib/python3.8/site-packages/airflow/example_dags/example_params_trigger_ui.py
[2025-09-19T04:29:49.548+0000] {processor.py:840} INFO - DAG(s) 'example_params_trigger_ui' retrieved from /home/airflow/.local/lib/python3.8/site-packages/airflow/example_dags/example_params_trigger_ui.py
[2025-09-19T04:29:49.661+0000] {logging_mixin.py:188} INFO - [2025-09-19T04:29:49.660+0000] {dag.py:3036} INFO - Sync 1 DAGs
[2025-09-19T04:29:49.691+0000] {logging_mixin.py:188} INFO - [2025-09-19T04:29:49.690+0000] {dag.py:3823} INFO - Setting next_dagrun for example_params_trigger_ui to None, run_after=None
[2025-09-19T04:29:49.734+0000] {processor.py:183} INFO - Processing /home/airflow/.local/lib/python3.8/site-packages/airflow/example_dags/example_params_trigger_ui.py took 0.223 seconds
[2025-09-19T04:30:20.549+0000] {processor.py:161} INFO - Started process (PID=2611) to work on /home/airflow/.local/lib/python3.8/site-packages/airflow/example_dags/example_params_trigger_ui.py
[2025-09-19T04:30:20.551+0000] {processor.py:830} INFO - Processing file /home/airflow/.local/lib/python3.8/site-packages/airflow/example_dags/example_params_trigger_ui.py for tasks to queue
[2025-09-19T04:30:20.555+0000] {logging_mixin.py:188} INFO - [2025-09-19T04:30:20.554+0000] {dagbag.py:538} INFO - Filling up the DagBag from /home/airflow/.local/lib/python3.8/site-packages/airflow/example_dags/example_params_trigger_ui.py
[2025-09-19T04:30:20.581+0000] {processor.py:840} INFO - DAG(s) 'example_params_trigger_ui' retrieved from /home/airflow/.local/lib/python3.8/site-packages/airflow/example_dags/example_params_trigger_ui.py
[2025-09-19T04:30:20.686+0000] {logging_mixin.py:188} INFO - [2025-09-19T04:30:20.685+0000] {dag.py:3036} INFO - Sync 1 DAGs
[2025-09-19T04:30:20.710+0000] {logging_mixin.py:188} INFO - [2025-09-19T04:30:20.710+0000] {dag.py:3823} INFO - Setting next_dagrun for example_params_trigger_ui to None, run_after=None
[2025-09-19T04:30:20.934+0000] {processor.py:183} INFO - Processing /home/airflow/.local/lib/python3.8/site-packages/airflow/example_dags/example_params_trigger_ui.py took 0.391 seconds
[2025-09-19T04:30:51.783+0000] {processor.py:161} INFO - Started process (PID=2667) to work on /home/airflow/.local/lib/python3.8/site-packages/airflow/example_dags/example_params_trigger_ui.py
[2025-09-19T04:30:51.785+0000] {processor.py:830} INFO - Processing file /home/airflow/.local/lib/python3.8/site-packages/airflow/example_dags/example_params_trigger_ui.py for tasks to queue
[2025-09-19T04:30:51.790+0000] {logging_mixin.py:188} INFO - [2025-09-19T04:30:51.790+0000] {dagbag.py:538} INFO - Filling up the DagBag from /home/airflow/.local/lib/python3.8/site-packages/airflow/example_dags/example_params_trigger_ui.py
[2025-09-19T04:30:51.822+0000] {processor.py:840} INFO - DAG(s) 'example_params_trigger_ui' retrieved from /home/airflow/.local/lib/python3.8/site-packages/airflow/example_dags/example_params_trigger_ui.py
[2025-09-19T04:30:51.949+0000] {logging_mixin.py:188} INFO - [2025-09-19T04:30:51.948+0000] {dag.py:3036} INFO - Sync 1 DAGs
[2025-09-19T04:30:51.978+0000] {logging_mixin.py:188} INFO - [2025-09-19T04:30:51.977+0000] {dag.py:3823} INFO - Setting next_dagrun for example_params_trigger_ui to None, run_after=None
[2025-09-19T04:30:52.019+0000] {processor.py:183} INFO - Processing /home/airflow/.local/lib/python3.8/site-packages/airflow/example_dags/example_params_trigger_ui.py took 0.246 seconds
[2025-09-19T04:31:22.616+0000] {processor.py:161} INFO - Started process (PID=2722) to work on /home/airflow/.local/lib/python3.8/site-packages/airflow/example_dags/example_params_trigger_ui.py
[2025-09-19T04:31:22.618+0000] {processor.py:830} INFO - Processing file /home/airflow/.local/lib/python3.8/site-packages/airflow/example_dags/example_params_trigger_ui.py for tasks to queue
[2025-09-19T04:31:22.621+0000] {logging_mixin.py:188} INFO - [2025-09-19T04:31:22.621+0000] {dagbag.py:538} INFO - Filling up the DagBag from /home/airflow/.local/lib/python3.8/site-packages/airflow/example_dags/example_params_trigger_ui.py
[2025-09-19T04:31:22.646+0000] {processor.py:840} INFO - DAG(s) 'example_params_trigger_ui' retrieved from /home/airflow/.local/lib/python3.8/site-packages/airflow/example_dags/example_params_trigger_ui.py
[2025-09-19T04:31:22.750+0000] {logging_mixin.py:188} INFO - [2025-09-19T04:31:22.749+0000] {dag.py:3036} INFO - Sync 1 DAGs
[2025-09-19T04:31:22.773+0000] {logging_mixin.py:188} INFO - [2025-09-19T04:31:22.772+0000] {dag.py:3823} INFO - Setting next_dagrun for example_params_trigger_ui to None, run_after=None
[2025-09-19T04:31:22.808+0000] {processor.py:183} INFO - Processing /home/airflow/.local/lib/python3.8/site-packages/airflow/example_dags/example_params_trigger_ui.py took 0.199 seconds
[2025-09-19T04:31:53.596+0000] {processor.py:161} INFO - Started process (PID=2783) to work on /home/airflow/.local/lib/python3.8/site-packages/airflow/example_dags/example_params_trigger_ui.py
[2025-09-19T04:31:53.598+0000] {processor.py:830} INFO - Processing file /home/airflow/.local/lib/python3.8/site-packages/airflow/example_dags/example_params_trigger_ui.py for tasks to queue
[2025-09-19T04:31:53.601+0000] {logging_mixin.py:188} INFO - [2025-09-19T04:31:53.601+0000] {dagbag.py:538} INFO - Filling up the DagBag from /home/airflow/.local/lib/python3.8/site-packages/airflow/example_dags/example_params_trigger_ui.py
[2025-09-19T04:31:53.629+0000] {processor.py:840} INFO - DAG(s) 'example_params_trigger_ui' retrieved from /home/airflow/.local/lib/python3.8/site-packages/airflow/example_dags/example_params_trigger_ui.py
[2025-09-19T04:31:53.733+0000] {logging_mixin.py:188} INFO - [2025-09-19T04:31:53.733+0000] {dag.py:3036} INFO - Sync 1 DAGs
[2025-09-19T04:31:53.757+0000] {logging_mixin.py:188} INFO - [2025-09-19T04:31:53.756+0000] {dag.py:3823} INFO - Setting next_dagrun for example_params_trigger_ui to None, run_after=None
[2025-09-19T04:31:53.796+0000] {processor.py:183} INFO - Processing /home/airflow/.local/lib/python3.8/site-packages/airflow/example_dags/example_params_trigger_ui.py took 0.207 seconds
[2025-09-19T04:32:24.343+0000] {processor.py:161} INFO - Started process (PID=2838) to work on /home/airflow/.local/lib/python3.8/site-packages/airflow/example_dags/example_params_trigger_ui.py
[2025-09-19T04:32:24.345+0000] {processor.py:830} INFO - Processing file /home/airflow/.local/lib/python3.8/site-packages/airflow/example_dags/example_params_trigger_ui.py for tasks to queue
[2025-09-19T04:32:24.348+0000] {logging_mixin.py:188} INFO - [2025-09-19T04:32:24.348+0000] {dagbag.py:538} INFO - Filling up the DagBag from /home/airflow/.local/lib/python3.8/site-packages/airflow/example_dags/example_params_trigger_ui.py
[2025-09-19T04:32:24.373+0000] {processor.py:840} INFO - DAG(s) 'example_params_trigger_ui' retrieved from /home/airflow/.local/lib/python3.8/site-packages/airflow/example_dags/example_params_trigger_ui.py
[2025-09-19T04:32:24.477+0000] {logging_mixin.py:188} INFO - [2025-09-19T04:32:24.477+0000] {dag.py:3036} INFO - Sync 1 DAGs
[2025-09-19T04:32:24.671+0000] {logging_mixin.py:188} INFO - [2025-09-19T04:32:24.671+0000] {dag.py:3823} INFO - Setting next_dagrun for example_params_trigger_ui to None, run_after=None
[2025-09-19T04:32:24.712+0000] {processor.py:183} INFO - Processing /home/airflow/.local/lib/python3.8/site-packages/airflow/example_dags/example_params_trigger_ui.py took 0.375 seconds
[2025-09-19T04:32:55.403+0000] {processor.py:161} INFO - Started process (PID=2893) to work on /home/airflow/.local/lib/python3.8/site-packages/airflow/example_dags/example_params_trigger_ui.py
[2025-09-19T04:32:55.405+0000] {processor.py:830} INFO - Processing file /home/airflow/.local/lib/python3.8/site-packages/airflow/example_dags/example_params_trigger_ui.py for tasks to queue
[2025-09-19T04:32:55.409+0000] {logging_mixin.py:188} INFO - [2025-09-19T04:32:55.408+0000] {dagbag.py:538} INFO - Filling up the DagBag from /home/airflow/.local/lib/python3.8/site-packages/airflow/example_dags/example_params_trigger_ui.py
[2025-09-19T04:32:55.435+0000] {processor.py:840} INFO - DAG(s) 'example_params_trigger_ui' retrieved from /home/airflow/.local/lib/python3.8/site-packages/airflow/example_dags/example_params_trigger_ui.py
[2025-09-19T04:32:55.545+0000] {logging_mixin.py:188} INFO - [2025-09-19T04:32:55.544+0000] {dag.py:3036} INFO - Sync 1 DAGs
[2025-09-19T04:32:55.571+0000] {logging_mixin.py:188} INFO - [2025-09-19T04:32:55.570+0000] {dag.py:3823} INFO - Setting next_dagrun for example_params_trigger_ui to None, run_after=None
[2025-09-19T04:32:55.615+0000] {processor.py:183} INFO - Processing /home/airflow/.local/lib/python3.8/site-packages/airflow/example_dags/example_params_trigger_ui.py took 0.220 seconds
[2025-09-19T04:33:25.784+0000] {processor.py:161} INFO - Started process (PID=2948) to work on /home/airflow/.local/lib/python3.8/site-packages/airflow/example_dags/example_params_trigger_ui.py
[2025-09-19T04:33:25.786+0000] {processor.py:830} INFO - Processing file /home/airflow/.local/lib/python3.8/site-packages/airflow/example_dags/example_params_trigger_ui.py for tasks to queue
[2025-09-19T04:33:25.789+0000] {logging_mixin.py:188} INFO - [2025-09-19T04:33:25.789+0000] {dagbag.py:538} INFO - Filling up the DagBag from /home/airflow/.local/lib/python3.8/site-packages/airflow/example_dags/example_params_trigger_ui.py
[2025-09-19T04:33:25.815+0000] {processor.py:840} INFO - DAG(s) 'example_params_trigger_ui' retrieved from /home/airflow/.local/lib/python3.8/site-packages/airflow/example_dags/example_params_trigger_ui.py
[2025-09-19T04:33:25.929+0000] {logging_mixin.py:188} INFO - [2025-09-19T04:33:25.929+0000] {dag.py:3036} INFO - Sync 1 DAGs
[2025-09-19T04:33:25.958+0000] {logging_mixin.py:188} INFO - [2025-09-19T04:33:25.957+0000] {dag.py:3823} INFO - Setting next_dagrun for example_params_trigger_ui to None, run_after=None
[2025-09-19T04:33:26.000+0000] {processor.py:183} INFO - Processing /home/airflow/.local/lib/python3.8/site-packages/airflow/example_dags/example_params_trigger_ui.py took 0.222 seconds
