[2025-09-19T04:06:55.043+0000] {processor.py:161} INFO - Started process (PID=79) to work on /home/airflow/.local/lib/python3.8/site-packages/airflow/example_dags/example_python_operator.py
[2025-09-19T04:06:55.046+0000] {processor.py:830} INFO - Processing file /home/airflow/.local/lib/python3.8/site-packages/airflow/example_dags/example_python_operator.py for tasks to queue
[2025-09-19T04:06:55.051+0000] {logging_mixin.py:188} INFO - [2025-09-19T04:06:55.050+0000] {dagbag.py:538} INFO - Filling up the DagBag from /home/airflow/.local/lib/python3.8/site-packages/airflow/example_dags/example_python_operator.py
[2025-09-19T04:06:55.112+0000] {processor.py:840} INFO - DAG(s) 'example_python_operator' retrieved from /home/airflow/.local/lib/python3.8/site-packages/airflow/example_dags/example_python_operator.py
[2025-09-19T04:06:55.477+0000] {logging_mixin.py:188} INFO - [2025-09-19T04:06:55.476+0000] {dag.py:3036} INFO - Sync 1 DAGs
[2025-09-19T04:06:55.514+0000] {logging_mixin.py:188} INFO - [2025-09-19T04:06:55.513+0000] {dag.py:3823} INFO - Setting next_dagrun for example_python_operator to None, run_after=None
[2025-09-19T04:06:55.621+0000] {processor.py:183} INFO - Processing /home/airflow/.local/lib/python3.8/site-packages/airflow/example_dags/example_python_operator.py took 0.597 seconds
[2025-09-19T04:07:26.616+0000] {processor.py:161} INFO - Started process (PID=134) to work on /home/airflow/.local/lib/python3.8/site-packages/airflow/example_dags/example_python_operator.py
[2025-09-19T04:07:26.619+0000] {processor.py:830} INFO - Processing file /home/airflow/.local/lib/python3.8/site-packages/airflow/example_dags/example_python_operator.py for tasks to queue
[2025-09-19T04:07:26.622+0000] {logging_mixin.py:188} INFO - [2025-09-19T04:07:26.621+0000] {dagbag.py:538} INFO - Filling up the DagBag from /home/airflow/.local/lib/python3.8/site-packages/airflow/example_dags/example_python_operator.py
[2025-09-19T04:07:26.641+0000] {processor.py:840} INFO - DAG(s) 'example_python_operator' retrieved from /home/airflow/.local/lib/python3.8/site-packages/airflow/example_dags/example_python_operator.py
[2025-09-19T04:07:26.679+0000] {logging_mixin.py:188} INFO - [2025-09-19T04:07:26.679+0000] {dag.py:3036} INFO - Sync 1 DAGs
[2025-09-19T04:07:26.703+0000] {logging_mixin.py:188} INFO - [2025-09-19T04:07:26.702+0000] {dag.py:3823} INFO - Setting next_dagrun for example_python_operator to None, run_after=None
[2025-09-19T04:07:26.737+0000] {processor.py:183} INFO - Processing /home/airflow/.local/lib/python3.8/site-packages/airflow/example_dags/example_python_operator.py took 0.127 seconds
[2025-09-19T04:07:57.364+0000] {processor.py:161} INFO - Started process (PID=189) to work on /home/airflow/.local/lib/python3.8/site-packages/airflow/example_dags/example_python_operator.py
[2025-09-19T04:07:57.366+0000] {processor.py:830} INFO - Processing file /home/airflow/.local/lib/python3.8/site-packages/airflow/example_dags/example_python_operator.py for tasks to queue
[2025-09-19T04:07:57.370+0000] {logging_mixin.py:188} INFO - [2025-09-19T04:07:57.370+0000] {dagbag.py:538} INFO - Filling up the DagBag from /home/airflow/.local/lib/python3.8/site-packages/airflow/example_dags/example_python_operator.py
[2025-09-19T04:07:57.397+0000] {processor.py:840} INFO - DAG(s) 'example_python_operator' retrieved from /home/airflow/.local/lib/python3.8/site-packages/airflow/example_dags/example_python_operator.py
[2025-09-19T04:07:57.443+0000] {logging_mixin.py:188} INFO - [2025-09-19T04:07:57.443+0000] {dag.py:3036} INFO - Sync 1 DAGs
[2025-09-19T04:07:57.467+0000] {logging_mixin.py:188} INFO - [2025-09-19T04:07:57.467+0000] {dag.py:3823} INFO - Setting next_dagrun for example_python_operator to None, run_after=None
[2025-09-19T04:07:57.505+0000] {processor.py:183} INFO - Processing /home/airflow/.local/lib/python3.8/site-packages/airflow/example_dags/example_python_operator.py took 0.149 seconds
[2025-09-19T04:08:28.127+0000] {processor.py:161} INFO - Started process (PID=244) to work on /home/airflow/.local/lib/python3.8/site-packages/airflow/example_dags/example_python_operator.py
[2025-09-19T04:08:28.129+0000] {processor.py:830} INFO - Processing file /home/airflow/.local/lib/python3.8/site-packages/airflow/example_dags/example_python_operator.py for tasks to queue
[2025-09-19T04:08:28.132+0000] {logging_mixin.py:188} INFO - [2025-09-19T04:08:28.132+0000] {dagbag.py:538} INFO - Filling up the DagBag from /home/airflow/.local/lib/python3.8/site-packages/airflow/example_dags/example_python_operator.py
[2025-09-19T04:08:28.151+0000] {processor.py:840} INFO - DAG(s) 'example_python_operator' retrieved from /home/airflow/.local/lib/python3.8/site-packages/airflow/example_dags/example_python_operator.py
[2025-09-19T04:08:28.198+0000] {logging_mixin.py:188} INFO - [2025-09-19T04:08:28.198+0000] {dag.py:3036} INFO - Sync 1 DAGs
[2025-09-19T04:08:28.223+0000] {logging_mixin.py:188} INFO - [2025-09-19T04:08:28.223+0000] {dag.py:3823} INFO - Setting next_dagrun for example_python_operator to None, run_after=None
[2025-09-19T04:08:28.267+0000] {processor.py:183} INFO - Processing /home/airflow/.local/lib/python3.8/site-packages/airflow/example_dags/example_python_operator.py took 0.147 seconds
[2025-09-19T04:08:58.457+0000] {processor.py:161} INFO - Started process (PID=300) to work on /home/airflow/.local/lib/python3.8/site-packages/airflow/example_dags/example_python_operator.py
[2025-09-19T04:08:58.458+0000] {processor.py:830} INFO - Processing file /home/airflow/.local/lib/python3.8/site-packages/airflow/example_dags/example_python_operator.py for tasks to queue
[2025-09-19T04:08:58.462+0000] {logging_mixin.py:188} INFO - [2025-09-19T04:08:58.461+0000] {dagbag.py:538} INFO - Filling up the DagBag from /home/airflow/.local/lib/python3.8/site-packages/airflow/example_dags/example_python_operator.py
[2025-09-19T04:08:58.480+0000] {processor.py:840} INFO - DAG(s) 'example_python_operator' retrieved from /home/airflow/.local/lib/python3.8/site-packages/airflow/example_dags/example_python_operator.py
[2025-09-19T04:08:58.520+0000] {logging_mixin.py:188} INFO - [2025-09-19T04:08:58.519+0000] {dag.py:3036} INFO - Sync 1 DAGs
[2025-09-19T04:08:58.546+0000] {logging_mixin.py:188} INFO - [2025-09-19T04:08:58.546+0000] {dag.py:3823} INFO - Setting next_dagrun for example_python_operator to None, run_after=None
[2025-09-19T04:08:58.580+0000] {processor.py:183} INFO - Processing /home/airflow/.local/lib/python3.8/site-packages/airflow/example_dags/example_python_operator.py took 0.130 seconds
[2025-09-19T04:09:29.048+0000] {processor.py:161} INFO - Started process (PID=355) to work on /home/airflow/.local/lib/python3.8/site-packages/airflow/example_dags/example_python_operator.py
[2025-09-19T04:09:29.050+0000] {processor.py:830} INFO - Processing file /home/airflow/.local/lib/python3.8/site-packages/airflow/example_dags/example_python_operator.py for tasks to queue
[2025-09-19T04:09:29.055+0000] {logging_mixin.py:188} INFO - [2025-09-19T04:09:29.054+0000] {dagbag.py:538} INFO - Filling up the DagBag from /home/airflow/.local/lib/python3.8/site-packages/airflow/example_dags/example_python_operator.py
[2025-09-19T04:09:29.076+0000] {processor.py:840} INFO - DAG(s) 'example_python_operator' retrieved from /home/airflow/.local/lib/python3.8/site-packages/airflow/example_dags/example_python_operator.py
[2025-09-19T04:09:29.118+0000] {logging_mixin.py:188} INFO - [2025-09-19T04:09:29.118+0000] {dag.py:3036} INFO - Sync 1 DAGs
[2025-09-19T04:09:29.142+0000] {logging_mixin.py:188} INFO - [2025-09-19T04:09:29.142+0000] {dag.py:3823} INFO - Setting next_dagrun for example_python_operator to None, run_after=None
[2025-09-19T04:09:29.182+0000] {processor.py:183} INFO - Processing /home/airflow/.local/lib/python3.8/site-packages/airflow/example_dags/example_python_operator.py took 0.142 seconds
[2025-09-19T04:09:59.494+0000] {processor.py:161} INFO - Started process (PID=410) to work on /home/airflow/.local/lib/python3.8/site-packages/airflow/example_dags/example_python_operator.py
[2025-09-19T04:09:59.496+0000] {processor.py:830} INFO - Processing file /home/airflow/.local/lib/python3.8/site-packages/airflow/example_dags/example_python_operator.py for tasks to queue
[2025-09-19T04:09:59.500+0000] {logging_mixin.py:188} INFO - [2025-09-19T04:09:59.499+0000] {dagbag.py:538} INFO - Filling up the DagBag from /home/airflow/.local/lib/python3.8/site-packages/airflow/example_dags/example_python_operator.py
[2025-09-19T04:09:59.520+0000] {processor.py:840} INFO - DAG(s) 'example_python_operator' retrieved from /home/airflow/.local/lib/python3.8/site-packages/airflow/example_dags/example_python_operator.py
[2025-09-19T04:09:59.567+0000] {logging_mixin.py:188} INFO - [2025-09-19T04:09:59.567+0000] {dag.py:3036} INFO - Sync 1 DAGs
[2025-09-19T04:09:59.599+0000] {logging_mixin.py:188} INFO - [2025-09-19T04:09:59.599+0000] {dag.py:3823} INFO - Setting next_dagrun for example_python_operator to None, run_after=None
[2025-09-19T04:09:59.636+0000] {processor.py:183} INFO - Processing /home/airflow/.local/lib/python3.8/site-packages/airflow/example_dags/example_python_operator.py took 0.149 seconds
[2025-09-19T04:10:30.331+0000] {processor.py:161} INFO - Started process (PID=465) to work on /home/airflow/.local/lib/python3.8/site-packages/airflow/example_dags/example_python_operator.py
[2025-09-19T04:10:30.333+0000] {processor.py:830} INFO - Processing file /home/airflow/.local/lib/python3.8/site-packages/airflow/example_dags/example_python_operator.py for tasks to queue
[2025-09-19T04:10:30.337+0000] {logging_mixin.py:188} INFO - [2025-09-19T04:10:30.336+0000] {dagbag.py:538} INFO - Filling up the DagBag from /home/airflow/.local/lib/python3.8/site-packages/airflow/example_dags/example_python_operator.py
[2025-09-19T04:10:30.359+0000] {processor.py:840} INFO - DAG(s) 'example_python_operator' retrieved from /home/airflow/.local/lib/python3.8/site-packages/airflow/example_dags/example_python_operator.py
[2025-09-19T04:10:30.407+0000] {logging_mixin.py:188} INFO - [2025-09-19T04:10:30.407+0000] {dag.py:3036} INFO - Sync 1 DAGs
[2025-09-19T04:10:30.430+0000] {logging_mixin.py:188} INFO - [2025-09-19T04:10:30.430+0000] {dag.py:3823} INFO - Setting next_dagrun for example_python_operator to None, run_after=None
[2025-09-19T04:10:30.468+0000] {processor.py:183} INFO - Processing /home/airflow/.local/lib/python3.8/site-packages/airflow/example_dags/example_python_operator.py took 0.142 seconds
[2025-09-19T04:11:00.577+0000] {processor.py:161} INFO - Started process (PID=520) to work on /home/airflow/.local/lib/python3.8/site-packages/airflow/example_dags/example_python_operator.py
[2025-09-19T04:11:00.579+0000] {processor.py:830} INFO - Processing file /home/airflow/.local/lib/python3.8/site-packages/airflow/example_dags/example_python_operator.py for tasks to queue
[2025-09-19T04:11:00.582+0000] {logging_mixin.py:188} INFO - [2025-09-19T04:11:00.582+0000] {dagbag.py:538} INFO - Filling up the DagBag from /home/airflow/.local/lib/python3.8/site-packages/airflow/example_dags/example_python_operator.py
[2025-09-19T04:11:00.601+0000] {processor.py:840} INFO - DAG(s) 'example_python_operator' retrieved from /home/airflow/.local/lib/python3.8/site-packages/airflow/example_dags/example_python_operator.py
[2025-09-19T04:11:00.640+0000] {logging_mixin.py:188} INFO - [2025-09-19T04:11:00.639+0000] {dag.py:3036} INFO - Sync 1 DAGs
[2025-09-19T04:11:00.662+0000] {logging_mixin.py:188} INFO - [2025-09-19T04:11:00.662+0000] {dag.py:3823} INFO - Setting next_dagrun for example_python_operator to None, run_after=None
[2025-09-19T04:11:00.703+0000] {processor.py:183} INFO - Processing /home/airflow/.local/lib/python3.8/site-packages/airflow/example_dags/example_python_operator.py took 0.131 seconds
[2025-09-19T04:11:31.473+0000] {processor.py:161} INFO - Started process (PID=575) to work on /home/airflow/.local/lib/python3.8/site-packages/airflow/example_dags/example_python_operator.py
[2025-09-19T04:11:31.475+0000] {processor.py:830} INFO - Processing file /home/airflow/.local/lib/python3.8/site-packages/airflow/example_dags/example_python_operator.py for tasks to queue
[2025-09-19T04:11:31.480+0000] {logging_mixin.py:188} INFO - [2025-09-19T04:11:31.479+0000] {dagbag.py:538} INFO - Filling up the DagBag from /home/airflow/.local/lib/python3.8/site-packages/airflow/example_dags/example_python_operator.py
[2025-09-19T04:11:31.511+0000] {processor.py:840} INFO - DAG(s) 'example_python_operator' retrieved from /home/airflow/.local/lib/python3.8/site-packages/airflow/example_dags/example_python_operator.py
[2025-09-19T04:11:31.571+0000] {logging_mixin.py:188} INFO - [2025-09-19T04:11:31.571+0000] {dag.py:3036} INFO - Sync 1 DAGs
[2025-09-19T04:11:31.602+0000] {logging_mixin.py:188} INFO - [2025-09-19T04:11:31.602+0000] {dag.py:3823} INFO - Setting next_dagrun for example_python_operator to None, run_after=None
[2025-09-19T04:11:31.652+0000] {processor.py:183} INFO - Processing /home/airflow/.local/lib/python3.8/site-packages/airflow/example_dags/example_python_operator.py took 0.188 seconds
[2025-09-19T04:12:01.757+0000] {processor.py:161} INFO - Started process (PID=630) to work on /home/airflow/.local/lib/python3.8/site-packages/airflow/example_dags/example_python_operator.py
[2025-09-19T04:12:01.759+0000] {processor.py:830} INFO - Processing file /home/airflow/.local/lib/python3.8/site-packages/airflow/example_dags/example_python_operator.py for tasks to queue
[2025-09-19T04:12:01.762+0000] {logging_mixin.py:188} INFO - [2025-09-19T04:12:01.762+0000] {dagbag.py:538} INFO - Filling up the DagBag from /home/airflow/.local/lib/python3.8/site-packages/airflow/example_dags/example_python_operator.py
[2025-09-19T04:12:01.781+0000] {processor.py:840} INFO - DAG(s) 'example_python_operator' retrieved from /home/airflow/.local/lib/python3.8/site-packages/airflow/example_dags/example_python_operator.py
[2025-09-19T04:12:01.820+0000] {logging_mixin.py:188} INFO - [2025-09-19T04:12:01.820+0000] {dag.py:3036} INFO - Sync 1 DAGs
[2025-09-19T04:12:01.844+0000] {logging_mixin.py:188} INFO - [2025-09-19T04:12:01.843+0000] {dag.py:3823} INFO - Setting next_dagrun for example_python_operator to None, run_after=None
[2025-09-19T04:12:01.880+0000] {processor.py:183} INFO - Processing /home/airflow/.local/lib/python3.8/site-packages/airflow/example_dags/example_python_operator.py took 0.129 seconds
[2025-09-19T04:12:32.031+0000] {processor.py:161} INFO - Started process (PID=685) to work on /home/airflow/.local/lib/python3.8/site-packages/airflow/example_dags/example_python_operator.py
[2025-09-19T04:12:32.034+0000] {processor.py:830} INFO - Processing file /home/airflow/.local/lib/python3.8/site-packages/airflow/example_dags/example_python_operator.py for tasks to queue
[2025-09-19T04:12:32.037+0000] {logging_mixin.py:188} INFO - [2025-09-19T04:12:32.037+0000] {dagbag.py:538} INFO - Filling up the DagBag from /home/airflow/.local/lib/python3.8/site-packages/airflow/example_dags/example_python_operator.py
[2025-09-19T04:12:32.058+0000] {processor.py:840} INFO - DAG(s) 'example_python_operator' retrieved from /home/airflow/.local/lib/python3.8/site-packages/airflow/example_dags/example_python_operator.py
[2025-09-19T04:12:32.097+0000] {logging_mixin.py:188} INFO - [2025-09-19T04:12:32.096+0000] {dag.py:3036} INFO - Sync 1 DAGs
[2025-09-19T04:12:32.119+0000] {logging_mixin.py:188} INFO - [2025-09-19T04:12:32.119+0000] {dag.py:3823} INFO - Setting next_dagrun for example_python_operator to None, run_after=None
[2025-09-19T04:12:32.161+0000] {processor.py:183} INFO - Processing /home/airflow/.local/lib/python3.8/site-packages/airflow/example_dags/example_python_operator.py took 0.135 seconds
[2025-09-19T04:13:02.452+0000] {processor.py:161} INFO - Started process (PID=740) to work on /home/airflow/.local/lib/python3.8/site-packages/airflow/example_dags/example_python_operator.py
[2025-09-19T04:13:02.454+0000] {processor.py:830} INFO - Processing file /home/airflow/.local/lib/python3.8/site-packages/airflow/example_dags/example_python_operator.py for tasks to queue
[2025-09-19T04:13:02.458+0000] {logging_mixin.py:188} INFO - [2025-09-19T04:13:02.457+0000] {dagbag.py:538} INFO - Filling up the DagBag from /home/airflow/.local/lib/python3.8/site-packages/airflow/example_dags/example_python_operator.py
[2025-09-19T04:13:02.486+0000] {processor.py:840} INFO - DAG(s) 'example_python_operator' retrieved from /home/airflow/.local/lib/python3.8/site-packages/airflow/example_dags/example_python_operator.py
[2025-09-19T04:13:02.549+0000] {logging_mixin.py:188} INFO - [2025-09-19T04:13:02.548+0000] {dag.py:3036} INFO - Sync 1 DAGs
[2025-09-19T04:13:02.583+0000] {logging_mixin.py:188} INFO - [2025-09-19T04:13:02.582+0000] {dag.py:3823} INFO - Setting next_dagrun for example_python_operator to None, run_after=None
[2025-09-19T04:13:02.654+0000] {processor.py:183} INFO - Processing /home/airflow/.local/lib/python3.8/site-packages/airflow/example_dags/example_python_operator.py took 0.210 seconds
[2025-09-19T04:13:32.870+0000] {processor.py:161} INFO - Started process (PID=795) to work on /home/airflow/.local/lib/python3.8/site-packages/airflow/example_dags/example_python_operator.py
[2025-09-19T04:13:32.872+0000] {processor.py:830} INFO - Processing file /home/airflow/.local/lib/python3.8/site-packages/airflow/example_dags/example_python_operator.py for tasks to queue
[2025-09-19T04:13:32.878+0000] {logging_mixin.py:188} INFO - [2025-09-19T04:13:32.878+0000] {dagbag.py:538} INFO - Filling up the DagBag from /home/airflow/.local/lib/python3.8/site-packages/airflow/example_dags/example_python_operator.py
[2025-09-19T04:13:32.908+0000] {processor.py:840} INFO - DAG(s) 'example_python_operator' retrieved from /home/airflow/.local/lib/python3.8/site-packages/airflow/example_dags/example_python_operator.py
[2025-09-19T04:13:32.953+0000] {logging_mixin.py:188} INFO - [2025-09-19T04:13:32.952+0000] {dag.py:3036} INFO - Sync 1 DAGs
[2025-09-19T04:13:32.980+0000] {logging_mixin.py:188} INFO - [2025-09-19T04:13:32.980+0000] {dag.py:3823} INFO - Setting next_dagrun for example_python_operator to None, run_after=None
[2025-09-19T04:13:33.025+0000] {processor.py:183} INFO - Processing /home/airflow/.local/lib/python3.8/site-packages/airflow/example_dags/example_python_operator.py took 0.165 seconds
[2025-09-19T04:14:03.347+0000] {processor.py:161} INFO - Started process (PID=850) to work on /home/airflow/.local/lib/python3.8/site-packages/airflow/example_dags/example_python_operator.py
[2025-09-19T04:14:03.348+0000] {processor.py:830} INFO - Processing file /home/airflow/.local/lib/python3.8/site-packages/airflow/example_dags/example_python_operator.py for tasks to queue
[2025-09-19T04:14:03.352+0000] {logging_mixin.py:188} INFO - [2025-09-19T04:14:03.351+0000] {dagbag.py:538} INFO - Filling up the DagBag from /home/airflow/.local/lib/python3.8/site-packages/airflow/example_dags/example_python_operator.py
[2025-09-19T04:14:03.371+0000] {processor.py:840} INFO - DAG(s) 'example_python_operator' retrieved from /home/airflow/.local/lib/python3.8/site-packages/airflow/example_dags/example_python_operator.py
[2025-09-19T04:14:03.410+0000] {logging_mixin.py:188} INFO - [2025-09-19T04:14:03.409+0000] {dag.py:3036} INFO - Sync 1 DAGs
[2025-09-19T04:14:03.433+0000] {logging_mixin.py:188} INFO - [2025-09-19T04:14:03.433+0000] {dag.py:3823} INFO - Setting next_dagrun for example_python_operator to None, run_after=None
[2025-09-19T04:14:03.473+0000] {processor.py:183} INFO - Processing /home/airflow/.local/lib/python3.8/site-packages/airflow/example_dags/example_python_operator.py took 0.133 seconds
[2025-09-19T04:14:33.781+0000] {processor.py:161} INFO - Started process (PID=905) to work on /home/airflow/.local/lib/python3.8/site-packages/airflow/example_dags/example_python_operator.py
[2025-09-19T04:14:33.783+0000] {processor.py:830} INFO - Processing file /home/airflow/.local/lib/python3.8/site-packages/airflow/example_dags/example_python_operator.py for tasks to queue
[2025-09-19T04:14:33.787+0000] {logging_mixin.py:188} INFO - [2025-09-19T04:14:33.786+0000] {dagbag.py:538} INFO - Filling up the DagBag from /home/airflow/.local/lib/python3.8/site-packages/airflow/example_dags/example_python_operator.py
[2025-09-19T04:14:33.806+0000] {processor.py:840} INFO - DAG(s) 'example_python_operator' retrieved from /home/airflow/.local/lib/python3.8/site-packages/airflow/example_dags/example_python_operator.py
[2025-09-19T04:14:33.845+0000] {logging_mixin.py:188} INFO - [2025-09-19T04:14:33.845+0000] {dag.py:3036} INFO - Sync 1 DAGs
[2025-09-19T04:14:33.873+0000] {logging_mixin.py:188} INFO - [2025-09-19T04:14:33.873+0000] {dag.py:3823} INFO - Setting next_dagrun for example_python_operator to None, run_after=None
[2025-09-19T04:14:33.911+0000] {processor.py:183} INFO - Processing /home/airflow/.local/lib/python3.8/site-packages/airflow/example_dags/example_python_operator.py took 0.136 seconds
[2025-09-19T04:15:04.610+0000] {processor.py:161} INFO - Started process (PID=960) to work on /home/airflow/.local/lib/python3.8/site-packages/airflow/example_dags/example_python_operator.py
[2025-09-19T04:15:04.612+0000] {processor.py:830} INFO - Processing file /home/airflow/.local/lib/python3.8/site-packages/airflow/example_dags/example_python_operator.py for tasks to queue
[2025-09-19T04:15:04.615+0000] {logging_mixin.py:188} INFO - [2025-09-19T04:15:04.614+0000] {dagbag.py:538} INFO - Filling up the DagBag from /home/airflow/.local/lib/python3.8/site-packages/airflow/example_dags/example_python_operator.py
[2025-09-19T04:15:04.640+0000] {processor.py:840} INFO - DAG(s) 'example_python_operator' retrieved from /home/airflow/.local/lib/python3.8/site-packages/airflow/example_dags/example_python_operator.py
[2025-09-19T04:15:04.680+0000] {logging_mixin.py:188} INFO - [2025-09-19T04:15:04.680+0000] {dag.py:3036} INFO - Sync 1 DAGs
[2025-09-19T04:15:04.709+0000] {logging_mixin.py:188} INFO - [2025-09-19T04:15:04.709+0000] {dag.py:3823} INFO - Setting next_dagrun for example_python_operator to None, run_after=None
[2025-09-19T04:15:04.753+0000] {processor.py:183} INFO - Processing /home/airflow/.local/lib/python3.8/site-packages/airflow/example_dags/example_python_operator.py took 0.150 seconds
[2025-09-19T04:15:34.983+0000] {processor.py:161} INFO - Started process (PID=1015) to work on /home/airflow/.local/lib/python3.8/site-packages/airflow/example_dags/example_python_operator.py
[2025-09-19T04:15:34.985+0000] {processor.py:830} INFO - Processing file /home/airflow/.local/lib/python3.8/site-packages/airflow/example_dags/example_python_operator.py for tasks to queue
[2025-09-19T04:15:34.988+0000] {logging_mixin.py:188} INFO - [2025-09-19T04:15:34.988+0000] {dagbag.py:538} INFO - Filling up the DagBag from /home/airflow/.local/lib/python3.8/site-packages/airflow/example_dags/example_python_operator.py
[2025-09-19T04:15:35.009+0000] {processor.py:840} INFO - DAG(s) 'example_python_operator' retrieved from /home/airflow/.local/lib/python3.8/site-packages/airflow/example_dags/example_python_operator.py
[2025-09-19T04:15:35.055+0000] {logging_mixin.py:188} INFO - [2025-09-19T04:15:35.055+0000] {dag.py:3036} INFO - Sync 1 DAGs
[2025-09-19T04:15:35.085+0000] {logging_mixin.py:188} INFO - [2025-09-19T04:15:35.085+0000] {dag.py:3823} INFO - Setting next_dagrun for example_python_operator to None, run_after=None
[2025-09-19T04:15:35.122+0000] {processor.py:183} INFO - Processing /home/airflow/.local/lib/python3.8/site-packages/airflow/example_dags/example_python_operator.py took 0.145 seconds
[2025-09-19T04:16:05.452+0000] {processor.py:161} INFO - Started process (PID=1070) to work on /home/airflow/.local/lib/python3.8/site-packages/airflow/example_dags/example_python_operator.py
[2025-09-19T04:16:05.454+0000] {processor.py:830} INFO - Processing file /home/airflow/.local/lib/python3.8/site-packages/airflow/example_dags/example_python_operator.py for tasks to queue
[2025-09-19T04:16:05.458+0000] {logging_mixin.py:188} INFO - [2025-09-19T04:16:05.457+0000] {dagbag.py:538} INFO - Filling up the DagBag from /home/airflow/.local/lib/python3.8/site-packages/airflow/example_dags/example_python_operator.py
[2025-09-19T04:16:05.476+0000] {processor.py:840} INFO - DAG(s) 'example_python_operator' retrieved from /home/airflow/.local/lib/python3.8/site-packages/airflow/example_dags/example_python_operator.py
[2025-09-19T04:16:05.514+0000] {logging_mixin.py:188} INFO - [2025-09-19T04:16:05.513+0000] {dag.py:3036} INFO - Sync 1 DAGs
[2025-09-19T04:16:05.536+0000] {logging_mixin.py:188} INFO - [2025-09-19T04:16:05.535+0000] {dag.py:3823} INFO - Setting next_dagrun for example_python_operator to None, run_after=None
[2025-09-19T04:16:05.573+0000] {processor.py:183} INFO - Processing /home/airflow/.local/lib/python3.8/site-packages/airflow/example_dags/example_python_operator.py took 0.127 seconds
[2025-09-19T04:16:36.054+0000] {processor.py:161} INFO - Started process (PID=1125) to work on /home/airflow/.local/lib/python3.8/site-packages/airflow/example_dags/example_python_operator.py
[2025-09-19T04:16:36.056+0000] {processor.py:830} INFO - Processing file /home/airflow/.local/lib/python3.8/site-packages/airflow/example_dags/example_python_operator.py for tasks to queue
[2025-09-19T04:16:36.059+0000] {logging_mixin.py:188} INFO - [2025-09-19T04:16:36.059+0000] {dagbag.py:538} INFO - Filling up the DagBag from /home/airflow/.local/lib/python3.8/site-packages/airflow/example_dags/example_python_operator.py
[2025-09-19T04:16:36.079+0000] {processor.py:840} INFO - DAG(s) 'example_python_operator' retrieved from /home/airflow/.local/lib/python3.8/site-packages/airflow/example_dags/example_python_operator.py
[2025-09-19T04:16:36.117+0000] {logging_mixin.py:188} INFO - [2025-09-19T04:16:36.116+0000] {dag.py:3036} INFO - Sync 1 DAGs
[2025-09-19T04:16:36.139+0000] {logging_mixin.py:188} INFO - [2025-09-19T04:16:36.139+0000] {dag.py:3823} INFO - Setting next_dagrun for example_python_operator to None, run_after=None
[2025-09-19T04:16:36.179+0000] {processor.py:183} INFO - Processing /home/airflow/.local/lib/python3.8/site-packages/airflow/example_dags/example_python_operator.py took 0.130 seconds
[2025-09-19T04:17:06.633+0000] {processor.py:161} INFO - Started process (PID=1180) to work on /home/airflow/.local/lib/python3.8/site-packages/airflow/example_dags/example_python_operator.py
[2025-09-19T04:17:06.635+0000] {processor.py:830} INFO - Processing file /home/airflow/.local/lib/python3.8/site-packages/airflow/example_dags/example_python_operator.py for tasks to queue
[2025-09-19T04:17:06.638+0000] {logging_mixin.py:188} INFO - [2025-09-19T04:17:06.637+0000] {dagbag.py:538} INFO - Filling up the DagBag from /home/airflow/.local/lib/python3.8/site-packages/airflow/example_dags/example_python_operator.py
[2025-09-19T04:17:06.657+0000] {processor.py:840} INFO - DAG(s) 'example_python_operator' retrieved from /home/airflow/.local/lib/python3.8/site-packages/airflow/example_dags/example_python_operator.py
[2025-09-19T04:17:06.696+0000] {logging_mixin.py:188} INFO - [2025-09-19T04:17:06.695+0000] {dag.py:3036} INFO - Sync 1 DAGs
[2025-09-19T04:17:06.722+0000] {logging_mixin.py:188} INFO - [2025-09-19T04:17:06.721+0000] {dag.py:3823} INFO - Setting next_dagrun for example_python_operator to None, run_after=None
[2025-09-19T04:17:06.767+0000] {processor.py:183} INFO - Processing /home/airflow/.local/lib/python3.8/site-packages/airflow/example_dags/example_python_operator.py took 0.140 seconds
[2025-09-19T04:17:37.268+0000] {processor.py:161} INFO - Started process (PID=1235) to work on /home/airflow/.local/lib/python3.8/site-packages/airflow/example_dags/example_python_operator.py
[2025-09-19T04:17:37.270+0000] {processor.py:830} INFO - Processing file /home/airflow/.local/lib/python3.8/site-packages/airflow/example_dags/example_python_operator.py for tasks to queue
[2025-09-19T04:17:37.273+0000] {logging_mixin.py:188} INFO - [2025-09-19T04:17:37.273+0000] {dagbag.py:538} INFO - Filling up the DagBag from /home/airflow/.local/lib/python3.8/site-packages/airflow/example_dags/example_python_operator.py
[2025-09-19T04:17:37.292+0000] {processor.py:840} INFO - DAG(s) 'example_python_operator' retrieved from /home/airflow/.local/lib/python3.8/site-packages/airflow/example_dags/example_python_operator.py
[2025-09-19T04:17:37.331+0000] {logging_mixin.py:188} INFO - [2025-09-19T04:17:37.331+0000] {dag.py:3036} INFO - Sync 1 DAGs
[2025-09-19T04:17:37.353+0000] {logging_mixin.py:188} INFO - [2025-09-19T04:17:37.353+0000] {dag.py:3823} INFO - Setting next_dagrun for example_python_operator to None, run_after=None
[2025-09-19T04:17:37.393+0000] {processor.py:183} INFO - Processing /home/airflow/.local/lib/python3.8/site-packages/airflow/example_dags/example_python_operator.py took 0.131 seconds
[2025-09-19T04:18:07.625+0000] {processor.py:161} INFO - Started process (PID=1290) to work on /home/airflow/.local/lib/python3.8/site-packages/airflow/example_dags/example_python_operator.py
[2025-09-19T04:18:07.627+0000] {processor.py:830} INFO - Processing file /home/airflow/.local/lib/python3.8/site-packages/airflow/example_dags/example_python_operator.py for tasks to queue
[2025-09-19T04:18:07.631+0000] {logging_mixin.py:188} INFO - [2025-09-19T04:18:07.630+0000] {dagbag.py:538} INFO - Filling up the DagBag from /home/airflow/.local/lib/python3.8/site-packages/airflow/example_dags/example_python_operator.py
[2025-09-19T04:18:07.649+0000] {processor.py:840} INFO - DAG(s) 'example_python_operator' retrieved from /home/airflow/.local/lib/python3.8/site-packages/airflow/example_dags/example_python_operator.py
[2025-09-19T04:18:07.687+0000] {logging_mixin.py:188} INFO - [2025-09-19T04:18:07.687+0000] {dag.py:3036} INFO - Sync 1 DAGs
[2025-09-19T04:18:07.709+0000] {logging_mixin.py:188} INFO - [2025-09-19T04:18:07.709+0000] {dag.py:3823} INFO - Setting next_dagrun for example_python_operator to None, run_after=None
[2025-09-19T04:18:07.743+0000] {processor.py:183} INFO - Processing /home/airflow/.local/lib/python3.8/site-packages/airflow/example_dags/example_python_operator.py took 0.123 seconds
[2025-09-19T04:18:38.425+0000] {processor.py:161} INFO - Started process (PID=1345) to work on /home/airflow/.local/lib/python3.8/site-packages/airflow/example_dags/example_python_operator.py
[2025-09-19T04:18:38.427+0000] {processor.py:830} INFO - Processing file /home/airflow/.local/lib/python3.8/site-packages/airflow/example_dags/example_python_operator.py for tasks to queue
[2025-09-19T04:18:38.431+0000] {logging_mixin.py:188} INFO - [2025-09-19T04:18:38.430+0000] {dagbag.py:538} INFO - Filling up the DagBag from /home/airflow/.local/lib/python3.8/site-packages/airflow/example_dags/example_python_operator.py
[2025-09-19T04:18:38.449+0000] {processor.py:840} INFO - DAG(s) 'example_python_operator' retrieved from /home/airflow/.local/lib/python3.8/site-packages/airflow/example_dags/example_python_operator.py
[2025-09-19T04:18:38.488+0000] {logging_mixin.py:188} INFO - [2025-09-19T04:18:38.488+0000] {dag.py:3036} INFO - Sync 1 DAGs
[2025-09-19T04:18:38.511+0000] {logging_mixin.py:188} INFO - [2025-09-19T04:18:38.511+0000] {dag.py:3823} INFO - Setting next_dagrun for example_python_operator to None, run_after=None
[2025-09-19T04:18:38.550+0000] {processor.py:183} INFO - Processing /home/airflow/.local/lib/python3.8/site-packages/airflow/example_dags/example_python_operator.py took 0.130 seconds
[2025-09-19T04:19:08.778+0000] {processor.py:161} INFO - Started process (PID=1400) to work on /home/airflow/.local/lib/python3.8/site-packages/airflow/example_dags/example_python_operator.py
[2025-09-19T04:19:08.780+0000] {processor.py:830} INFO - Processing file /home/airflow/.local/lib/python3.8/site-packages/airflow/example_dags/example_python_operator.py for tasks to queue
[2025-09-19T04:19:08.784+0000] {logging_mixin.py:188} INFO - [2025-09-19T04:19:08.783+0000] {dagbag.py:538} INFO - Filling up the DagBag from /home/airflow/.local/lib/python3.8/site-packages/airflow/example_dags/example_python_operator.py
[2025-09-19T04:19:08.803+0000] {processor.py:840} INFO - DAG(s) 'example_python_operator' retrieved from /home/airflow/.local/lib/python3.8/site-packages/airflow/example_dags/example_python_operator.py
[2025-09-19T04:19:08.843+0000] {logging_mixin.py:188} INFO - [2025-09-19T04:19:08.843+0000] {dag.py:3036} INFO - Sync 1 DAGs
[2025-09-19T04:19:08.865+0000] {logging_mixin.py:188} INFO - [2025-09-19T04:19:08.864+0000] {dag.py:3823} INFO - Setting next_dagrun for example_python_operator to None, run_after=None
[2025-09-19T04:19:08.899+0000] {processor.py:183} INFO - Processing /home/airflow/.local/lib/python3.8/site-packages/airflow/example_dags/example_python_operator.py took 0.126 seconds
[2025-09-19T04:19:39.204+0000] {processor.py:161} INFO - Started process (PID=1455) to work on /home/airflow/.local/lib/python3.8/site-packages/airflow/example_dags/example_python_operator.py
[2025-09-19T04:19:39.206+0000] {processor.py:830} INFO - Processing file /home/airflow/.local/lib/python3.8/site-packages/airflow/example_dags/example_python_operator.py for tasks to queue
[2025-09-19T04:19:39.209+0000] {logging_mixin.py:188} INFO - [2025-09-19T04:19:39.209+0000] {dagbag.py:538} INFO - Filling up the DagBag from /home/airflow/.local/lib/python3.8/site-packages/airflow/example_dags/example_python_operator.py
[2025-09-19T04:19:39.228+0000] {processor.py:840} INFO - DAG(s) 'example_python_operator' retrieved from /home/airflow/.local/lib/python3.8/site-packages/airflow/example_dags/example_python_operator.py
[2025-09-19T04:19:39.266+0000] {logging_mixin.py:188} INFO - [2025-09-19T04:19:39.265+0000] {dag.py:3036} INFO - Sync 1 DAGs
[2025-09-19T04:19:39.289+0000] {logging_mixin.py:188} INFO - [2025-09-19T04:19:39.289+0000] {dag.py:3823} INFO - Setting next_dagrun for example_python_operator to None, run_after=None
[2025-09-19T04:19:39.327+0000] {processor.py:183} INFO - Processing /home/airflow/.local/lib/python3.8/site-packages/airflow/example_dags/example_python_operator.py took 0.128 seconds
[2025-09-19T04:20:10.063+0000] {processor.py:161} INFO - Started process (PID=1510) to work on /home/airflow/.local/lib/python3.8/site-packages/airflow/example_dags/example_python_operator.py
[2025-09-19T04:20:10.065+0000] {processor.py:830} INFO - Processing file /home/airflow/.local/lib/python3.8/site-packages/airflow/example_dags/example_python_operator.py for tasks to queue
[2025-09-19T04:20:10.069+0000] {logging_mixin.py:188} INFO - [2025-09-19T04:20:10.068+0000] {dagbag.py:538} INFO - Filling up the DagBag from /home/airflow/.local/lib/python3.8/site-packages/airflow/example_dags/example_python_operator.py
[2025-09-19T04:20:10.089+0000] {processor.py:840} INFO - DAG(s) 'example_python_operator' retrieved from /home/airflow/.local/lib/python3.8/site-packages/airflow/example_dags/example_python_operator.py
[2025-09-19T04:20:10.128+0000] {logging_mixin.py:188} INFO - [2025-09-19T04:20:10.128+0000] {dag.py:3036} INFO - Sync 1 DAGs
[2025-09-19T04:20:10.150+0000] {logging_mixin.py:188} INFO - [2025-09-19T04:20:10.149+0000] {dag.py:3823} INFO - Setting next_dagrun for example_python_operator to None, run_after=None
[2025-09-19T04:20:10.184+0000] {processor.py:183} INFO - Processing /home/airflow/.local/lib/python3.8/site-packages/airflow/example_dags/example_python_operator.py took 0.126 seconds
[2025-09-19T04:20:40.445+0000] {processor.py:161} INFO - Started process (PID=1565) to work on /home/airflow/.local/lib/python3.8/site-packages/airflow/example_dags/example_python_operator.py
[2025-09-19T04:20:40.447+0000] {processor.py:830} INFO - Processing file /home/airflow/.local/lib/python3.8/site-packages/airflow/example_dags/example_python_operator.py for tasks to queue
[2025-09-19T04:20:40.451+0000] {logging_mixin.py:188} INFO - [2025-09-19T04:20:40.451+0000] {dagbag.py:538} INFO - Filling up the DagBag from /home/airflow/.local/lib/python3.8/site-packages/airflow/example_dags/example_python_operator.py
[2025-09-19T04:20:40.473+0000] {processor.py:840} INFO - DAG(s) 'example_python_operator' retrieved from /home/airflow/.local/lib/python3.8/site-packages/airflow/example_dags/example_python_operator.py
[2025-09-19T04:20:40.518+0000] {logging_mixin.py:188} INFO - [2025-09-19T04:20:40.518+0000] {dag.py:3036} INFO - Sync 1 DAGs
[2025-09-19T04:20:40.541+0000] {logging_mixin.py:188} INFO - [2025-09-19T04:20:40.541+0000] {dag.py:3823} INFO - Setting next_dagrun for example_python_operator to None, run_after=None
[2025-09-19T04:20:40.583+0000] {processor.py:183} INFO - Processing /home/airflow/.local/lib/python3.8/site-packages/airflow/example_dags/example_python_operator.py took 0.144 seconds
[2025-09-19T04:21:11.031+0000] {processor.py:161} INFO - Started process (PID=1620) to work on /home/airflow/.local/lib/python3.8/site-packages/airflow/example_dags/example_python_operator.py
[2025-09-19T04:21:11.033+0000] {processor.py:830} INFO - Processing file /home/airflow/.local/lib/python3.8/site-packages/airflow/example_dags/example_python_operator.py for tasks to queue
[2025-09-19T04:21:11.038+0000] {logging_mixin.py:188} INFO - [2025-09-19T04:21:11.037+0000] {dagbag.py:538} INFO - Filling up the DagBag from /home/airflow/.local/lib/python3.8/site-packages/airflow/example_dags/example_python_operator.py
[2025-09-19T04:21:11.073+0000] {processor.py:840} INFO - DAG(s) 'example_python_operator' retrieved from /home/airflow/.local/lib/python3.8/site-packages/airflow/example_dags/example_python_operator.py
[2025-09-19T04:21:11.116+0000] {logging_mixin.py:188} INFO - [2025-09-19T04:21:11.116+0000] {dag.py:3036} INFO - Sync 1 DAGs
[2025-09-19T04:21:11.143+0000] {logging_mixin.py:188} INFO - [2025-09-19T04:21:11.142+0000] {dag.py:3823} INFO - Setting next_dagrun for example_python_operator to None, run_after=None
[2025-09-19T04:21:11.183+0000] {processor.py:183} INFO - Processing /home/airflow/.local/lib/python3.8/site-packages/airflow/example_dags/example_python_operator.py took 0.161 seconds
[2025-09-19T04:21:41.355+0000] {processor.py:161} INFO - Started process (PID=1675) to work on /home/airflow/.local/lib/python3.8/site-packages/airflow/example_dags/example_python_operator.py
[2025-09-19T04:21:41.358+0000] {processor.py:830} INFO - Processing file /home/airflow/.local/lib/python3.8/site-packages/airflow/example_dags/example_python_operator.py for tasks to queue
[2025-09-19T04:21:41.362+0000] {logging_mixin.py:188} INFO - [2025-09-19T04:21:41.362+0000] {dagbag.py:538} INFO - Filling up the DagBag from /home/airflow/.local/lib/python3.8/site-packages/airflow/example_dags/example_python_operator.py
[2025-09-19T04:21:41.382+0000] {processor.py:840} INFO - DAG(s) 'example_python_operator' retrieved from /home/airflow/.local/lib/python3.8/site-packages/airflow/example_dags/example_python_operator.py
[2025-09-19T04:21:41.423+0000] {logging_mixin.py:188} INFO - [2025-09-19T04:21:41.423+0000] {dag.py:3036} INFO - Sync 1 DAGs
[2025-09-19T04:21:41.452+0000] {logging_mixin.py:188} INFO - [2025-09-19T04:21:41.451+0000] {dag.py:3823} INFO - Setting next_dagrun for example_python_operator to None, run_after=None
[2025-09-19T04:21:41.486+0000] {processor.py:183} INFO - Processing /home/airflow/.local/lib/python3.8/site-packages/airflow/example_dags/example_python_operator.py took 0.137 seconds
[2025-09-19T04:22:11.659+0000] {processor.py:161} INFO - Started process (PID=1730) to work on /home/airflow/.local/lib/python3.8/site-packages/airflow/example_dags/example_python_operator.py
[2025-09-19T04:22:11.661+0000] {processor.py:830} INFO - Processing file /home/airflow/.local/lib/python3.8/site-packages/airflow/example_dags/example_python_operator.py for tasks to queue
[2025-09-19T04:22:11.664+0000] {logging_mixin.py:188} INFO - [2025-09-19T04:22:11.664+0000] {dagbag.py:538} INFO - Filling up the DagBag from /home/airflow/.local/lib/python3.8/site-packages/airflow/example_dags/example_python_operator.py
[2025-09-19T04:22:11.682+0000] {processor.py:840} INFO - DAG(s) 'example_python_operator' retrieved from /home/airflow/.local/lib/python3.8/site-packages/airflow/example_dags/example_python_operator.py
[2025-09-19T04:22:11.725+0000] {logging_mixin.py:188} INFO - [2025-09-19T04:22:11.725+0000] {dag.py:3036} INFO - Sync 1 DAGs
[2025-09-19T04:22:11.748+0000] {logging_mixin.py:188} INFO - [2025-09-19T04:22:11.747+0000] {dag.py:3823} INFO - Setting next_dagrun for example_python_operator to None, run_after=None
[2025-09-19T04:22:11.786+0000] {processor.py:183} INFO - Processing /home/airflow/.local/lib/python3.8/site-packages/airflow/example_dags/example_python_operator.py took 0.133 seconds
[2025-09-19T04:22:42.452+0000] {processor.py:161} INFO - Started process (PID=1783) to work on /home/airflow/.local/lib/python3.8/site-packages/airflow/example_dags/example_python_operator.py
[2025-09-19T04:22:42.455+0000] {processor.py:830} INFO - Processing file /home/airflow/.local/lib/python3.8/site-packages/airflow/example_dags/example_python_operator.py for tasks to queue
[2025-09-19T04:22:42.458+0000] {logging_mixin.py:188} INFO - [2025-09-19T04:22:42.458+0000] {dagbag.py:538} INFO - Filling up the DagBag from /home/airflow/.local/lib/python3.8/site-packages/airflow/example_dags/example_python_operator.py
[2025-09-19T04:22:42.477+0000] {processor.py:840} INFO - DAG(s) 'example_python_operator' retrieved from /home/airflow/.local/lib/python3.8/site-packages/airflow/example_dags/example_python_operator.py
[2025-09-19T04:22:42.515+0000] {logging_mixin.py:188} INFO - [2025-09-19T04:22:42.514+0000] {dag.py:3036} INFO - Sync 1 DAGs
[2025-09-19T04:22:42.538+0000] {logging_mixin.py:188} INFO - [2025-09-19T04:22:42.537+0000] {dag.py:3823} INFO - Setting next_dagrun for example_python_operator to None, run_after=None
[2025-09-19T04:22:42.577+0000] {processor.py:183} INFO - Processing /home/airflow/.local/lib/python3.8/site-packages/airflow/example_dags/example_python_operator.py took 0.131 seconds
[2025-09-19T04:23:12.887+0000] {processor.py:161} INFO - Started process (PID=1838) to work on /home/airflow/.local/lib/python3.8/site-packages/airflow/example_dags/example_python_operator.py
[2025-09-19T04:23:12.890+0000] {processor.py:830} INFO - Processing file /home/airflow/.local/lib/python3.8/site-packages/airflow/example_dags/example_python_operator.py for tasks to queue
[2025-09-19T04:23:12.893+0000] {logging_mixin.py:188} INFO - [2025-09-19T04:23:12.892+0000] {dagbag.py:538} INFO - Filling up the DagBag from /home/airflow/.local/lib/python3.8/site-packages/airflow/example_dags/example_python_operator.py
[2025-09-19T04:23:12.914+0000] {processor.py:840} INFO - DAG(s) 'example_python_operator' retrieved from /home/airflow/.local/lib/python3.8/site-packages/airflow/example_dags/example_python_operator.py
[2025-09-19T04:23:12.956+0000] {logging_mixin.py:188} INFO - [2025-09-19T04:23:12.955+0000] {dag.py:3036} INFO - Sync 1 DAGs
[2025-09-19T04:23:12.980+0000] {logging_mixin.py:188} INFO - [2025-09-19T04:23:12.979+0000] {dag.py:3823} INFO - Setting next_dagrun for example_python_operator to None, run_after=None
[2025-09-19T04:23:13.014+0000] {processor.py:183} INFO - Processing /home/airflow/.local/lib/python3.8/site-packages/airflow/example_dags/example_python_operator.py took 0.133 seconds
[2025-09-19T04:23:43.316+0000] {processor.py:161} INFO - Started process (PID=1893) to work on /home/airflow/.local/lib/python3.8/site-packages/airflow/example_dags/example_python_operator.py
[2025-09-19T04:23:43.318+0000] {processor.py:830} INFO - Processing file /home/airflow/.local/lib/python3.8/site-packages/airflow/example_dags/example_python_operator.py for tasks to queue
[2025-09-19T04:23:43.322+0000] {logging_mixin.py:188} INFO - [2025-09-19T04:23:43.321+0000] {dagbag.py:538} INFO - Filling up the DagBag from /home/airflow/.local/lib/python3.8/site-packages/airflow/example_dags/example_python_operator.py
[2025-09-19T04:23:43.340+0000] {processor.py:840} INFO - DAG(s) 'example_python_operator' retrieved from /home/airflow/.local/lib/python3.8/site-packages/airflow/example_dags/example_python_operator.py
[2025-09-19T04:23:43.394+0000] {logging_mixin.py:188} INFO - [2025-09-19T04:23:43.394+0000] {dag.py:3036} INFO - Sync 1 DAGs
[2025-09-19T04:23:43.416+0000] {logging_mixin.py:188} INFO - [2025-09-19T04:23:43.416+0000] {dag.py:3823} INFO - Setting next_dagrun for example_python_operator to None, run_after=None
[2025-09-19T04:23:43.454+0000] {processor.py:183} INFO - Processing /home/airflow/.local/lib/python3.8/site-packages/airflow/example_dags/example_python_operator.py took 0.152 seconds
[2025-09-19T04:24:13.863+0000] {processor.py:161} INFO - Started process (PID=1948) to work on /home/airflow/.local/lib/python3.8/site-packages/airflow/example_dags/example_python_operator.py
[2025-09-19T04:24:13.865+0000] {processor.py:830} INFO - Processing file /home/airflow/.local/lib/python3.8/site-packages/airflow/example_dags/example_python_operator.py for tasks to queue
[2025-09-19T04:24:13.870+0000] {logging_mixin.py:188} INFO - [2025-09-19T04:24:13.869+0000] {dagbag.py:538} INFO - Filling up the DagBag from /home/airflow/.local/lib/python3.8/site-packages/airflow/example_dags/example_python_operator.py
[2025-09-19T04:24:13.896+0000] {processor.py:840} INFO - DAG(s) 'example_python_operator' retrieved from /home/airflow/.local/lib/python3.8/site-packages/airflow/example_dags/example_python_operator.py
[2025-09-19T04:24:13.936+0000] {logging_mixin.py:188} INFO - [2025-09-19T04:24:13.935+0000] {dag.py:3036} INFO - Sync 1 DAGs
[2025-09-19T04:24:13.964+0000] {logging_mixin.py:188} INFO - [2025-09-19T04:24:13.964+0000] {dag.py:3823} INFO - Setting next_dagrun for example_python_operator to None, run_after=None
[2025-09-19T04:24:14.006+0000] {processor.py:183} INFO - Processing /home/airflow/.local/lib/python3.8/site-packages/airflow/example_dags/example_python_operator.py took 0.149 seconds
[2025-09-19T04:24:44.214+0000] {processor.py:161} INFO - Started process (PID=2004) to work on /home/airflow/.local/lib/python3.8/site-packages/airflow/example_dags/example_python_operator.py
[2025-09-19T04:24:44.216+0000] {processor.py:830} INFO - Processing file /home/airflow/.local/lib/python3.8/site-packages/airflow/example_dags/example_python_operator.py for tasks to queue
[2025-09-19T04:24:44.219+0000] {logging_mixin.py:188} INFO - [2025-09-19T04:24:44.219+0000] {dagbag.py:538} INFO - Filling up the DagBag from /home/airflow/.local/lib/python3.8/site-packages/airflow/example_dags/example_python_operator.py
[2025-09-19T04:24:44.237+0000] {processor.py:840} INFO - DAG(s) 'example_python_operator' retrieved from /home/airflow/.local/lib/python3.8/site-packages/airflow/example_dags/example_python_operator.py
[2025-09-19T04:24:44.283+0000] {logging_mixin.py:188} INFO - [2025-09-19T04:24:44.283+0000] {dag.py:3036} INFO - Sync 1 DAGs
[2025-09-19T04:24:44.306+0000] {logging_mixin.py:188} INFO - [2025-09-19T04:24:44.305+0000] {dag.py:3823} INFO - Setting next_dagrun for example_python_operator to None, run_after=None
[2025-09-19T04:24:44.344+0000] {processor.py:183} INFO - Processing /home/airflow/.local/lib/python3.8/site-packages/airflow/example_dags/example_python_operator.py took 0.136 seconds
[2025-09-19T04:25:14.573+0000] {processor.py:161} INFO - Started process (PID=2059) to work on /home/airflow/.local/lib/python3.8/site-packages/airflow/example_dags/example_python_operator.py
[2025-09-19T04:25:14.575+0000] {processor.py:830} INFO - Processing file /home/airflow/.local/lib/python3.8/site-packages/airflow/example_dags/example_python_operator.py for tasks to queue
[2025-09-19T04:25:14.579+0000] {logging_mixin.py:188} INFO - [2025-09-19T04:25:14.579+0000] {dagbag.py:538} INFO - Filling up the DagBag from /home/airflow/.local/lib/python3.8/site-packages/airflow/example_dags/example_python_operator.py
[2025-09-19T04:25:14.607+0000] {processor.py:840} INFO - DAG(s) 'example_python_operator' retrieved from /home/airflow/.local/lib/python3.8/site-packages/airflow/example_dags/example_python_operator.py
[2025-09-19T04:25:14.647+0000] {logging_mixin.py:188} INFO - [2025-09-19T04:25:14.647+0000] {dag.py:3036} INFO - Sync 1 DAGs
[2025-09-19T04:25:14.675+0000] {logging_mixin.py:188} INFO - [2025-09-19T04:25:14.674+0000] {dag.py:3823} INFO - Setting next_dagrun for example_python_operator to None, run_after=None
[2025-09-19T04:25:14.718+0000] {processor.py:183} INFO - Processing /home/airflow/.local/lib/python3.8/site-packages/airflow/example_dags/example_python_operator.py took 0.151 seconds
[2025-09-19T04:25:44.781+0000] {processor.py:161} INFO - Started process (PID=2114) to work on /home/airflow/.local/lib/python3.8/site-packages/airflow/example_dags/example_python_operator.py
[2025-09-19T04:25:44.784+0000] {processor.py:830} INFO - Processing file /home/airflow/.local/lib/python3.8/site-packages/airflow/example_dags/example_python_operator.py for tasks to queue
[2025-09-19T04:25:44.788+0000] {logging_mixin.py:188} INFO - [2025-09-19T04:25:44.787+0000] {dagbag.py:538} INFO - Filling up the DagBag from /home/airflow/.local/lib/python3.8/site-packages/airflow/example_dags/example_python_operator.py
[2025-09-19T04:25:44.807+0000] {processor.py:840} INFO - DAG(s) 'example_python_operator' retrieved from /home/airflow/.local/lib/python3.8/site-packages/airflow/example_dags/example_python_operator.py
[2025-09-19T04:25:44.852+0000] {logging_mixin.py:188} INFO - [2025-09-19T04:25:44.852+0000] {dag.py:3036} INFO - Sync 1 DAGs
[2025-09-19T04:25:44.878+0000] {logging_mixin.py:188} INFO - [2025-09-19T04:25:44.877+0000] {dag.py:3823} INFO - Setting next_dagrun for example_python_operator to None, run_after=None
[2025-09-19T04:25:44.916+0000] {processor.py:183} INFO - Processing /home/airflow/.local/lib/python3.8/site-packages/airflow/example_dags/example_python_operator.py took 0.143 seconds
[2025-09-19T04:26:15.222+0000] {processor.py:161} INFO - Started process (PID=2169) to work on /home/airflow/.local/lib/python3.8/site-packages/airflow/example_dags/example_python_operator.py
[2025-09-19T04:26:15.224+0000] {processor.py:830} INFO - Processing file /home/airflow/.local/lib/python3.8/site-packages/airflow/example_dags/example_python_operator.py for tasks to queue
[2025-09-19T04:26:15.227+0000] {logging_mixin.py:188} INFO - [2025-09-19T04:26:15.227+0000] {dagbag.py:538} INFO - Filling up the DagBag from /home/airflow/.local/lib/python3.8/site-packages/airflow/example_dags/example_python_operator.py
[2025-09-19T04:26:15.246+0000] {processor.py:840} INFO - DAG(s) 'example_python_operator' retrieved from /home/airflow/.local/lib/python3.8/site-packages/airflow/example_dags/example_python_operator.py
[2025-09-19T04:26:15.287+0000] {logging_mixin.py:188} INFO - [2025-09-19T04:26:15.287+0000] {dag.py:3036} INFO - Sync 1 DAGs
[2025-09-19T04:26:15.309+0000] {logging_mixin.py:188} INFO - [2025-09-19T04:26:15.309+0000] {dag.py:3823} INFO - Setting next_dagrun for example_python_operator to None, run_after=None
[2025-09-19T04:26:15.351+0000] {processor.py:183} INFO - Processing /home/airflow/.local/lib/python3.8/site-packages/airflow/example_dags/example_python_operator.py took 0.135 seconds
[2025-09-19T04:26:45.953+0000] {processor.py:161} INFO - Started process (PID=2224) to work on /home/airflow/.local/lib/python3.8/site-packages/airflow/example_dags/example_python_operator.py
[2025-09-19T04:26:45.955+0000] {processor.py:830} INFO - Processing file /home/airflow/.local/lib/python3.8/site-packages/airflow/example_dags/example_python_operator.py for tasks to queue
[2025-09-19T04:26:45.959+0000] {logging_mixin.py:188} INFO - [2025-09-19T04:26:45.958+0000] {dagbag.py:538} INFO - Filling up the DagBag from /home/airflow/.local/lib/python3.8/site-packages/airflow/example_dags/example_python_operator.py
[2025-09-19T04:26:45.979+0000] {processor.py:840} INFO - DAG(s) 'example_python_operator' retrieved from /home/airflow/.local/lib/python3.8/site-packages/airflow/example_dags/example_python_operator.py
[2025-09-19T04:26:46.021+0000] {logging_mixin.py:188} INFO - [2025-09-19T04:26:46.021+0000] {dag.py:3036} INFO - Sync 1 DAGs
[2025-09-19T04:26:46.046+0000] {logging_mixin.py:188} INFO - [2025-09-19T04:26:46.046+0000] {dag.py:3823} INFO - Setting next_dagrun for example_python_operator to None, run_after=None
[2025-09-19T04:26:46.087+0000] {processor.py:183} INFO - Processing /home/airflow/.local/lib/python3.8/site-packages/airflow/example_dags/example_python_operator.py took 0.140 seconds
[2025-09-19T04:27:16.198+0000] {processor.py:161} INFO - Started process (PID=2279) to work on /home/airflow/.local/lib/python3.8/site-packages/airflow/example_dags/example_python_operator.py
[2025-09-19T04:27:16.200+0000] {processor.py:830} INFO - Processing file /home/airflow/.local/lib/python3.8/site-packages/airflow/example_dags/example_python_operator.py for tasks to queue
[2025-09-19T04:27:16.203+0000] {logging_mixin.py:188} INFO - [2025-09-19T04:27:16.203+0000] {dagbag.py:538} INFO - Filling up the DagBag from /home/airflow/.local/lib/python3.8/site-packages/airflow/example_dags/example_python_operator.py
[2025-09-19T04:27:16.224+0000] {processor.py:840} INFO - DAG(s) 'example_python_operator' retrieved from /home/airflow/.local/lib/python3.8/site-packages/airflow/example_dags/example_python_operator.py
[2025-09-19T04:27:16.266+0000] {logging_mixin.py:188} INFO - [2025-09-19T04:27:16.266+0000] {dag.py:3036} INFO - Sync 1 DAGs
[2025-09-19T04:27:16.289+0000] {logging_mixin.py:188} INFO - [2025-09-19T04:27:16.289+0000] {dag.py:3823} INFO - Setting next_dagrun for example_python_operator to None, run_after=None
[2025-09-19T04:27:16.330+0000] {processor.py:183} INFO - Processing /home/airflow/.local/lib/python3.8/site-packages/airflow/example_dags/example_python_operator.py took 0.138 seconds
[2025-09-19T04:27:46.594+0000] {processor.py:161} INFO - Started process (PID=2334) to work on /home/airflow/.local/lib/python3.8/site-packages/airflow/example_dags/example_python_operator.py
[2025-09-19T04:27:46.597+0000] {processor.py:830} INFO - Processing file /home/airflow/.local/lib/python3.8/site-packages/airflow/example_dags/example_python_operator.py for tasks to queue
[2025-09-19T04:27:46.600+0000] {logging_mixin.py:188} INFO - [2025-09-19T04:27:46.600+0000] {dagbag.py:538} INFO - Filling up the DagBag from /home/airflow/.local/lib/python3.8/site-packages/airflow/example_dags/example_python_operator.py
[2025-09-19T04:27:46.619+0000] {processor.py:840} INFO - DAG(s) 'example_python_operator' retrieved from /home/airflow/.local/lib/python3.8/site-packages/airflow/example_dags/example_python_operator.py
[2025-09-19T04:27:46.658+0000] {logging_mixin.py:188} INFO - [2025-09-19T04:27:46.657+0000] {dag.py:3036} INFO - Sync 1 DAGs
[2025-09-19T04:27:46.680+0000] {logging_mixin.py:188} INFO - [2025-09-19T04:27:46.680+0000] {dag.py:3823} INFO - Setting next_dagrun for example_python_operator to None, run_after=None
[2025-09-19T04:27:46.718+0000] {processor.py:183} INFO - Processing /home/airflow/.local/lib/python3.8/site-packages/airflow/example_dags/example_python_operator.py took 0.131 seconds
[2025-09-19T04:28:17.021+0000] {processor.py:161} INFO - Started process (PID=2389) to work on /home/airflow/.local/lib/python3.8/site-packages/airflow/example_dags/example_python_operator.py
[2025-09-19T04:28:17.023+0000] {processor.py:830} INFO - Processing file /home/airflow/.local/lib/python3.8/site-packages/airflow/example_dags/example_python_operator.py for tasks to queue
[2025-09-19T04:28:17.026+0000] {logging_mixin.py:188} INFO - [2025-09-19T04:28:17.026+0000] {dagbag.py:538} INFO - Filling up the DagBag from /home/airflow/.local/lib/python3.8/site-packages/airflow/example_dags/example_python_operator.py
[2025-09-19T04:28:17.046+0000] {processor.py:840} INFO - DAG(s) 'example_python_operator' retrieved from /home/airflow/.local/lib/python3.8/site-packages/airflow/example_dags/example_python_operator.py
[2025-09-19T04:28:17.088+0000] {logging_mixin.py:188} INFO - [2025-09-19T04:28:17.088+0000] {dag.py:3036} INFO - Sync 1 DAGs
[2025-09-19T04:28:17.112+0000] {logging_mixin.py:188} INFO - [2025-09-19T04:28:17.111+0000] {dag.py:3823} INFO - Setting next_dagrun for example_python_operator to None, run_after=None
[2025-09-19T04:28:17.152+0000] {processor.py:183} INFO - Processing /home/airflow/.local/lib/python3.8/site-packages/airflow/example_dags/example_python_operator.py took 0.137 seconds
[2025-09-19T04:28:47.681+0000] {processor.py:161} INFO - Started process (PID=2444) to work on /home/airflow/.local/lib/python3.8/site-packages/airflow/example_dags/example_python_operator.py
[2025-09-19T04:28:47.683+0000] {processor.py:830} INFO - Processing file /home/airflow/.local/lib/python3.8/site-packages/airflow/example_dags/example_python_operator.py for tasks to queue
[2025-09-19T04:28:47.687+0000] {logging_mixin.py:188} INFO - [2025-09-19T04:28:47.686+0000] {dagbag.py:538} INFO - Filling up the DagBag from /home/airflow/.local/lib/python3.8/site-packages/airflow/example_dags/example_python_operator.py
[2025-09-19T04:28:47.706+0000] {processor.py:840} INFO - DAG(s) 'example_python_operator' retrieved from /home/airflow/.local/lib/python3.8/site-packages/airflow/example_dags/example_python_operator.py
[2025-09-19T04:28:47.751+0000] {logging_mixin.py:188} INFO - [2025-09-19T04:28:47.751+0000] {dag.py:3036} INFO - Sync 1 DAGs
[2025-09-19T04:28:47.774+0000] {logging_mixin.py:188} INFO - [2025-09-19T04:28:47.774+0000] {dag.py:3823} INFO - Setting next_dagrun for example_python_operator to None, run_after=None
[2025-09-19T04:28:47.813+0000] {processor.py:183} INFO - Processing /home/airflow/.local/lib/python3.8/site-packages/airflow/example_dags/example_python_operator.py took 0.141 seconds
[2025-09-19T04:29:18.036+0000] {processor.py:161} INFO - Started process (PID=2499) to work on /home/airflow/.local/lib/python3.8/site-packages/airflow/example_dags/example_python_operator.py
[2025-09-19T04:29:18.038+0000] {processor.py:830} INFO - Processing file /home/airflow/.local/lib/python3.8/site-packages/airflow/example_dags/example_python_operator.py for tasks to queue
[2025-09-19T04:29:18.043+0000] {logging_mixin.py:188} INFO - [2025-09-19T04:29:18.043+0000] {dagbag.py:538} INFO - Filling up the DagBag from /home/airflow/.local/lib/python3.8/site-packages/airflow/example_dags/example_python_operator.py
[2025-09-19T04:29:18.068+0000] {processor.py:840} INFO - DAG(s) 'example_python_operator' retrieved from /home/airflow/.local/lib/python3.8/site-packages/airflow/example_dags/example_python_operator.py
[2025-09-19T04:29:18.112+0000] {logging_mixin.py:188} INFO - [2025-09-19T04:29:18.111+0000] {dag.py:3036} INFO - Sync 1 DAGs
[2025-09-19T04:29:18.142+0000] {logging_mixin.py:188} INFO - [2025-09-19T04:29:18.141+0000] {dag.py:3823} INFO - Setting next_dagrun for example_python_operator to None, run_after=None
[2025-09-19T04:29:18.180+0000] {processor.py:183} INFO - Processing /home/airflow/.local/lib/python3.8/site-packages/airflow/example_dags/example_python_operator.py took 0.151 seconds
[2025-09-19T04:29:48.312+0000] {processor.py:161} INFO - Started process (PID=2554) to work on /home/airflow/.local/lib/python3.8/site-packages/airflow/example_dags/example_python_operator.py
[2025-09-19T04:29:48.314+0000] {processor.py:830} INFO - Processing file /home/airflow/.local/lib/python3.8/site-packages/airflow/example_dags/example_python_operator.py for tasks to queue
[2025-09-19T04:29:48.317+0000] {logging_mixin.py:188} INFO - [2025-09-19T04:29:48.317+0000] {dagbag.py:538} INFO - Filling up the DagBag from /home/airflow/.local/lib/python3.8/site-packages/airflow/example_dags/example_python_operator.py
[2025-09-19T04:29:48.337+0000] {processor.py:840} INFO - DAG(s) 'example_python_operator' retrieved from /home/airflow/.local/lib/python3.8/site-packages/airflow/example_dags/example_python_operator.py
[2025-09-19T04:29:48.379+0000] {logging_mixin.py:188} INFO - [2025-09-19T04:29:48.379+0000] {dag.py:3036} INFO - Sync 1 DAGs
[2025-09-19T04:29:48.403+0000] {logging_mixin.py:188} INFO - [2025-09-19T04:29:48.402+0000] {dag.py:3823} INFO - Setting next_dagrun for example_python_operator to None, run_after=None
[2025-09-19T04:29:48.442+0000] {processor.py:183} INFO - Processing /home/airflow/.local/lib/python3.8/site-packages/airflow/example_dags/example_python_operator.py took 0.136 seconds
[2025-09-19T04:30:19.357+0000] {processor.py:161} INFO - Started process (PID=2609) to work on /home/airflow/.local/lib/python3.8/site-packages/airflow/example_dags/example_python_operator.py
[2025-09-19T04:30:19.359+0000] {processor.py:830} INFO - Processing file /home/airflow/.local/lib/python3.8/site-packages/airflow/example_dags/example_python_operator.py for tasks to queue
[2025-09-19T04:30:19.362+0000] {logging_mixin.py:188} INFO - [2025-09-19T04:30:19.362+0000] {dagbag.py:538} INFO - Filling up the DagBag from /home/airflow/.local/lib/python3.8/site-packages/airflow/example_dags/example_python_operator.py
[2025-09-19T04:30:19.381+0000] {processor.py:840} INFO - DAG(s) 'example_python_operator' retrieved from /home/airflow/.local/lib/python3.8/site-packages/airflow/example_dags/example_python_operator.py
[2025-09-19T04:30:19.419+0000] {logging_mixin.py:188} INFO - [2025-09-19T04:30:19.419+0000] {dag.py:3036} INFO - Sync 1 DAGs
[2025-09-19T04:30:19.442+0000] {logging_mixin.py:188} INFO - [2025-09-19T04:30:19.441+0000] {dag.py:3823} INFO - Setting next_dagrun for example_python_operator to None, run_after=None
[2025-09-19T04:30:19.481+0000] {processor.py:183} INFO - Processing /home/airflow/.local/lib/python3.8/site-packages/airflow/example_dags/example_python_operator.py took 0.130 seconds
[2025-09-19T04:30:49.554+0000] {processor.py:161} INFO - Started process (PID=2664) to work on /home/airflow/.local/lib/python3.8/site-packages/airflow/example_dags/example_python_operator.py
[2025-09-19T04:30:49.556+0000] {processor.py:830} INFO - Processing file /home/airflow/.local/lib/python3.8/site-packages/airflow/example_dags/example_python_operator.py for tasks to queue
[2025-09-19T04:30:49.559+0000] {logging_mixin.py:188} INFO - [2025-09-19T04:30:49.558+0000] {dagbag.py:538} INFO - Filling up the DagBag from /home/airflow/.local/lib/python3.8/site-packages/airflow/example_dags/example_python_operator.py
[2025-09-19T04:30:49.578+0000] {processor.py:840} INFO - DAG(s) 'example_python_operator' retrieved from /home/airflow/.local/lib/python3.8/site-packages/airflow/example_dags/example_python_operator.py
[2025-09-19T04:30:49.621+0000] {logging_mixin.py:188} INFO - [2025-09-19T04:30:49.620+0000] {dag.py:3036} INFO - Sync 1 DAGs
[2025-09-19T04:30:49.646+0000] {logging_mixin.py:188} INFO - [2025-09-19T04:30:49.645+0000] {dag.py:3823} INFO - Setting next_dagrun for example_python_operator to None, run_after=None
[2025-09-19T04:30:49.686+0000] {processor.py:183} INFO - Processing /home/airflow/.local/lib/python3.8/site-packages/airflow/example_dags/example_python_operator.py took 0.141 seconds
[2025-09-19T04:31:20.396+0000] {processor.py:161} INFO - Started process (PID=2719) to work on /home/airflow/.local/lib/python3.8/site-packages/airflow/example_dags/example_python_operator.py
[2025-09-19T04:31:20.398+0000] {processor.py:830} INFO - Processing file /home/airflow/.local/lib/python3.8/site-packages/airflow/example_dags/example_python_operator.py for tasks to queue
[2025-09-19T04:31:20.402+0000] {logging_mixin.py:188} INFO - [2025-09-19T04:31:20.401+0000] {dagbag.py:538} INFO - Filling up the DagBag from /home/airflow/.local/lib/python3.8/site-packages/airflow/example_dags/example_python_operator.py
[2025-09-19T04:31:20.422+0000] {processor.py:840} INFO - DAG(s) 'example_python_operator' retrieved from /home/airflow/.local/lib/python3.8/site-packages/airflow/example_dags/example_python_operator.py
[2025-09-19T04:31:20.461+0000] {logging_mixin.py:188} INFO - [2025-09-19T04:31:20.460+0000] {dag.py:3036} INFO - Sync 1 DAGs
[2025-09-19T04:31:20.485+0000] {logging_mixin.py:188} INFO - [2025-09-19T04:31:20.485+0000] {dag.py:3823} INFO - Setting next_dagrun for example_python_operator to None, run_after=None
[2025-09-19T04:31:20.525+0000] {processor.py:183} INFO - Processing /home/airflow/.local/lib/python3.8/site-packages/airflow/example_dags/example_python_operator.py took 0.135 seconds
[2025-09-19T04:31:51.351+0000] {processor.py:161} INFO - Started process (PID=2774) to work on /home/airflow/.local/lib/python3.8/site-packages/airflow/example_dags/example_python_operator.py
[2025-09-19T04:31:51.353+0000] {processor.py:830} INFO - Processing file /home/airflow/.local/lib/python3.8/site-packages/airflow/example_dags/example_python_operator.py for tasks to queue
[2025-09-19T04:31:51.358+0000] {logging_mixin.py:188} INFO - [2025-09-19T04:31:51.358+0000] {dagbag.py:538} INFO - Filling up the DagBag from /home/airflow/.local/lib/python3.8/site-packages/airflow/example_dags/example_python_operator.py
[2025-09-19T04:31:51.381+0000] {processor.py:840} INFO - DAG(s) 'example_python_operator' retrieved from /home/airflow/.local/lib/python3.8/site-packages/airflow/example_dags/example_python_operator.py
[2025-09-19T04:31:51.424+0000] {logging_mixin.py:188} INFO - [2025-09-19T04:31:51.424+0000] {dag.py:3036} INFO - Sync 1 DAGs
[2025-09-19T04:31:51.450+0000] {logging_mixin.py:188} INFO - [2025-09-19T04:31:51.449+0000] {dag.py:3823} INFO - Setting next_dagrun for example_python_operator to None, run_after=None
[2025-09-19T04:31:51.497+0000] {processor.py:183} INFO - Processing /home/airflow/.local/lib/python3.8/site-packages/airflow/example_dags/example_python_operator.py took 0.152 seconds
[2025-09-19T04:32:21.589+0000] {processor.py:161} INFO - Started process (PID=2829) to work on /home/airflow/.local/lib/python3.8/site-packages/airflow/example_dags/example_python_operator.py
[2025-09-19T04:32:21.591+0000] {processor.py:830} INFO - Processing file /home/airflow/.local/lib/python3.8/site-packages/airflow/example_dags/example_python_operator.py for tasks to queue
[2025-09-19T04:32:21.595+0000] {logging_mixin.py:188} INFO - [2025-09-19T04:32:21.594+0000] {dagbag.py:538} INFO - Filling up the DagBag from /home/airflow/.local/lib/python3.8/site-packages/airflow/example_dags/example_python_operator.py
[2025-09-19T04:32:21.617+0000] {processor.py:840} INFO - DAG(s) 'example_python_operator' retrieved from /home/airflow/.local/lib/python3.8/site-packages/airflow/example_dags/example_python_operator.py
[2025-09-19T04:32:21.659+0000] {logging_mixin.py:188} INFO - [2025-09-19T04:32:21.658+0000] {dag.py:3036} INFO - Sync 1 DAGs
[2025-09-19T04:32:21.684+0000] {logging_mixin.py:188} INFO - [2025-09-19T04:32:21.684+0000] {dag.py:3823} INFO - Setting next_dagrun for example_python_operator to None, run_after=None
[2025-09-19T04:32:21.893+0000] {processor.py:183} INFO - Processing /home/airflow/.local/lib/python3.8/site-packages/airflow/example_dags/example_python_operator.py took 0.311 seconds
[2025-09-19T04:32:51.981+0000] {processor.py:161} INFO - Started process (PID=2884) to work on /home/airflow/.local/lib/python3.8/site-packages/airflow/example_dags/example_python_operator.py
[2025-09-19T04:32:51.984+0000] {processor.py:830} INFO - Processing file /home/airflow/.local/lib/python3.8/site-packages/airflow/example_dags/example_python_operator.py for tasks to queue
[2025-09-19T04:32:51.988+0000] {logging_mixin.py:188} INFO - [2025-09-19T04:32:51.987+0000] {dagbag.py:538} INFO - Filling up the DagBag from /home/airflow/.local/lib/python3.8/site-packages/airflow/example_dags/example_python_operator.py
[2025-09-19T04:32:52.012+0000] {processor.py:840} INFO - DAG(s) 'example_python_operator' retrieved from /home/airflow/.local/lib/python3.8/site-packages/airflow/example_dags/example_python_operator.py
[2025-09-19T04:32:52.054+0000] {logging_mixin.py:188} INFO - [2025-09-19T04:32:52.054+0000] {dag.py:3036} INFO - Sync 1 DAGs
[2025-09-19T04:32:52.079+0000] {logging_mixin.py:188} INFO - [2025-09-19T04:32:52.079+0000] {dag.py:3823} INFO - Setting next_dagrun for example_python_operator to None, run_after=None
[2025-09-19T04:32:52.115+0000] {processor.py:183} INFO - Processing /home/airflow/.local/lib/python3.8/site-packages/airflow/example_dags/example_python_operator.py took 0.139 seconds
[2025-09-19T04:33:22.292+0000] {processor.py:161} INFO - Started process (PID=2939) to work on /home/airflow/.local/lib/python3.8/site-packages/airflow/example_dags/example_python_operator.py
[2025-09-19T04:33:22.294+0000] {processor.py:830} INFO - Processing file /home/airflow/.local/lib/python3.8/site-packages/airflow/example_dags/example_python_operator.py for tasks to queue
[2025-09-19T04:33:22.298+0000] {logging_mixin.py:188} INFO - [2025-09-19T04:33:22.298+0000] {dagbag.py:538} INFO - Filling up the DagBag from /home/airflow/.local/lib/python3.8/site-packages/airflow/example_dags/example_python_operator.py
[2025-09-19T04:33:22.324+0000] {processor.py:840} INFO - DAG(s) 'example_python_operator' retrieved from /home/airflow/.local/lib/python3.8/site-packages/airflow/example_dags/example_python_operator.py
[2025-09-19T04:33:22.371+0000] {logging_mixin.py:188} INFO - [2025-09-19T04:33:22.370+0000] {dag.py:3036} INFO - Sync 1 DAGs
[2025-09-19T04:33:22.396+0000] {logging_mixin.py:188} INFO - [2025-09-19T04:33:22.395+0000] {dag.py:3823} INFO - Setting next_dagrun for example_python_operator to None, run_after=None
[2025-09-19T04:33:22.440+0000] {processor.py:183} INFO - Processing /home/airflow/.local/lib/python3.8/site-packages/airflow/example_dags/example_python_operator.py took 0.154 seconds
