[2025-09-19T04:06:52.576+0000] {processor.py:161} INFO - Started process (PID=71) to work on /home/airflow/.local/lib/python3.8/site-packages/airflow/example_dags/example_latest_only_with_trigger.py
[2025-09-19T04:06:52.578+0000] {processor.py:830} INFO - Processing file /home/airflow/.local/lib/python3.8/site-packages/airflow/example_dags/example_latest_only_with_trigger.py for tasks to queue
[2025-09-19T04:06:52.583+0000] {logging_mixin.py:188} INFO - [2025-09-19T04:06:52.582+0000] {dagbag.py:538} INFO - Filling up the DagBag from /home/airflow/.local/lib/python3.8/site-packages/airflow/example_dags/example_latest_only_with_trigger.py
[2025-09-19T04:06:52.601+0000] {processor.py:840} INFO - DAG(s) 'latest_only_with_trigger' retrieved from /home/airflow/.local/lib/python3.8/site-packages/airflow/example_dags/example_latest_only_with_trigger.py
[2025-09-19T04:06:52.800+0000] {logging_mixin.py:188} INFO - [2025-09-19T04:06:52.800+0000] {dag.py:3036} INFO - Sync 1 DAGs
[2025-09-19T04:06:52.861+0000] {logging_mixin.py:188} INFO - [2025-09-19T04:06:52.860+0000] {dag.py:3823} INFO - Setting next_dagrun for latest_only_with_trigger to 2025-09-19 00:00:00+00:00, run_after=2025-09-19 04:00:00+00:00
[2025-09-19T04:06:52.913+0000] {processor.py:183} INFO - Processing /home/airflow/.local/lib/python3.8/site-packages/airflow/example_dags/example_latest_only_with_trigger.py took 0.343 seconds
[2025-09-19T04:07:23.694+0000] {processor.py:161} INFO - Started process (PID=126) to work on /home/airflow/.local/lib/python3.8/site-packages/airflow/example_dags/example_latest_only_with_trigger.py
[2025-09-19T04:07:23.696+0000] {processor.py:830} INFO - Processing file /home/airflow/.local/lib/python3.8/site-packages/airflow/example_dags/example_latest_only_with_trigger.py for tasks to queue
[2025-09-19T04:07:23.701+0000] {logging_mixin.py:188} INFO - [2025-09-19T04:07:23.700+0000] {dagbag.py:538} INFO - Filling up the DagBag from /home/airflow/.local/lib/python3.8/site-packages/airflow/example_dags/example_latest_only_with_trigger.py
[2025-09-19T04:07:23.712+0000] {processor.py:840} INFO - DAG(s) 'latest_only_with_trigger' retrieved from /home/airflow/.local/lib/python3.8/site-packages/airflow/example_dags/example_latest_only_with_trigger.py
[2025-09-19T04:07:23.752+0000] {logging_mixin.py:188} INFO - [2025-09-19T04:07:23.751+0000] {dag.py:3036} INFO - Sync 1 DAGs
[2025-09-19T04:07:23.792+0000] {logging_mixin.py:188} INFO - [2025-09-19T04:07:23.792+0000] {dag.py:3823} INFO - Setting next_dagrun for latest_only_with_trigger to 2025-09-19 00:00:00+00:00, run_after=2025-09-19 04:00:00+00:00
[2025-09-19T04:07:23.838+0000] {processor.py:183} INFO - Processing /home/airflow/.local/lib/python3.8/site-packages/airflow/example_dags/example_latest_only_with_trigger.py took 0.150 seconds
[2025-09-19T04:07:54.408+0000] {processor.py:161} INFO - Started process (PID=181) to work on /home/airflow/.local/lib/python3.8/site-packages/airflow/example_dags/example_latest_only_with_trigger.py
[2025-09-19T04:07:54.411+0000] {processor.py:830} INFO - Processing file /home/airflow/.local/lib/python3.8/site-packages/airflow/example_dags/example_latest_only_with_trigger.py for tasks to queue
[2025-09-19T04:07:54.415+0000] {logging_mixin.py:188} INFO - [2025-09-19T04:07:54.414+0000] {dagbag.py:538} INFO - Filling up the DagBag from /home/airflow/.local/lib/python3.8/site-packages/airflow/example_dags/example_latest_only_with_trigger.py
[2025-09-19T04:07:54.425+0000] {processor.py:840} INFO - DAG(s) 'latest_only_with_trigger' retrieved from /home/airflow/.local/lib/python3.8/site-packages/airflow/example_dags/example_latest_only_with_trigger.py
[2025-09-19T04:07:54.465+0000] {logging_mixin.py:188} INFO - [2025-09-19T04:07:54.464+0000] {dag.py:3036} INFO - Sync 1 DAGs
[2025-09-19T04:07:54.508+0000] {logging_mixin.py:188} INFO - [2025-09-19T04:07:54.507+0000] {dag.py:3823} INFO - Setting next_dagrun for latest_only_with_trigger to 2025-09-19 00:00:00+00:00, run_after=2025-09-19 04:00:00+00:00
[2025-09-19T04:07:54.555+0000] {processor.py:183} INFO - Processing /home/airflow/.local/lib/python3.8/site-packages/airflow/example_dags/example_latest_only_with_trigger.py took 0.152 seconds
[2025-09-19T04:08:25.209+0000] {processor.py:161} INFO - Started process (PID=236) to work on /home/airflow/.local/lib/python3.8/site-packages/airflow/example_dags/example_latest_only_with_trigger.py
[2025-09-19T04:08:25.211+0000] {processor.py:830} INFO - Processing file /home/airflow/.local/lib/python3.8/site-packages/airflow/example_dags/example_latest_only_with_trigger.py for tasks to queue
[2025-09-19T04:08:25.214+0000] {logging_mixin.py:188} INFO - [2025-09-19T04:08:25.214+0000] {dagbag.py:538} INFO - Filling up the DagBag from /home/airflow/.local/lib/python3.8/site-packages/airflow/example_dags/example_latest_only_with_trigger.py
[2025-09-19T04:08:25.225+0000] {processor.py:840} INFO - DAG(s) 'latest_only_with_trigger' retrieved from /home/airflow/.local/lib/python3.8/site-packages/airflow/example_dags/example_latest_only_with_trigger.py
[2025-09-19T04:08:25.264+0000] {logging_mixin.py:188} INFO - [2025-09-19T04:08:25.264+0000] {dag.py:3036} INFO - Sync 1 DAGs
[2025-09-19T04:08:25.308+0000] {logging_mixin.py:188} INFO - [2025-09-19T04:08:25.307+0000] {dag.py:3823} INFO - Setting next_dagrun for latest_only_with_trigger to 2025-09-19 00:00:00+00:00, run_after=2025-09-19 04:00:00+00:00
[2025-09-19T04:08:25.344+0000] {processor.py:183} INFO - Processing /home/airflow/.local/lib/python3.8/site-packages/airflow/example_dags/example_latest_only_with_trigger.py took 0.141 seconds
[2025-09-19T04:08:55.547+0000] {processor.py:161} INFO - Started process (PID=292) to work on /home/airflow/.local/lib/python3.8/site-packages/airflow/example_dags/example_latest_only_with_trigger.py
[2025-09-19T04:08:55.549+0000] {processor.py:830} INFO - Processing file /home/airflow/.local/lib/python3.8/site-packages/airflow/example_dags/example_latest_only_with_trigger.py for tasks to queue
[2025-09-19T04:08:55.553+0000] {logging_mixin.py:188} INFO - [2025-09-19T04:08:55.552+0000] {dagbag.py:538} INFO - Filling up the DagBag from /home/airflow/.local/lib/python3.8/site-packages/airflow/example_dags/example_latest_only_with_trigger.py
[2025-09-19T04:08:55.564+0000] {processor.py:840} INFO - DAG(s) 'latest_only_with_trigger' retrieved from /home/airflow/.local/lib/python3.8/site-packages/airflow/example_dags/example_latest_only_with_trigger.py
[2025-09-19T04:08:55.603+0000] {logging_mixin.py:188} INFO - [2025-09-19T04:08:55.602+0000] {dag.py:3036} INFO - Sync 1 DAGs
[2025-09-19T04:08:55.653+0000] {logging_mixin.py:188} INFO - [2025-09-19T04:08:55.653+0000] {dag.py:3823} INFO - Setting next_dagrun for latest_only_with_trigger to 2025-09-19 00:00:00+00:00, run_after=2025-09-19 04:00:00+00:00
[2025-09-19T04:08:55.693+0000] {processor.py:183} INFO - Processing /home/airflow/.local/lib/python3.8/site-packages/airflow/example_dags/example_latest_only_with_trigger.py took 0.152 seconds
[2025-09-19T04:09:26.136+0000] {processor.py:161} INFO - Started process (PID=347) to work on /home/airflow/.local/lib/python3.8/site-packages/airflow/example_dags/example_latest_only_with_trigger.py
[2025-09-19T04:09:26.138+0000] {processor.py:830} INFO - Processing file /home/airflow/.local/lib/python3.8/site-packages/airflow/example_dags/example_latest_only_with_trigger.py for tasks to queue
[2025-09-19T04:09:26.141+0000] {logging_mixin.py:188} INFO - [2025-09-19T04:09:26.141+0000] {dagbag.py:538} INFO - Filling up the DagBag from /home/airflow/.local/lib/python3.8/site-packages/airflow/example_dags/example_latest_only_with_trigger.py
[2025-09-19T04:09:26.151+0000] {processor.py:840} INFO - DAG(s) 'latest_only_with_trigger' retrieved from /home/airflow/.local/lib/python3.8/site-packages/airflow/example_dags/example_latest_only_with_trigger.py
[2025-09-19T04:09:26.188+0000] {logging_mixin.py:188} INFO - [2025-09-19T04:09:26.188+0000] {dag.py:3036} INFO - Sync 1 DAGs
[2025-09-19T04:09:26.230+0000] {logging_mixin.py:188} INFO - [2025-09-19T04:09:26.230+0000] {dag.py:3823} INFO - Setting next_dagrun for latest_only_with_trigger to 2025-09-19 00:00:00+00:00, run_after=2025-09-19 04:00:00+00:00
[2025-09-19T04:09:26.273+0000] {processor.py:183} INFO - Processing /home/airflow/.local/lib/python3.8/site-packages/airflow/example_dags/example_latest_only_with_trigger.py took 0.143 seconds
[2025-09-19T04:09:56.495+0000] {processor.py:161} INFO - Started process (PID=402) to work on /home/airflow/.local/lib/python3.8/site-packages/airflow/example_dags/example_latest_only_with_trigger.py
[2025-09-19T04:09:56.497+0000] {processor.py:830} INFO - Processing file /home/airflow/.local/lib/python3.8/site-packages/airflow/example_dags/example_latest_only_with_trigger.py for tasks to queue
[2025-09-19T04:09:56.500+0000] {logging_mixin.py:188} INFO - [2025-09-19T04:09:56.500+0000] {dagbag.py:538} INFO - Filling up the DagBag from /home/airflow/.local/lib/python3.8/site-packages/airflow/example_dags/example_latest_only_with_trigger.py
[2025-09-19T04:09:56.510+0000] {processor.py:840} INFO - DAG(s) 'latest_only_with_trigger' retrieved from /home/airflow/.local/lib/python3.8/site-packages/airflow/example_dags/example_latest_only_with_trigger.py
[2025-09-19T04:09:56.549+0000] {logging_mixin.py:188} INFO - [2025-09-19T04:09:56.548+0000] {dag.py:3036} INFO - Sync 1 DAGs
[2025-09-19T04:09:56.592+0000] {logging_mixin.py:188} INFO - [2025-09-19T04:09:56.592+0000] {dag.py:3823} INFO - Setting next_dagrun for latest_only_with_trigger to 2025-09-19 00:00:00+00:00, run_after=2025-09-19 04:00:00+00:00
[2025-09-19T04:09:56.635+0000] {processor.py:183} INFO - Processing /home/airflow/.local/lib/python3.8/site-packages/airflow/example_dags/example_latest_only_with_trigger.py took 0.146 seconds
[2025-09-19T04:10:27.332+0000] {processor.py:161} INFO - Started process (PID=457) to work on /home/airflow/.local/lib/python3.8/site-packages/airflow/example_dags/example_latest_only_with_trigger.py
[2025-09-19T04:10:27.334+0000] {processor.py:830} INFO - Processing file /home/airflow/.local/lib/python3.8/site-packages/airflow/example_dags/example_latest_only_with_trigger.py for tasks to queue
[2025-09-19T04:10:27.338+0000] {logging_mixin.py:188} INFO - [2025-09-19T04:10:27.337+0000] {dagbag.py:538} INFO - Filling up the DagBag from /home/airflow/.local/lib/python3.8/site-packages/airflow/example_dags/example_latest_only_with_trigger.py
[2025-09-19T04:10:27.349+0000] {processor.py:840} INFO - DAG(s) 'latest_only_with_trigger' retrieved from /home/airflow/.local/lib/python3.8/site-packages/airflow/example_dags/example_latest_only_with_trigger.py
[2025-09-19T04:10:27.395+0000] {logging_mixin.py:188} INFO - [2025-09-19T04:10:27.394+0000] {dag.py:3036} INFO - Sync 1 DAGs
[2025-09-19T04:10:27.449+0000] {logging_mixin.py:188} INFO - [2025-09-19T04:10:27.449+0000] {dag.py:3823} INFO - Setting next_dagrun for latest_only_with_trigger to 2025-09-19 00:00:00+00:00, run_after=2025-09-19 04:00:00+00:00
[2025-09-19T04:10:27.493+0000] {processor.py:183} INFO - Processing /home/airflow/.local/lib/python3.8/site-packages/airflow/example_dags/example_latest_only_with_trigger.py took 0.166 seconds
[2025-09-19T04:10:57.669+0000] {processor.py:161} INFO - Started process (PID=512) to work on /home/airflow/.local/lib/python3.8/site-packages/airflow/example_dags/example_latest_only_with_trigger.py
[2025-09-19T04:10:57.671+0000] {processor.py:830} INFO - Processing file /home/airflow/.local/lib/python3.8/site-packages/airflow/example_dags/example_latest_only_with_trigger.py for tasks to queue
[2025-09-19T04:10:57.674+0000] {logging_mixin.py:188} INFO - [2025-09-19T04:10:57.673+0000] {dagbag.py:538} INFO - Filling up the DagBag from /home/airflow/.local/lib/python3.8/site-packages/airflow/example_dags/example_latest_only_with_trigger.py
[2025-09-19T04:10:57.685+0000] {processor.py:840} INFO - DAG(s) 'latest_only_with_trigger' retrieved from /home/airflow/.local/lib/python3.8/site-packages/airflow/example_dags/example_latest_only_with_trigger.py
[2025-09-19T04:10:57.724+0000] {logging_mixin.py:188} INFO - [2025-09-19T04:10:57.724+0000] {dag.py:3036} INFO - Sync 1 DAGs
[2025-09-19T04:10:57.767+0000] {logging_mixin.py:188} INFO - [2025-09-19T04:10:57.767+0000] {dag.py:3823} INFO - Setting next_dagrun for latest_only_with_trigger to 2025-09-19 00:00:00+00:00, run_after=2025-09-19 04:00:00+00:00
[2025-09-19T04:10:57.809+0000] {processor.py:183} INFO - Processing /home/airflow/.local/lib/python3.8/site-packages/airflow/example_dags/example_latest_only_with_trigger.py took 0.147 seconds
[2025-09-19T04:11:28.466+0000] {processor.py:161} INFO - Started process (PID=567) to work on /home/airflow/.local/lib/python3.8/site-packages/airflow/example_dags/example_latest_only_with_trigger.py
[2025-09-19T04:11:28.468+0000] {processor.py:830} INFO - Processing file /home/airflow/.local/lib/python3.8/site-packages/airflow/example_dags/example_latest_only_with_trigger.py for tasks to queue
[2025-09-19T04:11:28.472+0000] {logging_mixin.py:188} INFO - [2025-09-19T04:11:28.471+0000] {dagbag.py:538} INFO - Filling up the DagBag from /home/airflow/.local/lib/python3.8/site-packages/airflow/example_dags/example_latest_only_with_trigger.py
[2025-09-19T04:11:28.485+0000] {processor.py:840} INFO - DAG(s) 'latest_only_with_trigger' retrieved from /home/airflow/.local/lib/python3.8/site-packages/airflow/example_dags/example_latest_only_with_trigger.py
[2025-09-19T04:11:28.527+0000] {logging_mixin.py:188} INFO - [2025-09-19T04:11:28.527+0000] {dag.py:3036} INFO - Sync 1 DAGs
[2025-09-19T04:11:28.576+0000] {logging_mixin.py:188} INFO - [2025-09-19T04:11:28.575+0000] {dag.py:3823} INFO - Setting next_dagrun for latest_only_with_trigger to 2025-09-19 00:00:00+00:00, run_after=2025-09-19 04:00:00+00:00
[2025-09-19T04:11:28.618+0000] {processor.py:183} INFO - Processing /home/airflow/.local/lib/python3.8/site-packages/airflow/example_dags/example_latest_only_with_trigger.py took 0.160 seconds
[2025-09-19T04:11:58.800+0000] {processor.py:161} INFO - Started process (PID=622) to work on /home/airflow/.local/lib/python3.8/site-packages/airflow/example_dags/example_latest_only_with_trigger.py
[2025-09-19T04:11:58.801+0000] {processor.py:830} INFO - Processing file /home/airflow/.local/lib/python3.8/site-packages/airflow/example_dags/example_latest_only_with_trigger.py for tasks to queue
[2025-09-19T04:11:58.805+0000] {logging_mixin.py:188} INFO - [2025-09-19T04:11:58.804+0000] {dagbag.py:538} INFO - Filling up the DagBag from /home/airflow/.local/lib/python3.8/site-packages/airflow/example_dags/example_latest_only_with_trigger.py
[2025-09-19T04:11:58.815+0000] {processor.py:840} INFO - DAG(s) 'latest_only_with_trigger' retrieved from /home/airflow/.local/lib/python3.8/site-packages/airflow/example_dags/example_latest_only_with_trigger.py
[2025-09-19T04:11:58.851+0000] {logging_mixin.py:188} INFO - [2025-09-19T04:11:58.851+0000] {dag.py:3036} INFO - Sync 1 DAGs
[2025-09-19T04:11:58.894+0000] {logging_mixin.py:188} INFO - [2025-09-19T04:11:58.893+0000] {dag.py:3823} INFO - Setting next_dagrun for latest_only_with_trigger to 2025-09-19 00:00:00+00:00, run_after=2025-09-19 04:00:00+00:00
[2025-09-19T04:11:58.927+0000] {processor.py:183} INFO - Processing /home/airflow/.local/lib/python3.8/site-packages/airflow/example_dags/example_latest_only_with_trigger.py took 0.133 seconds
[2025-09-19T04:12:29.026+0000] {processor.py:161} INFO - Started process (PID=677) to work on /home/airflow/.local/lib/python3.8/site-packages/airflow/example_dags/example_latest_only_with_trigger.py
[2025-09-19T04:12:29.028+0000] {processor.py:830} INFO - Processing file /home/airflow/.local/lib/python3.8/site-packages/airflow/example_dags/example_latest_only_with_trigger.py for tasks to queue
[2025-09-19T04:12:29.031+0000] {logging_mixin.py:188} INFO - [2025-09-19T04:12:29.031+0000] {dagbag.py:538} INFO - Filling up the DagBag from /home/airflow/.local/lib/python3.8/site-packages/airflow/example_dags/example_latest_only_with_trigger.py
[2025-09-19T04:12:29.042+0000] {processor.py:840} INFO - DAG(s) 'latest_only_with_trigger' retrieved from /home/airflow/.local/lib/python3.8/site-packages/airflow/example_dags/example_latest_only_with_trigger.py
[2025-09-19T04:12:29.081+0000] {logging_mixin.py:188} INFO - [2025-09-19T04:12:29.081+0000] {dag.py:3036} INFO - Sync 1 DAGs
[2025-09-19T04:12:29.123+0000] {logging_mixin.py:188} INFO - [2025-09-19T04:12:29.123+0000] {dag.py:3823} INFO - Setting next_dagrun for latest_only_with_trigger to 2025-09-19 00:00:00+00:00, run_after=2025-09-19 04:00:00+00:00
[2025-09-19T04:12:29.168+0000] {processor.py:183} INFO - Processing /home/airflow/.local/lib/python3.8/site-packages/airflow/example_dags/example_latest_only_with_trigger.py took 0.148 seconds
[2025-09-19T04:12:59.396+0000] {processor.py:161} INFO - Started process (PID=732) to work on /home/airflow/.local/lib/python3.8/site-packages/airflow/example_dags/example_latest_only_with_trigger.py
[2025-09-19T04:12:59.398+0000] {processor.py:830} INFO - Processing file /home/airflow/.local/lib/python3.8/site-packages/airflow/example_dags/example_latest_only_with_trigger.py for tasks to queue
[2025-09-19T04:12:59.403+0000] {logging_mixin.py:188} INFO - [2025-09-19T04:12:59.402+0000] {dagbag.py:538} INFO - Filling up the DagBag from /home/airflow/.local/lib/python3.8/site-packages/airflow/example_dags/example_latest_only_with_trigger.py
[2025-09-19T04:12:59.418+0000] {processor.py:840} INFO - DAG(s) 'latest_only_with_trigger' retrieved from /home/airflow/.local/lib/python3.8/site-packages/airflow/example_dags/example_latest_only_with_trigger.py
[2025-09-19T04:12:59.467+0000] {logging_mixin.py:188} INFO - [2025-09-19T04:12:59.466+0000] {dag.py:3036} INFO - Sync 1 DAGs
[2025-09-19T04:12:59.525+0000] {logging_mixin.py:188} INFO - [2025-09-19T04:12:59.524+0000] {dag.py:3823} INFO - Setting next_dagrun for latest_only_with_trigger to 2025-09-19 00:00:00+00:00, run_after=2025-09-19 04:00:00+00:00
[2025-09-19T04:12:59.572+0000] {processor.py:183} INFO - Processing /home/airflow/.local/lib/python3.8/site-packages/airflow/example_dags/example_latest_only_with_trigger.py took 0.183 seconds
[2025-09-19T04:13:30.059+0000] {processor.py:161} INFO - Started process (PID=787) to work on /home/airflow/.local/lib/python3.8/site-packages/airflow/example_dags/example_latest_only_with_trigger.py
[2025-09-19T04:13:30.061+0000] {processor.py:830} INFO - Processing file /home/airflow/.local/lib/python3.8/site-packages/airflow/example_dags/example_latest_only_with_trigger.py for tasks to queue
[2025-09-19T04:13:30.064+0000] {logging_mixin.py:188} INFO - [2025-09-19T04:13:30.064+0000] {dagbag.py:538} INFO - Filling up the DagBag from /home/airflow/.local/lib/python3.8/site-packages/airflow/example_dags/example_latest_only_with_trigger.py
[2025-09-19T04:13:30.075+0000] {processor.py:840} INFO - DAG(s) 'latest_only_with_trigger' retrieved from /home/airflow/.local/lib/python3.8/site-packages/airflow/example_dags/example_latest_only_with_trigger.py
[2025-09-19T04:13:30.116+0000] {logging_mixin.py:188} INFO - [2025-09-19T04:13:30.116+0000] {dag.py:3036} INFO - Sync 1 DAGs
[2025-09-19T04:13:30.161+0000] {logging_mixin.py:188} INFO - [2025-09-19T04:13:30.160+0000] {dag.py:3823} INFO - Setting next_dagrun for latest_only_with_trigger to 2025-09-19 00:00:00+00:00, run_after=2025-09-19 04:00:00+00:00
[2025-09-19T04:13:30.205+0000] {processor.py:183} INFO - Processing /home/airflow/.local/lib/python3.8/site-packages/airflow/example_dags/example_latest_only_with_trigger.py took 0.152 seconds
[2025-09-19T04:14:00.504+0000] {processor.py:161} INFO - Started process (PID=842) to work on /home/airflow/.local/lib/python3.8/site-packages/airflow/example_dags/example_latest_only_with_trigger.py
[2025-09-19T04:14:00.506+0000] {processor.py:830} INFO - Processing file /home/airflow/.local/lib/python3.8/site-packages/airflow/example_dags/example_latest_only_with_trigger.py for tasks to queue
[2025-09-19T04:14:00.509+0000] {logging_mixin.py:188} INFO - [2025-09-19T04:14:00.508+0000] {dagbag.py:538} INFO - Filling up the DagBag from /home/airflow/.local/lib/python3.8/site-packages/airflow/example_dags/example_latest_only_with_trigger.py
[2025-09-19T04:14:00.519+0000] {processor.py:840} INFO - DAG(s) 'latest_only_with_trigger' retrieved from /home/airflow/.local/lib/python3.8/site-packages/airflow/example_dags/example_latest_only_with_trigger.py
[2025-09-19T04:14:00.561+0000] {logging_mixin.py:188} INFO - [2025-09-19T04:14:00.561+0000] {dag.py:3036} INFO - Sync 1 DAGs
[2025-09-19T04:14:00.603+0000] {logging_mixin.py:188} INFO - [2025-09-19T04:14:00.602+0000] {dag.py:3823} INFO - Setting next_dagrun for latest_only_with_trigger to 2025-09-19 00:00:00+00:00, run_after=2025-09-19 04:00:00+00:00
[2025-09-19T04:14:00.637+0000] {processor.py:183} INFO - Processing /home/airflow/.local/lib/python3.8/site-packages/airflow/example_dags/example_latest_only_with_trigger.py took 0.138 seconds
[2025-09-19T04:14:30.839+0000] {processor.py:161} INFO - Started process (PID=897) to work on /home/airflow/.local/lib/python3.8/site-packages/airflow/example_dags/example_latest_only_with_trigger.py
[2025-09-19T04:14:30.841+0000] {processor.py:830} INFO - Processing file /home/airflow/.local/lib/python3.8/site-packages/airflow/example_dags/example_latest_only_with_trigger.py for tasks to queue
[2025-09-19T04:14:30.845+0000] {logging_mixin.py:188} INFO - [2025-09-19T04:14:30.844+0000] {dagbag.py:538} INFO - Filling up the DagBag from /home/airflow/.local/lib/python3.8/site-packages/airflow/example_dags/example_latest_only_with_trigger.py
[2025-09-19T04:14:30.857+0000] {processor.py:840} INFO - DAG(s) 'latest_only_with_trigger' retrieved from /home/airflow/.local/lib/python3.8/site-packages/airflow/example_dags/example_latest_only_with_trigger.py
[2025-09-19T04:14:30.901+0000] {logging_mixin.py:188} INFO - [2025-09-19T04:14:30.900+0000] {dag.py:3036} INFO - Sync 1 DAGs
[2025-09-19T04:14:30.954+0000] {logging_mixin.py:188} INFO - [2025-09-19T04:14:30.953+0000] {dag.py:3823} INFO - Setting next_dagrun for latest_only_with_trigger to 2025-09-19 00:00:00+00:00, run_after=2025-09-19 04:00:00+00:00
[2025-09-19T04:14:31.001+0000] {processor.py:183} INFO - Processing /home/airflow/.local/lib/python3.8/site-packages/airflow/example_dags/example_latest_only_with_trigger.py took 0.169 seconds
[2025-09-19T04:15:01.695+0000] {processor.py:161} INFO - Started process (PID=952) to work on /home/airflow/.local/lib/python3.8/site-packages/airflow/example_dags/example_latest_only_with_trigger.py
[2025-09-19T04:15:01.698+0000] {processor.py:830} INFO - Processing file /home/airflow/.local/lib/python3.8/site-packages/airflow/example_dags/example_latest_only_with_trigger.py for tasks to queue
[2025-09-19T04:15:01.701+0000] {logging_mixin.py:188} INFO - [2025-09-19T04:15:01.701+0000] {dagbag.py:538} INFO - Filling up the DagBag from /home/airflow/.local/lib/python3.8/site-packages/airflow/example_dags/example_latest_only_with_trigger.py
[2025-09-19T04:15:01.716+0000] {processor.py:840} INFO - DAG(s) 'latest_only_with_trigger' retrieved from /home/airflow/.local/lib/python3.8/site-packages/airflow/example_dags/example_latest_only_with_trigger.py
[2025-09-19T04:15:01.755+0000] {logging_mixin.py:188} INFO - [2025-09-19T04:15:01.755+0000] {dag.py:3036} INFO - Sync 1 DAGs
[2025-09-19T04:15:01.808+0000] {logging_mixin.py:188} INFO - [2025-09-19T04:15:01.808+0000] {dag.py:3823} INFO - Setting next_dagrun for latest_only_with_trigger to 2025-09-19 00:00:00+00:00, run_after=2025-09-19 04:00:00+00:00
[2025-09-19T04:15:01.850+0000] {processor.py:183} INFO - Processing /home/airflow/.local/lib/python3.8/site-packages/airflow/example_dags/example_latest_only_with_trigger.py took 0.161 seconds
[2025-09-19T04:15:32.052+0000] {processor.py:161} INFO - Started process (PID=1007) to work on /home/airflow/.local/lib/python3.8/site-packages/airflow/example_dags/example_latest_only_with_trigger.py
[2025-09-19T04:15:32.054+0000] {processor.py:830} INFO - Processing file /home/airflow/.local/lib/python3.8/site-packages/airflow/example_dags/example_latest_only_with_trigger.py for tasks to queue
[2025-09-19T04:15:32.059+0000] {logging_mixin.py:188} INFO - [2025-09-19T04:15:32.058+0000] {dagbag.py:538} INFO - Filling up the DagBag from /home/airflow/.local/lib/python3.8/site-packages/airflow/example_dags/example_latest_only_with_trigger.py
[2025-09-19T04:15:32.070+0000] {processor.py:840} INFO - DAG(s) 'latest_only_with_trigger' retrieved from /home/airflow/.local/lib/python3.8/site-packages/airflow/example_dags/example_latest_only_with_trigger.py
[2025-09-19T04:15:32.112+0000] {logging_mixin.py:188} INFO - [2025-09-19T04:15:32.111+0000] {dag.py:3036} INFO - Sync 1 DAGs
[2025-09-19T04:15:32.154+0000] {logging_mixin.py:188} INFO - [2025-09-19T04:15:32.154+0000] {dag.py:3823} INFO - Setting next_dagrun for latest_only_with_trigger to 2025-09-19 00:00:00+00:00, run_after=2025-09-19 04:00:00+00:00
[2025-09-19T04:15:32.196+0000] {processor.py:183} INFO - Processing /home/airflow/.local/lib/python3.8/site-packages/airflow/example_dags/example_latest_only_with_trigger.py took 0.150 seconds
[2025-09-19T04:16:02.559+0000] {processor.py:161} INFO - Started process (PID=1062) to work on /home/airflow/.local/lib/python3.8/site-packages/airflow/example_dags/example_latest_only_with_trigger.py
[2025-09-19T04:16:02.561+0000] {processor.py:830} INFO - Processing file /home/airflow/.local/lib/python3.8/site-packages/airflow/example_dags/example_latest_only_with_trigger.py for tasks to queue
[2025-09-19T04:16:02.564+0000] {logging_mixin.py:188} INFO - [2025-09-19T04:16:02.563+0000] {dagbag.py:538} INFO - Filling up the DagBag from /home/airflow/.local/lib/python3.8/site-packages/airflow/example_dags/example_latest_only_with_trigger.py
[2025-09-19T04:16:02.574+0000] {processor.py:840} INFO - DAG(s) 'latest_only_with_trigger' retrieved from /home/airflow/.local/lib/python3.8/site-packages/airflow/example_dags/example_latest_only_with_trigger.py
[2025-09-19T04:16:02.611+0000] {logging_mixin.py:188} INFO - [2025-09-19T04:16:02.611+0000] {dag.py:3036} INFO - Sync 1 DAGs
[2025-09-19T04:16:02.651+0000] {logging_mixin.py:188} INFO - [2025-09-19T04:16:02.651+0000] {dag.py:3823} INFO - Setting next_dagrun for latest_only_with_trigger to 2025-09-19 00:00:00+00:00, run_after=2025-09-19 04:00:00+00:00
[2025-09-19T04:16:02.693+0000] {processor.py:183} INFO - Processing /home/airflow/.local/lib/python3.8/site-packages/airflow/example_dags/example_latest_only_with_trigger.py took 0.140 seconds
[2025-09-19T04:16:33.183+0000] {processor.py:161} INFO - Started process (PID=1117) to work on /home/airflow/.local/lib/python3.8/site-packages/airflow/example_dags/example_latest_only_with_trigger.py
[2025-09-19T04:16:33.185+0000] {processor.py:830} INFO - Processing file /home/airflow/.local/lib/python3.8/site-packages/airflow/example_dags/example_latest_only_with_trigger.py for tasks to queue
[2025-09-19T04:16:33.188+0000] {logging_mixin.py:188} INFO - [2025-09-19T04:16:33.187+0000] {dagbag.py:538} INFO - Filling up the DagBag from /home/airflow/.local/lib/python3.8/site-packages/airflow/example_dags/example_latest_only_with_trigger.py
[2025-09-19T04:16:33.198+0000] {processor.py:840} INFO - DAG(s) 'latest_only_with_trigger' retrieved from /home/airflow/.local/lib/python3.8/site-packages/airflow/example_dags/example_latest_only_with_trigger.py
[2025-09-19T04:16:33.235+0000] {logging_mixin.py:188} INFO - [2025-09-19T04:16:33.234+0000] {dag.py:3036} INFO - Sync 1 DAGs
[2025-09-19T04:16:33.275+0000] {logging_mixin.py:188} INFO - [2025-09-19T04:16:33.274+0000] {dag.py:3823} INFO - Setting next_dagrun for latest_only_with_trigger to 2025-09-19 00:00:00+00:00, run_after=2025-09-19 04:00:00+00:00
[2025-09-19T04:16:33.313+0000] {processor.py:183} INFO - Processing /home/airflow/.local/lib/python3.8/site-packages/airflow/example_dags/example_latest_only_with_trigger.py took 0.136 seconds
[2025-09-19T04:17:03.702+0000] {processor.py:161} INFO - Started process (PID=1172) to work on /home/airflow/.local/lib/python3.8/site-packages/airflow/example_dags/example_latest_only_with_trigger.py
[2025-09-19T04:17:03.704+0000] {processor.py:830} INFO - Processing file /home/airflow/.local/lib/python3.8/site-packages/airflow/example_dags/example_latest_only_with_trigger.py for tasks to queue
[2025-09-19T04:17:03.708+0000] {logging_mixin.py:188} INFO - [2025-09-19T04:17:03.707+0000] {dagbag.py:538} INFO - Filling up the DagBag from /home/airflow/.local/lib/python3.8/site-packages/airflow/example_dags/example_latest_only_with_trigger.py
[2025-09-19T04:17:03.718+0000] {processor.py:840} INFO - DAG(s) 'latest_only_with_trigger' retrieved from /home/airflow/.local/lib/python3.8/site-packages/airflow/example_dags/example_latest_only_with_trigger.py
[2025-09-19T04:17:03.756+0000] {logging_mixin.py:188} INFO - [2025-09-19T04:17:03.756+0000] {dag.py:3036} INFO - Sync 1 DAGs
[2025-09-19T04:17:03.800+0000] {logging_mixin.py:188} INFO - [2025-09-19T04:17:03.800+0000] {dag.py:3823} INFO - Setting next_dagrun for latest_only_with_trigger to 2025-09-19 00:00:00+00:00, run_after=2025-09-19 04:00:00+00:00
[2025-09-19T04:17:03.842+0000] {processor.py:183} INFO - Processing /home/airflow/.local/lib/python3.8/site-packages/airflow/example_dags/example_latest_only_with_trigger.py took 0.148 seconds
[2025-09-19T04:17:34.365+0000] {processor.py:161} INFO - Started process (PID=1227) to work on /home/airflow/.local/lib/python3.8/site-packages/airflow/example_dags/example_latest_only_with_trigger.py
[2025-09-19T04:17:34.366+0000] {processor.py:830} INFO - Processing file /home/airflow/.local/lib/python3.8/site-packages/airflow/example_dags/example_latest_only_with_trigger.py for tasks to queue
[2025-09-19T04:17:34.370+0000] {logging_mixin.py:188} INFO - [2025-09-19T04:17:34.369+0000] {dagbag.py:538} INFO - Filling up the DagBag from /home/airflow/.local/lib/python3.8/site-packages/airflow/example_dags/example_latest_only_with_trigger.py
[2025-09-19T04:17:34.380+0000] {processor.py:840} INFO - DAG(s) 'latest_only_with_trigger' retrieved from /home/airflow/.local/lib/python3.8/site-packages/airflow/example_dags/example_latest_only_with_trigger.py
[2025-09-19T04:17:34.418+0000] {logging_mixin.py:188} INFO - [2025-09-19T04:17:34.418+0000] {dag.py:3036} INFO - Sync 1 DAGs
[2025-09-19T04:17:34.460+0000] {logging_mixin.py:188} INFO - [2025-09-19T04:17:34.460+0000] {dag.py:3823} INFO - Setting next_dagrun for latest_only_with_trigger to 2025-09-19 00:00:00+00:00, run_after=2025-09-19 04:00:00+00:00
[2025-09-19T04:17:34.494+0000] {processor.py:183} INFO - Processing /home/airflow/.local/lib/python3.8/site-packages/airflow/example_dags/example_latest_only_with_trigger.py took 0.135 seconds
[2025-09-19T04:18:04.749+0000] {processor.py:161} INFO - Started process (PID=1282) to work on /home/airflow/.local/lib/python3.8/site-packages/airflow/example_dags/example_latest_only_with_trigger.py
[2025-09-19T04:18:04.751+0000] {processor.py:830} INFO - Processing file /home/airflow/.local/lib/python3.8/site-packages/airflow/example_dags/example_latest_only_with_trigger.py for tasks to queue
[2025-09-19T04:18:04.754+0000] {logging_mixin.py:188} INFO - [2025-09-19T04:18:04.754+0000] {dagbag.py:538} INFO - Filling up the DagBag from /home/airflow/.local/lib/python3.8/site-packages/airflow/example_dags/example_latest_only_with_trigger.py
[2025-09-19T04:18:04.764+0000] {processor.py:840} INFO - DAG(s) 'latest_only_with_trigger' retrieved from /home/airflow/.local/lib/python3.8/site-packages/airflow/example_dags/example_latest_only_with_trigger.py
[2025-09-19T04:18:04.803+0000] {logging_mixin.py:188} INFO - [2025-09-19T04:18:04.802+0000] {dag.py:3036} INFO - Sync 1 DAGs
[2025-09-19T04:18:04.842+0000] {logging_mixin.py:188} INFO - [2025-09-19T04:18:04.842+0000] {dag.py:3823} INFO - Setting next_dagrun for latest_only_with_trigger to 2025-09-19 00:00:00+00:00, run_after=2025-09-19 04:00:00+00:00
[2025-09-19T04:18:04.878+0000] {processor.py:183} INFO - Processing /home/airflow/.local/lib/python3.8/site-packages/airflow/example_dags/example_latest_only_with_trigger.py took 0.135 seconds
[2025-09-19T04:18:35.491+0000] {processor.py:161} INFO - Started process (PID=1337) to work on /home/airflow/.local/lib/python3.8/site-packages/airflow/example_dags/example_latest_only_with_trigger.py
[2025-09-19T04:18:35.493+0000] {processor.py:830} INFO - Processing file /home/airflow/.local/lib/python3.8/site-packages/airflow/example_dags/example_latest_only_with_trigger.py for tasks to queue
[2025-09-19T04:18:35.497+0000] {logging_mixin.py:188} INFO - [2025-09-19T04:18:35.496+0000] {dagbag.py:538} INFO - Filling up the DagBag from /home/airflow/.local/lib/python3.8/site-packages/airflow/example_dags/example_latest_only_with_trigger.py
[2025-09-19T04:18:35.508+0000] {processor.py:840} INFO - DAG(s) 'latest_only_with_trigger' retrieved from /home/airflow/.local/lib/python3.8/site-packages/airflow/example_dags/example_latest_only_with_trigger.py
[2025-09-19T04:18:35.553+0000] {logging_mixin.py:188} INFO - [2025-09-19T04:18:35.553+0000] {dag.py:3036} INFO - Sync 1 DAGs
[2025-09-19T04:18:35.598+0000] {logging_mixin.py:188} INFO - [2025-09-19T04:18:35.597+0000] {dag.py:3823} INFO - Setting next_dagrun for latest_only_with_trigger to 2025-09-19 00:00:00+00:00, run_after=2025-09-19 04:00:00+00:00
[2025-09-19T04:18:35.637+0000] {processor.py:183} INFO - Processing /home/airflow/.local/lib/python3.8/site-packages/airflow/example_dags/example_latest_only_with_trigger.py took 0.152 seconds
[2025-09-19T04:19:05.837+0000] {processor.py:161} INFO - Started process (PID=1392) to work on /home/airflow/.local/lib/python3.8/site-packages/airflow/example_dags/example_latest_only_with_trigger.py
[2025-09-19T04:19:05.839+0000] {processor.py:830} INFO - Processing file /home/airflow/.local/lib/python3.8/site-packages/airflow/example_dags/example_latest_only_with_trigger.py for tasks to queue
[2025-09-19T04:19:05.842+0000] {logging_mixin.py:188} INFO - [2025-09-19T04:19:05.842+0000] {dagbag.py:538} INFO - Filling up the DagBag from /home/airflow/.local/lib/python3.8/site-packages/airflow/example_dags/example_latest_only_with_trigger.py
[2025-09-19T04:19:05.852+0000] {processor.py:840} INFO - DAG(s) 'latest_only_with_trigger' retrieved from /home/airflow/.local/lib/python3.8/site-packages/airflow/example_dags/example_latest_only_with_trigger.py
[2025-09-19T04:19:05.893+0000] {logging_mixin.py:188} INFO - [2025-09-19T04:19:05.892+0000] {dag.py:3036} INFO - Sync 1 DAGs
[2025-09-19T04:19:05.939+0000] {logging_mixin.py:188} INFO - [2025-09-19T04:19:05.939+0000] {dag.py:3823} INFO - Setting next_dagrun for latest_only_with_trigger to 2025-09-19 00:00:00+00:00, run_after=2025-09-19 04:00:00+00:00
[2025-09-19T04:19:05.974+0000] {processor.py:183} INFO - Processing /home/airflow/.local/lib/python3.8/site-packages/airflow/example_dags/example_latest_only_with_trigger.py took 0.142 seconds
[2025-09-19T04:19:36.310+0000] {processor.py:161} INFO - Started process (PID=1447) to work on /home/airflow/.local/lib/python3.8/site-packages/airflow/example_dags/example_latest_only_with_trigger.py
[2025-09-19T04:19:36.312+0000] {processor.py:830} INFO - Processing file /home/airflow/.local/lib/python3.8/site-packages/airflow/example_dags/example_latest_only_with_trigger.py for tasks to queue
[2025-09-19T04:19:36.315+0000] {logging_mixin.py:188} INFO - [2025-09-19T04:19:36.315+0000] {dagbag.py:538} INFO - Filling up the DagBag from /home/airflow/.local/lib/python3.8/site-packages/airflow/example_dags/example_latest_only_with_trigger.py
[2025-09-19T04:19:36.325+0000] {processor.py:840} INFO - DAG(s) 'latest_only_with_trigger' retrieved from /home/airflow/.local/lib/python3.8/site-packages/airflow/example_dags/example_latest_only_with_trigger.py
[2025-09-19T04:19:36.362+0000] {logging_mixin.py:188} INFO - [2025-09-19T04:19:36.361+0000] {dag.py:3036} INFO - Sync 1 DAGs
[2025-09-19T04:19:36.403+0000] {logging_mixin.py:188} INFO - [2025-09-19T04:19:36.403+0000] {dag.py:3823} INFO - Setting next_dagrun for latest_only_with_trigger to 2025-09-19 00:00:00+00:00, run_after=2025-09-19 04:00:00+00:00
[2025-09-19T04:19:36.443+0000] {processor.py:183} INFO - Processing /home/airflow/.local/lib/python3.8/site-packages/airflow/example_dags/example_latest_only_with_trigger.py took 0.139 seconds
[2025-09-19T04:20:07.168+0000] {processor.py:161} INFO - Started process (PID=1502) to work on /home/airflow/.local/lib/python3.8/site-packages/airflow/example_dags/example_latest_only_with_trigger.py
[2025-09-19T04:20:07.170+0000] {processor.py:830} INFO - Processing file /home/airflow/.local/lib/python3.8/site-packages/airflow/example_dags/example_latest_only_with_trigger.py for tasks to queue
[2025-09-19T04:20:07.174+0000] {logging_mixin.py:188} INFO - [2025-09-19T04:20:07.173+0000] {dagbag.py:538} INFO - Filling up the DagBag from /home/airflow/.local/lib/python3.8/site-packages/airflow/example_dags/example_latest_only_with_trigger.py
[2025-09-19T04:20:07.184+0000] {processor.py:840} INFO - DAG(s) 'latest_only_with_trigger' retrieved from /home/airflow/.local/lib/python3.8/site-packages/airflow/example_dags/example_latest_only_with_trigger.py
[2025-09-19T04:20:07.221+0000] {logging_mixin.py:188} INFO - [2025-09-19T04:20:07.221+0000] {dag.py:3036} INFO - Sync 1 DAGs
[2025-09-19T04:20:07.263+0000] {logging_mixin.py:188} INFO - [2025-09-19T04:20:07.262+0000] {dag.py:3823} INFO - Setting next_dagrun for latest_only_with_trigger to 2025-09-19 00:00:00+00:00, run_after=2025-09-19 04:00:00+00:00
[2025-09-19T04:20:07.298+0000] {processor.py:183} INFO - Processing /home/airflow/.local/lib/python3.8/site-packages/airflow/example_dags/example_latest_only_with_trigger.py took 0.135 seconds
[2025-09-19T04:20:37.548+0000] {processor.py:161} INFO - Started process (PID=1557) to work on /home/airflow/.local/lib/python3.8/site-packages/airflow/example_dags/example_latest_only_with_trigger.py
[2025-09-19T04:20:37.550+0000] {processor.py:830} INFO - Processing file /home/airflow/.local/lib/python3.8/site-packages/airflow/example_dags/example_latest_only_with_trigger.py for tasks to queue
[2025-09-19T04:20:37.553+0000] {logging_mixin.py:188} INFO - [2025-09-19T04:20:37.553+0000] {dagbag.py:538} INFO - Filling up the DagBag from /home/airflow/.local/lib/python3.8/site-packages/airflow/example_dags/example_latest_only_with_trigger.py
[2025-09-19T04:20:37.567+0000] {processor.py:840} INFO - DAG(s) 'latest_only_with_trigger' retrieved from /home/airflow/.local/lib/python3.8/site-packages/airflow/example_dags/example_latest_only_with_trigger.py
[2025-09-19T04:20:37.607+0000] {logging_mixin.py:188} INFO - [2025-09-19T04:20:37.606+0000] {dag.py:3036} INFO - Sync 1 DAGs
[2025-09-19T04:20:37.646+0000] {logging_mixin.py:188} INFO - [2025-09-19T04:20:37.646+0000] {dag.py:3823} INFO - Setting next_dagrun for latest_only_with_trigger to 2025-09-19 00:00:00+00:00, run_after=2025-09-19 04:00:00+00:00
[2025-09-19T04:20:37.684+0000] {processor.py:183} INFO - Processing /home/airflow/.local/lib/python3.8/site-packages/airflow/example_dags/example_latest_only_with_trigger.py took 0.142 seconds
[2025-09-19T04:21:08.046+0000] {processor.py:161} INFO - Started process (PID=1612) to work on /home/airflow/.local/lib/python3.8/site-packages/airflow/example_dags/example_latest_only_with_trigger.py
[2025-09-19T04:21:08.048+0000] {processor.py:830} INFO - Processing file /home/airflow/.local/lib/python3.8/site-packages/airflow/example_dags/example_latest_only_with_trigger.py for tasks to queue
[2025-09-19T04:21:08.051+0000] {logging_mixin.py:188} INFO - [2025-09-19T04:21:08.050+0000] {dagbag.py:538} INFO - Filling up the DagBag from /home/airflow/.local/lib/python3.8/site-packages/airflow/example_dags/example_latest_only_with_trigger.py
[2025-09-19T04:21:08.062+0000] {processor.py:840} INFO - DAG(s) 'latest_only_with_trigger' retrieved from /home/airflow/.local/lib/python3.8/site-packages/airflow/example_dags/example_latest_only_with_trigger.py
[2025-09-19T04:21:08.101+0000] {logging_mixin.py:188} INFO - [2025-09-19T04:21:08.100+0000] {dag.py:3036} INFO - Sync 1 DAGs
[2025-09-19T04:21:08.146+0000] {logging_mixin.py:188} INFO - [2025-09-19T04:21:08.145+0000] {dag.py:3823} INFO - Setting next_dagrun for latest_only_with_trigger to 2025-09-19 00:00:00+00:00, run_after=2025-09-19 04:00:00+00:00
[2025-09-19T04:21:08.180+0000] {processor.py:183} INFO - Processing /home/airflow/.local/lib/python3.8/site-packages/airflow/example_dags/example_latest_only_with_trigger.py took 0.140 seconds
[2025-09-19T04:21:38.761+0000] {processor.py:161} INFO - Started process (PID=1665) to work on /home/airflow/.local/lib/python3.8/site-packages/airflow/example_dags/example_latest_only_with_trigger.py
[2025-09-19T04:21:38.763+0000] {processor.py:830} INFO - Processing file /home/airflow/.local/lib/python3.8/site-packages/airflow/example_dags/example_latest_only_with_trigger.py for tasks to queue
[2025-09-19T04:21:38.766+0000] {logging_mixin.py:188} INFO - [2025-09-19T04:21:38.766+0000] {dagbag.py:538} INFO - Filling up the DagBag from /home/airflow/.local/lib/python3.8/site-packages/airflow/example_dags/example_latest_only_with_trigger.py
[2025-09-19T04:21:38.776+0000] {processor.py:840} INFO - DAG(s) 'latest_only_with_trigger' retrieved from /home/airflow/.local/lib/python3.8/site-packages/airflow/example_dags/example_latest_only_with_trigger.py
[2025-09-19T04:21:38.813+0000] {logging_mixin.py:188} INFO - [2025-09-19T04:21:38.813+0000] {dag.py:3036} INFO - Sync 1 DAGs
[2025-09-19T04:21:38.853+0000] {logging_mixin.py:188} INFO - [2025-09-19T04:21:38.853+0000] {dag.py:3823} INFO - Setting next_dagrun for latest_only_with_trigger to 2025-09-19 00:00:00+00:00, run_after=2025-09-19 04:00:00+00:00
[2025-09-19T04:21:38.892+0000] {processor.py:183} INFO - Processing /home/airflow/.local/lib/python3.8/site-packages/airflow/example_dags/example_latest_only_with_trigger.py took 0.136 seconds
[2025-09-19T04:22:09.113+0000] {processor.py:161} INFO - Started process (PID=1720) to work on /home/airflow/.local/lib/python3.8/site-packages/airflow/example_dags/example_latest_only_with_trigger.py
[2025-09-19T04:22:09.115+0000] {processor.py:830} INFO - Processing file /home/airflow/.local/lib/python3.8/site-packages/airflow/example_dags/example_latest_only_with_trigger.py for tasks to queue
[2025-09-19T04:22:09.118+0000] {logging_mixin.py:188} INFO - [2025-09-19T04:22:09.118+0000] {dagbag.py:538} INFO - Filling up the DagBag from /home/airflow/.local/lib/python3.8/site-packages/airflow/example_dags/example_latest_only_with_trigger.py
[2025-09-19T04:22:09.128+0000] {processor.py:840} INFO - DAG(s) 'latest_only_with_trigger' retrieved from /home/airflow/.local/lib/python3.8/site-packages/airflow/example_dags/example_latest_only_with_trigger.py
[2025-09-19T04:22:09.166+0000] {logging_mixin.py:188} INFO - [2025-09-19T04:22:09.166+0000] {dag.py:3036} INFO - Sync 1 DAGs
[2025-09-19T04:22:09.207+0000] {logging_mixin.py:188} INFO - [2025-09-19T04:22:09.207+0000] {dag.py:3823} INFO - Setting next_dagrun for latest_only_with_trigger to 2025-09-19 00:00:00+00:00, run_after=2025-09-19 04:00:00+00:00
[2025-09-19T04:22:09.247+0000] {processor.py:183} INFO - Processing /home/airflow/.local/lib/python3.8/site-packages/airflow/example_dags/example_latest_only_with_trigger.py took 0.140 seconds
[2025-09-19T04:22:39.496+0000] {processor.py:161} INFO - Started process (PID=1775) to work on /home/airflow/.local/lib/python3.8/site-packages/airflow/example_dags/example_latest_only_with_trigger.py
[2025-09-19T04:22:39.499+0000] {processor.py:830} INFO - Processing file /home/airflow/.local/lib/python3.8/site-packages/airflow/example_dags/example_latest_only_with_trigger.py for tasks to queue
[2025-09-19T04:22:39.503+0000] {logging_mixin.py:188} INFO - [2025-09-19T04:22:39.502+0000] {dagbag.py:538} INFO - Filling up the DagBag from /home/airflow/.local/lib/python3.8/site-packages/airflow/example_dags/example_latest_only_with_trigger.py
[2025-09-19T04:22:39.516+0000] {processor.py:840} INFO - DAG(s) 'latest_only_with_trigger' retrieved from /home/airflow/.local/lib/python3.8/site-packages/airflow/example_dags/example_latest_only_with_trigger.py
[2025-09-19T04:22:39.553+0000] {logging_mixin.py:188} INFO - [2025-09-19T04:22:39.553+0000] {dag.py:3036} INFO - Sync 1 DAGs
[2025-09-19T04:22:39.593+0000] {logging_mixin.py:188} INFO - [2025-09-19T04:22:39.593+0000] {dag.py:3823} INFO - Setting next_dagrun for latest_only_with_trigger to 2025-09-19 00:00:00+00:00, run_after=2025-09-19 04:00:00+00:00
[2025-09-19T04:22:39.626+0000] {processor.py:183} INFO - Processing /home/airflow/.local/lib/python3.8/site-packages/airflow/example_dags/example_latest_only_with_trigger.py took 0.137 seconds
[2025-09-19T04:23:10.000+0000] {processor.py:161} INFO - Started process (PID=1830) to work on /home/airflow/.local/lib/python3.8/site-packages/airflow/example_dags/example_latest_only_with_trigger.py
[2025-09-19T04:23:10.002+0000] {processor.py:830} INFO - Processing file /home/airflow/.local/lib/python3.8/site-packages/airflow/example_dags/example_latest_only_with_trigger.py for tasks to queue
[2025-09-19T04:23:10.006+0000] {logging_mixin.py:188} INFO - [2025-09-19T04:23:10.005+0000] {dagbag.py:538} INFO - Filling up the DagBag from /home/airflow/.local/lib/python3.8/site-packages/airflow/example_dags/example_latest_only_with_trigger.py
[2025-09-19T04:23:10.016+0000] {processor.py:840} INFO - DAG(s) 'latest_only_with_trigger' retrieved from /home/airflow/.local/lib/python3.8/site-packages/airflow/example_dags/example_latest_only_with_trigger.py
[2025-09-19T04:23:10.068+0000] {logging_mixin.py:188} INFO - [2025-09-19T04:23:10.067+0000] {dag.py:3036} INFO - Sync 1 DAGs
[2025-09-19T04:23:10.128+0000] {logging_mixin.py:188} INFO - [2025-09-19T04:23:10.127+0000] {dag.py:3823} INFO - Setting next_dagrun for latest_only_with_trigger to 2025-09-19 00:00:00+00:00, run_after=2025-09-19 04:00:00+00:00
[2025-09-19T04:23:10.171+0000] {processor.py:183} INFO - Processing /home/airflow/.local/lib/python3.8/site-packages/airflow/example_dags/example_latest_only_with_trigger.py took 0.178 seconds
[2025-09-19T04:23:40.360+0000] {processor.py:161} INFO - Started process (PID=1885) to work on /home/airflow/.local/lib/python3.8/site-packages/airflow/example_dags/example_latest_only_with_trigger.py
[2025-09-19T04:23:40.362+0000] {processor.py:830} INFO - Processing file /home/airflow/.local/lib/python3.8/site-packages/airflow/example_dags/example_latest_only_with_trigger.py for tasks to queue
[2025-09-19T04:23:40.365+0000] {logging_mixin.py:188} INFO - [2025-09-19T04:23:40.365+0000] {dagbag.py:538} INFO - Filling up the DagBag from /home/airflow/.local/lib/python3.8/site-packages/airflow/example_dags/example_latest_only_with_trigger.py
[2025-09-19T04:23:40.375+0000] {processor.py:840} INFO - DAG(s) 'latest_only_with_trigger' retrieved from /home/airflow/.local/lib/python3.8/site-packages/airflow/example_dags/example_latest_only_with_trigger.py
[2025-09-19T04:23:40.416+0000] {logging_mixin.py:188} INFO - [2025-09-19T04:23:40.415+0000] {dag.py:3036} INFO - Sync 1 DAGs
[2025-09-19T04:23:40.474+0000] {logging_mixin.py:188} INFO - [2025-09-19T04:23:40.474+0000] {dag.py:3823} INFO - Setting next_dagrun for latest_only_with_trigger to 2025-09-19 00:00:00+00:00, run_after=2025-09-19 04:00:00+00:00
[2025-09-19T04:23:40.523+0000] {processor.py:183} INFO - Processing /home/airflow/.local/lib/python3.8/site-packages/airflow/example_dags/example_latest_only_with_trigger.py took 0.169 seconds
[2025-09-19T04:24:10.871+0000] {processor.py:161} INFO - Started process (PID=1940) to work on /home/airflow/.local/lib/python3.8/site-packages/airflow/example_dags/example_latest_only_with_trigger.py
[2025-09-19T04:24:10.873+0000] {processor.py:830} INFO - Processing file /home/airflow/.local/lib/python3.8/site-packages/airflow/example_dags/example_latest_only_with_trigger.py for tasks to queue
[2025-09-19T04:24:10.877+0000] {logging_mixin.py:188} INFO - [2025-09-19T04:24:10.876+0000] {dagbag.py:538} INFO - Filling up the DagBag from /home/airflow/.local/lib/python3.8/site-packages/airflow/example_dags/example_latest_only_with_trigger.py
[2025-09-19T04:24:10.888+0000] {processor.py:840} INFO - DAG(s) 'latest_only_with_trigger' retrieved from /home/airflow/.local/lib/python3.8/site-packages/airflow/example_dags/example_latest_only_with_trigger.py
[2025-09-19T04:24:10.928+0000] {logging_mixin.py:188} INFO - [2025-09-19T04:24:10.927+0000] {dag.py:3036} INFO - Sync 1 DAGs
[2025-09-19T04:24:10.974+0000] {logging_mixin.py:188} INFO - [2025-09-19T04:24:10.974+0000] {dag.py:3823} INFO - Setting next_dagrun for latest_only_with_trigger to 2025-09-19 00:00:00+00:00, run_after=2025-09-19 04:00:00+00:00
[2025-09-19T04:24:11.059+0000] {processor.py:183} INFO - Processing /home/airflow/.local/lib/python3.8/site-packages/airflow/example_dags/example_latest_only_with_trigger.py took 0.196 seconds
[2025-09-19T04:24:41.134+0000] {processor.py:161} INFO - Started process (PID=1995) to work on /home/airflow/.local/lib/python3.8/site-packages/airflow/example_dags/example_latest_only_with_trigger.py
[2025-09-19T04:24:41.136+0000] {processor.py:830} INFO - Processing file /home/airflow/.local/lib/python3.8/site-packages/airflow/example_dags/example_latest_only_with_trigger.py for tasks to queue
[2025-09-19T04:24:41.140+0000] {logging_mixin.py:188} INFO - [2025-09-19T04:24:41.139+0000] {dagbag.py:538} INFO - Filling up the DagBag from /home/airflow/.local/lib/python3.8/site-packages/airflow/example_dags/example_latest_only_with_trigger.py
[2025-09-19T04:24:41.151+0000] {processor.py:840} INFO - DAG(s) 'latest_only_with_trigger' retrieved from /home/airflow/.local/lib/python3.8/site-packages/airflow/example_dags/example_latest_only_with_trigger.py
[2025-09-19T04:24:41.190+0000] {logging_mixin.py:188} INFO - [2025-09-19T04:24:41.190+0000] {dag.py:3036} INFO - Sync 1 DAGs
[2025-09-19T04:24:41.238+0000] {logging_mixin.py:188} INFO - [2025-09-19T04:24:41.238+0000] {dag.py:3823} INFO - Setting next_dagrun for latest_only_with_trigger to 2025-09-19 00:00:00+00:00, run_after=2025-09-19 04:00:00+00:00
[2025-09-19T04:24:41.278+0000] {processor.py:183} INFO - Processing /home/airflow/.local/lib/python3.8/site-packages/airflow/example_dags/example_latest_only_with_trigger.py took 0.150 seconds
[2025-09-19T04:25:11.472+0000] {processor.py:161} INFO - Started process (PID=2050) to work on /home/airflow/.local/lib/python3.8/site-packages/airflow/example_dags/example_latest_only_with_trigger.py
[2025-09-19T04:25:11.474+0000] {processor.py:830} INFO - Processing file /home/airflow/.local/lib/python3.8/site-packages/airflow/example_dags/example_latest_only_with_trigger.py for tasks to queue
[2025-09-19T04:25:11.478+0000] {logging_mixin.py:188} INFO - [2025-09-19T04:25:11.478+0000] {dagbag.py:538} INFO - Filling up the DagBag from /home/airflow/.local/lib/python3.8/site-packages/airflow/example_dags/example_latest_only_with_trigger.py
[2025-09-19T04:25:11.490+0000] {processor.py:840} INFO - DAG(s) 'latest_only_with_trigger' retrieved from /home/airflow/.local/lib/python3.8/site-packages/airflow/example_dags/example_latest_only_with_trigger.py
[2025-09-19T04:25:11.535+0000] {logging_mixin.py:188} INFO - [2025-09-19T04:25:11.535+0000] {dag.py:3036} INFO - Sync 1 DAGs
[2025-09-19T04:25:11.598+0000] {logging_mixin.py:188} INFO - [2025-09-19T04:25:11.598+0000] {dag.py:3823} INFO - Setting next_dagrun for latest_only_with_trigger to 2025-09-19 00:00:00+00:00, run_after=2025-09-19 04:00:00+00:00
[2025-09-19T04:25:11.637+0000] {processor.py:183} INFO - Processing /home/airflow/.local/lib/python3.8/site-packages/airflow/example_dags/example_latest_only_with_trigger.py took 0.174 seconds
[2025-09-19T04:25:41.824+0000] {processor.py:161} INFO - Started process (PID=2105) to work on /home/airflow/.local/lib/python3.8/site-packages/airflow/example_dags/example_latest_only_with_trigger.py
[2025-09-19T04:25:41.826+0000] {processor.py:830} INFO - Processing file /home/airflow/.local/lib/python3.8/site-packages/airflow/example_dags/example_latest_only_with_trigger.py for tasks to queue
[2025-09-19T04:25:41.829+0000] {logging_mixin.py:188} INFO - [2025-09-19T04:25:41.829+0000] {dagbag.py:538} INFO - Filling up the DagBag from /home/airflow/.local/lib/python3.8/site-packages/airflow/example_dags/example_latest_only_with_trigger.py
[2025-09-19T04:25:41.839+0000] {processor.py:840} INFO - DAG(s) 'latest_only_with_trigger' retrieved from /home/airflow/.local/lib/python3.8/site-packages/airflow/example_dags/example_latest_only_with_trigger.py
[2025-09-19T04:25:41.874+0000] {logging_mixin.py:188} INFO - [2025-09-19T04:25:41.874+0000] {dag.py:3036} INFO - Sync 1 DAGs
[2025-09-19T04:25:41.912+0000] {logging_mixin.py:188} INFO - [2025-09-19T04:25:41.912+0000] {dag.py:3823} INFO - Setting next_dagrun for latest_only_with_trigger to 2025-09-19 00:00:00+00:00, run_after=2025-09-19 04:00:00+00:00
[2025-09-19T04:25:41.948+0000] {processor.py:183} INFO - Processing /home/airflow/.local/lib/python3.8/site-packages/airflow/example_dags/example_latest_only_with_trigger.py took 0.128 seconds
[2025-09-19T04:26:12.275+0000] {processor.py:161} INFO - Started process (PID=2161) to work on /home/airflow/.local/lib/python3.8/site-packages/airflow/example_dags/example_latest_only_with_trigger.py
[2025-09-19T04:26:12.277+0000] {processor.py:830} INFO - Processing file /home/airflow/.local/lib/python3.8/site-packages/airflow/example_dags/example_latest_only_with_trigger.py for tasks to queue
[2025-09-19T04:26:12.280+0000] {logging_mixin.py:188} INFO - [2025-09-19T04:26:12.280+0000] {dagbag.py:538} INFO - Filling up the DagBag from /home/airflow/.local/lib/python3.8/site-packages/airflow/example_dags/example_latest_only_with_trigger.py
[2025-09-19T04:26:12.291+0000] {processor.py:840} INFO - DAG(s) 'latest_only_with_trigger' retrieved from /home/airflow/.local/lib/python3.8/site-packages/airflow/example_dags/example_latest_only_with_trigger.py
[2025-09-19T04:26:12.328+0000] {logging_mixin.py:188} INFO - [2025-09-19T04:26:12.328+0000] {dag.py:3036} INFO - Sync 1 DAGs
[2025-09-19T04:26:12.370+0000] {logging_mixin.py:188} INFO - [2025-09-19T04:26:12.369+0000] {dag.py:3823} INFO - Setting next_dagrun for latest_only_with_trigger to 2025-09-19 00:00:00+00:00, run_after=2025-09-19 04:00:00+00:00
[2025-09-19T04:26:12.411+0000] {processor.py:183} INFO - Processing /home/airflow/.local/lib/python3.8/site-packages/airflow/example_dags/example_latest_only_with_trigger.py took 0.142 seconds
[2025-09-19T04:26:42.955+0000] {processor.py:161} INFO - Started process (PID=2216) to work on /home/airflow/.local/lib/python3.8/site-packages/airflow/example_dags/example_latest_only_with_trigger.py
[2025-09-19T04:26:42.957+0000] {processor.py:830} INFO - Processing file /home/airflow/.local/lib/python3.8/site-packages/airflow/example_dags/example_latest_only_with_trigger.py for tasks to queue
[2025-09-19T04:26:42.961+0000] {logging_mixin.py:188} INFO - [2025-09-19T04:26:42.960+0000] {dagbag.py:538} INFO - Filling up the DagBag from /home/airflow/.local/lib/python3.8/site-packages/airflow/example_dags/example_latest_only_with_trigger.py
[2025-09-19T04:26:42.971+0000] {processor.py:840} INFO - DAG(s) 'latest_only_with_trigger' retrieved from /home/airflow/.local/lib/python3.8/site-packages/airflow/example_dags/example_latest_only_with_trigger.py
[2025-09-19T04:26:43.011+0000] {logging_mixin.py:188} INFO - [2025-09-19T04:26:43.011+0000] {dag.py:3036} INFO - Sync 1 DAGs
[2025-09-19T04:26:43.053+0000] {logging_mixin.py:188} INFO - [2025-09-19T04:26:43.052+0000] {dag.py:3823} INFO - Setting next_dagrun for latest_only_with_trigger to 2025-09-19 00:00:00+00:00, run_after=2025-09-19 04:00:00+00:00
[2025-09-19T04:26:43.095+0000] {processor.py:183} INFO - Processing /home/airflow/.local/lib/python3.8/site-packages/airflow/example_dags/example_latest_only_with_trigger.py took 0.145 seconds
[2025-09-19T04:27:13.190+0000] {processor.py:161} INFO - Started process (PID=2270) to work on /home/airflow/.local/lib/python3.8/site-packages/airflow/example_dags/example_latest_only_with_trigger.py
[2025-09-19T04:27:13.192+0000] {processor.py:830} INFO - Processing file /home/airflow/.local/lib/python3.8/site-packages/airflow/example_dags/example_latest_only_with_trigger.py for tasks to queue
[2025-09-19T04:27:13.195+0000] {logging_mixin.py:188} INFO - [2025-09-19T04:27:13.195+0000] {dagbag.py:538} INFO - Filling up the DagBag from /home/airflow/.local/lib/python3.8/site-packages/airflow/example_dags/example_latest_only_with_trigger.py
[2025-09-19T04:27:13.206+0000] {processor.py:840} INFO - DAG(s) 'latest_only_with_trigger' retrieved from /home/airflow/.local/lib/python3.8/site-packages/airflow/example_dags/example_latest_only_with_trigger.py
[2025-09-19T04:27:13.243+0000] {logging_mixin.py:188} INFO - [2025-09-19T04:27:13.243+0000] {dag.py:3036} INFO - Sync 1 DAGs
[2025-09-19T04:27:13.287+0000] {logging_mixin.py:188} INFO - [2025-09-19T04:27:13.286+0000] {dag.py:3823} INFO - Setting next_dagrun for latest_only_with_trigger to 2025-09-19 00:00:00+00:00, run_after=2025-09-19 04:00:00+00:00
[2025-09-19T04:27:13.327+0000] {processor.py:183} INFO - Processing /home/airflow/.local/lib/python3.8/site-packages/airflow/example_dags/example_latest_only_with_trigger.py took 0.143 seconds
[2025-09-19T04:27:43.557+0000] {processor.py:161} INFO - Started process (PID=2326) to work on /home/airflow/.local/lib/python3.8/site-packages/airflow/example_dags/example_latest_only_with_trigger.py
[2025-09-19T04:27:43.559+0000] {processor.py:830} INFO - Processing file /home/airflow/.local/lib/python3.8/site-packages/airflow/example_dags/example_latest_only_with_trigger.py for tasks to queue
[2025-09-19T04:27:43.562+0000] {logging_mixin.py:188} INFO - [2025-09-19T04:27:43.562+0000] {dagbag.py:538} INFO - Filling up the DagBag from /home/airflow/.local/lib/python3.8/site-packages/airflow/example_dags/example_latest_only_with_trigger.py
[2025-09-19T04:27:43.572+0000] {processor.py:840} INFO - DAG(s) 'latest_only_with_trigger' retrieved from /home/airflow/.local/lib/python3.8/site-packages/airflow/example_dags/example_latest_only_with_trigger.py
[2025-09-19T04:27:43.610+0000] {logging_mixin.py:188} INFO - [2025-09-19T04:27:43.610+0000] {dag.py:3036} INFO - Sync 1 DAGs
[2025-09-19T04:27:43.651+0000] {logging_mixin.py:188} INFO - [2025-09-19T04:27:43.651+0000] {dag.py:3823} INFO - Setting next_dagrun for latest_only_with_trigger to 2025-09-19 00:00:00+00:00, run_after=2025-09-19 04:00:00+00:00
[2025-09-19T04:27:43.691+0000] {processor.py:183} INFO - Processing /home/airflow/.local/lib/python3.8/site-packages/airflow/example_dags/example_latest_only_with_trigger.py took 0.139 seconds
[2025-09-19T04:28:14.070+0000] {processor.py:161} INFO - Started process (PID=2381) to work on /home/airflow/.local/lib/python3.8/site-packages/airflow/example_dags/example_latest_only_with_trigger.py
[2025-09-19T04:28:14.072+0000] {processor.py:830} INFO - Processing file /home/airflow/.local/lib/python3.8/site-packages/airflow/example_dags/example_latest_only_with_trigger.py for tasks to queue
[2025-09-19T04:28:14.075+0000] {logging_mixin.py:188} INFO - [2025-09-19T04:28:14.075+0000] {dagbag.py:538} INFO - Filling up the DagBag from /home/airflow/.local/lib/python3.8/site-packages/airflow/example_dags/example_latest_only_with_trigger.py
[2025-09-19T04:28:14.089+0000] {processor.py:840} INFO - DAG(s) 'latest_only_with_trigger' retrieved from /home/airflow/.local/lib/python3.8/site-packages/airflow/example_dags/example_latest_only_with_trigger.py
[2025-09-19T04:28:14.183+0000] {logging_mixin.py:188} INFO - [2025-09-19T04:28:14.183+0000] {dag.py:3036} INFO - Sync 1 DAGs
[2025-09-19T04:28:14.230+0000] {logging_mixin.py:188} INFO - [2025-09-19T04:28:14.230+0000] {dag.py:3823} INFO - Setting next_dagrun for latest_only_with_trigger to 2025-09-19 00:00:00+00:00, run_after=2025-09-19 04:00:00+00:00
[2025-09-19T04:28:14.270+0000] {processor.py:183} INFO - Processing /home/airflow/.local/lib/python3.8/site-packages/airflow/example_dags/example_latest_only_with_trigger.py took 0.205 seconds
[2025-09-19T04:28:44.808+0000] {processor.py:161} INFO - Started process (PID=2436) to work on /home/airflow/.local/lib/python3.8/site-packages/airflow/example_dags/example_latest_only_with_trigger.py
[2025-09-19T04:28:44.810+0000] {processor.py:830} INFO - Processing file /home/airflow/.local/lib/python3.8/site-packages/airflow/example_dags/example_latest_only_with_trigger.py for tasks to queue
[2025-09-19T04:28:44.813+0000] {logging_mixin.py:188} INFO - [2025-09-19T04:28:44.813+0000] {dagbag.py:538} INFO - Filling up the DagBag from /home/airflow/.local/lib/python3.8/site-packages/airflow/example_dags/example_latest_only_with_trigger.py
[2025-09-19T04:28:44.824+0000] {processor.py:840} INFO - DAG(s) 'latest_only_with_trigger' retrieved from /home/airflow/.local/lib/python3.8/site-packages/airflow/example_dags/example_latest_only_with_trigger.py
[2025-09-19T04:28:44.868+0000] {logging_mixin.py:188} INFO - [2025-09-19T04:28:44.868+0000] {dag.py:3036} INFO - Sync 1 DAGs
[2025-09-19T04:28:44.909+0000] {logging_mixin.py:188} INFO - [2025-09-19T04:28:44.909+0000] {dag.py:3823} INFO - Setting next_dagrun for latest_only_with_trigger to 2025-09-19 00:00:00+00:00, run_after=2025-09-19 04:00:00+00:00
[2025-09-19T04:28:44.954+0000] {processor.py:183} INFO - Processing /home/airflow/.local/lib/python3.8/site-packages/airflow/example_dags/example_latest_only_with_trigger.py took 0.152 seconds
[2025-09-19T04:29:15.249+0000] {processor.py:161} INFO - Started process (PID=2491) to work on /home/airflow/.local/lib/python3.8/site-packages/airflow/example_dags/example_latest_only_with_trigger.py
[2025-09-19T04:29:15.251+0000] {processor.py:830} INFO - Processing file /home/airflow/.local/lib/python3.8/site-packages/airflow/example_dags/example_latest_only_with_trigger.py for tasks to queue
[2025-09-19T04:29:15.254+0000] {logging_mixin.py:188} INFO - [2025-09-19T04:29:15.254+0000] {dagbag.py:538} INFO - Filling up the DagBag from /home/airflow/.local/lib/python3.8/site-packages/airflow/example_dags/example_latest_only_with_trigger.py
[2025-09-19T04:29:15.264+0000] {processor.py:840} INFO - DAG(s) 'latest_only_with_trigger' retrieved from /home/airflow/.local/lib/python3.8/site-packages/airflow/example_dags/example_latest_only_with_trigger.py
[2025-09-19T04:29:15.301+0000] {logging_mixin.py:188} INFO - [2025-09-19T04:29:15.301+0000] {dag.py:3036} INFO - Sync 1 DAGs
[2025-09-19T04:29:15.341+0000] {logging_mixin.py:188} INFO - [2025-09-19T04:29:15.341+0000] {dag.py:3823} INFO - Setting next_dagrun for latest_only_with_trigger to 2025-09-19 00:00:00+00:00, run_after=2025-09-19 04:00:00+00:00
[2025-09-19T04:29:15.380+0000] {processor.py:183} INFO - Processing /home/airflow/.local/lib/python3.8/site-packages/airflow/example_dags/example_latest_only_with_trigger.py took 0.137 seconds
[2025-09-19T04:29:45.757+0000] {processor.py:161} INFO - Started process (PID=2546) to work on /home/airflow/.local/lib/python3.8/site-packages/airflow/example_dags/example_latest_only_with_trigger.py
[2025-09-19T04:29:45.759+0000] {processor.py:830} INFO - Processing file /home/airflow/.local/lib/python3.8/site-packages/airflow/example_dags/example_latest_only_with_trigger.py for tasks to queue
[2025-09-19T04:29:45.762+0000] {logging_mixin.py:188} INFO - [2025-09-19T04:29:45.762+0000] {dagbag.py:538} INFO - Filling up the DagBag from /home/airflow/.local/lib/python3.8/site-packages/airflow/example_dags/example_latest_only_with_trigger.py
[2025-09-19T04:29:45.774+0000] {processor.py:840} INFO - DAG(s) 'latest_only_with_trigger' retrieved from /home/airflow/.local/lib/python3.8/site-packages/airflow/example_dags/example_latest_only_with_trigger.py
[2025-09-19T04:29:45.816+0000] {logging_mixin.py:188} INFO - [2025-09-19T04:29:45.816+0000] {dag.py:3036} INFO - Sync 1 DAGs
[2025-09-19T04:29:45.865+0000] {logging_mixin.py:188} INFO - [2025-09-19T04:29:45.864+0000] {dag.py:3823} INFO - Setting next_dagrun for latest_only_with_trigger to 2025-09-19 00:00:00+00:00, run_after=2025-09-19 04:00:00+00:00
[2025-09-19T04:29:46.167+0000] {processor.py:183} INFO - Processing /home/airflow/.local/lib/python3.8/site-packages/airflow/example_dags/example_latest_only_with_trigger.py took 0.417 seconds
[2025-09-19T04:30:17.029+0000] {processor.py:161} INFO - Started process (PID=2601) to work on /home/airflow/.local/lib/python3.8/site-packages/airflow/example_dags/example_latest_only_with_trigger.py
[2025-09-19T04:30:17.031+0000] {processor.py:830} INFO - Processing file /home/airflow/.local/lib/python3.8/site-packages/airflow/example_dags/example_latest_only_with_trigger.py for tasks to queue
[2025-09-19T04:30:17.036+0000] {logging_mixin.py:188} INFO - [2025-09-19T04:30:17.035+0000] {dagbag.py:538} INFO - Filling up the DagBag from /home/airflow/.local/lib/python3.8/site-packages/airflow/example_dags/example_latest_only_with_trigger.py
[2025-09-19T04:30:17.046+0000] {processor.py:840} INFO - DAG(s) 'latest_only_with_trigger' retrieved from /home/airflow/.local/lib/python3.8/site-packages/airflow/example_dags/example_latest_only_with_trigger.py
[2025-09-19T04:30:17.087+0000] {logging_mixin.py:188} INFO - [2025-09-19T04:30:17.087+0000] {dag.py:3036} INFO - Sync 1 DAGs
[2025-09-19T04:30:17.130+0000] {logging_mixin.py:188} INFO - [2025-09-19T04:30:17.130+0000] {dag.py:3823} INFO - Setting next_dagrun for latest_only_with_trigger to 2025-09-19 00:00:00+00:00, run_after=2025-09-19 04:00:00+00:00
[2025-09-19T04:30:17.174+0000] {processor.py:183} INFO - Processing /home/airflow/.local/lib/python3.8/site-packages/airflow/example_dags/example_latest_only_with_trigger.py took 0.150 seconds
[2025-09-19T04:30:47.694+0000] {processor.py:161} INFO - Started process (PID=2656) to work on /home/airflow/.local/lib/python3.8/site-packages/airflow/example_dags/example_latest_only_with_trigger.py
[2025-09-19T04:30:47.696+0000] {processor.py:830} INFO - Processing file /home/airflow/.local/lib/python3.8/site-packages/airflow/example_dags/example_latest_only_with_trigger.py for tasks to queue
[2025-09-19T04:30:47.700+0000] {logging_mixin.py:188} INFO - [2025-09-19T04:30:47.699+0000] {dagbag.py:538} INFO - Filling up the DagBag from /home/airflow/.local/lib/python3.8/site-packages/airflow/example_dags/example_latest_only_with_trigger.py
[2025-09-19T04:30:47.710+0000] {processor.py:840} INFO - DAG(s) 'latest_only_with_trigger' retrieved from /home/airflow/.local/lib/python3.8/site-packages/airflow/example_dags/example_latest_only_with_trigger.py
[2025-09-19T04:30:47.749+0000] {logging_mixin.py:188} INFO - [2025-09-19T04:30:47.749+0000] {dag.py:3036} INFO - Sync 1 DAGs
[2025-09-19T04:30:47.792+0000] {logging_mixin.py:188} INFO - [2025-09-19T04:30:47.792+0000] {dag.py:3823} INFO - Setting next_dagrun for latest_only_with_trigger to 2025-09-19 00:00:00+00:00, run_after=2025-09-19 04:00:00+00:00
[2025-09-19T04:30:47.835+0000] {processor.py:183} INFO - Processing /home/airflow/.local/lib/python3.8/site-packages/airflow/example_dags/example_latest_only_with_trigger.py took 0.146 seconds
[2025-09-19T04:31:18.478+0000] {processor.py:161} INFO - Started process (PID=2711) to work on /home/airflow/.local/lib/python3.8/site-packages/airflow/example_dags/example_latest_only_with_trigger.py
[2025-09-19T04:31:18.480+0000] {processor.py:830} INFO - Processing file /home/airflow/.local/lib/python3.8/site-packages/airflow/example_dags/example_latest_only_with_trigger.py for tasks to queue
[2025-09-19T04:31:18.485+0000] {logging_mixin.py:188} INFO - [2025-09-19T04:31:18.484+0000] {dagbag.py:538} INFO - Filling up the DagBag from /home/airflow/.local/lib/python3.8/site-packages/airflow/example_dags/example_latest_only_with_trigger.py
[2025-09-19T04:31:18.497+0000] {processor.py:840} INFO - DAG(s) 'latest_only_with_trigger' retrieved from /home/airflow/.local/lib/python3.8/site-packages/airflow/example_dags/example_latest_only_with_trigger.py
[2025-09-19T04:31:18.542+0000] {logging_mixin.py:188} INFO - [2025-09-19T04:31:18.542+0000] {dag.py:3036} INFO - Sync 1 DAGs
[2025-09-19T04:31:18.586+0000] {logging_mixin.py:188} INFO - [2025-09-19T04:31:18.585+0000] {dag.py:3823} INFO - Setting next_dagrun for latest_only_with_trigger to 2025-09-19 00:00:00+00:00, run_after=2025-09-19 04:00:00+00:00
[2025-09-19T04:31:18.624+0000] {processor.py:183} INFO - Processing /home/airflow/.local/lib/python3.8/site-packages/airflow/example_dags/example_latest_only_with_trigger.py took 0.153 seconds
[2025-09-19T04:31:48.983+0000] {processor.py:161} INFO - Started process (PID=2766) to work on /home/airflow/.local/lib/python3.8/site-packages/airflow/example_dags/example_latest_only_with_trigger.py
[2025-09-19T04:31:48.986+0000] {processor.py:830} INFO - Processing file /home/airflow/.local/lib/python3.8/site-packages/airflow/example_dags/example_latest_only_with_trigger.py for tasks to queue
[2025-09-19T04:31:48.989+0000] {logging_mixin.py:188} INFO - [2025-09-19T04:31:48.989+0000] {dagbag.py:538} INFO - Filling up the DagBag from /home/airflow/.local/lib/python3.8/site-packages/airflow/example_dags/example_latest_only_with_trigger.py
[2025-09-19T04:31:49.003+0000] {processor.py:840} INFO - DAG(s) 'latest_only_with_trigger' retrieved from /home/airflow/.local/lib/python3.8/site-packages/airflow/example_dags/example_latest_only_with_trigger.py
[2025-09-19T04:31:49.042+0000] {logging_mixin.py:188} INFO - [2025-09-19T04:31:49.042+0000] {dag.py:3036} INFO - Sync 1 DAGs
[2025-09-19T04:31:49.271+0000] {logging_mixin.py:188} INFO - [2025-09-19T04:31:49.270+0000] {dag.py:3823} INFO - Setting next_dagrun for latest_only_with_trigger to 2025-09-19 00:00:00+00:00, run_after=2025-09-19 04:00:00+00:00
[2025-09-19T04:31:49.308+0000] {processor.py:183} INFO - Processing /home/airflow/.local/lib/python3.8/site-packages/airflow/example_dags/example_latest_only_with_trigger.py took 0.333 seconds
[2025-09-19T04:32:20.113+0000] {processor.py:161} INFO - Started process (PID=2821) to work on /home/airflow/.local/lib/python3.8/site-packages/airflow/example_dags/example_latest_only_with_trigger.py
[2025-09-19T04:32:20.115+0000] {processor.py:830} INFO - Processing file /home/airflow/.local/lib/python3.8/site-packages/airflow/example_dags/example_latest_only_with_trigger.py for tasks to queue
[2025-09-19T04:32:20.118+0000] {logging_mixin.py:188} INFO - [2025-09-19T04:32:20.118+0000] {dagbag.py:538} INFO - Filling up the DagBag from /home/airflow/.local/lib/python3.8/site-packages/airflow/example_dags/example_latest_only_with_trigger.py
[2025-09-19T04:32:20.129+0000] {processor.py:840} INFO - DAG(s) 'latest_only_with_trigger' retrieved from /home/airflow/.local/lib/python3.8/site-packages/airflow/example_dags/example_latest_only_with_trigger.py
[2025-09-19T04:32:20.167+0000] {logging_mixin.py:188} INFO - [2025-09-19T04:32:20.166+0000] {dag.py:3036} INFO - Sync 1 DAGs
[2025-09-19T04:32:20.208+0000] {logging_mixin.py:188} INFO - [2025-09-19T04:32:20.207+0000] {dag.py:3823} INFO - Setting next_dagrun for latest_only_with_trigger to 2025-09-19 00:00:00+00:00, run_after=2025-09-19 04:00:00+00:00
[2025-09-19T04:32:20.421+0000] {processor.py:183} INFO - Processing /home/airflow/.local/lib/python3.8/site-packages/airflow/example_dags/example_latest_only_with_trigger.py took 0.314 seconds
[2025-09-19T04:32:50.849+0000] {processor.py:161} INFO - Started process (PID=2876) to work on /home/airflow/.local/lib/python3.8/site-packages/airflow/example_dags/example_latest_only_with_trigger.py
[2025-09-19T04:32:50.851+0000] {processor.py:830} INFO - Processing file /home/airflow/.local/lib/python3.8/site-packages/airflow/example_dags/example_latest_only_with_trigger.py for tasks to queue
[2025-09-19T04:32:50.855+0000] {logging_mixin.py:188} INFO - [2025-09-19T04:32:50.855+0000] {dagbag.py:538} INFO - Filling up the DagBag from /home/airflow/.local/lib/python3.8/site-packages/airflow/example_dags/example_latest_only_with_trigger.py
[2025-09-19T04:32:50.866+0000] {processor.py:840} INFO - DAG(s) 'latest_only_with_trigger' retrieved from /home/airflow/.local/lib/python3.8/site-packages/airflow/example_dags/example_latest_only_with_trigger.py
[2025-09-19T04:32:50.911+0000] {logging_mixin.py:188} INFO - [2025-09-19T04:32:50.910+0000] {dag.py:3036} INFO - Sync 1 DAGs
[2025-09-19T04:32:50.959+0000] {logging_mixin.py:188} INFO - [2025-09-19T04:32:50.958+0000] {dag.py:3823} INFO - Setting next_dagrun for latest_only_with_trigger to 2025-09-19 00:00:00+00:00, run_after=2025-09-19 04:00:00+00:00
[2025-09-19T04:32:50.997+0000] {processor.py:183} INFO - Processing /home/airflow/.local/lib/python3.8/site-packages/airflow/example_dags/example_latest_only_with_trigger.py took 0.154 seconds
[2025-09-19T04:33:21.079+0000] {processor.py:161} INFO - Started process (PID=2930) to work on /home/airflow/.local/lib/python3.8/site-packages/airflow/example_dags/example_latest_only_with_trigger.py
[2025-09-19T04:33:21.082+0000] {processor.py:830} INFO - Processing file /home/airflow/.local/lib/python3.8/site-packages/airflow/example_dags/example_latest_only_with_trigger.py for tasks to queue
[2025-09-19T04:33:21.086+0000] {logging_mixin.py:188} INFO - [2025-09-19T04:33:21.086+0000] {dagbag.py:538} INFO - Filling up the DagBag from /home/airflow/.local/lib/python3.8/site-packages/airflow/example_dags/example_latest_only_with_trigger.py
[2025-09-19T04:33:21.098+0000] {processor.py:840} INFO - DAG(s) 'latest_only_with_trigger' retrieved from /home/airflow/.local/lib/python3.8/site-packages/airflow/example_dags/example_latest_only_with_trigger.py
[2025-09-19T04:33:21.137+0000] {logging_mixin.py:188} INFO - [2025-09-19T04:33:21.137+0000] {dag.py:3036} INFO - Sync 1 DAGs
[2025-09-19T04:33:21.182+0000] {logging_mixin.py:188} INFO - [2025-09-19T04:33:21.182+0000] {dag.py:3823} INFO - Setting next_dagrun for latest_only_with_trigger to 2025-09-19 00:00:00+00:00, run_after=2025-09-19 04:00:00+00:00
[2025-09-19T04:33:21.229+0000] {processor.py:183} INFO - Processing /home/airflow/.local/lib/python3.8/site-packages/airflow/example_dags/example_latest_only_with_trigger.py took 0.156 seconds
