[2025-09-19T04:06:23.504+0000] {processor.py:161} INFO - Started process (PID=53) to work on /home/airflow/.local/lib/python3.8/site-packages/airflow/example_dags/example_short_circuit_operator.py
[2025-09-19T04:06:23.514+0000] {processor.py:830} INFO - Processing file /home/airflow/.local/lib/python3.8/site-packages/airflow/example_dags/example_short_circuit_operator.py for tasks to queue
[2025-09-19T04:06:23.520+0000] {logging_mixin.py:188} INFO - [2025-09-19T04:06:23.519+0000] {dagbag.py:538} INFO - Filling up the DagBag from /home/airflow/.local/lib/python3.8/site-packages/airflow/example_dags/example_short_circuit_operator.py
[2025-09-19T04:06:23.550+0000] {processor.py:840} INFO - DAG(s) 'example_short_circuit_operator' retrieved from /home/airflow/.local/lib/python3.8/site-packages/airflow/example_dags/example_short_circuit_operator.py
[2025-09-19T04:06:23.850+0000] {logging_mixin.py:188} INFO - [2025-09-19T04:06:23.850+0000] {dag.py:3036} INFO - Sync 1 DAGs
[2025-09-19T04:06:23.994+0000] {logging_mixin.py:188} INFO - [2025-09-19T04:06:23.993+0000] {dag.py:3823} INFO - Setting next_dagrun for example_short_circuit_operator to 2025-09-18 00:00:00+00:00, run_after=2025-09-19 00:00:00+00:00
[2025-09-19T04:06:24.119+0000] {processor.py:183} INFO - Processing /home/airflow/.local/lib/python3.8/site-packages/airflow/example_dags/example_short_circuit_operator.py took 0.625 seconds
[2025-09-19T04:07:03.118+0000] {processor.py:161} INFO - Started process (PID=109) to work on /home/airflow/.local/lib/python3.8/site-packages/airflow/example_dags/example_short_circuit_operator.py
[2025-09-19T04:07:03.136+0000] {processor.py:830} INFO - Processing file /home/airflow/.local/lib/python3.8/site-packages/airflow/example_dags/example_short_circuit_operator.py for tasks to queue
[2025-09-19T04:07:03.178+0000] {logging_mixin.py:188} INFO - [2025-09-19T04:07:03.177+0000] {dagbag.py:538} INFO - Filling up the DagBag from /home/airflow/.local/lib/python3.8/site-packages/airflow/example_dags/example_short_circuit_operator.py
[2025-09-19T04:07:03.217+0000] {processor.py:840} INFO - DAG(s) 'example_short_circuit_operator' retrieved from /home/airflow/.local/lib/python3.8/site-packages/airflow/example_dags/example_short_circuit_operator.py
[2025-09-19T04:07:03.352+0000] {logging_mixin.py:188} INFO - [2025-09-19T04:07:03.350+0000] {dag.py:3036} INFO - Sync 1 DAGs
[2025-09-19T04:07:03.412+0000] {logging_mixin.py:188} INFO - [2025-09-19T04:07:03.411+0000] {dag.py:3823} INFO - Setting next_dagrun for example_short_circuit_operator to 2025-09-18 00:00:00+00:00, run_after=2025-09-19 00:00:00+00:00
[2025-09-19T04:07:03.464+0000] {processor.py:183} INFO - Processing /home/airflow/.local/lib/python3.8/site-packages/airflow/example_dags/example_short_circuit_operator.py took 0.365 seconds
[2025-09-19T04:07:36.086+0000] {processor.py:161} INFO - Started process (PID=164) to work on /home/airflow/.local/lib/python3.8/site-packages/airflow/example_dags/example_short_circuit_operator.py
[2025-09-19T04:07:36.089+0000] {processor.py:830} INFO - Processing file /home/airflow/.local/lib/python3.8/site-packages/airflow/example_dags/example_short_circuit_operator.py for tasks to queue
[2025-09-19T04:07:36.093+0000] {logging_mixin.py:188} INFO - [2025-09-19T04:07:36.092+0000] {dagbag.py:538} INFO - Filling up the DagBag from /home/airflow/.local/lib/python3.8/site-packages/airflow/example_dags/example_short_circuit_operator.py
[2025-09-19T04:07:36.119+0000] {processor.py:840} INFO - DAG(s) 'example_short_circuit_operator' retrieved from /home/airflow/.local/lib/python3.8/site-packages/airflow/example_dags/example_short_circuit_operator.py
[2025-09-19T04:07:36.191+0000] {logging_mixin.py:188} INFO - [2025-09-19T04:07:36.191+0000] {dag.py:3036} INFO - Sync 1 DAGs
[2025-09-19T04:07:36.264+0000] {logging_mixin.py:188} INFO - [2025-09-19T04:07:36.261+0000] {dag.py:3823} INFO - Setting next_dagrun for example_short_circuit_operator to 2025-09-18 00:00:00+00:00, run_after=2025-09-19 00:00:00+00:00
[2025-09-19T04:07:36.336+0000] {processor.py:183} INFO - Processing /home/airflow/.local/lib/python3.8/site-packages/airflow/example_dags/example_short_circuit_operator.py took 0.258 seconds
[2025-09-19T04:08:06.750+0000] {processor.py:161} INFO - Started process (PID=219) to work on /home/airflow/.local/lib/python3.8/site-packages/airflow/example_dags/example_short_circuit_operator.py
[2025-09-19T04:08:06.752+0000] {processor.py:830} INFO - Processing file /home/airflow/.local/lib/python3.8/site-packages/airflow/example_dags/example_short_circuit_operator.py for tasks to queue
[2025-09-19T04:08:06.756+0000] {logging_mixin.py:188} INFO - [2025-09-19T04:08:06.756+0000] {dagbag.py:538} INFO - Filling up the DagBag from /home/airflow/.local/lib/python3.8/site-packages/airflow/example_dags/example_short_circuit_operator.py
[2025-09-19T04:08:06.770+0000] {processor.py:840} INFO - DAG(s) 'example_short_circuit_operator' retrieved from /home/airflow/.local/lib/python3.8/site-packages/airflow/example_dags/example_short_circuit_operator.py
[2025-09-19T04:08:06.815+0000] {logging_mixin.py:188} INFO - [2025-09-19T04:08:06.814+0000] {dag.py:3036} INFO - Sync 1 DAGs
[2025-09-19T04:08:06.856+0000] {logging_mixin.py:188} INFO - [2025-09-19T04:08:06.856+0000] {dag.py:3823} INFO - Setting next_dagrun for example_short_circuit_operator to 2025-09-18 00:00:00+00:00, run_after=2025-09-19 00:00:00+00:00
[2025-09-19T04:08:06.909+0000] {processor.py:183} INFO - Processing /home/airflow/.local/lib/python3.8/site-packages/airflow/example_dags/example_short_circuit_operator.py took 0.166 seconds
[2025-09-19T04:08:37.414+0000] {processor.py:161} INFO - Started process (PID=272) to work on /home/airflow/.local/lib/python3.8/site-packages/airflow/example_dags/example_short_circuit_operator.py
[2025-09-19T04:08:37.416+0000] {processor.py:830} INFO - Processing file /home/airflow/.local/lib/python3.8/site-packages/airflow/example_dags/example_short_circuit_operator.py for tasks to queue
[2025-09-19T04:08:37.421+0000] {logging_mixin.py:188} INFO - [2025-09-19T04:08:37.420+0000] {dagbag.py:538} INFO - Filling up the DagBag from /home/airflow/.local/lib/python3.8/site-packages/airflow/example_dags/example_short_circuit_operator.py
[2025-09-19T04:08:37.436+0000] {processor.py:840} INFO - DAG(s) 'example_short_circuit_operator' retrieved from /home/airflow/.local/lib/python3.8/site-packages/airflow/example_dags/example_short_circuit_operator.py
[2025-09-19T04:08:37.482+0000] {logging_mixin.py:188} INFO - [2025-09-19T04:08:37.481+0000] {dag.py:3036} INFO - Sync 1 DAGs
[2025-09-19T04:08:37.527+0000] {logging_mixin.py:188} INFO - [2025-09-19T04:08:37.527+0000] {dag.py:3823} INFO - Setting next_dagrun for example_short_circuit_operator to 2025-09-18 00:00:00+00:00, run_after=2025-09-19 00:00:00+00:00
[2025-09-19T04:08:37.569+0000] {processor.py:183} INFO - Processing /home/airflow/.local/lib/python3.8/site-packages/airflow/example_dags/example_short_circuit_operator.py took 0.161 seconds
[2025-09-19T04:09:07.939+0000] {processor.py:161} INFO - Started process (PID=328) to work on /home/airflow/.local/lib/python3.8/site-packages/airflow/example_dags/example_short_circuit_operator.py
[2025-09-19T04:09:07.941+0000] {processor.py:830} INFO - Processing file /home/airflow/.local/lib/python3.8/site-packages/airflow/example_dags/example_short_circuit_operator.py for tasks to queue
[2025-09-19T04:09:07.944+0000] {logging_mixin.py:188} INFO - [2025-09-19T04:09:07.944+0000] {dagbag.py:538} INFO - Filling up the DagBag from /home/airflow/.local/lib/python3.8/site-packages/airflow/example_dags/example_short_circuit_operator.py
[2025-09-19T04:09:07.958+0000] {processor.py:840} INFO - DAG(s) 'example_short_circuit_operator' retrieved from /home/airflow/.local/lib/python3.8/site-packages/airflow/example_dags/example_short_circuit_operator.py
[2025-09-19T04:09:08.001+0000] {logging_mixin.py:188} INFO - [2025-09-19T04:09:08.000+0000] {dag.py:3036} INFO - Sync 1 DAGs
[2025-09-19T04:09:08.039+0000] {logging_mixin.py:188} INFO - [2025-09-19T04:09:08.039+0000] {dag.py:3823} INFO - Setting next_dagrun for example_short_circuit_operator to 2025-09-18 00:00:00+00:00, run_after=2025-09-19 00:00:00+00:00
[2025-09-19T04:09:08.077+0000] {processor.py:183} INFO - Processing /home/airflow/.local/lib/python3.8/site-packages/airflow/example_dags/example_short_circuit_operator.py took 0.143 seconds
[2025-09-19T04:09:38.465+0000] {processor.py:161} INFO - Started process (PID=383) to work on /home/airflow/.local/lib/python3.8/site-packages/airflow/example_dags/example_short_circuit_operator.py
[2025-09-19T04:09:38.468+0000] {processor.py:830} INFO - Processing file /home/airflow/.local/lib/python3.8/site-packages/airflow/example_dags/example_short_circuit_operator.py for tasks to queue
[2025-09-19T04:09:38.471+0000] {logging_mixin.py:188} INFO - [2025-09-19T04:09:38.470+0000] {dagbag.py:538} INFO - Filling up the DagBag from /home/airflow/.local/lib/python3.8/site-packages/airflow/example_dags/example_short_circuit_operator.py
[2025-09-19T04:09:38.485+0000] {processor.py:840} INFO - DAG(s) 'example_short_circuit_operator' retrieved from /home/airflow/.local/lib/python3.8/site-packages/airflow/example_dags/example_short_circuit_operator.py
[2025-09-19T04:09:38.526+0000] {logging_mixin.py:188} INFO - [2025-09-19T04:09:38.526+0000] {dag.py:3036} INFO - Sync 1 DAGs
[2025-09-19T04:09:38.566+0000] {logging_mixin.py:188} INFO - [2025-09-19T04:09:38.565+0000] {dag.py:3823} INFO - Setting next_dagrun for example_short_circuit_operator to 2025-09-18 00:00:00+00:00, run_after=2025-09-19 00:00:00+00:00
[2025-09-19T04:09:38.606+0000] {processor.py:183} INFO - Processing /home/airflow/.local/lib/python3.8/site-packages/airflow/example_dags/example_short_circuit_operator.py took 0.146 seconds
[2025-09-19T04:10:08.992+0000] {processor.py:161} INFO - Started process (PID=438) to work on /home/airflow/.local/lib/python3.8/site-packages/airflow/example_dags/example_short_circuit_operator.py
[2025-09-19T04:10:08.994+0000] {processor.py:830} INFO - Processing file /home/airflow/.local/lib/python3.8/site-packages/airflow/example_dags/example_short_circuit_operator.py for tasks to queue
[2025-09-19T04:10:08.998+0000] {logging_mixin.py:188} INFO - [2025-09-19T04:10:08.997+0000] {dagbag.py:538} INFO - Filling up the DagBag from /home/airflow/.local/lib/python3.8/site-packages/airflow/example_dags/example_short_circuit_operator.py
[2025-09-19T04:10:09.012+0000] {processor.py:840} INFO - DAG(s) 'example_short_circuit_operator' retrieved from /home/airflow/.local/lib/python3.8/site-packages/airflow/example_dags/example_short_circuit_operator.py
[2025-09-19T04:10:09.065+0000] {logging_mixin.py:188} INFO - [2025-09-19T04:10:09.065+0000] {dag.py:3036} INFO - Sync 1 DAGs
[2025-09-19T04:10:09.107+0000] {logging_mixin.py:188} INFO - [2025-09-19T04:10:09.107+0000] {dag.py:3823} INFO - Setting next_dagrun for example_short_circuit_operator to 2025-09-18 00:00:00+00:00, run_after=2025-09-19 00:00:00+00:00
[2025-09-19T04:10:09.149+0000] {processor.py:183} INFO - Processing /home/airflow/.local/lib/python3.8/site-packages/airflow/example_dags/example_short_circuit_operator.py took 0.163 seconds
[2025-09-19T04:10:39.775+0000] {processor.py:161} INFO - Started process (PID=493) to work on /home/airflow/.local/lib/python3.8/site-packages/airflow/example_dags/example_short_circuit_operator.py
[2025-09-19T04:10:39.778+0000] {processor.py:830} INFO - Processing file /home/airflow/.local/lib/python3.8/site-packages/airflow/example_dags/example_short_circuit_operator.py for tasks to queue
[2025-09-19T04:10:39.783+0000] {logging_mixin.py:188} INFO - [2025-09-19T04:10:39.782+0000] {dagbag.py:538} INFO - Filling up the DagBag from /home/airflow/.local/lib/python3.8/site-packages/airflow/example_dags/example_short_circuit_operator.py
[2025-09-19T04:10:39.798+0000] {processor.py:840} INFO - DAG(s) 'example_short_circuit_operator' retrieved from /home/airflow/.local/lib/python3.8/site-packages/airflow/example_dags/example_short_circuit_operator.py
[2025-09-19T04:10:39.852+0000] {logging_mixin.py:188} INFO - [2025-09-19T04:10:39.852+0000] {dag.py:3036} INFO - Sync 1 DAGs
[2025-09-19T04:10:39.901+0000] {logging_mixin.py:188} INFO - [2025-09-19T04:10:39.901+0000] {dag.py:3823} INFO - Setting next_dagrun for example_short_circuit_operator to 2025-09-18 00:00:00+00:00, run_after=2025-09-19 00:00:00+00:00
[2025-09-19T04:10:39.942+0000] {processor.py:183} INFO - Processing /home/airflow/.local/lib/python3.8/site-packages/airflow/example_dags/example_short_circuit_operator.py took 0.173 seconds
[2025-09-19T04:11:10.154+0000] {processor.py:161} INFO - Started process (PID=547) to work on /home/airflow/.local/lib/python3.8/site-packages/airflow/example_dags/example_short_circuit_operator.py
[2025-09-19T04:11:10.156+0000] {processor.py:830} INFO - Processing file /home/airflow/.local/lib/python3.8/site-packages/airflow/example_dags/example_short_circuit_operator.py for tasks to queue
[2025-09-19T04:11:10.159+0000] {logging_mixin.py:188} INFO - [2025-09-19T04:11:10.159+0000] {dagbag.py:538} INFO - Filling up the DagBag from /home/airflow/.local/lib/python3.8/site-packages/airflow/example_dags/example_short_circuit_operator.py
[2025-09-19T04:11:10.174+0000] {processor.py:840} INFO - DAG(s) 'example_short_circuit_operator' retrieved from /home/airflow/.local/lib/python3.8/site-packages/airflow/example_dags/example_short_circuit_operator.py
[2025-09-19T04:11:10.226+0000] {logging_mixin.py:188} INFO - [2025-09-19T04:11:10.226+0000] {dag.py:3036} INFO - Sync 1 DAGs
[2025-09-19T04:11:10.270+0000] {logging_mixin.py:188} INFO - [2025-09-19T04:11:10.270+0000] {dag.py:3823} INFO - Setting next_dagrun for example_short_circuit_operator to 2025-09-18 00:00:00+00:00, run_after=2025-09-19 00:00:00+00:00
[2025-09-19T04:11:10.320+0000] {processor.py:183} INFO - Processing /home/airflow/.local/lib/python3.8/site-packages/airflow/example_dags/example_short_circuit_operator.py took 0.172 seconds
[2025-09-19T04:11:40.833+0000] {processor.py:161} INFO - Started process (PID=602) to work on /home/airflow/.local/lib/python3.8/site-packages/airflow/example_dags/example_short_circuit_operator.py
[2025-09-19T04:11:40.835+0000] {processor.py:830} INFO - Processing file /home/airflow/.local/lib/python3.8/site-packages/airflow/example_dags/example_short_circuit_operator.py for tasks to queue
[2025-09-19T04:11:40.840+0000] {logging_mixin.py:188} INFO - [2025-09-19T04:11:40.839+0000] {dagbag.py:538} INFO - Filling up the DagBag from /home/airflow/.local/lib/python3.8/site-packages/airflow/example_dags/example_short_circuit_operator.py
[2025-09-19T04:11:40.858+0000] {processor.py:840} INFO - DAG(s) 'example_short_circuit_operator' retrieved from /home/airflow/.local/lib/python3.8/site-packages/airflow/example_dags/example_short_circuit_operator.py
[2025-09-19T04:11:40.912+0000] {logging_mixin.py:188} INFO - [2025-09-19T04:11:40.911+0000] {dag.py:3036} INFO - Sync 1 DAGs
[2025-09-19T04:11:40.956+0000] {logging_mixin.py:188} INFO - [2025-09-19T04:11:40.955+0000] {dag.py:3823} INFO - Setting next_dagrun for example_short_circuit_operator to 2025-09-18 00:00:00+00:00, run_after=2025-09-19 00:00:00+00:00
[2025-09-19T04:11:40.993+0000] {processor.py:183} INFO - Processing /home/airflow/.local/lib/python3.8/site-packages/airflow/example_dags/example_short_circuit_operator.py took 0.167 seconds
[2025-09-19T04:12:11.292+0000] {processor.py:161} INFO - Started process (PID=657) to work on /home/airflow/.local/lib/python3.8/site-packages/airflow/example_dags/example_short_circuit_operator.py
[2025-09-19T04:12:11.293+0000] {processor.py:830} INFO - Processing file /home/airflow/.local/lib/python3.8/site-packages/airflow/example_dags/example_short_circuit_operator.py for tasks to queue
[2025-09-19T04:12:11.297+0000] {logging_mixin.py:188} INFO - [2025-09-19T04:12:11.296+0000] {dagbag.py:538} INFO - Filling up the DagBag from /home/airflow/.local/lib/python3.8/site-packages/airflow/example_dags/example_short_circuit_operator.py
[2025-09-19T04:12:11.311+0000] {processor.py:840} INFO - DAG(s) 'example_short_circuit_operator' retrieved from /home/airflow/.local/lib/python3.8/site-packages/airflow/example_dags/example_short_circuit_operator.py
[2025-09-19T04:12:11.355+0000] {logging_mixin.py:188} INFO - [2025-09-19T04:12:11.354+0000] {dag.py:3036} INFO - Sync 1 DAGs
[2025-09-19T04:12:11.399+0000] {logging_mixin.py:188} INFO - [2025-09-19T04:12:11.398+0000] {dag.py:3823} INFO - Setting next_dagrun for example_short_circuit_operator to 2025-09-18 00:00:00+00:00, run_after=2025-09-19 00:00:00+00:00
[2025-09-19T04:12:11.438+0000] {processor.py:183} INFO - Processing /home/airflow/.local/lib/python3.8/site-packages/airflow/example_dags/example_short_circuit_operator.py took 0.152 seconds
[2025-09-19T04:12:41.944+0000] {processor.py:161} INFO - Started process (PID=712) to work on /home/airflow/.local/lib/python3.8/site-packages/airflow/example_dags/example_short_circuit_operator.py
[2025-09-19T04:12:41.946+0000] {processor.py:830} INFO - Processing file /home/airflow/.local/lib/python3.8/site-packages/airflow/example_dags/example_short_circuit_operator.py for tasks to queue
[2025-09-19T04:12:41.949+0000] {logging_mixin.py:188} INFO - [2025-09-19T04:12:41.949+0000] {dagbag.py:538} INFO - Filling up the DagBag from /home/airflow/.local/lib/python3.8/site-packages/airflow/example_dags/example_short_circuit_operator.py
[2025-09-19T04:12:41.965+0000] {processor.py:840} INFO - DAG(s) 'example_short_circuit_operator' retrieved from /home/airflow/.local/lib/python3.8/site-packages/airflow/example_dags/example_short_circuit_operator.py
[2025-09-19T04:12:42.012+0000] {logging_mixin.py:188} INFO - [2025-09-19T04:12:42.012+0000] {dag.py:3036} INFO - Sync 1 DAGs
[2025-09-19T04:12:42.053+0000] {logging_mixin.py:188} INFO - [2025-09-19T04:12:42.053+0000] {dag.py:3823} INFO - Setting next_dagrun for example_short_circuit_operator to 2025-09-18 00:00:00+00:00, run_after=2025-09-19 00:00:00+00:00
[2025-09-19T04:12:42.092+0000] {processor.py:183} INFO - Processing /home/airflow/.local/lib/python3.8/site-packages/airflow/example_dags/example_short_circuit_operator.py took 0.154 seconds
[2025-09-19T04:13:12.639+0000] {processor.py:161} INFO - Started process (PID=767) to work on /home/airflow/.local/lib/python3.8/site-packages/airflow/example_dags/example_short_circuit_operator.py
[2025-09-19T04:13:12.643+0000] {processor.py:830} INFO - Processing file /home/airflow/.local/lib/python3.8/site-packages/airflow/example_dags/example_short_circuit_operator.py for tasks to queue
[2025-09-19T04:13:12.647+0000] {logging_mixin.py:188} INFO - [2025-09-19T04:13:12.646+0000] {dagbag.py:538} INFO - Filling up the DagBag from /home/airflow/.local/lib/python3.8/site-packages/airflow/example_dags/example_short_circuit_operator.py
[2025-09-19T04:13:12.664+0000] {processor.py:840} INFO - DAG(s) 'example_short_circuit_operator' retrieved from /home/airflow/.local/lib/python3.8/site-packages/airflow/example_dags/example_short_circuit_operator.py
[2025-09-19T04:13:12.717+0000] {logging_mixin.py:188} INFO - [2025-09-19T04:13:12.717+0000] {dag.py:3036} INFO - Sync 1 DAGs
[2025-09-19T04:13:12.769+0000] {logging_mixin.py:188} INFO - [2025-09-19T04:13:12.768+0000] {dag.py:3823} INFO - Setting next_dagrun for example_short_circuit_operator to 2025-09-18 00:00:00+00:00, run_after=2025-09-19 00:00:00+00:00
[2025-09-19T04:13:12.812+0000] {processor.py:183} INFO - Processing /home/airflow/.local/lib/python3.8/site-packages/airflow/example_dags/example_short_circuit_operator.py took 0.181 seconds
[2025-09-19T04:13:43.478+0000] {processor.py:161} INFO - Started process (PID=822) to work on /home/airflow/.local/lib/python3.8/site-packages/airflow/example_dags/example_short_circuit_operator.py
[2025-09-19T04:13:43.480+0000] {processor.py:830} INFO - Processing file /home/airflow/.local/lib/python3.8/site-packages/airflow/example_dags/example_short_circuit_operator.py for tasks to queue
[2025-09-19T04:13:43.483+0000] {logging_mixin.py:188} INFO - [2025-09-19T04:13:43.483+0000] {dagbag.py:538} INFO - Filling up the DagBag from /home/airflow/.local/lib/python3.8/site-packages/airflow/example_dags/example_short_circuit_operator.py
[2025-09-19T04:13:43.498+0000] {processor.py:840} INFO - DAG(s) 'example_short_circuit_operator' retrieved from /home/airflow/.local/lib/python3.8/site-packages/airflow/example_dags/example_short_circuit_operator.py
[2025-09-19T04:13:43.543+0000] {logging_mixin.py:188} INFO - [2025-09-19T04:13:43.542+0000] {dag.py:3036} INFO - Sync 1 DAGs
[2025-09-19T04:13:43.585+0000] {logging_mixin.py:188} INFO - [2025-09-19T04:13:43.585+0000] {dag.py:3823} INFO - Setting next_dagrun for example_short_circuit_operator to 2025-09-18 00:00:00+00:00, run_after=2025-09-19 00:00:00+00:00
[2025-09-19T04:13:43.626+0000] {processor.py:183} INFO - Processing /home/airflow/.local/lib/python3.8/site-packages/airflow/example_dags/example_short_circuit_operator.py took 0.154 seconds
[2025-09-19T04:14:13.727+0000] {processor.py:161} INFO - Started process (PID=877) to work on /home/airflow/.local/lib/python3.8/site-packages/airflow/example_dags/example_short_circuit_operator.py
[2025-09-19T04:14:13.729+0000] {processor.py:830} INFO - Processing file /home/airflow/.local/lib/python3.8/site-packages/airflow/example_dags/example_short_circuit_operator.py for tasks to queue
[2025-09-19T04:14:13.733+0000] {logging_mixin.py:188} INFO - [2025-09-19T04:14:13.732+0000] {dagbag.py:538} INFO - Filling up the DagBag from /home/airflow/.local/lib/python3.8/site-packages/airflow/example_dags/example_short_circuit_operator.py
[2025-09-19T04:14:13.747+0000] {processor.py:840} INFO - DAG(s) 'example_short_circuit_operator' retrieved from /home/airflow/.local/lib/python3.8/site-packages/airflow/example_dags/example_short_circuit_operator.py
[2025-09-19T04:14:13.788+0000] {logging_mixin.py:188} INFO - [2025-09-19T04:14:13.787+0000] {dag.py:3036} INFO - Sync 1 DAGs
[2025-09-19T04:14:13.826+0000] {logging_mixin.py:188} INFO - [2025-09-19T04:14:13.825+0000] {dag.py:3823} INFO - Setting next_dagrun for example_short_circuit_operator to 2025-09-18 00:00:00+00:00, run_after=2025-09-19 00:00:00+00:00
[2025-09-19T04:14:13.862+0000] {processor.py:183} INFO - Processing /home/airflow/.local/lib/python3.8/site-packages/airflow/example_dags/example_short_circuit_operator.py took 0.140 seconds
[2025-09-19T04:14:44.319+0000] {processor.py:161} INFO - Started process (PID=932) to work on /home/airflow/.local/lib/python3.8/site-packages/airflow/example_dags/example_short_circuit_operator.py
[2025-09-19T04:14:44.321+0000] {processor.py:830} INFO - Processing file /home/airflow/.local/lib/python3.8/site-packages/airflow/example_dags/example_short_circuit_operator.py for tasks to queue
[2025-09-19T04:14:44.325+0000] {logging_mixin.py:188} INFO - [2025-09-19T04:14:44.324+0000] {dagbag.py:538} INFO - Filling up the DagBag from /home/airflow/.local/lib/python3.8/site-packages/airflow/example_dags/example_short_circuit_operator.py
[2025-09-19T04:14:44.356+0000] {processor.py:840} INFO - DAG(s) 'example_short_circuit_operator' retrieved from /home/airflow/.local/lib/python3.8/site-packages/airflow/example_dags/example_short_circuit_operator.py
[2025-09-19T04:14:44.411+0000] {logging_mixin.py:188} INFO - [2025-09-19T04:14:44.410+0000] {dag.py:3036} INFO - Sync 1 DAGs
[2025-09-19T04:14:44.457+0000] {logging_mixin.py:188} INFO - [2025-09-19T04:14:44.456+0000] {dag.py:3823} INFO - Setting next_dagrun for example_short_circuit_operator to 2025-09-18 00:00:00+00:00, run_after=2025-09-19 00:00:00+00:00
[2025-09-19T04:14:44.520+0000] {processor.py:183} INFO - Processing /home/airflow/.local/lib/python3.8/site-packages/airflow/example_dags/example_short_circuit_operator.py took 0.208 seconds
[2025-09-19T04:15:15.064+0000] {processor.py:161} INFO - Started process (PID=987) to work on /home/airflow/.local/lib/python3.8/site-packages/airflow/example_dags/example_short_circuit_operator.py
[2025-09-19T04:15:15.066+0000] {processor.py:830} INFO - Processing file /home/airflow/.local/lib/python3.8/site-packages/airflow/example_dags/example_short_circuit_operator.py for tasks to queue
[2025-09-19T04:15:15.069+0000] {logging_mixin.py:188} INFO - [2025-09-19T04:15:15.068+0000] {dagbag.py:538} INFO - Filling up the DagBag from /home/airflow/.local/lib/python3.8/site-packages/airflow/example_dags/example_short_circuit_operator.py
[2025-09-19T04:15:15.083+0000] {processor.py:840} INFO - DAG(s) 'example_short_circuit_operator' retrieved from /home/airflow/.local/lib/python3.8/site-packages/airflow/example_dags/example_short_circuit_operator.py
[2025-09-19T04:15:15.124+0000] {logging_mixin.py:188} INFO - [2025-09-19T04:15:15.124+0000] {dag.py:3036} INFO - Sync 1 DAGs
[2025-09-19T04:15:15.162+0000] {logging_mixin.py:188} INFO - [2025-09-19T04:15:15.162+0000] {dag.py:3823} INFO - Setting next_dagrun for example_short_circuit_operator to 2025-09-18 00:00:00+00:00, run_after=2025-09-19 00:00:00+00:00
[2025-09-19T04:15:15.200+0000] {processor.py:183} INFO - Processing /home/airflow/.local/lib/python3.8/site-packages/airflow/example_dags/example_short_circuit_operator.py took 0.141 seconds
[2025-09-19T04:15:45.595+0000] {processor.py:161} INFO - Started process (PID=1042) to work on /home/airflow/.local/lib/python3.8/site-packages/airflow/example_dags/example_short_circuit_operator.py
[2025-09-19T04:15:45.597+0000] {processor.py:830} INFO - Processing file /home/airflow/.local/lib/python3.8/site-packages/airflow/example_dags/example_short_circuit_operator.py for tasks to queue
[2025-09-19T04:15:45.600+0000] {logging_mixin.py:188} INFO - [2025-09-19T04:15:45.600+0000] {dagbag.py:538} INFO - Filling up the DagBag from /home/airflow/.local/lib/python3.8/site-packages/airflow/example_dags/example_short_circuit_operator.py
[2025-09-19T04:15:45.613+0000] {processor.py:840} INFO - DAG(s) 'example_short_circuit_operator' retrieved from /home/airflow/.local/lib/python3.8/site-packages/airflow/example_dags/example_short_circuit_operator.py
[2025-09-19T04:15:45.656+0000] {logging_mixin.py:188} INFO - [2025-09-19T04:15:45.655+0000] {dag.py:3036} INFO - Sync 1 DAGs
[2025-09-19T04:15:45.695+0000] {logging_mixin.py:188} INFO - [2025-09-19T04:15:45.694+0000] {dag.py:3823} INFO - Setting next_dagrun for example_short_circuit_operator to 2025-09-18 00:00:00+00:00, run_after=2025-09-19 00:00:00+00:00
[2025-09-19T04:15:45.734+0000] {processor.py:183} INFO - Processing /home/airflow/.local/lib/python3.8/site-packages/airflow/example_dags/example_short_circuit_operator.py took 0.145 seconds
[2025-09-19T04:16:15.921+0000] {processor.py:161} INFO - Started process (PID=1097) to work on /home/airflow/.local/lib/python3.8/site-packages/airflow/example_dags/example_short_circuit_operator.py
[2025-09-19T04:16:15.923+0000] {processor.py:830} INFO - Processing file /home/airflow/.local/lib/python3.8/site-packages/airflow/example_dags/example_short_circuit_operator.py for tasks to queue
[2025-09-19T04:16:15.927+0000] {logging_mixin.py:188} INFO - [2025-09-19T04:16:15.926+0000] {dagbag.py:538} INFO - Filling up the DagBag from /home/airflow/.local/lib/python3.8/site-packages/airflow/example_dags/example_short_circuit_operator.py
[2025-09-19T04:16:15.940+0000] {processor.py:840} INFO - DAG(s) 'example_short_circuit_operator' retrieved from /home/airflow/.local/lib/python3.8/site-packages/airflow/example_dags/example_short_circuit_operator.py
[2025-09-19T04:16:15.982+0000] {logging_mixin.py:188} INFO - [2025-09-19T04:16:15.981+0000] {dag.py:3036} INFO - Sync 1 DAGs
[2025-09-19T04:16:16.025+0000] {logging_mixin.py:188} INFO - [2025-09-19T04:16:16.024+0000] {dag.py:3823} INFO - Setting next_dagrun for example_short_circuit_operator to 2025-09-18 00:00:00+00:00, run_after=2025-09-19 00:00:00+00:00
[2025-09-19T04:16:16.060+0000] {processor.py:183} INFO - Processing /home/airflow/.local/lib/python3.8/site-packages/airflow/example_dags/example_short_circuit_operator.py took 0.143 seconds
[2025-09-19T04:16:46.457+0000] {processor.py:161} INFO - Started process (PID=1152) to work on /home/airflow/.local/lib/python3.8/site-packages/airflow/example_dags/example_short_circuit_operator.py
[2025-09-19T04:16:46.459+0000] {processor.py:830} INFO - Processing file /home/airflow/.local/lib/python3.8/site-packages/airflow/example_dags/example_short_circuit_operator.py for tasks to queue
[2025-09-19T04:16:46.463+0000] {logging_mixin.py:188} INFO - [2025-09-19T04:16:46.462+0000] {dagbag.py:538} INFO - Filling up the DagBag from /home/airflow/.local/lib/python3.8/site-packages/airflow/example_dags/example_short_circuit_operator.py
[2025-09-19T04:16:46.476+0000] {processor.py:840} INFO - DAG(s) 'example_short_circuit_operator' retrieved from /home/airflow/.local/lib/python3.8/site-packages/airflow/example_dags/example_short_circuit_operator.py
[2025-09-19T04:16:46.525+0000] {logging_mixin.py:188} INFO - [2025-09-19T04:16:46.525+0000] {dag.py:3036} INFO - Sync 1 DAGs
[2025-09-19T04:16:46.575+0000] {logging_mixin.py:188} INFO - [2025-09-19T04:16:46.575+0000] {dag.py:3823} INFO - Setting next_dagrun for example_short_circuit_operator to 2025-09-18 00:00:00+00:00, run_after=2025-09-19 00:00:00+00:00
[2025-09-19T04:16:46.620+0000] {processor.py:183} INFO - Processing /home/airflow/.local/lib/python3.8/site-packages/airflow/example_dags/example_short_circuit_operator.py took 0.168 seconds
[2025-09-19T04:17:17.024+0000] {processor.py:161} INFO - Started process (PID=1207) to work on /home/airflow/.local/lib/python3.8/site-packages/airflow/example_dags/example_short_circuit_operator.py
[2025-09-19T04:17:17.026+0000] {processor.py:830} INFO - Processing file /home/airflow/.local/lib/python3.8/site-packages/airflow/example_dags/example_short_circuit_operator.py for tasks to queue
[2025-09-19T04:17:17.029+0000] {logging_mixin.py:188} INFO - [2025-09-19T04:17:17.028+0000] {dagbag.py:538} INFO - Filling up the DagBag from /home/airflow/.local/lib/python3.8/site-packages/airflow/example_dags/example_short_circuit_operator.py
[2025-09-19T04:17:17.042+0000] {processor.py:840} INFO - DAG(s) 'example_short_circuit_operator' retrieved from /home/airflow/.local/lib/python3.8/site-packages/airflow/example_dags/example_short_circuit_operator.py
[2025-09-19T04:17:17.092+0000] {logging_mixin.py:188} INFO - [2025-09-19T04:17:17.092+0000] {dag.py:3036} INFO - Sync 1 DAGs
[2025-09-19T04:17:17.133+0000] {logging_mixin.py:188} INFO - [2025-09-19T04:17:17.133+0000] {dag.py:3823} INFO - Setting next_dagrun for example_short_circuit_operator to 2025-09-18 00:00:00+00:00, run_after=2025-09-19 00:00:00+00:00
[2025-09-19T04:17:17.176+0000] {processor.py:183} INFO - Processing /home/airflow/.local/lib/python3.8/site-packages/airflow/example_dags/example_short_circuit_operator.py took 0.157 seconds
[2025-09-19T04:17:47.693+0000] {processor.py:161} INFO - Started process (PID=1262) to work on /home/airflow/.local/lib/python3.8/site-packages/airflow/example_dags/example_short_circuit_operator.py
[2025-09-19T04:17:47.695+0000] {processor.py:830} INFO - Processing file /home/airflow/.local/lib/python3.8/site-packages/airflow/example_dags/example_short_circuit_operator.py for tasks to queue
[2025-09-19T04:17:47.698+0000] {logging_mixin.py:188} INFO - [2025-09-19T04:17:47.698+0000] {dagbag.py:538} INFO - Filling up the DagBag from /home/airflow/.local/lib/python3.8/site-packages/airflow/example_dags/example_short_circuit_operator.py
[2025-09-19T04:17:47.712+0000] {processor.py:840} INFO - DAG(s) 'example_short_circuit_operator' retrieved from /home/airflow/.local/lib/python3.8/site-packages/airflow/example_dags/example_short_circuit_operator.py
[2025-09-19T04:17:47.752+0000] {logging_mixin.py:188} INFO - [2025-09-19T04:17:47.751+0000] {dag.py:3036} INFO - Sync 1 DAGs
[2025-09-19T04:17:47.791+0000] {logging_mixin.py:188} INFO - [2025-09-19T04:17:47.791+0000] {dag.py:3823} INFO - Setting next_dagrun for example_short_circuit_operator to 2025-09-18 00:00:00+00:00, run_after=2025-09-19 00:00:00+00:00
[2025-09-19T04:17:47.829+0000] {processor.py:183} INFO - Processing /home/airflow/.local/lib/python3.8/site-packages/airflow/example_dags/example_short_circuit_operator.py took 0.141 seconds
[2025-09-19T04:18:18.229+0000] {processor.py:161} INFO - Started process (PID=1317) to work on /home/airflow/.local/lib/python3.8/site-packages/airflow/example_dags/example_short_circuit_operator.py
[2025-09-19T04:18:18.231+0000] {processor.py:830} INFO - Processing file /home/airflow/.local/lib/python3.8/site-packages/airflow/example_dags/example_short_circuit_operator.py for tasks to queue
[2025-09-19T04:18:18.234+0000] {logging_mixin.py:188} INFO - [2025-09-19T04:18:18.234+0000] {dagbag.py:538} INFO - Filling up the DagBag from /home/airflow/.local/lib/python3.8/site-packages/airflow/example_dags/example_short_circuit_operator.py
[2025-09-19T04:18:18.247+0000] {processor.py:840} INFO - DAG(s) 'example_short_circuit_operator' retrieved from /home/airflow/.local/lib/python3.8/site-packages/airflow/example_dags/example_short_circuit_operator.py
[2025-09-19T04:18:18.286+0000] {logging_mixin.py:188} INFO - [2025-09-19T04:18:18.286+0000] {dag.py:3036} INFO - Sync 1 DAGs
[2025-09-19T04:18:18.325+0000] {logging_mixin.py:188} INFO - [2025-09-19T04:18:18.325+0000] {dag.py:3823} INFO - Setting next_dagrun for example_short_circuit_operator to 2025-09-18 00:00:00+00:00, run_after=2025-09-19 00:00:00+00:00
[2025-09-19T04:18:18.361+0000] {processor.py:183} INFO - Processing /home/airflow/.local/lib/python3.8/site-packages/airflow/example_dags/example_short_circuit_operator.py took 0.138 seconds
[2025-09-19T04:18:48.842+0000] {processor.py:161} INFO - Started process (PID=1372) to work on /home/airflow/.local/lib/python3.8/site-packages/airflow/example_dags/example_short_circuit_operator.py
[2025-09-19T04:18:48.844+0000] {processor.py:830} INFO - Processing file /home/airflow/.local/lib/python3.8/site-packages/airflow/example_dags/example_short_circuit_operator.py for tasks to queue
[2025-09-19T04:18:48.847+0000] {logging_mixin.py:188} INFO - [2025-09-19T04:18:48.847+0000] {dagbag.py:538} INFO - Filling up the DagBag from /home/airflow/.local/lib/python3.8/site-packages/airflow/example_dags/example_short_circuit_operator.py
[2025-09-19T04:18:48.861+0000] {processor.py:840} INFO - DAG(s) 'example_short_circuit_operator' retrieved from /home/airflow/.local/lib/python3.8/site-packages/airflow/example_dags/example_short_circuit_operator.py
[2025-09-19T04:18:48.901+0000] {logging_mixin.py:188} INFO - [2025-09-19T04:18:48.900+0000] {dag.py:3036} INFO - Sync 1 DAGs
[2025-09-19T04:18:48.938+0000] {logging_mixin.py:188} INFO - [2025-09-19T04:18:48.938+0000] {dag.py:3823} INFO - Setting next_dagrun for example_short_circuit_operator to 2025-09-18 00:00:00+00:00, run_after=2025-09-19 00:00:00+00:00
[2025-09-19T04:18:48.978+0000] {processor.py:183} INFO - Processing /home/airflow/.local/lib/python3.8/site-packages/airflow/example_dags/example_short_circuit_operator.py took 0.140 seconds
[2025-09-19T04:19:19.223+0000] {processor.py:161} INFO - Started process (PID=1427) to work on /home/airflow/.local/lib/python3.8/site-packages/airflow/example_dags/example_short_circuit_operator.py
[2025-09-19T04:19:19.225+0000] {processor.py:830} INFO - Processing file /home/airflow/.local/lib/python3.8/site-packages/airflow/example_dags/example_short_circuit_operator.py for tasks to queue
[2025-09-19T04:19:19.228+0000] {logging_mixin.py:188} INFO - [2025-09-19T04:19:19.227+0000] {dagbag.py:538} INFO - Filling up the DagBag from /home/airflow/.local/lib/python3.8/site-packages/airflow/example_dags/example_short_circuit_operator.py
[2025-09-19T04:19:19.242+0000] {processor.py:840} INFO - DAG(s) 'example_short_circuit_operator' retrieved from /home/airflow/.local/lib/python3.8/site-packages/airflow/example_dags/example_short_circuit_operator.py
[2025-09-19T04:19:19.284+0000] {logging_mixin.py:188} INFO - [2025-09-19T04:19:19.284+0000] {dag.py:3036} INFO - Sync 1 DAGs
[2025-09-19T04:19:19.325+0000] {logging_mixin.py:188} INFO - [2025-09-19T04:19:19.325+0000] {dag.py:3823} INFO - Setting next_dagrun for example_short_circuit_operator to 2025-09-18 00:00:00+00:00, run_after=2025-09-19 00:00:00+00:00
[2025-09-19T04:19:19.359+0000] {processor.py:183} INFO - Processing /home/airflow/.local/lib/python3.8/site-packages/airflow/example_dags/example_short_circuit_operator.py took 0.142 seconds
[2025-09-19T04:19:49.931+0000] {processor.py:161} INFO - Started process (PID=1482) to work on /home/airflow/.local/lib/python3.8/site-packages/airflow/example_dags/example_short_circuit_operator.py
[2025-09-19T04:19:49.933+0000] {processor.py:830} INFO - Processing file /home/airflow/.local/lib/python3.8/site-packages/airflow/example_dags/example_short_circuit_operator.py for tasks to queue
[2025-09-19T04:19:49.937+0000] {logging_mixin.py:188} INFO - [2025-09-19T04:19:49.936+0000] {dagbag.py:538} INFO - Filling up the DagBag from /home/airflow/.local/lib/python3.8/site-packages/airflow/example_dags/example_short_circuit_operator.py
[2025-09-19T04:19:49.951+0000] {processor.py:840} INFO - DAG(s) 'example_short_circuit_operator' retrieved from /home/airflow/.local/lib/python3.8/site-packages/airflow/example_dags/example_short_circuit_operator.py
[2025-09-19T04:19:49.993+0000] {logging_mixin.py:188} INFO - [2025-09-19T04:19:49.992+0000] {dag.py:3036} INFO - Sync 1 DAGs
[2025-09-19T04:19:50.034+0000] {logging_mixin.py:188} INFO - [2025-09-19T04:19:50.034+0000] {dag.py:3823} INFO - Setting next_dagrun for example_short_circuit_operator to 2025-09-18 00:00:00+00:00, run_after=2025-09-19 00:00:00+00:00
[2025-09-19T04:19:50.077+0000] {processor.py:183} INFO - Processing /home/airflow/.local/lib/python3.8/site-packages/airflow/example_dags/example_short_circuit_operator.py took 0.152 seconds
[2025-09-19T04:20:20.561+0000] {processor.py:161} INFO - Started process (PID=1537) to work on /home/airflow/.local/lib/python3.8/site-packages/airflow/example_dags/example_short_circuit_operator.py
[2025-09-19T04:20:20.562+0000] {processor.py:830} INFO - Processing file /home/airflow/.local/lib/python3.8/site-packages/airflow/example_dags/example_short_circuit_operator.py for tasks to queue
[2025-09-19T04:20:20.566+0000] {logging_mixin.py:188} INFO - [2025-09-19T04:20:20.565+0000] {dagbag.py:538} INFO - Filling up the DagBag from /home/airflow/.local/lib/python3.8/site-packages/airflow/example_dags/example_short_circuit_operator.py
[2025-09-19T04:20:20.579+0000] {processor.py:840} INFO - DAG(s) 'example_short_circuit_operator' retrieved from /home/airflow/.local/lib/python3.8/site-packages/airflow/example_dags/example_short_circuit_operator.py
[2025-09-19T04:20:20.619+0000] {logging_mixin.py:188} INFO - [2025-09-19T04:20:20.619+0000] {dag.py:3036} INFO - Sync 1 DAGs
[2025-09-19T04:20:20.658+0000] {logging_mixin.py:188} INFO - [2025-09-19T04:20:20.658+0000] {dag.py:3823} INFO - Setting next_dagrun for example_short_circuit_operator to 2025-09-18 00:00:00+00:00, run_after=2025-09-19 00:00:00+00:00
[2025-09-19T04:20:20.698+0000] {processor.py:183} INFO - Processing /home/airflow/.local/lib/python3.8/site-packages/airflow/example_dags/example_short_circuit_operator.py took 0.142 seconds
[2025-09-19T04:20:51.051+0000] {processor.py:161} INFO - Started process (PID=1592) to work on /home/airflow/.local/lib/python3.8/site-packages/airflow/example_dags/example_short_circuit_operator.py
[2025-09-19T04:20:51.053+0000] {processor.py:830} INFO - Processing file /home/airflow/.local/lib/python3.8/site-packages/airflow/example_dags/example_short_circuit_operator.py for tasks to queue
[2025-09-19T04:20:51.057+0000] {logging_mixin.py:188} INFO - [2025-09-19T04:20:51.056+0000] {dagbag.py:538} INFO - Filling up the DagBag from /home/airflow/.local/lib/python3.8/site-packages/airflow/example_dags/example_short_circuit_operator.py
[2025-09-19T04:20:51.071+0000] {processor.py:840} INFO - DAG(s) 'example_short_circuit_operator' retrieved from /home/airflow/.local/lib/python3.8/site-packages/airflow/example_dags/example_short_circuit_operator.py
[2025-09-19T04:20:51.112+0000] {logging_mixin.py:188} INFO - [2025-09-19T04:20:51.111+0000] {dag.py:3036} INFO - Sync 1 DAGs
[2025-09-19T04:20:51.154+0000] {logging_mixin.py:188} INFO - [2025-09-19T04:20:51.154+0000] {dag.py:3823} INFO - Setting next_dagrun for example_short_circuit_operator to 2025-09-18 00:00:00+00:00, run_after=2025-09-19 00:00:00+00:00
[2025-09-19T04:20:51.194+0000] {processor.py:183} INFO - Processing /home/airflow/.local/lib/python3.8/site-packages/airflow/example_dags/example_short_circuit_operator.py took 0.149 seconds
[2025-09-19T04:21:21.544+0000] {processor.py:161} INFO - Started process (PID=1647) to work on /home/airflow/.local/lib/python3.8/site-packages/airflow/example_dags/example_short_circuit_operator.py
[2025-09-19T04:21:21.546+0000] {processor.py:830} INFO - Processing file /home/airflow/.local/lib/python3.8/site-packages/airflow/example_dags/example_short_circuit_operator.py for tasks to queue
[2025-09-19T04:21:21.549+0000] {logging_mixin.py:188} INFO - [2025-09-19T04:21:21.549+0000] {dagbag.py:538} INFO - Filling up the DagBag from /home/airflow/.local/lib/python3.8/site-packages/airflow/example_dags/example_short_circuit_operator.py
[2025-09-19T04:21:21.562+0000] {processor.py:840} INFO - DAG(s) 'example_short_circuit_operator' retrieved from /home/airflow/.local/lib/python3.8/site-packages/airflow/example_dags/example_short_circuit_operator.py
[2025-09-19T04:21:21.604+0000] {logging_mixin.py:188} INFO - [2025-09-19T04:21:21.603+0000] {dag.py:3036} INFO - Sync 1 DAGs
[2025-09-19T04:21:21.643+0000] {logging_mixin.py:188} INFO - [2025-09-19T04:21:21.643+0000] {dag.py:3823} INFO - Setting next_dagrun for example_short_circuit_operator to 2025-09-18 00:00:00+00:00, run_after=2025-09-19 00:00:00+00:00
[2025-09-19T04:21:21.680+0000] {processor.py:183} INFO - Processing /home/airflow/.local/lib/python3.8/site-packages/airflow/example_dags/example_short_circuit_operator.py took 0.141 seconds
[2025-09-19T04:21:51.977+0000] {processor.py:161} INFO - Started process (PID=1702) to work on /home/airflow/.local/lib/python3.8/site-packages/airflow/example_dags/example_short_circuit_operator.py
[2025-09-19T04:21:51.979+0000] {processor.py:830} INFO - Processing file /home/airflow/.local/lib/python3.8/site-packages/airflow/example_dags/example_short_circuit_operator.py for tasks to queue
[2025-09-19T04:21:51.982+0000] {logging_mixin.py:188} INFO - [2025-09-19T04:21:51.982+0000] {dagbag.py:538} INFO - Filling up the DagBag from /home/airflow/.local/lib/python3.8/site-packages/airflow/example_dags/example_short_circuit_operator.py
[2025-09-19T04:21:51.996+0000] {processor.py:840} INFO - DAG(s) 'example_short_circuit_operator' retrieved from /home/airflow/.local/lib/python3.8/site-packages/airflow/example_dags/example_short_circuit_operator.py
[2025-09-19T04:21:52.035+0000] {logging_mixin.py:188} INFO - [2025-09-19T04:21:52.035+0000] {dag.py:3036} INFO - Sync 1 DAGs
[2025-09-19T04:21:52.076+0000] {logging_mixin.py:188} INFO - [2025-09-19T04:21:52.076+0000] {dag.py:3823} INFO - Setting next_dagrun for example_short_circuit_operator to 2025-09-18 00:00:00+00:00, run_after=2025-09-19 00:00:00+00:00
[2025-09-19T04:21:52.115+0000] {processor.py:183} INFO - Processing /home/airflow/.local/lib/python3.8/site-packages/airflow/example_dags/example_short_circuit_operator.py took 0.142 seconds
[2025-09-19T04:22:22.278+0000] {processor.py:161} INFO - Started process (PID=1763) to work on /home/airflow/.local/lib/python3.8/site-packages/airflow/example_dags/example_short_circuit_operator.py
[2025-09-19T04:22:22.280+0000] {processor.py:830} INFO - Processing file /home/airflow/.local/lib/python3.8/site-packages/airflow/example_dags/example_short_circuit_operator.py for tasks to queue
[2025-09-19T04:22:22.283+0000] {logging_mixin.py:188} INFO - [2025-09-19T04:22:22.283+0000] {dagbag.py:538} INFO - Filling up the DagBag from /home/airflow/.local/lib/python3.8/site-packages/airflow/example_dags/example_short_circuit_operator.py
[2025-09-19T04:22:22.300+0000] {processor.py:840} INFO - DAG(s) 'example_short_circuit_operator' retrieved from /home/airflow/.local/lib/python3.8/site-packages/airflow/example_dags/example_short_circuit_operator.py
[2025-09-19T04:22:22.345+0000] {logging_mixin.py:188} INFO - [2025-09-19T04:22:22.345+0000] {dag.py:3036} INFO - Sync 1 DAGs
[2025-09-19T04:22:22.397+0000] {logging_mixin.py:188} INFO - [2025-09-19T04:22:22.397+0000] {dag.py:3823} INFO - Setting next_dagrun for example_short_circuit_operator to 2025-09-18 00:00:00+00:00, run_after=2025-09-19 00:00:00+00:00
[2025-09-19T04:22:22.446+0000] {processor.py:183} INFO - Processing /home/airflow/.local/lib/python3.8/site-packages/airflow/example_dags/example_short_circuit_operator.py took 0.174 seconds
[2025-09-19T04:22:52.621+0000] {processor.py:161} INFO - Started process (PID=1818) to work on /home/airflow/.local/lib/python3.8/site-packages/airflow/example_dags/example_short_circuit_operator.py
[2025-09-19T04:22:52.625+0000] {processor.py:830} INFO - Processing file /home/airflow/.local/lib/python3.8/site-packages/airflow/example_dags/example_short_circuit_operator.py for tasks to queue
[2025-09-19T04:22:52.629+0000] {logging_mixin.py:188} INFO - [2025-09-19T04:22:52.628+0000] {dagbag.py:538} INFO - Filling up the DagBag from /home/airflow/.local/lib/python3.8/site-packages/airflow/example_dags/example_short_circuit_operator.py
[2025-09-19T04:22:52.646+0000] {processor.py:840} INFO - DAG(s) 'example_short_circuit_operator' retrieved from /home/airflow/.local/lib/python3.8/site-packages/airflow/example_dags/example_short_circuit_operator.py
[2025-09-19T04:22:52.690+0000] {logging_mixin.py:188} INFO - [2025-09-19T04:22:52.689+0000] {dag.py:3036} INFO - Sync 1 DAGs
[2025-09-19T04:22:52.728+0000] {logging_mixin.py:188} INFO - [2025-09-19T04:22:52.728+0000] {dag.py:3823} INFO - Setting next_dagrun for example_short_circuit_operator to 2025-09-18 00:00:00+00:00, run_after=2025-09-19 00:00:00+00:00
[2025-09-19T04:22:52.767+0000] {processor.py:183} INFO - Processing /home/airflow/.local/lib/python3.8/site-packages/airflow/example_dags/example_short_circuit_operator.py took 0.156 seconds
[2025-09-19T04:23:23.014+0000] {processor.py:161} INFO - Started process (PID=1873) to work on /home/airflow/.local/lib/python3.8/site-packages/airflow/example_dags/example_short_circuit_operator.py
[2025-09-19T04:23:23.015+0000] {processor.py:830} INFO - Processing file /home/airflow/.local/lib/python3.8/site-packages/airflow/example_dags/example_short_circuit_operator.py for tasks to queue
[2025-09-19T04:23:23.019+0000] {logging_mixin.py:188} INFO - [2025-09-19T04:23:23.019+0000] {dagbag.py:538} INFO - Filling up the DagBag from /home/airflow/.local/lib/python3.8/site-packages/airflow/example_dags/example_short_circuit_operator.py
[2025-09-19T04:23:23.035+0000] {processor.py:840} INFO - DAG(s) 'example_short_circuit_operator' retrieved from /home/airflow/.local/lib/python3.8/site-packages/airflow/example_dags/example_short_circuit_operator.py
[2025-09-19T04:23:23.076+0000] {logging_mixin.py:188} INFO - [2025-09-19T04:23:23.075+0000] {dag.py:3036} INFO - Sync 1 DAGs
[2025-09-19T04:23:23.115+0000] {logging_mixin.py:188} INFO - [2025-09-19T04:23:23.114+0000] {dag.py:3823} INFO - Setting next_dagrun for example_short_circuit_operator to 2025-09-18 00:00:00+00:00, run_after=2025-09-19 00:00:00+00:00
[2025-09-19T04:23:23.167+0000] {processor.py:183} INFO - Processing /home/airflow/.local/lib/python3.8/site-packages/airflow/example_dags/example_short_circuit_operator.py took 0.159 seconds
[2025-09-19T04:23:53.526+0000] {processor.py:161} INFO - Started process (PID=1928) to work on /home/airflow/.local/lib/python3.8/site-packages/airflow/example_dags/example_short_circuit_operator.py
[2025-09-19T04:23:53.528+0000] {processor.py:830} INFO - Processing file /home/airflow/.local/lib/python3.8/site-packages/airflow/example_dags/example_short_circuit_operator.py for tasks to queue
[2025-09-19T04:23:53.532+0000] {logging_mixin.py:188} INFO - [2025-09-19T04:23:53.531+0000] {dagbag.py:538} INFO - Filling up the DagBag from /home/airflow/.local/lib/python3.8/site-packages/airflow/example_dags/example_short_circuit_operator.py
[2025-09-19T04:23:53.545+0000] {processor.py:840} INFO - DAG(s) 'example_short_circuit_operator' retrieved from /home/airflow/.local/lib/python3.8/site-packages/airflow/example_dags/example_short_circuit_operator.py
[2025-09-19T04:23:53.584+0000] {logging_mixin.py:188} INFO - [2025-09-19T04:23:53.584+0000] {dag.py:3036} INFO - Sync 1 DAGs
[2025-09-19T04:23:53.623+0000] {logging_mixin.py:188} INFO - [2025-09-19T04:23:53.623+0000] {dag.py:3823} INFO - Setting next_dagrun for example_short_circuit_operator to 2025-09-18 00:00:00+00:00, run_after=2025-09-19 00:00:00+00:00
[2025-09-19T04:23:53.662+0000] {processor.py:183} INFO - Processing /home/airflow/.local/lib/python3.8/site-packages/airflow/example_dags/example_short_circuit_operator.py took 0.141 seconds
[2025-09-19T04:24:24.099+0000] {processor.py:161} INFO - Started process (PID=1984) to work on /home/airflow/.local/lib/python3.8/site-packages/airflow/example_dags/example_short_circuit_operator.py
[2025-09-19T04:24:24.101+0000] {processor.py:830} INFO - Processing file /home/airflow/.local/lib/python3.8/site-packages/airflow/example_dags/example_short_circuit_operator.py for tasks to queue
[2025-09-19T04:24:24.105+0000] {logging_mixin.py:188} INFO - [2025-09-19T04:24:24.104+0000] {dagbag.py:538} INFO - Filling up the DagBag from /home/airflow/.local/lib/python3.8/site-packages/airflow/example_dags/example_short_circuit_operator.py
[2025-09-19T04:24:24.118+0000] {processor.py:840} INFO - DAG(s) 'example_short_circuit_operator' retrieved from /home/airflow/.local/lib/python3.8/site-packages/airflow/example_dags/example_short_circuit_operator.py
[2025-09-19T04:24:24.162+0000] {logging_mixin.py:188} INFO - [2025-09-19T04:24:24.161+0000] {dag.py:3036} INFO - Sync 1 DAGs
[2025-09-19T04:24:24.203+0000] {logging_mixin.py:188} INFO - [2025-09-19T04:24:24.202+0000] {dag.py:3823} INFO - Setting next_dagrun for example_short_circuit_operator to 2025-09-18 00:00:00+00:00, run_after=2025-09-19 00:00:00+00:00
[2025-09-19T04:24:24.241+0000] {processor.py:183} INFO - Processing /home/airflow/.local/lib/python3.8/site-packages/airflow/example_dags/example_short_circuit_operator.py took 0.147 seconds
[2025-09-19T04:24:54.667+0000] {processor.py:161} INFO - Started process (PID=2039) to work on /home/airflow/.local/lib/python3.8/site-packages/airflow/example_dags/example_short_circuit_operator.py
[2025-09-19T04:24:54.669+0000] {processor.py:830} INFO - Processing file /home/airflow/.local/lib/python3.8/site-packages/airflow/example_dags/example_short_circuit_operator.py for tasks to queue
[2025-09-19T04:24:54.673+0000] {logging_mixin.py:188} INFO - [2025-09-19T04:24:54.672+0000] {dagbag.py:538} INFO - Filling up the DagBag from /home/airflow/.local/lib/python3.8/site-packages/airflow/example_dags/example_short_circuit_operator.py
[2025-09-19T04:24:54.687+0000] {processor.py:840} INFO - DAG(s) 'example_short_circuit_operator' retrieved from /home/airflow/.local/lib/python3.8/site-packages/airflow/example_dags/example_short_circuit_operator.py
[2025-09-19T04:24:54.729+0000] {logging_mixin.py:188} INFO - [2025-09-19T04:24:54.728+0000] {dag.py:3036} INFO - Sync 1 DAGs
[2025-09-19T04:24:54.778+0000] {logging_mixin.py:188} INFO - [2025-09-19T04:24:54.777+0000] {dag.py:3823} INFO - Setting next_dagrun for example_short_circuit_operator to 2025-09-18 00:00:00+00:00, run_after=2025-09-19 00:00:00+00:00
[2025-09-19T04:24:54.819+0000] {processor.py:183} INFO - Processing /home/airflow/.local/lib/python3.8/site-packages/airflow/example_dags/example_short_circuit_operator.py took 0.159 seconds
[2025-09-19T04:25:24.953+0000] {processor.py:161} INFO - Started process (PID=2094) to work on /home/airflow/.local/lib/python3.8/site-packages/airflow/example_dags/example_short_circuit_operator.py
[2025-09-19T04:25:24.955+0000] {processor.py:830} INFO - Processing file /home/airflow/.local/lib/python3.8/site-packages/airflow/example_dags/example_short_circuit_operator.py for tasks to queue
[2025-09-19T04:25:24.958+0000] {logging_mixin.py:188} INFO - [2025-09-19T04:25:24.958+0000] {dagbag.py:538} INFO - Filling up the DagBag from /home/airflow/.local/lib/python3.8/site-packages/airflow/example_dags/example_short_circuit_operator.py
[2025-09-19T04:25:24.972+0000] {processor.py:840} INFO - DAG(s) 'example_short_circuit_operator' retrieved from /home/airflow/.local/lib/python3.8/site-packages/airflow/example_dags/example_short_circuit_operator.py
[2025-09-19T04:25:25.013+0000] {logging_mixin.py:188} INFO - [2025-09-19T04:25:25.012+0000] {dag.py:3036} INFO - Sync 1 DAGs
[2025-09-19T04:25:25.051+0000] {logging_mixin.py:188} INFO - [2025-09-19T04:25:25.051+0000] {dag.py:3823} INFO - Setting next_dagrun for example_short_circuit_operator to 2025-09-18 00:00:00+00:00, run_after=2025-09-19 00:00:00+00:00
[2025-09-19T04:25:25.090+0000] {processor.py:183} INFO - Processing /home/airflow/.local/lib/python3.8/site-packages/airflow/example_dags/example_short_circuit_operator.py took 0.142 seconds
[2025-09-19T04:25:55.912+0000] {processor.py:161} INFO - Started process (PID=2149) to work on /home/airflow/.local/lib/python3.8/site-packages/airflow/example_dags/example_short_circuit_operator.py
[2025-09-19T04:25:55.914+0000] {processor.py:830} INFO - Processing file /home/airflow/.local/lib/python3.8/site-packages/airflow/example_dags/example_short_circuit_operator.py for tasks to queue
[2025-09-19T04:25:55.918+0000] {logging_mixin.py:188} INFO - [2025-09-19T04:25:55.917+0000] {dagbag.py:538} INFO - Filling up the DagBag from /home/airflow/.local/lib/python3.8/site-packages/airflow/example_dags/example_short_circuit_operator.py
[2025-09-19T04:25:55.931+0000] {processor.py:840} INFO - DAG(s) 'example_short_circuit_operator' retrieved from /home/airflow/.local/lib/python3.8/site-packages/airflow/example_dags/example_short_circuit_operator.py
[2025-09-19T04:25:55.975+0000] {logging_mixin.py:188} INFO - [2025-09-19T04:25:55.975+0000] {dag.py:3036} INFO - Sync 1 DAGs
[2025-09-19T04:25:56.020+0000] {logging_mixin.py:188} INFO - [2025-09-19T04:25:56.019+0000] {dag.py:3823} INFO - Setting next_dagrun for example_short_circuit_operator to 2025-09-18 00:00:00+00:00, run_after=2025-09-19 00:00:00+00:00
[2025-09-19T04:25:56.060+0000] {processor.py:183} INFO - Processing /home/airflow/.local/lib/python3.8/site-packages/airflow/example_dags/example_short_circuit_operator.py took 0.153 seconds
[2025-09-19T04:26:26.118+0000] {processor.py:161} INFO - Started process (PID=2204) to work on /home/airflow/.local/lib/python3.8/site-packages/airflow/example_dags/example_short_circuit_operator.py
[2025-09-19T04:26:26.120+0000] {processor.py:830} INFO - Processing file /home/airflow/.local/lib/python3.8/site-packages/airflow/example_dags/example_short_circuit_operator.py for tasks to queue
[2025-09-19T04:26:26.123+0000] {logging_mixin.py:188} INFO - [2025-09-19T04:26:26.123+0000] {dagbag.py:538} INFO - Filling up the DagBag from /home/airflow/.local/lib/python3.8/site-packages/airflow/example_dags/example_short_circuit_operator.py
[2025-09-19T04:26:26.137+0000] {processor.py:840} INFO - DAG(s) 'example_short_circuit_operator' retrieved from /home/airflow/.local/lib/python3.8/site-packages/airflow/example_dags/example_short_circuit_operator.py
[2025-09-19T04:26:26.178+0000] {logging_mixin.py:188} INFO - [2025-09-19T04:26:26.178+0000] {dag.py:3036} INFO - Sync 1 DAGs
[2025-09-19T04:26:26.217+0000] {logging_mixin.py:188} INFO - [2025-09-19T04:26:26.217+0000] {dag.py:3823} INFO - Setting next_dagrun for example_short_circuit_operator to 2025-09-18 00:00:00+00:00, run_after=2025-09-19 00:00:00+00:00
[2025-09-19T04:26:26.255+0000] {processor.py:183} INFO - Processing /home/airflow/.local/lib/python3.8/site-packages/airflow/example_dags/example_short_circuit_operator.py took 0.143 seconds
[2025-09-19T04:26:56.396+0000] {processor.py:161} INFO - Started process (PID=2259) to work on /home/airflow/.local/lib/python3.8/site-packages/airflow/example_dags/example_short_circuit_operator.py
[2025-09-19T04:26:56.399+0000] {processor.py:830} INFO - Processing file /home/airflow/.local/lib/python3.8/site-packages/airflow/example_dags/example_short_circuit_operator.py for tasks to queue
[2025-09-19T04:26:56.403+0000] {logging_mixin.py:188} INFO - [2025-09-19T04:26:56.402+0000] {dagbag.py:538} INFO - Filling up the DagBag from /home/airflow/.local/lib/python3.8/site-packages/airflow/example_dags/example_short_circuit_operator.py
[2025-09-19T04:26:56.420+0000] {processor.py:840} INFO - DAG(s) 'example_short_circuit_operator' retrieved from /home/airflow/.local/lib/python3.8/site-packages/airflow/example_dags/example_short_circuit_operator.py
[2025-09-19T04:26:56.473+0000] {logging_mixin.py:188} INFO - [2025-09-19T04:26:56.473+0000] {dag.py:3036} INFO - Sync 1 DAGs
[2025-09-19T04:26:56.520+0000] {logging_mixin.py:188} INFO - [2025-09-19T04:26:56.520+0000] {dag.py:3823} INFO - Setting next_dagrun for example_short_circuit_operator to 2025-09-18 00:00:00+00:00, run_after=2025-09-19 00:00:00+00:00
[2025-09-19T04:26:56.565+0000] {processor.py:183} INFO - Processing /home/airflow/.local/lib/python3.8/site-packages/airflow/example_dags/example_short_circuit_operator.py took 0.176 seconds
[2025-09-19T04:27:26.758+0000] {processor.py:161} INFO - Started process (PID=2312) to work on /home/airflow/.local/lib/python3.8/site-packages/airflow/example_dags/example_short_circuit_operator.py
[2025-09-19T04:27:26.760+0000] {processor.py:830} INFO - Processing file /home/airflow/.local/lib/python3.8/site-packages/airflow/example_dags/example_short_circuit_operator.py for tasks to queue
[2025-09-19T04:27:26.764+0000] {logging_mixin.py:188} INFO - [2025-09-19T04:27:26.763+0000] {dagbag.py:538} INFO - Filling up the DagBag from /home/airflow/.local/lib/python3.8/site-packages/airflow/example_dags/example_short_circuit_operator.py
[2025-09-19T04:27:26.782+0000] {processor.py:840} INFO - DAG(s) 'example_short_circuit_operator' retrieved from /home/airflow/.local/lib/python3.8/site-packages/airflow/example_dags/example_short_circuit_operator.py
[2025-09-19T04:27:26.825+0000] {logging_mixin.py:188} INFO - [2025-09-19T04:27:26.825+0000] {dag.py:3036} INFO - Sync 1 DAGs
[2025-09-19T04:27:26.865+0000] {logging_mixin.py:188} INFO - [2025-09-19T04:27:26.865+0000] {dag.py:3823} INFO - Setting next_dagrun for example_short_circuit_operator to 2025-09-18 00:00:00+00:00, run_after=2025-09-19 00:00:00+00:00
[2025-09-19T04:27:26.906+0000] {processor.py:183} INFO - Processing /home/airflow/.local/lib/python3.8/site-packages/airflow/example_dags/example_short_circuit_operator.py took 0.154 seconds
[2025-09-19T04:27:57.118+0000] {processor.py:161} INFO - Started process (PID=2367) to work on /home/airflow/.local/lib/python3.8/site-packages/airflow/example_dags/example_short_circuit_operator.py
[2025-09-19T04:27:57.120+0000] {processor.py:830} INFO - Processing file /home/airflow/.local/lib/python3.8/site-packages/airflow/example_dags/example_short_circuit_operator.py for tasks to queue
[2025-09-19T04:27:57.123+0000] {logging_mixin.py:188} INFO - [2025-09-19T04:27:57.123+0000] {dagbag.py:538} INFO - Filling up the DagBag from /home/airflow/.local/lib/python3.8/site-packages/airflow/example_dags/example_short_circuit_operator.py
[2025-09-19T04:27:57.137+0000] {processor.py:840} INFO - DAG(s) 'example_short_circuit_operator' retrieved from /home/airflow/.local/lib/python3.8/site-packages/airflow/example_dags/example_short_circuit_operator.py
[2025-09-19T04:27:57.179+0000] {logging_mixin.py:188} INFO - [2025-09-19T04:27:57.178+0000] {dag.py:3036} INFO - Sync 1 DAGs
[2025-09-19T04:27:57.218+0000] {logging_mixin.py:188} INFO - [2025-09-19T04:27:57.217+0000] {dag.py:3823} INFO - Setting next_dagrun for example_short_circuit_operator to 2025-09-18 00:00:00+00:00, run_after=2025-09-19 00:00:00+00:00
[2025-09-19T04:27:57.257+0000] {processor.py:183} INFO - Processing /home/airflow/.local/lib/python3.8/site-packages/airflow/example_dags/example_short_circuit_operator.py took 0.145 seconds
[2025-09-19T04:28:27.350+0000] {processor.py:161} INFO - Started process (PID=2422) to work on /home/airflow/.local/lib/python3.8/site-packages/airflow/example_dags/example_short_circuit_operator.py
[2025-09-19T04:28:27.352+0000] {processor.py:830} INFO - Processing file /home/airflow/.local/lib/python3.8/site-packages/airflow/example_dags/example_short_circuit_operator.py for tasks to queue
[2025-09-19T04:28:27.355+0000] {logging_mixin.py:188} INFO - [2025-09-19T04:28:27.354+0000] {dagbag.py:538} INFO - Filling up the DagBag from /home/airflow/.local/lib/python3.8/site-packages/airflow/example_dags/example_short_circuit_operator.py
[2025-09-19T04:28:27.369+0000] {processor.py:840} INFO - DAG(s) 'example_short_circuit_operator' retrieved from /home/airflow/.local/lib/python3.8/site-packages/airflow/example_dags/example_short_circuit_operator.py
[2025-09-19T04:28:27.415+0000] {logging_mixin.py:188} INFO - [2025-09-19T04:28:27.415+0000] {dag.py:3036} INFO - Sync 1 DAGs
[2025-09-19T04:28:27.458+0000] {logging_mixin.py:188} INFO - [2025-09-19T04:28:27.458+0000] {dag.py:3823} INFO - Setting next_dagrun for example_short_circuit_operator to 2025-09-18 00:00:00+00:00, run_after=2025-09-19 00:00:00+00:00
[2025-09-19T04:28:27.498+0000] {processor.py:183} INFO - Processing /home/airflow/.local/lib/python3.8/site-packages/airflow/example_dags/example_short_circuit_operator.py took 0.154 seconds
[2025-09-19T04:28:57.894+0000] {processor.py:161} INFO - Started process (PID=2477) to work on /home/airflow/.local/lib/python3.8/site-packages/airflow/example_dags/example_short_circuit_operator.py
[2025-09-19T04:28:57.896+0000] {processor.py:830} INFO - Processing file /home/airflow/.local/lib/python3.8/site-packages/airflow/example_dags/example_short_circuit_operator.py for tasks to queue
[2025-09-19T04:28:57.899+0000] {logging_mixin.py:188} INFO - [2025-09-19T04:28:57.898+0000] {dagbag.py:538} INFO - Filling up the DagBag from /home/airflow/.local/lib/python3.8/site-packages/airflow/example_dags/example_short_circuit_operator.py
[2025-09-19T04:28:57.912+0000] {processor.py:840} INFO - DAG(s) 'example_short_circuit_operator' retrieved from /home/airflow/.local/lib/python3.8/site-packages/airflow/example_dags/example_short_circuit_operator.py
[2025-09-19T04:28:57.953+0000] {logging_mixin.py:188} INFO - [2025-09-19T04:28:57.953+0000] {dag.py:3036} INFO - Sync 1 DAGs
[2025-09-19T04:28:57.992+0000] {logging_mixin.py:188} INFO - [2025-09-19T04:28:57.992+0000] {dag.py:3823} INFO - Setting next_dagrun for example_short_circuit_operator to 2025-09-18 00:00:00+00:00, run_after=2025-09-19 00:00:00+00:00
[2025-09-19T04:28:58.032+0000] {processor.py:183} INFO - Processing /home/airflow/.local/lib/python3.8/site-packages/airflow/example_dags/example_short_circuit_operator.py took 0.143 seconds
[2025-09-19T04:29:28.238+0000] {processor.py:161} INFO - Started process (PID=2532) to work on /home/airflow/.local/lib/python3.8/site-packages/airflow/example_dags/example_short_circuit_operator.py
[2025-09-19T04:29:28.241+0000] {processor.py:830} INFO - Processing file /home/airflow/.local/lib/python3.8/site-packages/airflow/example_dags/example_short_circuit_operator.py for tasks to queue
[2025-09-19T04:29:28.245+0000] {logging_mixin.py:188} INFO - [2025-09-19T04:29:28.244+0000] {dagbag.py:538} INFO - Filling up the DagBag from /home/airflow/.local/lib/python3.8/site-packages/airflow/example_dags/example_short_circuit_operator.py
[2025-09-19T04:29:28.259+0000] {processor.py:840} INFO - DAG(s) 'example_short_circuit_operator' retrieved from /home/airflow/.local/lib/python3.8/site-packages/airflow/example_dags/example_short_circuit_operator.py
[2025-09-19T04:29:28.304+0000] {logging_mixin.py:188} INFO - [2025-09-19T04:29:28.303+0000] {dag.py:3036} INFO - Sync 1 DAGs
[2025-09-19T04:29:28.349+0000] {logging_mixin.py:188} INFO - [2025-09-19T04:29:28.349+0000] {dag.py:3823} INFO - Setting next_dagrun for example_short_circuit_operator to 2025-09-18 00:00:00+00:00, run_after=2025-09-19 00:00:00+00:00
[2025-09-19T04:29:28.392+0000] {processor.py:183} INFO - Processing /home/airflow/.local/lib/python3.8/site-packages/airflow/example_dags/example_short_circuit_operator.py took 0.159 seconds
[2025-09-19T04:29:58.812+0000] {processor.py:161} INFO - Started process (PID=2587) to work on /home/airflow/.local/lib/python3.8/site-packages/airflow/example_dags/example_short_circuit_operator.py
[2025-09-19T04:29:58.815+0000] {processor.py:830} INFO - Processing file /home/airflow/.local/lib/python3.8/site-packages/airflow/example_dags/example_short_circuit_operator.py for tasks to queue
[2025-09-19T04:29:58.819+0000] {logging_mixin.py:188} INFO - [2025-09-19T04:29:58.818+0000] {dagbag.py:538} INFO - Filling up the DagBag from /home/airflow/.local/lib/python3.8/site-packages/airflow/example_dags/example_short_circuit_operator.py
[2025-09-19T04:29:58.834+0000] {processor.py:840} INFO - DAG(s) 'example_short_circuit_operator' retrieved from /home/airflow/.local/lib/python3.8/site-packages/airflow/example_dags/example_short_circuit_operator.py
[2025-09-19T04:29:58.891+0000] {logging_mixin.py:188} INFO - [2025-09-19T04:29:58.890+0000] {dag.py:3036} INFO - Sync 1 DAGs
[2025-09-19T04:29:58.942+0000] {logging_mixin.py:188} INFO - [2025-09-19T04:29:58.941+0000] {dag.py:3823} INFO - Setting next_dagrun for example_short_circuit_operator to 2025-09-18 00:00:00+00:00, run_after=2025-09-19 00:00:00+00:00
[2025-09-19T04:29:58.988+0000] {processor.py:183} INFO - Processing /home/airflow/.local/lib/python3.8/site-packages/airflow/example_dags/example_short_circuit_operator.py took 0.183 seconds
[2025-09-19T04:30:29.214+0000] {processor.py:161} INFO - Started process (PID=2642) to work on /home/airflow/.local/lib/python3.8/site-packages/airflow/example_dags/example_short_circuit_operator.py
[2025-09-19T04:30:29.216+0000] {processor.py:830} INFO - Processing file /home/airflow/.local/lib/python3.8/site-packages/airflow/example_dags/example_short_circuit_operator.py for tasks to queue
[2025-09-19T04:30:29.219+0000] {logging_mixin.py:188} INFO - [2025-09-19T04:30:29.219+0000] {dagbag.py:538} INFO - Filling up the DagBag from /home/airflow/.local/lib/python3.8/site-packages/airflow/example_dags/example_short_circuit_operator.py
[2025-09-19T04:30:29.233+0000] {processor.py:840} INFO - DAG(s) 'example_short_circuit_operator' retrieved from /home/airflow/.local/lib/python3.8/site-packages/airflow/example_dags/example_short_circuit_operator.py
[2025-09-19T04:30:29.277+0000] {logging_mixin.py:188} INFO - [2025-09-19T04:30:29.277+0000] {dag.py:3036} INFO - Sync 1 DAGs
[2025-09-19T04:30:29.318+0000] {logging_mixin.py:188} INFO - [2025-09-19T04:30:29.317+0000] {dag.py:3823} INFO - Setting next_dagrun for example_short_circuit_operator to 2025-09-18 00:00:00+00:00, run_after=2025-09-19 00:00:00+00:00
[2025-09-19T04:30:29.358+0000] {processor.py:183} INFO - Processing /home/airflow/.local/lib/python3.8/site-packages/airflow/example_dags/example_short_circuit_operator.py took 0.150 seconds
[2025-09-19T04:31:00.155+0000] {processor.py:161} INFO - Started process (PID=2697) to work on /home/airflow/.local/lib/python3.8/site-packages/airflow/example_dags/example_short_circuit_operator.py
[2025-09-19T04:31:00.156+0000] {processor.py:830} INFO - Processing file /home/airflow/.local/lib/python3.8/site-packages/airflow/example_dags/example_short_circuit_operator.py for tasks to queue
[2025-09-19T04:31:00.160+0000] {logging_mixin.py:188} INFO - [2025-09-19T04:31:00.159+0000] {dagbag.py:538} INFO - Filling up the DagBag from /home/airflow/.local/lib/python3.8/site-packages/airflow/example_dags/example_short_circuit_operator.py
[2025-09-19T04:31:00.173+0000] {processor.py:840} INFO - DAG(s) 'example_short_circuit_operator' retrieved from /home/airflow/.local/lib/python3.8/site-packages/airflow/example_dags/example_short_circuit_operator.py
[2025-09-19T04:31:00.215+0000] {logging_mixin.py:188} INFO - [2025-09-19T04:31:00.215+0000] {dag.py:3036} INFO - Sync 1 DAGs
[2025-09-19T04:31:00.260+0000] {logging_mixin.py:188} INFO - [2025-09-19T04:31:00.260+0000] {dag.py:3823} INFO - Setting next_dagrun for example_short_circuit_operator to 2025-09-18 00:00:00+00:00, run_after=2025-09-19 00:00:00+00:00
[2025-09-19T04:31:00.468+0000] {processor.py:183} INFO - Processing /home/airflow/.local/lib/python3.8/site-packages/airflow/example_dags/example_short_circuit_operator.py took 0.319 seconds
[2025-09-19T04:31:30.782+0000] {processor.py:161} INFO - Started process (PID=2752) to work on /home/airflow/.local/lib/python3.8/site-packages/airflow/example_dags/example_short_circuit_operator.py
[2025-09-19T04:31:30.784+0000] {processor.py:830} INFO - Processing file /home/airflow/.local/lib/python3.8/site-packages/airflow/example_dags/example_short_circuit_operator.py for tasks to queue
[2025-09-19T04:31:30.788+0000] {logging_mixin.py:188} INFO - [2025-09-19T04:31:30.788+0000] {dagbag.py:538} INFO - Filling up the DagBag from /home/airflow/.local/lib/python3.8/site-packages/airflow/example_dags/example_short_circuit_operator.py
[2025-09-19T04:31:30.803+0000] {processor.py:840} INFO - DAG(s) 'example_short_circuit_operator' retrieved from /home/airflow/.local/lib/python3.8/site-packages/airflow/example_dags/example_short_circuit_operator.py
[2025-09-19T04:31:30.846+0000] {logging_mixin.py:188} INFO - [2025-09-19T04:31:30.846+0000] {dag.py:3036} INFO - Sync 1 DAGs
[2025-09-19T04:31:30.890+0000] {logging_mixin.py:188} INFO - [2025-09-19T04:31:30.890+0000] {dag.py:3823} INFO - Setting next_dagrun for example_short_circuit_operator to 2025-09-18 00:00:00+00:00, run_after=2025-09-19 00:00:00+00:00
[2025-09-19T04:31:30.932+0000] {processor.py:183} INFO - Processing /home/airflow/.local/lib/python3.8/site-packages/airflow/example_dags/example_short_circuit_operator.py took 0.156 seconds
[2025-09-19T04:32:01.762+0000] {processor.py:161} INFO - Started process (PID=2807) to work on /home/airflow/.local/lib/python3.8/site-packages/airflow/example_dags/example_short_circuit_operator.py
[2025-09-19T04:32:01.764+0000] {processor.py:830} INFO - Processing file /home/airflow/.local/lib/python3.8/site-packages/airflow/example_dags/example_short_circuit_operator.py for tasks to queue
[2025-09-19T04:32:01.768+0000] {logging_mixin.py:188} INFO - [2025-09-19T04:32:01.767+0000] {dagbag.py:538} INFO - Filling up the DagBag from /home/airflow/.local/lib/python3.8/site-packages/airflow/example_dags/example_short_circuit_operator.py
[2025-09-19T04:32:01.782+0000] {processor.py:840} INFO - DAG(s) 'example_short_circuit_operator' retrieved from /home/airflow/.local/lib/python3.8/site-packages/airflow/example_dags/example_short_circuit_operator.py
[2025-09-19T04:32:01.828+0000] {logging_mixin.py:188} INFO - [2025-09-19T04:32:01.828+0000] {dag.py:3036} INFO - Sync 1 DAGs
[2025-09-19T04:32:01.873+0000] {logging_mixin.py:188} INFO - [2025-09-19T04:32:01.872+0000] {dag.py:3823} INFO - Setting next_dagrun for example_short_circuit_operator to 2025-09-18 00:00:00+00:00, run_after=2025-09-19 00:00:00+00:00
[2025-09-19T04:32:01.915+0000] {processor.py:183} INFO - Processing /home/airflow/.local/lib/python3.8/site-packages/airflow/example_dags/example_short_circuit_operator.py took 0.159 seconds
[2025-09-19T04:32:32.507+0000] {processor.py:161} INFO - Started process (PID=2862) to work on /home/airflow/.local/lib/python3.8/site-packages/airflow/example_dags/example_short_circuit_operator.py
[2025-09-19T04:32:32.509+0000] {processor.py:830} INFO - Processing file /home/airflow/.local/lib/python3.8/site-packages/airflow/example_dags/example_short_circuit_operator.py for tasks to queue
[2025-09-19T04:32:32.512+0000] {logging_mixin.py:188} INFO - [2025-09-19T04:32:32.512+0000] {dagbag.py:538} INFO - Filling up the DagBag from /home/airflow/.local/lib/python3.8/site-packages/airflow/example_dags/example_short_circuit_operator.py
[2025-09-19T04:32:32.526+0000] {processor.py:840} INFO - DAG(s) 'example_short_circuit_operator' retrieved from /home/airflow/.local/lib/python3.8/site-packages/airflow/example_dags/example_short_circuit_operator.py
[2025-09-19T04:32:32.569+0000] {logging_mixin.py:188} INFO - [2025-09-19T04:32:32.569+0000] {dag.py:3036} INFO - Sync 1 DAGs
[2025-09-19T04:32:32.619+0000] {logging_mixin.py:188} INFO - [2025-09-19T04:32:32.618+0000] {dag.py:3823} INFO - Setting next_dagrun for example_short_circuit_operator to 2025-09-18 00:00:00+00:00, run_after=2025-09-19 00:00:00+00:00
[2025-09-19T04:32:32.655+0000] {processor.py:183} INFO - Processing /home/airflow/.local/lib/python3.8/site-packages/airflow/example_dags/example_short_circuit_operator.py took 0.154 seconds
[2025-09-19T04:33:03.426+0000] {processor.py:161} INFO - Started process (PID=2917) to work on /home/airflow/.local/lib/python3.8/site-packages/airflow/example_dags/example_short_circuit_operator.py
[2025-09-19T04:33:03.428+0000] {processor.py:830} INFO - Processing file /home/airflow/.local/lib/python3.8/site-packages/airflow/example_dags/example_short_circuit_operator.py for tasks to queue
[2025-09-19T04:33:03.432+0000] {logging_mixin.py:188} INFO - [2025-09-19T04:33:03.431+0000] {dagbag.py:538} INFO - Filling up the DagBag from /home/airflow/.local/lib/python3.8/site-packages/airflow/example_dags/example_short_circuit_operator.py
[2025-09-19T04:33:03.446+0000] {processor.py:840} INFO - DAG(s) 'example_short_circuit_operator' retrieved from /home/airflow/.local/lib/python3.8/site-packages/airflow/example_dags/example_short_circuit_operator.py
[2025-09-19T04:33:03.489+0000] {logging_mixin.py:188} INFO - [2025-09-19T04:33:03.489+0000] {dag.py:3036} INFO - Sync 1 DAGs
[2025-09-19T04:33:03.702+0000] {logging_mixin.py:188} INFO - [2025-09-19T04:33:03.702+0000] {dag.py:3823} INFO - Setting next_dagrun for example_short_circuit_operator to 2025-09-18 00:00:00+00:00, run_after=2025-09-19 00:00:00+00:00
[2025-09-19T04:33:03.738+0000] {processor.py:183} INFO - Processing /home/airflow/.local/lib/python3.8/site-packages/airflow/example_dags/example_short_circuit_operator.py took 0.318 seconds
[2025-09-19T04:33:33.872+0000] {processor.py:161} INFO - Started process (PID=2972) to work on /home/airflow/.local/lib/python3.8/site-packages/airflow/example_dags/example_short_circuit_operator.py
[2025-09-19T04:33:33.874+0000] {processor.py:830} INFO - Processing file /home/airflow/.local/lib/python3.8/site-packages/airflow/example_dags/example_short_circuit_operator.py for tasks to queue
[2025-09-19T04:33:33.878+0000] {logging_mixin.py:188} INFO - [2025-09-19T04:33:33.877+0000] {dagbag.py:538} INFO - Filling up the DagBag from /home/airflow/.local/lib/python3.8/site-packages/airflow/example_dags/example_short_circuit_operator.py
[2025-09-19T04:33:33.892+0000] {processor.py:840} INFO - DAG(s) 'example_short_circuit_operator' retrieved from /home/airflow/.local/lib/python3.8/site-packages/airflow/example_dags/example_short_circuit_operator.py
[2025-09-19T04:33:33.936+0000] {logging_mixin.py:188} INFO - [2025-09-19T04:33:33.936+0000] {dag.py:3036} INFO - Sync 1 DAGs
[2025-09-19T04:33:33.979+0000] {logging_mixin.py:188} INFO - [2025-09-19T04:33:33.978+0000] {dag.py:3823} INFO - Setting next_dagrun for example_short_circuit_operator to 2025-09-18 00:00:00+00:00, run_after=2025-09-19 00:00:00+00:00
[2025-09-19T04:33:34.192+0000] {processor.py:183} INFO - Processing /home/airflow/.local/lib/python3.8/site-packages/airflow/example_dags/example_short_circuit_operator.py took 0.334 seconds
