[2025-09-19T04:06:49.066+0000] {processor.py:161} INFO - Started process (PID=56) to work on /home/airflow/.local/lib/python3.8/site-packages/airflow/example_dags/example_sensors.py
[2025-09-19T04:06:49.226+0000] {processor.py:830} INFO - Processing file /home/airflow/.local/lib/python3.8/site-packages/airflow/example_dags/example_sensors.py for tasks to queue
[2025-09-19T04:06:49.961+0000] {logging_mixin.py:188} INFO - [2025-09-19T04:06:49.961+0000] {dagbag.py:538} INFO - Filling up the DagBag from /home/airflow/.local/lib/python3.8/site-packages/airflow/example_dags/example_sensors.py
[2025-09-19T04:06:50.212+0000] {processor.py:840} INFO - DAG(s) 'example_sensors' retrieved from /home/airflow/.local/lib/python3.8/site-packages/airflow/example_dags/example_sensors.py
[2025-09-19T04:06:50.676+0000] {logging_mixin.py:188} INFO - [2025-09-19T04:06:50.675+0000] {dag.py:3036} INFO - Sync 1 DAGs
[2025-09-19T04:06:50.736+0000] {logging_mixin.py:188} INFO - [2025-09-19T04:06:50.735+0000] {dag.py:3823} INFO - Setting next_dagrun for example_sensors to None, run_after=None
[2025-09-19T04:06:50.797+0000] {processor.py:183} INFO - Processing /home/airflow/.local/lib/python3.8/site-packages/airflow/example_dags/example_sensors.py took 9.451 seconds
[2025-09-19T04:07:21.839+0000] {processor.py:161} INFO - Started process (PID=118) to work on /home/airflow/.local/lib/python3.8/site-packages/airflow/example_dags/example_sensors.py
[2025-09-19T04:07:21.841+0000] {processor.py:830} INFO - Processing file /home/airflow/.local/lib/python3.8/site-packages/airflow/example_dags/example_sensors.py for tasks to queue
[2025-09-19T04:07:21.844+0000] {logging_mixin.py:188} INFO - [2025-09-19T04:07:21.844+0000] {dagbag.py:538} INFO - Filling up the DagBag from /home/airflow/.local/lib/python3.8/site-packages/airflow/example_dags/example_sensors.py
[2025-09-19T04:07:21.862+0000] {processor.py:840} INFO - DAG(s) 'example_sensors' retrieved from /home/airflow/.local/lib/python3.8/site-packages/airflow/example_dags/example_sensors.py
[2025-09-19T04:07:21.909+0000] {logging_mixin.py:188} INFO - [2025-09-19T04:07:21.909+0000] {dag.py:3036} INFO - Sync 1 DAGs
[2025-09-19T04:07:21.933+0000] {logging_mixin.py:188} INFO - [2025-09-19T04:07:21.933+0000] {dag.py:3823} INFO - Setting next_dagrun for example_sensors to None, run_after=None
[2025-09-19T04:07:21.977+0000] {processor.py:183} INFO - Processing /home/airflow/.local/lib/python3.8/site-packages/airflow/example_dags/example_sensors.py took 0.143 seconds
[2025-09-19T04:07:52.758+0000] {processor.py:161} INFO - Started process (PID=173) to work on /home/airflow/.local/lib/python3.8/site-packages/airflow/example_dags/example_sensors.py
[2025-09-19T04:07:52.761+0000] {processor.py:830} INFO - Processing file /home/airflow/.local/lib/python3.8/site-packages/airflow/example_dags/example_sensors.py for tasks to queue
[2025-09-19T04:07:52.766+0000] {logging_mixin.py:188} INFO - [2025-09-19T04:07:52.765+0000] {dagbag.py:538} INFO - Filling up the DagBag from /home/airflow/.local/lib/python3.8/site-packages/airflow/example_dags/example_sensors.py
[2025-09-19T04:07:52.786+0000] {processor.py:840} INFO - DAG(s) 'example_sensors' retrieved from /home/airflow/.local/lib/python3.8/site-packages/airflow/example_dags/example_sensors.py
[2025-09-19T04:07:52.838+0000] {logging_mixin.py:188} INFO - [2025-09-19T04:07:52.838+0000] {dag.py:3036} INFO - Sync 1 DAGs
[2025-09-19T04:07:52.864+0000] {logging_mixin.py:188} INFO - [2025-09-19T04:07:52.863+0000] {dag.py:3823} INFO - Setting next_dagrun for example_sensors to None, run_after=None
[2025-09-19T04:07:52.907+0000] {processor.py:183} INFO - Processing /home/airflow/.local/lib/python3.8/site-packages/airflow/example_dags/example_sensors.py took 0.157 seconds
[2025-09-19T04:08:23.365+0000] {processor.py:161} INFO - Started process (PID=228) to work on /home/airflow/.local/lib/python3.8/site-packages/airflow/example_dags/example_sensors.py
[2025-09-19T04:08:23.367+0000] {processor.py:830} INFO - Processing file /home/airflow/.local/lib/python3.8/site-packages/airflow/example_dags/example_sensors.py for tasks to queue
[2025-09-19T04:08:23.371+0000] {logging_mixin.py:188} INFO - [2025-09-19T04:08:23.370+0000] {dagbag.py:538} INFO - Filling up the DagBag from /home/airflow/.local/lib/python3.8/site-packages/airflow/example_dags/example_sensors.py
[2025-09-19T04:08:23.388+0000] {processor.py:840} INFO - DAG(s) 'example_sensors' retrieved from /home/airflow/.local/lib/python3.8/site-packages/airflow/example_dags/example_sensors.py
[2025-09-19T04:08:23.434+0000] {logging_mixin.py:188} INFO - [2025-09-19T04:08:23.434+0000] {dag.py:3036} INFO - Sync 1 DAGs
[2025-09-19T04:08:23.462+0000] {logging_mixin.py:188} INFO - [2025-09-19T04:08:23.461+0000] {dag.py:3823} INFO - Setting next_dagrun for example_sensors to None, run_after=None
[2025-09-19T04:08:23.503+0000] {processor.py:183} INFO - Processing /home/airflow/.local/lib/python3.8/site-packages/airflow/example_dags/example_sensors.py took 0.143 seconds
[2025-09-19T04:08:53.774+0000] {processor.py:161} INFO - Started process (PID=284) to work on /home/airflow/.local/lib/python3.8/site-packages/airflow/example_dags/example_sensors.py
[2025-09-19T04:08:53.776+0000] {processor.py:830} INFO - Processing file /home/airflow/.local/lib/python3.8/site-packages/airflow/example_dags/example_sensors.py for tasks to queue
[2025-09-19T04:08:53.779+0000] {logging_mixin.py:188} INFO - [2025-09-19T04:08:53.778+0000] {dagbag.py:538} INFO - Filling up the DagBag from /home/airflow/.local/lib/python3.8/site-packages/airflow/example_dags/example_sensors.py
[2025-09-19T04:08:53.795+0000] {processor.py:840} INFO - DAG(s) 'example_sensors' retrieved from /home/airflow/.local/lib/python3.8/site-packages/airflow/example_dags/example_sensors.py
[2025-09-19T04:08:53.843+0000] {logging_mixin.py:188} INFO - [2025-09-19T04:08:53.842+0000] {dag.py:3036} INFO - Sync 1 DAGs
[2025-09-19T04:08:53.865+0000] {logging_mixin.py:188} INFO - [2025-09-19T04:08:53.865+0000] {dag.py:3823} INFO - Setting next_dagrun for example_sensors to None, run_after=None
[2025-09-19T04:08:53.904+0000] {processor.py:183} INFO - Processing /home/airflow/.local/lib/python3.8/site-packages/airflow/example_dags/example_sensors.py took 0.136 seconds
[2025-09-19T04:09:24.282+0000] {processor.py:161} INFO - Started process (PID=339) to work on /home/airflow/.local/lib/python3.8/site-packages/airflow/example_dags/example_sensors.py
[2025-09-19T04:09:24.284+0000] {processor.py:830} INFO - Processing file /home/airflow/.local/lib/python3.8/site-packages/airflow/example_dags/example_sensors.py for tasks to queue
[2025-09-19T04:09:24.287+0000] {logging_mixin.py:188} INFO - [2025-09-19T04:09:24.287+0000] {dagbag.py:538} INFO - Filling up the DagBag from /home/airflow/.local/lib/python3.8/site-packages/airflow/example_dags/example_sensors.py
[2025-09-19T04:09:24.309+0000] {processor.py:840} INFO - DAG(s) 'example_sensors' retrieved from /home/airflow/.local/lib/python3.8/site-packages/airflow/example_dags/example_sensors.py
[2025-09-19T04:09:24.368+0000] {logging_mixin.py:188} INFO - [2025-09-19T04:09:24.368+0000] {dag.py:3036} INFO - Sync 1 DAGs
[2025-09-19T04:09:24.392+0000] {logging_mixin.py:188} INFO - [2025-09-19T04:09:24.392+0000] {dag.py:3823} INFO - Setting next_dagrun for example_sensors to None, run_after=None
[2025-09-19T04:09:24.432+0000] {processor.py:183} INFO - Processing /home/airflow/.local/lib/python3.8/site-packages/airflow/example_dags/example_sensors.py took 0.156 seconds
[2025-09-19T04:09:54.569+0000] {processor.py:161} INFO - Started process (PID=394) to work on /home/airflow/.local/lib/python3.8/site-packages/airflow/example_dags/example_sensors.py
[2025-09-19T04:09:54.571+0000] {processor.py:830} INFO - Processing file /home/airflow/.local/lib/python3.8/site-packages/airflow/example_dags/example_sensors.py for tasks to queue
[2025-09-19T04:09:54.576+0000] {logging_mixin.py:188} INFO - [2025-09-19T04:09:54.575+0000] {dagbag.py:538} INFO - Filling up the DagBag from /home/airflow/.local/lib/python3.8/site-packages/airflow/example_dags/example_sensors.py
[2025-09-19T04:09:54.606+0000] {processor.py:840} INFO - DAG(s) 'example_sensors' retrieved from /home/airflow/.local/lib/python3.8/site-packages/airflow/example_dags/example_sensors.py
[2025-09-19T04:09:54.669+0000] {logging_mixin.py:188} INFO - [2025-09-19T04:09:54.668+0000] {dag.py:3036} INFO - Sync 1 DAGs
[2025-09-19T04:09:54.699+0000] {logging_mixin.py:188} INFO - [2025-09-19T04:09:54.698+0000] {dag.py:3823} INFO - Setting next_dagrun for example_sensors to None, run_after=None
[2025-09-19T04:09:54.737+0000] {processor.py:183} INFO - Processing /home/airflow/.local/lib/python3.8/site-packages/airflow/example_dags/example_sensors.py took 0.177 seconds
[2025-09-19T04:10:25.386+0000] {processor.py:161} INFO - Started process (PID=449) to work on /home/airflow/.local/lib/python3.8/site-packages/airflow/example_dags/example_sensors.py
[2025-09-19T04:10:25.388+0000] {processor.py:830} INFO - Processing file /home/airflow/.local/lib/python3.8/site-packages/airflow/example_dags/example_sensors.py for tasks to queue
[2025-09-19T04:10:25.392+0000] {logging_mixin.py:188} INFO - [2025-09-19T04:10:25.391+0000] {dagbag.py:538} INFO - Filling up the DagBag from /home/airflow/.local/lib/python3.8/site-packages/airflow/example_dags/example_sensors.py
[2025-09-19T04:10:25.410+0000] {processor.py:840} INFO - DAG(s) 'example_sensors' retrieved from /home/airflow/.local/lib/python3.8/site-packages/airflow/example_dags/example_sensors.py
[2025-09-19T04:10:25.458+0000] {logging_mixin.py:188} INFO - [2025-09-19T04:10:25.458+0000] {dag.py:3036} INFO - Sync 1 DAGs
[2025-09-19T04:10:25.485+0000] {logging_mixin.py:188} INFO - [2025-09-19T04:10:25.484+0000] {dag.py:3823} INFO - Setting next_dagrun for example_sensors to None, run_after=None
[2025-09-19T04:10:25.525+0000] {processor.py:183} INFO - Processing /home/airflow/.local/lib/python3.8/site-packages/airflow/example_dags/example_sensors.py took 0.145 seconds
[2025-09-19T04:10:55.956+0000] {processor.py:161} INFO - Started process (PID=504) to work on /home/airflow/.local/lib/python3.8/site-packages/airflow/example_dags/example_sensors.py
[2025-09-19T04:10:55.958+0000] {processor.py:830} INFO - Processing file /home/airflow/.local/lib/python3.8/site-packages/airflow/example_dags/example_sensors.py for tasks to queue
[2025-09-19T04:10:55.963+0000] {logging_mixin.py:188} INFO - [2025-09-19T04:10:55.962+0000] {dagbag.py:538} INFO - Filling up the DagBag from /home/airflow/.local/lib/python3.8/site-packages/airflow/example_dags/example_sensors.py
[2025-09-19T04:10:55.986+0000] {processor.py:840} INFO - DAG(s) 'example_sensors' retrieved from /home/airflow/.local/lib/python3.8/site-packages/airflow/example_dags/example_sensors.py
[2025-09-19T04:10:56.053+0000] {logging_mixin.py:188} INFO - [2025-09-19T04:10:56.053+0000] {dag.py:3036} INFO - Sync 1 DAGs
[2025-09-19T04:10:56.087+0000] {logging_mixin.py:188} INFO - [2025-09-19T04:10:56.086+0000] {dag.py:3823} INFO - Setting next_dagrun for example_sensors to None, run_after=None
[2025-09-19T04:10:56.128+0000] {processor.py:183} INFO - Processing /home/airflow/.local/lib/python3.8/site-packages/airflow/example_dags/example_sensors.py took 0.180 seconds
[2025-09-19T04:11:26.446+0000] {processor.py:161} INFO - Started process (PID=559) to work on /home/airflow/.local/lib/python3.8/site-packages/airflow/example_dags/example_sensors.py
[2025-09-19T04:11:26.448+0000] {processor.py:830} INFO - Processing file /home/airflow/.local/lib/python3.8/site-packages/airflow/example_dags/example_sensors.py for tasks to queue
[2025-09-19T04:11:26.454+0000] {logging_mixin.py:188} INFO - [2025-09-19T04:11:26.453+0000] {dagbag.py:538} INFO - Filling up the DagBag from /home/airflow/.local/lib/python3.8/site-packages/airflow/example_dags/example_sensors.py
[2025-09-19T04:11:26.476+0000] {processor.py:840} INFO - DAG(s) 'example_sensors' retrieved from /home/airflow/.local/lib/python3.8/site-packages/airflow/example_dags/example_sensors.py
[2025-09-19T04:11:26.533+0000] {logging_mixin.py:188} INFO - [2025-09-19T04:11:26.532+0000] {dag.py:3036} INFO - Sync 1 DAGs
[2025-09-19T04:11:26.560+0000] {logging_mixin.py:188} INFO - [2025-09-19T04:11:26.560+0000] {dag.py:3823} INFO - Setting next_dagrun for example_sensors to None, run_after=None
[2025-09-19T04:11:26.615+0000] {processor.py:183} INFO - Processing /home/airflow/.local/lib/python3.8/site-packages/airflow/example_dags/example_sensors.py took 0.175 seconds
[2025-09-19T04:11:56.988+0000] {processor.py:161} INFO - Started process (PID=614) to work on /home/airflow/.local/lib/python3.8/site-packages/airflow/example_dags/example_sensors.py
[2025-09-19T04:11:56.990+0000] {processor.py:830} INFO - Processing file /home/airflow/.local/lib/python3.8/site-packages/airflow/example_dags/example_sensors.py for tasks to queue
[2025-09-19T04:11:56.994+0000] {logging_mixin.py:188} INFO - [2025-09-19T04:11:56.993+0000] {dagbag.py:538} INFO - Filling up the DagBag from /home/airflow/.local/lib/python3.8/site-packages/airflow/example_dags/example_sensors.py
[2025-09-19T04:11:57.011+0000] {processor.py:840} INFO - DAG(s) 'example_sensors' retrieved from /home/airflow/.local/lib/python3.8/site-packages/airflow/example_dags/example_sensors.py
[2025-09-19T04:11:57.069+0000] {logging_mixin.py:188} INFO - [2025-09-19T04:11:57.069+0000] {dag.py:3036} INFO - Sync 1 DAGs
[2025-09-19T04:11:57.102+0000] {logging_mixin.py:188} INFO - [2025-09-19T04:11:57.102+0000] {dag.py:3823} INFO - Setting next_dagrun for example_sensors to None, run_after=None
[2025-09-19T04:11:57.137+0000] {processor.py:183} INFO - Processing /home/airflow/.local/lib/python3.8/site-packages/airflow/example_dags/example_sensors.py took 0.154 seconds
[2025-09-19T04:12:27.402+0000] {processor.py:161} INFO - Started process (PID=669) to work on /home/airflow/.local/lib/python3.8/site-packages/airflow/example_dags/example_sensors.py
[2025-09-19T04:12:27.404+0000] {processor.py:830} INFO - Processing file /home/airflow/.local/lib/python3.8/site-packages/airflow/example_dags/example_sensors.py for tasks to queue
[2025-09-19T04:12:27.407+0000] {logging_mixin.py:188} INFO - [2025-09-19T04:12:27.406+0000] {dagbag.py:538} INFO - Filling up the DagBag from /home/airflow/.local/lib/python3.8/site-packages/airflow/example_dags/example_sensors.py
[2025-09-19T04:12:27.423+0000] {processor.py:840} INFO - DAG(s) 'example_sensors' retrieved from /home/airflow/.local/lib/python3.8/site-packages/airflow/example_dags/example_sensors.py
[2025-09-19T04:12:27.471+0000] {logging_mixin.py:188} INFO - [2025-09-19T04:12:27.470+0000] {dag.py:3036} INFO - Sync 1 DAGs
[2025-09-19T04:12:27.493+0000] {logging_mixin.py:188} INFO - [2025-09-19T04:12:27.493+0000] {dag.py:3823} INFO - Setting next_dagrun for example_sensors to None, run_after=None
[2025-09-19T04:12:27.537+0000] {processor.py:183} INFO - Processing /home/airflow/.local/lib/python3.8/site-packages/airflow/example_dags/example_sensors.py took 0.142 seconds
[2025-09-19T04:12:57.657+0000] {processor.py:161} INFO - Started process (PID=724) to work on /home/airflow/.local/lib/python3.8/site-packages/airflow/example_dags/example_sensors.py
[2025-09-19T04:12:57.659+0000] {processor.py:830} INFO - Processing file /home/airflow/.local/lib/python3.8/site-packages/airflow/example_dags/example_sensors.py for tasks to queue
[2025-09-19T04:12:57.663+0000] {logging_mixin.py:188} INFO - [2025-09-19T04:12:57.662+0000] {dagbag.py:538} INFO - Filling up the DagBag from /home/airflow/.local/lib/python3.8/site-packages/airflow/example_dags/example_sensors.py
[2025-09-19T04:12:57.684+0000] {processor.py:840} INFO - DAG(s) 'example_sensors' retrieved from /home/airflow/.local/lib/python3.8/site-packages/airflow/example_dags/example_sensors.py
[2025-09-19T04:12:57.740+0000] {logging_mixin.py:188} INFO - [2025-09-19T04:12:57.739+0000] {dag.py:3036} INFO - Sync 1 DAGs
[2025-09-19T04:12:57.770+0000] {logging_mixin.py:188} INFO - [2025-09-19T04:12:57.769+0000] {dag.py:3823} INFO - Setting next_dagrun for example_sensors to None, run_after=None
[2025-09-19T04:12:57.815+0000] {processor.py:183} INFO - Processing /home/airflow/.local/lib/python3.8/site-packages/airflow/example_dags/example_sensors.py took 0.166 seconds
[2025-09-19T04:13:28.245+0000] {processor.py:161} INFO - Started process (PID=779) to work on /home/airflow/.local/lib/python3.8/site-packages/airflow/example_dags/example_sensors.py
[2025-09-19T04:13:28.247+0000] {processor.py:830} INFO - Processing file /home/airflow/.local/lib/python3.8/site-packages/airflow/example_dags/example_sensors.py for tasks to queue
[2025-09-19T04:13:28.250+0000] {logging_mixin.py:188} INFO - [2025-09-19T04:13:28.249+0000] {dagbag.py:538} INFO - Filling up the DagBag from /home/airflow/.local/lib/python3.8/site-packages/airflow/example_dags/example_sensors.py
[2025-09-19T04:13:28.267+0000] {processor.py:840} INFO - DAG(s) 'example_sensors' retrieved from /home/airflow/.local/lib/python3.8/site-packages/airflow/example_dags/example_sensors.py
[2025-09-19T04:13:28.313+0000] {logging_mixin.py:188} INFO - [2025-09-19T04:13:28.313+0000] {dag.py:3036} INFO - Sync 1 DAGs
[2025-09-19T04:13:28.335+0000] {logging_mixin.py:188} INFO - [2025-09-19T04:13:28.335+0000] {dag.py:3823} INFO - Setting next_dagrun for example_sensors to None, run_after=None
[2025-09-19T04:13:28.374+0000] {processor.py:183} INFO - Processing /home/airflow/.local/lib/python3.8/site-packages/airflow/example_dags/example_sensors.py took 0.136 seconds
[2025-09-19T04:13:58.676+0000] {processor.py:161} INFO - Started process (PID=834) to work on /home/airflow/.local/lib/python3.8/site-packages/airflow/example_dags/example_sensors.py
[2025-09-19T04:13:58.678+0000] {processor.py:830} INFO - Processing file /home/airflow/.local/lib/python3.8/site-packages/airflow/example_dags/example_sensors.py for tasks to queue
[2025-09-19T04:13:58.681+0000] {logging_mixin.py:188} INFO - [2025-09-19T04:13:58.681+0000] {dagbag.py:538} INFO - Filling up the DagBag from /home/airflow/.local/lib/python3.8/site-packages/airflow/example_dags/example_sensors.py
[2025-09-19T04:13:58.698+0000] {processor.py:840} INFO - DAG(s) 'example_sensors' retrieved from /home/airflow/.local/lib/python3.8/site-packages/airflow/example_dags/example_sensors.py
[2025-09-19T04:13:58.751+0000] {logging_mixin.py:188} INFO - [2025-09-19T04:13:58.750+0000] {dag.py:3036} INFO - Sync 1 DAGs
[2025-09-19T04:13:58.780+0000] {logging_mixin.py:188} INFO - [2025-09-19T04:13:58.779+0000] {dag.py:3823} INFO - Setting next_dagrun for example_sensors to None, run_after=None
[2025-09-19T04:13:58.821+0000] {processor.py:183} INFO - Processing /home/airflow/.local/lib/python3.8/site-packages/airflow/example_dags/example_sensors.py took 0.154 seconds
[2025-09-19T04:14:29.035+0000] {processor.py:161} INFO - Started process (PID=889) to work on /home/airflow/.local/lib/python3.8/site-packages/airflow/example_dags/example_sensors.py
[2025-09-19T04:14:29.037+0000] {processor.py:830} INFO - Processing file /home/airflow/.local/lib/python3.8/site-packages/airflow/example_dags/example_sensors.py for tasks to queue
[2025-09-19T04:14:29.041+0000] {logging_mixin.py:188} INFO - [2025-09-19T04:14:29.040+0000] {dagbag.py:538} INFO - Filling up the DagBag from /home/airflow/.local/lib/python3.8/site-packages/airflow/example_dags/example_sensors.py
[2025-09-19T04:14:29.067+0000] {processor.py:840} INFO - DAG(s) 'example_sensors' retrieved from /home/airflow/.local/lib/python3.8/site-packages/airflow/example_dags/example_sensors.py
[2025-09-19T04:14:29.117+0000] {logging_mixin.py:188} INFO - [2025-09-19T04:14:29.116+0000] {dag.py:3036} INFO - Sync 1 DAGs
[2025-09-19T04:14:29.143+0000] {logging_mixin.py:188} INFO - [2025-09-19T04:14:29.142+0000] {dag.py:3823} INFO - Setting next_dagrun for example_sensors to None, run_after=None
[2025-09-19T04:14:29.185+0000] {processor.py:183} INFO - Processing /home/airflow/.local/lib/python3.8/site-packages/airflow/example_dags/example_sensors.py took 0.157 seconds
[2025-09-19T04:14:59.879+0000] {processor.py:161} INFO - Started process (PID=944) to work on /home/airflow/.local/lib/python3.8/site-packages/airflow/example_dags/example_sensors.py
[2025-09-19T04:14:59.881+0000] {processor.py:830} INFO - Processing file /home/airflow/.local/lib/python3.8/site-packages/airflow/example_dags/example_sensors.py for tasks to queue
[2025-09-19T04:14:59.885+0000] {logging_mixin.py:188} INFO - [2025-09-19T04:14:59.885+0000] {dagbag.py:538} INFO - Filling up the DagBag from /home/airflow/.local/lib/python3.8/site-packages/airflow/example_dags/example_sensors.py
[2025-09-19T04:14:59.903+0000] {processor.py:840} INFO - DAG(s) 'example_sensors' retrieved from /home/airflow/.local/lib/python3.8/site-packages/airflow/example_dags/example_sensors.py
[2025-09-19T04:14:59.958+0000] {logging_mixin.py:188} INFO - [2025-09-19T04:14:59.957+0000] {dag.py:3036} INFO - Sync 1 DAGs
[2025-09-19T04:14:59.980+0000] {logging_mixin.py:188} INFO - [2025-09-19T04:14:59.980+0000] {dag.py:3823} INFO - Setting next_dagrun for example_sensors to None, run_after=None
[2025-09-19T04:15:00.034+0000] {processor.py:183} INFO - Processing /home/airflow/.local/lib/python3.8/site-packages/airflow/example_dags/example_sensors.py took 0.160 seconds
[2025-09-19T04:15:30.210+0000] {processor.py:161} INFO - Started process (PID=999) to work on /home/airflow/.local/lib/python3.8/site-packages/airflow/example_dags/example_sensors.py
[2025-09-19T04:15:30.212+0000] {processor.py:830} INFO - Processing file /home/airflow/.local/lib/python3.8/site-packages/airflow/example_dags/example_sensors.py for tasks to queue
[2025-09-19T04:15:30.216+0000] {logging_mixin.py:188} INFO - [2025-09-19T04:15:30.215+0000] {dagbag.py:538} INFO - Filling up the DagBag from /home/airflow/.local/lib/python3.8/site-packages/airflow/example_dags/example_sensors.py
[2025-09-19T04:15:30.232+0000] {processor.py:840} INFO - DAG(s) 'example_sensors' retrieved from /home/airflow/.local/lib/python3.8/site-packages/airflow/example_dags/example_sensors.py
[2025-09-19T04:15:30.277+0000] {logging_mixin.py:188} INFO - [2025-09-19T04:15:30.277+0000] {dag.py:3036} INFO - Sync 1 DAGs
[2025-09-19T04:15:30.299+0000] {logging_mixin.py:188} INFO - [2025-09-19T04:15:30.299+0000] {dag.py:3823} INFO - Setting next_dagrun for example_sensors to None, run_after=None
[2025-09-19T04:15:30.339+0000] {processor.py:183} INFO - Processing /home/airflow/.local/lib/python3.8/site-packages/airflow/example_dags/example_sensors.py took 0.135 seconds
[2025-09-19T04:16:00.733+0000] {processor.py:161} INFO - Started process (PID=1054) to work on /home/airflow/.local/lib/python3.8/site-packages/airflow/example_dags/example_sensors.py
[2025-09-19T04:16:00.735+0000] {processor.py:830} INFO - Processing file /home/airflow/.local/lib/python3.8/site-packages/airflow/example_dags/example_sensors.py for tasks to queue
[2025-09-19T04:16:00.739+0000] {logging_mixin.py:188} INFO - [2025-09-19T04:16:00.738+0000] {dagbag.py:538} INFO - Filling up the DagBag from /home/airflow/.local/lib/python3.8/site-packages/airflow/example_dags/example_sensors.py
[2025-09-19T04:16:00.757+0000] {processor.py:840} INFO - DAG(s) 'example_sensors' retrieved from /home/airflow/.local/lib/python3.8/site-packages/airflow/example_dags/example_sensors.py
[2025-09-19T04:16:00.807+0000] {logging_mixin.py:188} INFO - [2025-09-19T04:16:00.807+0000] {dag.py:3036} INFO - Sync 1 DAGs
[2025-09-19T04:16:00.833+0000] {logging_mixin.py:188} INFO - [2025-09-19T04:16:00.832+0000] {dag.py:3823} INFO - Setting next_dagrun for example_sensors to None, run_after=None
[2025-09-19T04:16:00.876+0000] {processor.py:183} INFO - Processing /home/airflow/.local/lib/python3.8/site-packages/airflow/example_dags/example_sensors.py took 0.150 seconds
[2025-09-19T04:16:31.523+0000] {processor.py:161} INFO - Started process (PID=1109) to work on /home/airflow/.local/lib/python3.8/site-packages/airflow/example_dags/example_sensors.py
[2025-09-19T04:16:31.525+0000] {processor.py:830} INFO - Processing file /home/airflow/.local/lib/python3.8/site-packages/airflow/example_dags/example_sensors.py for tasks to queue
[2025-09-19T04:16:31.528+0000] {logging_mixin.py:188} INFO - [2025-09-19T04:16:31.528+0000] {dagbag.py:538} INFO - Filling up the DagBag from /home/airflow/.local/lib/python3.8/site-packages/airflow/example_dags/example_sensors.py
[2025-09-19T04:16:31.544+0000] {processor.py:840} INFO - DAG(s) 'example_sensors' retrieved from /home/airflow/.local/lib/python3.8/site-packages/airflow/example_dags/example_sensors.py
[2025-09-19T04:16:31.589+0000] {logging_mixin.py:188} INFO - [2025-09-19T04:16:31.588+0000] {dag.py:3036} INFO - Sync 1 DAGs
[2025-09-19T04:16:31.612+0000] {logging_mixin.py:188} INFO - [2025-09-19T04:16:31.612+0000] {dag.py:3823} INFO - Setting next_dagrun for example_sensors to None, run_after=None
[2025-09-19T04:16:31.651+0000] {processor.py:183} INFO - Processing /home/airflow/.local/lib/python3.8/site-packages/airflow/example_dags/example_sensors.py took 0.133 seconds
[2025-09-19T04:17:01.707+0000] {processor.py:161} INFO - Started process (PID=1164) to work on /home/airflow/.local/lib/python3.8/site-packages/airflow/example_dags/example_sensors.py
[2025-09-19T04:17:01.709+0000] {processor.py:830} INFO - Processing file /home/airflow/.local/lib/python3.8/site-packages/airflow/example_dags/example_sensors.py for tasks to queue
[2025-09-19T04:17:01.712+0000] {logging_mixin.py:188} INFO - [2025-09-19T04:17:01.712+0000] {dagbag.py:538} INFO - Filling up the DagBag from /home/airflow/.local/lib/python3.8/site-packages/airflow/example_dags/example_sensors.py
[2025-09-19T04:17:01.728+0000] {processor.py:840} INFO - DAG(s) 'example_sensors' retrieved from /home/airflow/.local/lib/python3.8/site-packages/airflow/example_dags/example_sensors.py
[2025-09-19T04:17:01.773+0000] {logging_mixin.py:188} INFO - [2025-09-19T04:17:01.773+0000] {dag.py:3036} INFO - Sync 1 DAGs
[2025-09-19T04:17:01.797+0000] {logging_mixin.py:188} INFO - [2025-09-19T04:17:01.797+0000] {dag.py:3823} INFO - Setting next_dagrun for example_sensors to None, run_after=None
[2025-09-19T04:17:01.832+0000] {processor.py:183} INFO - Processing /home/airflow/.local/lib/python3.8/site-packages/airflow/example_dags/example_sensors.py took 0.131 seconds
[2025-09-19T04:17:32.537+0000] {processor.py:161} INFO - Started process (PID=1219) to work on /home/airflow/.local/lib/python3.8/site-packages/airflow/example_dags/example_sensors.py
[2025-09-19T04:17:32.539+0000] {processor.py:830} INFO - Processing file /home/airflow/.local/lib/python3.8/site-packages/airflow/example_dags/example_sensors.py for tasks to queue
[2025-09-19T04:17:32.542+0000] {logging_mixin.py:188} INFO - [2025-09-19T04:17:32.542+0000] {dagbag.py:538} INFO - Filling up the DagBag from /home/airflow/.local/lib/python3.8/site-packages/airflow/example_dags/example_sensors.py
[2025-09-19T04:17:32.565+0000] {processor.py:840} INFO - DAG(s) 'example_sensors' retrieved from /home/airflow/.local/lib/python3.8/site-packages/airflow/example_dags/example_sensors.py
[2025-09-19T04:17:32.611+0000] {logging_mixin.py:188} INFO - [2025-09-19T04:17:32.611+0000] {dag.py:3036} INFO - Sync 1 DAGs
[2025-09-19T04:17:32.633+0000] {logging_mixin.py:188} INFO - [2025-09-19T04:17:32.633+0000] {dag.py:3823} INFO - Setting next_dagrun for example_sensors to None, run_after=None
[2025-09-19T04:17:32.672+0000] {processor.py:183} INFO - Processing /home/airflow/.local/lib/python3.8/site-packages/airflow/example_dags/example_sensors.py took 0.141 seconds
[2025-09-19T04:18:02.884+0000] {processor.py:161} INFO - Started process (PID=1274) to work on /home/airflow/.local/lib/python3.8/site-packages/airflow/example_dags/example_sensors.py
[2025-09-19T04:18:02.886+0000] {processor.py:830} INFO - Processing file /home/airflow/.local/lib/python3.8/site-packages/airflow/example_dags/example_sensors.py for tasks to queue
[2025-09-19T04:18:02.890+0000] {logging_mixin.py:188} INFO - [2025-09-19T04:18:02.890+0000] {dagbag.py:538} INFO - Filling up the DagBag from /home/airflow/.local/lib/python3.8/site-packages/airflow/example_dags/example_sensors.py
[2025-09-19T04:18:02.910+0000] {processor.py:840} INFO - DAG(s) 'example_sensors' retrieved from /home/airflow/.local/lib/python3.8/site-packages/airflow/example_dags/example_sensors.py
[2025-09-19T04:18:02.962+0000] {logging_mixin.py:188} INFO - [2025-09-19T04:18:02.962+0000] {dag.py:3036} INFO - Sync 1 DAGs
[2025-09-19T04:18:02.986+0000] {logging_mixin.py:188} INFO - [2025-09-19T04:18:02.985+0000] {dag.py:3823} INFO - Setting next_dagrun for example_sensors to None, run_after=None
[2025-09-19T04:18:03.027+0000] {processor.py:183} INFO - Processing /home/airflow/.local/lib/python3.8/site-packages/airflow/example_dags/example_sensors.py took 0.149 seconds
[2025-09-19T04:18:33.652+0000] {processor.py:161} INFO - Started process (PID=1329) to work on /home/airflow/.local/lib/python3.8/site-packages/airflow/example_dags/example_sensors.py
[2025-09-19T04:18:33.654+0000] {processor.py:830} INFO - Processing file /home/airflow/.local/lib/python3.8/site-packages/airflow/example_dags/example_sensors.py for tasks to queue
[2025-09-19T04:18:33.658+0000] {logging_mixin.py:188} INFO - [2025-09-19T04:18:33.657+0000] {dagbag.py:538} INFO - Filling up the DagBag from /home/airflow/.local/lib/python3.8/site-packages/airflow/example_dags/example_sensors.py
[2025-09-19T04:18:33.674+0000] {processor.py:840} INFO - DAG(s) 'example_sensors' retrieved from /home/airflow/.local/lib/python3.8/site-packages/airflow/example_dags/example_sensors.py
[2025-09-19T04:18:33.719+0000] {logging_mixin.py:188} INFO - [2025-09-19T04:18:33.719+0000] {dag.py:3036} INFO - Sync 1 DAGs
[2025-09-19T04:18:33.742+0000] {logging_mixin.py:188} INFO - [2025-09-19T04:18:33.742+0000] {dag.py:3823} INFO - Setting next_dagrun for example_sensors to None, run_after=None
[2025-09-19T04:18:33.781+0000] {processor.py:183} INFO - Processing /home/airflow/.local/lib/python3.8/site-packages/airflow/example_dags/example_sensors.py took 0.134 seconds
[2025-09-19T04:19:04.027+0000] {processor.py:161} INFO - Started process (PID=1384) to work on /home/airflow/.local/lib/python3.8/site-packages/airflow/example_dags/example_sensors.py
[2025-09-19T04:19:04.029+0000] {processor.py:830} INFO - Processing file /home/airflow/.local/lib/python3.8/site-packages/airflow/example_dags/example_sensors.py for tasks to queue
[2025-09-19T04:19:04.034+0000] {logging_mixin.py:188} INFO - [2025-09-19T04:19:04.033+0000] {dagbag.py:538} INFO - Filling up the DagBag from /home/airflow/.local/lib/python3.8/site-packages/airflow/example_dags/example_sensors.py
[2025-09-19T04:19:04.059+0000] {processor.py:840} INFO - DAG(s) 'example_sensors' retrieved from /home/airflow/.local/lib/python3.8/site-packages/airflow/example_dags/example_sensors.py
[2025-09-19T04:19:04.107+0000] {logging_mixin.py:188} INFO - [2025-09-19T04:19:04.107+0000] {dag.py:3036} INFO - Sync 1 DAGs
[2025-09-19T04:19:04.130+0000] {logging_mixin.py:188} INFO - [2025-09-19T04:19:04.129+0000] {dag.py:3823} INFO - Setting next_dagrun for example_sensors to None, run_after=None
[2025-09-19T04:19:04.169+0000] {processor.py:183} INFO - Processing /home/airflow/.local/lib/python3.8/site-packages/airflow/example_dags/example_sensors.py took 0.152 seconds
[2025-09-19T04:19:34.475+0000] {processor.py:161} INFO - Started process (PID=1439) to work on /home/airflow/.local/lib/python3.8/site-packages/airflow/example_dags/example_sensors.py
[2025-09-19T04:19:34.477+0000] {processor.py:830} INFO - Processing file /home/airflow/.local/lib/python3.8/site-packages/airflow/example_dags/example_sensors.py for tasks to queue
[2025-09-19T04:19:34.480+0000] {logging_mixin.py:188} INFO - [2025-09-19T04:19:34.480+0000] {dagbag.py:538} INFO - Filling up the DagBag from /home/airflow/.local/lib/python3.8/site-packages/airflow/example_dags/example_sensors.py
[2025-09-19T04:19:34.496+0000] {processor.py:840} INFO - DAG(s) 'example_sensors' retrieved from /home/airflow/.local/lib/python3.8/site-packages/airflow/example_dags/example_sensors.py
[2025-09-19T04:19:34.542+0000] {logging_mixin.py:188} INFO - [2025-09-19T04:19:34.542+0000] {dag.py:3036} INFO - Sync 1 DAGs
[2025-09-19T04:19:34.567+0000] {logging_mixin.py:188} INFO - [2025-09-19T04:19:34.567+0000] {dag.py:3823} INFO - Setting next_dagrun for example_sensors to None, run_after=None
[2025-09-19T04:19:34.608+0000] {processor.py:183} INFO - Processing /home/airflow/.local/lib/python3.8/site-packages/airflow/example_dags/example_sensors.py took 0.139 seconds
[2025-09-19T04:20:05.348+0000] {processor.py:161} INFO - Started process (PID=1494) to work on /home/airflow/.local/lib/python3.8/site-packages/airflow/example_dags/example_sensors.py
[2025-09-19T04:20:05.350+0000] {processor.py:830} INFO - Processing file /home/airflow/.local/lib/python3.8/site-packages/airflow/example_dags/example_sensors.py for tasks to queue
[2025-09-19T04:20:05.353+0000] {logging_mixin.py:188} INFO - [2025-09-19T04:20:05.353+0000] {dagbag.py:538} INFO - Filling up the DagBag from /home/airflow/.local/lib/python3.8/site-packages/airflow/example_dags/example_sensors.py
[2025-09-19T04:20:05.370+0000] {processor.py:840} INFO - DAG(s) 'example_sensors' retrieved from /home/airflow/.local/lib/python3.8/site-packages/airflow/example_dags/example_sensors.py
[2025-09-19T04:20:05.421+0000] {logging_mixin.py:188} INFO - [2025-09-19T04:20:05.420+0000] {dag.py:3036} INFO - Sync 1 DAGs
[2025-09-19T04:20:05.443+0000] {logging_mixin.py:188} INFO - [2025-09-19T04:20:05.443+0000] {dag.py:3823} INFO - Setting next_dagrun for example_sensors to None, run_after=None
[2025-09-19T04:20:05.484+0000] {processor.py:183} INFO - Processing /home/airflow/.local/lib/python3.8/site-packages/airflow/example_dags/example_sensors.py took 0.145 seconds
[2025-09-19T04:20:35.782+0000] {processor.py:161} INFO - Started process (PID=1549) to work on /home/airflow/.local/lib/python3.8/site-packages/airflow/example_dags/example_sensors.py
[2025-09-19T04:20:35.784+0000] {processor.py:830} INFO - Processing file /home/airflow/.local/lib/python3.8/site-packages/airflow/example_dags/example_sensors.py for tasks to queue
[2025-09-19T04:20:35.788+0000] {logging_mixin.py:188} INFO - [2025-09-19T04:20:35.788+0000] {dagbag.py:538} INFO - Filling up the DagBag from /home/airflow/.local/lib/python3.8/site-packages/airflow/example_dags/example_sensors.py
[2025-09-19T04:20:35.806+0000] {processor.py:840} INFO - DAG(s) 'example_sensors' retrieved from /home/airflow/.local/lib/python3.8/site-packages/airflow/example_dags/example_sensors.py
[2025-09-19T04:20:35.852+0000] {logging_mixin.py:188} INFO - [2025-09-19T04:20:35.851+0000] {dag.py:3036} INFO - Sync 1 DAGs
[2025-09-19T04:20:35.876+0000] {logging_mixin.py:188} INFO - [2025-09-19T04:20:35.876+0000] {dag.py:3823} INFO - Setting next_dagrun for example_sensors to None, run_after=None
[2025-09-19T04:20:35.917+0000] {processor.py:183} INFO - Processing /home/airflow/.local/lib/python3.8/site-packages/airflow/example_dags/example_sensors.py took 0.140 seconds
[2025-09-19T04:21:06.560+0000] {processor.py:161} INFO - Started process (PID=1602) to work on /home/airflow/.local/lib/python3.8/site-packages/airflow/example_dags/example_sensors.py
[2025-09-19T04:21:06.562+0000] {processor.py:830} INFO - Processing file /home/airflow/.local/lib/python3.8/site-packages/airflow/example_dags/example_sensors.py for tasks to queue
[2025-09-19T04:21:06.566+0000] {logging_mixin.py:188} INFO - [2025-09-19T04:21:06.565+0000] {dagbag.py:538} INFO - Filling up the DagBag from /home/airflow/.local/lib/python3.8/site-packages/airflow/example_dags/example_sensors.py
[2025-09-19T04:21:06.582+0000] {processor.py:840} INFO - DAG(s) 'example_sensors' retrieved from /home/airflow/.local/lib/python3.8/site-packages/airflow/example_dags/example_sensors.py
[2025-09-19T04:21:06.632+0000] {logging_mixin.py:188} INFO - [2025-09-19T04:21:06.632+0000] {dag.py:3036} INFO - Sync 1 DAGs
[2025-09-19T04:21:06.656+0000] {logging_mixin.py:188} INFO - [2025-09-19T04:21:06.655+0000] {dag.py:3823} INFO - Setting next_dagrun for example_sensors to None, run_after=None
[2025-09-19T04:21:06.691+0000] {processor.py:183} INFO - Processing /home/airflow/.local/lib/python3.8/site-packages/airflow/example_dags/example_sensors.py took 0.136 seconds
[2025-09-19T04:21:37.098+0000] {processor.py:161} INFO - Started process (PID=1657) to work on /home/airflow/.local/lib/python3.8/site-packages/airflow/example_dags/example_sensors.py
[2025-09-19T04:21:37.100+0000] {processor.py:830} INFO - Processing file /home/airflow/.local/lib/python3.8/site-packages/airflow/example_dags/example_sensors.py for tasks to queue
[2025-09-19T04:21:37.104+0000] {logging_mixin.py:188} INFO - [2025-09-19T04:21:37.104+0000] {dagbag.py:538} INFO - Filling up the DagBag from /home/airflow/.local/lib/python3.8/site-packages/airflow/example_dags/example_sensors.py
[2025-09-19T04:21:37.121+0000] {processor.py:840} INFO - DAG(s) 'example_sensors' retrieved from /home/airflow/.local/lib/python3.8/site-packages/airflow/example_dags/example_sensors.py
[2025-09-19T04:21:37.165+0000] {logging_mixin.py:188} INFO - [2025-09-19T04:21:37.165+0000] {dag.py:3036} INFO - Sync 1 DAGs
[2025-09-19T04:21:37.187+0000] {logging_mixin.py:188} INFO - [2025-09-19T04:21:37.187+0000] {dag.py:3823} INFO - Setting next_dagrun for example_sensors to None, run_after=None
[2025-09-19T04:21:37.226+0000] {processor.py:183} INFO - Processing /home/airflow/.local/lib/python3.8/site-packages/airflow/example_dags/example_sensors.py took 0.134 seconds
[2025-09-19T04:22:07.497+0000] {processor.py:161} INFO - Started process (PID=1712) to work on /home/airflow/.local/lib/python3.8/site-packages/airflow/example_dags/example_sensors.py
[2025-09-19T04:22:07.499+0000] {processor.py:830} INFO - Processing file /home/airflow/.local/lib/python3.8/site-packages/airflow/example_dags/example_sensors.py for tasks to queue
[2025-09-19T04:22:07.503+0000] {logging_mixin.py:188} INFO - [2025-09-19T04:22:07.502+0000] {dagbag.py:538} INFO - Filling up the DagBag from /home/airflow/.local/lib/python3.8/site-packages/airflow/example_dags/example_sensors.py
[2025-09-19T04:22:07.520+0000] {processor.py:840} INFO - DAG(s) 'example_sensors' retrieved from /home/airflow/.local/lib/python3.8/site-packages/airflow/example_dags/example_sensors.py
[2025-09-19T04:22:07.566+0000] {logging_mixin.py:188} INFO - [2025-09-19T04:22:07.565+0000] {dag.py:3036} INFO - Sync 1 DAGs
[2025-09-19T04:22:07.592+0000] {logging_mixin.py:188} INFO - [2025-09-19T04:22:07.592+0000] {dag.py:3823} INFO - Setting next_dagrun for example_sensors to None, run_after=None
[2025-09-19T04:22:07.628+0000] {processor.py:183} INFO - Processing /home/airflow/.local/lib/python3.8/site-packages/airflow/example_dags/example_sensors.py took 0.137 seconds
[2025-09-19T04:22:37.828+0000] {processor.py:161} INFO - Started process (PID=1767) to work on /home/airflow/.local/lib/python3.8/site-packages/airflow/example_dags/example_sensors.py
[2025-09-19T04:22:37.830+0000] {processor.py:830} INFO - Processing file /home/airflow/.local/lib/python3.8/site-packages/airflow/example_dags/example_sensors.py for tasks to queue
[2025-09-19T04:22:37.834+0000] {logging_mixin.py:188} INFO - [2025-09-19T04:22:37.833+0000] {dagbag.py:538} INFO - Filling up the DagBag from /home/airflow/.local/lib/python3.8/site-packages/airflow/example_dags/example_sensors.py
[2025-09-19T04:22:37.850+0000] {processor.py:840} INFO - DAG(s) 'example_sensors' retrieved from /home/airflow/.local/lib/python3.8/site-packages/airflow/example_dags/example_sensors.py
[2025-09-19T04:22:37.896+0000] {logging_mixin.py:188} INFO - [2025-09-19T04:22:37.895+0000] {dag.py:3036} INFO - Sync 1 DAGs
[2025-09-19T04:22:37.917+0000] {logging_mixin.py:188} INFO - [2025-09-19T04:22:37.917+0000] {dag.py:3823} INFO - Setting next_dagrun for example_sensors to None, run_after=None
[2025-09-19T04:22:37.955+0000] {processor.py:183} INFO - Processing /home/airflow/.local/lib/python3.8/site-packages/airflow/example_dags/example_sensors.py took 0.133 seconds
[2025-09-19T04:23:08.130+0000] {processor.py:161} INFO - Started process (PID=1822) to work on /home/airflow/.local/lib/python3.8/site-packages/airflow/example_dags/example_sensors.py
[2025-09-19T04:23:08.132+0000] {processor.py:830} INFO - Processing file /home/airflow/.local/lib/python3.8/site-packages/airflow/example_dags/example_sensors.py for tasks to queue
[2025-09-19T04:23:08.136+0000] {logging_mixin.py:188} INFO - [2025-09-19T04:23:08.135+0000] {dagbag.py:538} INFO - Filling up the DagBag from /home/airflow/.local/lib/python3.8/site-packages/airflow/example_dags/example_sensors.py
[2025-09-19T04:23:08.156+0000] {processor.py:840} INFO - DAG(s) 'example_sensors' retrieved from /home/airflow/.local/lib/python3.8/site-packages/airflow/example_dags/example_sensors.py
[2025-09-19T04:23:08.201+0000] {logging_mixin.py:188} INFO - [2025-09-19T04:23:08.201+0000] {dag.py:3036} INFO - Sync 1 DAGs
[2025-09-19T04:23:08.226+0000] {logging_mixin.py:188} INFO - [2025-09-19T04:23:08.226+0000] {dag.py:3823} INFO - Setting next_dagrun for example_sensors to None, run_after=None
[2025-09-19T04:23:08.267+0000] {processor.py:183} INFO - Processing /home/airflow/.local/lib/python3.8/site-packages/airflow/example_dags/example_sensors.py took 0.142 seconds
[2025-09-19T04:23:38.545+0000] {processor.py:161} INFO - Started process (PID=1877) to work on /home/airflow/.local/lib/python3.8/site-packages/airflow/example_dags/example_sensors.py
[2025-09-19T04:23:38.547+0000] {processor.py:830} INFO - Processing file /home/airflow/.local/lib/python3.8/site-packages/airflow/example_dags/example_sensors.py for tasks to queue
[2025-09-19T04:23:38.551+0000] {logging_mixin.py:188} INFO - [2025-09-19T04:23:38.550+0000] {dagbag.py:538} INFO - Filling up the DagBag from /home/airflow/.local/lib/python3.8/site-packages/airflow/example_dags/example_sensors.py
[2025-09-19T04:23:38.573+0000] {processor.py:840} INFO - DAG(s) 'example_sensors' retrieved from /home/airflow/.local/lib/python3.8/site-packages/airflow/example_dags/example_sensors.py
[2025-09-19T04:23:38.621+0000] {logging_mixin.py:188} INFO - [2025-09-19T04:23:38.620+0000] {dag.py:3036} INFO - Sync 1 DAGs
[2025-09-19T04:23:38.652+0000] {logging_mixin.py:188} INFO - [2025-09-19T04:23:38.651+0000] {dag.py:3823} INFO - Setting next_dagrun for example_sensors to None, run_after=None
[2025-09-19T04:23:38.694+0000] {processor.py:183} INFO - Processing /home/airflow/.local/lib/python3.8/site-packages/airflow/example_dags/example_sensors.py took 0.154 seconds
[2025-09-19T04:24:09.025+0000] {processor.py:161} INFO - Started process (PID=1932) to work on /home/airflow/.local/lib/python3.8/site-packages/airflow/example_dags/example_sensors.py
[2025-09-19T04:24:09.027+0000] {processor.py:830} INFO - Processing file /home/airflow/.local/lib/python3.8/site-packages/airflow/example_dags/example_sensors.py for tasks to queue
[2025-09-19T04:24:09.031+0000] {logging_mixin.py:188} INFO - [2025-09-19T04:24:09.030+0000] {dagbag.py:538} INFO - Filling up the DagBag from /home/airflow/.local/lib/python3.8/site-packages/airflow/example_dags/example_sensors.py
[2025-09-19T04:24:09.058+0000] {processor.py:840} INFO - DAG(s) 'example_sensors' retrieved from /home/airflow/.local/lib/python3.8/site-packages/airflow/example_dags/example_sensors.py
[2025-09-19T04:24:09.108+0000] {logging_mixin.py:188} INFO - [2025-09-19T04:24:09.107+0000] {dag.py:3036} INFO - Sync 1 DAGs
[2025-09-19T04:24:09.131+0000] {logging_mixin.py:188} INFO - [2025-09-19T04:24:09.131+0000] {dag.py:3823} INFO - Setting next_dagrun for example_sensors to None, run_after=None
[2025-09-19T04:24:09.164+0000] {processor.py:183} INFO - Processing /home/airflow/.local/lib/python3.8/site-packages/airflow/example_dags/example_sensors.py took 0.145 seconds
[2025-09-19T04:24:39.289+0000] {processor.py:161} INFO - Started process (PID=1988) to work on /home/airflow/.local/lib/python3.8/site-packages/airflow/example_dags/example_sensors.py
[2025-09-19T04:24:39.291+0000] {processor.py:830} INFO - Processing file /home/airflow/.local/lib/python3.8/site-packages/airflow/example_dags/example_sensors.py for tasks to queue
[2025-09-19T04:24:39.295+0000] {logging_mixin.py:188} INFO - [2025-09-19T04:24:39.294+0000] {dagbag.py:538} INFO - Filling up the DagBag from /home/airflow/.local/lib/python3.8/site-packages/airflow/example_dags/example_sensors.py
[2025-09-19T04:24:39.314+0000] {processor.py:840} INFO - DAG(s) 'example_sensors' retrieved from /home/airflow/.local/lib/python3.8/site-packages/airflow/example_dags/example_sensors.py
[2025-09-19T04:24:39.361+0000] {logging_mixin.py:188} INFO - [2025-09-19T04:24:39.360+0000] {dag.py:3036} INFO - Sync 1 DAGs
[2025-09-19T04:24:39.384+0000] {logging_mixin.py:188} INFO - [2025-09-19T04:24:39.384+0000] {dag.py:3823} INFO - Setting next_dagrun for example_sensors to None, run_after=None
[2025-09-19T04:24:39.424+0000] {processor.py:183} INFO - Processing /home/airflow/.local/lib/python3.8/site-packages/airflow/example_dags/example_sensors.py took 0.147 seconds
[2025-09-19T04:25:09.735+0000] {processor.py:161} INFO - Started process (PID=2043) to work on /home/airflow/.local/lib/python3.8/site-packages/airflow/example_dags/example_sensors.py
[2025-09-19T04:25:09.737+0000] {processor.py:830} INFO - Processing file /home/airflow/.local/lib/python3.8/site-packages/airflow/example_dags/example_sensors.py for tasks to queue
[2025-09-19T04:25:09.742+0000] {logging_mixin.py:188} INFO - [2025-09-19T04:25:09.741+0000] {dagbag.py:538} INFO - Filling up the DagBag from /home/airflow/.local/lib/python3.8/site-packages/airflow/example_dags/example_sensors.py
[2025-09-19T04:25:09.763+0000] {processor.py:840} INFO - DAG(s) 'example_sensors' retrieved from /home/airflow/.local/lib/python3.8/site-packages/airflow/example_dags/example_sensors.py
[2025-09-19T04:25:09.819+0000] {logging_mixin.py:188} INFO - [2025-09-19T04:25:09.818+0000] {dag.py:3036} INFO - Sync 1 DAGs
[2025-09-19T04:25:09.852+0000] {logging_mixin.py:188} INFO - [2025-09-19T04:25:09.851+0000] {dag.py:3823} INFO - Setting next_dagrun for example_sensors to None, run_after=None
[2025-09-19T04:25:09.896+0000] {processor.py:183} INFO - Processing /home/airflow/.local/lib/python3.8/site-packages/airflow/example_dags/example_sensors.py took 0.169 seconds
[2025-09-19T04:25:40.007+0000] {processor.py:161} INFO - Started process (PID=2098) to work on /home/airflow/.local/lib/python3.8/site-packages/airflow/example_dags/example_sensors.py
[2025-09-19T04:25:40.010+0000] {processor.py:830} INFO - Processing file /home/airflow/.local/lib/python3.8/site-packages/airflow/example_dags/example_sensors.py for tasks to queue
[2025-09-19T04:25:40.014+0000] {logging_mixin.py:188} INFO - [2025-09-19T04:25:40.013+0000] {dagbag.py:538} INFO - Filling up the DagBag from /home/airflow/.local/lib/python3.8/site-packages/airflow/example_dags/example_sensors.py
[2025-09-19T04:25:40.034+0000] {processor.py:840} INFO - DAG(s) 'example_sensors' retrieved from /home/airflow/.local/lib/python3.8/site-packages/airflow/example_dags/example_sensors.py
[2025-09-19T04:25:40.088+0000] {logging_mixin.py:188} INFO - [2025-09-19T04:25:40.086+0000] {dag.py:3036} INFO - Sync 1 DAGs
[2025-09-19T04:25:40.113+0000] {logging_mixin.py:188} INFO - [2025-09-19T04:25:40.113+0000] {dag.py:3823} INFO - Setting next_dagrun for example_sensors to None, run_after=None
[2025-09-19T04:25:40.152+0000] {processor.py:183} INFO - Processing /home/airflow/.local/lib/python3.8/site-packages/airflow/example_dags/example_sensors.py took 0.152 seconds
[2025-09-19T04:26:10.463+0000] {processor.py:161} INFO - Started process (PID=2153) to work on /home/airflow/.local/lib/python3.8/site-packages/airflow/example_dags/example_sensors.py
[2025-09-19T04:26:10.465+0000] {processor.py:830} INFO - Processing file /home/airflow/.local/lib/python3.8/site-packages/airflow/example_dags/example_sensors.py for tasks to queue
[2025-09-19T04:26:10.469+0000] {logging_mixin.py:188} INFO - [2025-09-19T04:26:10.468+0000] {dagbag.py:538} INFO - Filling up the DagBag from /home/airflow/.local/lib/python3.8/site-packages/airflow/example_dags/example_sensors.py
[2025-09-19T04:26:10.485+0000] {processor.py:840} INFO - DAG(s) 'example_sensors' retrieved from /home/airflow/.local/lib/python3.8/site-packages/airflow/example_dags/example_sensors.py
[2025-09-19T04:26:10.530+0000] {logging_mixin.py:188} INFO - [2025-09-19T04:26:10.530+0000] {dag.py:3036} INFO - Sync 1 DAGs
[2025-09-19T04:26:10.554+0000] {logging_mixin.py:188} INFO - [2025-09-19T04:26:10.553+0000] {dag.py:3823} INFO - Setting next_dagrun for example_sensors to None, run_after=None
[2025-09-19T04:26:10.593+0000] {processor.py:183} INFO - Processing /home/airflow/.local/lib/python3.8/site-packages/airflow/example_dags/example_sensors.py took 0.136 seconds
[2025-09-19T04:26:41.137+0000] {processor.py:161} INFO - Started process (PID=2208) to work on /home/airflow/.local/lib/python3.8/site-packages/airflow/example_dags/example_sensors.py
[2025-09-19T04:26:41.139+0000] {processor.py:830} INFO - Processing file /home/airflow/.local/lib/python3.8/site-packages/airflow/example_dags/example_sensors.py for tasks to queue
[2025-09-19T04:26:41.142+0000] {logging_mixin.py:188} INFO - [2025-09-19T04:26:41.142+0000] {dagbag.py:538} INFO - Filling up the DagBag from /home/airflow/.local/lib/python3.8/site-packages/airflow/example_dags/example_sensors.py
[2025-09-19T04:26:41.161+0000] {processor.py:840} INFO - DAG(s) 'example_sensors' retrieved from /home/airflow/.local/lib/python3.8/site-packages/airflow/example_dags/example_sensors.py
[2025-09-19T04:26:41.205+0000] {logging_mixin.py:188} INFO - [2025-09-19T04:26:41.205+0000] {dag.py:3036} INFO - Sync 1 DAGs
[2025-09-19T04:26:41.228+0000] {logging_mixin.py:188} INFO - [2025-09-19T04:26:41.228+0000] {dag.py:3823} INFO - Setting next_dagrun for example_sensors to None, run_after=None
[2025-09-19T04:26:41.270+0000] {processor.py:183} INFO - Processing /home/airflow/.local/lib/python3.8/site-packages/airflow/example_dags/example_sensors.py took 0.139 seconds
[2025-09-19T04:27:11.356+0000] {processor.py:161} INFO - Started process (PID=2263) to work on /home/airflow/.local/lib/python3.8/site-packages/airflow/example_dags/example_sensors.py
[2025-09-19T04:27:11.358+0000] {processor.py:830} INFO - Processing file /home/airflow/.local/lib/python3.8/site-packages/airflow/example_dags/example_sensors.py for tasks to queue
[2025-09-19T04:27:11.362+0000] {logging_mixin.py:188} INFO - [2025-09-19T04:27:11.361+0000] {dagbag.py:538} INFO - Filling up the DagBag from /home/airflow/.local/lib/python3.8/site-packages/airflow/example_dags/example_sensors.py
[2025-09-19T04:27:11.379+0000] {processor.py:840} INFO - DAG(s) 'example_sensors' retrieved from /home/airflow/.local/lib/python3.8/site-packages/airflow/example_dags/example_sensors.py
[2025-09-19T04:27:11.426+0000] {logging_mixin.py:188} INFO - [2025-09-19T04:27:11.425+0000] {dag.py:3036} INFO - Sync 1 DAGs
[2025-09-19T04:27:11.449+0000] {logging_mixin.py:188} INFO - [2025-09-19T04:27:11.449+0000] {dag.py:3823} INFO - Setting next_dagrun for example_sensors to None, run_after=None
[2025-09-19T04:27:11.484+0000] {processor.py:183} INFO - Processing /home/airflow/.local/lib/python3.8/site-packages/airflow/example_dags/example_sensors.py took 0.135 seconds
[2025-09-19T04:27:41.769+0000] {processor.py:161} INFO - Started process (PID=2318) to work on /home/airflow/.local/lib/python3.8/site-packages/airflow/example_dags/example_sensors.py
[2025-09-19T04:27:41.771+0000] {processor.py:830} INFO - Processing file /home/airflow/.local/lib/python3.8/site-packages/airflow/example_dags/example_sensors.py for tasks to queue
[2025-09-19T04:27:41.774+0000] {logging_mixin.py:188} INFO - [2025-09-19T04:27:41.774+0000] {dagbag.py:538} INFO - Filling up the DagBag from /home/airflow/.local/lib/python3.8/site-packages/airflow/example_dags/example_sensors.py
[2025-09-19T04:27:41.791+0000] {processor.py:840} INFO - DAG(s) 'example_sensors' retrieved from /home/airflow/.local/lib/python3.8/site-packages/airflow/example_dags/example_sensors.py
[2025-09-19T04:27:41.835+0000] {logging_mixin.py:188} INFO - [2025-09-19T04:27:41.835+0000] {dag.py:3036} INFO - Sync 1 DAGs
[2025-09-19T04:27:41.858+0000] {logging_mixin.py:188} INFO - [2025-09-19T04:27:41.857+0000] {dag.py:3823} INFO - Setting next_dagrun for example_sensors to None, run_after=None
[2025-09-19T04:27:41.896+0000] {processor.py:183} INFO - Processing /home/airflow/.local/lib/python3.8/site-packages/airflow/example_dags/example_sensors.py took 0.133 seconds
[2025-09-19T04:28:12.246+0000] {processor.py:161} INFO - Started process (PID=2373) to work on /home/airflow/.local/lib/python3.8/site-packages/airflow/example_dags/example_sensors.py
[2025-09-19T04:28:12.248+0000] {processor.py:830} INFO - Processing file /home/airflow/.local/lib/python3.8/site-packages/airflow/example_dags/example_sensors.py for tasks to queue
[2025-09-19T04:28:12.252+0000] {logging_mixin.py:188} INFO - [2025-09-19T04:28:12.251+0000] {dagbag.py:538} INFO - Filling up the DagBag from /home/airflow/.local/lib/python3.8/site-packages/airflow/example_dags/example_sensors.py
[2025-09-19T04:28:12.270+0000] {processor.py:840} INFO - DAG(s) 'example_sensors' retrieved from /home/airflow/.local/lib/python3.8/site-packages/airflow/example_dags/example_sensors.py
[2025-09-19T04:28:12.329+0000] {logging_mixin.py:188} INFO - [2025-09-19T04:28:12.329+0000] {dag.py:3036} INFO - Sync 1 DAGs
[2025-09-19T04:28:12.354+0000] {logging_mixin.py:188} INFO - [2025-09-19T04:28:12.353+0000] {dag.py:3823} INFO - Setting next_dagrun for example_sensors to None, run_after=None
[2025-09-19T04:28:12.391+0000] {processor.py:183} INFO - Processing /home/airflow/.local/lib/python3.8/site-packages/airflow/example_dags/example_sensors.py took 0.152 seconds
[2025-09-19T04:28:42.917+0000] {processor.py:161} INFO - Started process (PID=2428) to work on /home/airflow/.local/lib/python3.8/site-packages/airflow/example_dags/example_sensors.py
[2025-09-19T04:28:42.919+0000] {processor.py:830} INFO - Processing file /home/airflow/.local/lib/python3.8/site-packages/airflow/example_dags/example_sensors.py for tasks to queue
[2025-09-19T04:28:42.922+0000] {logging_mixin.py:188} INFO - [2025-09-19T04:28:42.922+0000] {dagbag.py:538} INFO - Filling up the DagBag from /home/airflow/.local/lib/python3.8/site-packages/airflow/example_dags/example_sensors.py
[2025-09-19T04:28:42.946+0000] {processor.py:840} INFO - DAG(s) 'example_sensors' retrieved from /home/airflow/.local/lib/python3.8/site-packages/airflow/example_dags/example_sensors.py
[2025-09-19T04:28:42.998+0000] {logging_mixin.py:188} INFO - [2025-09-19T04:28:42.997+0000] {dag.py:3036} INFO - Sync 1 DAGs
[2025-09-19T04:28:43.022+0000] {logging_mixin.py:188} INFO - [2025-09-19T04:28:43.022+0000] {dag.py:3823} INFO - Setting next_dagrun for example_sensors to None, run_after=None
[2025-09-19T04:28:43.066+0000] {processor.py:183} INFO - Processing /home/airflow/.local/lib/python3.8/site-packages/airflow/example_dags/example_sensors.py took 0.157 seconds
[2025-09-19T04:29:13.448+0000] {processor.py:161} INFO - Started process (PID=2483) to work on /home/airflow/.local/lib/python3.8/site-packages/airflow/example_dags/example_sensors.py
[2025-09-19T04:29:13.450+0000] {processor.py:830} INFO - Processing file /home/airflow/.local/lib/python3.8/site-packages/airflow/example_dags/example_sensors.py for tasks to queue
[2025-09-19T04:29:13.453+0000] {logging_mixin.py:188} INFO - [2025-09-19T04:29:13.452+0000] {dagbag.py:538} INFO - Filling up the DagBag from /home/airflow/.local/lib/python3.8/site-packages/airflow/example_dags/example_sensors.py
[2025-09-19T04:29:13.469+0000] {processor.py:840} INFO - DAG(s) 'example_sensors' retrieved from /home/airflow/.local/lib/python3.8/site-packages/airflow/example_dags/example_sensors.py
[2025-09-19T04:29:13.517+0000] {logging_mixin.py:188} INFO - [2025-09-19T04:29:13.516+0000] {dag.py:3036} INFO - Sync 1 DAGs
[2025-09-19T04:29:13.540+0000] {logging_mixin.py:188} INFO - [2025-09-19T04:29:13.539+0000] {dag.py:3823} INFO - Setting next_dagrun for example_sensors to None, run_after=None
[2025-09-19T04:29:13.579+0000] {processor.py:183} INFO - Processing /home/airflow/.local/lib/python3.8/site-packages/airflow/example_dags/example_sensors.py took 0.137 seconds
[2025-09-19T04:29:43.798+0000] {processor.py:161} INFO - Started process (PID=2538) to work on /home/airflow/.local/lib/python3.8/site-packages/airflow/example_dags/example_sensors.py
[2025-09-19T04:29:43.801+0000] {processor.py:830} INFO - Processing file /home/airflow/.local/lib/python3.8/site-packages/airflow/example_dags/example_sensors.py for tasks to queue
[2025-09-19T04:29:43.806+0000] {logging_mixin.py:188} INFO - [2025-09-19T04:29:43.805+0000] {dagbag.py:538} INFO - Filling up the DagBag from /home/airflow/.local/lib/python3.8/site-packages/airflow/example_dags/example_sensors.py
[2025-09-19T04:29:43.827+0000] {processor.py:840} INFO - DAG(s) 'example_sensors' retrieved from /home/airflow/.local/lib/python3.8/site-packages/airflow/example_dags/example_sensors.py
[2025-09-19T04:29:43.888+0000] {logging_mixin.py:188} INFO - [2025-09-19T04:29:43.888+0000] {dag.py:3036} INFO - Sync 1 DAGs
[2025-09-19T04:29:43.924+0000] {logging_mixin.py:188} INFO - [2025-09-19T04:29:43.923+0000] {dag.py:3823} INFO - Setting next_dagrun for example_sensors to None, run_after=None
[2025-09-19T04:29:43.970+0000] {processor.py:183} INFO - Processing /home/airflow/.local/lib/python3.8/site-packages/airflow/example_dags/example_sensors.py took 0.180 seconds
[2025-09-19T04:30:14.377+0000] {processor.py:161} INFO - Started process (PID=2593) to work on /home/airflow/.local/lib/python3.8/site-packages/airflow/example_dags/example_sensors.py
[2025-09-19T04:30:14.379+0000] {processor.py:830} INFO - Processing file /home/airflow/.local/lib/python3.8/site-packages/airflow/example_dags/example_sensors.py for tasks to queue
[2025-09-19T04:30:14.382+0000] {logging_mixin.py:188} INFO - [2025-09-19T04:30:14.381+0000] {dagbag.py:538} INFO - Filling up the DagBag from /home/airflow/.local/lib/python3.8/site-packages/airflow/example_dags/example_sensors.py
[2025-09-19T04:30:14.398+0000] {processor.py:840} INFO - DAG(s) 'example_sensors' retrieved from /home/airflow/.local/lib/python3.8/site-packages/airflow/example_dags/example_sensors.py
[2025-09-19T04:30:14.443+0000] {logging_mixin.py:188} INFO - [2025-09-19T04:30:14.443+0000] {dag.py:3036} INFO - Sync 1 DAGs
[2025-09-19T04:30:14.467+0000] {logging_mixin.py:188} INFO - [2025-09-19T04:30:14.467+0000] {dag.py:3823} INFO - Setting next_dagrun for example_sensors to None, run_after=None
[2025-09-19T04:30:14.507+0000] {processor.py:183} INFO - Processing /home/airflow/.local/lib/python3.8/site-packages/airflow/example_dags/example_sensors.py took 0.136 seconds
[2025-09-19T04:30:44.773+0000] {processor.py:161} INFO - Started process (PID=2648) to work on /home/airflow/.local/lib/python3.8/site-packages/airflow/example_dags/example_sensors.py
[2025-09-19T04:30:44.775+0000] {processor.py:830} INFO - Processing file /home/airflow/.local/lib/python3.8/site-packages/airflow/example_dags/example_sensors.py for tasks to queue
[2025-09-19T04:30:44.779+0000] {logging_mixin.py:188} INFO - [2025-09-19T04:30:44.778+0000] {dagbag.py:538} INFO - Filling up the DagBag from /home/airflow/.local/lib/python3.8/site-packages/airflow/example_dags/example_sensors.py
[2025-09-19T04:30:44.797+0000] {processor.py:840} INFO - DAG(s) 'example_sensors' retrieved from /home/airflow/.local/lib/python3.8/site-packages/airflow/example_dags/example_sensors.py
[2025-09-19T04:30:44.860+0000] {logging_mixin.py:188} INFO - [2025-09-19T04:30:44.859+0000] {dag.py:3036} INFO - Sync 1 DAGs
[2025-09-19T04:30:44.902+0000] {logging_mixin.py:188} INFO - [2025-09-19T04:30:44.902+0000] {dag.py:3823} INFO - Setting next_dagrun for example_sensors to None, run_after=None
[2025-09-19T04:30:44.965+0000] {processor.py:183} INFO - Processing /home/airflow/.local/lib/python3.8/site-packages/airflow/example_dags/example_sensors.py took 0.198 seconds
[2025-09-19T04:31:15.599+0000] {processor.py:161} INFO - Started process (PID=2703) to work on /home/airflow/.local/lib/python3.8/site-packages/airflow/example_dags/example_sensors.py
[2025-09-19T04:31:15.601+0000] {processor.py:830} INFO - Processing file /home/airflow/.local/lib/python3.8/site-packages/airflow/example_dags/example_sensors.py for tasks to queue
[2025-09-19T04:31:15.606+0000] {logging_mixin.py:188} INFO - [2025-09-19T04:31:15.605+0000] {dagbag.py:538} INFO - Filling up the DagBag from /home/airflow/.local/lib/python3.8/site-packages/airflow/example_dags/example_sensors.py
[2025-09-19T04:31:15.622+0000] {processor.py:840} INFO - DAG(s) 'example_sensors' retrieved from /home/airflow/.local/lib/python3.8/site-packages/airflow/example_dags/example_sensors.py
[2025-09-19T04:31:15.669+0000] {logging_mixin.py:188} INFO - [2025-09-19T04:31:15.669+0000] {dag.py:3036} INFO - Sync 1 DAGs
[2025-09-19T04:31:15.693+0000] {logging_mixin.py:188} INFO - [2025-09-19T04:31:15.692+0000] {dag.py:3823} INFO - Setting next_dagrun for example_sensors to None, run_after=None
[2025-09-19T04:31:15.735+0000] {processor.py:183} INFO - Processing /home/airflow/.local/lib/python3.8/site-packages/airflow/example_dags/example_sensors.py took 0.141 seconds
[2025-09-19T04:31:46.511+0000] {processor.py:161} INFO - Started process (PID=2758) to work on /home/airflow/.local/lib/python3.8/site-packages/airflow/example_dags/example_sensors.py
[2025-09-19T04:31:46.513+0000] {processor.py:830} INFO - Processing file /home/airflow/.local/lib/python3.8/site-packages/airflow/example_dags/example_sensors.py for tasks to queue
[2025-09-19T04:31:46.516+0000] {logging_mixin.py:188} INFO - [2025-09-19T04:31:46.516+0000] {dagbag.py:538} INFO - Filling up the DagBag from /home/airflow/.local/lib/python3.8/site-packages/airflow/example_dags/example_sensors.py
[2025-09-19T04:31:46.533+0000] {processor.py:840} INFO - DAG(s) 'example_sensors' retrieved from /home/airflow/.local/lib/python3.8/site-packages/airflow/example_dags/example_sensors.py
[2025-09-19T04:31:46.578+0000] {logging_mixin.py:188} INFO - [2025-09-19T04:31:46.577+0000] {dag.py:3036} INFO - Sync 1 DAGs
[2025-09-19T04:31:46.785+0000] {logging_mixin.py:188} INFO - [2025-09-19T04:31:46.785+0000] {dag.py:3823} INFO - Setting next_dagrun for example_sensors to None, run_after=None
[2025-09-19T04:31:46.827+0000] {processor.py:183} INFO - Processing /home/airflow/.local/lib/python3.8/site-packages/airflow/example_dags/example_sensors.py took 0.322 seconds
[2025-09-19T04:32:17.334+0000] {processor.py:161} INFO - Started process (PID=2813) to work on /home/airflow/.local/lib/python3.8/site-packages/airflow/example_dags/example_sensors.py
[2025-09-19T04:32:17.336+0000] {processor.py:830} INFO - Processing file /home/airflow/.local/lib/python3.8/site-packages/airflow/example_dags/example_sensors.py for tasks to queue
[2025-09-19T04:32:17.340+0000] {logging_mixin.py:188} INFO - [2025-09-19T04:32:17.339+0000] {dagbag.py:538} INFO - Filling up the DagBag from /home/airflow/.local/lib/python3.8/site-packages/airflow/example_dags/example_sensors.py
[2025-09-19T04:32:17.360+0000] {processor.py:840} INFO - DAG(s) 'example_sensors' retrieved from /home/airflow/.local/lib/python3.8/site-packages/airflow/example_dags/example_sensors.py
[2025-09-19T04:32:17.407+0000] {logging_mixin.py:188} INFO - [2025-09-19T04:32:17.406+0000] {dag.py:3036} INFO - Sync 1 DAGs
[2025-09-19T04:32:17.430+0000] {logging_mixin.py:188} INFO - [2025-09-19T04:32:17.430+0000] {dag.py:3823} INFO - Setting next_dagrun for example_sensors to None, run_after=None
[2025-09-19T04:32:17.471+0000] {processor.py:183} INFO - Processing /home/airflow/.local/lib/python3.8/site-packages/airflow/example_dags/example_sensors.py took 0.143 seconds
[2025-09-19T04:32:48.049+0000] {processor.py:161} INFO - Started process (PID=2868) to work on /home/airflow/.local/lib/python3.8/site-packages/airflow/example_dags/example_sensors.py
[2025-09-19T04:32:48.051+0000] {processor.py:830} INFO - Processing file /home/airflow/.local/lib/python3.8/site-packages/airflow/example_dags/example_sensors.py for tasks to queue
[2025-09-19T04:32:48.055+0000] {logging_mixin.py:188} INFO - [2025-09-19T04:32:48.054+0000] {dagbag.py:538} INFO - Filling up the DagBag from /home/airflow/.local/lib/python3.8/site-packages/airflow/example_dags/example_sensors.py
[2025-09-19T04:32:48.072+0000] {processor.py:840} INFO - DAG(s) 'example_sensors' retrieved from /home/airflow/.local/lib/python3.8/site-packages/airflow/example_dags/example_sensors.py
[2025-09-19T04:32:48.117+0000] {logging_mixin.py:188} INFO - [2025-09-19T04:32:48.117+0000] {dag.py:3036} INFO - Sync 1 DAGs
[2025-09-19T04:32:48.140+0000] {logging_mixin.py:188} INFO - [2025-09-19T04:32:48.139+0000] {dag.py:3823} INFO - Setting next_dagrun for example_sensors to None, run_after=None
[2025-09-19T04:32:48.178+0000] {processor.py:183} INFO - Processing /home/airflow/.local/lib/python3.8/site-packages/airflow/example_dags/example_sensors.py took 0.135 seconds
[2025-09-19T04:33:19.041+0000] {processor.py:161} INFO - Started process (PID=2923) to work on /home/airflow/.local/lib/python3.8/site-packages/airflow/example_dags/example_sensors.py
[2025-09-19T04:33:19.043+0000] {processor.py:830} INFO - Processing file /home/airflow/.local/lib/python3.8/site-packages/airflow/example_dags/example_sensors.py for tasks to queue
[2025-09-19T04:33:19.047+0000] {logging_mixin.py:188} INFO - [2025-09-19T04:33:19.047+0000] {dagbag.py:538} INFO - Filling up the DagBag from /home/airflow/.local/lib/python3.8/site-packages/airflow/example_dags/example_sensors.py
[2025-09-19T04:33:19.065+0000] {processor.py:840} INFO - DAG(s) 'example_sensors' retrieved from /home/airflow/.local/lib/python3.8/site-packages/airflow/example_dags/example_sensors.py
[2025-09-19T04:33:19.291+0000] {logging_mixin.py:188} INFO - [2025-09-19T04:33:19.291+0000] {dag.py:3036} INFO - Sync 1 DAGs
[2025-09-19T04:33:19.312+0000] {logging_mixin.py:188} INFO - [2025-09-19T04:33:19.312+0000] {dag.py:3823} INFO - Setting next_dagrun for example_sensors to None, run_after=None
[2025-09-19T04:33:19.350+0000] {processor.py:183} INFO - Processing /home/airflow/.local/lib/python3.8/site-packages/airflow/example_dags/example_sensors.py took 0.315 seconds
