[2025-09-19T04:06:24.265+0000] {processor.py:161} INFO - Started process (PID=55) to work on /home/airflow/.local/lib/python3.8/site-packages/airflow/example_dags/example_external_task_marker_dag.py
[2025-09-19T04:06:24.272+0000] {processor.py:830} INFO - Processing file /home/airflow/.local/lib/python3.8/site-packages/airflow/example_dags/example_external_task_marker_dag.py for tasks to queue
[2025-09-19T04:06:24.279+0000] {logging_mixin.py:188} INFO - [2025-09-19T04:06:24.278+0000] {dagbag.py:538} INFO - Filling up the DagBag from /home/airflow/.local/lib/python3.8/site-packages/airflow/example_dags/example_external_task_marker_dag.py
[2025-09-19T04:06:24.563+0000] {processor.py:840} INFO - DAG(s) 'example_external_task_marker_child', 'example_external_task_marker_parent' retrieved from /home/airflow/.local/lib/python3.8/site-packages/airflow/example_dags/example_external_task_marker_dag.py
[2025-09-19T04:06:35.402+0000] {logging_mixin.py:188} INFO - [2025-09-19T04:06:35.402+0000] {dag.py:3036} INFO - Sync 2 DAGs
[2025-09-19T04:06:35.530+0000] {logging_mixin.py:188} INFO - [2025-09-19T04:06:35.529+0000] {dag.py:3823} INFO - Setting next_dagrun for example_external_task_marker_child to None, run_after=None
[2025-09-19T04:06:35.535+0000] {logging_mixin.py:188} INFO - [2025-09-19T04:06:35.535+0000] {dag.py:3823} INFO - Setting next_dagrun for example_external_task_marker_parent to None, run_after=None
[2025-09-19T04:06:35.896+0000] {processor.py:183} INFO - Processing /home/airflow/.local/lib/python3.8/site-packages/airflow/example_dags/example_external_task_marker_dag.py took 11.655 seconds
[2025-09-19T04:07:07.550+0000] {processor.py:161} INFO - Started process (PID=111) to work on /home/airflow/.local/lib/python3.8/site-packages/airflow/example_dags/example_external_task_marker_dag.py
[2025-09-19T04:07:07.553+0000] {processor.py:830} INFO - Processing file /home/airflow/.local/lib/python3.8/site-packages/airflow/example_dags/example_external_task_marker_dag.py for tasks to queue
[2025-09-19T04:07:07.556+0000] {logging_mixin.py:188} INFO - [2025-09-19T04:07:07.556+0000] {dagbag.py:538} INFO - Filling up the DagBag from /home/airflow/.local/lib/python3.8/site-packages/airflow/example_dags/example_external_task_marker_dag.py
[2025-09-19T04:07:07.568+0000] {processor.py:840} INFO - DAG(s) 'example_external_task_marker_parent', 'example_external_task_marker_child' retrieved from /home/airflow/.local/lib/python3.8/site-packages/airflow/example_dags/example_external_task_marker_dag.py
[2025-09-19T04:07:07.622+0000] {logging_mixin.py:188} INFO - [2025-09-19T04:07:07.622+0000] {dag.py:3036} INFO - Sync 2 DAGs
[2025-09-19T04:07:07.656+0000] {logging_mixin.py:188} INFO - [2025-09-19T04:07:07.656+0000] {dag.py:3823} INFO - Setting next_dagrun for example_external_task_marker_child to None, run_after=None
[2025-09-19T04:07:07.665+0000] {logging_mixin.py:188} INFO - [2025-09-19T04:07:07.664+0000] {dag.py:3823} INFO - Setting next_dagrun for example_external_task_marker_parent to None, run_after=None
[2025-09-19T04:07:07.699+0000] {processor.py:183} INFO - Processing /home/airflow/.local/lib/python3.8/site-packages/airflow/example_dags/example_external_task_marker_dag.py took 0.155 seconds
[2025-09-19T04:07:38.426+0000] {processor.py:161} INFO - Started process (PID=166) to work on /home/airflow/.local/lib/python3.8/site-packages/airflow/example_dags/example_external_task_marker_dag.py
[2025-09-19T04:07:38.431+0000] {processor.py:830} INFO - Processing file /home/airflow/.local/lib/python3.8/site-packages/airflow/example_dags/example_external_task_marker_dag.py for tasks to queue
[2025-09-19T04:07:38.436+0000] {logging_mixin.py:188} INFO - [2025-09-19T04:07:38.435+0000] {dagbag.py:538} INFO - Filling up the DagBag from /home/airflow/.local/lib/python3.8/site-packages/airflow/example_dags/example_external_task_marker_dag.py
[2025-09-19T04:07:38.452+0000] {processor.py:840} INFO - DAG(s) 'example_external_task_marker_parent', 'example_external_task_marker_child' retrieved from /home/airflow/.local/lib/python3.8/site-packages/airflow/example_dags/example_external_task_marker_dag.py
[2025-09-19T04:07:38.505+0000] {logging_mixin.py:188} INFO - [2025-09-19T04:07:38.505+0000] {dag.py:3036} INFO - Sync 2 DAGs
[2025-09-19T04:07:38.534+0000] {logging_mixin.py:188} INFO - [2025-09-19T04:07:38.533+0000] {dag.py:3823} INFO - Setting next_dagrun for example_external_task_marker_child to None, run_after=None
[2025-09-19T04:07:38.543+0000] {logging_mixin.py:188} INFO - [2025-09-19T04:07:38.542+0000] {dag.py:3823} INFO - Setting next_dagrun for example_external_task_marker_parent to None, run_after=None
[2025-09-19T04:07:38.585+0000] {processor.py:183} INFO - Processing /home/airflow/.local/lib/python3.8/site-packages/airflow/example_dags/example_external_task_marker_dag.py took 0.165 seconds
[2025-09-19T04:08:09.126+0000] {processor.py:161} INFO - Started process (PID=221) to work on /home/airflow/.local/lib/python3.8/site-packages/airflow/example_dags/example_external_task_marker_dag.py
[2025-09-19T04:08:09.138+0000] {processor.py:830} INFO - Processing file /home/airflow/.local/lib/python3.8/site-packages/airflow/example_dags/example_external_task_marker_dag.py for tasks to queue
[2025-09-19T04:08:09.143+0000] {logging_mixin.py:188} INFO - [2025-09-19T04:08:09.142+0000] {dagbag.py:538} INFO - Filling up the DagBag from /home/airflow/.local/lib/python3.8/site-packages/airflow/example_dags/example_external_task_marker_dag.py
[2025-09-19T04:08:09.160+0000] {processor.py:840} INFO - DAG(s) 'example_external_task_marker_child', 'example_external_task_marker_parent' retrieved from /home/airflow/.local/lib/python3.8/site-packages/airflow/example_dags/example_external_task_marker_dag.py
[2025-09-19T04:08:09.218+0000] {logging_mixin.py:188} INFO - [2025-09-19T04:08:09.217+0000] {dag.py:3036} INFO - Sync 2 DAGs
[2025-09-19T04:08:09.250+0000] {logging_mixin.py:188} INFO - [2025-09-19T04:08:09.249+0000] {dag.py:3823} INFO - Setting next_dagrun for example_external_task_marker_child to None, run_after=None
[2025-09-19T04:08:09.257+0000] {logging_mixin.py:188} INFO - [2025-09-19T04:08:09.256+0000] {dag.py:3823} INFO - Setting next_dagrun for example_external_task_marker_parent to None, run_after=None
[2025-09-19T04:08:09.294+0000] {processor.py:183} INFO - Processing /home/airflow/.local/lib/python3.8/site-packages/airflow/example_dags/example_external_task_marker_dag.py took 0.176 seconds
[2025-09-19T04:08:39.665+0000] {processor.py:161} INFO - Started process (PID=276) to work on /home/airflow/.local/lib/python3.8/site-packages/airflow/example_dags/example_external_task_marker_dag.py
[2025-09-19T04:08:39.667+0000] {processor.py:830} INFO - Processing file /home/airflow/.local/lib/python3.8/site-packages/airflow/example_dags/example_external_task_marker_dag.py for tasks to queue
[2025-09-19T04:08:39.670+0000] {logging_mixin.py:188} INFO - [2025-09-19T04:08:39.670+0000] {dagbag.py:538} INFO - Filling up the DagBag from /home/airflow/.local/lib/python3.8/site-packages/airflow/example_dags/example_external_task_marker_dag.py
[2025-09-19T04:08:39.684+0000] {processor.py:840} INFO - DAG(s) 'example_external_task_marker_child', 'example_external_task_marker_parent' retrieved from /home/airflow/.local/lib/python3.8/site-packages/airflow/example_dags/example_external_task_marker_dag.py
[2025-09-19T04:08:39.729+0000] {logging_mixin.py:188} INFO - [2025-09-19T04:08:39.728+0000] {dag.py:3036} INFO - Sync 2 DAGs
[2025-09-19T04:08:39.754+0000] {logging_mixin.py:188} INFO - [2025-09-19T04:08:39.753+0000] {dag.py:3823} INFO - Setting next_dagrun for example_external_task_marker_child to None, run_after=None
[2025-09-19T04:08:39.761+0000] {logging_mixin.py:188} INFO - [2025-09-19T04:08:39.760+0000] {dag.py:3823} INFO - Setting next_dagrun for example_external_task_marker_parent to None, run_after=None
[2025-09-19T04:08:39.796+0000] {processor.py:183} INFO - Processing /home/airflow/.local/lib/python3.8/site-packages/airflow/example_dags/example_external_task_marker_dag.py took 0.138 seconds
[2025-09-19T04:09:10.108+0000] {processor.py:161} INFO - Started process (PID=332) to work on /home/airflow/.local/lib/python3.8/site-packages/airflow/example_dags/example_external_task_marker_dag.py
[2025-09-19T04:09:10.110+0000] {processor.py:830} INFO - Processing file /home/airflow/.local/lib/python3.8/site-packages/airflow/example_dags/example_external_task_marker_dag.py for tasks to queue
[2025-09-19T04:09:10.113+0000] {logging_mixin.py:188} INFO - [2025-09-19T04:09:10.113+0000] {dagbag.py:538} INFO - Filling up the DagBag from /home/airflow/.local/lib/python3.8/site-packages/airflow/example_dags/example_external_task_marker_dag.py
[2025-09-19T04:09:10.124+0000] {processor.py:840} INFO - DAG(s) 'example_external_task_marker_child', 'example_external_task_marker_parent' retrieved from /home/airflow/.local/lib/python3.8/site-packages/airflow/example_dags/example_external_task_marker_dag.py
[2025-09-19T04:09:10.165+0000] {logging_mixin.py:188} INFO - [2025-09-19T04:09:10.165+0000] {dag.py:3036} INFO - Sync 2 DAGs
[2025-09-19T04:09:10.189+0000] {logging_mixin.py:188} INFO - [2025-09-19T04:09:10.188+0000] {dag.py:3823} INFO - Setting next_dagrun for example_external_task_marker_child to None, run_after=None
[2025-09-19T04:09:10.196+0000] {logging_mixin.py:188} INFO - [2025-09-19T04:09:10.195+0000] {dag.py:3823} INFO - Setting next_dagrun for example_external_task_marker_parent to None, run_after=None
[2025-09-19T04:09:10.233+0000] {processor.py:183} INFO - Processing /home/airflow/.local/lib/python3.8/site-packages/airflow/example_dags/example_external_task_marker_dag.py took 0.131 seconds
[2025-09-19T04:09:40.428+0000] {processor.py:161} INFO - Started process (PID=387) to work on /home/airflow/.local/lib/python3.8/site-packages/airflow/example_dags/example_external_task_marker_dag.py
[2025-09-19T04:09:40.430+0000] {processor.py:830} INFO - Processing file /home/airflow/.local/lib/python3.8/site-packages/airflow/example_dags/example_external_task_marker_dag.py for tasks to queue
[2025-09-19T04:09:40.433+0000] {logging_mixin.py:188} INFO - [2025-09-19T04:09:40.433+0000] {dagbag.py:538} INFO - Filling up the DagBag from /home/airflow/.local/lib/python3.8/site-packages/airflow/example_dags/example_external_task_marker_dag.py
[2025-09-19T04:09:40.444+0000] {processor.py:840} INFO - DAG(s) 'example_external_task_marker_child', 'example_external_task_marker_parent' retrieved from /home/airflow/.local/lib/python3.8/site-packages/airflow/example_dags/example_external_task_marker_dag.py
[2025-09-19T04:09:40.490+0000] {logging_mixin.py:188} INFO - [2025-09-19T04:09:40.489+0000] {dag.py:3036} INFO - Sync 2 DAGs
[2025-09-19T04:09:40.513+0000] {logging_mixin.py:188} INFO - [2025-09-19T04:09:40.513+0000] {dag.py:3823} INFO - Setting next_dagrun for example_external_task_marker_child to None, run_after=None
[2025-09-19T04:09:40.520+0000] {logging_mixin.py:188} INFO - [2025-09-19T04:09:40.520+0000] {dag.py:3823} INFO - Setting next_dagrun for example_external_task_marker_parent to None, run_after=None
[2025-09-19T04:09:40.550+0000] {processor.py:183} INFO - Processing /home/airflow/.local/lib/python3.8/site-packages/airflow/example_dags/example_external_task_marker_dag.py took 0.128 seconds
[2025-09-19T04:10:11.226+0000] {processor.py:161} INFO - Started process (PID=442) to work on /home/airflow/.local/lib/python3.8/site-packages/airflow/example_dags/example_external_task_marker_dag.py
[2025-09-19T04:10:11.228+0000] {processor.py:830} INFO - Processing file /home/airflow/.local/lib/python3.8/site-packages/airflow/example_dags/example_external_task_marker_dag.py for tasks to queue
[2025-09-19T04:10:11.232+0000] {logging_mixin.py:188} INFO - [2025-09-19T04:10:11.231+0000] {dagbag.py:538} INFO - Filling up the DagBag from /home/airflow/.local/lib/python3.8/site-packages/airflow/example_dags/example_external_task_marker_dag.py
[2025-09-19T04:10:11.244+0000] {processor.py:840} INFO - DAG(s) 'example_external_task_marker_parent', 'example_external_task_marker_child' retrieved from /home/airflow/.local/lib/python3.8/site-packages/airflow/example_dags/example_external_task_marker_dag.py
[2025-09-19T04:10:11.285+0000] {logging_mixin.py:188} INFO - [2025-09-19T04:10:11.284+0000] {dag.py:3036} INFO - Sync 2 DAGs
[2025-09-19T04:10:11.309+0000] {logging_mixin.py:188} INFO - [2025-09-19T04:10:11.309+0000] {dag.py:3823} INFO - Setting next_dagrun for example_external_task_marker_child to None, run_after=None
[2025-09-19T04:10:11.316+0000] {logging_mixin.py:188} INFO - [2025-09-19T04:10:11.316+0000] {dag.py:3823} INFO - Setting next_dagrun for example_external_task_marker_parent to None, run_after=None
[2025-09-19T04:10:11.352+0000] {processor.py:183} INFO - Processing /home/airflow/.local/lib/python3.8/site-packages/airflow/example_dags/example_external_task_marker_dag.py took 0.134 seconds
[2025-09-19T04:10:42.046+0000] {processor.py:161} INFO - Started process (PID=495) to work on /home/airflow/.local/lib/python3.8/site-packages/airflow/example_dags/example_external_task_marker_dag.py
[2025-09-19T04:10:42.048+0000] {processor.py:830} INFO - Processing file /home/airflow/.local/lib/python3.8/site-packages/airflow/example_dags/example_external_task_marker_dag.py for tasks to queue
[2025-09-19T04:10:42.052+0000] {logging_mixin.py:188} INFO - [2025-09-19T04:10:42.052+0000] {dagbag.py:538} INFO - Filling up the DagBag from /home/airflow/.local/lib/python3.8/site-packages/airflow/example_dags/example_external_task_marker_dag.py
[2025-09-19T04:10:42.063+0000] {processor.py:840} INFO - DAG(s) 'example_external_task_marker_parent', 'example_external_task_marker_child' retrieved from /home/airflow/.local/lib/python3.8/site-packages/airflow/example_dags/example_external_task_marker_dag.py
[2025-09-19T04:10:42.114+0000] {logging_mixin.py:188} INFO - [2025-09-19T04:10:42.114+0000] {dag.py:3036} INFO - Sync 2 DAGs
[2025-09-19T04:10:42.140+0000] {logging_mixin.py:188} INFO - [2025-09-19T04:10:42.140+0000] {dag.py:3823} INFO - Setting next_dagrun for example_external_task_marker_child to None, run_after=None
[2025-09-19T04:10:42.147+0000] {logging_mixin.py:188} INFO - [2025-09-19T04:10:42.147+0000] {dag.py:3823} INFO - Setting next_dagrun for example_external_task_marker_parent to None, run_after=None
[2025-09-19T04:10:42.185+0000] {processor.py:183} INFO - Processing /home/airflow/.local/lib/python3.8/site-packages/airflow/example_dags/example_external_task_marker_dag.py took 0.146 seconds
[2025-09-19T04:11:12.410+0000] {processor.py:161} INFO - Started process (PID=550) to work on /home/airflow/.local/lib/python3.8/site-packages/airflow/example_dags/example_external_task_marker_dag.py
[2025-09-19T04:11:12.412+0000] {processor.py:830} INFO - Processing file /home/airflow/.local/lib/python3.8/site-packages/airflow/example_dags/example_external_task_marker_dag.py for tasks to queue
[2025-09-19T04:11:12.416+0000] {logging_mixin.py:188} INFO - [2025-09-19T04:11:12.416+0000] {dagbag.py:538} INFO - Filling up the DagBag from /home/airflow/.local/lib/python3.8/site-packages/airflow/example_dags/example_external_task_marker_dag.py
[2025-09-19T04:11:12.428+0000] {processor.py:840} INFO - DAG(s) 'example_external_task_marker_parent', 'example_external_task_marker_child' retrieved from /home/airflow/.local/lib/python3.8/site-packages/airflow/example_dags/example_external_task_marker_dag.py
[2025-09-19T04:11:12.476+0000] {logging_mixin.py:188} INFO - [2025-09-19T04:11:12.476+0000] {dag.py:3036} INFO - Sync 2 DAGs
[2025-09-19T04:11:12.502+0000] {logging_mixin.py:188} INFO - [2025-09-19T04:11:12.501+0000] {dag.py:3823} INFO - Setting next_dagrun for example_external_task_marker_child to None, run_after=None
[2025-09-19T04:11:12.509+0000] {logging_mixin.py:188} INFO - [2025-09-19T04:11:12.508+0000] {dag.py:3823} INFO - Setting next_dagrun for example_external_task_marker_parent to None, run_after=None
[2025-09-19T04:11:12.547+0000] {processor.py:183} INFO - Processing /home/airflow/.local/lib/python3.8/site-packages/airflow/example_dags/example_external_task_marker_dag.py took 0.144 seconds
[2025-09-19T04:11:43.085+0000] {processor.py:161} INFO - Started process (PID=605) to work on /home/airflow/.local/lib/python3.8/site-packages/airflow/example_dags/example_external_task_marker_dag.py
[2025-09-19T04:11:43.087+0000] {processor.py:830} INFO - Processing file /home/airflow/.local/lib/python3.8/site-packages/airflow/example_dags/example_external_task_marker_dag.py for tasks to queue
[2025-09-19T04:11:43.093+0000] {logging_mixin.py:188} INFO - [2025-09-19T04:11:43.092+0000] {dagbag.py:538} INFO - Filling up the DagBag from /home/airflow/.local/lib/python3.8/site-packages/airflow/example_dags/example_external_task_marker_dag.py
[2025-09-19T04:11:43.104+0000] {processor.py:840} INFO - DAG(s) 'example_external_task_marker_child', 'example_external_task_marker_parent' retrieved from /home/airflow/.local/lib/python3.8/site-packages/airflow/example_dags/example_external_task_marker_dag.py
[2025-09-19T04:11:43.149+0000] {logging_mixin.py:188} INFO - [2025-09-19T04:11:43.149+0000] {dag.py:3036} INFO - Sync 2 DAGs
[2025-09-19T04:11:43.173+0000] {logging_mixin.py:188} INFO - [2025-09-19T04:11:43.173+0000] {dag.py:3823} INFO - Setting next_dagrun for example_external_task_marker_child to None, run_after=None
[2025-09-19T04:11:43.180+0000] {logging_mixin.py:188} INFO - [2025-09-19T04:11:43.180+0000] {dag.py:3823} INFO - Setting next_dagrun for example_external_task_marker_parent to None, run_after=None
[2025-09-19T04:11:43.217+0000] {processor.py:183} INFO - Processing /home/airflow/.local/lib/python3.8/site-packages/airflow/example_dags/example_external_task_marker_dag.py took 0.139 seconds
[2025-09-19T04:12:13.572+0000] {processor.py:161} INFO - Started process (PID=660) to work on /home/airflow/.local/lib/python3.8/site-packages/airflow/example_dags/example_external_task_marker_dag.py
[2025-09-19T04:12:13.574+0000] {processor.py:830} INFO - Processing file /home/airflow/.local/lib/python3.8/site-packages/airflow/example_dags/example_external_task_marker_dag.py for tasks to queue
[2025-09-19T04:12:13.577+0000] {logging_mixin.py:188} INFO - [2025-09-19T04:12:13.576+0000] {dagbag.py:538} INFO - Filling up the DagBag from /home/airflow/.local/lib/python3.8/site-packages/airflow/example_dags/example_external_task_marker_dag.py
[2025-09-19T04:12:13.588+0000] {processor.py:840} INFO - DAG(s) 'example_external_task_marker_child', 'example_external_task_marker_parent' retrieved from /home/airflow/.local/lib/python3.8/site-packages/airflow/example_dags/example_external_task_marker_dag.py
[2025-09-19T04:12:13.630+0000] {logging_mixin.py:188} INFO - [2025-09-19T04:12:13.630+0000] {dag.py:3036} INFO - Sync 2 DAGs
[2025-09-19T04:12:13.654+0000] {logging_mixin.py:188} INFO - [2025-09-19T04:12:13.654+0000] {dag.py:3823} INFO - Setting next_dagrun for example_external_task_marker_child to None, run_after=None
[2025-09-19T04:12:13.661+0000] {logging_mixin.py:188} INFO - [2025-09-19T04:12:13.661+0000] {dag.py:3823} INFO - Setting next_dagrun for example_external_task_marker_parent to None, run_after=None
[2025-09-19T04:12:13.693+0000] {processor.py:183} INFO - Processing /home/airflow/.local/lib/python3.8/site-packages/airflow/example_dags/example_external_task_marker_dag.py took 0.128 seconds
[2025-09-19T04:12:44.364+0000] {processor.py:161} INFO - Started process (PID=715) to work on /home/airflow/.local/lib/python3.8/site-packages/airflow/example_dags/example_external_task_marker_dag.py
[2025-09-19T04:12:44.366+0000] {processor.py:830} INFO - Processing file /home/airflow/.local/lib/python3.8/site-packages/airflow/example_dags/example_external_task_marker_dag.py for tasks to queue
[2025-09-19T04:12:44.370+0000] {logging_mixin.py:188} INFO - [2025-09-19T04:12:44.369+0000] {dagbag.py:538} INFO - Filling up the DagBag from /home/airflow/.local/lib/python3.8/site-packages/airflow/example_dags/example_external_task_marker_dag.py
[2025-09-19T04:12:44.382+0000] {processor.py:840} INFO - DAG(s) 'example_external_task_marker_child', 'example_external_task_marker_parent' retrieved from /home/airflow/.local/lib/python3.8/site-packages/airflow/example_dags/example_external_task_marker_dag.py
[2025-09-19T04:12:44.423+0000] {logging_mixin.py:188} INFO - [2025-09-19T04:12:44.422+0000] {dag.py:3036} INFO - Sync 2 DAGs
[2025-09-19T04:12:44.446+0000] {logging_mixin.py:188} INFO - [2025-09-19T04:12:44.445+0000] {dag.py:3823} INFO - Setting next_dagrun for example_external_task_marker_child to None, run_after=None
[2025-09-19T04:12:44.452+0000] {logging_mixin.py:188} INFO - [2025-09-19T04:12:44.452+0000] {dag.py:3823} INFO - Setting next_dagrun for example_external_task_marker_parent to None, run_after=None
[2025-09-19T04:12:44.487+0000] {processor.py:183} INFO - Processing /home/airflow/.local/lib/python3.8/site-packages/airflow/example_dags/example_external_task_marker_dag.py took 0.129 seconds
[2025-09-19T04:13:15.131+0000] {processor.py:161} INFO - Started process (PID=770) to work on /home/airflow/.local/lib/python3.8/site-packages/airflow/example_dags/example_external_task_marker_dag.py
[2025-09-19T04:13:15.133+0000] {processor.py:830} INFO - Processing file /home/airflow/.local/lib/python3.8/site-packages/airflow/example_dags/example_external_task_marker_dag.py for tasks to queue
[2025-09-19T04:13:15.138+0000] {logging_mixin.py:188} INFO - [2025-09-19T04:13:15.137+0000] {dagbag.py:538} INFO - Filling up the DagBag from /home/airflow/.local/lib/python3.8/site-packages/airflow/example_dags/example_external_task_marker_dag.py
[2025-09-19T04:13:15.153+0000] {processor.py:840} INFO - DAG(s) 'example_external_task_marker_child', 'example_external_task_marker_parent' retrieved from /home/airflow/.local/lib/python3.8/site-packages/airflow/example_dags/example_external_task_marker_dag.py
[2025-09-19T04:13:15.207+0000] {logging_mixin.py:188} INFO - [2025-09-19T04:13:15.206+0000] {dag.py:3036} INFO - Sync 2 DAGs
[2025-09-19T04:13:15.239+0000] {logging_mixin.py:188} INFO - [2025-09-19T04:13:15.239+0000] {dag.py:3823} INFO - Setting next_dagrun for example_external_task_marker_child to None, run_after=None
[2025-09-19T04:13:15.250+0000] {logging_mixin.py:188} INFO - [2025-09-19T04:13:15.250+0000] {dag.py:3823} INFO - Setting next_dagrun for example_external_task_marker_parent to None, run_after=None
[2025-09-19T04:13:15.290+0000] {processor.py:183} INFO - Processing /home/airflow/.local/lib/python3.8/site-packages/airflow/example_dags/example_external_task_marker_dag.py took 0.167 seconds
[2025-09-19T04:13:45.847+0000] {processor.py:161} INFO - Started process (PID=825) to work on /home/airflow/.local/lib/python3.8/site-packages/airflow/example_dags/example_external_task_marker_dag.py
[2025-09-19T04:13:45.850+0000] {processor.py:830} INFO - Processing file /home/airflow/.local/lib/python3.8/site-packages/airflow/example_dags/example_external_task_marker_dag.py for tasks to queue
[2025-09-19T04:13:45.854+0000] {logging_mixin.py:188} INFO - [2025-09-19T04:13:45.853+0000] {dagbag.py:538} INFO - Filling up the DagBag from /home/airflow/.local/lib/python3.8/site-packages/airflow/example_dags/example_external_task_marker_dag.py
[2025-09-19T04:13:45.866+0000] {processor.py:840} INFO - DAG(s) 'example_external_task_marker_child', 'example_external_task_marker_parent' retrieved from /home/airflow/.local/lib/python3.8/site-packages/airflow/example_dags/example_external_task_marker_dag.py
[2025-09-19T04:13:45.912+0000] {logging_mixin.py:188} INFO - [2025-09-19T04:13:45.912+0000] {dag.py:3036} INFO - Sync 2 DAGs
[2025-09-19T04:13:45.937+0000] {logging_mixin.py:188} INFO - [2025-09-19T04:13:45.936+0000] {dag.py:3823} INFO - Setting next_dagrun for example_external_task_marker_child to None, run_after=None
[2025-09-19T04:13:45.944+0000] {logging_mixin.py:188} INFO - [2025-09-19T04:13:45.943+0000] {dag.py:3823} INFO - Setting next_dagrun for example_external_task_marker_parent to None, run_after=None
[2025-09-19T04:13:45.976+0000] {processor.py:183} INFO - Processing /home/airflow/.local/lib/python3.8/site-packages/airflow/example_dags/example_external_task_marker_dag.py took 0.135 seconds
[2025-09-19T04:14:16.170+0000] {processor.py:161} INFO - Started process (PID=880) to work on /home/airflow/.local/lib/python3.8/site-packages/airflow/example_dags/example_external_task_marker_dag.py
[2025-09-19T04:14:16.171+0000] {processor.py:830} INFO - Processing file /home/airflow/.local/lib/python3.8/site-packages/airflow/example_dags/example_external_task_marker_dag.py for tasks to queue
[2025-09-19T04:14:16.175+0000] {logging_mixin.py:188} INFO - [2025-09-19T04:14:16.174+0000] {dagbag.py:538} INFO - Filling up the DagBag from /home/airflow/.local/lib/python3.8/site-packages/airflow/example_dags/example_external_task_marker_dag.py
[2025-09-19T04:14:16.185+0000] {processor.py:840} INFO - DAG(s) 'example_external_task_marker_parent', 'example_external_task_marker_child' retrieved from /home/airflow/.local/lib/python3.8/site-packages/airflow/example_dags/example_external_task_marker_dag.py
[2025-09-19T04:14:16.226+0000] {logging_mixin.py:188} INFO - [2025-09-19T04:14:16.226+0000] {dag.py:3036} INFO - Sync 2 DAGs
[2025-09-19T04:14:16.249+0000] {logging_mixin.py:188} INFO - [2025-09-19T04:14:16.249+0000] {dag.py:3823} INFO - Setting next_dagrun for example_external_task_marker_child to None, run_after=None
[2025-09-19T04:14:16.256+0000] {logging_mixin.py:188} INFO - [2025-09-19T04:14:16.256+0000] {dag.py:3823} INFO - Setting next_dagrun for example_external_task_marker_parent to None, run_after=None
[2025-09-19T04:14:16.295+0000] {processor.py:183} INFO - Processing /home/airflow/.local/lib/python3.8/site-packages/airflow/example_dags/example_external_task_marker_dag.py took 0.132 seconds
[2025-09-19T04:14:46.795+0000] {processor.py:161} INFO - Started process (PID=935) to work on /home/airflow/.local/lib/python3.8/site-packages/airflow/example_dags/example_external_task_marker_dag.py
[2025-09-19T04:14:46.797+0000] {processor.py:830} INFO - Processing file /home/airflow/.local/lib/python3.8/site-packages/airflow/example_dags/example_external_task_marker_dag.py for tasks to queue
[2025-09-19T04:14:46.800+0000] {logging_mixin.py:188} INFO - [2025-09-19T04:14:46.799+0000] {dagbag.py:538} INFO - Filling up the DagBag from /home/airflow/.local/lib/python3.8/site-packages/airflow/example_dags/example_external_task_marker_dag.py
[2025-09-19T04:14:46.811+0000] {processor.py:840} INFO - DAG(s) 'example_external_task_marker_parent', 'example_external_task_marker_child' retrieved from /home/airflow/.local/lib/python3.8/site-packages/airflow/example_dags/example_external_task_marker_dag.py
[2025-09-19T04:14:46.851+0000] {logging_mixin.py:188} INFO - [2025-09-19T04:14:46.851+0000] {dag.py:3036} INFO - Sync 2 DAGs
[2025-09-19T04:14:46.874+0000] {logging_mixin.py:188} INFO - [2025-09-19T04:14:46.874+0000] {dag.py:3823} INFO - Setting next_dagrun for example_external_task_marker_child to None, run_after=None
[2025-09-19T04:14:46.881+0000] {logging_mixin.py:188} INFO - [2025-09-19T04:14:46.880+0000] {dag.py:3823} INFO - Setting next_dagrun for example_external_task_marker_parent to None, run_after=None
[2025-09-19T04:14:46.915+0000] {processor.py:183} INFO - Processing /home/airflow/.local/lib/python3.8/site-packages/airflow/example_dags/example_external_task_marker_dag.py took 0.127 seconds
[2025-09-19T04:15:17.333+0000] {processor.py:161} INFO - Started process (PID=990) to work on /home/airflow/.local/lib/python3.8/site-packages/airflow/example_dags/example_external_task_marker_dag.py
[2025-09-19T04:15:17.335+0000] {processor.py:830} INFO - Processing file /home/airflow/.local/lib/python3.8/site-packages/airflow/example_dags/example_external_task_marker_dag.py for tasks to queue
[2025-09-19T04:15:17.339+0000] {logging_mixin.py:188} INFO - [2025-09-19T04:15:17.338+0000] {dagbag.py:538} INFO - Filling up the DagBag from /home/airflow/.local/lib/python3.8/site-packages/airflow/example_dags/example_external_task_marker_dag.py
[2025-09-19T04:15:17.350+0000] {processor.py:840} INFO - DAG(s) 'example_external_task_marker_child', 'example_external_task_marker_parent' retrieved from /home/airflow/.local/lib/python3.8/site-packages/airflow/example_dags/example_external_task_marker_dag.py
[2025-09-19T04:15:17.390+0000] {logging_mixin.py:188} INFO - [2025-09-19T04:15:17.390+0000] {dag.py:3036} INFO - Sync 2 DAGs
[2025-09-19T04:15:17.413+0000] {logging_mixin.py:188} INFO - [2025-09-19T04:15:17.413+0000] {dag.py:3823} INFO - Setting next_dagrun for example_external_task_marker_child to None, run_after=None
[2025-09-19T04:15:17.420+0000] {logging_mixin.py:188} INFO - [2025-09-19T04:15:17.420+0000] {dag.py:3823} INFO - Setting next_dagrun for example_external_task_marker_parent to None, run_after=None
[2025-09-19T04:15:17.454+0000] {processor.py:183} INFO - Processing /home/airflow/.local/lib/python3.8/site-packages/airflow/example_dags/example_external_task_marker_dag.py took 0.128 seconds
[2025-09-19T04:15:47.869+0000] {processor.py:161} INFO - Started process (PID=1045) to work on /home/airflow/.local/lib/python3.8/site-packages/airflow/example_dags/example_external_task_marker_dag.py
[2025-09-19T04:15:47.871+0000] {processor.py:830} INFO - Processing file /home/airflow/.local/lib/python3.8/site-packages/airflow/example_dags/example_external_task_marker_dag.py for tasks to queue
[2025-09-19T04:15:47.874+0000] {logging_mixin.py:188} INFO - [2025-09-19T04:15:47.874+0000] {dagbag.py:538} INFO - Filling up the DagBag from /home/airflow/.local/lib/python3.8/site-packages/airflow/example_dags/example_external_task_marker_dag.py
[2025-09-19T04:15:47.885+0000] {processor.py:840} INFO - DAG(s) 'example_external_task_marker_parent', 'example_external_task_marker_child' retrieved from /home/airflow/.local/lib/python3.8/site-packages/airflow/example_dags/example_external_task_marker_dag.py
[2025-09-19T04:15:47.926+0000] {logging_mixin.py:188} INFO - [2025-09-19T04:15:47.926+0000] {dag.py:3036} INFO - Sync 2 DAGs
[2025-09-19T04:15:47.949+0000] {logging_mixin.py:188} INFO - [2025-09-19T04:15:47.949+0000] {dag.py:3823} INFO - Setting next_dagrun for example_external_task_marker_child to None, run_after=None
[2025-09-19T04:15:47.956+0000] {logging_mixin.py:188} INFO - [2025-09-19T04:15:47.956+0000] {dag.py:3823} INFO - Setting next_dagrun for example_external_task_marker_parent to None, run_after=None
[2025-09-19T04:15:47.987+0000] {processor.py:183} INFO - Processing /home/airflow/.local/lib/python3.8/site-packages/airflow/example_dags/example_external_task_marker_dag.py took 0.124 seconds
[2025-09-19T04:16:18.187+0000] {processor.py:161} INFO - Started process (PID=1100) to work on /home/airflow/.local/lib/python3.8/site-packages/airflow/example_dags/example_external_task_marker_dag.py
[2025-09-19T04:16:18.189+0000] {processor.py:830} INFO - Processing file /home/airflow/.local/lib/python3.8/site-packages/airflow/example_dags/example_external_task_marker_dag.py for tasks to queue
[2025-09-19T04:16:18.193+0000] {logging_mixin.py:188} INFO - [2025-09-19T04:16:18.192+0000] {dagbag.py:538} INFO - Filling up the DagBag from /home/airflow/.local/lib/python3.8/site-packages/airflow/example_dags/example_external_task_marker_dag.py
[2025-09-19T04:16:18.204+0000] {processor.py:840} INFO - DAG(s) 'example_external_task_marker_parent', 'example_external_task_marker_child' retrieved from /home/airflow/.local/lib/python3.8/site-packages/airflow/example_dags/example_external_task_marker_dag.py
[2025-09-19T04:16:18.247+0000] {logging_mixin.py:188} INFO - [2025-09-19T04:16:18.247+0000] {dag.py:3036} INFO - Sync 2 DAGs
[2025-09-19T04:16:18.271+0000] {logging_mixin.py:188} INFO - [2025-09-19T04:16:18.270+0000] {dag.py:3823} INFO - Setting next_dagrun for example_external_task_marker_child to None, run_after=None
[2025-09-19T04:16:18.278+0000] {logging_mixin.py:188} INFO - [2025-09-19T04:16:18.278+0000] {dag.py:3823} INFO - Setting next_dagrun for example_external_task_marker_parent to None, run_after=None
[2025-09-19T04:16:18.312+0000] {processor.py:183} INFO - Processing /home/airflow/.local/lib/python3.8/site-packages/airflow/example_dags/example_external_task_marker_dag.py took 0.130 seconds
[2025-09-19T04:16:48.683+0000] {processor.py:161} INFO - Started process (PID=1155) to work on /home/airflow/.local/lib/python3.8/site-packages/airflow/example_dags/example_external_task_marker_dag.py
[2025-09-19T04:16:48.685+0000] {processor.py:830} INFO - Processing file /home/airflow/.local/lib/python3.8/site-packages/airflow/example_dags/example_external_task_marker_dag.py for tasks to queue
[2025-09-19T04:16:48.688+0000] {logging_mixin.py:188} INFO - [2025-09-19T04:16:48.688+0000] {dagbag.py:538} INFO - Filling up the DagBag from /home/airflow/.local/lib/python3.8/site-packages/airflow/example_dags/example_external_task_marker_dag.py
[2025-09-19T04:16:48.699+0000] {processor.py:840} INFO - DAG(s) 'example_external_task_marker_child', 'example_external_task_marker_parent' retrieved from /home/airflow/.local/lib/python3.8/site-packages/airflow/example_dags/example_external_task_marker_dag.py
[2025-09-19T04:16:48.741+0000] {logging_mixin.py:188} INFO - [2025-09-19T04:16:48.740+0000] {dag.py:3036} INFO - Sync 2 DAGs
[2025-09-19T04:16:48.764+0000] {logging_mixin.py:188} INFO - [2025-09-19T04:16:48.764+0000] {dag.py:3823} INFO - Setting next_dagrun for example_external_task_marker_child to None, run_after=None
[2025-09-19T04:16:48.771+0000] {logging_mixin.py:188} INFO - [2025-09-19T04:16:48.771+0000] {dag.py:3823} INFO - Setting next_dagrun for example_external_task_marker_parent to None, run_after=None
[2025-09-19T04:16:48.801+0000] {processor.py:183} INFO - Processing /home/airflow/.local/lib/python3.8/site-packages/airflow/example_dags/example_external_task_marker_dag.py took 0.123 seconds
[2025-09-19T04:17:19.249+0000] {processor.py:161} INFO - Started process (PID=1210) to work on /home/airflow/.local/lib/python3.8/site-packages/airflow/example_dags/example_external_task_marker_dag.py
[2025-09-19T04:17:19.250+0000] {processor.py:830} INFO - Processing file /home/airflow/.local/lib/python3.8/site-packages/airflow/example_dags/example_external_task_marker_dag.py for tasks to queue
[2025-09-19T04:17:19.254+0000] {logging_mixin.py:188} INFO - [2025-09-19T04:17:19.254+0000] {dagbag.py:538} INFO - Filling up the DagBag from /home/airflow/.local/lib/python3.8/site-packages/airflow/example_dags/example_external_task_marker_dag.py
[2025-09-19T04:17:19.266+0000] {processor.py:840} INFO - DAG(s) 'example_external_task_marker_child', 'example_external_task_marker_parent' retrieved from /home/airflow/.local/lib/python3.8/site-packages/airflow/example_dags/example_external_task_marker_dag.py
[2025-09-19T04:17:19.311+0000] {logging_mixin.py:188} INFO - [2025-09-19T04:17:19.311+0000] {dag.py:3036} INFO - Sync 2 DAGs
[2025-09-19T04:17:19.336+0000] {logging_mixin.py:188} INFO - [2025-09-19T04:17:19.336+0000] {dag.py:3823} INFO - Setting next_dagrun for example_external_task_marker_child to None, run_after=None
[2025-09-19T04:17:19.344+0000] {logging_mixin.py:188} INFO - [2025-09-19T04:17:19.343+0000] {dag.py:3823} INFO - Setting next_dagrun for example_external_task_marker_parent to None, run_after=None
[2025-09-19T04:17:19.377+0000] {processor.py:183} INFO - Processing /home/airflow/.local/lib/python3.8/site-packages/airflow/example_dags/example_external_task_marker_dag.py took 0.134 seconds
[2025-09-19T04:17:49.895+0000] {processor.py:161} INFO - Started process (PID=1265) to work on /home/airflow/.local/lib/python3.8/site-packages/airflow/example_dags/example_external_task_marker_dag.py
[2025-09-19T04:17:49.897+0000] {processor.py:830} INFO - Processing file /home/airflow/.local/lib/python3.8/site-packages/airflow/example_dags/example_external_task_marker_dag.py for tasks to queue
[2025-09-19T04:17:49.901+0000] {logging_mixin.py:188} INFO - [2025-09-19T04:17:49.900+0000] {dagbag.py:538} INFO - Filling up the DagBag from /home/airflow/.local/lib/python3.8/site-packages/airflow/example_dags/example_external_task_marker_dag.py
[2025-09-19T04:17:49.911+0000] {processor.py:840} INFO - DAG(s) 'example_external_task_marker_child', 'example_external_task_marker_parent' retrieved from /home/airflow/.local/lib/python3.8/site-packages/airflow/example_dags/example_external_task_marker_dag.py
[2025-09-19T04:17:49.964+0000] {logging_mixin.py:188} INFO - [2025-09-19T04:17:49.964+0000] {dag.py:3036} INFO - Sync 2 DAGs
[2025-09-19T04:17:49.987+0000] {logging_mixin.py:188} INFO - [2025-09-19T04:17:49.987+0000] {dag.py:3823} INFO - Setting next_dagrun for example_external_task_marker_child to None, run_after=None
[2025-09-19T04:17:49.995+0000] {logging_mixin.py:188} INFO - [2025-09-19T04:17:49.994+0000] {dag.py:3823} INFO - Setting next_dagrun for example_external_task_marker_parent to None, run_after=None
[2025-09-19T04:17:50.030+0000] {processor.py:183} INFO - Processing /home/airflow/.local/lib/python3.8/site-packages/airflow/example_dags/example_external_task_marker_dag.py took 0.141 seconds
[2025-09-19T04:18:20.443+0000] {processor.py:161} INFO - Started process (PID=1320) to work on /home/airflow/.local/lib/python3.8/site-packages/airflow/example_dags/example_external_task_marker_dag.py
[2025-09-19T04:18:20.445+0000] {processor.py:830} INFO - Processing file /home/airflow/.local/lib/python3.8/site-packages/airflow/example_dags/example_external_task_marker_dag.py for tasks to queue
[2025-09-19T04:18:20.448+0000] {logging_mixin.py:188} INFO - [2025-09-19T04:18:20.448+0000] {dagbag.py:538} INFO - Filling up the DagBag from /home/airflow/.local/lib/python3.8/site-packages/airflow/example_dags/example_external_task_marker_dag.py
[2025-09-19T04:18:20.459+0000] {processor.py:840} INFO - DAG(s) 'example_external_task_marker_child', 'example_external_task_marker_parent' retrieved from /home/airflow/.local/lib/python3.8/site-packages/airflow/example_dags/example_external_task_marker_dag.py
[2025-09-19T04:18:20.502+0000] {logging_mixin.py:188} INFO - [2025-09-19T04:18:20.502+0000] {dag.py:3036} INFO - Sync 2 DAGs
[2025-09-19T04:18:20.530+0000] {logging_mixin.py:188} INFO - [2025-09-19T04:18:20.530+0000] {dag.py:3823} INFO - Setting next_dagrun for example_external_task_marker_child to None, run_after=None
[2025-09-19T04:18:20.537+0000] {logging_mixin.py:188} INFO - [2025-09-19T04:18:20.536+0000] {dag.py:3823} INFO - Setting next_dagrun for example_external_task_marker_parent to None, run_after=None
[2025-09-19T04:18:20.571+0000] {processor.py:183} INFO - Processing /home/airflow/.local/lib/python3.8/site-packages/airflow/example_dags/example_external_task_marker_dag.py took 0.134 seconds
[2025-09-19T04:18:51.042+0000] {processor.py:161} INFO - Started process (PID=1375) to work on /home/airflow/.local/lib/python3.8/site-packages/airflow/example_dags/example_external_task_marker_dag.py
[2025-09-19T04:18:51.044+0000] {processor.py:830} INFO - Processing file /home/airflow/.local/lib/python3.8/site-packages/airflow/example_dags/example_external_task_marker_dag.py for tasks to queue
[2025-09-19T04:18:51.047+0000] {logging_mixin.py:188} INFO - [2025-09-19T04:18:51.046+0000] {dagbag.py:538} INFO - Filling up the DagBag from /home/airflow/.local/lib/python3.8/site-packages/airflow/example_dags/example_external_task_marker_dag.py
[2025-09-19T04:18:51.060+0000] {processor.py:840} INFO - DAG(s) 'example_external_task_marker_child', 'example_external_task_marker_parent' retrieved from /home/airflow/.local/lib/python3.8/site-packages/airflow/example_dags/example_external_task_marker_dag.py
[2025-09-19T04:18:51.103+0000] {logging_mixin.py:188} INFO - [2025-09-19T04:18:51.102+0000] {dag.py:3036} INFO - Sync 2 DAGs
[2025-09-19T04:18:51.126+0000] {logging_mixin.py:188} INFO - [2025-09-19T04:18:51.125+0000] {dag.py:3823} INFO - Setting next_dagrun for example_external_task_marker_child to None, run_after=None
[2025-09-19T04:18:51.133+0000] {logging_mixin.py:188} INFO - [2025-09-19T04:18:51.133+0000] {dag.py:3823} INFO - Setting next_dagrun for example_external_task_marker_parent to None, run_after=None
[2025-09-19T04:18:51.174+0000] {processor.py:183} INFO - Processing /home/airflow/.local/lib/python3.8/site-packages/airflow/example_dags/example_external_task_marker_dag.py took 0.138 seconds
[2025-09-19T04:19:21.430+0000] {processor.py:161} INFO - Started process (PID=1430) to work on /home/airflow/.local/lib/python3.8/site-packages/airflow/example_dags/example_external_task_marker_dag.py
[2025-09-19T04:19:21.432+0000] {processor.py:830} INFO - Processing file /home/airflow/.local/lib/python3.8/site-packages/airflow/example_dags/example_external_task_marker_dag.py for tasks to queue
[2025-09-19T04:19:21.436+0000] {logging_mixin.py:188} INFO - [2025-09-19T04:19:21.435+0000] {dagbag.py:538} INFO - Filling up the DagBag from /home/airflow/.local/lib/python3.8/site-packages/airflow/example_dags/example_external_task_marker_dag.py
[2025-09-19T04:19:21.452+0000] {processor.py:840} INFO - DAG(s) 'example_external_task_marker_parent', 'example_external_task_marker_child' retrieved from /home/airflow/.local/lib/python3.8/site-packages/airflow/example_dags/example_external_task_marker_dag.py
[2025-09-19T04:19:21.497+0000] {logging_mixin.py:188} INFO - [2025-09-19T04:19:21.496+0000] {dag.py:3036} INFO - Sync 2 DAGs
[2025-09-19T04:19:21.526+0000] {logging_mixin.py:188} INFO - [2025-09-19T04:19:21.526+0000] {dag.py:3823} INFO - Setting next_dagrun for example_external_task_marker_child to None, run_after=None
[2025-09-19T04:19:21.535+0000] {logging_mixin.py:188} INFO - [2025-09-19T04:19:21.535+0000] {dag.py:3823} INFO - Setting next_dagrun for example_external_task_marker_parent to None, run_after=None
[2025-09-19T04:19:21.575+0000] {processor.py:183} INFO - Processing /home/airflow/.local/lib/python3.8/site-packages/airflow/example_dags/example_external_task_marker_dag.py took 0.152 seconds
[2025-09-19T04:19:52.141+0000] {processor.py:161} INFO - Started process (PID=1491) to work on /home/airflow/.local/lib/python3.8/site-packages/airflow/example_dags/example_external_task_marker_dag.py
[2025-09-19T04:19:52.143+0000] {processor.py:830} INFO - Processing file /home/airflow/.local/lib/python3.8/site-packages/airflow/example_dags/example_external_task_marker_dag.py for tasks to queue
[2025-09-19T04:19:52.146+0000] {logging_mixin.py:188} INFO - [2025-09-19T04:19:52.146+0000] {dagbag.py:538} INFO - Filling up the DagBag from /home/airflow/.local/lib/python3.8/site-packages/airflow/example_dags/example_external_task_marker_dag.py
[2025-09-19T04:19:52.157+0000] {processor.py:840} INFO - DAG(s) 'example_external_task_marker_parent', 'example_external_task_marker_child' retrieved from /home/airflow/.local/lib/python3.8/site-packages/airflow/example_dags/example_external_task_marker_dag.py
[2025-09-19T04:19:52.200+0000] {logging_mixin.py:188} INFO - [2025-09-19T04:19:52.200+0000] {dag.py:3036} INFO - Sync 2 DAGs
[2025-09-19T04:19:52.227+0000] {logging_mixin.py:188} INFO - [2025-09-19T04:19:52.226+0000] {dag.py:3823} INFO - Setting next_dagrun for example_external_task_marker_child to None, run_after=None
[2025-09-19T04:19:52.235+0000] {logging_mixin.py:188} INFO - [2025-09-19T04:19:52.234+0000] {dag.py:3823} INFO - Setting next_dagrun for example_external_task_marker_parent to None, run_after=None
[2025-09-19T04:19:52.277+0000] {processor.py:183} INFO - Processing /home/airflow/.local/lib/python3.8/site-packages/airflow/example_dags/example_external_task_marker_dag.py took 0.141 seconds
[2025-09-19T04:20:22.771+0000] {processor.py:161} INFO - Started process (PID=1546) to work on /home/airflow/.local/lib/python3.8/site-packages/airflow/example_dags/example_external_task_marker_dag.py
[2025-09-19T04:20:22.773+0000] {processor.py:830} INFO - Processing file /home/airflow/.local/lib/python3.8/site-packages/airflow/example_dags/example_external_task_marker_dag.py for tasks to queue
[2025-09-19T04:20:22.777+0000] {logging_mixin.py:188} INFO - [2025-09-19T04:20:22.777+0000] {dagbag.py:538} INFO - Filling up the DagBag from /home/airflow/.local/lib/python3.8/site-packages/airflow/example_dags/example_external_task_marker_dag.py
[2025-09-19T04:20:22.788+0000] {processor.py:840} INFO - DAG(s) 'example_external_task_marker_parent', 'example_external_task_marker_child' retrieved from /home/airflow/.local/lib/python3.8/site-packages/airflow/example_dags/example_external_task_marker_dag.py
[2025-09-19T04:20:22.831+0000] {logging_mixin.py:188} INFO - [2025-09-19T04:20:22.830+0000] {dag.py:3036} INFO - Sync 2 DAGs
[2025-09-19T04:20:22.853+0000] {logging_mixin.py:188} INFO - [2025-09-19T04:20:22.853+0000] {dag.py:3823} INFO - Setting next_dagrun for example_external_task_marker_child to None, run_after=None
[2025-09-19T04:20:22.860+0000] {logging_mixin.py:188} INFO - [2025-09-19T04:20:22.860+0000] {dag.py:3823} INFO - Setting next_dagrun for example_external_task_marker_parent to None, run_after=None
[2025-09-19T04:20:22.891+0000] {processor.py:183} INFO - Processing /home/airflow/.local/lib/python3.8/site-packages/airflow/example_dags/example_external_task_marker_dag.py took 0.126 seconds
[2025-09-19T04:20:53.258+0000] {processor.py:161} INFO - Started process (PID=1601) to work on /home/airflow/.local/lib/python3.8/site-packages/airflow/example_dags/example_external_task_marker_dag.py
[2025-09-19T04:20:53.260+0000] {processor.py:830} INFO - Processing file /home/airflow/.local/lib/python3.8/site-packages/airflow/example_dags/example_external_task_marker_dag.py for tasks to queue
[2025-09-19T04:20:53.263+0000] {logging_mixin.py:188} INFO - [2025-09-19T04:20:53.263+0000] {dagbag.py:538} INFO - Filling up the DagBag from /home/airflow/.local/lib/python3.8/site-packages/airflow/example_dags/example_external_task_marker_dag.py
[2025-09-19T04:20:53.278+0000] {processor.py:840} INFO - DAG(s) 'example_external_task_marker_parent', 'example_external_task_marker_child' retrieved from /home/airflow/.local/lib/python3.8/site-packages/airflow/example_dags/example_external_task_marker_dag.py
[2025-09-19T04:20:53.324+0000] {logging_mixin.py:188} INFO - [2025-09-19T04:20:53.323+0000] {dag.py:3036} INFO - Sync 2 DAGs
[2025-09-19T04:20:53.348+0000] {logging_mixin.py:188} INFO - [2025-09-19T04:20:53.348+0000] {dag.py:3823} INFO - Setting next_dagrun for example_external_task_marker_child to None, run_after=None
[2025-09-19T04:20:53.355+0000] {logging_mixin.py:188} INFO - [2025-09-19T04:20:53.355+0000] {dag.py:3823} INFO - Setting next_dagrun for example_external_task_marker_parent to None, run_after=None
[2025-09-19T04:20:53.392+0000] {processor.py:183} INFO - Processing /home/airflow/.local/lib/python3.8/site-packages/airflow/example_dags/example_external_task_marker_dag.py took 0.139 seconds
[2025-09-19T04:21:23.756+0000] {processor.py:161} INFO - Started process (PID=1656) to work on /home/airflow/.local/lib/python3.8/site-packages/airflow/example_dags/example_external_task_marker_dag.py
[2025-09-19T04:21:23.758+0000] {processor.py:830} INFO - Processing file /home/airflow/.local/lib/python3.8/site-packages/airflow/example_dags/example_external_task_marker_dag.py for tasks to queue
[2025-09-19T04:21:23.761+0000] {logging_mixin.py:188} INFO - [2025-09-19T04:21:23.761+0000] {dagbag.py:538} INFO - Filling up the DagBag from /home/airflow/.local/lib/python3.8/site-packages/airflow/example_dags/example_external_task_marker_dag.py
[2025-09-19T04:21:23.776+0000] {processor.py:840} INFO - DAG(s) 'example_external_task_marker_parent', 'example_external_task_marker_child' retrieved from /home/airflow/.local/lib/python3.8/site-packages/airflow/example_dags/example_external_task_marker_dag.py
[2025-09-19T04:21:23.823+0000] {logging_mixin.py:188} INFO - [2025-09-19T04:21:23.823+0000] {dag.py:3036} INFO - Sync 2 DAGs
[2025-09-19T04:21:23.848+0000] {logging_mixin.py:188} INFO - [2025-09-19T04:21:23.848+0000] {dag.py:3823} INFO - Setting next_dagrun for example_external_task_marker_child to None, run_after=None
[2025-09-19T04:21:23.855+0000] {logging_mixin.py:188} INFO - [2025-09-19T04:21:23.855+0000] {dag.py:3823} INFO - Setting next_dagrun for example_external_task_marker_parent to None, run_after=None
[2025-09-19T04:21:23.895+0000] {processor.py:183} INFO - Processing /home/airflow/.local/lib/python3.8/site-packages/airflow/example_dags/example_external_task_marker_dag.py took 0.145 seconds
[2025-09-19T04:21:54.180+0000] {processor.py:161} INFO - Started process (PID=1711) to work on /home/airflow/.local/lib/python3.8/site-packages/airflow/example_dags/example_external_task_marker_dag.py
[2025-09-19T04:21:54.182+0000] {processor.py:830} INFO - Processing file /home/airflow/.local/lib/python3.8/site-packages/airflow/example_dags/example_external_task_marker_dag.py for tasks to queue
[2025-09-19T04:21:54.185+0000] {logging_mixin.py:188} INFO - [2025-09-19T04:21:54.185+0000] {dagbag.py:538} INFO - Filling up the DagBag from /home/airflow/.local/lib/python3.8/site-packages/airflow/example_dags/example_external_task_marker_dag.py
[2025-09-19T04:21:54.196+0000] {processor.py:840} INFO - DAG(s) 'example_external_task_marker_child', 'example_external_task_marker_parent' retrieved from /home/airflow/.local/lib/python3.8/site-packages/airflow/example_dags/example_external_task_marker_dag.py
[2025-09-19T04:21:54.244+0000] {logging_mixin.py:188} INFO - [2025-09-19T04:21:54.243+0000] {dag.py:3036} INFO - Sync 2 DAGs
[2025-09-19T04:21:54.274+0000] {logging_mixin.py:188} INFO - [2025-09-19T04:21:54.273+0000] {dag.py:3823} INFO - Setting next_dagrun for example_external_task_marker_child to None, run_after=None
[2025-09-19T04:21:54.283+0000] {logging_mixin.py:188} INFO - [2025-09-19T04:21:54.282+0000] {dag.py:3823} INFO - Setting next_dagrun for example_external_task_marker_parent to None, run_after=None
[2025-09-19T04:21:54.318+0000] {processor.py:183} INFO - Processing /home/airflow/.local/lib/python3.8/site-packages/airflow/example_dags/example_external_task_marker_dag.py took 0.144 seconds
[2025-09-19T04:22:24.520+0000] {processor.py:161} INFO - Started process (PID=1766) to work on /home/airflow/.local/lib/python3.8/site-packages/airflow/example_dags/example_external_task_marker_dag.py
[2025-09-19T04:22:24.523+0000] {processor.py:830} INFO - Processing file /home/airflow/.local/lib/python3.8/site-packages/airflow/example_dags/example_external_task_marker_dag.py for tasks to queue
[2025-09-19T04:22:24.526+0000] {logging_mixin.py:188} INFO - [2025-09-19T04:22:24.526+0000] {dagbag.py:538} INFO - Filling up the DagBag from /home/airflow/.local/lib/python3.8/site-packages/airflow/example_dags/example_external_task_marker_dag.py
[2025-09-19T04:22:24.537+0000] {processor.py:840} INFO - DAG(s) 'example_external_task_marker_parent', 'example_external_task_marker_child' retrieved from /home/airflow/.local/lib/python3.8/site-packages/airflow/example_dags/example_external_task_marker_dag.py
[2025-09-19T04:22:24.582+0000] {logging_mixin.py:188} INFO - [2025-09-19T04:22:24.582+0000] {dag.py:3036} INFO - Sync 2 DAGs
[2025-09-19T04:22:24.611+0000] {logging_mixin.py:188} INFO - [2025-09-19T04:22:24.611+0000] {dag.py:3823} INFO - Setting next_dagrun for example_external_task_marker_child to None, run_after=None
[2025-09-19T04:22:24.619+0000] {logging_mixin.py:188} INFO - [2025-09-19T04:22:24.618+0000] {dag.py:3823} INFO - Setting next_dagrun for example_external_task_marker_parent to None, run_after=None
[2025-09-19T04:22:24.651+0000] {processor.py:183} INFO - Processing /home/airflow/.local/lib/python3.8/site-packages/airflow/example_dags/example_external_task_marker_dag.py took 0.136 seconds
[2025-09-19T04:22:54.836+0000] {processor.py:161} INFO - Started process (PID=1820) to work on /home/airflow/.local/lib/python3.8/site-packages/airflow/example_dags/example_external_task_marker_dag.py
[2025-09-19T04:22:54.838+0000] {processor.py:830} INFO - Processing file /home/airflow/.local/lib/python3.8/site-packages/airflow/example_dags/example_external_task_marker_dag.py for tasks to queue
[2025-09-19T04:22:54.841+0000] {logging_mixin.py:188} INFO - [2025-09-19T04:22:54.841+0000] {dagbag.py:538} INFO - Filling up the DagBag from /home/airflow/.local/lib/python3.8/site-packages/airflow/example_dags/example_external_task_marker_dag.py
[2025-09-19T04:22:54.855+0000] {processor.py:840} INFO - DAG(s) 'example_external_task_marker_child', 'example_external_task_marker_parent' retrieved from /home/airflow/.local/lib/python3.8/site-packages/airflow/example_dags/example_external_task_marker_dag.py
[2025-09-19T04:22:54.897+0000] {logging_mixin.py:188} INFO - [2025-09-19T04:22:54.897+0000] {dag.py:3036} INFO - Sync 2 DAGs
[2025-09-19T04:22:54.921+0000] {logging_mixin.py:188} INFO - [2025-09-19T04:22:54.920+0000] {dag.py:3823} INFO - Setting next_dagrun for example_external_task_marker_child to None, run_after=None
[2025-09-19T04:22:54.927+0000] {logging_mixin.py:188} INFO - [2025-09-19T04:22:54.927+0000] {dag.py:3823} INFO - Setting next_dagrun for example_external_task_marker_parent to None, run_after=None
[2025-09-19T04:22:54.960+0000] {processor.py:183} INFO - Processing /home/airflow/.local/lib/python3.8/site-packages/airflow/example_dags/example_external_task_marker_dag.py took 0.130 seconds
[2025-09-19T04:23:25.248+0000] {processor.py:161} INFO - Started process (PID=1875) to work on /home/airflow/.local/lib/python3.8/site-packages/airflow/example_dags/example_external_task_marker_dag.py
[2025-09-19T04:23:25.250+0000] {processor.py:830} INFO - Processing file /home/airflow/.local/lib/python3.8/site-packages/airflow/example_dags/example_external_task_marker_dag.py for tasks to queue
[2025-09-19T04:23:25.254+0000] {logging_mixin.py:188} INFO - [2025-09-19T04:23:25.253+0000] {dagbag.py:538} INFO - Filling up the DagBag from /home/airflow/.local/lib/python3.8/site-packages/airflow/example_dags/example_external_task_marker_dag.py
[2025-09-19T04:23:25.264+0000] {processor.py:840} INFO - DAG(s) 'example_external_task_marker_parent', 'example_external_task_marker_child' retrieved from /home/airflow/.local/lib/python3.8/site-packages/airflow/example_dags/example_external_task_marker_dag.py
[2025-09-19T04:23:25.304+0000] {logging_mixin.py:188} INFO - [2025-09-19T04:23:25.303+0000] {dag.py:3036} INFO - Sync 2 DAGs
[2025-09-19T04:23:25.326+0000] {logging_mixin.py:188} INFO - [2025-09-19T04:23:25.326+0000] {dag.py:3823} INFO - Setting next_dagrun for example_external_task_marker_child to None, run_after=None
[2025-09-19T04:23:25.333+0000] {logging_mixin.py:188} INFO - [2025-09-19T04:23:25.333+0000] {dag.py:3823} INFO - Setting next_dagrun for example_external_task_marker_parent to None, run_after=None
[2025-09-19T04:23:25.362+0000] {processor.py:183} INFO - Processing /home/airflow/.local/lib/python3.8/site-packages/airflow/example_dags/example_external_task_marker_dag.py took 0.120 seconds
[2025-09-19T04:23:55.750+0000] {processor.py:161} INFO - Started process (PID=1930) to work on /home/airflow/.local/lib/python3.8/site-packages/airflow/example_dags/example_external_task_marker_dag.py
[2025-09-19T04:23:55.752+0000] {processor.py:830} INFO - Processing file /home/airflow/.local/lib/python3.8/site-packages/airflow/example_dags/example_external_task_marker_dag.py for tasks to queue
[2025-09-19T04:23:55.755+0000] {logging_mixin.py:188} INFO - [2025-09-19T04:23:55.754+0000] {dagbag.py:538} INFO - Filling up the DagBag from /home/airflow/.local/lib/python3.8/site-packages/airflow/example_dags/example_external_task_marker_dag.py
[2025-09-19T04:23:55.766+0000] {processor.py:840} INFO - DAG(s) 'example_external_task_marker_parent', 'example_external_task_marker_child' retrieved from /home/airflow/.local/lib/python3.8/site-packages/airflow/example_dags/example_external_task_marker_dag.py
[2025-09-19T04:23:55.806+0000] {logging_mixin.py:188} INFO - [2025-09-19T04:23:55.806+0000] {dag.py:3036} INFO - Sync 2 DAGs
[2025-09-19T04:23:55.829+0000] {logging_mixin.py:188} INFO - [2025-09-19T04:23:55.829+0000] {dag.py:3823} INFO - Setting next_dagrun for example_external_task_marker_child to None, run_after=None
[2025-09-19T04:23:55.836+0000] {logging_mixin.py:188} INFO - [2025-09-19T04:23:55.835+0000] {dag.py:3823} INFO - Setting next_dagrun for example_external_task_marker_parent to None, run_after=None
[2025-09-19T04:23:55.872+0000] {processor.py:183} INFO - Processing /home/airflow/.local/lib/python3.8/site-packages/airflow/example_dags/example_external_task_marker_dag.py took 0.128 seconds
[2025-09-19T04:24:26.334+0000] {processor.py:161} INFO - Started process (PID=1986) to work on /home/airflow/.local/lib/python3.8/site-packages/airflow/example_dags/example_external_task_marker_dag.py
[2025-09-19T04:24:26.335+0000] {processor.py:830} INFO - Processing file /home/airflow/.local/lib/python3.8/site-packages/airflow/example_dags/example_external_task_marker_dag.py for tasks to queue
[2025-09-19T04:24:26.349+0000] {logging_mixin.py:188} INFO - [2025-09-19T04:24:26.349+0000] {dagbag.py:538} INFO - Filling up the DagBag from /home/airflow/.local/lib/python3.8/site-packages/airflow/example_dags/example_external_task_marker_dag.py
[2025-09-19T04:24:26.369+0000] {processor.py:840} INFO - DAG(s) 'example_external_task_marker_child', 'example_external_task_marker_parent' retrieved from /home/airflow/.local/lib/python3.8/site-packages/airflow/example_dags/example_external_task_marker_dag.py
[2025-09-19T04:24:26.408+0000] {logging_mixin.py:188} INFO - [2025-09-19T04:24:26.407+0000] {dag.py:3036} INFO - Sync 2 DAGs
[2025-09-19T04:24:26.431+0000] {logging_mixin.py:188} INFO - [2025-09-19T04:24:26.431+0000] {dag.py:3823} INFO - Setting next_dagrun for example_external_task_marker_child to None, run_after=None
[2025-09-19T04:24:26.438+0000] {logging_mixin.py:188} INFO - [2025-09-19T04:24:26.437+0000] {dag.py:3823} INFO - Setting next_dagrun for example_external_task_marker_parent to None, run_after=None
[2025-09-19T04:24:26.473+0000] {processor.py:183} INFO - Processing /home/airflow/.local/lib/python3.8/site-packages/airflow/example_dags/example_external_task_marker_dag.py took 0.145 seconds
[2025-09-19T04:24:56.889+0000] {processor.py:161} INFO - Started process (PID=2041) to work on /home/airflow/.local/lib/python3.8/site-packages/airflow/example_dags/example_external_task_marker_dag.py
[2025-09-19T04:24:56.891+0000] {processor.py:830} INFO - Processing file /home/airflow/.local/lib/python3.8/site-packages/airflow/example_dags/example_external_task_marker_dag.py for tasks to queue
[2025-09-19T04:24:56.895+0000] {logging_mixin.py:188} INFO - [2025-09-19T04:24:56.895+0000] {dagbag.py:538} INFO - Filling up the DagBag from /home/airflow/.local/lib/python3.8/site-packages/airflow/example_dags/example_external_task_marker_dag.py
[2025-09-19T04:24:56.907+0000] {processor.py:840} INFO - DAG(s) 'example_external_task_marker_parent', 'example_external_task_marker_child' retrieved from /home/airflow/.local/lib/python3.8/site-packages/airflow/example_dags/example_external_task_marker_dag.py
[2025-09-19T04:24:56.951+0000] {logging_mixin.py:188} INFO - [2025-09-19T04:24:56.951+0000] {dag.py:3036} INFO - Sync 2 DAGs
[2025-09-19T04:24:56.975+0000] {logging_mixin.py:188} INFO - [2025-09-19T04:24:56.974+0000] {dag.py:3823} INFO - Setting next_dagrun for example_external_task_marker_child to None, run_after=None
[2025-09-19T04:24:56.982+0000] {logging_mixin.py:188} INFO - [2025-09-19T04:24:56.982+0000] {dag.py:3823} INFO - Setting next_dagrun for example_external_task_marker_parent to None, run_after=None
[2025-09-19T04:24:57.018+0000] {processor.py:183} INFO - Processing /home/airflow/.local/lib/python3.8/site-packages/airflow/example_dags/example_external_task_marker_dag.py took 0.135 seconds
[2025-09-19T04:25:27.175+0000] {processor.py:161} INFO - Started process (PID=2096) to work on /home/airflow/.local/lib/python3.8/site-packages/airflow/example_dags/example_external_task_marker_dag.py
[2025-09-19T04:25:27.177+0000] {processor.py:830} INFO - Processing file /home/airflow/.local/lib/python3.8/site-packages/airflow/example_dags/example_external_task_marker_dag.py for tasks to queue
[2025-09-19T04:25:27.180+0000] {logging_mixin.py:188} INFO - [2025-09-19T04:25:27.179+0000] {dagbag.py:538} INFO - Filling up the DagBag from /home/airflow/.local/lib/python3.8/site-packages/airflow/example_dags/example_external_task_marker_dag.py
[2025-09-19T04:25:27.190+0000] {processor.py:840} INFO - DAG(s) 'example_external_task_marker_child', 'example_external_task_marker_parent' retrieved from /home/airflow/.local/lib/python3.8/site-packages/airflow/example_dags/example_external_task_marker_dag.py
[2025-09-19T04:25:27.229+0000] {logging_mixin.py:188} INFO - [2025-09-19T04:25:27.229+0000] {dag.py:3036} INFO - Sync 2 DAGs
[2025-09-19T04:25:27.251+0000] {logging_mixin.py:188} INFO - [2025-09-19T04:25:27.251+0000] {dag.py:3823} INFO - Setting next_dagrun for example_external_task_marker_child to None, run_after=None
[2025-09-19T04:25:27.258+0000] {logging_mixin.py:188} INFO - [2025-09-19T04:25:27.258+0000] {dag.py:3823} INFO - Setting next_dagrun for example_external_task_marker_parent to None, run_after=None
[2025-09-19T04:25:27.293+0000] {processor.py:183} INFO - Processing /home/airflow/.local/lib/python3.8/site-packages/airflow/example_dags/example_external_task_marker_dag.py took 0.123 seconds
[2025-09-19T04:25:58.135+0000] {processor.py:161} INFO - Started process (PID=2151) to work on /home/airflow/.local/lib/python3.8/site-packages/airflow/example_dags/example_external_task_marker_dag.py
[2025-09-19T04:25:58.137+0000] {processor.py:830} INFO - Processing file /home/airflow/.local/lib/python3.8/site-packages/airflow/example_dags/example_external_task_marker_dag.py for tasks to queue
[2025-09-19T04:25:58.141+0000] {logging_mixin.py:188} INFO - [2025-09-19T04:25:58.140+0000] {dagbag.py:538} INFO - Filling up the DagBag from /home/airflow/.local/lib/python3.8/site-packages/airflow/example_dags/example_external_task_marker_dag.py
[2025-09-19T04:25:58.153+0000] {processor.py:840} INFO - DAG(s) 'example_external_task_marker_parent', 'example_external_task_marker_child' retrieved from /home/airflow/.local/lib/python3.8/site-packages/airflow/example_dags/example_external_task_marker_dag.py
[2025-09-19T04:25:58.196+0000] {logging_mixin.py:188} INFO - [2025-09-19T04:25:58.195+0000] {dag.py:3036} INFO - Sync 2 DAGs
[2025-09-19T04:25:58.221+0000] {logging_mixin.py:188} INFO - [2025-09-19T04:25:58.221+0000] {dag.py:3823} INFO - Setting next_dagrun for example_external_task_marker_child to None, run_after=None
[2025-09-19T04:25:58.229+0000] {logging_mixin.py:188} INFO - [2025-09-19T04:25:58.228+0000] {dag.py:3823} INFO - Setting next_dagrun for example_external_task_marker_parent to None, run_after=None
[2025-09-19T04:25:58.267+0000] {processor.py:183} INFO - Processing /home/airflow/.local/lib/python3.8/site-packages/airflow/example_dags/example_external_task_marker_dag.py took 0.138 seconds
[2025-09-19T04:26:28.342+0000] {processor.py:161} INFO - Started process (PID=2206) to work on /home/airflow/.local/lib/python3.8/site-packages/airflow/example_dags/example_external_task_marker_dag.py
[2025-09-19T04:26:28.344+0000] {processor.py:830} INFO - Processing file /home/airflow/.local/lib/python3.8/site-packages/airflow/example_dags/example_external_task_marker_dag.py for tasks to queue
[2025-09-19T04:26:28.347+0000] {logging_mixin.py:188} INFO - [2025-09-19T04:26:28.347+0000] {dagbag.py:538} INFO - Filling up the DagBag from /home/airflow/.local/lib/python3.8/site-packages/airflow/example_dags/example_external_task_marker_dag.py
[2025-09-19T04:26:28.357+0000] {processor.py:840} INFO - DAG(s) 'example_external_task_marker_parent', 'example_external_task_marker_child' retrieved from /home/airflow/.local/lib/python3.8/site-packages/airflow/example_dags/example_external_task_marker_dag.py
[2025-09-19T04:26:28.398+0000] {logging_mixin.py:188} INFO - [2025-09-19T04:26:28.398+0000] {dag.py:3036} INFO - Sync 2 DAGs
[2025-09-19T04:26:28.421+0000] {logging_mixin.py:188} INFO - [2025-09-19T04:26:28.421+0000] {dag.py:3823} INFO - Setting next_dagrun for example_external_task_marker_child to None, run_after=None
[2025-09-19T04:26:28.428+0000] {logging_mixin.py:188} INFO - [2025-09-19T04:26:28.427+0000] {dag.py:3823} INFO - Setting next_dagrun for example_external_task_marker_parent to None, run_after=None
[2025-09-19T04:26:28.462+0000] {processor.py:183} INFO - Processing /home/airflow/.local/lib/python3.8/site-packages/airflow/example_dags/example_external_task_marker_dag.py took 0.125 seconds
[2025-09-19T04:26:58.654+0000] {processor.py:161} INFO - Started process (PID=2261) to work on /home/airflow/.local/lib/python3.8/site-packages/airflow/example_dags/example_external_task_marker_dag.py
[2025-09-19T04:26:58.656+0000] {processor.py:830} INFO - Processing file /home/airflow/.local/lib/python3.8/site-packages/airflow/example_dags/example_external_task_marker_dag.py for tasks to queue
[2025-09-19T04:26:58.660+0000] {logging_mixin.py:188} INFO - [2025-09-19T04:26:58.659+0000] {dagbag.py:538} INFO - Filling up the DagBag from /home/airflow/.local/lib/python3.8/site-packages/airflow/example_dags/example_external_task_marker_dag.py
[2025-09-19T04:26:58.673+0000] {processor.py:840} INFO - DAG(s) 'example_external_task_marker_parent', 'example_external_task_marker_child' retrieved from /home/airflow/.local/lib/python3.8/site-packages/airflow/example_dags/example_external_task_marker_dag.py
[2025-09-19T04:26:58.716+0000] {logging_mixin.py:188} INFO - [2025-09-19T04:26:58.716+0000] {dag.py:3036} INFO - Sync 2 DAGs
[2025-09-19T04:26:58.740+0000] {logging_mixin.py:188} INFO - [2025-09-19T04:26:58.740+0000] {dag.py:3823} INFO - Setting next_dagrun for example_external_task_marker_child to None, run_after=None
[2025-09-19T04:26:58.747+0000] {logging_mixin.py:188} INFO - [2025-09-19T04:26:58.747+0000] {dag.py:3823} INFO - Setting next_dagrun for example_external_task_marker_parent to None, run_after=None
[2025-09-19T04:26:58.780+0000] {processor.py:183} INFO - Processing /home/airflow/.local/lib/python3.8/site-packages/airflow/example_dags/example_external_task_marker_dag.py took 0.132 seconds
[2025-09-19T04:27:28.841+0000] {processor.py:161} INFO - Started process (PID=2316) to work on /home/airflow/.local/lib/python3.8/site-packages/airflow/example_dags/example_external_task_marker_dag.py
[2025-09-19T04:27:28.843+0000] {processor.py:830} INFO - Processing file /home/airflow/.local/lib/python3.8/site-packages/airflow/example_dags/example_external_task_marker_dag.py for tasks to queue
[2025-09-19T04:27:28.848+0000] {logging_mixin.py:188} INFO - [2025-09-19T04:27:28.847+0000] {dagbag.py:538} INFO - Filling up the DagBag from /home/airflow/.local/lib/python3.8/site-packages/airflow/example_dags/example_external_task_marker_dag.py
[2025-09-19T04:27:28.861+0000] {processor.py:840} INFO - DAG(s) 'example_external_task_marker_parent', 'example_external_task_marker_child' retrieved from /home/airflow/.local/lib/python3.8/site-packages/airflow/example_dags/example_external_task_marker_dag.py
[2025-09-19T04:27:28.907+0000] {logging_mixin.py:188} INFO - [2025-09-19T04:27:28.906+0000] {dag.py:3036} INFO - Sync 2 DAGs
[2025-09-19T04:27:28.932+0000] {logging_mixin.py:188} INFO - [2025-09-19T04:27:28.931+0000] {dag.py:3823} INFO - Setting next_dagrun for example_external_task_marker_child to None, run_after=None
[2025-09-19T04:27:28.940+0000] {logging_mixin.py:188} INFO - [2025-09-19T04:27:28.940+0000] {dag.py:3823} INFO - Setting next_dagrun for example_external_task_marker_parent to None, run_after=None
[2025-09-19T04:27:28.977+0000] {processor.py:183} INFO - Processing /home/airflow/.local/lib/python3.8/site-packages/airflow/example_dags/example_external_task_marker_dag.py took 0.144 seconds
[2025-09-19T04:27:59.326+0000] {processor.py:161} INFO - Started process (PID=2371) to work on /home/airflow/.local/lib/python3.8/site-packages/airflow/example_dags/example_external_task_marker_dag.py
[2025-09-19T04:27:59.328+0000] {processor.py:830} INFO - Processing file /home/airflow/.local/lib/python3.8/site-packages/airflow/example_dags/example_external_task_marker_dag.py for tasks to queue
[2025-09-19T04:27:59.331+0000] {logging_mixin.py:188} INFO - [2025-09-19T04:27:59.331+0000] {dagbag.py:538} INFO - Filling up the DagBag from /home/airflow/.local/lib/python3.8/site-packages/airflow/example_dags/example_external_task_marker_dag.py
[2025-09-19T04:27:59.342+0000] {processor.py:840} INFO - DAG(s) 'example_external_task_marker_child', 'example_external_task_marker_parent' retrieved from /home/airflow/.local/lib/python3.8/site-packages/airflow/example_dags/example_external_task_marker_dag.py
[2025-09-19T04:27:59.386+0000] {logging_mixin.py:188} INFO - [2025-09-19T04:27:59.386+0000] {dag.py:3036} INFO - Sync 2 DAGs
[2025-09-19T04:27:59.416+0000] {logging_mixin.py:188} INFO - [2025-09-19T04:27:59.415+0000] {dag.py:3823} INFO - Setting next_dagrun for example_external_task_marker_child to None, run_after=None
[2025-09-19T04:27:59.423+0000] {logging_mixin.py:188} INFO - [2025-09-19T04:27:59.422+0000] {dag.py:3823} INFO - Setting next_dagrun for example_external_task_marker_parent to None, run_after=None
[2025-09-19T04:27:59.459+0000] {processor.py:183} INFO - Processing /home/airflow/.local/lib/python3.8/site-packages/airflow/example_dags/example_external_task_marker_dag.py took 0.138 seconds
[2025-09-19T04:28:29.570+0000] {processor.py:161} INFO - Started process (PID=2424) to work on /home/airflow/.local/lib/python3.8/site-packages/airflow/example_dags/example_external_task_marker_dag.py
[2025-09-19T04:28:29.572+0000] {processor.py:830} INFO - Processing file /home/airflow/.local/lib/python3.8/site-packages/airflow/example_dags/example_external_task_marker_dag.py for tasks to queue
[2025-09-19T04:28:29.576+0000] {logging_mixin.py:188} INFO - [2025-09-19T04:28:29.575+0000] {dagbag.py:538} INFO - Filling up the DagBag from /home/airflow/.local/lib/python3.8/site-packages/airflow/example_dags/example_external_task_marker_dag.py
[2025-09-19T04:28:29.586+0000] {processor.py:840} INFO - DAG(s) 'example_external_task_marker_parent', 'example_external_task_marker_child' retrieved from /home/airflow/.local/lib/python3.8/site-packages/airflow/example_dags/example_external_task_marker_dag.py
[2025-09-19T04:28:29.634+0000] {logging_mixin.py:188} INFO - [2025-09-19T04:28:29.633+0000] {dag.py:3036} INFO - Sync 2 DAGs
[2025-09-19T04:28:29.657+0000] {logging_mixin.py:188} INFO - [2025-09-19T04:28:29.657+0000] {dag.py:3823} INFO - Setting next_dagrun for example_external_task_marker_child to None, run_after=None
[2025-09-19T04:28:29.665+0000] {logging_mixin.py:188} INFO - [2025-09-19T04:28:29.665+0000] {dag.py:3823} INFO - Setting next_dagrun for example_external_task_marker_parent to None, run_after=None
[2025-09-19T04:28:29.703+0000] {processor.py:183} INFO - Processing /home/airflow/.local/lib/python3.8/site-packages/airflow/example_dags/example_external_task_marker_dag.py took 0.138 seconds
[2025-09-19T04:29:00.103+0000] {processor.py:161} INFO - Started process (PID=2479) to work on /home/airflow/.local/lib/python3.8/site-packages/airflow/example_dags/example_external_task_marker_dag.py
[2025-09-19T04:29:00.105+0000] {processor.py:830} INFO - Processing file /home/airflow/.local/lib/python3.8/site-packages/airflow/example_dags/example_external_task_marker_dag.py for tasks to queue
[2025-09-19T04:29:00.109+0000] {logging_mixin.py:188} INFO - [2025-09-19T04:29:00.108+0000] {dagbag.py:538} INFO - Filling up the DagBag from /home/airflow/.local/lib/python3.8/site-packages/airflow/example_dags/example_external_task_marker_dag.py
[2025-09-19T04:29:00.119+0000] {processor.py:840} INFO - DAG(s) 'example_external_task_marker_parent', 'example_external_task_marker_child' retrieved from /home/airflow/.local/lib/python3.8/site-packages/airflow/example_dags/example_external_task_marker_dag.py
[2025-09-19T04:29:00.162+0000] {logging_mixin.py:188} INFO - [2025-09-19T04:29:00.161+0000] {dag.py:3036} INFO - Sync 2 DAGs
[2025-09-19T04:29:00.190+0000] {logging_mixin.py:188} INFO - [2025-09-19T04:29:00.190+0000] {dag.py:3823} INFO - Setting next_dagrun for example_external_task_marker_child to None, run_after=None
[2025-09-19T04:29:00.197+0000] {logging_mixin.py:188} INFO - [2025-09-19T04:29:00.197+0000] {dag.py:3823} INFO - Setting next_dagrun for example_external_task_marker_parent to None, run_after=None
[2025-09-19T04:29:00.233+0000] {processor.py:183} INFO - Processing /home/airflow/.local/lib/python3.8/site-packages/airflow/example_dags/example_external_task_marker_dag.py took 0.135 seconds
[2025-09-19T04:29:30.471+0000] {processor.py:161} INFO - Started process (PID=2534) to work on /home/airflow/.local/lib/python3.8/site-packages/airflow/example_dags/example_external_task_marker_dag.py
[2025-09-19T04:29:30.473+0000] {processor.py:830} INFO - Processing file /home/airflow/.local/lib/python3.8/site-packages/airflow/example_dags/example_external_task_marker_dag.py for tasks to queue
[2025-09-19T04:29:30.476+0000] {logging_mixin.py:188} INFO - [2025-09-19T04:29:30.475+0000] {dagbag.py:538} INFO - Filling up the DagBag from /home/airflow/.local/lib/python3.8/site-packages/airflow/example_dags/example_external_task_marker_dag.py
[2025-09-19T04:29:30.487+0000] {processor.py:840} INFO - DAG(s) 'example_external_task_marker_child', 'example_external_task_marker_parent' retrieved from /home/airflow/.local/lib/python3.8/site-packages/airflow/example_dags/example_external_task_marker_dag.py
[2025-09-19T04:29:30.533+0000] {logging_mixin.py:188} INFO - [2025-09-19T04:29:30.532+0000] {dag.py:3036} INFO - Sync 2 DAGs
[2025-09-19T04:29:30.557+0000] {logging_mixin.py:188} INFO - [2025-09-19T04:29:30.557+0000] {dag.py:3823} INFO - Setting next_dagrun for example_external_task_marker_child to None, run_after=None
[2025-09-19T04:29:30.567+0000] {logging_mixin.py:188} INFO - [2025-09-19T04:29:30.567+0000] {dag.py:3823} INFO - Setting next_dagrun for example_external_task_marker_parent to None, run_after=None
[2025-09-19T04:29:30.601+0000] {processor.py:183} INFO - Processing /home/airflow/.local/lib/python3.8/site-packages/airflow/example_dags/example_external_task_marker_dag.py took 0.137 seconds
[2025-09-19T04:30:01.060+0000] {processor.py:161} INFO - Started process (PID=2589) to work on /home/airflow/.local/lib/python3.8/site-packages/airflow/example_dags/example_external_task_marker_dag.py
[2025-09-19T04:30:01.063+0000] {processor.py:830} INFO - Processing file /home/airflow/.local/lib/python3.8/site-packages/airflow/example_dags/example_external_task_marker_dag.py for tasks to queue
[2025-09-19T04:30:01.067+0000] {logging_mixin.py:188} INFO - [2025-09-19T04:30:01.066+0000] {dagbag.py:538} INFO - Filling up the DagBag from /home/airflow/.local/lib/python3.8/site-packages/airflow/example_dags/example_external_task_marker_dag.py
[2025-09-19T04:30:01.078+0000] {processor.py:840} INFO - DAG(s) 'example_external_task_marker_child', 'example_external_task_marker_parent' retrieved from /home/airflow/.local/lib/python3.8/site-packages/airflow/example_dags/example_external_task_marker_dag.py
[2025-09-19T04:30:01.124+0000] {logging_mixin.py:188} INFO - [2025-09-19T04:30:01.123+0000] {dag.py:3036} INFO - Sync 2 DAGs
[2025-09-19T04:30:01.149+0000] {logging_mixin.py:188} INFO - [2025-09-19T04:30:01.148+0000] {dag.py:3823} INFO - Setting next_dagrun for example_external_task_marker_child to None, run_after=None
[2025-09-19T04:30:01.156+0000] {logging_mixin.py:188} INFO - [2025-09-19T04:30:01.155+0000] {dag.py:3823} INFO - Setting next_dagrun for example_external_task_marker_parent to None, run_after=None
[2025-09-19T04:30:01.194+0000] {processor.py:183} INFO - Processing /home/airflow/.local/lib/python3.8/site-packages/airflow/example_dags/example_external_task_marker_dag.py took 0.140 seconds
[2025-09-19T04:30:31.434+0000] {processor.py:161} INFO - Started process (PID=2644) to work on /home/airflow/.local/lib/python3.8/site-packages/airflow/example_dags/example_external_task_marker_dag.py
[2025-09-19T04:30:31.436+0000] {processor.py:830} INFO - Processing file /home/airflow/.local/lib/python3.8/site-packages/airflow/example_dags/example_external_task_marker_dag.py for tasks to queue
[2025-09-19T04:30:31.439+0000] {logging_mixin.py:188} INFO - [2025-09-19T04:30:31.439+0000] {dagbag.py:538} INFO - Filling up the DagBag from /home/airflow/.local/lib/python3.8/site-packages/airflow/example_dags/example_external_task_marker_dag.py
[2025-09-19T04:30:31.452+0000] {processor.py:840} INFO - DAG(s) 'example_external_task_marker_parent', 'example_external_task_marker_child' retrieved from /home/airflow/.local/lib/python3.8/site-packages/airflow/example_dags/example_external_task_marker_dag.py
[2025-09-19T04:30:31.502+0000] {logging_mixin.py:188} INFO - [2025-09-19T04:30:31.501+0000] {dag.py:3036} INFO - Sync 2 DAGs
[2025-09-19T04:30:31.531+0000] {logging_mixin.py:188} INFO - [2025-09-19T04:30:31.531+0000] {dag.py:3823} INFO - Setting next_dagrun for example_external_task_marker_child to None, run_after=None
[2025-09-19T04:30:31.540+0000] {logging_mixin.py:188} INFO - [2025-09-19T04:30:31.539+0000] {dag.py:3823} INFO - Setting next_dagrun for example_external_task_marker_parent to None, run_after=None
[2025-09-19T04:30:31.578+0000] {processor.py:183} INFO - Processing /home/airflow/.local/lib/python3.8/site-packages/airflow/example_dags/example_external_task_marker_dag.py took 0.153 seconds
[2025-09-19T04:31:02.541+0000] {processor.py:161} INFO - Started process (PID=2699) to work on /home/airflow/.local/lib/python3.8/site-packages/airflow/example_dags/example_external_task_marker_dag.py
[2025-09-19T04:31:02.543+0000] {processor.py:830} INFO - Processing file /home/airflow/.local/lib/python3.8/site-packages/airflow/example_dags/example_external_task_marker_dag.py for tasks to queue
[2025-09-19T04:31:02.546+0000] {logging_mixin.py:188} INFO - [2025-09-19T04:31:02.546+0000] {dagbag.py:538} INFO - Filling up the DagBag from /home/airflow/.local/lib/python3.8/site-packages/airflow/example_dags/example_external_task_marker_dag.py
[2025-09-19T04:31:02.557+0000] {processor.py:840} INFO - DAG(s) 'example_external_task_marker_parent', 'example_external_task_marker_child' retrieved from /home/airflow/.local/lib/python3.8/site-packages/airflow/example_dags/example_external_task_marker_dag.py
[2025-09-19T04:31:02.599+0000] {logging_mixin.py:188} INFO - [2025-09-19T04:31:02.598+0000] {dag.py:3036} INFO - Sync 2 DAGs
[2025-09-19T04:31:02.624+0000] {logging_mixin.py:188} INFO - [2025-09-19T04:31:02.623+0000] {dag.py:3823} INFO - Setting next_dagrun for example_external_task_marker_child to None, run_after=None
[2025-09-19T04:31:02.630+0000] {logging_mixin.py:188} INFO - [2025-09-19T04:31:02.630+0000] {dag.py:3823} INFO - Setting next_dagrun for example_external_task_marker_parent to None, run_after=None
[2025-09-19T04:31:02.834+0000] {processor.py:183} INFO - Processing /home/airflow/.local/lib/python3.8/site-packages/airflow/example_dags/example_external_task_marker_dag.py took 0.299 seconds
[2025-09-19T04:31:33.002+0000] {processor.py:161} INFO - Started process (PID=2754) to work on /home/airflow/.local/lib/python3.8/site-packages/airflow/example_dags/example_external_task_marker_dag.py
[2025-09-19T04:31:33.004+0000] {processor.py:830} INFO - Processing file /home/airflow/.local/lib/python3.8/site-packages/airflow/example_dags/example_external_task_marker_dag.py for tasks to queue
[2025-09-19T04:31:33.007+0000] {logging_mixin.py:188} INFO - [2025-09-19T04:31:33.006+0000] {dagbag.py:538} INFO - Filling up the DagBag from /home/airflow/.local/lib/python3.8/site-packages/airflow/example_dags/example_external_task_marker_dag.py
[2025-09-19T04:31:33.018+0000] {processor.py:840} INFO - DAG(s) 'example_external_task_marker_parent', 'example_external_task_marker_child' retrieved from /home/airflow/.local/lib/python3.8/site-packages/airflow/example_dags/example_external_task_marker_dag.py
[2025-09-19T04:31:33.062+0000] {logging_mixin.py:188} INFO - [2025-09-19T04:31:33.061+0000] {dag.py:3036} INFO - Sync 2 DAGs
[2025-09-19T04:31:33.087+0000] {logging_mixin.py:188} INFO - [2025-09-19T04:31:33.086+0000] {dag.py:3823} INFO - Setting next_dagrun for example_external_task_marker_child to None, run_after=None
[2025-09-19T04:31:33.094+0000] {logging_mixin.py:188} INFO - [2025-09-19T04:31:33.094+0000] {dag.py:3823} INFO - Setting next_dagrun for example_external_task_marker_parent to None, run_after=None
[2025-09-19T04:31:33.133+0000] {processor.py:183} INFO - Processing /home/airflow/.local/lib/python3.8/site-packages/airflow/example_dags/example_external_task_marker_dag.py took 0.138 seconds
[2025-09-19T04:32:03.985+0000] {processor.py:161} INFO - Started process (PID=2809) to work on /home/airflow/.local/lib/python3.8/site-packages/airflow/example_dags/example_external_task_marker_dag.py
[2025-09-19T04:32:03.987+0000] {processor.py:830} INFO - Processing file /home/airflow/.local/lib/python3.8/site-packages/airflow/example_dags/example_external_task_marker_dag.py for tasks to queue
[2025-09-19T04:32:03.991+0000] {logging_mixin.py:188} INFO - [2025-09-19T04:32:03.990+0000] {dagbag.py:538} INFO - Filling up the DagBag from /home/airflow/.local/lib/python3.8/site-packages/airflow/example_dags/example_external_task_marker_dag.py
[2025-09-19T04:32:04.002+0000] {processor.py:840} INFO - DAG(s) 'example_external_task_marker_parent', 'example_external_task_marker_child' retrieved from /home/airflow/.local/lib/python3.8/site-packages/airflow/example_dags/example_external_task_marker_dag.py
[2025-09-19T04:32:04.049+0000] {logging_mixin.py:188} INFO - [2025-09-19T04:32:04.049+0000] {dag.py:3036} INFO - Sync 2 DAGs
[2025-09-19T04:32:04.075+0000] {logging_mixin.py:188} INFO - [2025-09-19T04:32:04.074+0000] {dag.py:3823} INFO - Setting next_dagrun for example_external_task_marker_child to None, run_after=None
[2025-09-19T04:32:04.082+0000] {logging_mixin.py:188} INFO - [2025-09-19T04:32:04.082+0000] {dag.py:3823} INFO - Setting next_dagrun for example_external_task_marker_parent to None, run_after=None
[2025-09-19T04:32:04.118+0000] {processor.py:183} INFO - Processing /home/airflow/.local/lib/python3.8/site-packages/airflow/example_dags/example_external_task_marker_dag.py took 0.143 seconds
[2025-09-19T04:32:34.725+0000] {processor.py:161} INFO - Started process (PID=2864) to work on /home/airflow/.local/lib/python3.8/site-packages/airflow/example_dags/example_external_task_marker_dag.py
[2025-09-19T04:32:34.727+0000] {processor.py:830} INFO - Processing file /home/airflow/.local/lib/python3.8/site-packages/airflow/example_dags/example_external_task_marker_dag.py for tasks to queue
[2025-09-19T04:32:34.731+0000] {logging_mixin.py:188} INFO - [2025-09-19T04:32:34.731+0000] {dagbag.py:538} INFO - Filling up the DagBag from /home/airflow/.local/lib/python3.8/site-packages/airflow/example_dags/example_external_task_marker_dag.py
[2025-09-19T04:32:34.745+0000] {processor.py:840} INFO - DAG(s) 'example_external_task_marker_parent', 'example_external_task_marker_child' retrieved from /home/airflow/.local/lib/python3.8/site-packages/airflow/example_dags/example_external_task_marker_dag.py
[2025-09-19T04:32:34.799+0000] {logging_mixin.py:188} INFO - [2025-09-19T04:32:34.798+0000] {dag.py:3036} INFO - Sync 2 DAGs
[2025-09-19T04:32:34.825+0000] {logging_mixin.py:188} INFO - [2025-09-19T04:32:34.825+0000] {dag.py:3823} INFO - Setting next_dagrun for example_external_task_marker_child to None, run_after=None
[2025-09-19T04:32:34.832+0000] {logging_mixin.py:188} INFO - [2025-09-19T04:32:34.832+0000] {dag.py:3823} INFO - Setting next_dagrun for example_external_task_marker_parent to None, run_after=None
[2025-09-19T04:32:34.874+0000] {processor.py:183} INFO - Processing /home/airflow/.local/lib/python3.8/site-packages/airflow/example_dags/example_external_task_marker_dag.py took 0.156 seconds
[2025-09-19T04:33:05.819+0000] {processor.py:161} INFO - Started process (PID=2919) to work on /home/airflow/.local/lib/python3.8/site-packages/airflow/example_dags/example_external_task_marker_dag.py
[2025-09-19T04:33:05.821+0000] {processor.py:830} INFO - Processing file /home/airflow/.local/lib/python3.8/site-packages/airflow/example_dags/example_external_task_marker_dag.py for tasks to queue
[2025-09-19T04:33:05.825+0000] {logging_mixin.py:188} INFO - [2025-09-19T04:33:05.824+0000] {dagbag.py:538} INFO - Filling up the DagBag from /home/airflow/.local/lib/python3.8/site-packages/airflow/example_dags/example_external_task_marker_dag.py
[2025-09-19T04:33:05.840+0000] {processor.py:840} INFO - DAG(s) 'example_external_task_marker_parent', 'example_external_task_marker_child' retrieved from /home/airflow/.local/lib/python3.8/site-packages/airflow/example_dags/example_external_task_marker_dag.py
[2025-09-19T04:33:05.895+0000] {logging_mixin.py:188} INFO - [2025-09-19T04:33:05.895+0000] {dag.py:3036} INFO - Sync 2 DAGs
[2025-09-19T04:33:06.136+0000] {logging_mixin.py:188} INFO - [2025-09-19T04:33:06.135+0000] {dag.py:3823} INFO - Setting next_dagrun for example_external_task_marker_child to None, run_after=None
[2025-09-19T04:33:06.142+0000] {logging_mixin.py:188} INFO - [2025-09-19T04:33:06.142+0000] {dag.py:3823} INFO - Setting next_dagrun for example_external_task_marker_parent to None, run_after=None
[2025-09-19T04:33:06.176+0000] {processor.py:183} INFO - Processing /home/airflow/.local/lib/python3.8/site-packages/airflow/example_dags/example_external_task_marker_dag.py took 0.364 seconds
[2025-09-19T04:33:36.283+0000] {processor.py:161} INFO - Started process (PID=2973) to work on /home/airflow/.local/lib/python3.8/site-packages/airflow/example_dags/example_external_task_marker_dag.py
[2025-09-19T04:33:36.285+0000] {processor.py:830} INFO - Processing file /home/airflow/.local/lib/python3.8/site-packages/airflow/example_dags/example_external_task_marker_dag.py for tasks to queue
[2025-09-19T04:33:36.288+0000] {logging_mixin.py:188} INFO - [2025-09-19T04:33:36.288+0000] {dagbag.py:538} INFO - Filling up the DagBag from /home/airflow/.local/lib/python3.8/site-packages/airflow/example_dags/example_external_task_marker_dag.py
[2025-09-19T04:33:36.299+0000] {processor.py:840} INFO - DAG(s) 'example_external_task_marker_parent', 'example_external_task_marker_child' retrieved from /home/airflow/.local/lib/python3.8/site-packages/airflow/example_dags/example_external_task_marker_dag.py
[2025-09-19T04:33:36.341+0000] {logging_mixin.py:188} INFO - [2025-09-19T04:33:36.340+0000] {dag.py:3036} INFO - Sync 2 DAGs
[2025-09-19T04:33:36.364+0000] {logging_mixin.py:188} INFO - [2025-09-19T04:33:36.364+0000] {dag.py:3823} INFO - Setting next_dagrun for example_external_task_marker_child to None, run_after=None
[2025-09-19T04:33:36.371+0000] {logging_mixin.py:188} INFO - [2025-09-19T04:33:36.370+0000] {dag.py:3823} INFO - Setting next_dagrun for example_external_task_marker_parent to None, run_after=None
[2025-09-19T04:33:36.607+0000] {processor.py:183} INFO - Processing /home/airflow/.local/lib/python3.8/site-packages/airflow/example_dags/example_external_task_marker_dag.py took 0.329 seconds
