[2025-09-19T04:06:53.824+0000] {processor.py:161} INFO - Started process (PID=76) to work on /home/airflow/.local/lib/python3.8/site-packages/airflow/example_dags/example_complex.py
[2025-09-19T04:06:53.826+0000] {processor.py:830} INFO - Processing file /home/airflow/.local/lib/python3.8/site-packages/airflow/example_dags/example_complex.py for tasks to queue
[2025-09-19T04:06:53.831+0000] {logging_mixin.py:188} INFO - [2025-09-19T04:06:53.830+0000] {dagbag.py:538} INFO - Filling up the DagBag from /home/airflow/.local/lib/python3.8/site-packages/airflow/example_dags/example_complex.py
[2025-09-19T04:06:53.913+0000] {processor.py:840} INFO - DAG(s) 'example_complex' retrieved from /home/airflow/.local/lib/python3.8/site-packages/airflow/example_dags/example_complex.py
[2025-09-19T04:06:54.333+0000] {logging_mixin.py:188} INFO - [2025-09-19T04:06:54.333+0000] {dag.py:3036} INFO - Sync 1 DAGs
[2025-09-19T04:06:54.364+0000] {logging_mixin.py:188} INFO - [2025-09-19T04:06:54.364+0000] {dag.py:3823} INFO - Setting next_dagrun for example_complex to None, run_after=None
[2025-09-19T04:06:54.443+0000] {processor.py:183} INFO - Processing /home/airflow/.local/lib/python3.8/site-packages/airflow/example_dags/example_complex.py took 0.628 seconds
[2025-09-19T04:07:25.221+0000] {processor.py:161} INFO - Started process (PID=131) to work on /home/airflow/.local/lib/python3.8/site-packages/airflow/example_dags/example_complex.py
[2025-09-19T04:07:25.223+0000] {processor.py:830} INFO - Processing file /home/airflow/.local/lib/python3.8/site-packages/airflow/example_dags/example_complex.py for tasks to queue
[2025-09-19T04:07:25.226+0000] {logging_mixin.py:188} INFO - [2025-09-19T04:07:25.226+0000] {dagbag.py:538} INFO - Filling up the DagBag from /home/airflow/.local/lib/python3.8/site-packages/airflow/example_dags/example_complex.py
[2025-09-19T04:07:25.250+0000] {processor.py:840} INFO - DAG(s) 'example_complex' retrieved from /home/airflow/.local/lib/python3.8/site-packages/airflow/example_dags/example_complex.py
[2025-09-19T04:07:25.310+0000] {logging_mixin.py:188} INFO - [2025-09-19T04:07:25.310+0000] {dag.py:3036} INFO - Sync 1 DAGs
[2025-09-19T04:07:25.335+0000] {logging_mixin.py:188} INFO - [2025-09-19T04:07:25.334+0000] {dag.py:3823} INFO - Setting next_dagrun for example_complex to None, run_after=None
[2025-09-19T04:07:25.375+0000] {processor.py:183} INFO - Processing /home/airflow/.local/lib/python3.8/site-packages/airflow/example_dags/example_complex.py took 0.161 seconds
[2025-09-19T04:07:55.954+0000] {processor.py:161} INFO - Started process (PID=186) to work on /home/airflow/.local/lib/python3.8/site-packages/airflow/example_dags/example_complex.py
[2025-09-19T04:07:55.956+0000] {processor.py:830} INFO - Processing file /home/airflow/.local/lib/python3.8/site-packages/airflow/example_dags/example_complex.py for tasks to queue
[2025-09-19T04:07:55.960+0000] {logging_mixin.py:188} INFO - [2025-09-19T04:07:55.959+0000] {dagbag.py:538} INFO - Filling up the DagBag from /home/airflow/.local/lib/python3.8/site-packages/airflow/example_dags/example_complex.py
[2025-09-19T04:07:55.983+0000] {processor.py:840} INFO - DAG(s) 'example_complex' retrieved from /home/airflow/.local/lib/python3.8/site-packages/airflow/example_dags/example_complex.py
[2025-09-19T04:07:56.039+0000] {logging_mixin.py:188} INFO - [2025-09-19T04:07:56.039+0000] {dag.py:3036} INFO - Sync 1 DAGs
[2025-09-19T04:07:56.064+0000] {logging_mixin.py:188} INFO - [2025-09-19T04:07:56.064+0000] {dag.py:3823} INFO - Setting next_dagrun for example_complex to None, run_after=None
[2025-09-19T04:07:56.099+0000] {processor.py:183} INFO - Processing /home/airflow/.local/lib/python3.8/site-packages/airflow/example_dags/example_complex.py took 0.151 seconds
[2025-09-19T04:08:26.732+0000] {processor.py:161} INFO - Started process (PID=241) to work on /home/airflow/.local/lib/python3.8/site-packages/airflow/example_dags/example_complex.py
[2025-09-19T04:08:26.734+0000] {processor.py:830} INFO - Processing file /home/airflow/.local/lib/python3.8/site-packages/airflow/example_dags/example_complex.py for tasks to queue
[2025-09-19T04:08:26.738+0000] {logging_mixin.py:188} INFO - [2025-09-19T04:08:26.737+0000] {dagbag.py:538} INFO - Filling up the DagBag from /home/airflow/.local/lib/python3.8/site-packages/airflow/example_dags/example_complex.py
[2025-09-19T04:08:26.767+0000] {processor.py:840} INFO - DAG(s) 'example_complex' retrieved from /home/airflow/.local/lib/python3.8/site-packages/airflow/example_dags/example_complex.py
[2025-09-19T04:08:26.827+0000] {logging_mixin.py:188} INFO - [2025-09-19T04:08:26.827+0000] {dag.py:3036} INFO - Sync 1 DAGs
[2025-09-19T04:08:26.852+0000] {logging_mixin.py:188} INFO - [2025-09-19T04:08:26.851+0000] {dag.py:3823} INFO - Setting next_dagrun for example_complex to None, run_after=None
[2025-09-19T04:08:26.890+0000] {processor.py:183} INFO - Processing /home/airflow/.local/lib/python3.8/site-packages/airflow/example_dags/example_complex.py took 0.164 seconds
[2025-09-19T04:08:57.080+0000] {processor.py:161} INFO - Started process (PID=297) to work on /home/airflow/.local/lib/python3.8/site-packages/airflow/example_dags/example_complex.py
[2025-09-19T04:08:57.082+0000] {processor.py:830} INFO - Processing file /home/airflow/.local/lib/python3.8/site-packages/airflow/example_dags/example_complex.py for tasks to queue
[2025-09-19T04:08:57.087+0000] {logging_mixin.py:188} INFO - [2025-09-19T04:08:57.086+0000] {dagbag.py:538} INFO - Filling up the DagBag from /home/airflow/.local/lib/python3.8/site-packages/airflow/example_dags/example_complex.py
[2025-09-19T04:08:57.110+0000] {processor.py:840} INFO - DAG(s) 'example_complex' retrieved from /home/airflow/.local/lib/python3.8/site-packages/airflow/example_dags/example_complex.py
[2025-09-19T04:08:57.166+0000] {logging_mixin.py:188} INFO - [2025-09-19T04:08:57.166+0000] {dag.py:3036} INFO - Sync 1 DAGs
[2025-09-19T04:08:57.190+0000] {logging_mixin.py:188} INFO - [2025-09-19T04:08:57.189+0000] {dag.py:3823} INFO - Setting next_dagrun for example_complex to None, run_after=None
[2025-09-19T04:08:57.227+0000] {processor.py:183} INFO - Processing /home/airflow/.local/lib/python3.8/site-packages/airflow/example_dags/example_complex.py took 0.154 seconds
[2025-09-19T04:09:27.647+0000] {processor.py:161} INFO - Started process (PID=352) to work on /home/airflow/.local/lib/python3.8/site-packages/airflow/example_dags/example_complex.py
[2025-09-19T04:09:27.649+0000] {processor.py:830} INFO - Processing file /home/airflow/.local/lib/python3.8/site-packages/airflow/example_dags/example_complex.py for tasks to queue
[2025-09-19T04:09:27.653+0000] {logging_mixin.py:188} INFO - [2025-09-19T04:09:27.652+0000] {dagbag.py:538} INFO - Filling up the DagBag from /home/airflow/.local/lib/python3.8/site-packages/airflow/example_dags/example_complex.py
[2025-09-19T04:09:27.674+0000] {processor.py:840} INFO - DAG(s) 'example_complex' retrieved from /home/airflow/.local/lib/python3.8/site-packages/airflow/example_dags/example_complex.py
[2025-09-19T04:09:27.733+0000] {logging_mixin.py:188} INFO - [2025-09-19T04:09:27.733+0000] {dag.py:3036} INFO - Sync 1 DAGs
[2025-09-19T04:09:27.756+0000] {logging_mixin.py:188} INFO - [2025-09-19T04:09:27.756+0000] {dag.py:3823} INFO - Setting next_dagrun for example_complex to None, run_after=None
[2025-09-19T04:09:27.792+0000] {processor.py:183} INFO - Processing /home/airflow/.local/lib/python3.8/site-packages/airflow/example_dags/example_complex.py took 0.150 seconds
[2025-09-19T04:09:58.052+0000] {processor.py:161} INFO - Started process (PID=407) to work on /home/airflow/.local/lib/python3.8/site-packages/airflow/example_dags/example_complex.py
[2025-09-19T04:09:58.054+0000] {processor.py:830} INFO - Processing file /home/airflow/.local/lib/python3.8/site-packages/airflow/example_dags/example_complex.py for tasks to queue
[2025-09-19T04:09:58.057+0000] {logging_mixin.py:188} INFO - [2025-09-19T04:09:58.057+0000] {dagbag.py:538} INFO - Filling up the DagBag from /home/airflow/.local/lib/python3.8/site-packages/airflow/example_dags/example_complex.py
[2025-09-19T04:09:58.084+0000] {processor.py:840} INFO - DAG(s) 'example_complex' retrieved from /home/airflow/.local/lib/python3.8/site-packages/airflow/example_dags/example_complex.py
[2025-09-19T04:09:58.146+0000] {logging_mixin.py:188} INFO - [2025-09-19T04:09:58.145+0000] {dag.py:3036} INFO - Sync 1 DAGs
[2025-09-19T04:09:58.170+0000] {logging_mixin.py:188} INFO - [2025-09-19T04:09:58.170+0000] {dag.py:3823} INFO - Setting next_dagrun for example_complex to None, run_after=None
[2025-09-19T04:09:58.212+0000] {processor.py:183} INFO - Processing /home/airflow/.local/lib/python3.8/site-packages/airflow/example_dags/example_complex.py took 0.166 seconds
[2025-09-19T04:10:28.907+0000] {processor.py:161} INFO - Started process (PID=462) to work on /home/airflow/.local/lib/python3.8/site-packages/airflow/example_dags/example_complex.py
[2025-09-19T04:10:28.909+0000] {processor.py:830} INFO - Processing file /home/airflow/.local/lib/python3.8/site-packages/airflow/example_dags/example_complex.py for tasks to queue
[2025-09-19T04:10:28.913+0000] {logging_mixin.py:188} INFO - [2025-09-19T04:10:28.912+0000] {dagbag.py:538} INFO - Filling up the DagBag from /home/airflow/.local/lib/python3.8/site-packages/airflow/example_dags/example_complex.py
[2025-09-19T04:10:28.944+0000] {processor.py:840} INFO - DAG(s) 'example_complex' retrieved from /home/airflow/.local/lib/python3.8/site-packages/airflow/example_dags/example_complex.py
[2025-09-19T04:10:29.018+0000] {logging_mixin.py:188} INFO - [2025-09-19T04:10:29.017+0000] {dag.py:3036} INFO - Sync 1 DAGs
[2025-09-19T04:10:29.046+0000] {logging_mixin.py:188} INFO - [2025-09-19T04:10:29.046+0000] {dag.py:3823} INFO - Setting next_dagrun for example_complex to None, run_after=None
[2025-09-19T04:10:29.088+0000] {processor.py:183} INFO - Processing /home/airflow/.local/lib/python3.8/site-packages/airflow/example_dags/example_complex.py took 0.187 seconds
[2025-09-19T04:10:59.194+0000] {processor.py:161} INFO - Started process (PID=517) to work on /home/airflow/.local/lib/python3.8/site-packages/airflow/example_dags/example_complex.py
[2025-09-19T04:10:59.196+0000] {processor.py:830} INFO - Processing file /home/airflow/.local/lib/python3.8/site-packages/airflow/example_dags/example_complex.py for tasks to queue
[2025-09-19T04:10:59.200+0000] {logging_mixin.py:188} INFO - [2025-09-19T04:10:59.199+0000] {dagbag.py:538} INFO - Filling up the DagBag from /home/airflow/.local/lib/python3.8/site-packages/airflow/example_dags/example_complex.py
[2025-09-19T04:10:59.222+0000] {processor.py:840} INFO - DAG(s) 'example_complex' retrieved from /home/airflow/.local/lib/python3.8/site-packages/airflow/example_dags/example_complex.py
[2025-09-19T04:10:59.278+0000] {logging_mixin.py:188} INFO - [2025-09-19T04:10:59.278+0000] {dag.py:3036} INFO - Sync 1 DAGs
[2025-09-19T04:10:59.302+0000] {logging_mixin.py:188} INFO - [2025-09-19T04:10:59.301+0000] {dag.py:3823} INFO - Setting next_dagrun for example_complex to None, run_after=None
[2025-09-19T04:10:59.337+0000] {processor.py:183} INFO - Processing /home/airflow/.local/lib/python3.8/site-packages/airflow/example_dags/example_complex.py took 0.149 seconds
[2025-09-19T04:11:30.047+0000] {processor.py:161} INFO - Started process (PID=572) to work on /home/airflow/.local/lib/python3.8/site-packages/airflow/example_dags/example_complex.py
[2025-09-19T04:11:30.049+0000] {processor.py:830} INFO - Processing file /home/airflow/.local/lib/python3.8/site-packages/airflow/example_dags/example_complex.py for tasks to queue
[2025-09-19T04:11:30.054+0000] {logging_mixin.py:188} INFO - [2025-09-19T04:11:30.053+0000] {dagbag.py:538} INFO - Filling up the DagBag from /home/airflow/.local/lib/python3.8/site-packages/airflow/example_dags/example_complex.py
[2025-09-19T04:11:30.083+0000] {processor.py:840} INFO - DAG(s) 'example_complex' retrieved from /home/airflow/.local/lib/python3.8/site-packages/airflow/example_dags/example_complex.py
[2025-09-19T04:11:30.144+0000] {logging_mixin.py:188} INFO - [2025-09-19T04:11:30.144+0000] {dag.py:3036} INFO - Sync 1 DAGs
[2025-09-19T04:11:30.168+0000] {logging_mixin.py:188} INFO - [2025-09-19T04:11:30.167+0000] {dag.py:3823} INFO - Setting next_dagrun for example_complex to None, run_after=None
[2025-09-19T04:11:30.206+0000] {processor.py:183} INFO - Processing /home/airflow/.local/lib/python3.8/site-packages/airflow/example_dags/example_complex.py took 0.165 seconds
[2025-09-19T04:12:00.364+0000] {processor.py:161} INFO - Started process (PID=627) to work on /home/airflow/.local/lib/python3.8/site-packages/airflow/example_dags/example_complex.py
[2025-09-19T04:12:00.365+0000] {processor.py:830} INFO - Processing file /home/airflow/.local/lib/python3.8/site-packages/airflow/example_dags/example_complex.py for tasks to queue
[2025-09-19T04:12:00.369+0000] {logging_mixin.py:188} INFO - [2025-09-19T04:12:00.368+0000] {dagbag.py:538} INFO - Filling up the DagBag from /home/airflow/.local/lib/python3.8/site-packages/airflow/example_dags/example_complex.py
[2025-09-19T04:12:00.390+0000] {processor.py:840} INFO - DAG(s) 'example_complex' retrieved from /home/airflow/.local/lib/python3.8/site-packages/airflow/example_dags/example_complex.py
[2025-09-19T04:12:00.447+0000] {logging_mixin.py:188} INFO - [2025-09-19T04:12:00.446+0000] {dag.py:3036} INFO - Sync 1 DAGs
[2025-09-19T04:12:00.469+0000] {logging_mixin.py:188} INFO - [2025-09-19T04:12:00.469+0000] {dag.py:3823} INFO - Setting next_dagrun for example_complex to None, run_after=None
[2025-09-19T04:12:00.504+0000] {processor.py:183} INFO - Processing /home/airflow/.local/lib/python3.8/site-packages/airflow/example_dags/example_complex.py took 0.146 seconds
[2025-09-19T04:12:30.641+0000] {processor.py:161} INFO - Started process (PID=682) to work on /home/airflow/.local/lib/python3.8/site-packages/airflow/example_dags/example_complex.py
[2025-09-19T04:12:30.643+0000] {processor.py:830} INFO - Processing file /home/airflow/.local/lib/python3.8/site-packages/airflow/example_dags/example_complex.py for tasks to queue
[2025-09-19T04:12:30.647+0000] {logging_mixin.py:188} INFO - [2025-09-19T04:12:30.646+0000] {dagbag.py:538} INFO - Filling up the DagBag from /home/airflow/.local/lib/python3.8/site-packages/airflow/example_dags/example_complex.py
[2025-09-19T04:12:30.672+0000] {processor.py:840} INFO - DAG(s) 'example_complex' retrieved from /home/airflow/.local/lib/python3.8/site-packages/airflow/example_dags/example_complex.py
[2025-09-19T04:12:30.734+0000] {logging_mixin.py:188} INFO - [2025-09-19T04:12:30.734+0000] {dag.py:3036} INFO - Sync 1 DAGs
[2025-09-19T04:12:30.762+0000] {logging_mixin.py:188} INFO - [2025-09-19T04:12:30.762+0000] {dag.py:3823} INFO - Setting next_dagrun for example_complex to None, run_after=None
[2025-09-19T04:12:30.806+0000] {processor.py:183} INFO - Processing /home/airflow/.local/lib/python3.8/site-packages/airflow/example_dags/example_complex.py took 0.171 seconds
[2025-09-19T04:13:00.987+0000] {processor.py:161} INFO - Started process (PID=737) to work on /home/airflow/.local/lib/python3.8/site-packages/airflow/example_dags/example_complex.py
[2025-09-19T04:13:00.989+0000] {processor.py:830} INFO - Processing file /home/airflow/.local/lib/python3.8/site-packages/airflow/example_dags/example_complex.py for tasks to queue
[2025-09-19T04:13:00.993+0000] {logging_mixin.py:188} INFO - [2025-09-19T04:13:00.992+0000] {dagbag.py:538} INFO - Filling up the DagBag from /home/airflow/.local/lib/python3.8/site-packages/airflow/example_dags/example_complex.py
[2025-09-19T04:13:01.025+0000] {processor.py:840} INFO - DAG(s) 'example_complex' retrieved from /home/airflow/.local/lib/python3.8/site-packages/airflow/example_dags/example_complex.py
[2025-09-19T04:13:01.109+0000] {logging_mixin.py:188} INFO - [2025-09-19T04:13:01.108+0000] {dag.py:3036} INFO - Sync 1 DAGs
[2025-09-19T04:13:01.139+0000] {logging_mixin.py:188} INFO - [2025-09-19T04:13:01.139+0000] {dag.py:3823} INFO - Setting next_dagrun for example_complex to None, run_after=None
[2025-09-19T04:13:01.188+0000] {processor.py:183} INFO - Processing /home/airflow/.local/lib/python3.8/site-packages/airflow/example_dags/example_complex.py took 0.210 seconds
[2025-09-19T04:13:31.484+0000] {processor.py:161} INFO - Started process (PID=792) to work on /home/airflow/.local/lib/python3.8/site-packages/airflow/example_dags/example_complex.py
[2025-09-19T04:13:31.486+0000] {processor.py:830} INFO - Processing file /home/airflow/.local/lib/python3.8/site-packages/airflow/example_dags/example_complex.py for tasks to queue
[2025-09-19T04:13:31.489+0000] {logging_mixin.py:188} INFO - [2025-09-19T04:13:31.489+0000] {dagbag.py:538} INFO - Filling up the DagBag from /home/airflow/.local/lib/python3.8/site-packages/airflow/example_dags/example_complex.py
[2025-09-19T04:13:31.512+0000] {processor.py:840} INFO - DAG(s) 'example_complex' retrieved from /home/airflow/.local/lib/python3.8/site-packages/airflow/example_dags/example_complex.py
[2025-09-19T04:13:31.572+0000] {logging_mixin.py:188} INFO - [2025-09-19T04:13:31.571+0000] {dag.py:3036} INFO - Sync 1 DAGs
[2025-09-19T04:13:31.595+0000] {logging_mixin.py:188} INFO - [2025-09-19T04:13:31.595+0000] {dag.py:3823} INFO - Setting next_dagrun for example_complex to None, run_after=None
[2025-09-19T04:13:31.632+0000] {processor.py:183} INFO - Processing /home/airflow/.local/lib/python3.8/site-packages/airflow/example_dags/example_complex.py took 0.154 seconds
[2025-09-19T04:14:01.942+0000] {processor.py:161} INFO - Started process (PID=847) to work on /home/airflow/.local/lib/python3.8/site-packages/airflow/example_dags/example_complex.py
[2025-09-19T04:14:01.944+0000] {processor.py:830} INFO - Processing file /home/airflow/.local/lib/python3.8/site-packages/airflow/example_dags/example_complex.py for tasks to queue
[2025-09-19T04:14:01.948+0000] {logging_mixin.py:188} INFO - [2025-09-19T04:14:01.947+0000] {dagbag.py:538} INFO - Filling up the DagBag from /home/airflow/.local/lib/python3.8/site-packages/airflow/example_dags/example_complex.py
[2025-09-19T04:14:01.970+0000] {processor.py:840} INFO - DAG(s) 'example_complex' retrieved from /home/airflow/.local/lib/python3.8/site-packages/airflow/example_dags/example_complex.py
[2025-09-19T04:14:02.034+0000] {logging_mixin.py:188} INFO - [2025-09-19T04:14:02.034+0000] {dag.py:3036} INFO - Sync 1 DAGs
[2025-09-19T04:14:02.063+0000] {logging_mixin.py:188} INFO - [2025-09-19T04:14:02.063+0000] {dag.py:3823} INFO - Setting next_dagrun for example_complex to None, run_after=None
[2025-09-19T04:14:02.102+0000] {processor.py:183} INFO - Processing /home/airflow/.local/lib/python3.8/site-packages/airflow/example_dags/example_complex.py took 0.167 seconds
[2025-09-19T04:14:32.315+0000] {processor.py:161} INFO - Started process (PID=902) to work on /home/airflow/.local/lib/python3.8/site-packages/airflow/example_dags/example_complex.py
[2025-09-19T04:14:32.317+0000] {processor.py:830} INFO - Processing file /home/airflow/.local/lib/python3.8/site-packages/airflow/example_dags/example_complex.py for tasks to queue
[2025-09-19T04:14:32.322+0000] {logging_mixin.py:188} INFO - [2025-09-19T04:14:32.321+0000] {dagbag.py:538} INFO - Filling up the DagBag from /home/airflow/.local/lib/python3.8/site-packages/airflow/example_dags/example_complex.py
[2025-09-19T04:14:32.357+0000] {processor.py:840} INFO - DAG(s) 'example_complex' retrieved from /home/airflow/.local/lib/python3.8/site-packages/airflow/example_dags/example_complex.py
[2025-09-19T04:14:32.430+0000] {logging_mixin.py:188} INFO - [2025-09-19T04:14:32.429+0000] {dag.py:3036} INFO - Sync 1 DAGs
[2025-09-19T04:14:32.475+0000] {logging_mixin.py:188} INFO - [2025-09-19T04:14:32.474+0000] {dag.py:3823} INFO - Setting next_dagrun for example_complex to None, run_after=None
[2025-09-19T04:14:32.524+0000] {processor.py:183} INFO - Processing /home/airflow/.local/lib/python3.8/site-packages/airflow/example_dags/example_complex.py took 0.218 seconds
[2025-09-19T04:15:03.245+0000] {processor.py:161} INFO - Started process (PID=957) to work on /home/airflow/.local/lib/python3.8/site-packages/airflow/example_dags/example_complex.py
[2025-09-19T04:15:03.247+0000] {processor.py:830} INFO - Processing file /home/airflow/.local/lib/python3.8/site-packages/airflow/example_dags/example_complex.py for tasks to queue
[2025-09-19T04:15:03.250+0000] {logging_mixin.py:188} INFO - [2025-09-19T04:15:03.249+0000] {dagbag.py:538} INFO - Filling up the DagBag from /home/airflow/.local/lib/python3.8/site-packages/airflow/example_dags/example_complex.py
[2025-09-19T04:15:03.272+0000] {processor.py:840} INFO - DAG(s) 'example_complex' retrieved from /home/airflow/.local/lib/python3.8/site-packages/airflow/example_dags/example_complex.py
[2025-09-19T04:15:03.326+0000] {logging_mixin.py:188} INFO - [2025-09-19T04:15:03.326+0000] {dag.py:3036} INFO - Sync 1 DAGs
[2025-09-19T04:15:03.348+0000] {logging_mixin.py:188} INFO - [2025-09-19T04:15:03.348+0000] {dag.py:3823} INFO - Setting next_dagrun for example_complex to None, run_after=None
[2025-09-19T04:15:03.383+0000] {processor.py:183} INFO - Processing /home/airflow/.local/lib/python3.8/site-packages/airflow/example_dags/example_complex.py took 0.144 seconds
[2025-09-19T04:15:33.586+0000] {processor.py:161} INFO - Started process (PID=1012) to work on /home/airflow/.local/lib/python3.8/site-packages/airflow/example_dags/example_complex.py
[2025-09-19T04:15:33.588+0000] {processor.py:830} INFO - Processing file /home/airflow/.local/lib/python3.8/site-packages/airflow/example_dags/example_complex.py for tasks to queue
[2025-09-19T04:15:33.593+0000] {logging_mixin.py:188} INFO - [2025-09-19T04:15:33.592+0000] {dagbag.py:538} INFO - Filling up the DagBag from /home/airflow/.local/lib/python3.8/site-packages/airflow/example_dags/example_complex.py
[2025-09-19T04:15:33.624+0000] {processor.py:840} INFO - DAG(s) 'example_complex' retrieved from /home/airflow/.local/lib/python3.8/site-packages/airflow/example_dags/example_complex.py
[2025-09-19T04:15:33.686+0000] {logging_mixin.py:188} INFO - [2025-09-19T04:15:33.686+0000] {dag.py:3036} INFO - Sync 1 DAGs
[2025-09-19T04:15:33.712+0000] {logging_mixin.py:188} INFO - [2025-09-19T04:15:33.712+0000] {dag.py:3823} INFO - Setting next_dagrun for example_complex to None, run_after=None
[2025-09-19T04:15:33.754+0000] {processor.py:183} INFO - Processing /home/airflow/.local/lib/python3.8/site-packages/airflow/example_dags/example_complex.py took 0.176 seconds
[2025-09-19T04:16:04.081+0000] {processor.py:161} INFO - Started process (PID=1067) to work on /home/airflow/.local/lib/python3.8/site-packages/airflow/example_dags/example_complex.py
[2025-09-19T04:16:04.083+0000] {processor.py:830} INFO - Processing file /home/airflow/.local/lib/python3.8/site-packages/airflow/example_dags/example_complex.py for tasks to queue
[2025-09-19T04:16:04.086+0000] {logging_mixin.py:188} INFO - [2025-09-19T04:16:04.085+0000] {dagbag.py:538} INFO - Filling up the DagBag from /home/airflow/.local/lib/python3.8/site-packages/airflow/example_dags/example_complex.py
[2025-09-19T04:16:04.108+0000] {processor.py:840} INFO - DAG(s) 'example_complex' retrieved from /home/airflow/.local/lib/python3.8/site-packages/airflow/example_dags/example_complex.py
[2025-09-19T04:16:04.160+0000] {logging_mixin.py:188} INFO - [2025-09-19T04:16:04.159+0000] {dag.py:3036} INFO - Sync 1 DAGs
[2025-09-19T04:16:04.182+0000] {logging_mixin.py:188} INFO - [2025-09-19T04:16:04.181+0000] {dag.py:3823} INFO - Setting next_dagrun for example_complex to None, run_after=None
[2025-09-19T04:16:04.216+0000] {processor.py:183} INFO - Processing /home/airflow/.local/lib/python3.8/site-packages/airflow/example_dags/example_complex.py took 0.142 seconds
[2025-09-19T04:16:34.686+0000] {processor.py:161} INFO - Started process (PID=1122) to work on /home/airflow/.local/lib/python3.8/site-packages/airflow/example_dags/example_complex.py
[2025-09-19T04:16:34.688+0000] {processor.py:830} INFO - Processing file /home/airflow/.local/lib/python3.8/site-packages/airflow/example_dags/example_complex.py for tasks to queue
[2025-09-19T04:16:34.692+0000] {logging_mixin.py:188} INFO - [2025-09-19T04:16:34.691+0000] {dagbag.py:538} INFO - Filling up the DagBag from /home/airflow/.local/lib/python3.8/site-packages/airflow/example_dags/example_complex.py
[2025-09-19T04:16:34.714+0000] {processor.py:840} INFO - DAG(s) 'example_complex' retrieved from /home/airflow/.local/lib/python3.8/site-packages/airflow/example_dags/example_complex.py
[2025-09-19T04:16:34.768+0000] {logging_mixin.py:188} INFO - [2025-09-19T04:16:34.768+0000] {dag.py:3036} INFO - Sync 1 DAGs
[2025-09-19T04:16:34.791+0000] {logging_mixin.py:188} INFO - [2025-09-19T04:16:34.790+0000] {dag.py:3823} INFO - Setting next_dagrun for example_complex to None, run_after=None
[2025-09-19T04:16:34.825+0000] {processor.py:183} INFO - Processing /home/airflow/.local/lib/python3.8/site-packages/airflow/example_dags/example_complex.py took 0.144 seconds
[2025-09-19T04:17:05.229+0000] {processor.py:161} INFO - Started process (PID=1177) to work on /home/airflow/.local/lib/python3.8/site-packages/airflow/example_dags/example_complex.py
[2025-09-19T04:17:05.231+0000] {processor.py:830} INFO - Processing file /home/airflow/.local/lib/python3.8/site-packages/airflow/example_dags/example_complex.py for tasks to queue
[2025-09-19T04:17:05.241+0000] {logging_mixin.py:188} INFO - [2025-09-19T04:17:05.241+0000] {dagbag.py:538} INFO - Filling up the DagBag from /home/airflow/.local/lib/python3.8/site-packages/airflow/example_dags/example_complex.py
[2025-09-19T04:17:05.266+0000] {processor.py:840} INFO - DAG(s) 'example_complex' retrieved from /home/airflow/.local/lib/python3.8/site-packages/airflow/example_dags/example_complex.py
[2025-09-19T04:17:05.330+0000] {logging_mixin.py:188} INFO - [2025-09-19T04:17:05.330+0000] {dag.py:3036} INFO - Sync 1 DAGs
[2025-09-19T04:17:05.353+0000] {logging_mixin.py:188} INFO - [2025-09-19T04:17:05.353+0000] {dag.py:3823} INFO - Setting next_dagrun for example_complex to None, run_after=None
[2025-09-19T04:17:05.388+0000] {processor.py:183} INFO - Processing /home/airflow/.local/lib/python3.8/site-packages/airflow/example_dags/example_complex.py took 0.165 seconds
[2025-09-19T04:17:35.869+0000] {processor.py:161} INFO - Started process (PID=1232) to work on /home/airflow/.local/lib/python3.8/site-packages/airflow/example_dags/example_complex.py
[2025-09-19T04:17:35.871+0000] {processor.py:830} INFO - Processing file /home/airflow/.local/lib/python3.8/site-packages/airflow/example_dags/example_complex.py for tasks to queue
[2025-09-19T04:17:35.874+0000] {logging_mixin.py:188} INFO - [2025-09-19T04:17:35.874+0000] {dagbag.py:538} INFO - Filling up the DagBag from /home/airflow/.local/lib/python3.8/site-packages/airflow/example_dags/example_complex.py
[2025-09-19T04:17:35.895+0000] {processor.py:840} INFO - DAG(s) 'example_complex' retrieved from /home/airflow/.local/lib/python3.8/site-packages/airflow/example_dags/example_complex.py
[2025-09-19T04:17:35.949+0000] {logging_mixin.py:188} INFO - [2025-09-19T04:17:35.949+0000] {dag.py:3036} INFO - Sync 1 DAGs
[2025-09-19T04:17:35.972+0000] {logging_mixin.py:188} INFO - [2025-09-19T04:17:35.971+0000] {dag.py:3823} INFO - Setting next_dagrun for example_complex to None, run_after=None
[2025-09-19T04:17:36.008+0000] {processor.py:183} INFO - Processing /home/airflow/.local/lib/python3.8/site-packages/airflow/example_dags/example_complex.py took 0.144 seconds
[2025-09-19T04:18:06.251+0000] {processor.py:161} INFO - Started process (PID=1287) to work on /home/airflow/.local/lib/python3.8/site-packages/airflow/example_dags/example_complex.py
[2025-09-19T04:18:06.253+0000] {processor.py:830} INFO - Processing file /home/airflow/.local/lib/python3.8/site-packages/airflow/example_dags/example_complex.py for tasks to queue
[2025-09-19T04:18:06.256+0000] {logging_mixin.py:188} INFO - [2025-09-19T04:18:06.256+0000] {dagbag.py:538} INFO - Filling up the DagBag from /home/airflow/.local/lib/python3.8/site-packages/airflow/example_dags/example_complex.py
[2025-09-19T04:18:06.278+0000] {processor.py:840} INFO - DAG(s) 'example_complex' retrieved from /home/airflow/.local/lib/python3.8/site-packages/airflow/example_dags/example_complex.py
[2025-09-19T04:18:06.339+0000] {logging_mixin.py:188} INFO - [2025-09-19T04:18:06.338+0000] {dag.py:3036} INFO - Sync 1 DAGs
[2025-09-19T04:18:06.361+0000] {logging_mixin.py:188} INFO - [2025-09-19T04:18:06.360+0000] {dag.py:3823} INFO - Setting next_dagrun for example_complex to None, run_after=None
[2025-09-19T04:18:06.395+0000] {processor.py:183} INFO - Processing /home/airflow/.local/lib/python3.8/site-packages/airflow/example_dags/example_complex.py took 0.149 seconds
[2025-09-19T04:18:37.020+0000] {processor.py:161} INFO - Started process (PID=1342) to work on /home/airflow/.local/lib/python3.8/site-packages/airflow/example_dags/example_complex.py
[2025-09-19T04:18:37.021+0000] {processor.py:830} INFO - Processing file /home/airflow/.local/lib/python3.8/site-packages/airflow/example_dags/example_complex.py for tasks to queue
[2025-09-19T04:18:37.024+0000] {logging_mixin.py:188} INFO - [2025-09-19T04:18:37.024+0000] {dagbag.py:538} INFO - Filling up the DagBag from /home/airflow/.local/lib/python3.8/site-packages/airflow/example_dags/example_complex.py
[2025-09-19T04:18:37.045+0000] {processor.py:840} INFO - DAG(s) 'example_complex' retrieved from /home/airflow/.local/lib/python3.8/site-packages/airflow/example_dags/example_complex.py
[2025-09-19T04:18:37.101+0000] {logging_mixin.py:188} INFO - [2025-09-19T04:18:37.101+0000] {dag.py:3036} INFO - Sync 1 DAGs
[2025-09-19T04:18:37.124+0000] {logging_mixin.py:188} INFO - [2025-09-19T04:18:37.124+0000] {dag.py:3823} INFO - Setting next_dagrun for example_complex to None, run_after=None
[2025-09-19T04:18:37.157+0000] {processor.py:183} INFO - Processing /home/airflow/.local/lib/python3.8/site-packages/airflow/example_dags/example_complex.py took 0.142 seconds
[2025-09-19T04:19:07.371+0000] {processor.py:161} INFO - Started process (PID=1397) to work on /home/airflow/.local/lib/python3.8/site-packages/airflow/example_dags/example_complex.py
[2025-09-19T04:19:07.373+0000] {processor.py:830} INFO - Processing file /home/airflow/.local/lib/python3.8/site-packages/airflow/example_dags/example_complex.py for tasks to queue
[2025-09-19T04:19:07.376+0000] {logging_mixin.py:188} INFO - [2025-09-19T04:19:07.376+0000] {dagbag.py:538} INFO - Filling up the DagBag from /home/airflow/.local/lib/python3.8/site-packages/airflow/example_dags/example_complex.py
[2025-09-19T04:19:07.401+0000] {processor.py:840} INFO - DAG(s) 'example_complex' retrieved from /home/airflow/.local/lib/python3.8/site-packages/airflow/example_dags/example_complex.py
[2025-09-19T04:19:07.464+0000] {logging_mixin.py:188} INFO - [2025-09-19T04:19:07.463+0000] {dag.py:3036} INFO - Sync 1 DAGs
[2025-09-19T04:19:07.486+0000] {logging_mixin.py:188} INFO - [2025-09-19T04:19:07.486+0000] {dag.py:3823} INFO - Setting next_dagrun for example_complex to None, run_after=None
[2025-09-19T04:19:07.520+0000] {processor.py:183} INFO - Processing /home/airflow/.local/lib/python3.8/site-packages/airflow/example_dags/example_complex.py took 0.155 seconds
[2025-09-19T04:19:37.825+0000] {processor.py:161} INFO - Started process (PID=1452) to work on /home/airflow/.local/lib/python3.8/site-packages/airflow/example_dags/example_complex.py
[2025-09-19T04:19:37.827+0000] {processor.py:830} INFO - Processing file /home/airflow/.local/lib/python3.8/site-packages/airflow/example_dags/example_complex.py for tasks to queue
[2025-09-19T04:19:37.830+0000] {logging_mixin.py:188} INFO - [2025-09-19T04:19:37.829+0000] {dagbag.py:538} INFO - Filling up the DagBag from /home/airflow/.local/lib/python3.8/site-packages/airflow/example_dags/example_complex.py
[2025-09-19T04:19:37.851+0000] {processor.py:840} INFO - DAG(s) 'example_complex' retrieved from /home/airflow/.local/lib/python3.8/site-packages/airflow/example_dags/example_complex.py
[2025-09-19T04:19:37.914+0000] {logging_mixin.py:188} INFO - [2025-09-19T04:19:37.913+0000] {dag.py:3036} INFO - Sync 1 DAGs
[2025-09-19T04:19:37.937+0000] {logging_mixin.py:188} INFO - [2025-09-19T04:19:37.936+0000] {dag.py:3823} INFO - Setting next_dagrun for example_complex to None, run_after=None
[2025-09-19T04:19:37.973+0000] {processor.py:183} INFO - Processing /home/airflow/.local/lib/python3.8/site-packages/airflow/example_dags/example_complex.py took 0.154 seconds
[2025-09-19T04:20:08.664+0000] {processor.py:161} INFO - Started process (PID=1507) to work on /home/airflow/.local/lib/python3.8/site-packages/airflow/example_dags/example_complex.py
[2025-09-19T04:20:08.666+0000] {processor.py:830} INFO - Processing file /home/airflow/.local/lib/python3.8/site-packages/airflow/example_dags/example_complex.py for tasks to queue
[2025-09-19T04:20:08.670+0000] {logging_mixin.py:188} INFO - [2025-09-19T04:20:08.669+0000] {dagbag.py:538} INFO - Filling up the DagBag from /home/airflow/.local/lib/python3.8/site-packages/airflow/example_dags/example_complex.py
[2025-09-19T04:20:08.695+0000] {processor.py:840} INFO - DAG(s) 'example_complex' retrieved from /home/airflow/.local/lib/python3.8/site-packages/airflow/example_dags/example_complex.py
[2025-09-19T04:20:08.750+0000] {logging_mixin.py:188} INFO - [2025-09-19T04:20:08.749+0000] {dag.py:3036} INFO - Sync 1 DAGs
[2025-09-19T04:20:08.772+0000] {logging_mixin.py:188} INFO - [2025-09-19T04:20:08.772+0000] {dag.py:3823} INFO - Setting next_dagrun for example_complex to None, run_after=None
[2025-09-19T04:20:08.806+0000] {processor.py:183} INFO - Processing /home/airflow/.local/lib/python3.8/site-packages/airflow/example_dags/example_complex.py took 0.148 seconds
[2025-09-19T04:20:39.074+0000] {processor.py:161} INFO - Started process (PID=1562) to work on /home/airflow/.local/lib/python3.8/site-packages/airflow/example_dags/example_complex.py
[2025-09-19T04:20:39.075+0000] {processor.py:830} INFO - Processing file /home/airflow/.local/lib/python3.8/site-packages/airflow/example_dags/example_complex.py for tasks to queue
[2025-09-19T04:20:39.079+0000] {logging_mixin.py:188} INFO - [2025-09-19T04:20:39.078+0000] {dagbag.py:538} INFO - Filling up the DagBag from /home/airflow/.local/lib/python3.8/site-packages/airflow/example_dags/example_complex.py
[2025-09-19T04:20:39.108+0000] {processor.py:840} INFO - DAG(s) 'example_complex' retrieved from /home/airflow/.local/lib/python3.8/site-packages/airflow/example_dags/example_complex.py
[2025-09-19T04:20:39.167+0000] {logging_mixin.py:188} INFO - [2025-09-19T04:20:39.167+0000] {dag.py:3036} INFO - Sync 1 DAGs
[2025-09-19T04:20:39.190+0000] {logging_mixin.py:188} INFO - [2025-09-19T04:20:39.189+0000] {dag.py:3823} INFO - Setting next_dagrun for example_complex to None, run_after=None
[2025-09-19T04:20:39.230+0000] {processor.py:183} INFO - Processing /home/airflow/.local/lib/python3.8/site-packages/airflow/example_dags/example_complex.py took 0.161 seconds
[2025-09-19T04:21:09.639+0000] {processor.py:161} INFO - Started process (PID=1617) to work on /home/airflow/.local/lib/python3.8/site-packages/airflow/example_dags/example_complex.py
[2025-09-19T04:21:09.641+0000] {processor.py:830} INFO - Processing file /home/airflow/.local/lib/python3.8/site-packages/airflow/example_dags/example_complex.py for tasks to queue
[2025-09-19T04:21:09.645+0000] {logging_mixin.py:188} INFO - [2025-09-19T04:21:09.644+0000] {dagbag.py:538} INFO - Filling up the DagBag from /home/airflow/.local/lib/python3.8/site-packages/airflow/example_dags/example_complex.py
[2025-09-19T04:21:09.668+0000] {processor.py:840} INFO - DAG(s) 'example_complex' retrieved from /home/airflow/.local/lib/python3.8/site-packages/airflow/example_dags/example_complex.py
[2025-09-19T04:21:09.724+0000] {logging_mixin.py:188} INFO - [2025-09-19T04:21:09.723+0000] {dag.py:3036} INFO - Sync 1 DAGs
[2025-09-19T04:21:09.749+0000] {logging_mixin.py:188} INFO - [2025-09-19T04:21:09.749+0000] {dag.py:3823} INFO - Setting next_dagrun for example_complex to None, run_after=None
[2025-09-19T04:21:09.784+0000] {processor.py:183} INFO - Processing /home/airflow/.local/lib/python3.8/site-packages/airflow/example_dags/example_complex.py took 0.150 seconds
[2025-09-19T04:21:39.986+0000] {processor.py:161} INFO - Started process (PID=1672) to work on /home/airflow/.local/lib/python3.8/site-packages/airflow/example_dags/example_complex.py
[2025-09-19T04:21:39.989+0000] {processor.py:830} INFO - Processing file /home/airflow/.local/lib/python3.8/site-packages/airflow/example_dags/example_complex.py for tasks to queue
[2025-09-19T04:21:39.993+0000] {logging_mixin.py:188} INFO - [2025-09-19T04:21:39.992+0000] {dagbag.py:538} INFO - Filling up the DagBag from /home/airflow/.local/lib/python3.8/site-packages/airflow/example_dags/example_complex.py
[2025-09-19T04:21:40.016+0000] {processor.py:840} INFO - DAG(s) 'example_complex' retrieved from /home/airflow/.local/lib/python3.8/site-packages/airflow/example_dags/example_complex.py
[2025-09-19T04:21:40.075+0000] {logging_mixin.py:188} INFO - [2025-09-19T04:21:40.074+0000] {dag.py:3036} INFO - Sync 1 DAGs
[2025-09-19T04:21:40.098+0000] {logging_mixin.py:188} INFO - [2025-09-19T04:21:40.097+0000] {dag.py:3823} INFO - Setting next_dagrun for example_complex to None, run_after=None
[2025-09-19T04:21:40.133+0000] {processor.py:183} INFO - Processing /home/airflow/.local/lib/python3.8/site-packages/airflow/example_dags/example_complex.py took 0.154 seconds
[2025-09-19T04:22:10.623+0000] {processor.py:161} INFO - Started process (PID=1725) to work on /home/airflow/.local/lib/python3.8/site-packages/airflow/example_dags/example_complex.py
[2025-09-19T04:22:10.625+0000] {processor.py:830} INFO - Processing file /home/airflow/.local/lib/python3.8/site-packages/airflow/example_dags/example_complex.py for tasks to queue
[2025-09-19T04:22:10.628+0000] {logging_mixin.py:188} INFO - [2025-09-19T04:22:10.628+0000] {dagbag.py:538} INFO - Filling up the DagBag from /home/airflow/.local/lib/python3.8/site-packages/airflow/example_dags/example_complex.py
[2025-09-19T04:22:10.649+0000] {processor.py:840} INFO - DAG(s) 'example_complex' retrieved from /home/airflow/.local/lib/python3.8/site-packages/airflow/example_dags/example_complex.py
[2025-09-19T04:22:10.705+0000] {logging_mixin.py:188} INFO - [2025-09-19T04:22:10.705+0000] {dag.py:3036} INFO - Sync 1 DAGs
[2025-09-19T04:22:10.728+0000] {logging_mixin.py:188} INFO - [2025-09-19T04:22:10.728+0000] {dag.py:3823} INFO - Setting next_dagrun for example_complex to None, run_after=None
[2025-09-19T04:22:10.763+0000] {processor.py:183} INFO - Processing /home/airflow/.local/lib/python3.8/site-packages/airflow/example_dags/example_complex.py took 0.145 seconds
[2025-09-19T04:22:41.048+0000] {processor.py:161} INFO - Started process (PID=1780) to work on /home/airflow/.local/lib/python3.8/site-packages/airflow/example_dags/example_complex.py
[2025-09-19T04:22:41.050+0000] {processor.py:830} INFO - Processing file /home/airflow/.local/lib/python3.8/site-packages/airflow/example_dags/example_complex.py for tasks to queue
[2025-09-19T04:22:41.054+0000] {logging_mixin.py:188} INFO - [2025-09-19T04:22:41.053+0000] {dagbag.py:538} INFO - Filling up the DagBag from /home/airflow/.local/lib/python3.8/site-packages/airflow/example_dags/example_complex.py
[2025-09-19T04:22:41.079+0000] {processor.py:840} INFO - DAG(s) 'example_complex' retrieved from /home/airflow/.local/lib/python3.8/site-packages/airflow/example_dags/example_complex.py
[2025-09-19T04:22:41.144+0000] {logging_mixin.py:188} INFO - [2025-09-19T04:22:41.143+0000] {dag.py:3036} INFO - Sync 1 DAGs
[2025-09-19T04:22:41.166+0000] {logging_mixin.py:188} INFO - [2025-09-19T04:22:41.166+0000] {dag.py:3823} INFO - Setting next_dagrun for example_complex to None, run_after=None
[2025-09-19T04:22:41.201+0000] {processor.py:183} INFO - Processing /home/airflow/.local/lib/python3.8/site-packages/airflow/example_dags/example_complex.py took 0.158 seconds
[2025-09-19T04:23:11.540+0000] {processor.py:161} INFO - Started process (PID=1835) to work on /home/airflow/.local/lib/python3.8/site-packages/airflow/example_dags/example_complex.py
[2025-09-19T04:23:11.542+0000] {processor.py:830} INFO - Processing file /home/airflow/.local/lib/python3.8/site-packages/airflow/example_dags/example_complex.py for tasks to queue
[2025-09-19T04:23:11.546+0000] {logging_mixin.py:188} INFO - [2025-09-19T04:23:11.546+0000] {dagbag.py:538} INFO - Filling up the DagBag from /home/airflow/.local/lib/python3.8/site-packages/airflow/example_dags/example_complex.py
[2025-09-19T04:23:11.566+0000] {processor.py:840} INFO - DAG(s) 'example_complex' retrieved from /home/airflow/.local/lib/python3.8/site-packages/airflow/example_dags/example_complex.py
[2025-09-19T04:23:11.621+0000] {logging_mixin.py:188} INFO - [2025-09-19T04:23:11.620+0000] {dag.py:3036} INFO - Sync 1 DAGs
[2025-09-19T04:23:11.643+0000] {logging_mixin.py:188} INFO - [2025-09-19T04:23:11.642+0000] {dag.py:3823} INFO - Setting next_dagrun for example_complex to None, run_after=None
[2025-09-19T04:23:11.678+0000] {processor.py:183} INFO - Processing /home/airflow/.local/lib/python3.8/site-packages/airflow/example_dags/example_complex.py took 0.144 seconds
[2025-09-19T04:23:41.922+0000] {processor.py:161} INFO - Started process (PID=1890) to work on /home/airflow/.local/lib/python3.8/site-packages/airflow/example_dags/example_complex.py
[2025-09-19T04:23:41.924+0000] {processor.py:830} INFO - Processing file /home/airflow/.local/lib/python3.8/site-packages/airflow/example_dags/example_complex.py for tasks to queue
[2025-09-19T04:23:41.927+0000] {logging_mixin.py:188} INFO - [2025-09-19T04:23:41.927+0000] {dagbag.py:538} INFO - Filling up the DagBag from /home/airflow/.local/lib/python3.8/site-packages/airflow/example_dags/example_complex.py
[2025-09-19T04:23:41.948+0000] {processor.py:840} INFO - DAG(s) 'example_complex' retrieved from /home/airflow/.local/lib/python3.8/site-packages/airflow/example_dags/example_complex.py
[2025-09-19T04:23:42.002+0000] {logging_mixin.py:188} INFO - [2025-09-19T04:23:42.002+0000] {dag.py:3036} INFO - Sync 1 DAGs
[2025-09-19T04:23:42.024+0000] {logging_mixin.py:188} INFO - [2025-09-19T04:23:42.023+0000] {dag.py:3823} INFO - Setting next_dagrun for example_complex to None, run_after=None
[2025-09-19T04:23:42.061+0000] {processor.py:183} INFO - Processing /home/airflow/.local/lib/python3.8/site-packages/airflow/example_dags/example_complex.py took 0.144 seconds
[2025-09-19T04:24:12.454+0000] {processor.py:161} INFO - Started process (PID=1945) to work on /home/airflow/.local/lib/python3.8/site-packages/airflow/example_dags/example_complex.py
[2025-09-19T04:24:12.456+0000] {processor.py:830} INFO - Processing file /home/airflow/.local/lib/python3.8/site-packages/airflow/example_dags/example_complex.py for tasks to queue
[2025-09-19T04:24:12.459+0000] {logging_mixin.py:188} INFO - [2025-09-19T04:24:12.459+0000] {dagbag.py:538} INFO - Filling up the DagBag from /home/airflow/.local/lib/python3.8/site-packages/airflow/example_dags/example_complex.py
[2025-09-19T04:24:12.484+0000] {processor.py:840} INFO - DAG(s) 'example_complex' retrieved from /home/airflow/.local/lib/python3.8/site-packages/airflow/example_dags/example_complex.py
[2025-09-19T04:24:12.553+0000] {logging_mixin.py:188} INFO - [2025-09-19T04:24:12.552+0000] {dag.py:3036} INFO - Sync 1 DAGs
[2025-09-19T04:24:12.579+0000] {logging_mixin.py:188} INFO - [2025-09-19T04:24:12.579+0000] {dag.py:3823} INFO - Setting next_dagrun for example_complex to None, run_after=None
[2025-09-19T04:24:12.627+0000] {processor.py:183} INFO - Processing /home/airflow/.local/lib/python3.8/site-packages/airflow/example_dags/example_complex.py took 0.178 seconds
[2025-09-19T04:24:42.822+0000] {processor.py:161} INFO - Started process (PID=2001) to work on /home/airflow/.local/lib/python3.8/site-packages/airflow/example_dags/example_complex.py
[2025-09-19T04:24:42.824+0000] {processor.py:830} INFO - Processing file /home/airflow/.local/lib/python3.8/site-packages/airflow/example_dags/example_complex.py for tasks to queue
[2025-09-19T04:24:42.828+0000] {logging_mixin.py:188} INFO - [2025-09-19T04:24:42.827+0000] {dagbag.py:538} INFO - Filling up the DagBag from /home/airflow/.local/lib/python3.8/site-packages/airflow/example_dags/example_complex.py
[2025-09-19T04:24:42.853+0000] {processor.py:840} INFO - DAG(s) 'example_complex' retrieved from /home/airflow/.local/lib/python3.8/site-packages/airflow/example_dags/example_complex.py
[2025-09-19T04:24:42.916+0000] {logging_mixin.py:188} INFO - [2025-09-19T04:24:42.916+0000] {dag.py:3036} INFO - Sync 1 DAGs
[2025-09-19T04:24:42.938+0000] {logging_mixin.py:188} INFO - [2025-09-19T04:24:42.938+0000] {dag.py:3823} INFO - Setting next_dagrun for example_complex to None, run_after=None
[2025-09-19T04:24:42.974+0000] {processor.py:183} INFO - Processing /home/airflow/.local/lib/python3.8/site-packages/airflow/example_dags/example_complex.py took 0.157 seconds
[2025-09-19T04:25:13.174+0000] {processor.py:161} INFO - Started process (PID=2056) to work on /home/airflow/.local/lib/python3.8/site-packages/airflow/example_dags/example_complex.py
[2025-09-19T04:25:13.176+0000] {processor.py:830} INFO - Processing file /home/airflow/.local/lib/python3.8/site-packages/airflow/example_dags/example_complex.py for tasks to queue
[2025-09-19T04:25:13.179+0000] {logging_mixin.py:188} INFO - [2025-09-19T04:25:13.179+0000] {dagbag.py:538} INFO - Filling up the DagBag from /home/airflow/.local/lib/python3.8/site-packages/airflow/example_dags/example_complex.py
[2025-09-19T04:25:13.209+0000] {processor.py:840} INFO - DAG(s) 'example_complex' retrieved from /home/airflow/.local/lib/python3.8/site-packages/airflow/example_dags/example_complex.py
[2025-09-19T04:25:13.276+0000] {logging_mixin.py:188} INFO - [2025-09-19T04:25:13.276+0000] {dag.py:3036} INFO - Sync 1 DAGs
[2025-09-19T04:25:13.299+0000] {logging_mixin.py:188} INFO - [2025-09-19T04:25:13.298+0000] {dag.py:3823} INFO - Setting next_dagrun for example_complex to None, run_after=None
[2025-09-19T04:25:13.340+0000] {processor.py:183} INFO - Processing /home/airflow/.local/lib/python3.8/site-packages/airflow/example_dags/example_complex.py took 0.173 seconds
[2025-09-19T04:25:43.399+0000] {processor.py:161} INFO - Started process (PID=2111) to work on /home/airflow/.local/lib/python3.8/site-packages/airflow/example_dags/example_complex.py
[2025-09-19T04:25:43.402+0000] {processor.py:830} INFO - Processing file /home/airflow/.local/lib/python3.8/site-packages/airflow/example_dags/example_complex.py for tasks to queue
[2025-09-19T04:25:43.405+0000] {logging_mixin.py:188} INFO - [2025-09-19T04:25:43.405+0000] {dagbag.py:538} INFO - Filling up the DagBag from /home/airflow/.local/lib/python3.8/site-packages/airflow/example_dags/example_complex.py
[2025-09-19T04:25:43.429+0000] {processor.py:840} INFO - DAG(s) 'example_complex' retrieved from /home/airflow/.local/lib/python3.8/site-packages/airflow/example_dags/example_complex.py
[2025-09-19T04:25:43.488+0000] {logging_mixin.py:188} INFO - [2025-09-19T04:25:43.487+0000] {dag.py:3036} INFO - Sync 1 DAGs
[2025-09-19T04:25:43.514+0000] {logging_mixin.py:188} INFO - [2025-09-19T04:25:43.513+0000] {dag.py:3823} INFO - Setting next_dagrun for example_complex to None, run_after=None
[2025-09-19T04:25:43.551+0000] {processor.py:183} INFO - Processing /home/airflow/.local/lib/python3.8/site-packages/airflow/example_dags/example_complex.py took 0.158 seconds
[2025-09-19T04:26:13.817+0000] {processor.py:161} INFO - Started process (PID=2166) to work on /home/airflow/.local/lib/python3.8/site-packages/airflow/example_dags/example_complex.py
[2025-09-19T04:26:13.819+0000] {processor.py:830} INFO - Processing file /home/airflow/.local/lib/python3.8/site-packages/airflow/example_dags/example_complex.py for tasks to queue
[2025-09-19T04:26:13.822+0000] {logging_mixin.py:188} INFO - [2025-09-19T04:26:13.822+0000] {dagbag.py:538} INFO - Filling up the DagBag from /home/airflow/.local/lib/python3.8/site-packages/airflow/example_dags/example_complex.py
[2025-09-19T04:26:13.843+0000] {processor.py:840} INFO - DAG(s) 'example_complex' retrieved from /home/airflow/.local/lib/python3.8/site-packages/airflow/example_dags/example_complex.py
[2025-09-19T04:26:13.898+0000] {logging_mixin.py:188} INFO - [2025-09-19T04:26:13.897+0000] {dag.py:3036} INFO - Sync 1 DAGs
[2025-09-19T04:26:13.921+0000] {logging_mixin.py:188} INFO - [2025-09-19T04:26:13.920+0000] {dag.py:3823} INFO - Setting next_dagrun for example_complex to None, run_after=None
[2025-09-19T04:26:13.955+0000] {processor.py:183} INFO - Processing /home/airflow/.local/lib/python3.8/site-packages/airflow/example_dags/example_complex.py took 0.143 seconds
[2025-09-19T04:26:44.545+0000] {processor.py:161} INFO - Started process (PID=2221) to work on /home/airflow/.local/lib/python3.8/site-packages/airflow/example_dags/example_complex.py
[2025-09-19T04:26:44.547+0000] {processor.py:830} INFO - Processing file /home/airflow/.local/lib/python3.8/site-packages/airflow/example_dags/example_complex.py for tasks to queue
[2025-09-19T04:26:44.551+0000] {logging_mixin.py:188} INFO - [2025-09-19T04:26:44.551+0000] {dagbag.py:538} INFO - Filling up the DagBag from /home/airflow/.local/lib/python3.8/site-packages/airflow/example_dags/example_complex.py
[2025-09-19T04:26:44.574+0000] {processor.py:840} INFO - DAG(s) 'example_complex' retrieved from /home/airflow/.local/lib/python3.8/site-packages/airflow/example_dags/example_complex.py
[2025-09-19T04:26:44.636+0000] {logging_mixin.py:188} INFO - [2025-09-19T04:26:44.635+0000] {dag.py:3036} INFO - Sync 1 DAGs
[2025-09-19T04:26:44.660+0000] {logging_mixin.py:188} INFO - [2025-09-19T04:26:44.659+0000] {dag.py:3823} INFO - Setting next_dagrun for example_complex to None, run_after=None
[2025-09-19T04:26:44.697+0000] {processor.py:183} INFO - Processing /home/airflow/.local/lib/python3.8/site-packages/airflow/example_dags/example_complex.py took 0.158 seconds
[2025-09-19T04:27:14.792+0000] {processor.py:161} INFO - Started process (PID=2276) to work on /home/airflow/.local/lib/python3.8/site-packages/airflow/example_dags/example_complex.py
[2025-09-19T04:27:14.794+0000] {processor.py:830} INFO - Processing file /home/airflow/.local/lib/python3.8/site-packages/airflow/example_dags/example_complex.py for tasks to queue
[2025-09-19T04:27:14.797+0000] {logging_mixin.py:188} INFO - [2025-09-19T04:27:14.797+0000] {dagbag.py:538} INFO - Filling up the DagBag from /home/airflow/.local/lib/python3.8/site-packages/airflow/example_dags/example_complex.py
[2025-09-19T04:27:14.819+0000] {processor.py:840} INFO - DAG(s) 'example_complex' retrieved from /home/airflow/.local/lib/python3.8/site-packages/airflow/example_dags/example_complex.py
[2025-09-19T04:27:14.877+0000] {logging_mixin.py:188} INFO - [2025-09-19T04:27:14.877+0000] {dag.py:3036} INFO - Sync 1 DAGs
[2025-09-19T04:27:14.901+0000] {logging_mixin.py:188} INFO - [2025-09-19T04:27:14.900+0000] {dag.py:3823} INFO - Setting next_dagrun for example_complex to None, run_after=None
[2025-09-19T04:27:14.937+0000] {processor.py:183} INFO - Processing /home/airflow/.local/lib/python3.8/site-packages/airflow/example_dags/example_complex.py took 0.152 seconds
[2025-09-19T04:27:45.198+0000] {processor.py:161} INFO - Started process (PID=2331) to work on /home/airflow/.local/lib/python3.8/site-packages/airflow/example_dags/example_complex.py
[2025-09-19T04:27:45.200+0000] {processor.py:830} INFO - Processing file /home/airflow/.local/lib/python3.8/site-packages/airflow/example_dags/example_complex.py for tasks to queue
[2025-09-19T04:27:45.203+0000] {logging_mixin.py:188} INFO - [2025-09-19T04:27:45.203+0000] {dagbag.py:538} INFO - Filling up the DagBag from /home/airflow/.local/lib/python3.8/site-packages/airflow/example_dags/example_complex.py
[2025-09-19T04:27:45.224+0000] {processor.py:840} INFO - DAG(s) 'example_complex' retrieved from /home/airflow/.local/lib/python3.8/site-packages/airflow/example_dags/example_complex.py
[2025-09-19T04:27:45.283+0000] {logging_mixin.py:188} INFO - [2025-09-19T04:27:45.283+0000] {dag.py:3036} INFO - Sync 1 DAGs
[2025-09-19T04:27:45.306+0000] {logging_mixin.py:188} INFO - [2025-09-19T04:27:45.306+0000] {dag.py:3823} INFO - Setting next_dagrun for example_complex to None, run_after=None
[2025-09-19T04:27:45.341+0000] {processor.py:183} INFO - Processing /home/airflow/.local/lib/python3.8/site-packages/airflow/example_dags/example_complex.py took 0.149 seconds
[2025-09-19T04:28:15.563+0000] {processor.py:161} INFO - Started process (PID=2386) to work on /home/airflow/.local/lib/python3.8/site-packages/airflow/example_dags/example_complex.py
[2025-09-19T04:28:15.566+0000] {processor.py:830} INFO - Processing file /home/airflow/.local/lib/python3.8/site-packages/airflow/example_dags/example_complex.py for tasks to queue
[2025-09-19T04:28:15.570+0000] {logging_mixin.py:188} INFO - [2025-09-19T04:28:15.569+0000] {dagbag.py:538} INFO - Filling up the DagBag from /home/airflow/.local/lib/python3.8/site-packages/airflow/example_dags/example_complex.py
[2025-09-19T04:28:15.595+0000] {processor.py:840} INFO - DAG(s) 'example_complex' retrieved from /home/airflow/.local/lib/python3.8/site-packages/airflow/example_dags/example_complex.py
[2025-09-19T04:28:15.683+0000] {logging_mixin.py:188} INFO - [2025-09-19T04:28:15.682+0000] {dag.py:3036} INFO - Sync 1 DAGs
[2025-09-19T04:28:15.715+0000] {logging_mixin.py:188} INFO - [2025-09-19T04:28:15.714+0000] {dag.py:3823} INFO - Setting next_dagrun for example_complex to None, run_after=None
[2025-09-19T04:28:15.754+0000] {processor.py:183} INFO - Processing /home/airflow/.local/lib/python3.8/site-packages/airflow/example_dags/example_complex.py took 0.198 seconds
[2025-09-19T04:28:46.265+0000] {processor.py:161} INFO - Started process (PID=2441) to work on /home/airflow/.local/lib/python3.8/site-packages/airflow/example_dags/example_complex.py
[2025-09-19T04:28:46.267+0000] {processor.py:830} INFO - Processing file /home/airflow/.local/lib/python3.8/site-packages/airflow/example_dags/example_complex.py for tasks to queue
[2025-09-19T04:28:46.270+0000] {logging_mixin.py:188} INFO - [2025-09-19T04:28:46.270+0000] {dagbag.py:538} INFO - Filling up the DagBag from /home/airflow/.local/lib/python3.8/site-packages/airflow/example_dags/example_complex.py
[2025-09-19T04:28:46.294+0000] {processor.py:840} INFO - DAG(s) 'example_complex' retrieved from /home/airflow/.local/lib/python3.8/site-packages/airflow/example_dags/example_complex.py
[2025-09-19T04:28:46.356+0000] {logging_mixin.py:188} INFO - [2025-09-19T04:28:46.355+0000] {dag.py:3036} INFO - Sync 1 DAGs
[2025-09-19T04:28:46.384+0000] {logging_mixin.py:188} INFO - [2025-09-19T04:28:46.384+0000] {dag.py:3823} INFO - Setting next_dagrun for example_complex to None, run_after=None
[2025-09-19T04:28:46.419+0000] {processor.py:183} INFO - Processing /home/airflow/.local/lib/python3.8/site-packages/airflow/example_dags/example_complex.py took 0.160 seconds
[2025-09-19T04:29:16.656+0000] {processor.py:161} INFO - Started process (PID=2496) to work on /home/airflow/.local/lib/python3.8/site-packages/airflow/example_dags/example_complex.py
[2025-09-19T04:29:16.658+0000] {processor.py:830} INFO - Processing file /home/airflow/.local/lib/python3.8/site-packages/airflow/example_dags/example_complex.py for tasks to queue
[2025-09-19T04:29:16.661+0000] {logging_mixin.py:188} INFO - [2025-09-19T04:29:16.660+0000] {dagbag.py:538} INFO - Filling up the DagBag from /home/airflow/.local/lib/python3.8/site-packages/airflow/example_dags/example_complex.py
[2025-09-19T04:29:16.682+0000] {processor.py:840} INFO - DAG(s) 'example_complex' retrieved from /home/airflow/.local/lib/python3.8/site-packages/airflow/example_dags/example_complex.py
[2025-09-19T04:29:16.740+0000] {logging_mixin.py:188} INFO - [2025-09-19T04:29:16.740+0000] {dag.py:3036} INFO - Sync 1 DAGs
[2025-09-19T04:29:16.763+0000] {logging_mixin.py:188} INFO - [2025-09-19T04:29:16.763+0000] {dag.py:3823} INFO - Setting next_dagrun for example_complex to None, run_after=None
[2025-09-19T04:29:16.798+0000] {processor.py:183} INFO - Processing /home/airflow/.local/lib/python3.8/site-packages/airflow/example_dags/example_complex.py took 0.148 seconds
[2025-09-19T04:29:46.918+0000] {processor.py:161} INFO - Started process (PID=2551) to work on /home/airflow/.local/lib/python3.8/site-packages/airflow/example_dags/example_complex.py
[2025-09-19T04:29:46.920+0000] {processor.py:830} INFO - Processing file /home/airflow/.local/lib/python3.8/site-packages/airflow/example_dags/example_complex.py for tasks to queue
[2025-09-19T04:29:46.923+0000] {logging_mixin.py:188} INFO - [2025-09-19T04:29:46.922+0000] {dagbag.py:538} INFO - Filling up the DagBag from /home/airflow/.local/lib/python3.8/site-packages/airflow/example_dags/example_complex.py
[2025-09-19T04:29:46.945+0000] {processor.py:840} INFO - DAG(s) 'example_complex' retrieved from /home/airflow/.local/lib/python3.8/site-packages/airflow/example_dags/example_complex.py
[2025-09-19T04:29:47.011+0000] {logging_mixin.py:188} INFO - [2025-09-19T04:29:47.011+0000] {dag.py:3036} INFO - Sync 1 DAGs
[2025-09-19T04:29:47.036+0000] {logging_mixin.py:188} INFO - [2025-09-19T04:29:47.036+0000] {dag.py:3823} INFO - Setting next_dagrun for example_complex to None, run_after=None
[2025-09-19T04:29:47.071+0000] {processor.py:183} INFO - Processing /home/airflow/.local/lib/python3.8/site-packages/airflow/example_dags/example_complex.py took 0.159 seconds
[2025-09-19T04:30:17.836+0000] {processor.py:161} INFO - Started process (PID=2606) to work on /home/airflow/.local/lib/python3.8/site-packages/airflow/example_dags/example_complex.py
[2025-09-19T04:30:17.838+0000] {processor.py:830} INFO - Processing file /home/airflow/.local/lib/python3.8/site-packages/airflow/example_dags/example_complex.py for tasks to queue
[2025-09-19T04:30:17.842+0000] {logging_mixin.py:188} INFO - [2025-09-19T04:30:17.841+0000] {dagbag.py:538} INFO - Filling up the DagBag from /home/airflow/.local/lib/python3.8/site-packages/airflow/example_dags/example_complex.py
[2025-09-19T04:30:17.877+0000] {processor.py:840} INFO - DAG(s) 'example_complex' retrieved from /home/airflow/.local/lib/python3.8/site-packages/airflow/example_dags/example_complex.py
[2025-09-19T04:30:17.955+0000] {logging_mixin.py:188} INFO - [2025-09-19T04:30:17.954+0000] {dag.py:3036} INFO - Sync 1 DAGs
[2025-09-19T04:30:17.995+0000] {logging_mixin.py:188} INFO - [2025-09-19T04:30:17.995+0000] {dag.py:3823} INFO - Setting next_dagrun for example_complex to None, run_after=None
[2025-09-19T04:30:18.053+0000] {processor.py:183} INFO - Processing /home/airflow/.local/lib/python3.8/site-packages/airflow/example_dags/example_complex.py took 0.226 seconds
[2025-09-19T04:30:48.290+0000] {processor.py:161} INFO - Started process (PID=2661) to work on /home/airflow/.local/lib/python3.8/site-packages/airflow/example_dags/example_complex.py
[2025-09-19T04:30:48.292+0000] {processor.py:830} INFO - Processing file /home/airflow/.local/lib/python3.8/site-packages/airflow/example_dags/example_complex.py for tasks to queue
[2025-09-19T04:30:48.296+0000] {logging_mixin.py:188} INFO - [2025-09-19T04:30:48.295+0000] {dagbag.py:538} INFO - Filling up the DagBag from /home/airflow/.local/lib/python3.8/site-packages/airflow/example_dags/example_complex.py
[2025-09-19T04:30:48.321+0000] {processor.py:840} INFO - DAG(s) 'example_complex' retrieved from /home/airflow/.local/lib/python3.8/site-packages/airflow/example_dags/example_complex.py
[2025-09-19T04:30:48.380+0000] {logging_mixin.py:188} INFO - [2025-09-19T04:30:48.379+0000] {dag.py:3036} INFO - Sync 1 DAGs
[2025-09-19T04:30:48.405+0000] {logging_mixin.py:188} INFO - [2025-09-19T04:30:48.404+0000] {dag.py:3823} INFO - Setting next_dagrun for example_complex to None, run_after=None
[2025-09-19T04:30:48.446+0000] {processor.py:183} INFO - Processing /home/airflow/.local/lib/python3.8/site-packages/airflow/example_dags/example_complex.py took 0.161 seconds
[2025-09-19T04:31:19.043+0000] {processor.py:161} INFO - Started process (PID=2716) to work on /home/airflow/.local/lib/python3.8/site-packages/airflow/example_dags/example_complex.py
[2025-09-19T04:31:19.045+0000] {processor.py:830} INFO - Processing file /home/airflow/.local/lib/python3.8/site-packages/airflow/example_dags/example_complex.py for tasks to queue
[2025-09-19T04:31:19.049+0000] {logging_mixin.py:188} INFO - [2025-09-19T04:31:19.048+0000] {dagbag.py:538} INFO - Filling up the DagBag from /home/airflow/.local/lib/python3.8/site-packages/airflow/example_dags/example_complex.py
[2025-09-19T04:31:19.073+0000] {processor.py:840} INFO - DAG(s) 'example_complex' retrieved from /home/airflow/.local/lib/python3.8/site-packages/airflow/example_dags/example_complex.py
[2025-09-19T04:31:19.135+0000] {logging_mixin.py:188} INFO - [2025-09-19T04:31:19.135+0000] {dag.py:3036} INFO - Sync 1 DAGs
[2025-09-19T04:31:19.160+0000] {logging_mixin.py:188} INFO - [2025-09-19T04:31:19.160+0000] {dag.py:3823} INFO - Setting next_dagrun for example_complex to None, run_after=None
[2025-09-19T04:31:19.197+0000] {processor.py:183} INFO - Processing /home/airflow/.local/lib/python3.8/site-packages/airflow/example_dags/example_complex.py took 0.160 seconds
[2025-09-19T04:31:50.067+0000] {processor.py:161} INFO - Started process (PID=2771) to work on /home/airflow/.local/lib/python3.8/site-packages/airflow/example_dags/example_complex.py
[2025-09-19T04:31:50.069+0000] {processor.py:830} INFO - Processing file /home/airflow/.local/lib/python3.8/site-packages/airflow/example_dags/example_complex.py for tasks to queue
[2025-09-19T04:31:50.073+0000] {logging_mixin.py:188} INFO - [2025-09-19T04:31:50.073+0000] {dagbag.py:538} INFO - Filling up the DagBag from /home/airflow/.local/lib/python3.8/site-packages/airflow/example_dags/example_complex.py
[2025-09-19T04:31:50.103+0000] {processor.py:840} INFO - DAG(s) 'example_complex' retrieved from /home/airflow/.local/lib/python3.8/site-packages/airflow/example_dags/example_complex.py
[2025-09-19T04:31:50.164+0000] {logging_mixin.py:188} INFO - [2025-09-19T04:31:50.163+0000] {dag.py:3036} INFO - Sync 1 DAGs
[2025-09-19T04:31:50.188+0000] {logging_mixin.py:188} INFO - [2025-09-19T04:31:50.188+0000] {dag.py:3823} INFO - Setting next_dagrun for example_complex to None, run_after=None
[2025-09-19T04:31:50.231+0000] {processor.py:183} INFO - Processing /home/airflow/.local/lib/python3.8/site-packages/airflow/example_dags/example_complex.py took 0.173 seconds
[2025-09-19T04:32:21.159+0000] {processor.py:161} INFO - Started process (PID=2826) to work on /home/airflow/.local/lib/python3.8/site-packages/airflow/example_dags/example_complex.py
[2025-09-19T04:32:21.161+0000] {processor.py:830} INFO - Processing file /home/airflow/.local/lib/python3.8/site-packages/airflow/example_dags/example_complex.py for tasks to queue
[2025-09-19T04:32:21.165+0000] {logging_mixin.py:188} INFO - [2025-09-19T04:32:21.164+0000] {dagbag.py:538} INFO - Filling up the DagBag from /home/airflow/.local/lib/python3.8/site-packages/airflow/example_dags/example_complex.py
[2025-09-19T04:32:21.188+0000] {processor.py:840} INFO - DAG(s) 'example_complex' retrieved from /home/airflow/.local/lib/python3.8/site-packages/airflow/example_dags/example_complex.py
[2025-09-19T04:32:21.244+0000] {logging_mixin.py:188} INFO - [2025-09-19T04:32:21.243+0000] {dag.py:3036} INFO - Sync 1 DAGs
[2025-09-19T04:32:21.270+0000] {logging_mixin.py:188} INFO - [2025-09-19T04:32:21.270+0000] {dag.py:3823} INFO - Setting next_dagrun for example_complex to None, run_after=None
[2025-09-19T04:32:21.480+0000] {processor.py:183} INFO - Processing /home/airflow/.local/lib/python3.8/site-packages/airflow/example_dags/example_complex.py took 0.327 seconds
[2025-09-19T04:32:51.573+0000] {processor.py:161} INFO - Started process (PID=2881) to work on /home/airflow/.local/lib/python3.8/site-packages/airflow/example_dags/example_complex.py
[2025-09-19T04:32:51.575+0000] {processor.py:830} INFO - Processing file /home/airflow/.local/lib/python3.8/site-packages/airflow/example_dags/example_complex.py for tasks to queue
[2025-09-19T04:32:51.578+0000] {logging_mixin.py:188} INFO - [2025-09-19T04:32:51.578+0000] {dagbag.py:538} INFO - Filling up the DagBag from /home/airflow/.local/lib/python3.8/site-packages/airflow/example_dags/example_complex.py
[2025-09-19T04:32:51.602+0000] {processor.py:840} INFO - DAG(s) 'example_complex' retrieved from /home/airflow/.local/lib/python3.8/site-packages/airflow/example_dags/example_complex.py
[2025-09-19T04:32:51.658+0000] {logging_mixin.py:188} INFO - [2025-09-19T04:32:51.658+0000] {dag.py:3036} INFO - Sync 1 DAGs
[2025-09-19T04:32:51.681+0000] {logging_mixin.py:188} INFO - [2025-09-19T04:32:51.681+0000] {dag.py:3823} INFO - Setting next_dagrun for example_complex to None, run_after=None
[2025-09-19T04:32:51.721+0000] {processor.py:183} INFO - Processing /home/airflow/.local/lib/python3.8/site-packages/airflow/example_dags/example_complex.py took 0.154 seconds
[2025-09-19T04:33:21.826+0000] {processor.py:161} INFO - Started process (PID=2936) to work on /home/airflow/.local/lib/python3.8/site-packages/airflow/example_dags/example_complex.py
[2025-09-19T04:33:21.829+0000] {processor.py:830} INFO - Processing file /home/airflow/.local/lib/python3.8/site-packages/airflow/example_dags/example_complex.py for tasks to queue
[2025-09-19T04:33:21.833+0000] {logging_mixin.py:188} INFO - [2025-09-19T04:33:21.832+0000] {dagbag.py:538} INFO - Filling up the DagBag from /home/airflow/.local/lib/python3.8/site-packages/airflow/example_dags/example_complex.py
[2025-09-19T04:33:21.860+0000] {processor.py:840} INFO - DAG(s) 'example_complex' retrieved from /home/airflow/.local/lib/python3.8/site-packages/airflow/example_dags/example_complex.py
[2025-09-19T04:33:21.930+0000] {logging_mixin.py:188} INFO - [2025-09-19T04:33:21.930+0000] {dag.py:3036} INFO - Sync 1 DAGs
[2025-09-19T04:33:21.958+0000] {logging_mixin.py:188} INFO - [2025-09-19T04:33:21.957+0000] {dag.py:3823} INFO - Setting next_dagrun for example_complex to None, run_after=None
[2025-09-19T04:33:21.999+0000] {processor.py:183} INFO - Processing /home/airflow/.local/lib/python3.8/site-packages/airflow/example_dags/example_complex.py took 0.179 seconds
