[2025-09-19T04:06:54.523+0000] {processor.py:161} INFO - Started process (PID=78) to work on /home/airflow/.local/lib/python3.8/site-packages/airflow/example_dags/example_task_group_decorator.py
[2025-09-19T04:06:54.528+0000] {processor.py:830} INFO - Processing file /home/airflow/.local/lib/python3.8/site-packages/airflow/example_dags/example_task_group_decorator.py for tasks to queue
[2025-09-19T04:06:54.534+0000] {logging_mixin.py:188} INFO - [2025-09-19T04:06:54.533+0000] {dagbag.py:538} INFO - Filling up the DagBag from /home/airflow/.local/lib/python3.8/site-packages/airflow/example_dags/example_task_group_decorator.py
[2025-09-19T04:06:54.573+0000] {processor.py:840} INFO - DAG(s) 'example_task_group_decorator' retrieved from /home/airflow/.local/lib/python3.8/site-packages/airflow/example_dags/example_task_group_decorator.py
[2025-09-19T04:06:55.082+0000] {logging_mixin.py:188} INFO - [2025-09-19T04:06:55.081+0000] {dag.py:3036} INFO - Sync 1 DAGs
[2025-09-19T04:06:55.175+0000] {logging_mixin.py:188} INFO - [2025-09-19T04:06:55.175+0000] {dag.py:3823} INFO - Setting next_dagrun for example_task_group_decorator to 2025-09-18 00:00:00+00:00, run_after=2025-09-19 00:00:00+00:00
[2025-09-19T04:06:55.246+0000] {processor.py:183} INFO - Processing /home/airflow/.local/lib/python3.8/site-packages/airflow/example_dags/example_task_group_decorator.py took 0.741 seconds
[2025-09-19T04:07:25.421+0000] {processor.py:161} INFO - Started process (PID=133) to work on /home/airflow/.local/lib/python3.8/site-packages/airflow/example_dags/example_task_group_decorator.py
[2025-09-19T04:07:25.423+0000] {processor.py:830} INFO - Processing file /home/airflow/.local/lib/python3.8/site-packages/airflow/example_dags/example_task_group_decorator.py for tasks to queue
[2025-09-19T04:07:25.426+0000] {logging_mixin.py:188} INFO - [2025-09-19T04:07:25.426+0000] {dagbag.py:538} INFO - Filling up the DagBag from /home/airflow/.local/lib/python3.8/site-packages/airflow/example_dags/example_task_group_decorator.py
[2025-09-19T04:07:25.456+0000] {processor.py:840} INFO - DAG(s) 'example_task_group_decorator' retrieved from /home/airflow/.local/lib/python3.8/site-packages/airflow/example_dags/example_task_group_decorator.py
[2025-09-19T04:07:25.501+0000] {logging_mixin.py:188} INFO - [2025-09-19T04:07:25.501+0000] {dag.py:3036} INFO - Sync 1 DAGs
[2025-09-19T04:07:25.548+0000] {logging_mixin.py:188} INFO - [2025-09-19T04:07:25.547+0000] {dag.py:3823} INFO - Setting next_dagrun for example_task_group_decorator to 2025-09-18 00:00:00+00:00, run_after=2025-09-19 00:00:00+00:00
[2025-09-19T04:07:25.589+0000] {processor.py:183} INFO - Processing /home/airflow/.local/lib/python3.8/site-packages/airflow/example_dags/example_task_group_decorator.py took 0.174 seconds
[2025-09-19T04:07:56.153+0000] {processor.py:161} INFO - Started process (PID=188) to work on /home/airflow/.local/lib/python3.8/site-packages/airflow/example_dags/example_task_group_decorator.py
[2025-09-19T04:07:56.156+0000] {processor.py:830} INFO - Processing file /home/airflow/.local/lib/python3.8/site-packages/airflow/example_dags/example_task_group_decorator.py for tasks to queue
[2025-09-19T04:07:56.159+0000] {logging_mixin.py:188} INFO - [2025-09-19T04:07:56.159+0000] {dagbag.py:538} INFO - Filling up the DagBag from /home/airflow/.local/lib/python3.8/site-packages/airflow/example_dags/example_task_group_decorator.py
[2025-09-19T04:07:56.197+0000] {processor.py:840} INFO - DAG(s) 'example_task_group_decorator' retrieved from /home/airflow/.local/lib/python3.8/site-packages/airflow/example_dags/example_task_group_decorator.py
[2025-09-19T04:07:56.247+0000] {logging_mixin.py:188} INFO - [2025-09-19T04:07:56.246+0000] {dag.py:3036} INFO - Sync 1 DAGs
[2025-09-19T04:07:56.288+0000] {logging_mixin.py:188} INFO - [2025-09-19T04:07:56.288+0000] {dag.py:3823} INFO - Setting next_dagrun for example_task_group_decorator to 2025-09-18 00:00:00+00:00, run_after=2025-09-19 00:00:00+00:00
[2025-09-19T04:07:56.324+0000] {processor.py:183} INFO - Processing /home/airflow/.local/lib/python3.8/site-packages/airflow/example_dags/example_task_group_decorator.py took 0.177 seconds
[2025-09-19T04:08:26.944+0000] {processor.py:161} INFO - Started process (PID=243) to work on /home/airflow/.local/lib/python3.8/site-packages/airflow/example_dags/example_task_group_decorator.py
[2025-09-19T04:08:26.946+0000] {processor.py:830} INFO - Processing file /home/airflow/.local/lib/python3.8/site-packages/airflow/example_dags/example_task_group_decorator.py for tasks to queue
[2025-09-19T04:08:26.950+0000] {logging_mixin.py:188} INFO - [2025-09-19T04:08:26.949+0000] {dagbag.py:538} INFO - Filling up the DagBag from /home/airflow/.local/lib/python3.8/site-packages/airflow/example_dags/example_task_group_decorator.py
[2025-09-19T04:08:26.980+0000] {processor.py:840} INFO - DAG(s) 'example_task_group_decorator' retrieved from /home/airflow/.local/lib/python3.8/site-packages/airflow/example_dags/example_task_group_decorator.py
[2025-09-19T04:08:27.027+0000] {logging_mixin.py:188} INFO - [2025-09-19T04:08:27.026+0000] {dag.py:3036} INFO - Sync 1 DAGs
[2025-09-19T04:08:27.069+0000] {logging_mixin.py:188} INFO - [2025-09-19T04:08:27.069+0000] {dag.py:3823} INFO - Setting next_dagrun for example_task_group_decorator to 2025-09-18 00:00:00+00:00, run_after=2025-09-19 00:00:00+00:00
[2025-09-19T04:08:27.105+0000] {processor.py:183} INFO - Processing /home/airflow/.local/lib/python3.8/site-packages/airflow/example_dags/example_task_group_decorator.py took 0.167 seconds
[2025-09-19T04:08:57.276+0000] {processor.py:161} INFO - Started process (PID=299) to work on /home/airflow/.local/lib/python3.8/site-packages/airflow/example_dags/example_task_group_decorator.py
[2025-09-19T04:08:57.278+0000] {processor.py:830} INFO - Processing file /home/airflow/.local/lib/python3.8/site-packages/airflow/example_dags/example_task_group_decorator.py for tasks to queue
[2025-09-19T04:08:57.282+0000] {logging_mixin.py:188} INFO - [2025-09-19T04:08:57.281+0000] {dagbag.py:538} INFO - Filling up the DagBag from /home/airflow/.local/lib/python3.8/site-packages/airflow/example_dags/example_task_group_decorator.py
[2025-09-19T04:08:57.310+0000] {processor.py:840} INFO - DAG(s) 'example_task_group_decorator' retrieved from /home/airflow/.local/lib/python3.8/site-packages/airflow/example_dags/example_task_group_decorator.py
[2025-09-19T04:08:57.355+0000] {logging_mixin.py:188} INFO - [2025-09-19T04:08:57.354+0000] {dag.py:3036} INFO - Sync 1 DAGs
[2025-09-19T04:08:57.397+0000] {logging_mixin.py:188} INFO - [2025-09-19T04:08:57.396+0000] {dag.py:3823} INFO - Setting next_dagrun for example_task_group_decorator to 2025-09-18 00:00:00+00:00, run_after=2025-09-19 00:00:00+00:00
[2025-09-19T04:08:57.430+0000] {processor.py:183} INFO - Processing /home/airflow/.local/lib/python3.8/site-packages/airflow/example_dags/example_task_group_decorator.py took 0.160 seconds
[2025-09-19T04:09:27.838+0000] {processor.py:161} INFO - Started process (PID=354) to work on /home/airflow/.local/lib/python3.8/site-packages/airflow/example_dags/example_task_group_decorator.py
[2025-09-19T04:09:27.839+0000] {processor.py:830} INFO - Processing file /home/airflow/.local/lib/python3.8/site-packages/airflow/example_dags/example_task_group_decorator.py for tasks to queue
[2025-09-19T04:09:27.843+0000] {logging_mixin.py:188} INFO - [2025-09-19T04:09:27.843+0000] {dagbag.py:538} INFO - Filling up the DagBag from /home/airflow/.local/lib/python3.8/site-packages/airflow/example_dags/example_task_group_decorator.py
[2025-09-19T04:09:27.885+0000] {processor.py:840} INFO - DAG(s) 'example_task_group_decorator' retrieved from /home/airflow/.local/lib/python3.8/site-packages/airflow/example_dags/example_task_group_decorator.py
[2025-09-19T04:09:27.933+0000] {logging_mixin.py:188} INFO - [2025-09-19T04:09:27.932+0000] {dag.py:3036} INFO - Sync 1 DAGs
[2025-09-19T04:09:27.973+0000] {logging_mixin.py:188} INFO - [2025-09-19T04:09:27.972+0000] {dag.py:3823} INFO - Setting next_dagrun for example_task_group_decorator to 2025-09-18 00:00:00+00:00, run_after=2025-09-19 00:00:00+00:00
[2025-09-19T04:09:28.006+0000] {processor.py:183} INFO - Processing /home/airflow/.local/lib/python3.8/site-packages/airflow/example_dags/example_task_group_decorator.py took 0.175 seconds
[2025-09-19T04:09:58.264+0000] {processor.py:161} INFO - Started process (PID=409) to work on /home/airflow/.local/lib/python3.8/site-packages/airflow/example_dags/example_task_group_decorator.py
[2025-09-19T04:09:58.266+0000] {processor.py:830} INFO - Processing file /home/airflow/.local/lib/python3.8/site-packages/airflow/example_dags/example_task_group_decorator.py for tasks to queue
[2025-09-19T04:09:58.269+0000] {logging_mixin.py:188} INFO - [2025-09-19T04:09:58.269+0000] {dagbag.py:538} INFO - Filling up the DagBag from /home/airflow/.local/lib/python3.8/site-packages/airflow/example_dags/example_task_group_decorator.py
[2025-09-19T04:09:58.299+0000] {processor.py:840} INFO - DAG(s) 'example_task_group_decorator' retrieved from /home/airflow/.local/lib/python3.8/site-packages/airflow/example_dags/example_task_group_decorator.py
[2025-09-19T04:09:58.347+0000] {logging_mixin.py:188} INFO - [2025-09-19T04:09:58.347+0000] {dag.py:3036} INFO - Sync 1 DAGs
[2025-09-19T04:09:58.390+0000] {logging_mixin.py:188} INFO - [2025-09-19T04:09:58.389+0000] {dag.py:3823} INFO - Setting next_dagrun for example_task_group_decorator to 2025-09-18 00:00:00+00:00, run_after=2025-09-19 00:00:00+00:00
[2025-09-19T04:09:58.429+0000] {processor.py:183} INFO - Processing /home/airflow/.local/lib/python3.8/site-packages/airflow/example_dags/example_task_group_decorator.py took 0.171 seconds
[2025-09-19T04:10:29.141+0000] {processor.py:161} INFO - Started process (PID=464) to work on /home/airflow/.local/lib/python3.8/site-packages/airflow/example_dags/example_task_group_decorator.py
[2025-09-19T04:10:29.143+0000] {processor.py:830} INFO - Processing file /home/airflow/.local/lib/python3.8/site-packages/airflow/example_dags/example_task_group_decorator.py for tasks to queue
[2025-09-19T04:10:29.146+0000] {logging_mixin.py:188} INFO - [2025-09-19T04:10:29.146+0000] {dagbag.py:538} INFO - Filling up the DagBag from /home/airflow/.local/lib/python3.8/site-packages/airflow/example_dags/example_task_group_decorator.py
[2025-09-19T04:10:29.185+0000] {processor.py:840} INFO - DAG(s) 'example_task_group_decorator' retrieved from /home/airflow/.local/lib/python3.8/site-packages/airflow/example_dags/example_task_group_decorator.py
[2025-09-19T04:10:29.247+0000] {logging_mixin.py:188} INFO - [2025-09-19T04:10:29.246+0000] {dag.py:3036} INFO - Sync 1 DAGs
[2025-09-19T04:10:29.304+0000] {logging_mixin.py:188} INFO - [2025-09-19T04:10:29.303+0000] {dag.py:3823} INFO - Setting next_dagrun for example_task_group_decorator to 2025-09-18 00:00:00+00:00, run_after=2025-09-19 00:00:00+00:00
[2025-09-19T04:10:29.340+0000] {processor.py:183} INFO - Processing /home/airflow/.local/lib/python3.8/site-packages/airflow/example_dags/example_task_group_decorator.py took 0.206 seconds
[2025-09-19T04:10:59.569+0000] {processor.py:161} INFO - Started process (PID=519) to work on /home/airflow/.local/lib/python3.8/site-packages/airflow/example_dags/example_task_group_decorator.py
[2025-09-19T04:10:59.571+0000] {processor.py:830} INFO - Processing file /home/airflow/.local/lib/python3.8/site-packages/airflow/example_dags/example_task_group_decorator.py for tasks to queue
[2025-09-19T04:10:59.574+0000] {logging_mixin.py:188} INFO - [2025-09-19T04:10:59.574+0000] {dagbag.py:538} INFO - Filling up the DagBag from /home/airflow/.local/lib/python3.8/site-packages/airflow/example_dags/example_task_group_decorator.py
[2025-09-19T04:10:59.606+0000] {processor.py:840} INFO - DAG(s) 'example_task_group_decorator' retrieved from /home/airflow/.local/lib/python3.8/site-packages/airflow/example_dags/example_task_group_decorator.py
[2025-09-19T04:10:59.652+0000] {logging_mixin.py:188} INFO - [2025-09-19T04:10:59.651+0000] {dag.py:3036} INFO - Sync 1 DAGs
[2025-09-19T04:10:59.692+0000] {logging_mixin.py:188} INFO - [2025-09-19T04:10:59.692+0000] {dag.py:3823} INFO - Setting next_dagrun for example_task_group_decorator to 2025-09-18 00:00:00+00:00, run_after=2025-09-19 00:00:00+00:00
[2025-09-19T04:10:59.731+0000] {processor.py:183} INFO - Processing /home/airflow/.local/lib/python3.8/site-packages/airflow/example_dags/example_task_group_decorator.py took 0.168 seconds
[2025-09-19T04:11:30.455+0000] {processor.py:161} INFO - Started process (PID=574) to work on /home/airflow/.local/lib/python3.8/site-packages/airflow/example_dags/example_task_group_decorator.py
[2025-09-19T04:11:30.457+0000] {processor.py:830} INFO - Processing file /home/airflow/.local/lib/python3.8/site-packages/airflow/example_dags/example_task_group_decorator.py for tasks to queue
[2025-09-19T04:11:30.461+0000] {logging_mixin.py:188} INFO - [2025-09-19T04:11:30.460+0000] {dagbag.py:538} INFO - Filling up the DagBag from /home/airflow/.local/lib/python3.8/site-packages/airflow/example_dags/example_task_group_decorator.py
[2025-09-19T04:11:30.490+0000] {processor.py:840} INFO - DAG(s) 'example_task_group_decorator' retrieved from /home/airflow/.local/lib/python3.8/site-packages/airflow/example_dags/example_task_group_decorator.py
[2025-09-19T04:11:30.536+0000] {logging_mixin.py:188} INFO - [2025-09-19T04:11:30.536+0000] {dag.py:3036} INFO - Sync 1 DAGs
[2025-09-19T04:11:30.580+0000] {logging_mixin.py:188} INFO - [2025-09-19T04:11:30.580+0000] {dag.py:3823} INFO - Setting next_dagrun for example_task_group_decorator to 2025-09-18 00:00:00+00:00, run_after=2025-09-19 00:00:00+00:00
[2025-09-19T04:11:30.624+0000] {processor.py:183} INFO - Processing /home/airflow/.local/lib/python3.8/site-packages/airflow/example_dags/example_task_group_decorator.py took 0.175 seconds
[2025-09-19T04:12:00.753+0000] {processor.py:161} INFO - Started process (PID=629) to work on /home/airflow/.local/lib/python3.8/site-packages/airflow/example_dags/example_task_group_decorator.py
[2025-09-19T04:12:00.755+0000] {processor.py:830} INFO - Processing file /home/airflow/.local/lib/python3.8/site-packages/airflow/example_dags/example_task_group_decorator.py for tasks to queue
[2025-09-19T04:12:00.759+0000] {logging_mixin.py:188} INFO - [2025-09-19T04:12:00.758+0000] {dagbag.py:538} INFO - Filling up the DagBag from /home/airflow/.local/lib/python3.8/site-packages/airflow/example_dags/example_task_group_decorator.py
[2025-09-19T04:12:00.786+0000] {processor.py:840} INFO - DAG(s) 'example_task_group_decorator' retrieved from /home/airflow/.local/lib/python3.8/site-packages/airflow/example_dags/example_task_group_decorator.py
[2025-09-19T04:12:00.831+0000] {logging_mixin.py:188} INFO - [2025-09-19T04:12:00.830+0000] {dag.py:3036} INFO - Sync 1 DAGs
[2025-09-19T04:12:00.874+0000] {logging_mixin.py:188} INFO - [2025-09-19T04:12:00.873+0000] {dag.py:3823} INFO - Setting next_dagrun for example_task_group_decorator to 2025-09-18 00:00:00+00:00, run_after=2025-09-19 00:00:00+00:00
[2025-09-19T04:12:00.907+0000] {processor.py:183} INFO - Processing /home/airflow/.local/lib/python3.8/site-packages/airflow/example_dags/example_task_group_decorator.py took 0.160 seconds
[2025-09-19T04:12:31.023+0000] {processor.py:161} INFO - Started process (PID=684) to work on /home/airflow/.local/lib/python3.8/site-packages/airflow/example_dags/example_task_group_decorator.py
[2025-09-19T04:12:31.025+0000] {processor.py:830} INFO - Processing file /home/airflow/.local/lib/python3.8/site-packages/airflow/example_dags/example_task_group_decorator.py for tasks to queue
[2025-09-19T04:12:31.030+0000] {logging_mixin.py:188} INFO - [2025-09-19T04:12:31.029+0000] {dagbag.py:538} INFO - Filling up the DagBag from /home/airflow/.local/lib/python3.8/site-packages/airflow/example_dags/example_task_group_decorator.py
[2025-09-19T04:12:31.059+0000] {processor.py:840} INFO - DAG(s) 'example_task_group_decorator' retrieved from /home/airflow/.local/lib/python3.8/site-packages/airflow/example_dags/example_task_group_decorator.py
[2025-09-19T04:12:31.110+0000] {logging_mixin.py:188} INFO - [2025-09-19T04:12:31.110+0000] {dag.py:3036} INFO - Sync 1 DAGs
[2025-09-19T04:12:31.153+0000] {logging_mixin.py:188} INFO - [2025-09-19T04:12:31.153+0000] {dag.py:3823} INFO - Setting next_dagrun for example_task_group_decorator to 2025-09-18 00:00:00+00:00, run_after=2025-09-19 00:00:00+00:00
[2025-09-19T04:12:31.192+0000] {processor.py:183} INFO - Processing /home/airflow/.local/lib/python3.8/site-packages/airflow/example_dags/example_task_group_decorator.py took 0.175 seconds
[2025-09-19T04:13:01.240+0000] {processor.py:161} INFO - Started process (PID=739) to work on /home/airflow/.local/lib/python3.8/site-packages/airflow/example_dags/example_task_group_decorator.py
[2025-09-19T04:13:01.243+0000] {processor.py:830} INFO - Processing file /home/airflow/.local/lib/python3.8/site-packages/airflow/example_dags/example_task_group_decorator.py for tasks to queue
[2025-09-19T04:13:01.247+0000] {logging_mixin.py:188} INFO - [2025-09-19T04:13:01.246+0000] {dagbag.py:538} INFO - Filling up the DagBag from /home/airflow/.local/lib/python3.8/site-packages/airflow/example_dags/example_task_group_decorator.py
[2025-09-19T04:13:01.282+0000] {processor.py:840} INFO - DAG(s) 'example_task_group_decorator' retrieved from /home/airflow/.local/lib/python3.8/site-packages/airflow/example_dags/example_task_group_decorator.py
[2025-09-19T04:13:01.338+0000] {logging_mixin.py:188} INFO - [2025-09-19T04:13:01.338+0000] {dag.py:3036} INFO - Sync 1 DAGs
[2025-09-19T04:13:01.398+0000] {logging_mixin.py:188} INFO - [2025-09-19T04:13:01.394+0000] {dag.py:3823} INFO - Setting next_dagrun for example_task_group_decorator to 2025-09-18 00:00:00+00:00, run_after=2025-09-19 00:00:00+00:00
[2025-09-19T04:13:01.444+0000] {processor.py:183} INFO - Processing /home/airflow/.local/lib/python3.8/site-packages/airflow/example_dags/example_task_group_decorator.py took 0.211 seconds
[2025-09-19T04:13:31.683+0000] {processor.py:161} INFO - Started process (PID=794) to work on /home/airflow/.local/lib/python3.8/site-packages/airflow/example_dags/example_task_group_decorator.py
[2025-09-19T04:13:31.685+0000] {processor.py:830} INFO - Processing file /home/airflow/.local/lib/python3.8/site-packages/airflow/example_dags/example_task_group_decorator.py for tasks to queue
[2025-09-19T04:13:31.688+0000] {logging_mixin.py:188} INFO - [2025-09-19T04:13:31.687+0000] {dagbag.py:538} INFO - Filling up the DagBag from /home/airflow/.local/lib/python3.8/site-packages/airflow/example_dags/example_task_group_decorator.py
[2025-09-19T04:13:31.716+0000] {processor.py:840} INFO - DAG(s) 'example_task_group_decorator' retrieved from /home/airflow/.local/lib/python3.8/site-packages/airflow/example_dags/example_task_group_decorator.py
[2025-09-19T04:13:31.763+0000] {logging_mixin.py:188} INFO - [2025-09-19T04:13:31.763+0000] {dag.py:3036} INFO - Sync 1 DAGs
[2025-09-19T04:13:31.807+0000] {logging_mixin.py:188} INFO - [2025-09-19T04:13:31.806+0000] {dag.py:3823} INFO - Setting next_dagrun for example_task_group_decorator to 2025-09-18 00:00:00+00:00, run_after=2025-09-19 00:00:00+00:00
[2025-09-19T04:13:31.848+0000] {processor.py:183} INFO - Processing /home/airflow/.local/lib/python3.8/site-packages/airflow/example_dags/example_task_group_decorator.py took 0.171 seconds
[2025-09-19T04:14:02.151+0000] {processor.py:161} INFO - Started process (PID=849) to work on /home/airflow/.local/lib/python3.8/site-packages/airflow/example_dags/example_task_group_decorator.py
[2025-09-19T04:14:02.154+0000] {processor.py:830} INFO - Processing file /home/airflow/.local/lib/python3.8/site-packages/airflow/example_dags/example_task_group_decorator.py for tasks to queue
[2025-09-19T04:14:02.159+0000] {logging_mixin.py:188} INFO - [2025-09-19T04:14:02.158+0000] {dagbag.py:538} INFO - Filling up the DagBag from /home/airflow/.local/lib/python3.8/site-packages/airflow/example_dags/example_task_group_decorator.py
[2025-09-19T04:14:02.196+0000] {processor.py:840} INFO - DAG(s) 'example_task_group_decorator' retrieved from /home/airflow/.local/lib/python3.8/site-packages/airflow/example_dags/example_task_group_decorator.py
[2025-09-19T04:14:02.241+0000] {logging_mixin.py:188} INFO - [2025-09-19T04:14:02.241+0000] {dag.py:3036} INFO - Sync 1 DAGs
[2025-09-19T04:14:02.280+0000] {logging_mixin.py:188} INFO - [2025-09-19T04:14:02.280+0000] {dag.py:3823} INFO - Setting next_dagrun for example_task_group_decorator to 2025-09-18 00:00:00+00:00, run_after=2025-09-19 00:00:00+00:00
[2025-09-19T04:14:02.319+0000] {processor.py:183} INFO - Processing /home/airflow/.local/lib/python3.8/site-packages/airflow/example_dags/example_task_group_decorator.py took 0.175 seconds
[2025-09-19T04:14:32.580+0000] {processor.py:161} INFO - Started process (PID=904) to work on /home/airflow/.local/lib/python3.8/site-packages/airflow/example_dags/example_task_group_decorator.py
[2025-09-19T04:14:32.583+0000] {processor.py:830} INFO - Processing file /home/airflow/.local/lib/python3.8/site-packages/airflow/example_dags/example_task_group_decorator.py for tasks to queue
[2025-09-19T04:14:32.587+0000] {logging_mixin.py:188} INFO - [2025-09-19T04:14:32.586+0000] {dagbag.py:538} INFO - Filling up the DagBag from /home/airflow/.local/lib/python3.8/site-packages/airflow/example_dags/example_task_group_decorator.py
[2025-09-19T04:14:32.631+0000] {processor.py:840} INFO - DAG(s) 'example_task_group_decorator' retrieved from /home/airflow/.local/lib/python3.8/site-packages/airflow/example_dags/example_task_group_decorator.py
[2025-09-19T04:14:32.687+0000] {logging_mixin.py:188} INFO - [2025-09-19T04:14:32.687+0000] {dag.py:3036} INFO - Sync 1 DAGs
[2025-09-19T04:14:32.753+0000] {logging_mixin.py:188} INFO - [2025-09-19T04:14:32.753+0000] {dag.py:3823} INFO - Setting next_dagrun for example_task_group_decorator to 2025-09-18 00:00:00+00:00, run_after=2025-09-19 00:00:00+00:00
[2025-09-19T04:14:32.795+0000] {processor.py:183} INFO - Processing /home/airflow/.local/lib/python3.8/site-packages/airflow/example_dags/example_task_group_decorator.py took 0.222 seconds
[2025-09-19T04:15:03.434+0000] {processor.py:161} INFO - Started process (PID=959) to work on /home/airflow/.local/lib/python3.8/site-packages/airflow/example_dags/example_task_group_decorator.py
[2025-09-19T04:15:03.436+0000] {processor.py:830} INFO - Processing file /home/airflow/.local/lib/python3.8/site-packages/airflow/example_dags/example_task_group_decorator.py for tasks to queue
[2025-09-19T04:15:03.439+0000] {logging_mixin.py:188} INFO - [2025-09-19T04:15:03.439+0000] {dagbag.py:538} INFO - Filling up the DagBag from /home/airflow/.local/lib/python3.8/site-packages/airflow/example_dags/example_task_group_decorator.py
[2025-09-19T04:15:03.468+0000] {processor.py:840} INFO - DAG(s) 'example_task_group_decorator' retrieved from /home/airflow/.local/lib/python3.8/site-packages/airflow/example_dags/example_task_group_decorator.py
[2025-09-19T04:15:03.514+0000] {logging_mixin.py:188} INFO - [2025-09-19T04:15:03.514+0000] {dag.py:3036} INFO - Sync 1 DAGs
[2025-09-19T04:15:03.553+0000] {logging_mixin.py:188} INFO - [2025-09-19T04:15:03.552+0000] {dag.py:3823} INFO - Setting next_dagrun for example_task_group_decorator to 2025-09-18 00:00:00+00:00, run_after=2025-09-19 00:00:00+00:00
[2025-09-19T04:15:03.588+0000] {processor.py:183} INFO - Processing /home/airflow/.local/lib/python3.8/site-packages/airflow/example_dags/example_task_group_decorator.py took 0.159 seconds
[2025-09-19T04:15:33.804+0000] {processor.py:161} INFO - Started process (PID=1014) to work on /home/airflow/.local/lib/python3.8/site-packages/airflow/example_dags/example_task_group_decorator.py
[2025-09-19T04:15:33.806+0000] {processor.py:830} INFO - Processing file /home/airflow/.local/lib/python3.8/site-packages/airflow/example_dags/example_task_group_decorator.py for tasks to queue
[2025-09-19T04:15:33.809+0000] {logging_mixin.py:188} INFO - [2025-09-19T04:15:33.808+0000] {dagbag.py:538} INFO - Filling up the DagBag from /home/airflow/.local/lib/python3.8/site-packages/airflow/example_dags/example_task_group_decorator.py
[2025-09-19T04:15:33.837+0000] {processor.py:840} INFO - DAG(s) 'example_task_group_decorator' retrieved from /home/airflow/.local/lib/python3.8/site-packages/airflow/example_dags/example_task_group_decorator.py
[2025-09-19T04:15:33.891+0000] {logging_mixin.py:188} INFO - [2025-09-19T04:15:33.890+0000] {dag.py:3036} INFO - Sync 1 DAGs
[2025-09-19T04:15:33.941+0000] {logging_mixin.py:188} INFO - [2025-09-19T04:15:33.940+0000] {dag.py:3823} INFO - Setting next_dagrun for example_task_group_decorator to 2025-09-18 00:00:00+00:00, run_after=2025-09-19 00:00:00+00:00
[2025-09-19T04:15:33.982+0000] {processor.py:183} INFO - Processing /home/airflow/.local/lib/python3.8/site-packages/airflow/example_dags/example_task_group_decorator.py took 0.184 seconds
[2025-09-19T04:16:04.268+0000] {processor.py:161} INFO - Started process (PID=1069) to work on /home/airflow/.local/lib/python3.8/site-packages/airflow/example_dags/example_task_group_decorator.py
[2025-09-19T04:16:04.270+0000] {processor.py:830} INFO - Processing file /home/airflow/.local/lib/python3.8/site-packages/airflow/example_dags/example_task_group_decorator.py for tasks to queue
[2025-09-19T04:16:04.273+0000] {logging_mixin.py:188} INFO - [2025-09-19T04:16:04.272+0000] {dagbag.py:538} INFO - Filling up the DagBag from /home/airflow/.local/lib/python3.8/site-packages/airflow/example_dags/example_task_group_decorator.py
[2025-09-19T04:16:04.302+0000] {processor.py:840} INFO - DAG(s) 'example_task_group_decorator' retrieved from /home/airflow/.local/lib/python3.8/site-packages/airflow/example_dags/example_task_group_decorator.py
[2025-09-19T04:16:04.347+0000] {logging_mixin.py:188} INFO - [2025-09-19T04:16:04.346+0000] {dag.py:3036} INFO - Sync 1 DAGs
[2025-09-19T04:16:04.387+0000] {logging_mixin.py:188} INFO - [2025-09-19T04:16:04.387+0000] {dag.py:3823} INFO - Setting next_dagrun for example_task_group_decorator to 2025-09-18 00:00:00+00:00, run_after=2025-09-19 00:00:00+00:00
[2025-09-19T04:16:04.430+0000] {processor.py:183} INFO - Processing /home/airflow/.local/lib/python3.8/site-packages/airflow/example_dags/example_task_group_decorator.py took 0.169 seconds
[2025-09-19T04:16:34.874+0000] {processor.py:161} INFO - Started process (PID=1124) to work on /home/airflow/.local/lib/python3.8/site-packages/airflow/example_dags/example_task_group_decorator.py
[2025-09-19T04:16:34.876+0000] {processor.py:830} INFO - Processing file /home/airflow/.local/lib/python3.8/site-packages/airflow/example_dags/example_task_group_decorator.py for tasks to queue
[2025-09-19T04:16:34.879+0000] {logging_mixin.py:188} INFO - [2025-09-19T04:16:34.878+0000] {dagbag.py:538} INFO - Filling up the DagBag from /home/airflow/.local/lib/python3.8/site-packages/airflow/example_dags/example_task_group_decorator.py
[2025-09-19T04:16:34.907+0000] {processor.py:840} INFO - DAG(s) 'example_task_group_decorator' retrieved from /home/airflow/.local/lib/python3.8/site-packages/airflow/example_dags/example_task_group_decorator.py
[2025-09-19T04:16:34.951+0000] {logging_mixin.py:188} INFO - [2025-09-19T04:16:34.950+0000] {dag.py:3036} INFO - Sync 1 DAGs
[2025-09-19T04:16:34.989+0000] {logging_mixin.py:188} INFO - [2025-09-19T04:16:34.989+0000] {dag.py:3823} INFO - Setting next_dagrun for example_task_group_decorator to 2025-09-18 00:00:00+00:00, run_after=2025-09-19 00:00:00+00:00
[2025-09-19T04:16:35.029+0000] {processor.py:183} INFO - Processing /home/airflow/.local/lib/python3.8/site-packages/airflow/example_dags/example_task_group_decorator.py took 0.161 seconds
[2025-09-19T04:17:05.617+0000] {processor.py:161} INFO - Started process (PID=1179) to work on /home/airflow/.local/lib/python3.8/site-packages/airflow/example_dags/example_task_group_decorator.py
[2025-09-19T04:17:05.619+0000] {processor.py:830} INFO - Processing file /home/airflow/.local/lib/python3.8/site-packages/airflow/example_dags/example_task_group_decorator.py for tasks to queue
[2025-09-19T04:17:05.622+0000] {logging_mixin.py:188} INFO - [2025-09-19T04:17:05.622+0000] {dagbag.py:538} INFO - Filling up the DagBag from /home/airflow/.local/lib/python3.8/site-packages/airflow/example_dags/example_task_group_decorator.py
[2025-09-19T04:17:05.651+0000] {processor.py:840} INFO - DAG(s) 'example_task_group_decorator' retrieved from /home/airflow/.local/lib/python3.8/site-packages/airflow/example_dags/example_task_group_decorator.py
[2025-09-19T04:17:05.696+0000] {logging_mixin.py:188} INFO - [2025-09-19T04:17:05.696+0000] {dag.py:3036} INFO - Sync 1 DAGs
[2025-09-19T04:17:05.737+0000] {logging_mixin.py:188} INFO - [2025-09-19T04:17:05.737+0000] {dag.py:3823} INFO - Setting next_dagrun for example_task_group_decorator to 2025-09-18 00:00:00+00:00, run_after=2025-09-19 00:00:00+00:00
[2025-09-19T04:17:05.776+0000] {processor.py:183} INFO - Processing /home/airflow/.local/lib/python3.8/site-packages/airflow/example_dags/example_task_group_decorator.py took 0.165 seconds
[2025-09-19T04:17:36.239+0000] {processor.py:161} INFO - Started process (PID=1234) to work on /home/airflow/.local/lib/python3.8/site-packages/airflow/example_dags/example_task_group_decorator.py
[2025-09-19T04:17:36.241+0000] {processor.py:830} INFO - Processing file /home/airflow/.local/lib/python3.8/site-packages/airflow/example_dags/example_task_group_decorator.py for tasks to queue
[2025-09-19T04:17:36.244+0000] {logging_mixin.py:188} INFO - [2025-09-19T04:17:36.243+0000] {dagbag.py:538} INFO - Filling up the DagBag from /home/airflow/.local/lib/python3.8/site-packages/airflow/example_dags/example_task_group_decorator.py
[2025-09-19T04:17:36.271+0000] {processor.py:840} INFO - DAG(s) 'example_task_group_decorator' retrieved from /home/airflow/.local/lib/python3.8/site-packages/airflow/example_dags/example_task_group_decorator.py
[2025-09-19T04:17:36.315+0000] {logging_mixin.py:188} INFO - [2025-09-19T04:17:36.315+0000] {dag.py:3036} INFO - Sync 1 DAGs
[2025-09-19T04:17:36.354+0000] {logging_mixin.py:188} INFO - [2025-09-19T04:17:36.354+0000] {dag.py:3823} INFO - Setting next_dagrun for example_task_group_decorator to 2025-09-18 00:00:00+00:00, run_after=2025-09-19 00:00:00+00:00
[2025-09-19T04:17:36.394+0000] {processor.py:183} INFO - Processing /home/airflow/.local/lib/python3.8/site-packages/airflow/example_dags/example_task_group_decorator.py took 0.161 seconds
[2025-09-19T04:18:06.448+0000] {processor.py:161} INFO - Started process (PID=1289) to work on /home/airflow/.local/lib/python3.8/site-packages/airflow/example_dags/example_task_group_decorator.py
[2025-09-19T04:18:06.450+0000] {processor.py:830} INFO - Processing file /home/airflow/.local/lib/python3.8/site-packages/airflow/example_dags/example_task_group_decorator.py for tasks to queue
[2025-09-19T04:18:06.454+0000] {logging_mixin.py:188} INFO - [2025-09-19T04:18:06.453+0000] {dagbag.py:538} INFO - Filling up the DagBag from /home/airflow/.local/lib/python3.8/site-packages/airflow/example_dags/example_task_group_decorator.py
[2025-09-19T04:18:06.482+0000] {processor.py:840} INFO - DAG(s) 'example_task_group_decorator' retrieved from /home/airflow/.local/lib/python3.8/site-packages/airflow/example_dags/example_task_group_decorator.py
[2025-09-19T04:18:06.530+0000] {logging_mixin.py:188} INFO - [2025-09-19T04:18:06.530+0000] {dag.py:3036} INFO - Sync 1 DAGs
[2025-09-19T04:18:06.572+0000] {logging_mixin.py:188} INFO - [2025-09-19T04:18:06.571+0000] {dag.py:3823} INFO - Setting next_dagrun for example_task_group_decorator to 2025-09-18 00:00:00+00:00, run_after=2025-09-19 00:00:00+00:00
[2025-09-19T04:18:06.605+0000] {processor.py:183} INFO - Processing /home/airflow/.local/lib/python3.8/site-packages/airflow/example_dags/example_task_group_decorator.py took 0.163 seconds
[2025-09-19T04:18:37.393+0000] {processor.py:161} INFO - Started process (PID=1344) to work on /home/airflow/.local/lib/python3.8/site-packages/airflow/example_dags/example_task_group_decorator.py
[2025-09-19T04:18:37.395+0000] {processor.py:830} INFO - Processing file /home/airflow/.local/lib/python3.8/site-packages/airflow/example_dags/example_task_group_decorator.py for tasks to queue
[2025-09-19T04:18:37.399+0000] {logging_mixin.py:188} INFO - [2025-09-19T04:18:37.398+0000] {dagbag.py:538} INFO - Filling up the DagBag from /home/airflow/.local/lib/python3.8/site-packages/airflow/example_dags/example_task_group_decorator.py
[2025-09-19T04:18:37.425+0000] {processor.py:840} INFO - DAG(s) 'example_task_group_decorator' retrieved from /home/airflow/.local/lib/python3.8/site-packages/airflow/example_dags/example_task_group_decorator.py
[2025-09-19T04:18:37.469+0000] {logging_mixin.py:188} INFO - [2025-09-19T04:18:37.469+0000] {dag.py:3036} INFO - Sync 1 DAGs
[2025-09-19T04:18:37.507+0000] {logging_mixin.py:188} INFO - [2025-09-19T04:18:37.506+0000] {dag.py:3823} INFO - Setting next_dagrun for example_task_group_decorator to 2025-09-18 00:00:00+00:00, run_after=2025-09-19 00:00:00+00:00
[2025-09-19T04:18:37.544+0000] {processor.py:183} INFO - Processing /home/airflow/.local/lib/python3.8/site-packages/airflow/example_dags/example_task_group_decorator.py took 0.157 seconds
[2025-09-19T04:19:07.753+0000] {processor.py:161} INFO - Started process (PID=1399) to work on /home/airflow/.local/lib/python3.8/site-packages/airflow/example_dags/example_task_group_decorator.py
[2025-09-19T04:19:07.755+0000] {processor.py:830} INFO - Processing file /home/airflow/.local/lib/python3.8/site-packages/airflow/example_dags/example_task_group_decorator.py for tasks to queue
[2025-09-19T04:19:07.758+0000] {logging_mixin.py:188} INFO - [2025-09-19T04:19:07.757+0000] {dagbag.py:538} INFO - Filling up the DagBag from /home/airflow/.local/lib/python3.8/site-packages/airflow/example_dags/example_task_group_decorator.py
[2025-09-19T04:19:07.786+0000] {processor.py:840} INFO - DAG(s) 'example_task_group_decorator' retrieved from /home/airflow/.local/lib/python3.8/site-packages/airflow/example_dags/example_task_group_decorator.py
[2025-09-19T04:19:07.831+0000] {logging_mixin.py:188} INFO - [2025-09-19T04:19:07.830+0000] {dag.py:3036} INFO - Sync 1 DAGs
[2025-09-19T04:19:07.870+0000] {logging_mixin.py:188} INFO - [2025-09-19T04:19:07.870+0000] {dag.py:3823} INFO - Setting next_dagrun for example_task_group_decorator to 2025-09-18 00:00:00+00:00, run_after=2025-09-19 00:00:00+00:00
[2025-09-19T04:19:07.921+0000] {processor.py:183} INFO - Processing /home/airflow/.local/lib/python3.8/site-packages/airflow/example_dags/example_task_group_decorator.py took 0.174 seconds
[2025-09-19T04:19:38.028+0000] {processor.py:161} INFO - Started process (PID=1454) to work on /home/airflow/.local/lib/python3.8/site-packages/airflow/example_dags/example_task_group_decorator.py
[2025-09-19T04:19:38.030+0000] {processor.py:830} INFO - Processing file /home/airflow/.local/lib/python3.8/site-packages/airflow/example_dags/example_task_group_decorator.py for tasks to queue
[2025-09-19T04:19:38.034+0000] {logging_mixin.py:188} INFO - [2025-09-19T04:19:38.034+0000] {dagbag.py:538} INFO - Filling up the DagBag from /home/airflow/.local/lib/python3.8/site-packages/airflow/example_dags/example_task_group_decorator.py
[2025-09-19T04:19:38.066+0000] {processor.py:840} INFO - DAG(s) 'example_task_group_decorator' retrieved from /home/airflow/.local/lib/python3.8/site-packages/airflow/example_dags/example_task_group_decorator.py
[2025-09-19T04:19:38.111+0000] {logging_mixin.py:188} INFO - [2025-09-19T04:19:38.110+0000] {dag.py:3036} INFO - Sync 1 DAGs
[2025-09-19T04:19:38.161+0000] {logging_mixin.py:188} INFO - [2025-09-19T04:19:38.160+0000] {dag.py:3823} INFO - Setting next_dagrun for example_task_group_decorator to 2025-09-18 00:00:00+00:00, run_after=2025-09-19 00:00:00+00:00
[2025-09-19T04:19:38.203+0000] {processor.py:183} INFO - Processing /home/airflow/.local/lib/python3.8/site-packages/airflow/example_dags/example_task_group_decorator.py took 0.182 seconds
[2025-09-19T04:20:09.039+0000] {processor.py:161} INFO - Started process (PID=1509) to work on /home/airflow/.local/lib/python3.8/site-packages/airflow/example_dags/example_task_group_decorator.py
[2025-09-19T04:20:09.042+0000] {processor.py:830} INFO - Processing file /home/airflow/.local/lib/python3.8/site-packages/airflow/example_dags/example_task_group_decorator.py for tasks to queue
[2025-09-19T04:20:09.045+0000] {logging_mixin.py:188} INFO - [2025-09-19T04:20:09.045+0000] {dagbag.py:538} INFO - Filling up the DagBag from /home/airflow/.local/lib/python3.8/site-packages/airflow/example_dags/example_task_group_decorator.py
[2025-09-19T04:20:09.073+0000] {processor.py:840} INFO - DAG(s) 'example_task_group_decorator' retrieved from /home/airflow/.local/lib/python3.8/site-packages/airflow/example_dags/example_task_group_decorator.py
[2025-09-19T04:20:09.119+0000] {logging_mixin.py:188} INFO - [2025-09-19T04:20:09.118+0000] {dag.py:3036} INFO - Sync 1 DAGs
[2025-09-19T04:20:09.157+0000] {logging_mixin.py:188} INFO - [2025-09-19T04:20:09.157+0000] {dag.py:3823} INFO - Setting next_dagrun for example_task_group_decorator to 2025-09-18 00:00:00+00:00, run_after=2025-09-19 00:00:00+00:00
[2025-09-19T04:20:09.198+0000] {processor.py:183} INFO - Processing /home/airflow/.local/lib/python3.8/site-packages/airflow/example_dags/example_task_group_decorator.py took 0.164 seconds
[2025-09-19T04:20:39.280+0000] {processor.py:161} INFO - Started process (PID=1564) to work on /home/airflow/.local/lib/python3.8/site-packages/airflow/example_dags/example_task_group_decorator.py
[2025-09-19T04:20:39.282+0000] {processor.py:830} INFO - Processing file /home/airflow/.local/lib/python3.8/site-packages/airflow/example_dags/example_task_group_decorator.py for tasks to queue
[2025-09-19T04:20:39.286+0000] {logging_mixin.py:188} INFO - [2025-09-19T04:20:39.286+0000] {dagbag.py:538} INFO - Filling up the DagBag from /home/airflow/.local/lib/python3.8/site-packages/airflow/example_dags/example_task_group_decorator.py
[2025-09-19T04:20:39.316+0000] {processor.py:840} INFO - DAG(s) 'example_task_group_decorator' retrieved from /home/airflow/.local/lib/python3.8/site-packages/airflow/example_dags/example_task_group_decorator.py
[2025-09-19T04:20:39.372+0000] {logging_mixin.py:188} INFO - [2025-09-19T04:20:39.371+0000] {dag.py:3036} INFO - Sync 1 DAGs
[2025-09-19T04:20:39.421+0000] {logging_mixin.py:188} INFO - [2025-09-19T04:20:39.420+0000] {dag.py:3823} INFO - Setting next_dagrun for example_task_group_decorator to 2025-09-18 00:00:00+00:00, run_after=2025-09-19 00:00:00+00:00
[2025-09-19T04:20:39.453+0000] {processor.py:183} INFO - Processing /home/airflow/.local/lib/python3.8/site-packages/airflow/example_dags/example_task_group_decorator.py took 0.179 seconds
[2025-09-19T04:21:10.022+0000] {processor.py:161} INFO - Started process (PID=1619) to work on /home/airflow/.local/lib/python3.8/site-packages/airflow/example_dags/example_task_group_decorator.py
[2025-09-19T04:21:10.024+0000] {processor.py:830} INFO - Processing file /home/airflow/.local/lib/python3.8/site-packages/airflow/example_dags/example_task_group_decorator.py for tasks to queue
[2025-09-19T04:21:10.027+0000] {logging_mixin.py:188} INFO - [2025-09-19T04:21:10.027+0000] {dagbag.py:538} INFO - Filling up the DagBag from /home/airflow/.local/lib/python3.8/site-packages/airflow/example_dags/example_task_group_decorator.py
[2025-09-19T04:21:10.055+0000] {processor.py:840} INFO - DAG(s) 'example_task_group_decorator' retrieved from /home/airflow/.local/lib/python3.8/site-packages/airflow/example_dags/example_task_group_decorator.py
[2025-09-19T04:21:10.099+0000] {logging_mixin.py:188} INFO - [2025-09-19T04:21:10.099+0000] {dag.py:3036} INFO - Sync 1 DAGs
[2025-09-19T04:21:10.137+0000] {logging_mixin.py:188} INFO - [2025-09-19T04:21:10.137+0000] {dag.py:3823} INFO - Setting next_dagrun for example_task_group_decorator to 2025-09-18 00:00:00+00:00, run_after=2025-09-19 00:00:00+00:00
[2025-09-19T04:21:10.170+0000] {processor.py:183} INFO - Processing /home/airflow/.local/lib/python3.8/site-packages/airflow/example_dags/example_task_group_decorator.py took 0.154 seconds
[2025-09-19T04:21:40.340+0000] {processor.py:161} INFO - Started process (PID=1674) to work on /home/airflow/.local/lib/python3.8/site-packages/airflow/example_dags/example_task_group_decorator.py
[2025-09-19T04:21:40.342+0000] {processor.py:830} INFO - Processing file /home/airflow/.local/lib/python3.8/site-packages/airflow/example_dags/example_task_group_decorator.py for tasks to queue
[2025-09-19T04:21:40.345+0000] {logging_mixin.py:188} INFO - [2025-09-19T04:21:40.345+0000] {dagbag.py:538} INFO - Filling up the DagBag from /home/airflow/.local/lib/python3.8/site-packages/airflow/example_dags/example_task_group_decorator.py
[2025-09-19T04:21:40.373+0000] {processor.py:840} INFO - DAG(s) 'example_task_group_decorator' retrieved from /home/airflow/.local/lib/python3.8/site-packages/airflow/example_dags/example_task_group_decorator.py
[2025-09-19T04:21:40.417+0000] {logging_mixin.py:188} INFO - [2025-09-19T04:21:40.417+0000] {dag.py:3036} INFO - Sync 1 DAGs
[2025-09-19T04:21:40.455+0000] {logging_mixin.py:188} INFO - [2025-09-19T04:21:40.455+0000] {dag.py:3823} INFO - Setting next_dagrun for example_task_group_decorator to 2025-09-18 00:00:00+00:00, run_after=2025-09-19 00:00:00+00:00
[2025-09-19T04:21:40.492+0000] {processor.py:183} INFO - Processing /home/airflow/.local/lib/python3.8/site-packages/airflow/example_dags/example_task_group_decorator.py took 0.158 seconds
[2025-09-19T04:22:10.811+0000] {processor.py:161} INFO - Started process (PID=1727) to work on /home/airflow/.local/lib/python3.8/site-packages/airflow/example_dags/example_task_group_decorator.py
[2025-09-19T04:22:10.812+0000] {processor.py:830} INFO - Processing file /home/airflow/.local/lib/python3.8/site-packages/airflow/example_dags/example_task_group_decorator.py for tasks to queue
[2025-09-19T04:22:10.816+0000] {logging_mixin.py:188} INFO - [2025-09-19T04:22:10.815+0000] {dagbag.py:538} INFO - Filling up the DagBag from /home/airflow/.local/lib/python3.8/site-packages/airflow/example_dags/example_task_group_decorator.py
[2025-09-19T04:22:10.844+0000] {processor.py:840} INFO - DAG(s) 'example_task_group_decorator' retrieved from /home/airflow/.local/lib/python3.8/site-packages/airflow/example_dags/example_task_group_decorator.py
[2025-09-19T04:22:10.887+0000] {logging_mixin.py:188} INFO - [2025-09-19T04:22:10.886+0000] {dag.py:3036} INFO - Sync 1 DAGs
[2025-09-19T04:22:10.927+0000] {logging_mixin.py:188} INFO - [2025-09-19T04:22:10.926+0000] {dag.py:3823} INFO - Setting next_dagrun for example_task_group_decorator to 2025-09-18 00:00:00+00:00, run_after=2025-09-19 00:00:00+00:00
[2025-09-19T04:22:10.960+0000] {processor.py:183} INFO - Processing /home/airflow/.local/lib/python3.8/site-packages/airflow/example_dags/example_task_group_decorator.py took 0.155 seconds
[2025-09-19T04:22:41.253+0000] {processor.py:161} INFO - Started process (PID=1782) to work on /home/airflow/.local/lib/python3.8/site-packages/airflow/example_dags/example_task_group_decorator.py
[2025-09-19T04:22:41.255+0000] {processor.py:830} INFO - Processing file /home/airflow/.local/lib/python3.8/site-packages/airflow/example_dags/example_task_group_decorator.py for tasks to queue
[2025-09-19T04:22:41.258+0000] {logging_mixin.py:188} INFO - [2025-09-19T04:22:41.258+0000] {dagbag.py:538} INFO - Filling up the DagBag from /home/airflow/.local/lib/python3.8/site-packages/airflow/example_dags/example_task_group_decorator.py
[2025-09-19T04:22:41.288+0000] {processor.py:840} INFO - DAG(s) 'example_task_group_decorator' retrieved from /home/airflow/.local/lib/python3.8/site-packages/airflow/example_dags/example_task_group_decorator.py
[2025-09-19T04:22:41.333+0000] {logging_mixin.py:188} INFO - [2025-09-19T04:22:41.333+0000] {dag.py:3036} INFO - Sync 1 DAGs
[2025-09-19T04:22:41.378+0000] {logging_mixin.py:188} INFO - [2025-09-19T04:22:41.377+0000] {dag.py:3823} INFO - Setting next_dagrun for example_task_group_decorator to 2025-09-18 00:00:00+00:00, run_after=2025-09-19 00:00:00+00:00
[2025-09-19T04:22:41.418+0000] {processor.py:183} INFO - Processing /home/airflow/.local/lib/python3.8/site-packages/airflow/example_dags/example_task_group_decorator.py took 0.171 seconds
[2025-09-19T04:23:11.725+0000] {processor.py:161} INFO - Started process (PID=1837) to work on /home/airflow/.local/lib/python3.8/site-packages/airflow/example_dags/example_task_group_decorator.py
[2025-09-19T04:23:11.727+0000] {processor.py:830} INFO - Processing file /home/airflow/.local/lib/python3.8/site-packages/airflow/example_dags/example_task_group_decorator.py for tasks to queue
[2025-09-19T04:23:11.730+0000] {logging_mixin.py:188} INFO - [2025-09-19T04:23:11.730+0000] {dagbag.py:538} INFO - Filling up the DagBag from /home/airflow/.local/lib/python3.8/site-packages/airflow/example_dags/example_task_group_decorator.py
[2025-09-19T04:23:11.758+0000] {processor.py:840} INFO - DAG(s) 'example_task_group_decorator' retrieved from /home/airflow/.local/lib/python3.8/site-packages/airflow/example_dags/example_task_group_decorator.py
[2025-09-19T04:23:11.803+0000] {logging_mixin.py:188} INFO - [2025-09-19T04:23:11.802+0000] {dag.py:3036} INFO - Sync 1 DAGs
[2025-09-19T04:23:11.842+0000] {logging_mixin.py:188} INFO - [2025-09-19T04:23:11.841+0000] {dag.py:3823} INFO - Setting next_dagrun for example_task_group_decorator to 2025-09-18 00:00:00+00:00, run_after=2025-09-19 00:00:00+00:00
[2025-09-19T04:23:11.877+0000] {processor.py:183} INFO - Processing /home/airflow/.local/lib/python3.8/site-packages/airflow/example_dags/example_task_group_decorator.py took 0.157 seconds
[2025-09-19T04:23:42.296+0000] {processor.py:161} INFO - Started process (PID=1892) to work on /home/airflow/.local/lib/python3.8/site-packages/airflow/example_dags/example_task_group_decorator.py
[2025-09-19T04:23:42.298+0000] {processor.py:830} INFO - Processing file /home/airflow/.local/lib/python3.8/site-packages/airflow/example_dags/example_task_group_decorator.py for tasks to queue
[2025-09-19T04:23:42.301+0000] {logging_mixin.py:188} INFO - [2025-09-19T04:23:42.301+0000] {dagbag.py:538} INFO - Filling up the DagBag from /home/airflow/.local/lib/python3.8/site-packages/airflow/example_dags/example_task_group_decorator.py
[2025-09-19T04:23:42.328+0000] {processor.py:840} INFO - DAG(s) 'example_task_group_decorator' retrieved from /home/airflow/.local/lib/python3.8/site-packages/airflow/example_dags/example_task_group_decorator.py
[2025-09-19T04:23:42.372+0000] {logging_mixin.py:188} INFO - [2025-09-19T04:23:42.372+0000] {dag.py:3036} INFO - Sync 1 DAGs
[2025-09-19T04:23:42.411+0000] {logging_mixin.py:188} INFO - [2025-09-19T04:23:42.411+0000] {dag.py:3823} INFO - Setting next_dagrun for example_task_group_decorator to 2025-09-18 00:00:00+00:00, run_after=2025-09-19 00:00:00+00:00
[2025-09-19T04:23:42.447+0000] {processor.py:183} INFO - Processing /home/airflow/.local/lib/python3.8/site-packages/airflow/example_dags/example_task_group_decorator.py took 0.157 seconds
[2025-09-19T04:24:12.676+0000] {processor.py:161} INFO - Started process (PID=1947) to work on /home/airflow/.local/lib/python3.8/site-packages/airflow/example_dags/example_task_group_decorator.py
[2025-09-19T04:24:12.678+0000] {processor.py:830} INFO - Processing file /home/airflow/.local/lib/python3.8/site-packages/airflow/example_dags/example_task_group_decorator.py for tasks to queue
[2025-09-19T04:24:12.681+0000] {logging_mixin.py:188} INFO - [2025-09-19T04:24:12.680+0000] {dagbag.py:538} INFO - Filling up the DagBag from /home/airflow/.local/lib/python3.8/site-packages/airflow/example_dags/example_task_group_decorator.py
[2025-09-19T04:24:12.713+0000] {processor.py:840} INFO - DAG(s) 'example_task_group_decorator' retrieved from /home/airflow/.local/lib/python3.8/site-packages/airflow/example_dags/example_task_group_decorator.py
[2025-09-19T04:24:12.770+0000] {logging_mixin.py:188} INFO - [2025-09-19T04:24:12.770+0000] {dag.py:3036} INFO - Sync 1 DAGs
[2025-09-19T04:24:12.817+0000] {logging_mixin.py:188} INFO - [2025-09-19T04:24:12.817+0000] {dag.py:3823} INFO - Setting next_dagrun for example_task_group_decorator to 2025-09-18 00:00:00+00:00, run_after=2025-09-19 00:00:00+00:00
[2025-09-19T04:24:12.849+0000] {processor.py:183} INFO - Processing /home/airflow/.local/lib/python3.8/site-packages/airflow/example_dags/example_task_group_decorator.py took 0.180 seconds
[2025-09-19T04:24:43.024+0000] {processor.py:161} INFO - Started process (PID=2003) to work on /home/airflow/.local/lib/python3.8/site-packages/airflow/example_dags/example_task_group_decorator.py
[2025-09-19T04:24:43.026+0000] {processor.py:830} INFO - Processing file /home/airflow/.local/lib/python3.8/site-packages/airflow/example_dags/example_task_group_decorator.py for tasks to queue
[2025-09-19T04:24:43.030+0000] {logging_mixin.py:188} INFO - [2025-09-19T04:24:43.030+0000] {dagbag.py:538} INFO - Filling up the DagBag from /home/airflow/.local/lib/python3.8/site-packages/airflow/example_dags/example_task_group_decorator.py
[2025-09-19T04:24:43.065+0000] {processor.py:840} INFO - DAG(s) 'example_task_group_decorator' retrieved from /home/airflow/.local/lib/python3.8/site-packages/airflow/example_dags/example_task_group_decorator.py
[2025-09-19T04:24:43.110+0000] {logging_mixin.py:188} INFO - [2025-09-19T04:24:43.110+0000] {dag.py:3036} INFO - Sync 1 DAGs
[2025-09-19T04:24:43.151+0000] {logging_mixin.py:188} INFO - [2025-09-19T04:24:43.150+0000] {dag.py:3823} INFO - Setting next_dagrun for example_task_group_decorator to 2025-09-18 00:00:00+00:00, run_after=2025-09-19 00:00:00+00:00
[2025-09-19T04:24:43.184+0000] {processor.py:183} INFO - Processing /home/airflow/.local/lib/python3.8/site-packages/airflow/example_dags/example_task_group_decorator.py took 0.167 seconds
[2025-09-19T04:25:13.388+0000] {processor.py:161} INFO - Started process (PID=2058) to work on /home/airflow/.local/lib/python3.8/site-packages/airflow/example_dags/example_task_group_decorator.py
[2025-09-19T04:25:13.390+0000] {processor.py:830} INFO - Processing file /home/airflow/.local/lib/python3.8/site-packages/airflow/example_dags/example_task_group_decorator.py for tasks to queue
[2025-09-19T04:25:13.394+0000] {logging_mixin.py:188} INFO - [2025-09-19T04:25:13.393+0000] {dagbag.py:538} INFO - Filling up the DagBag from /home/airflow/.local/lib/python3.8/site-packages/airflow/example_dags/example_task_group_decorator.py
[2025-09-19T04:25:13.428+0000] {processor.py:840} INFO - DAG(s) 'example_task_group_decorator' retrieved from /home/airflow/.local/lib/python3.8/site-packages/airflow/example_dags/example_task_group_decorator.py
[2025-09-19T04:25:13.477+0000] {logging_mixin.py:188} INFO - [2025-09-19T04:25:13.476+0000] {dag.py:3036} INFO - Sync 1 DAGs
[2025-09-19T04:25:13.521+0000] {logging_mixin.py:188} INFO - [2025-09-19T04:25:13.520+0000] {dag.py:3823} INFO - Setting next_dagrun for example_task_group_decorator to 2025-09-18 00:00:00+00:00, run_after=2025-09-19 00:00:00+00:00
[2025-09-19T04:25:13.562+0000] {processor.py:183} INFO - Processing /home/airflow/.local/lib/python3.8/site-packages/airflow/example_dags/example_task_group_decorator.py took 0.179 seconds
[2025-09-19T04:25:43.604+0000] {processor.py:161} INFO - Started process (PID=2113) to work on /home/airflow/.local/lib/python3.8/site-packages/airflow/example_dags/example_task_group_decorator.py
[2025-09-19T04:25:43.606+0000] {processor.py:830} INFO - Processing file /home/airflow/.local/lib/python3.8/site-packages/airflow/example_dags/example_task_group_decorator.py for tasks to queue
[2025-09-19T04:25:43.610+0000] {logging_mixin.py:188} INFO - [2025-09-19T04:25:43.610+0000] {dagbag.py:538} INFO - Filling up the DagBag from /home/airflow/.local/lib/python3.8/site-packages/airflow/example_dags/example_task_group_decorator.py
[2025-09-19T04:25:43.638+0000] {processor.py:840} INFO - DAG(s) 'example_task_group_decorator' retrieved from /home/airflow/.local/lib/python3.8/site-packages/airflow/example_dags/example_task_group_decorator.py
[2025-09-19T04:25:43.684+0000] {logging_mixin.py:188} INFO - [2025-09-19T04:25:43.683+0000] {dag.py:3036} INFO - Sync 1 DAGs
[2025-09-19T04:25:43.726+0000] {logging_mixin.py:188} INFO - [2025-09-19T04:25:43.726+0000] {dag.py:3823} INFO - Setting next_dagrun for example_task_group_decorator to 2025-09-18 00:00:00+00:00, run_after=2025-09-19 00:00:00+00:00
[2025-09-19T04:25:43.761+0000] {processor.py:183} INFO - Processing /home/airflow/.local/lib/python3.8/site-packages/airflow/example_dags/example_task_group_decorator.py took 0.164 seconds
[2025-09-19T04:26:14.204+0000] {processor.py:161} INFO - Started process (PID=2168) to work on /home/airflow/.local/lib/python3.8/site-packages/airflow/example_dags/example_task_group_decorator.py
[2025-09-19T04:26:14.206+0000] {processor.py:830} INFO - Processing file /home/airflow/.local/lib/python3.8/site-packages/airflow/example_dags/example_task_group_decorator.py for tasks to queue
[2025-09-19T04:26:14.209+0000] {logging_mixin.py:188} INFO - [2025-09-19T04:26:14.209+0000] {dagbag.py:538} INFO - Filling up the DagBag from /home/airflow/.local/lib/python3.8/site-packages/airflow/example_dags/example_task_group_decorator.py
[2025-09-19T04:26:14.237+0000] {processor.py:840} INFO - DAG(s) 'example_task_group_decorator' retrieved from /home/airflow/.local/lib/python3.8/site-packages/airflow/example_dags/example_task_group_decorator.py
[2025-09-19T04:26:14.284+0000] {logging_mixin.py:188} INFO - [2025-09-19T04:26:14.283+0000] {dag.py:3036} INFO - Sync 1 DAGs
[2025-09-19T04:26:14.324+0000] {logging_mixin.py:188} INFO - [2025-09-19T04:26:14.323+0000] {dag.py:3823} INFO - Setting next_dagrun for example_task_group_decorator to 2025-09-18 00:00:00+00:00, run_after=2025-09-19 00:00:00+00:00
[2025-09-19T04:26:14.359+0000] {processor.py:183} INFO - Processing /home/airflow/.local/lib/python3.8/site-packages/airflow/example_dags/example_task_group_decorator.py took 0.161 seconds
[2025-09-19T04:26:44.942+0000] {processor.py:161} INFO - Started process (PID=2223) to work on /home/airflow/.local/lib/python3.8/site-packages/airflow/example_dags/example_task_group_decorator.py
[2025-09-19T04:26:44.944+0000] {processor.py:830} INFO - Processing file /home/airflow/.local/lib/python3.8/site-packages/airflow/example_dags/example_task_group_decorator.py for tasks to queue
[2025-09-19T04:26:44.948+0000] {logging_mixin.py:188} INFO - [2025-09-19T04:26:44.948+0000] {dagbag.py:538} INFO - Filling up the DagBag from /home/airflow/.local/lib/python3.8/site-packages/airflow/example_dags/example_task_group_decorator.py
[2025-09-19T04:26:44.976+0000] {processor.py:840} INFO - DAG(s) 'example_task_group_decorator' retrieved from /home/airflow/.local/lib/python3.8/site-packages/airflow/example_dags/example_task_group_decorator.py
[2025-09-19T04:26:45.021+0000] {logging_mixin.py:188} INFO - [2025-09-19T04:26:45.021+0000] {dag.py:3036} INFO - Sync 1 DAGs
[2025-09-19T04:26:45.063+0000] {logging_mixin.py:188} INFO - [2025-09-19T04:26:45.063+0000] {dag.py:3823} INFO - Setting next_dagrun for example_task_group_decorator to 2025-09-18 00:00:00+00:00, run_after=2025-09-19 00:00:00+00:00
[2025-09-19T04:26:45.103+0000] {processor.py:183} INFO - Processing /home/airflow/.local/lib/python3.8/site-packages/airflow/example_dags/example_task_group_decorator.py took 0.167 seconds
[2025-09-19T04:27:15.186+0000] {processor.py:161} INFO - Started process (PID=2278) to work on /home/airflow/.local/lib/python3.8/site-packages/airflow/example_dags/example_task_group_decorator.py
[2025-09-19T04:27:15.188+0000] {processor.py:830} INFO - Processing file /home/airflow/.local/lib/python3.8/site-packages/airflow/example_dags/example_task_group_decorator.py for tasks to queue
[2025-09-19T04:27:15.192+0000] {logging_mixin.py:188} INFO - [2025-09-19T04:27:15.191+0000] {dagbag.py:538} INFO - Filling up the DagBag from /home/airflow/.local/lib/python3.8/site-packages/airflow/example_dags/example_task_group_decorator.py
[2025-09-19T04:27:15.220+0000] {processor.py:840} INFO - DAG(s) 'example_task_group_decorator' retrieved from /home/airflow/.local/lib/python3.8/site-packages/airflow/example_dags/example_task_group_decorator.py
[2025-09-19T04:27:15.265+0000] {logging_mixin.py:188} INFO - [2025-09-19T04:27:15.265+0000] {dag.py:3036} INFO - Sync 1 DAGs
[2025-09-19T04:27:15.306+0000] {logging_mixin.py:188} INFO - [2025-09-19T04:27:15.305+0000] {dag.py:3823} INFO - Setting next_dagrun for example_task_group_decorator to 2025-09-18 00:00:00+00:00, run_after=2025-09-19 00:00:00+00:00
[2025-09-19T04:27:15.344+0000] {processor.py:183} INFO - Processing /home/airflow/.local/lib/python3.8/site-packages/airflow/example_dags/example_task_group_decorator.py took 0.163 seconds
[2025-09-19T04:27:45.581+0000] {processor.py:161} INFO - Started process (PID=2333) to work on /home/airflow/.local/lib/python3.8/site-packages/airflow/example_dags/example_task_group_decorator.py
[2025-09-19T04:27:45.584+0000] {processor.py:830} INFO - Processing file /home/airflow/.local/lib/python3.8/site-packages/airflow/example_dags/example_task_group_decorator.py for tasks to queue
[2025-09-19T04:27:45.589+0000] {logging_mixin.py:188} INFO - [2025-09-19T04:27:45.588+0000] {dagbag.py:538} INFO - Filling up the DagBag from /home/airflow/.local/lib/python3.8/site-packages/airflow/example_dags/example_task_group_decorator.py
[2025-09-19T04:27:45.624+0000] {processor.py:840} INFO - DAG(s) 'example_task_group_decorator' retrieved from /home/airflow/.local/lib/python3.8/site-packages/airflow/example_dags/example_task_group_decorator.py
[2025-09-19T04:27:45.675+0000] {logging_mixin.py:188} INFO - [2025-09-19T04:27:45.675+0000] {dag.py:3036} INFO - Sync 1 DAGs
[2025-09-19T04:27:45.721+0000] {logging_mixin.py:188} INFO - [2025-09-19T04:27:45.720+0000] {dag.py:3823} INFO - Setting next_dagrun for example_task_group_decorator to 2025-09-18 00:00:00+00:00, run_after=2025-09-19 00:00:00+00:00
[2025-09-19T04:27:45.764+0000] {processor.py:183} INFO - Processing /home/airflow/.local/lib/python3.8/site-packages/airflow/example_dags/example_task_group_decorator.py took 0.189 seconds
[2025-09-19T04:28:16.008+0000] {processor.py:161} INFO - Started process (PID=2388) to work on /home/airflow/.local/lib/python3.8/site-packages/airflow/example_dags/example_task_group_decorator.py
[2025-09-19T04:28:16.010+0000] {processor.py:830} INFO - Processing file /home/airflow/.local/lib/python3.8/site-packages/airflow/example_dags/example_task_group_decorator.py for tasks to queue
[2025-09-19T04:28:16.014+0000] {logging_mixin.py:188} INFO - [2025-09-19T04:28:16.014+0000] {dagbag.py:538} INFO - Filling up the DagBag from /home/airflow/.local/lib/python3.8/site-packages/airflow/example_dags/example_task_group_decorator.py
[2025-09-19T04:28:16.042+0000] {processor.py:840} INFO - DAG(s) 'example_task_group_decorator' retrieved from /home/airflow/.local/lib/python3.8/site-packages/airflow/example_dags/example_task_group_decorator.py
[2025-09-19T04:28:16.096+0000] {logging_mixin.py:188} INFO - [2025-09-19T04:28:16.096+0000] {dag.py:3036} INFO - Sync 1 DAGs
[2025-09-19T04:28:16.141+0000] {logging_mixin.py:188} INFO - [2025-09-19T04:28:16.140+0000] {dag.py:3823} INFO - Setting next_dagrun for example_task_group_decorator to 2025-09-18 00:00:00+00:00, run_after=2025-09-19 00:00:00+00:00
[2025-09-19T04:28:16.185+0000] {processor.py:183} INFO - Processing /home/airflow/.local/lib/python3.8/site-packages/airflow/example_dags/example_task_group_decorator.py took 0.183 seconds
[2025-09-19T04:28:46.673+0000] {processor.py:161} INFO - Started process (PID=2443) to work on /home/airflow/.local/lib/python3.8/site-packages/airflow/example_dags/example_task_group_decorator.py
[2025-09-19T04:28:46.675+0000] {processor.py:830} INFO - Processing file /home/airflow/.local/lib/python3.8/site-packages/airflow/example_dags/example_task_group_decorator.py for tasks to queue
[2025-09-19T04:28:46.679+0000] {logging_mixin.py:188} INFO - [2025-09-19T04:28:46.678+0000] {dagbag.py:538} INFO - Filling up the DagBag from /home/airflow/.local/lib/python3.8/site-packages/airflow/example_dags/example_task_group_decorator.py
[2025-09-19T04:28:46.708+0000] {processor.py:840} INFO - DAG(s) 'example_task_group_decorator' retrieved from /home/airflow/.local/lib/python3.8/site-packages/airflow/example_dags/example_task_group_decorator.py
[2025-09-19T04:28:46.753+0000] {logging_mixin.py:188} INFO - [2025-09-19T04:28:46.753+0000] {dag.py:3036} INFO - Sync 1 DAGs
[2025-09-19T04:28:46.795+0000] {logging_mixin.py:188} INFO - [2025-09-19T04:28:46.794+0000] {dag.py:3823} INFO - Setting next_dagrun for example_task_group_decorator to 2025-09-18 00:00:00+00:00, run_after=2025-09-19 00:00:00+00:00
[2025-09-19T04:28:46.834+0000] {processor.py:183} INFO - Processing /home/airflow/.local/lib/python3.8/site-packages/airflow/example_dags/example_task_group_decorator.py took 0.168 seconds
[2025-09-19T04:29:17.020+0000] {processor.py:161} INFO - Started process (PID=2498) to work on /home/airflow/.local/lib/python3.8/site-packages/airflow/example_dags/example_task_group_decorator.py
[2025-09-19T04:29:17.022+0000] {processor.py:830} INFO - Processing file /home/airflow/.local/lib/python3.8/site-packages/airflow/example_dags/example_task_group_decorator.py for tasks to queue
[2025-09-19T04:29:17.025+0000] {logging_mixin.py:188} INFO - [2025-09-19T04:29:17.025+0000] {dagbag.py:538} INFO - Filling up the DagBag from /home/airflow/.local/lib/python3.8/site-packages/airflow/example_dags/example_task_group_decorator.py
[2025-09-19T04:29:17.053+0000] {processor.py:840} INFO - DAG(s) 'example_task_group_decorator' retrieved from /home/airflow/.local/lib/python3.8/site-packages/airflow/example_dags/example_task_group_decorator.py
[2025-09-19T04:29:17.098+0000] {logging_mixin.py:188} INFO - [2025-09-19T04:29:17.097+0000] {dag.py:3036} INFO - Sync 1 DAGs
[2025-09-19T04:29:17.136+0000] {logging_mixin.py:188} INFO - [2025-09-19T04:29:17.136+0000] {dag.py:3823} INFO - Setting next_dagrun for example_task_group_decorator to 2025-09-18 00:00:00+00:00, run_after=2025-09-19 00:00:00+00:00
[2025-09-19T04:29:17.170+0000] {processor.py:183} INFO - Processing /home/airflow/.local/lib/python3.8/site-packages/airflow/example_dags/example_task_group_decorator.py took 0.155 seconds
[2025-09-19T04:29:47.301+0000] {processor.py:161} INFO - Started process (PID=2553) to work on /home/airflow/.local/lib/python3.8/site-packages/airflow/example_dags/example_task_group_decorator.py
[2025-09-19T04:29:47.303+0000] {processor.py:830} INFO - Processing file /home/airflow/.local/lib/python3.8/site-packages/airflow/example_dags/example_task_group_decorator.py for tasks to queue
[2025-09-19T04:29:47.306+0000] {logging_mixin.py:188} INFO - [2025-09-19T04:29:47.306+0000] {dagbag.py:538} INFO - Filling up the DagBag from /home/airflow/.local/lib/python3.8/site-packages/airflow/example_dags/example_task_group_decorator.py
[2025-09-19T04:29:47.334+0000] {processor.py:840} INFO - DAG(s) 'example_task_group_decorator' retrieved from /home/airflow/.local/lib/python3.8/site-packages/airflow/example_dags/example_task_group_decorator.py
[2025-09-19T04:29:47.379+0000] {logging_mixin.py:188} INFO - [2025-09-19T04:29:47.379+0000] {dag.py:3036} INFO - Sync 1 DAGs
[2025-09-19T04:29:47.419+0000] {logging_mixin.py:188} INFO - [2025-09-19T04:29:47.419+0000] {dag.py:3823} INFO - Setting next_dagrun for example_task_group_decorator to 2025-09-18 00:00:00+00:00, run_after=2025-09-19 00:00:00+00:00
[2025-09-19T04:29:47.454+0000] {processor.py:183} INFO - Processing /home/airflow/.local/lib/python3.8/site-packages/airflow/example_dags/example_task_group_decorator.py took 0.159 seconds
[2025-09-19T04:30:18.116+0000] {processor.py:161} INFO - Started process (PID=2608) to work on /home/airflow/.local/lib/python3.8/site-packages/airflow/example_dags/example_task_group_decorator.py
[2025-09-19T04:30:18.118+0000] {processor.py:830} INFO - Processing file /home/airflow/.local/lib/python3.8/site-packages/airflow/example_dags/example_task_group_decorator.py for tasks to queue
[2025-09-19T04:30:18.121+0000] {logging_mixin.py:188} INFO - [2025-09-19T04:30:18.121+0000] {dagbag.py:538} INFO - Filling up the DagBag from /home/airflow/.local/lib/python3.8/site-packages/airflow/example_dags/example_task_group_decorator.py
[2025-09-19T04:30:18.160+0000] {processor.py:840} INFO - DAG(s) 'example_task_group_decorator' retrieved from /home/airflow/.local/lib/python3.8/site-packages/airflow/example_dags/example_task_group_decorator.py
[2025-09-19T04:30:18.222+0000] {logging_mixin.py:188} INFO - [2025-09-19T04:30:18.222+0000] {dag.py:3036} INFO - Sync 1 DAGs
[2025-09-19T04:30:18.280+0000] {logging_mixin.py:188} INFO - [2025-09-19T04:30:18.280+0000] {dag.py:3823} INFO - Setting next_dagrun for example_task_group_decorator to 2025-09-18 00:00:00+00:00, run_after=2025-09-19 00:00:00+00:00
[2025-09-19T04:30:18.323+0000] {processor.py:183} INFO - Processing /home/airflow/.local/lib/python3.8/site-packages/airflow/example_dags/example_task_group_decorator.py took 0.215 seconds
[2025-09-19T04:30:48.499+0000] {processor.py:161} INFO - Started process (PID=2663) to work on /home/airflow/.local/lib/python3.8/site-packages/airflow/example_dags/example_task_group_decorator.py
[2025-09-19T04:30:48.502+0000] {processor.py:830} INFO - Processing file /home/airflow/.local/lib/python3.8/site-packages/airflow/example_dags/example_task_group_decorator.py for tasks to queue
[2025-09-19T04:30:48.506+0000] {logging_mixin.py:188} INFO - [2025-09-19T04:30:48.506+0000] {dagbag.py:538} INFO - Filling up the DagBag from /home/airflow/.local/lib/python3.8/site-packages/airflow/example_dags/example_task_group_decorator.py
[2025-09-19T04:30:48.534+0000] {processor.py:840} INFO - DAG(s) 'example_task_group_decorator' retrieved from /home/airflow/.local/lib/python3.8/site-packages/airflow/example_dags/example_task_group_decorator.py
[2025-09-19T04:30:48.580+0000] {logging_mixin.py:188} INFO - [2025-09-19T04:30:48.579+0000] {dag.py:3036} INFO - Sync 1 DAGs
[2025-09-19T04:30:48.620+0000] {logging_mixin.py:188} INFO - [2025-09-19T04:30:48.620+0000] {dag.py:3823} INFO - Setting next_dagrun for example_task_group_decorator to 2025-09-18 00:00:00+00:00, run_after=2025-09-19 00:00:00+00:00
[2025-09-19T04:30:48.657+0000] {processor.py:183} INFO - Processing /home/airflow/.local/lib/python3.8/site-packages/airflow/example_dags/example_task_group_decorator.py took 0.166 seconds
[2025-09-19T04:31:19.243+0000] {processor.py:161} INFO - Started process (PID=2718) to work on /home/airflow/.local/lib/python3.8/site-packages/airflow/example_dags/example_task_group_decorator.py
[2025-09-19T04:31:19.245+0000] {processor.py:830} INFO - Processing file /home/airflow/.local/lib/python3.8/site-packages/airflow/example_dags/example_task_group_decorator.py for tasks to queue
[2025-09-19T04:31:19.249+0000] {logging_mixin.py:188} INFO - [2025-09-19T04:31:19.248+0000] {dagbag.py:538} INFO - Filling up the DagBag from /home/airflow/.local/lib/python3.8/site-packages/airflow/example_dags/example_task_group_decorator.py
[2025-09-19T04:31:19.277+0000] {processor.py:840} INFO - DAG(s) 'example_task_group_decorator' retrieved from /home/airflow/.local/lib/python3.8/site-packages/airflow/example_dags/example_task_group_decorator.py
[2025-09-19T04:31:19.322+0000] {logging_mixin.py:188} INFO - [2025-09-19T04:31:19.322+0000] {dag.py:3036} INFO - Sync 1 DAGs
[2025-09-19T04:31:19.365+0000] {logging_mixin.py:188} INFO - [2025-09-19T04:31:19.365+0000] {dag.py:3823} INFO - Setting next_dagrun for example_task_group_decorator to 2025-09-18 00:00:00+00:00, run_after=2025-09-19 00:00:00+00:00
[2025-09-19T04:31:19.401+0000] {processor.py:183} INFO - Processing /home/airflow/.local/lib/python3.8/site-packages/airflow/example_dags/example_task_group_decorator.py took 0.164 seconds
[2025-09-19T04:31:50.296+0000] {processor.py:161} INFO - Started process (PID=2773) to work on /home/airflow/.local/lib/python3.8/site-packages/airflow/example_dags/example_task_group_decorator.py
[2025-09-19T04:31:50.298+0000] {processor.py:830} INFO - Processing file /home/airflow/.local/lib/python3.8/site-packages/airflow/example_dags/example_task_group_decorator.py for tasks to queue
[2025-09-19T04:31:50.303+0000] {logging_mixin.py:188} INFO - [2025-09-19T04:31:50.302+0000] {dagbag.py:538} INFO - Filling up the DagBag from /home/airflow/.local/lib/python3.8/site-packages/airflow/example_dags/example_task_group_decorator.py
[2025-09-19T04:31:50.333+0000] {processor.py:840} INFO - DAG(s) 'example_task_group_decorator' retrieved from /home/airflow/.local/lib/python3.8/site-packages/airflow/example_dags/example_task_group_decorator.py
[2025-09-19T04:31:50.379+0000] {logging_mixin.py:188} INFO - [2025-09-19T04:31:50.378+0000] {dag.py:3036} INFO - Sync 1 DAGs
[2025-09-19T04:31:50.422+0000] {logging_mixin.py:188} INFO - [2025-09-19T04:31:50.421+0000] {dag.py:3823} INFO - Setting next_dagrun for example_task_group_decorator to 2025-09-18 00:00:00+00:00, run_after=2025-09-19 00:00:00+00:00
[2025-09-19T04:31:50.461+0000] {processor.py:183} INFO - Processing /home/airflow/.local/lib/python3.8/site-packages/airflow/example_dags/example_task_group_decorator.py took 0.173 seconds
[2025-09-19T04:32:21.530+0000] {processor.py:161} INFO - Started process (PID=2828) to work on /home/airflow/.local/lib/python3.8/site-packages/airflow/example_dags/example_task_group_decorator.py
[2025-09-19T04:32:21.532+0000] {processor.py:830} INFO - Processing file /home/airflow/.local/lib/python3.8/site-packages/airflow/example_dags/example_task_group_decorator.py for tasks to queue
[2025-09-19T04:32:21.538+0000] {logging_mixin.py:188} INFO - [2025-09-19T04:32:21.537+0000] {dagbag.py:538} INFO - Filling up the DagBag from /home/airflow/.local/lib/python3.8/site-packages/airflow/example_dags/example_task_group_decorator.py
[2025-09-19T04:32:21.574+0000] {processor.py:840} INFO - DAG(s) 'example_task_group_decorator' retrieved from /home/airflow/.local/lib/python3.8/site-packages/airflow/example_dags/example_task_group_decorator.py
[2025-09-19T04:32:21.620+0000] {logging_mixin.py:188} INFO - [2025-09-19T04:32:21.619+0000] {dag.py:3036} INFO - Sync 1 DAGs
[2025-09-19T04:32:21.835+0000] {logging_mixin.py:188} INFO - [2025-09-19T04:32:21.834+0000] {dag.py:3823} INFO - Setting next_dagrun for example_task_group_decorator to 2025-09-18 00:00:00+00:00, run_after=2025-09-19 00:00:00+00:00
[2025-09-19T04:32:21.875+0000] {processor.py:183} INFO - Processing /home/airflow/.local/lib/python3.8/site-packages/airflow/example_dags/example_task_group_decorator.py took 0.351 seconds
[2025-09-19T04:32:51.983+0000] {processor.py:161} INFO - Started process (PID=2883) to work on /home/airflow/.local/lib/python3.8/site-packages/airflow/example_dags/example_task_group_decorator.py
[2025-09-19T04:32:51.986+0000] {processor.py:830} INFO - Processing file /home/airflow/.local/lib/python3.8/site-packages/airflow/example_dags/example_task_group_decorator.py for tasks to queue
[2025-09-19T04:32:51.992+0000] {logging_mixin.py:188} INFO - [2025-09-19T04:32:51.991+0000] {dagbag.py:538} INFO - Filling up the DagBag from /home/airflow/.local/lib/python3.8/site-packages/airflow/example_dags/example_task_group_decorator.py
[2025-09-19T04:32:52.022+0000] {processor.py:840} INFO - DAG(s) 'example_task_group_decorator' retrieved from /home/airflow/.local/lib/python3.8/site-packages/airflow/example_dags/example_task_group_decorator.py
[2025-09-19T04:32:52.070+0000] {logging_mixin.py:188} INFO - [2025-09-19T04:32:52.070+0000] {dag.py:3036} INFO - Sync 1 DAGs
[2025-09-19T04:32:52.112+0000] {logging_mixin.py:188} INFO - [2025-09-19T04:32:52.111+0000] {dag.py:3823} INFO - Setting next_dagrun for example_task_group_decorator to 2025-09-18 00:00:00+00:00, run_after=2025-09-19 00:00:00+00:00
[2025-09-19T04:32:52.147+0000] {processor.py:183} INFO - Processing /home/airflow/.local/lib/python3.8/site-packages/airflow/example_dags/example_task_group_decorator.py took 0.172 seconds
[2025-09-19T04:33:22.290+0000] {processor.py:161} INFO - Started process (PID=2938) to work on /home/airflow/.local/lib/python3.8/site-packages/airflow/example_dags/example_task_group_decorator.py
[2025-09-19T04:33:22.292+0000] {processor.py:830} INFO - Processing file /home/airflow/.local/lib/python3.8/site-packages/airflow/example_dags/example_task_group_decorator.py for tasks to queue
[2025-09-19T04:33:22.297+0000] {logging_mixin.py:188} INFO - [2025-09-19T04:33:22.296+0000] {dagbag.py:538} INFO - Filling up the DagBag from /home/airflow/.local/lib/python3.8/site-packages/airflow/example_dags/example_task_group_decorator.py
[2025-09-19T04:33:22.338+0000] {processor.py:840} INFO - DAG(s) 'example_task_group_decorator' retrieved from /home/airflow/.local/lib/python3.8/site-packages/airflow/example_dags/example_task_group_decorator.py
[2025-09-19T04:33:22.388+0000] {logging_mixin.py:188} INFO - [2025-09-19T04:33:22.388+0000] {dag.py:3036} INFO - Sync 1 DAGs
[2025-09-19T04:33:22.433+0000] {logging_mixin.py:188} INFO - [2025-09-19T04:33:22.432+0000] {dag.py:3823} INFO - Setting next_dagrun for example_task_group_decorator to 2025-09-18 00:00:00+00:00, run_after=2025-09-19 00:00:00+00:00
[2025-09-19T04:33:22.471+0000] {processor.py:183} INFO - Processing /home/airflow/.local/lib/python3.8/site-packages/airflow/example_dags/example_task_group_decorator.py took 0.186 seconds
