[2025-09-19T04:06:51.618+0000] {processor.py:161} INFO - Started process (PID=68) to work on /home/airflow/.local/lib/python3.8/site-packages/airflow/example_dags/example_setup_teardown.py
[2025-09-19T04:06:51.621+0000] {processor.py:830} INFO - Processing file /home/airflow/.local/lib/python3.8/site-packages/airflow/example_dags/example_setup_teardown.py for tasks to queue
[2025-09-19T04:06:51.625+0000] {logging_mixin.py:188} INFO - [2025-09-19T04:06:51.624+0000] {dagbag.py:538} INFO - Filling up the DagBag from /home/airflow/.local/lib/python3.8/site-packages/airflow/example_dags/example_setup_teardown.py
[2025-09-19T04:06:51.660+0000] {processor.py:840} INFO - DAG(s) 'example_setup_teardown' retrieved from /home/airflow/.local/lib/python3.8/site-packages/airflow/example_dags/example_setup_teardown.py
[2025-09-19T04:06:51.943+0000] {logging_mixin.py:188} INFO - [2025-09-19T04:06:51.942+0000] {dag.py:3036} INFO - Sync 1 DAGs
[2025-09-19T04:06:51.990+0000] {logging_mixin.py:188} INFO - [2025-09-19T04:06:51.989+0000] {dag.py:3823} INFO - Setting next_dagrun for example_setup_teardown to 2025-09-18 00:00:00+00:00, run_after=2025-09-19 00:00:00+00:00
[2025-09-19T04:06:52.030+0000] {processor.py:183} INFO - Processing /home/airflow/.local/lib/python3.8/site-packages/airflow/example_dags/example_setup_teardown.py took 0.420 seconds
[2025-09-19T04:07:22.474+0000] {processor.py:161} INFO - Started process (PID=123) to work on /home/airflow/.local/lib/python3.8/site-packages/airflow/example_dags/example_setup_teardown.py
[2025-09-19T04:07:22.476+0000] {processor.py:830} INFO - Processing file /home/airflow/.local/lib/python3.8/site-packages/airflow/example_dags/example_setup_teardown.py for tasks to queue
[2025-09-19T04:07:22.479+0000] {logging_mixin.py:188} INFO - [2025-09-19T04:07:22.479+0000] {dagbag.py:538} INFO - Filling up the DagBag from /home/airflow/.local/lib/python3.8/site-packages/airflow/example_dags/example_setup_teardown.py
[2025-09-19T04:07:22.492+0000] {processor.py:840} INFO - DAG(s) 'example_setup_teardown' retrieved from /home/airflow/.local/lib/python3.8/site-packages/airflow/example_dags/example_setup_teardown.py
[2025-09-19T04:07:22.530+0000] {logging_mixin.py:188} INFO - [2025-09-19T04:07:22.529+0000] {dag.py:3036} INFO - Sync 1 DAGs
[2025-09-19T04:07:22.571+0000] {logging_mixin.py:188} INFO - [2025-09-19T04:07:22.570+0000] {dag.py:3823} INFO - Setting next_dagrun for example_setup_teardown to 2025-09-18 00:00:00+00:00, run_after=2025-09-19 00:00:00+00:00
[2025-09-19T04:07:22.618+0000] {processor.py:183} INFO - Processing /home/airflow/.local/lib/python3.8/site-packages/airflow/example_dags/example_setup_teardown.py took 0.149 seconds
[2025-09-19T04:07:53.207+0000] {processor.py:161} INFO - Started process (PID=178) to work on /home/airflow/.local/lib/python3.8/site-packages/airflow/example_dags/example_setup_teardown.py
[2025-09-19T04:07:53.209+0000] {processor.py:830} INFO - Processing file /home/airflow/.local/lib/python3.8/site-packages/airflow/example_dags/example_setup_teardown.py for tasks to queue
[2025-09-19T04:07:53.213+0000] {logging_mixin.py:188} INFO - [2025-09-19T04:07:53.212+0000] {dagbag.py:538} INFO - Filling up the DagBag from /home/airflow/.local/lib/python3.8/site-packages/airflow/example_dags/example_setup_teardown.py
[2025-09-19T04:07:53.227+0000] {processor.py:840} INFO - DAG(s) 'example_setup_teardown' retrieved from /home/airflow/.local/lib/python3.8/site-packages/airflow/example_dags/example_setup_teardown.py
[2025-09-19T04:07:53.270+0000] {logging_mixin.py:188} INFO - [2025-09-19T04:07:53.269+0000] {dag.py:3036} INFO - Sync 1 DAGs
[2025-09-19T04:07:53.313+0000] {logging_mixin.py:188} INFO - [2025-09-19T04:07:53.312+0000] {dag.py:3823} INFO - Setting next_dagrun for example_setup_teardown to 2025-09-18 00:00:00+00:00, run_after=2025-09-19 00:00:00+00:00
[2025-09-19T04:07:53.348+0000] {processor.py:183} INFO - Processing /home/airflow/.local/lib/python3.8/site-packages/airflow/example_dags/example_setup_teardown.py took 0.147 seconds
[2025-09-19T04:08:24.023+0000] {processor.py:161} INFO - Started process (PID=233) to work on /home/airflow/.local/lib/python3.8/site-packages/airflow/example_dags/example_setup_teardown.py
[2025-09-19T04:08:24.025+0000] {processor.py:830} INFO - Processing file /home/airflow/.local/lib/python3.8/site-packages/airflow/example_dags/example_setup_teardown.py for tasks to queue
[2025-09-19T04:08:24.029+0000] {logging_mixin.py:188} INFO - [2025-09-19T04:08:24.028+0000] {dagbag.py:538} INFO - Filling up the DagBag from /home/airflow/.local/lib/python3.8/site-packages/airflow/example_dags/example_setup_teardown.py
[2025-09-19T04:08:24.041+0000] {processor.py:840} INFO - DAG(s) 'example_setup_teardown' retrieved from /home/airflow/.local/lib/python3.8/site-packages/airflow/example_dags/example_setup_teardown.py
[2025-09-19T04:08:24.083+0000] {logging_mixin.py:188} INFO - [2025-09-19T04:08:24.082+0000] {dag.py:3036} INFO - Sync 1 DAGs
[2025-09-19T04:08:24.124+0000] {logging_mixin.py:188} INFO - [2025-09-19T04:08:24.124+0000] {dag.py:3823} INFO - Setting next_dagrun for example_setup_teardown to 2025-09-18 00:00:00+00:00, run_after=2025-09-19 00:00:00+00:00
[2025-09-19T04:08:24.160+0000] {processor.py:183} INFO - Processing /home/airflow/.local/lib/python3.8/site-packages/airflow/example_dags/example_setup_teardown.py took 0.142 seconds
[2025-09-19T04:08:54.376+0000] {processor.py:161} INFO - Started process (PID=289) to work on /home/airflow/.local/lib/python3.8/site-packages/airflow/example_dags/example_setup_teardown.py
[2025-09-19T04:08:54.378+0000] {processor.py:830} INFO - Processing file /home/airflow/.local/lib/python3.8/site-packages/airflow/example_dags/example_setup_teardown.py for tasks to queue
[2025-09-19T04:08:54.381+0000] {logging_mixin.py:188} INFO - [2025-09-19T04:08:54.380+0000] {dagbag.py:538} INFO - Filling up the DagBag from /home/airflow/.local/lib/python3.8/site-packages/airflow/example_dags/example_setup_teardown.py
[2025-09-19T04:08:54.392+0000] {processor.py:840} INFO - DAG(s) 'example_setup_teardown' retrieved from /home/airflow/.local/lib/python3.8/site-packages/airflow/example_dags/example_setup_teardown.py
[2025-09-19T04:08:54.430+0000] {logging_mixin.py:188} INFO - [2025-09-19T04:08:54.430+0000] {dag.py:3036} INFO - Sync 1 DAGs
[2025-09-19T04:08:54.470+0000] {logging_mixin.py:188} INFO - [2025-09-19T04:08:54.470+0000] {dag.py:3823} INFO - Setting next_dagrun for example_setup_teardown to 2025-09-18 00:00:00+00:00, run_after=2025-09-19 00:00:00+00:00
[2025-09-19T04:08:54.505+0000] {processor.py:183} INFO - Processing /home/airflow/.local/lib/python3.8/site-packages/airflow/example_dags/example_setup_teardown.py took 0.136 seconds
[2025-09-19T04:09:24.934+0000] {processor.py:161} INFO - Started process (PID=344) to work on /home/airflow/.local/lib/python3.8/site-packages/airflow/example_dags/example_setup_teardown.py
[2025-09-19T04:09:24.936+0000] {processor.py:830} INFO - Processing file /home/airflow/.local/lib/python3.8/site-packages/airflow/example_dags/example_setup_teardown.py for tasks to queue
[2025-09-19T04:09:24.939+0000] {logging_mixin.py:188} INFO - [2025-09-19T04:09:24.939+0000] {dagbag.py:538} INFO - Filling up the DagBag from /home/airflow/.local/lib/python3.8/site-packages/airflow/example_dags/example_setup_teardown.py
[2025-09-19T04:09:24.954+0000] {processor.py:840} INFO - DAG(s) 'example_setup_teardown' retrieved from /home/airflow/.local/lib/python3.8/site-packages/airflow/example_dags/example_setup_teardown.py
[2025-09-19T04:09:24.990+0000] {logging_mixin.py:188} INFO - [2025-09-19T04:09:24.990+0000] {dag.py:3036} INFO - Sync 1 DAGs
[2025-09-19T04:09:25.030+0000] {logging_mixin.py:188} INFO - [2025-09-19T04:09:25.029+0000] {dag.py:3823} INFO - Setting next_dagrun for example_setup_teardown to 2025-09-18 00:00:00+00:00, run_after=2025-09-19 00:00:00+00:00
[2025-09-19T04:09:25.066+0000] {processor.py:183} INFO - Processing /home/airflow/.local/lib/python3.8/site-packages/airflow/example_dags/example_setup_teardown.py took 0.138 seconds
[2025-09-19T04:09:55.266+0000] {processor.py:161} INFO - Started process (PID=399) to work on /home/airflow/.local/lib/python3.8/site-packages/airflow/example_dags/example_setup_teardown.py
[2025-09-19T04:09:55.268+0000] {processor.py:830} INFO - Processing file /home/airflow/.local/lib/python3.8/site-packages/airflow/example_dags/example_setup_teardown.py for tasks to queue
[2025-09-19T04:09:55.272+0000] {logging_mixin.py:188} INFO - [2025-09-19T04:09:55.271+0000] {dagbag.py:538} INFO - Filling up the DagBag from /home/airflow/.local/lib/python3.8/site-packages/airflow/example_dags/example_setup_teardown.py
[2025-09-19T04:09:55.284+0000] {processor.py:840} INFO - DAG(s) 'example_setup_teardown' retrieved from /home/airflow/.local/lib/python3.8/site-packages/airflow/example_dags/example_setup_teardown.py
[2025-09-19T04:09:55.330+0000] {logging_mixin.py:188} INFO - [2025-09-19T04:09:55.330+0000] {dag.py:3036} INFO - Sync 1 DAGs
[2025-09-19T04:09:55.373+0000] {logging_mixin.py:188} INFO - [2025-09-19T04:09:55.373+0000] {dag.py:3823} INFO - Setting next_dagrun for example_setup_teardown to 2025-09-18 00:00:00+00:00, run_after=2025-09-19 00:00:00+00:00
[2025-09-19T04:09:55.414+0000] {processor.py:183} INFO - Processing /home/airflow/.local/lib/python3.8/site-packages/airflow/example_dags/example_setup_teardown.py took 0.154 seconds
[2025-09-19T04:10:26.063+0000] {processor.py:161} INFO - Started process (PID=454) to work on /home/airflow/.local/lib/python3.8/site-packages/airflow/example_dags/example_setup_teardown.py
[2025-09-19T04:10:26.066+0000] {processor.py:830} INFO - Processing file /home/airflow/.local/lib/python3.8/site-packages/airflow/example_dags/example_setup_teardown.py for tasks to queue
[2025-09-19T04:10:26.070+0000] {logging_mixin.py:188} INFO - [2025-09-19T04:10:26.069+0000] {dagbag.py:538} INFO - Filling up the DagBag from /home/airflow/.local/lib/python3.8/site-packages/airflow/example_dags/example_setup_teardown.py
[2025-09-19T04:10:26.087+0000] {processor.py:840} INFO - DAG(s) 'example_setup_teardown' retrieved from /home/airflow/.local/lib/python3.8/site-packages/airflow/example_dags/example_setup_teardown.py
[2025-09-19T04:10:26.133+0000] {logging_mixin.py:188} INFO - [2025-09-19T04:10:26.133+0000] {dag.py:3036} INFO - Sync 1 DAGs
[2025-09-19T04:10:26.199+0000] {logging_mixin.py:188} INFO - [2025-09-19T04:10:26.198+0000] {dag.py:3823} INFO - Setting next_dagrun for example_setup_teardown to 2025-09-18 00:00:00+00:00, run_after=2025-09-19 00:00:00+00:00
[2025-09-19T04:10:26.245+0000] {processor.py:183} INFO - Processing /home/airflow/.local/lib/python3.8/site-packages/airflow/example_dags/example_setup_teardown.py took 0.187 seconds
[2025-09-19T04:10:56.460+0000] {processor.py:161} INFO - Started process (PID=509) to work on /home/airflow/.local/lib/python3.8/site-packages/airflow/example_dags/example_setup_teardown.py
[2025-09-19T04:10:56.462+0000] {processor.py:830} INFO - Processing file /home/airflow/.local/lib/python3.8/site-packages/airflow/example_dags/example_setup_teardown.py for tasks to queue
[2025-09-19T04:10:56.466+0000] {logging_mixin.py:188} INFO - [2025-09-19T04:10:56.465+0000] {dagbag.py:538} INFO - Filling up the DagBag from /home/airflow/.local/lib/python3.8/site-packages/airflow/example_dags/example_setup_teardown.py
[2025-09-19T04:10:56.478+0000] {processor.py:840} INFO - DAG(s) 'example_setup_teardown' retrieved from /home/airflow/.local/lib/python3.8/site-packages/airflow/example_dags/example_setup_teardown.py
[2025-09-19T04:10:56.515+0000] {logging_mixin.py:188} INFO - [2025-09-19T04:10:56.514+0000] {dag.py:3036} INFO - Sync 1 DAGs
[2025-09-19T04:10:56.556+0000] {logging_mixin.py:188} INFO - [2025-09-19T04:10:56.556+0000] {dag.py:3823} INFO - Setting next_dagrun for example_setup_teardown to 2025-09-18 00:00:00+00:00, run_after=2025-09-19 00:00:00+00:00
[2025-09-19T04:10:56.593+0000] {processor.py:183} INFO - Processing /home/airflow/.local/lib/python3.8/site-packages/airflow/example_dags/example_setup_teardown.py took 0.139 seconds
[2025-09-19T04:11:27.220+0000] {processor.py:161} INFO - Started process (PID=564) to work on /home/airflow/.local/lib/python3.8/site-packages/airflow/example_dags/example_setup_teardown.py
[2025-09-19T04:11:27.222+0000] {processor.py:830} INFO - Processing file /home/airflow/.local/lib/python3.8/site-packages/airflow/example_dags/example_setup_teardown.py for tasks to queue
[2025-09-19T04:11:27.227+0000] {logging_mixin.py:188} INFO - [2025-09-19T04:11:27.226+0000] {dagbag.py:538} INFO - Filling up the DagBag from /home/airflow/.local/lib/python3.8/site-packages/airflow/example_dags/example_setup_teardown.py
[2025-09-19T04:11:27.246+0000] {processor.py:840} INFO - DAG(s) 'example_setup_teardown' retrieved from /home/airflow/.local/lib/python3.8/site-packages/airflow/example_dags/example_setup_teardown.py
[2025-09-19T04:11:27.289+0000] {logging_mixin.py:188} INFO - [2025-09-19T04:11:27.289+0000] {dag.py:3036} INFO - Sync 1 DAGs
[2025-09-19T04:11:27.343+0000] {logging_mixin.py:188} INFO - [2025-09-19T04:11:27.343+0000] {dag.py:3823} INFO - Setting next_dagrun for example_setup_teardown to 2025-09-18 00:00:00+00:00, run_after=2025-09-19 00:00:00+00:00
[2025-09-19T04:11:27.386+0000] {processor.py:183} INFO - Processing /home/airflow/.local/lib/python3.8/site-packages/airflow/example_dags/example_setup_teardown.py took 0.173 seconds
[2025-09-19T04:11:57.594+0000] {processor.py:161} INFO - Started process (PID=619) to work on /home/airflow/.local/lib/python3.8/site-packages/airflow/example_dags/example_setup_teardown.py
[2025-09-19T04:11:57.596+0000] {processor.py:830} INFO - Processing file /home/airflow/.local/lib/python3.8/site-packages/airflow/example_dags/example_setup_teardown.py for tasks to queue
[2025-09-19T04:11:57.601+0000] {logging_mixin.py:188} INFO - [2025-09-19T04:11:57.601+0000] {dagbag.py:538} INFO - Filling up the DagBag from /home/airflow/.local/lib/python3.8/site-packages/airflow/example_dags/example_setup_teardown.py
[2025-09-19T04:11:57.614+0000] {processor.py:840} INFO - DAG(s) 'example_setup_teardown' retrieved from /home/airflow/.local/lib/python3.8/site-packages/airflow/example_dags/example_setup_teardown.py
[2025-09-19T04:11:57.651+0000] {logging_mixin.py:188} INFO - [2025-09-19T04:11:57.650+0000] {dag.py:3036} INFO - Sync 1 DAGs
[2025-09-19T04:11:57.691+0000] {logging_mixin.py:188} INFO - [2025-09-19T04:11:57.691+0000] {dag.py:3823} INFO - Setting next_dagrun for example_setup_teardown to 2025-09-18 00:00:00+00:00, run_after=2025-09-19 00:00:00+00:00
[2025-09-19T04:11:57.729+0000] {processor.py:183} INFO - Processing /home/airflow/.local/lib/python3.8/site-packages/airflow/example_dags/example_setup_teardown.py took 0.142 seconds
[2025-09-19T04:12:27.823+0000] {processor.py:161} INFO - Started process (PID=674) to work on /home/airflow/.local/lib/python3.8/site-packages/airflow/example_dags/example_setup_teardown.py
[2025-09-19T04:12:27.825+0000] {processor.py:830} INFO - Processing file /home/airflow/.local/lib/python3.8/site-packages/airflow/example_dags/example_setup_teardown.py for tasks to queue
[2025-09-19T04:12:27.828+0000] {logging_mixin.py:188} INFO - [2025-09-19T04:12:27.828+0000] {dagbag.py:538} INFO - Filling up the DagBag from /home/airflow/.local/lib/python3.8/site-packages/airflow/example_dags/example_setup_teardown.py
[2025-09-19T04:12:27.841+0000] {processor.py:840} INFO - DAG(s) 'example_setup_teardown' retrieved from /home/airflow/.local/lib/python3.8/site-packages/airflow/example_dags/example_setup_teardown.py
[2025-09-19T04:12:27.879+0000] {logging_mixin.py:188} INFO - [2025-09-19T04:12:27.878+0000] {dag.py:3036} INFO - Sync 1 DAGs
[2025-09-19T04:12:27.920+0000] {logging_mixin.py:188} INFO - [2025-09-19T04:12:27.920+0000] {dag.py:3823} INFO - Setting next_dagrun for example_setup_teardown to 2025-09-18 00:00:00+00:00, run_after=2025-09-19 00:00:00+00:00
[2025-09-19T04:12:27.955+0000] {processor.py:183} INFO - Processing /home/airflow/.local/lib/python3.8/site-packages/airflow/example_dags/example_setup_teardown.py took 0.138 seconds
[2025-09-19T04:12:58.149+0000] {processor.py:161} INFO - Started process (PID=729) to work on /home/airflow/.local/lib/python3.8/site-packages/airflow/example_dags/example_setup_teardown.py
[2025-09-19T04:12:58.151+0000] {processor.py:830} INFO - Processing file /home/airflow/.local/lib/python3.8/site-packages/airflow/example_dags/example_setup_teardown.py for tasks to queue
[2025-09-19T04:12:58.155+0000] {logging_mixin.py:188} INFO - [2025-09-19T04:12:58.154+0000] {dagbag.py:538} INFO - Filling up the DagBag from /home/airflow/.local/lib/python3.8/site-packages/airflow/example_dags/example_setup_teardown.py
[2025-09-19T04:12:58.171+0000] {processor.py:840} INFO - DAG(s) 'example_setup_teardown' retrieved from /home/airflow/.local/lib/python3.8/site-packages/airflow/example_dags/example_setup_teardown.py
[2025-09-19T04:12:58.215+0000] {logging_mixin.py:188} INFO - [2025-09-19T04:12:58.215+0000] {dag.py:3036} INFO - Sync 1 DAGs
[2025-09-19T04:12:58.270+0000] {logging_mixin.py:188} INFO - [2025-09-19T04:12:58.269+0000] {dag.py:3823} INFO - Setting next_dagrun for example_setup_teardown to 2025-09-18 00:00:00+00:00, run_after=2025-09-19 00:00:00+00:00
[2025-09-19T04:12:58.317+0000] {processor.py:183} INFO - Processing /home/airflow/.local/lib/python3.8/site-packages/airflow/example_dags/example_setup_teardown.py took 0.175 seconds
[2025-09-19T04:13:28.830+0000] {processor.py:161} INFO - Started process (PID=784) to work on /home/airflow/.local/lib/python3.8/site-packages/airflow/example_dags/example_setup_teardown.py
[2025-09-19T04:13:28.832+0000] {processor.py:830} INFO - Processing file /home/airflow/.local/lib/python3.8/site-packages/airflow/example_dags/example_setup_teardown.py for tasks to queue
[2025-09-19T04:13:28.835+0000] {logging_mixin.py:188} INFO - [2025-09-19T04:13:28.835+0000] {dagbag.py:538} INFO - Filling up the DagBag from /home/airflow/.local/lib/python3.8/site-packages/airflow/example_dags/example_setup_teardown.py
[2025-09-19T04:13:28.847+0000] {processor.py:840} INFO - DAG(s) 'example_setup_teardown' retrieved from /home/airflow/.local/lib/python3.8/site-packages/airflow/example_dags/example_setup_teardown.py
[2025-09-19T04:13:28.885+0000] {logging_mixin.py:188} INFO - [2025-09-19T04:13:28.885+0000] {dag.py:3036} INFO - Sync 1 DAGs
[2025-09-19T04:13:28.926+0000] {logging_mixin.py:188} INFO - [2025-09-19T04:13:28.925+0000] {dag.py:3823} INFO - Setting next_dagrun for example_setup_teardown to 2025-09-18 00:00:00+00:00, run_after=2025-09-19 00:00:00+00:00
[2025-09-19T04:13:28.962+0000] {processor.py:183} INFO - Processing /home/airflow/.local/lib/python3.8/site-packages/airflow/example_dags/example_setup_teardown.py took 0.137 seconds
[2025-09-19T04:13:59.291+0000] {processor.py:161} INFO - Started process (PID=839) to work on /home/airflow/.local/lib/python3.8/site-packages/airflow/example_dags/example_setup_teardown.py
[2025-09-19T04:13:59.293+0000] {processor.py:830} INFO - Processing file /home/airflow/.local/lib/python3.8/site-packages/airflow/example_dags/example_setup_teardown.py for tasks to queue
[2025-09-19T04:13:59.296+0000] {logging_mixin.py:188} INFO - [2025-09-19T04:13:59.296+0000] {dagbag.py:538} INFO - Filling up the DagBag from /home/airflow/.local/lib/python3.8/site-packages/airflow/example_dags/example_setup_teardown.py
[2025-09-19T04:13:59.311+0000] {processor.py:840} INFO - DAG(s) 'example_setup_teardown' retrieved from /home/airflow/.local/lib/python3.8/site-packages/airflow/example_dags/example_setup_teardown.py
[2025-09-19T04:13:59.348+0000] {logging_mixin.py:188} INFO - [2025-09-19T04:13:59.347+0000] {dag.py:3036} INFO - Sync 1 DAGs
[2025-09-19T04:13:59.391+0000] {logging_mixin.py:188} INFO - [2025-09-19T04:13:59.390+0000] {dag.py:3823} INFO - Setting next_dagrun for example_setup_teardown to 2025-09-18 00:00:00+00:00, run_after=2025-09-19 00:00:00+00:00
[2025-09-19T04:13:59.427+0000] {processor.py:183} INFO - Processing /home/airflow/.local/lib/python3.8/site-packages/airflow/example_dags/example_setup_teardown.py took 0.144 seconds
[2025-09-19T04:14:29.642+0000] {processor.py:161} INFO - Started process (PID=894) to work on /home/airflow/.local/lib/python3.8/site-packages/airflow/example_dags/example_setup_teardown.py
[2025-09-19T04:14:29.644+0000] {processor.py:830} INFO - Processing file /home/airflow/.local/lib/python3.8/site-packages/airflow/example_dags/example_setup_teardown.py for tasks to queue
[2025-09-19T04:14:29.649+0000] {logging_mixin.py:188} INFO - [2025-09-19T04:14:29.648+0000] {dagbag.py:538} INFO - Filling up the DagBag from /home/airflow/.local/lib/python3.8/site-packages/airflow/example_dags/example_setup_teardown.py
[2025-09-19T04:14:29.661+0000] {processor.py:840} INFO - DAG(s) 'example_setup_teardown' retrieved from /home/airflow/.local/lib/python3.8/site-packages/airflow/example_dags/example_setup_teardown.py
[2025-09-19T04:14:29.699+0000] {logging_mixin.py:188} INFO - [2025-09-19T04:14:29.699+0000] {dag.py:3036} INFO - Sync 1 DAGs
[2025-09-19T04:14:29.741+0000] {logging_mixin.py:188} INFO - [2025-09-19T04:14:29.740+0000] {dag.py:3823} INFO - Setting next_dagrun for example_setup_teardown to 2025-09-18 00:00:00+00:00, run_after=2025-09-19 00:00:00+00:00
[2025-09-19T04:14:29.777+0000] {processor.py:183} INFO - Processing /home/airflow/.local/lib/python3.8/site-packages/airflow/example_dags/example_setup_teardown.py took 0.141 seconds
[2025-09-19T04:15:00.495+0000] {processor.py:161} INFO - Started process (PID=949) to work on /home/airflow/.local/lib/python3.8/site-packages/airflow/example_dags/example_setup_teardown.py
[2025-09-19T04:15:00.497+0000] {processor.py:830} INFO - Processing file /home/airflow/.local/lib/python3.8/site-packages/airflow/example_dags/example_setup_teardown.py for tasks to queue
[2025-09-19T04:15:00.501+0000] {logging_mixin.py:188} INFO - [2025-09-19T04:15:00.500+0000] {dagbag.py:538} INFO - Filling up the DagBag from /home/airflow/.local/lib/python3.8/site-packages/airflow/example_dags/example_setup_teardown.py
[2025-09-19T04:15:00.516+0000] {processor.py:840} INFO - DAG(s) 'example_setup_teardown' retrieved from /home/airflow/.local/lib/python3.8/site-packages/airflow/example_dags/example_setup_teardown.py
[2025-09-19T04:15:00.552+0000] {logging_mixin.py:188} INFO - [2025-09-19T04:15:00.551+0000] {dag.py:3036} INFO - Sync 1 DAGs
[2025-09-19T04:15:00.600+0000] {logging_mixin.py:188} INFO - [2025-09-19T04:15:00.600+0000] {dag.py:3823} INFO - Setting next_dagrun for example_setup_teardown to 2025-09-18 00:00:00+00:00, run_after=2025-09-19 00:00:00+00:00
[2025-09-19T04:15:00.633+0000] {processor.py:183} INFO - Processing /home/airflow/.local/lib/python3.8/site-packages/airflow/example_dags/example_setup_teardown.py took 0.145 seconds
[2025-09-19T04:15:30.844+0000] {processor.py:161} INFO - Started process (PID=1004) to work on /home/airflow/.local/lib/python3.8/site-packages/airflow/example_dags/example_setup_teardown.py
[2025-09-19T04:15:30.846+0000] {processor.py:830} INFO - Processing file /home/airflow/.local/lib/python3.8/site-packages/airflow/example_dags/example_setup_teardown.py for tasks to queue
[2025-09-19T04:15:30.850+0000] {logging_mixin.py:188} INFO - [2025-09-19T04:15:30.850+0000] {dagbag.py:538} INFO - Filling up the DagBag from /home/airflow/.local/lib/python3.8/site-packages/airflow/example_dags/example_setup_teardown.py
[2025-09-19T04:15:30.865+0000] {processor.py:840} INFO - DAG(s) 'example_setup_teardown' retrieved from /home/airflow/.local/lib/python3.8/site-packages/airflow/example_dags/example_setup_teardown.py
[2025-09-19T04:15:30.903+0000] {logging_mixin.py:188} INFO - [2025-09-19T04:15:30.903+0000] {dag.py:3036} INFO - Sync 1 DAGs
[2025-09-19T04:15:30.946+0000] {logging_mixin.py:188} INFO - [2025-09-19T04:15:30.946+0000] {dag.py:3823} INFO - Setting next_dagrun for example_setup_teardown to 2025-09-18 00:00:00+00:00, run_after=2025-09-19 00:00:00+00:00
[2025-09-19T04:15:30.988+0000] {processor.py:183} INFO - Processing /home/airflow/.local/lib/python3.8/site-packages/airflow/example_dags/example_setup_teardown.py took 0.152 seconds
[2025-09-19T04:16:01.342+0000] {processor.py:161} INFO - Started process (PID=1059) to work on /home/airflow/.local/lib/python3.8/site-packages/airflow/example_dags/example_setup_teardown.py
[2025-09-19T04:16:01.344+0000] {processor.py:830} INFO - Processing file /home/airflow/.local/lib/python3.8/site-packages/airflow/example_dags/example_setup_teardown.py for tasks to queue
[2025-09-19T04:16:01.349+0000] {logging_mixin.py:188} INFO - [2025-09-19T04:16:01.347+0000] {dagbag.py:538} INFO - Filling up the DagBag from /home/airflow/.local/lib/python3.8/site-packages/airflow/example_dags/example_setup_teardown.py
[2025-09-19T04:16:01.366+0000] {processor.py:840} INFO - DAG(s) 'example_setup_teardown' retrieved from /home/airflow/.local/lib/python3.8/site-packages/airflow/example_dags/example_setup_teardown.py
[2025-09-19T04:16:01.406+0000] {logging_mixin.py:188} INFO - [2025-09-19T04:16:01.405+0000] {dag.py:3036} INFO - Sync 1 DAGs
[2025-09-19T04:16:01.448+0000] {logging_mixin.py:188} INFO - [2025-09-19T04:16:01.448+0000] {dag.py:3823} INFO - Setting next_dagrun for example_setup_teardown to 2025-09-18 00:00:00+00:00, run_after=2025-09-19 00:00:00+00:00
[2025-09-19T04:16:01.486+0000] {processor.py:183} INFO - Processing /home/airflow/.local/lib/python3.8/site-packages/airflow/example_dags/example_setup_teardown.py took 0.151 seconds
[2025-09-19T04:16:32.110+0000] {processor.py:161} INFO - Started process (PID=1114) to work on /home/airflow/.local/lib/python3.8/site-packages/airflow/example_dags/example_setup_teardown.py
[2025-09-19T04:16:32.112+0000] {processor.py:830} INFO - Processing file /home/airflow/.local/lib/python3.8/site-packages/airflow/example_dags/example_setup_teardown.py for tasks to queue
[2025-09-19T04:16:32.116+0000] {logging_mixin.py:188} INFO - [2025-09-19T04:16:32.115+0000] {dagbag.py:538} INFO - Filling up the DagBag from /home/airflow/.local/lib/python3.8/site-packages/airflow/example_dags/example_setup_teardown.py
[2025-09-19T04:16:32.127+0000] {processor.py:840} INFO - DAG(s) 'example_setup_teardown' retrieved from /home/airflow/.local/lib/python3.8/site-packages/airflow/example_dags/example_setup_teardown.py
[2025-09-19T04:16:32.163+0000] {logging_mixin.py:188} INFO - [2025-09-19T04:16:32.163+0000] {dag.py:3036} INFO - Sync 1 DAGs
[2025-09-19T04:16:32.203+0000] {logging_mixin.py:188} INFO - [2025-09-19T04:16:32.202+0000] {dag.py:3823} INFO - Setting next_dagrun for example_setup_teardown to 2025-09-18 00:00:00+00:00, run_after=2025-09-19 00:00:00+00:00
[2025-09-19T04:16:32.242+0000] {processor.py:183} INFO - Processing /home/airflow/.local/lib/python3.8/site-packages/airflow/example_dags/example_setup_teardown.py took 0.138 seconds
[2025-09-19T04:17:02.494+0000] {processor.py:161} INFO - Started process (PID=1169) to work on /home/airflow/.local/lib/python3.8/site-packages/airflow/example_dags/example_setup_teardown.py
[2025-09-19T04:17:02.496+0000] {processor.py:830} INFO - Processing file /home/airflow/.local/lib/python3.8/site-packages/airflow/example_dags/example_setup_teardown.py for tasks to queue
[2025-09-19T04:17:02.501+0000] {logging_mixin.py:188} INFO - [2025-09-19T04:17:02.500+0000] {dagbag.py:538} INFO - Filling up the DagBag from /home/airflow/.local/lib/python3.8/site-packages/airflow/example_dags/example_setup_teardown.py
[2025-09-19T04:17:02.514+0000] {processor.py:840} INFO - DAG(s) 'example_setup_teardown' retrieved from /home/airflow/.local/lib/python3.8/site-packages/airflow/example_dags/example_setup_teardown.py
[2025-09-19T04:17:02.551+0000] {logging_mixin.py:188} INFO - [2025-09-19T04:17:02.551+0000] {dag.py:3036} INFO - Sync 1 DAGs
[2025-09-19T04:17:02.598+0000] {logging_mixin.py:188} INFO - [2025-09-19T04:17:02.597+0000] {dag.py:3823} INFO - Setting next_dagrun for example_setup_teardown to 2025-09-18 00:00:00+00:00, run_after=2025-09-19 00:00:00+00:00
[2025-09-19T04:17:02.638+0000] {processor.py:183} INFO - Processing /home/airflow/.local/lib/python3.8/site-packages/airflow/example_dags/example_setup_teardown.py took 0.151 seconds
[2025-09-19T04:17:33.139+0000] {processor.py:161} INFO - Started process (PID=1224) to work on /home/airflow/.local/lib/python3.8/site-packages/airflow/example_dags/example_setup_teardown.py
[2025-09-19T04:17:33.141+0000] {processor.py:830} INFO - Processing file /home/airflow/.local/lib/python3.8/site-packages/airflow/example_dags/example_setup_teardown.py for tasks to queue
[2025-09-19T04:17:33.144+0000] {logging_mixin.py:188} INFO - [2025-09-19T04:17:33.144+0000] {dagbag.py:538} INFO - Filling up the DagBag from /home/airflow/.local/lib/python3.8/site-packages/airflow/example_dags/example_setup_teardown.py
[2025-09-19T04:17:33.156+0000] {processor.py:840} INFO - DAG(s) 'example_setup_teardown' retrieved from /home/airflow/.local/lib/python3.8/site-packages/airflow/example_dags/example_setup_teardown.py
[2025-09-19T04:17:33.194+0000] {logging_mixin.py:188} INFO - [2025-09-19T04:17:33.193+0000] {dag.py:3036} INFO - Sync 1 DAGs
[2025-09-19T04:17:33.234+0000] {logging_mixin.py:188} INFO - [2025-09-19T04:17:33.233+0000] {dag.py:3823} INFO - Setting next_dagrun for example_setup_teardown to 2025-09-18 00:00:00+00:00, run_after=2025-09-19 00:00:00+00:00
[2025-09-19T04:17:33.271+0000] {processor.py:183} INFO - Processing /home/airflow/.local/lib/python3.8/site-packages/airflow/example_dags/example_setup_teardown.py took 0.138 seconds
[2025-09-19T04:18:03.323+0000] {processor.py:161} INFO - Started process (PID=1278) to work on /home/airflow/.local/lib/python3.8/site-packages/airflow/example_dags/example_setup_teardown.py
[2025-09-19T04:18:03.325+0000] {processor.py:830} INFO - Processing file /home/airflow/.local/lib/python3.8/site-packages/airflow/example_dags/example_setup_teardown.py for tasks to queue
[2025-09-19T04:18:03.329+0000] {logging_mixin.py:188} INFO - [2025-09-19T04:18:03.328+0000] {dagbag.py:538} INFO - Filling up the DagBag from /home/airflow/.local/lib/python3.8/site-packages/airflow/example_dags/example_setup_teardown.py
[2025-09-19T04:18:03.342+0000] {processor.py:840} INFO - DAG(s) 'example_setup_teardown' retrieved from /home/airflow/.local/lib/python3.8/site-packages/airflow/example_dags/example_setup_teardown.py
[2025-09-19T04:18:03.380+0000] {logging_mixin.py:188} INFO - [2025-09-19T04:18:03.379+0000] {dag.py:3036} INFO - Sync 1 DAGs
[2025-09-19T04:18:03.423+0000] {logging_mixin.py:188} INFO - [2025-09-19T04:18:03.423+0000] {dag.py:3823} INFO - Setting next_dagrun for example_setup_teardown to 2025-09-18 00:00:00+00:00, run_after=2025-09-19 00:00:00+00:00
[2025-09-19T04:18:03.457+0000] {processor.py:183} INFO - Processing /home/airflow/.local/lib/python3.8/site-packages/airflow/example_dags/example_setup_teardown.py took 0.140 seconds
[2025-09-19T04:18:34.053+0000] {processor.py:161} INFO - Started process (PID=1333) to work on /home/airflow/.local/lib/python3.8/site-packages/airflow/example_dags/example_setup_teardown.py
[2025-09-19T04:18:34.055+0000] {processor.py:830} INFO - Processing file /home/airflow/.local/lib/python3.8/site-packages/airflow/example_dags/example_setup_teardown.py for tasks to queue
[2025-09-19T04:18:34.058+0000] {logging_mixin.py:188} INFO - [2025-09-19T04:18:34.058+0000] {dagbag.py:538} INFO - Filling up the DagBag from /home/airflow/.local/lib/python3.8/site-packages/airflow/example_dags/example_setup_teardown.py
[2025-09-19T04:18:34.071+0000] {processor.py:840} INFO - DAG(s) 'example_setup_teardown' retrieved from /home/airflow/.local/lib/python3.8/site-packages/airflow/example_dags/example_setup_teardown.py
[2025-09-19T04:18:34.107+0000] {logging_mixin.py:188} INFO - [2025-09-19T04:18:34.107+0000] {dag.py:3036} INFO - Sync 1 DAGs
[2025-09-19T04:18:34.148+0000] {logging_mixin.py:188} INFO - [2025-09-19T04:18:34.148+0000] {dag.py:3823} INFO - Setting next_dagrun for example_setup_teardown to 2025-09-18 00:00:00+00:00, run_after=2025-09-19 00:00:00+00:00
[2025-09-19T04:18:34.183+0000] {processor.py:183} INFO - Processing /home/airflow/.local/lib/python3.8/site-packages/airflow/example_dags/example_setup_teardown.py took 0.139 seconds
[2025-09-19T04:19:04.410+0000] {processor.py:161} INFO - Started process (PID=1388) to work on /home/airflow/.local/lib/python3.8/site-packages/airflow/example_dags/example_setup_teardown.py
[2025-09-19T04:19:04.411+0000] {processor.py:830} INFO - Processing file /home/airflow/.local/lib/python3.8/site-packages/airflow/example_dags/example_setup_teardown.py for tasks to queue
[2025-09-19T04:19:04.415+0000] {logging_mixin.py:188} INFO - [2025-09-19T04:19:04.414+0000] {dagbag.py:538} INFO - Filling up the DagBag from /home/airflow/.local/lib/python3.8/site-packages/airflow/example_dags/example_setup_teardown.py
[2025-09-19T04:19:04.427+0000] {processor.py:840} INFO - DAG(s) 'example_setup_teardown' retrieved from /home/airflow/.local/lib/python3.8/site-packages/airflow/example_dags/example_setup_teardown.py
[2025-09-19T04:19:04.463+0000] {logging_mixin.py:188} INFO - [2025-09-19T04:19:04.463+0000] {dag.py:3036} INFO - Sync 1 DAGs
[2025-09-19T04:19:04.505+0000] {logging_mixin.py:188} INFO - [2025-09-19T04:19:04.504+0000] {dag.py:3823} INFO - Setting next_dagrun for example_setup_teardown to 2025-09-18 00:00:00+00:00, run_after=2025-09-19 00:00:00+00:00
[2025-09-19T04:19:04.541+0000] {processor.py:183} INFO - Processing /home/airflow/.local/lib/python3.8/site-packages/airflow/example_dags/example_setup_teardown.py took 0.137 seconds
[2025-09-19T04:19:35.070+0000] {processor.py:161} INFO - Started process (PID=1444) to work on /home/airflow/.local/lib/python3.8/site-packages/airflow/example_dags/example_setup_teardown.py
[2025-09-19T04:19:35.072+0000] {processor.py:830} INFO - Processing file /home/airflow/.local/lib/python3.8/site-packages/airflow/example_dags/example_setup_teardown.py for tasks to queue
[2025-09-19T04:19:35.076+0000] {logging_mixin.py:188} INFO - [2025-09-19T04:19:35.075+0000] {dagbag.py:538} INFO - Filling up the DagBag from /home/airflow/.local/lib/python3.8/site-packages/airflow/example_dags/example_setup_teardown.py
[2025-09-19T04:19:35.088+0000] {processor.py:840} INFO - DAG(s) 'example_setup_teardown' retrieved from /home/airflow/.local/lib/python3.8/site-packages/airflow/example_dags/example_setup_teardown.py
[2025-09-19T04:19:35.130+0000] {logging_mixin.py:188} INFO - [2025-09-19T04:19:35.130+0000] {dag.py:3036} INFO - Sync 1 DAGs
[2025-09-19T04:19:35.170+0000] {logging_mixin.py:188} INFO - [2025-09-19T04:19:35.170+0000] {dag.py:3823} INFO - Setting next_dagrun for example_setup_teardown to 2025-09-18 00:00:00+00:00, run_after=2025-09-19 00:00:00+00:00
[2025-09-19T04:19:35.208+0000] {processor.py:183} INFO - Processing /home/airflow/.local/lib/python3.8/site-packages/airflow/example_dags/example_setup_teardown.py took 0.144 seconds
[2025-09-19T04:20:05.949+0000] {processor.py:161} INFO - Started process (PID=1499) to work on /home/airflow/.local/lib/python3.8/site-packages/airflow/example_dags/example_setup_teardown.py
[2025-09-19T04:20:05.951+0000] {processor.py:830} INFO - Processing file /home/airflow/.local/lib/python3.8/site-packages/airflow/example_dags/example_setup_teardown.py for tasks to queue
[2025-09-19T04:20:05.954+0000] {logging_mixin.py:188} INFO - [2025-09-19T04:20:05.954+0000] {dagbag.py:538} INFO - Filling up the DagBag from /home/airflow/.local/lib/python3.8/site-packages/airflow/example_dags/example_setup_teardown.py
[2025-09-19T04:20:05.971+0000] {processor.py:840} INFO - DAG(s) 'example_setup_teardown' retrieved from /home/airflow/.local/lib/python3.8/site-packages/airflow/example_dags/example_setup_teardown.py
[2025-09-19T04:20:06.005+0000] {logging_mixin.py:188} INFO - [2025-09-19T04:20:06.005+0000] {dag.py:3036} INFO - Sync 1 DAGs
[2025-09-19T04:20:06.059+0000] {logging_mixin.py:188} INFO - [2025-09-19T04:20:06.058+0000] {dag.py:3823} INFO - Setting next_dagrun for example_setup_teardown to 2025-09-18 00:00:00+00:00, run_after=2025-09-19 00:00:00+00:00
[2025-09-19T04:20:06.099+0000] {processor.py:183} INFO - Processing /home/airflow/.local/lib/python3.8/site-packages/airflow/example_dags/example_setup_teardown.py took 0.157 seconds
[2025-09-19T04:20:36.355+0000] {processor.py:161} INFO - Started process (PID=1554) to work on /home/airflow/.local/lib/python3.8/site-packages/airflow/example_dags/example_setup_teardown.py
[2025-09-19T04:20:36.357+0000] {processor.py:830} INFO - Processing file /home/airflow/.local/lib/python3.8/site-packages/airflow/example_dags/example_setup_teardown.py for tasks to queue
[2025-09-19T04:20:36.360+0000] {logging_mixin.py:188} INFO - [2025-09-19T04:20:36.360+0000] {dagbag.py:538} INFO - Filling up the DagBag from /home/airflow/.local/lib/python3.8/site-packages/airflow/example_dags/example_setup_teardown.py
[2025-09-19T04:20:36.373+0000] {processor.py:840} INFO - DAG(s) 'example_setup_teardown' retrieved from /home/airflow/.local/lib/python3.8/site-packages/airflow/example_dags/example_setup_teardown.py
[2025-09-19T04:20:36.409+0000] {logging_mixin.py:188} INFO - [2025-09-19T04:20:36.409+0000] {dag.py:3036} INFO - Sync 1 DAGs
[2025-09-19T04:20:36.453+0000] {logging_mixin.py:188} INFO - [2025-09-19T04:20:36.452+0000] {dag.py:3823} INFO - Setting next_dagrun for example_setup_teardown to 2025-09-18 00:00:00+00:00, run_after=2025-09-19 00:00:00+00:00
[2025-09-19T04:20:36.488+0000] {processor.py:183} INFO - Processing /home/airflow/.local/lib/python3.8/site-packages/airflow/example_dags/example_setup_teardown.py took 0.139 seconds
[2025-09-19T04:21:07.145+0000] {processor.py:161} INFO - Started process (PID=1607) to work on /home/airflow/.local/lib/python3.8/site-packages/airflow/example_dags/example_setup_teardown.py
[2025-09-19T04:21:07.148+0000] {processor.py:830} INFO - Processing file /home/airflow/.local/lib/python3.8/site-packages/airflow/example_dags/example_setup_teardown.py for tasks to queue
[2025-09-19T04:21:07.151+0000] {logging_mixin.py:188} INFO - [2025-09-19T04:21:07.151+0000] {dagbag.py:538} INFO - Filling up the DagBag from /home/airflow/.local/lib/python3.8/site-packages/airflow/example_dags/example_setup_teardown.py
[2025-09-19T04:21:07.163+0000] {processor.py:840} INFO - DAG(s) 'example_setup_teardown' retrieved from /home/airflow/.local/lib/python3.8/site-packages/airflow/example_dags/example_setup_teardown.py
[2025-09-19T04:21:07.199+0000] {logging_mixin.py:188} INFO - [2025-09-19T04:21:07.198+0000] {dag.py:3036} INFO - Sync 1 DAGs
[2025-09-19T04:21:07.243+0000] {logging_mixin.py:188} INFO - [2025-09-19T04:21:07.243+0000] {dag.py:3823} INFO - Setting next_dagrun for example_setup_teardown to 2025-09-18 00:00:00+00:00, run_after=2025-09-19 00:00:00+00:00
[2025-09-19T04:21:07.281+0000] {processor.py:183} INFO - Processing /home/airflow/.local/lib/python3.8/site-packages/airflow/example_dags/example_setup_teardown.py took 0.143 seconds
[2025-09-19T04:21:37.560+0000] {processor.py:161} INFO - Started process (PID=1662) to work on /home/airflow/.local/lib/python3.8/site-packages/airflow/example_dags/example_setup_teardown.py
[2025-09-19T04:21:37.562+0000] {processor.py:830} INFO - Processing file /home/airflow/.local/lib/python3.8/site-packages/airflow/example_dags/example_setup_teardown.py for tasks to queue
[2025-09-19T04:21:37.565+0000] {logging_mixin.py:188} INFO - [2025-09-19T04:21:37.565+0000] {dagbag.py:538} INFO - Filling up the DagBag from /home/airflow/.local/lib/python3.8/site-packages/airflow/example_dags/example_setup_teardown.py
[2025-09-19T04:21:37.578+0000] {processor.py:840} INFO - DAG(s) 'example_setup_teardown' retrieved from /home/airflow/.local/lib/python3.8/site-packages/airflow/example_dags/example_setup_teardown.py
[2025-09-19T04:21:37.618+0000] {logging_mixin.py:188} INFO - [2025-09-19T04:21:37.618+0000] {dag.py:3036} INFO - Sync 1 DAGs
[2025-09-19T04:21:37.665+0000] {logging_mixin.py:188} INFO - [2025-09-19T04:21:37.664+0000] {dag.py:3823} INFO - Setting next_dagrun for example_setup_teardown to 2025-09-18 00:00:00+00:00, run_after=2025-09-19 00:00:00+00:00
[2025-09-19T04:21:37.701+0000] {processor.py:183} INFO - Processing /home/airflow/.local/lib/python3.8/site-packages/airflow/example_dags/example_setup_teardown.py took 0.147 seconds
[2025-09-19T04:22:07.906+0000] {processor.py:161} INFO - Started process (PID=1717) to work on /home/airflow/.local/lib/python3.8/site-packages/airflow/example_dags/example_setup_teardown.py
[2025-09-19T04:22:07.908+0000] {processor.py:830} INFO - Processing file /home/airflow/.local/lib/python3.8/site-packages/airflow/example_dags/example_setup_teardown.py for tasks to queue
[2025-09-19T04:22:07.912+0000] {logging_mixin.py:188} INFO - [2025-09-19T04:22:07.911+0000] {dagbag.py:538} INFO - Filling up the DagBag from /home/airflow/.local/lib/python3.8/site-packages/airflow/example_dags/example_setup_teardown.py
[2025-09-19T04:22:07.923+0000] {processor.py:840} INFO - DAG(s) 'example_setup_teardown' retrieved from /home/airflow/.local/lib/python3.8/site-packages/airflow/example_dags/example_setup_teardown.py
[2025-09-19T04:22:07.961+0000] {logging_mixin.py:188} INFO - [2025-09-19T04:22:07.961+0000] {dag.py:3036} INFO - Sync 1 DAGs
[2025-09-19T04:22:08.000+0000] {logging_mixin.py:188} INFO - [2025-09-19T04:22:08.000+0000] {dag.py:3823} INFO - Setting next_dagrun for example_setup_teardown to 2025-09-18 00:00:00+00:00, run_after=2025-09-19 00:00:00+00:00
[2025-09-19T04:22:08.039+0000] {processor.py:183} INFO - Processing /home/airflow/.local/lib/python3.8/site-packages/airflow/example_dags/example_setup_teardown.py took 0.138 seconds
[2025-09-19T04:22:38.265+0000] {processor.py:161} INFO - Started process (PID=1772) to work on /home/airflow/.local/lib/python3.8/site-packages/airflow/example_dags/example_setup_teardown.py
[2025-09-19T04:22:38.267+0000] {processor.py:830} INFO - Processing file /home/airflow/.local/lib/python3.8/site-packages/airflow/example_dags/example_setup_teardown.py for tasks to queue
[2025-09-19T04:22:38.270+0000] {logging_mixin.py:188} INFO - [2025-09-19T04:22:38.270+0000] {dagbag.py:538} INFO - Filling up the DagBag from /home/airflow/.local/lib/python3.8/site-packages/airflow/example_dags/example_setup_teardown.py
[2025-09-19T04:22:38.282+0000] {processor.py:840} INFO - DAG(s) 'example_setup_teardown' retrieved from /home/airflow/.local/lib/python3.8/site-packages/airflow/example_dags/example_setup_teardown.py
[2025-09-19T04:22:38.320+0000] {logging_mixin.py:188} INFO - [2025-09-19T04:22:38.319+0000] {dag.py:3036} INFO - Sync 1 DAGs
[2025-09-19T04:22:38.366+0000] {logging_mixin.py:188} INFO - [2025-09-19T04:22:38.366+0000] {dag.py:3823} INFO - Setting next_dagrun for example_setup_teardown to 2025-09-18 00:00:00+00:00, run_after=2025-09-19 00:00:00+00:00
[2025-09-19T04:22:38.406+0000] {processor.py:183} INFO - Processing /home/airflow/.local/lib/python3.8/site-packages/airflow/example_dags/example_setup_teardown.py took 0.147 seconds
[2025-09-19T04:23:08.775+0000] {processor.py:161} INFO - Started process (PID=1827) to work on /home/airflow/.local/lib/python3.8/site-packages/airflow/example_dags/example_setup_teardown.py
[2025-09-19T04:23:08.777+0000] {processor.py:830} INFO - Processing file /home/airflow/.local/lib/python3.8/site-packages/airflow/example_dags/example_setup_teardown.py for tasks to queue
[2025-09-19T04:23:08.781+0000] {logging_mixin.py:188} INFO - [2025-09-19T04:23:08.780+0000] {dagbag.py:538} INFO - Filling up the DagBag from /home/airflow/.local/lib/python3.8/site-packages/airflow/example_dags/example_setup_teardown.py
[2025-09-19T04:23:08.792+0000] {processor.py:840} INFO - DAG(s) 'example_setup_teardown' retrieved from /home/airflow/.local/lib/python3.8/site-packages/airflow/example_dags/example_setup_teardown.py
[2025-09-19T04:23:08.829+0000] {logging_mixin.py:188} INFO - [2025-09-19T04:23:08.829+0000] {dag.py:3036} INFO - Sync 1 DAGs
[2025-09-19T04:23:08.873+0000] {logging_mixin.py:188} INFO - [2025-09-19T04:23:08.873+0000] {dag.py:3823} INFO - Setting next_dagrun for example_setup_teardown to 2025-09-18 00:00:00+00:00, run_after=2025-09-19 00:00:00+00:00
[2025-09-19T04:23:08.915+0000] {processor.py:183} INFO - Processing /home/airflow/.local/lib/python3.8/site-packages/airflow/example_dags/example_setup_teardown.py took 0.145 seconds
[2025-09-19T04:23:39.162+0000] {processor.py:161} INFO - Started process (PID=1882) to work on /home/airflow/.local/lib/python3.8/site-packages/airflow/example_dags/example_setup_teardown.py
[2025-09-19T04:23:39.164+0000] {processor.py:830} INFO - Processing file /home/airflow/.local/lib/python3.8/site-packages/airflow/example_dags/example_setup_teardown.py for tasks to queue
[2025-09-19T04:23:39.168+0000] {logging_mixin.py:188} INFO - [2025-09-19T04:23:39.167+0000] {dagbag.py:538} INFO - Filling up the DagBag from /home/airflow/.local/lib/python3.8/site-packages/airflow/example_dags/example_setup_teardown.py
[2025-09-19T04:23:39.181+0000] {processor.py:840} INFO - DAG(s) 'example_setup_teardown' retrieved from /home/airflow/.local/lib/python3.8/site-packages/airflow/example_dags/example_setup_teardown.py
[2025-09-19T04:23:39.218+0000] {logging_mixin.py:188} INFO - [2025-09-19T04:23:39.218+0000] {dag.py:3036} INFO - Sync 1 DAGs
[2025-09-19T04:23:39.259+0000] {logging_mixin.py:188} INFO - [2025-09-19T04:23:39.258+0000] {dag.py:3823} INFO - Setting next_dagrun for example_setup_teardown to 2025-09-18 00:00:00+00:00, run_after=2025-09-19 00:00:00+00:00
[2025-09-19T04:23:39.297+0000] {processor.py:183} INFO - Processing /home/airflow/.local/lib/python3.8/site-packages/airflow/example_dags/example_setup_teardown.py took 0.140 seconds
[2025-09-19T04:24:09.668+0000] {processor.py:161} INFO - Started process (PID=1937) to work on /home/airflow/.local/lib/python3.8/site-packages/airflow/example_dags/example_setup_teardown.py
[2025-09-19T04:24:09.670+0000] {processor.py:830} INFO - Processing file /home/airflow/.local/lib/python3.8/site-packages/airflow/example_dags/example_setup_teardown.py for tasks to queue
[2025-09-19T04:24:09.674+0000] {logging_mixin.py:188} INFO - [2025-09-19T04:24:09.673+0000] {dagbag.py:538} INFO - Filling up the DagBag from /home/airflow/.local/lib/python3.8/site-packages/airflow/example_dags/example_setup_teardown.py
[2025-09-19T04:24:09.685+0000] {processor.py:840} INFO - DAG(s) 'example_setup_teardown' retrieved from /home/airflow/.local/lib/python3.8/site-packages/airflow/example_dags/example_setup_teardown.py
[2025-09-19T04:24:09.722+0000] {logging_mixin.py:188} INFO - [2025-09-19T04:24:09.722+0000] {dag.py:3036} INFO - Sync 1 DAGs
[2025-09-19T04:24:09.762+0000] {logging_mixin.py:188} INFO - [2025-09-19T04:24:09.762+0000] {dag.py:3823} INFO - Setting next_dagrun for example_setup_teardown to 2025-09-18 00:00:00+00:00, run_after=2025-09-19 00:00:00+00:00
[2025-09-19T04:24:09.799+0000] {processor.py:183} INFO - Processing /home/airflow/.local/lib/python3.8/site-packages/airflow/example_dags/example_setup_teardown.py took 0.137 seconds
[2025-09-19T04:24:39.933+0000] {processor.py:161} INFO - Started process (PID=1993) to work on /home/airflow/.local/lib/python3.8/site-packages/airflow/example_dags/example_setup_teardown.py
[2025-09-19T04:24:39.934+0000] {processor.py:830} INFO - Processing file /home/airflow/.local/lib/python3.8/site-packages/airflow/example_dags/example_setup_teardown.py for tasks to queue
[2025-09-19T04:24:39.938+0000] {logging_mixin.py:188} INFO - [2025-09-19T04:24:39.937+0000] {dagbag.py:538} INFO - Filling up the DagBag from /home/airflow/.local/lib/python3.8/site-packages/airflow/example_dags/example_setup_teardown.py
[2025-09-19T04:24:39.949+0000] {processor.py:840} INFO - DAG(s) 'example_setup_teardown' retrieved from /home/airflow/.local/lib/python3.8/site-packages/airflow/example_dags/example_setup_teardown.py
[2025-09-19T04:24:39.986+0000] {logging_mixin.py:188} INFO - [2025-09-19T04:24:39.986+0000] {dag.py:3036} INFO - Sync 1 DAGs
[2025-09-19T04:24:40.027+0000] {logging_mixin.py:188} INFO - [2025-09-19T04:24:40.026+0000] {dag.py:3823} INFO - Setting next_dagrun for example_setup_teardown to 2025-09-18 00:00:00+00:00, run_after=2025-09-19 00:00:00+00:00
[2025-09-19T04:24:40.062+0000] {processor.py:183} INFO - Processing /home/airflow/.local/lib/python3.8/site-packages/airflow/example_dags/example_setup_teardown.py took 0.136 seconds
[2025-09-19T04:25:10.232+0000] {processor.py:161} INFO - Started process (PID=2048) to work on /home/airflow/.local/lib/python3.8/site-packages/airflow/example_dags/example_setup_teardown.py
[2025-09-19T04:25:10.234+0000] {processor.py:830} INFO - Processing file /home/airflow/.local/lib/python3.8/site-packages/airflow/example_dags/example_setup_teardown.py for tasks to queue
[2025-09-19T04:25:10.237+0000] {logging_mixin.py:188} INFO - [2025-09-19T04:25:10.237+0000] {dagbag.py:538} INFO - Filling up the DagBag from /home/airflow/.local/lib/python3.8/site-packages/airflow/example_dags/example_setup_teardown.py
[2025-09-19T04:25:10.253+0000] {processor.py:840} INFO - DAG(s) 'example_setup_teardown' retrieved from /home/airflow/.local/lib/python3.8/site-packages/airflow/example_dags/example_setup_teardown.py
[2025-09-19T04:25:10.296+0000] {logging_mixin.py:188} INFO - [2025-09-19T04:25:10.295+0000] {dag.py:3036} INFO - Sync 1 DAGs
[2025-09-19T04:25:10.347+0000] {logging_mixin.py:188} INFO - [2025-09-19T04:25:10.347+0000] {dag.py:3823} INFO - Setting next_dagrun for example_setup_teardown to 2025-09-18 00:00:00+00:00, run_after=2025-09-19 00:00:00+00:00
[2025-09-19T04:25:10.394+0000] {processor.py:183} INFO - Processing /home/airflow/.local/lib/python3.8/site-packages/airflow/example_dags/example_setup_teardown.py took 0.168 seconds
[2025-09-19T04:25:40.624+0000] {processor.py:161} INFO - Started process (PID=2103) to work on /home/airflow/.local/lib/python3.8/site-packages/airflow/example_dags/example_setup_teardown.py
[2025-09-19T04:25:40.626+0000] {processor.py:830} INFO - Processing file /home/airflow/.local/lib/python3.8/site-packages/airflow/example_dags/example_setup_teardown.py for tasks to queue
[2025-09-19T04:25:40.630+0000] {logging_mixin.py:188} INFO - [2025-09-19T04:25:40.629+0000] {dagbag.py:538} INFO - Filling up the DagBag from /home/airflow/.local/lib/python3.8/site-packages/airflow/example_dags/example_setup_teardown.py
[2025-09-19T04:25:40.641+0000] {processor.py:840} INFO - DAG(s) 'example_setup_teardown' retrieved from /home/airflow/.local/lib/python3.8/site-packages/airflow/example_dags/example_setup_teardown.py
[2025-09-19T04:25:40.679+0000] {logging_mixin.py:188} INFO - [2025-09-19T04:25:40.678+0000] {dag.py:3036} INFO - Sync 1 DAGs
[2025-09-19T04:25:40.720+0000] {logging_mixin.py:188} INFO - [2025-09-19T04:25:40.720+0000] {dag.py:3823} INFO - Setting next_dagrun for example_setup_teardown to 2025-09-18 00:00:00+00:00, run_after=2025-09-19 00:00:00+00:00
[2025-09-19T04:25:40.759+0000] {processor.py:183} INFO - Processing /home/airflow/.local/lib/python3.8/site-packages/airflow/example_dags/example_setup_teardown.py took 0.140 seconds
[2025-09-19T04:26:11.054+0000] {processor.py:161} INFO - Started process (PID=2158) to work on /home/airflow/.local/lib/python3.8/site-packages/airflow/example_dags/example_setup_teardown.py
[2025-09-19T04:26:11.056+0000] {processor.py:830} INFO - Processing file /home/airflow/.local/lib/python3.8/site-packages/airflow/example_dags/example_setup_teardown.py for tasks to queue
[2025-09-19T04:26:11.061+0000] {logging_mixin.py:188} INFO - [2025-09-19T04:26:11.060+0000] {dagbag.py:538} INFO - Filling up the DagBag from /home/airflow/.local/lib/python3.8/site-packages/airflow/example_dags/example_setup_teardown.py
[2025-09-19T04:26:11.075+0000] {processor.py:840} INFO - DAG(s) 'example_setup_teardown' retrieved from /home/airflow/.local/lib/python3.8/site-packages/airflow/example_dags/example_setup_teardown.py
[2025-09-19T04:26:11.112+0000] {logging_mixin.py:188} INFO - [2025-09-19T04:26:11.111+0000] {dag.py:3036} INFO - Sync 1 DAGs
[2025-09-19T04:26:11.153+0000] {logging_mixin.py:188} INFO - [2025-09-19T04:26:11.153+0000] {dag.py:3823} INFO - Setting next_dagrun for example_setup_teardown to 2025-09-18 00:00:00+00:00, run_after=2025-09-19 00:00:00+00:00
[2025-09-19T04:26:11.188+0000] {processor.py:183} INFO - Processing /home/airflow/.local/lib/python3.8/site-packages/airflow/example_dags/example_setup_teardown.py took 0.142 seconds
[2025-09-19T04:26:41.748+0000] {processor.py:161} INFO - Started process (PID=2213) to work on /home/airflow/.local/lib/python3.8/site-packages/airflow/example_dags/example_setup_teardown.py
[2025-09-19T04:26:41.751+0000] {processor.py:830} INFO - Processing file /home/airflow/.local/lib/python3.8/site-packages/airflow/example_dags/example_setup_teardown.py for tasks to queue
[2025-09-19T04:26:41.754+0000] {logging_mixin.py:188} INFO - [2025-09-19T04:26:41.754+0000] {dagbag.py:538} INFO - Filling up the DagBag from /home/airflow/.local/lib/python3.8/site-packages/airflow/example_dags/example_setup_teardown.py
[2025-09-19T04:26:41.768+0000] {processor.py:840} INFO - DAG(s) 'example_setup_teardown' retrieved from /home/airflow/.local/lib/python3.8/site-packages/airflow/example_dags/example_setup_teardown.py
[2025-09-19T04:26:41.806+0000] {logging_mixin.py:188} INFO - [2025-09-19T04:26:41.805+0000] {dag.py:3036} INFO - Sync 1 DAGs
[2025-09-19T04:26:41.848+0000] {logging_mixin.py:188} INFO - [2025-09-19T04:26:41.847+0000] {dag.py:3823} INFO - Setting next_dagrun for example_setup_teardown to 2025-09-18 00:00:00+00:00, run_after=2025-09-19 00:00:00+00:00
[2025-09-19T04:26:41.889+0000] {processor.py:183} INFO - Processing /home/airflow/.local/lib/python3.8/site-packages/airflow/example_dags/example_setup_teardown.py took 0.148 seconds
[2025-09-19T04:27:11.985+0000] {processor.py:161} INFO - Started process (PID=2268) to work on /home/airflow/.local/lib/python3.8/site-packages/airflow/example_dags/example_setup_teardown.py
[2025-09-19T04:27:11.987+0000] {processor.py:830} INFO - Processing file /home/airflow/.local/lib/python3.8/site-packages/airflow/example_dags/example_setup_teardown.py for tasks to queue
[2025-09-19T04:27:11.991+0000] {logging_mixin.py:188} INFO - [2025-09-19T04:27:11.990+0000] {dagbag.py:538} INFO - Filling up the DagBag from /home/airflow/.local/lib/python3.8/site-packages/airflow/example_dags/example_setup_teardown.py
[2025-09-19T04:27:12.005+0000] {processor.py:840} INFO - DAG(s) 'example_setup_teardown' retrieved from /home/airflow/.local/lib/python3.8/site-packages/airflow/example_dags/example_setup_teardown.py
[2025-09-19T04:27:12.041+0000] {logging_mixin.py:188} INFO - [2025-09-19T04:27:12.040+0000] {dag.py:3036} INFO - Sync 1 DAGs
[2025-09-19T04:27:12.085+0000] {logging_mixin.py:188} INFO - [2025-09-19T04:27:12.085+0000] {dag.py:3823} INFO - Setting next_dagrun for example_setup_teardown to 2025-09-18 00:00:00+00:00, run_after=2025-09-19 00:00:00+00:00
[2025-09-19T04:27:12.126+0000] {processor.py:183} INFO - Processing /home/airflow/.local/lib/python3.8/site-packages/airflow/example_dags/example_setup_teardown.py took 0.148 seconds
[2025-09-19T04:27:42.355+0000] {processor.py:161} INFO - Started process (PID=2323) to work on /home/airflow/.local/lib/python3.8/site-packages/airflow/example_dags/example_setup_teardown.py
[2025-09-19T04:27:42.357+0000] {processor.py:830} INFO - Processing file /home/airflow/.local/lib/python3.8/site-packages/airflow/example_dags/example_setup_teardown.py for tasks to queue
[2025-09-19T04:27:42.360+0000] {logging_mixin.py:188} INFO - [2025-09-19T04:27:42.360+0000] {dagbag.py:538} INFO - Filling up the DagBag from /home/airflow/.local/lib/python3.8/site-packages/airflow/example_dags/example_setup_teardown.py
[2025-09-19T04:27:42.374+0000] {processor.py:840} INFO - DAG(s) 'example_setup_teardown' retrieved from /home/airflow/.local/lib/python3.8/site-packages/airflow/example_dags/example_setup_teardown.py
[2025-09-19T04:27:42.409+0000] {logging_mixin.py:188} INFO - [2025-09-19T04:27:42.408+0000] {dag.py:3036} INFO - Sync 1 DAGs
[2025-09-19T04:27:42.454+0000] {logging_mixin.py:188} INFO - [2025-09-19T04:27:42.454+0000] {dag.py:3823} INFO - Setting next_dagrun for example_setup_teardown to 2025-09-18 00:00:00+00:00, run_after=2025-09-19 00:00:00+00:00
[2025-09-19T04:27:42.493+0000] {processor.py:183} INFO - Processing /home/airflow/.local/lib/python3.8/site-packages/airflow/example_dags/example_setup_teardown.py took 0.145 seconds
[2025-09-19T04:28:12.872+0000] {processor.py:161} INFO - Started process (PID=2378) to work on /home/airflow/.local/lib/python3.8/site-packages/airflow/example_dags/example_setup_teardown.py
[2025-09-19T04:28:12.874+0000] {processor.py:830} INFO - Processing file /home/airflow/.local/lib/python3.8/site-packages/airflow/example_dags/example_setup_teardown.py for tasks to queue
[2025-09-19T04:28:12.879+0000] {logging_mixin.py:188} INFO - [2025-09-19T04:28:12.877+0000] {dagbag.py:538} INFO - Filling up the DagBag from /home/airflow/.local/lib/python3.8/site-packages/airflow/example_dags/example_setup_teardown.py
[2025-09-19T04:28:12.892+0000] {processor.py:840} INFO - DAG(s) 'example_setup_teardown' retrieved from /home/airflow/.local/lib/python3.8/site-packages/airflow/example_dags/example_setup_teardown.py
[2025-09-19T04:28:12.930+0000] {logging_mixin.py:188} INFO - [2025-09-19T04:28:12.930+0000] {dag.py:3036} INFO - Sync 1 DAGs
[2025-09-19T04:28:12.972+0000] {logging_mixin.py:188} INFO - [2025-09-19T04:28:12.972+0000] {dag.py:3823} INFO - Setting next_dagrun for example_setup_teardown to 2025-09-18 00:00:00+00:00, run_after=2025-09-19 00:00:00+00:00
[2025-09-19T04:28:13.008+0000] {processor.py:183} INFO - Processing /home/airflow/.local/lib/python3.8/site-packages/airflow/example_dags/example_setup_teardown.py took 0.143 seconds
[2025-09-19T04:28:43.539+0000] {processor.py:161} INFO - Started process (PID=2433) to work on /home/airflow/.local/lib/python3.8/site-packages/airflow/example_dags/example_setup_teardown.py
[2025-09-19T04:28:43.541+0000] {processor.py:830} INFO - Processing file /home/airflow/.local/lib/python3.8/site-packages/airflow/example_dags/example_setup_teardown.py for tasks to queue
[2025-09-19T04:28:43.545+0000] {logging_mixin.py:188} INFO - [2025-09-19T04:28:43.544+0000] {dagbag.py:538} INFO - Filling up the DagBag from /home/airflow/.local/lib/python3.8/site-packages/airflow/example_dags/example_setup_teardown.py
[2025-09-19T04:28:43.558+0000] {processor.py:840} INFO - DAG(s) 'example_setup_teardown' retrieved from /home/airflow/.local/lib/python3.8/site-packages/airflow/example_dags/example_setup_teardown.py
[2025-09-19T04:28:43.603+0000] {logging_mixin.py:188} INFO - [2025-09-19T04:28:43.603+0000] {dag.py:3036} INFO - Sync 1 DAGs
[2025-09-19T04:28:43.658+0000] {logging_mixin.py:188} INFO - [2025-09-19T04:28:43.658+0000] {dag.py:3823} INFO - Setting next_dagrun for example_setup_teardown to 2025-09-18 00:00:00+00:00, run_after=2025-09-19 00:00:00+00:00
[2025-09-19T04:28:43.698+0000] {processor.py:183} INFO - Processing /home/airflow/.local/lib/python3.8/site-packages/airflow/example_dags/example_setup_teardown.py took 0.165 seconds
[2025-09-19T04:29:14.045+0000] {processor.py:161} INFO - Started process (PID=2488) to work on /home/airflow/.local/lib/python3.8/site-packages/airflow/example_dags/example_setup_teardown.py
[2025-09-19T04:29:14.047+0000] {processor.py:830} INFO - Processing file /home/airflow/.local/lib/python3.8/site-packages/airflow/example_dags/example_setup_teardown.py for tasks to queue
[2025-09-19T04:29:14.051+0000] {logging_mixin.py:188} INFO - [2025-09-19T04:29:14.050+0000] {dagbag.py:538} INFO - Filling up the DagBag from /home/airflow/.local/lib/python3.8/site-packages/airflow/example_dags/example_setup_teardown.py
[2025-09-19T04:29:14.065+0000] {processor.py:840} INFO - DAG(s) 'example_setup_teardown' retrieved from /home/airflow/.local/lib/python3.8/site-packages/airflow/example_dags/example_setup_teardown.py
[2025-09-19T04:29:14.102+0000] {logging_mixin.py:188} INFO - [2025-09-19T04:29:14.101+0000] {dag.py:3036} INFO - Sync 1 DAGs
[2025-09-19T04:29:14.142+0000] {logging_mixin.py:188} INFO - [2025-09-19T04:29:14.141+0000] {dag.py:3823} INFO - Setting next_dagrun for example_setup_teardown to 2025-09-18 00:00:00+00:00, run_after=2025-09-19 00:00:00+00:00
[2025-09-19T04:29:14.179+0000] {processor.py:183} INFO - Processing /home/airflow/.local/lib/python3.8/site-packages/airflow/example_dags/example_setup_teardown.py took 0.140 seconds
[2025-09-19T04:29:44.532+0000] {processor.py:161} INFO - Started process (PID=2543) to work on /home/airflow/.local/lib/python3.8/site-packages/airflow/example_dags/example_setup_teardown.py
[2025-09-19T04:29:44.534+0000] {processor.py:830} INFO - Processing file /home/airflow/.local/lib/python3.8/site-packages/airflow/example_dags/example_setup_teardown.py for tasks to queue
[2025-09-19T04:29:44.537+0000] {logging_mixin.py:188} INFO - [2025-09-19T04:29:44.537+0000] {dagbag.py:538} INFO - Filling up the DagBag from /home/airflow/.local/lib/python3.8/site-packages/airflow/example_dags/example_setup_teardown.py
[2025-09-19T04:29:44.549+0000] {processor.py:840} INFO - DAG(s) 'example_setup_teardown' retrieved from /home/airflow/.local/lib/python3.8/site-packages/airflow/example_dags/example_setup_teardown.py
[2025-09-19T04:29:44.590+0000] {logging_mixin.py:188} INFO - [2025-09-19T04:29:44.589+0000] {dag.py:3036} INFO - Sync 1 DAGs
[2025-09-19T04:29:44.632+0000] {logging_mixin.py:188} INFO - [2025-09-19T04:29:44.631+0000] {dag.py:3823} INFO - Setting next_dagrun for example_setup_teardown to 2025-09-18 00:00:00+00:00, run_after=2025-09-19 00:00:00+00:00
[2025-09-19T04:29:44.678+0000] {processor.py:183} INFO - Processing /home/airflow/.local/lib/python3.8/site-packages/airflow/example_dags/example_setup_teardown.py took 0.153 seconds
[2025-09-19T04:30:14.821+0000] {processor.py:161} INFO - Started process (PID=2598) to work on /home/airflow/.local/lib/python3.8/site-packages/airflow/example_dags/example_setup_teardown.py
[2025-09-19T04:30:14.823+0000] {processor.py:830} INFO - Processing file /home/airflow/.local/lib/python3.8/site-packages/airflow/example_dags/example_setup_teardown.py for tasks to queue
[2025-09-19T04:30:14.827+0000] {logging_mixin.py:188} INFO - [2025-09-19T04:30:14.827+0000] {dagbag.py:538} INFO - Filling up the DagBag from /home/airflow/.local/lib/python3.8/site-packages/airflow/example_dags/example_setup_teardown.py
[2025-09-19T04:30:14.840+0000] {processor.py:840} INFO - DAG(s) 'example_setup_teardown' retrieved from /home/airflow/.local/lib/python3.8/site-packages/airflow/example_dags/example_setup_teardown.py
[2025-09-19T04:30:14.877+0000] {logging_mixin.py:188} INFO - [2025-09-19T04:30:14.876+0000] {dag.py:3036} INFO - Sync 1 DAGs
[2025-09-19T04:30:14.920+0000] {logging_mixin.py:188} INFO - [2025-09-19T04:30:14.919+0000] {dag.py:3823} INFO - Setting next_dagrun for example_setup_teardown to 2025-09-18 00:00:00+00:00, run_after=2025-09-19 00:00:00+00:00
[2025-09-19T04:30:14.955+0000] {processor.py:183} INFO - Processing /home/airflow/.local/lib/python3.8/site-packages/airflow/example_dags/example_setup_teardown.py took 0.140 seconds
[2025-09-19T04:30:45.482+0000] {processor.py:161} INFO - Started process (PID=2653) to work on /home/airflow/.local/lib/python3.8/site-packages/airflow/example_dags/example_setup_teardown.py
[2025-09-19T04:30:45.484+0000] {processor.py:830} INFO - Processing file /home/airflow/.local/lib/python3.8/site-packages/airflow/example_dags/example_setup_teardown.py for tasks to queue
[2025-09-19T04:30:45.488+0000] {logging_mixin.py:188} INFO - [2025-09-19T04:30:45.488+0000] {dagbag.py:538} INFO - Filling up the DagBag from /home/airflow/.local/lib/python3.8/site-packages/airflow/example_dags/example_setup_teardown.py
[2025-09-19T04:30:45.502+0000] {processor.py:840} INFO - DAG(s) 'example_setup_teardown' retrieved from /home/airflow/.local/lib/python3.8/site-packages/airflow/example_dags/example_setup_teardown.py
[2025-09-19T04:30:45.544+0000] {logging_mixin.py:188} INFO - [2025-09-19T04:30:45.543+0000] {dag.py:3036} INFO - Sync 1 DAGs
[2025-09-19T04:30:45.586+0000] {logging_mixin.py:188} INFO - [2025-09-19T04:30:45.585+0000] {dag.py:3823} INFO - Setting next_dagrun for example_setup_teardown to 2025-09-18 00:00:00+00:00, run_after=2025-09-19 00:00:00+00:00
[2025-09-19T04:30:45.622+0000] {processor.py:183} INFO - Processing /home/airflow/.local/lib/python3.8/site-packages/airflow/example_dags/example_setup_teardown.py took 0.146 seconds
[2025-09-19T04:31:16.212+0000] {processor.py:161} INFO - Started process (PID=2708) to work on /home/airflow/.local/lib/python3.8/site-packages/airflow/example_dags/example_setup_teardown.py
[2025-09-19T04:31:16.214+0000] {processor.py:830} INFO - Processing file /home/airflow/.local/lib/python3.8/site-packages/airflow/example_dags/example_setup_teardown.py for tasks to queue
[2025-09-19T04:31:16.218+0000] {logging_mixin.py:188} INFO - [2025-09-19T04:31:16.217+0000] {dagbag.py:538} INFO - Filling up the DagBag from /home/airflow/.local/lib/python3.8/site-packages/airflow/example_dags/example_setup_teardown.py
[2025-09-19T04:31:16.230+0000] {processor.py:840} INFO - DAG(s) 'example_setup_teardown' retrieved from /home/airflow/.local/lib/python3.8/site-packages/airflow/example_dags/example_setup_teardown.py
[2025-09-19T04:31:16.269+0000] {logging_mixin.py:188} INFO - [2025-09-19T04:31:16.269+0000] {dag.py:3036} INFO - Sync 1 DAGs
[2025-09-19T04:31:16.312+0000] {logging_mixin.py:188} INFO - [2025-09-19T04:31:16.312+0000] {dag.py:3823} INFO - Setting next_dagrun for example_setup_teardown to 2025-09-18 00:00:00+00:00, run_after=2025-09-19 00:00:00+00:00
[2025-09-19T04:31:16.350+0000] {processor.py:183} INFO - Processing /home/airflow/.local/lib/python3.8/site-packages/airflow/example_dags/example_setup_teardown.py took 0.144 seconds
[2025-09-19T04:31:47.629+0000] {processor.py:161} INFO - Started process (PID=2763) to work on /home/airflow/.local/lib/python3.8/site-packages/airflow/example_dags/example_setup_teardown.py
[2025-09-19T04:31:47.631+0000] {processor.py:830} INFO - Processing file /home/airflow/.local/lib/python3.8/site-packages/airflow/example_dags/example_setup_teardown.py for tasks to queue
[2025-09-19T04:31:47.635+0000] {logging_mixin.py:188} INFO - [2025-09-19T04:31:47.634+0000] {dagbag.py:538} INFO - Filling up the DagBag from /home/airflow/.local/lib/python3.8/site-packages/airflow/example_dags/example_setup_teardown.py
[2025-09-19T04:31:47.646+0000] {processor.py:840} INFO - DAG(s) 'example_setup_teardown' retrieved from /home/airflow/.local/lib/python3.8/site-packages/airflow/example_dags/example_setup_teardown.py
[2025-09-19T04:31:47.683+0000] {logging_mixin.py:188} INFO - [2025-09-19T04:31:47.683+0000] {dag.py:3036} INFO - Sync 1 DAGs
[2025-09-19T04:31:47.889+0000] {logging_mixin.py:188} INFO - [2025-09-19T04:31:47.888+0000] {dag.py:3823} INFO - Setting next_dagrun for example_setup_teardown to 2025-09-18 00:00:00+00:00, run_after=2025-09-19 00:00:00+00:00
[2025-09-19T04:31:47.923+0000] {processor.py:183} INFO - Processing /home/airflow/.local/lib/python3.8/site-packages/airflow/example_dags/example_setup_teardown.py took 0.299 seconds
[2025-09-19T04:32:18.939+0000] {processor.py:161} INFO - Started process (PID=2818) to work on /home/airflow/.local/lib/python3.8/site-packages/airflow/example_dags/example_setup_teardown.py
[2025-09-19T04:32:18.941+0000] {processor.py:830} INFO - Processing file /home/airflow/.local/lib/python3.8/site-packages/airflow/example_dags/example_setup_teardown.py for tasks to queue
[2025-09-19T04:32:18.945+0000] {logging_mixin.py:188} INFO - [2025-09-19T04:32:18.944+0000] {dagbag.py:538} INFO - Filling up the DagBag from /home/airflow/.local/lib/python3.8/site-packages/airflow/example_dags/example_setup_teardown.py
[2025-09-19T04:32:18.956+0000] {processor.py:840} INFO - DAG(s) 'example_setup_teardown' retrieved from /home/airflow/.local/lib/python3.8/site-packages/airflow/example_dags/example_setup_teardown.py
[2025-09-19T04:32:18.992+0000] {logging_mixin.py:188} INFO - [2025-09-19T04:32:18.992+0000] {dag.py:3036} INFO - Sync 1 DAGs
[2025-09-19T04:32:19.030+0000] {logging_mixin.py:188} INFO - [2025-09-19T04:32:19.030+0000] {dag.py:3823} INFO - Setting next_dagrun for example_setup_teardown to 2025-09-18 00:00:00+00:00, run_after=2025-09-19 00:00:00+00:00
[2025-09-19T04:32:19.072+0000] {processor.py:183} INFO - Processing /home/airflow/.local/lib/python3.8/site-packages/airflow/example_dags/example_setup_teardown.py took 0.138 seconds
[2025-09-19T04:32:49.661+0000] {processor.py:161} INFO - Started process (PID=2873) to work on /home/airflow/.local/lib/python3.8/site-packages/airflow/example_dags/example_setup_teardown.py
[2025-09-19T04:32:49.663+0000] {processor.py:830} INFO - Processing file /home/airflow/.local/lib/python3.8/site-packages/airflow/example_dags/example_setup_teardown.py for tasks to queue
[2025-09-19T04:32:49.667+0000] {logging_mixin.py:188} INFO - [2025-09-19T04:32:49.666+0000] {dagbag.py:538} INFO - Filling up the DagBag from /home/airflow/.local/lib/python3.8/site-packages/airflow/example_dags/example_setup_teardown.py
[2025-09-19T04:32:49.681+0000] {processor.py:840} INFO - DAG(s) 'example_setup_teardown' retrieved from /home/airflow/.local/lib/python3.8/site-packages/airflow/example_dags/example_setup_teardown.py
[2025-09-19T04:32:49.718+0000] {logging_mixin.py:188} INFO - [2025-09-19T04:32:49.717+0000] {dag.py:3036} INFO - Sync 1 DAGs
[2025-09-19T04:32:49.761+0000] {logging_mixin.py:188} INFO - [2025-09-19T04:32:49.760+0000] {dag.py:3823} INFO - Setting next_dagrun for example_setup_teardown to 2025-09-18 00:00:00+00:00, run_after=2025-09-19 00:00:00+00:00
[2025-09-19T04:32:49.797+0000] {processor.py:183} INFO - Processing /home/airflow/.local/lib/python3.8/site-packages/airflow/example_dags/example_setup_teardown.py took 0.144 seconds
[2025-09-19T04:33:19.848+0000] {processor.py:161} INFO - Started process (PID=2928) to work on /home/airflow/.local/lib/python3.8/site-packages/airflow/example_dags/example_setup_teardown.py
[2025-09-19T04:33:19.850+0000] {processor.py:830} INFO - Processing file /home/airflow/.local/lib/python3.8/site-packages/airflow/example_dags/example_setup_teardown.py for tasks to queue
[2025-09-19T04:33:19.854+0000] {logging_mixin.py:188} INFO - [2025-09-19T04:33:19.854+0000] {dagbag.py:538} INFO - Filling up the DagBag from /home/airflow/.local/lib/python3.8/site-packages/airflow/example_dags/example_setup_teardown.py
[2025-09-19T04:33:19.871+0000] {processor.py:840} INFO - DAG(s) 'example_setup_teardown' retrieved from /home/airflow/.local/lib/python3.8/site-packages/airflow/example_dags/example_setup_teardown.py
[2025-09-19T04:33:19.910+0000] {logging_mixin.py:188} INFO - [2025-09-19T04:33:19.910+0000] {dag.py:3036} INFO - Sync 1 DAGs
[2025-09-19T04:33:19.960+0000] {logging_mixin.py:188} INFO - [2025-09-19T04:33:19.960+0000] {dag.py:3823} INFO - Setting next_dagrun for example_setup_teardown to 2025-09-18 00:00:00+00:00, run_after=2025-09-19 00:00:00+00:00
[2025-09-19T04:33:20.004+0000] {processor.py:183} INFO - Processing /home/airflow/.local/lib/python3.8/site-packages/airflow/example_dags/example_setup_teardown.py took 0.164 seconds
