[2025-09-19T04:06:52.235+0000] {processor.py:161} INFO - Started process (PID=69) to work on /home/airflow/.local/lib/python3.8/site-packages/airflow/example_dags/tutorial_objectstorage.py
[2025-09-19T04:06:52.238+0000] {processor.py:830} INFO - Processing file /home/airflow/.local/lib/python3.8/site-packages/airflow/example_dags/tutorial_objectstorage.py for tasks to queue
[2025-09-19T04:06:52.242+0000] {logging_mixin.py:188} INFO - [2025-09-19T04:06:52.241+0000] {dagbag.py:538} INFO - Filling up the DagBag from /home/airflow/.local/lib/python3.8/site-packages/airflow/example_dags/tutorial_objectstorage.py
[2025-09-19T04:06:52.264+0000] {processor.py:840} INFO - DAG(s) 'tutorial_objectstorage' retrieved from /home/airflow/.local/lib/python3.8/site-packages/airflow/example_dags/tutorial_objectstorage.py
[2025-09-19T04:06:52.458+0000] {logging_mixin.py:188} INFO - [2025-09-19T04:06:52.457+0000] {dag.py:3036} INFO - Sync 1 DAGs
[2025-09-19T04:06:52.478+0000] {logging_mixin.py:188} INFO - [2025-09-19T04:06:52.478+0000] {dag.py:3823} INFO - Setting next_dagrun for tutorial_objectstorage to None, run_after=None
[2025-09-19T04:06:52.514+0000] {processor.py:183} INFO - Processing /home/airflow/.local/lib/python3.8/site-packages/airflow/example_dags/tutorial_objectstorage.py took 0.285 seconds
[2025-09-19T04:07:22.675+0000] {processor.py:161} INFO - Started process (PID=124) to work on /home/airflow/.local/lib/python3.8/site-packages/airflow/example_dags/tutorial_objectstorage.py
[2025-09-19T04:07:22.677+0000] {processor.py:830} INFO - Processing file /home/airflow/.local/lib/python3.8/site-packages/airflow/example_dags/tutorial_objectstorage.py for tasks to queue
[2025-09-19T04:07:22.680+0000] {logging_mixin.py:188} INFO - [2025-09-19T04:07:22.680+0000] {dagbag.py:538} INFO - Filling up the DagBag from /home/airflow/.local/lib/python3.8/site-packages/airflow/example_dags/tutorial_objectstorage.py
[2025-09-19T04:07:22.693+0000] {processor.py:840} INFO - DAG(s) 'tutorial_objectstorage' retrieved from /home/airflow/.local/lib/python3.8/site-packages/airflow/example_dags/tutorial_objectstorage.py
[2025-09-19T04:07:22.728+0000] {logging_mixin.py:188} INFO - [2025-09-19T04:07:22.727+0000] {dag.py:3036} INFO - Sync 1 DAGs
[2025-09-19T04:07:22.751+0000] {logging_mixin.py:188} INFO - [2025-09-19T04:07:22.751+0000] {dag.py:3823} INFO - Setting next_dagrun for tutorial_objectstorage to None, run_after=None
[2025-09-19T04:07:22.798+0000] {processor.py:183} INFO - Processing /home/airflow/.local/lib/python3.8/site-packages/airflow/example_dags/tutorial_objectstorage.py took 0.129 seconds
[2025-09-19T04:07:53.393+0000] {processor.py:161} INFO - Started process (PID=179) to work on /home/airflow/.local/lib/python3.8/site-packages/airflow/example_dags/tutorial_objectstorage.py
[2025-09-19T04:07:53.395+0000] {processor.py:830} INFO - Processing file /home/airflow/.local/lib/python3.8/site-packages/airflow/example_dags/tutorial_objectstorage.py for tasks to queue
[2025-09-19T04:07:53.399+0000] {logging_mixin.py:188} INFO - [2025-09-19T04:07:53.398+0000] {dagbag.py:538} INFO - Filling up the DagBag from /home/airflow/.local/lib/python3.8/site-packages/airflow/example_dags/tutorial_objectstorage.py
[2025-09-19T04:07:53.411+0000] {processor.py:840} INFO - DAG(s) 'tutorial_objectstorage' retrieved from /home/airflow/.local/lib/python3.8/site-packages/airflow/example_dags/tutorial_objectstorage.py
[2025-09-19T04:07:53.446+0000] {logging_mixin.py:188} INFO - [2025-09-19T04:07:53.446+0000] {dag.py:3036} INFO - Sync 1 DAGs
[2025-09-19T04:07:53.470+0000] {logging_mixin.py:188} INFO - [2025-09-19T04:07:53.470+0000] {dag.py:3823} INFO - Setting next_dagrun for tutorial_objectstorage to None, run_after=None
[2025-09-19T04:07:53.519+0000] {processor.py:183} INFO - Processing /home/airflow/.local/lib/python3.8/site-packages/airflow/example_dags/tutorial_objectstorage.py took 0.132 seconds
[2025-09-19T04:08:24.023+0000] {processor.py:161} INFO - Started process (PID=234) to work on /home/airflow/.local/lib/python3.8/site-packages/airflow/example_dags/tutorial_objectstorage.py
[2025-09-19T04:08:24.025+0000] {processor.py:830} INFO - Processing file /home/airflow/.local/lib/python3.8/site-packages/airflow/example_dags/tutorial_objectstorage.py for tasks to queue
[2025-09-19T04:08:24.029+0000] {logging_mixin.py:188} INFO - [2025-09-19T04:08:24.028+0000] {dagbag.py:538} INFO - Filling up the DagBag from /home/airflow/.local/lib/python3.8/site-packages/airflow/example_dags/tutorial_objectstorage.py
[2025-09-19T04:08:24.041+0000] {processor.py:840} INFO - DAG(s) 'tutorial_objectstorage' retrieved from /home/airflow/.local/lib/python3.8/site-packages/airflow/example_dags/tutorial_objectstorage.py
[2025-09-19T04:08:24.079+0000] {logging_mixin.py:188} INFO - [2025-09-19T04:08:24.079+0000] {dag.py:3036} INFO - Sync 1 DAGs
[2025-09-19T04:08:24.103+0000] {logging_mixin.py:188} INFO - [2025-09-19T04:08:24.102+0000] {dag.py:3823} INFO - Setting next_dagrun for tutorial_objectstorage to None, run_after=None
[2025-09-19T04:08:24.143+0000] {processor.py:183} INFO - Processing /home/airflow/.local/lib/python3.8/site-packages/airflow/example_dags/tutorial_objectstorage.py took 0.126 seconds
[2025-09-19T04:08:54.377+0000] {processor.py:161} INFO - Started process (PID=290) to work on /home/airflow/.local/lib/python3.8/site-packages/airflow/example_dags/tutorial_objectstorage.py
[2025-09-19T04:08:54.379+0000] {processor.py:830} INFO - Processing file /home/airflow/.local/lib/python3.8/site-packages/airflow/example_dags/tutorial_objectstorage.py for tasks to queue
[2025-09-19T04:08:54.383+0000] {logging_mixin.py:188} INFO - [2025-09-19T04:08:54.382+0000] {dagbag.py:538} INFO - Filling up the DagBag from /home/airflow/.local/lib/python3.8/site-packages/airflow/example_dags/tutorial_objectstorage.py
[2025-09-19T04:08:54.394+0000] {processor.py:840} INFO - DAG(s) 'tutorial_objectstorage' retrieved from /home/airflow/.local/lib/python3.8/site-packages/airflow/example_dags/tutorial_objectstorage.py
[2025-09-19T04:08:54.428+0000] {logging_mixin.py:188} INFO - [2025-09-19T04:08:54.428+0000] {dag.py:3036} INFO - Sync 1 DAGs
[2025-09-19T04:08:54.450+0000] {logging_mixin.py:188} INFO - [2025-09-19T04:08:54.450+0000] {dag.py:3823} INFO - Setting next_dagrun for tutorial_objectstorage to None, run_after=None
[2025-09-19T04:08:54.490+0000] {processor.py:183} INFO - Processing /home/airflow/.local/lib/python3.8/site-packages/airflow/example_dags/tutorial_objectstorage.py took 0.118 seconds
[2025-09-19T04:09:25.126+0000] {processor.py:161} INFO - Started process (PID=345) to work on /home/airflow/.local/lib/python3.8/site-packages/airflow/example_dags/tutorial_objectstorage.py
[2025-09-19T04:09:25.128+0000] {processor.py:830} INFO - Processing file /home/airflow/.local/lib/python3.8/site-packages/airflow/example_dags/tutorial_objectstorage.py for tasks to queue
[2025-09-19T04:09:25.133+0000] {logging_mixin.py:188} INFO - [2025-09-19T04:09:25.132+0000] {dagbag.py:538} INFO - Filling up the DagBag from /home/airflow/.local/lib/python3.8/site-packages/airflow/example_dags/tutorial_objectstorage.py
[2025-09-19T04:09:25.145+0000] {processor.py:840} INFO - DAG(s) 'tutorial_objectstorage' retrieved from /home/airflow/.local/lib/python3.8/site-packages/airflow/example_dags/tutorial_objectstorage.py
[2025-09-19T04:09:25.182+0000] {logging_mixin.py:188} INFO - [2025-09-19T04:09:25.182+0000] {dag.py:3036} INFO - Sync 1 DAGs
[2025-09-19T04:09:25.207+0000] {logging_mixin.py:188} INFO - [2025-09-19T04:09:25.206+0000] {dag.py:3823} INFO - Setting next_dagrun for tutorial_objectstorage to None, run_after=None
[2025-09-19T04:09:25.246+0000] {processor.py:183} INFO - Processing /home/airflow/.local/lib/python3.8/site-packages/airflow/example_dags/tutorial_objectstorage.py took 0.126 seconds
[2025-09-19T04:09:55.470+0000] {processor.py:161} INFO - Started process (PID=400) to work on /home/airflow/.local/lib/python3.8/site-packages/airflow/example_dags/tutorial_objectstorage.py
[2025-09-19T04:09:55.472+0000] {processor.py:830} INFO - Processing file /home/airflow/.local/lib/python3.8/site-packages/airflow/example_dags/tutorial_objectstorage.py for tasks to queue
[2025-09-19T04:09:55.475+0000] {logging_mixin.py:188} INFO - [2025-09-19T04:09:55.475+0000] {dagbag.py:538} INFO - Filling up the DagBag from /home/airflow/.local/lib/python3.8/site-packages/airflow/example_dags/tutorial_objectstorage.py
[2025-09-19T04:09:55.487+0000] {processor.py:840} INFO - DAG(s) 'tutorial_objectstorage' retrieved from /home/airflow/.local/lib/python3.8/site-packages/airflow/example_dags/tutorial_objectstorage.py
[2025-09-19T04:09:55.521+0000] {logging_mixin.py:188} INFO - [2025-09-19T04:09:55.520+0000] {dag.py:3036} INFO - Sync 1 DAGs
[2025-09-19T04:09:55.543+0000] {logging_mixin.py:188} INFO - [2025-09-19T04:09:55.543+0000] {dag.py:3823} INFO - Setting next_dagrun for tutorial_objectstorage to None, run_after=None
[2025-09-19T04:09:55.576+0000] {processor.py:183} INFO - Processing /home/airflow/.local/lib/python3.8/site-packages/airflow/example_dags/tutorial_objectstorage.py took 0.112 seconds
[2025-09-19T04:10:26.321+0000] {processor.py:161} INFO - Started process (PID=455) to work on /home/airflow/.local/lib/python3.8/site-packages/airflow/example_dags/tutorial_objectstorage.py
[2025-09-19T04:10:26.324+0000] {processor.py:830} INFO - Processing file /home/airflow/.local/lib/python3.8/site-packages/airflow/example_dags/tutorial_objectstorage.py for tasks to queue
[2025-09-19T04:10:26.327+0000] {logging_mixin.py:188} INFO - [2025-09-19T04:10:26.327+0000] {dagbag.py:538} INFO - Filling up the DagBag from /home/airflow/.local/lib/python3.8/site-packages/airflow/example_dags/tutorial_objectstorage.py
[2025-09-19T04:10:26.341+0000] {processor.py:840} INFO - DAG(s) 'tutorial_objectstorage' retrieved from /home/airflow/.local/lib/python3.8/site-packages/airflow/example_dags/tutorial_objectstorage.py
[2025-09-19T04:10:26.387+0000] {logging_mixin.py:188} INFO - [2025-09-19T04:10:26.386+0000] {dag.py:3036} INFO - Sync 1 DAGs
[2025-09-19T04:10:26.418+0000] {logging_mixin.py:188} INFO - [2025-09-19T04:10:26.418+0000] {dag.py:3823} INFO - Setting next_dagrun for tutorial_objectstorage to None, run_after=None
[2025-09-19T04:10:26.461+0000] {processor.py:183} INFO - Processing /home/airflow/.local/lib/python3.8/site-packages/airflow/example_dags/tutorial_objectstorage.py took 0.148 seconds
[2025-09-19T04:10:56.612+0000] {processor.py:161} INFO - Started process (PID=510) to work on /home/airflow/.local/lib/python3.8/site-packages/airflow/example_dags/tutorial_objectstorage.py
[2025-09-19T04:10:56.614+0000] {processor.py:830} INFO - Processing file /home/airflow/.local/lib/python3.8/site-packages/airflow/example_dags/tutorial_objectstorage.py for tasks to queue
[2025-09-19T04:10:56.617+0000] {logging_mixin.py:188} INFO - [2025-09-19T04:10:56.617+0000] {dagbag.py:538} INFO - Filling up the DagBag from /home/airflow/.local/lib/python3.8/site-packages/airflow/example_dags/tutorial_objectstorage.py
[2025-09-19T04:10:56.629+0000] {processor.py:840} INFO - DAG(s) 'tutorial_objectstorage' retrieved from /home/airflow/.local/lib/python3.8/site-packages/airflow/example_dags/tutorial_objectstorage.py
[2025-09-19T04:10:56.662+0000] {logging_mixin.py:188} INFO - [2025-09-19T04:10:56.662+0000] {dag.py:3036} INFO - Sync 1 DAGs
[2025-09-19T04:10:56.686+0000] {logging_mixin.py:188} INFO - [2025-09-19T04:10:56.685+0000] {dag.py:3823} INFO - Setting next_dagrun for tutorial_objectstorage to None, run_after=None
[2025-09-19T04:10:56.724+0000] {processor.py:183} INFO - Processing /home/airflow/.local/lib/python3.8/site-packages/airflow/example_dags/tutorial_objectstorage.py took 0.118 seconds
[2025-09-19T04:11:27.273+0000] {processor.py:161} INFO - Started process (PID=565) to work on /home/airflow/.local/lib/python3.8/site-packages/airflow/example_dags/tutorial_objectstorage.py
[2025-09-19T04:11:27.274+0000] {processor.py:830} INFO - Processing file /home/airflow/.local/lib/python3.8/site-packages/airflow/example_dags/tutorial_objectstorage.py for tasks to queue
[2025-09-19T04:11:27.279+0000] {logging_mixin.py:188} INFO - [2025-09-19T04:11:27.278+0000] {dagbag.py:538} INFO - Filling up the DagBag from /home/airflow/.local/lib/python3.8/site-packages/airflow/example_dags/tutorial_objectstorage.py
[2025-09-19T04:11:27.294+0000] {processor.py:840} INFO - DAG(s) 'tutorial_objectstorage' retrieved from /home/airflow/.local/lib/python3.8/site-packages/airflow/example_dags/tutorial_objectstorage.py
[2025-09-19T04:11:27.336+0000] {logging_mixin.py:188} INFO - [2025-09-19T04:11:27.335+0000] {dag.py:3036} INFO - Sync 1 DAGs
[2025-09-19T04:11:27.364+0000] {logging_mixin.py:188} INFO - [2025-09-19T04:11:27.363+0000] {dag.py:3823} INFO - Setting next_dagrun for tutorial_objectstorage to None, run_after=None
[2025-09-19T04:11:27.404+0000] {processor.py:183} INFO - Processing /home/airflow/.local/lib/python3.8/site-packages/airflow/example_dags/tutorial_objectstorage.py took 0.139 seconds
[2025-09-19T04:11:57.626+0000] {processor.py:161} INFO - Started process (PID=620) to work on /home/airflow/.local/lib/python3.8/site-packages/airflow/example_dags/tutorial_objectstorage.py
[2025-09-19T04:11:57.628+0000] {processor.py:830} INFO - Processing file /home/airflow/.local/lib/python3.8/site-packages/airflow/example_dags/tutorial_objectstorage.py for tasks to queue
[2025-09-19T04:11:57.632+0000] {logging_mixin.py:188} INFO - [2025-09-19T04:11:57.631+0000] {dagbag.py:538} INFO - Filling up the DagBag from /home/airflow/.local/lib/python3.8/site-packages/airflow/example_dags/tutorial_objectstorage.py
[2025-09-19T04:11:57.645+0000] {processor.py:840} INFO - DAG(s) 'tutorial_objectstorage' retrieved from /home/airflow/.local/lib/python3.8/site-packages/airflow/example_dags/tutorial_objectstorage.py
[2025-09-19T04:11:57.679+0000] {logging_mixin.py:188} INFO - [2025-09-19T04:11:57.678+0000] {dag.py:3036} INFO - Sync 1 DAGs
[2025-09-19T04:11:57.702+0000] {logging_mixin.py:188} INFO - [2025-09-19T04:11:57.701+0000] {dag.py:3823} INFO - Setting next_dagrun for tutorial_objectstorage to None, run_after=None
[2025-09-19T04:11:57.740+0000] {processor.py:183} INFO - Processing /home/airflow/.local/lib/python3.8/site-packages/airflow/example_dags/tutorial_objectstorage.py took 0.119 seconds
[2025-09-19T04:12:28.006+0000] {processor.py:161} INFO - Started process (PID=675) to work on /home/airflow/.local/lib/python3.8/site-packages/airflow/example_dags/tutorial_objectstorage.py
[2025-09-19T04:12:28.008+0000] {processor.py:830} INFO - Processing file /home/airflow/.local/lib/python3.8/site-packages/airflow/example_dags/tutorial_objectstorage.py for tasks to queue
[2025-09-19T04:12:28.011+0000] {logging_mixin.py:188} INFO - [2025-09-19T04:12:28.011+0000] {dagbag.py:538} INFO - Filling up the DagBag from /home/airflow/.local/lib/python3.8/site-packages/airflow/example_dags/tutorial_objectstorage.py
[2025-09-19T04:12:28.023+0000] {processor.py:840} INFO - DAG(s) 'tutorial_objectstorage' retrieved from /home/airflow/.local/lib/python3.8/site-packages/airflow/example_dags/tutorial_objectstorage.py
[2025-09-19T04:12:28.056+0000] {logging_mixin.py:188} INFO - [2025-09-19T04:12:28.056+0000] {dag.py:3036} INFO - Sync 1 DAGs
[2025-09-19T04:12:28.080+0000] {logging_mixin.py:188} INFO - [2025-09-19T04:12:28.080+0000] {dag.py:3823} INFO - Setting next_dagrun for tutorial_objectstorage to None, run_after=None
[2025-09-19T04:12:28.113+0000] {processor.py:183} INFO - Processing /home/airflow/.local/lib/python3.8/site-packages/airflow/example_dags/tutorial_objectstorage.py took 0.113 seconds
[2025-09-19T04:12:58.378+0000] {processor.py:161} INFO - Started process (PID=730) to work on /home/airflow/.local/lib/python3.8/site-packages/airflow/example_dags/tutorial_objectstorage.py
[2025-09-19T04:12:58.381+0000] {processor.py:830} INFO - Processing file /home/airflow/.local/lib/python3.8/site-packages/airflow/example_dags/tutorial_objectstorage.py for tasks to queue
[2025-09-19T04:12:58.385+0000] {logging_mixin.py:188} INFO - [2025-09-19T04:12:58.384+0000] {dagbag.py:538} INFO - Filling up the DagBag from /home/airflow/.local/lib/python3.8/site-packages/airflow/example_dags/tutorial_objectstorage.py
[2025-09-19T04:12:58.399+0000] {processor.py:840} INFO - DAG(s) 'tutorial_objectstorage' retrieved from /home/airflow/.local/lib/python3.8/site-packages/airflow/example_dags/tutorial_objectstorage.py
[2025-09-19T04:12:58.441+0000] {logging_mixin.py:188} INFO - [2025-09-19T04:12:58.440+0000] {dag.py:3036} INFO - Sync 1 DAGs
[2025-09-19T04:12:58.467+0000] {logging_mixin.py:188} INFO - [2025-09-19T04:12:58.467+0000] {dag.py:3823} INFO - Setting next_dagrun for tutorial_objectstorage to None, run_after=None
[2025-09-19T04:12:58.516+0000] {processor.py:183} INFO - Processing /home/airflow/.local/lib/python3.8/site-packages/airflow/example_dags/tutorial_objectstorage.py took 0.146 seconds
[2025-09-19T04:13:29.004+0000] {processor.py:161} INFO - Started process (PID=785) to work on /home/airflow/.local/lib/python3.8/site-packages/airflow/example_dags/tutorial_objectstorage.py
[2025-09-19T04:13:29.006+0000] {processor.py:830} INFO - Processing file /home/airflow/.local/lib/python3.8/site-packages/airflow/example_dags/tutorial_objectstorage.py for tasks to queue
[2025-09-19T04:13:29.009+0000] {logging_mixin.py:188} INFO - [2025-09-19T04:13:29.008+0000] {dagbag.py:538} INFO - Filling up the DagBag from /home/airflow/.local/lib/python3.8/site-packages/airflow/example_dags/tutorial_objectstorage.py
[2025-09-19T04:13:29.021+0000] {processor.py:840} INFO - DAG(s) 'tutorial_objectstorage' retrieved from /home/airflow/.local/lib/python3.8/site-packages/airflow/example_dags/tutorial_objectstorage.py
[2025-09-19T04:13:29.053+0000] {logging_mixin.py:188} INFO - [2025-09-19T04:13:29.053+0000] {dag.py:3036} INFO - Sync 1 DAGs
[2025-09-19T04:13:29.076+0000] {logging_mixin.py:188} INFO - [2025-09-19T04:13:29.076+0000] {dag.py:3823} INFO - Setting next_dagrun for tutorial_objectstorage to None, run_after=None
[2025-09-19T04:13:29.118+0000] {processor.py:183} INFO - Processing /home/airflow/.local/lib/python3.8/site-packages/airflow/example_dags/tutorial_objectstorage.py took 0.120 seconds
[2025-09-19T04:13:59.329+0000] {processor.py:161} INFO - Started process (PID=840) to work on /home/airflow/.local/lib/python3.8/site-packages/airflow/example_dags/tutorial_objectstorage.py
[2025-09-19T04:13:59.331+0000] {processor.py:830} INFO - Processing file /home/airflow/.local/lib/python3.8/site-packages/airflow/example_dags/tutorial_objectstorage.py for tasks to queue
[2025-09-19T04:13:59.335+0000] {logging_mixin.py:188} INFO - [2025-09-19T04:13:59.334+0000] {dagbag.py:538} INFO - Filling up the DagBag from /home/airflow/.local/lib/python3.8/site-packages/airflow/example_dags/tutorial_objectstorage.py
[2025-09-19T04:13:59.348+0000] {processor.py:840} INFO - DAG(s) 'tutorial_objectstorage' retrieved from /home/airflow/.local/lib/python3.8/site-packages/airflow/example_dags/tutorial_objectstorage.py
[2025-09-19T04:13:59.384+0000] {logging_mixin.py:188} INFO - [2025-09-19T04:13:59.384+0000] {dag.py:3036} INFO - Sync 1 DAGs
[2025-09-19T04:13:59.407+0000] {logging_mixin.py:188} INFO - [2025-09-19T04:13:59.406+0000] {dag.py:3823} INFO - Setting next_dagrun for tutorial_objectstorage to None, run_after=None
[2025-09-19T04:13:59.442+0000] {processor.py:183} INFO - Processing /home/airflow/.local/lib/python3.8/site-packages/airflow/example_dags/tutorial_objectstorage.py took 0.118 seconds
[2025-09-19T04:14:29.690+0000] {processor.py:161} INFO - Started process (PID=895) to work on /home/airflow/.local/lib/python3.8/site-packages/airflow/example_dags/tutorial_objectstorage.py
[2025-09-19T04:14:29.692+0000] {processor.py:830} INFO - Processing file /home/airflow/.local/lib/python3.8/site-packages/airflow/example_dags/tutorial_objectstorage.py for tasks to queue
[2025-09-19T04:14:29.696+0000] {logging_mixin.py:188} INFO - [2025-09-19T04:14:29.696+0000] {dagbag.py:538} INFO - Filling up the DagBag from /home/airflow/.local/lib/python3.8/site-packages/airflow/example_dags/tutorial_objectstorage.py
[2025-09-19T04:14:29.711+0000] {processor.py:840} INFO - DAG(s) 'tutorial_objectstorage' retrieved from /home/airflow/.local/lib/python3.8/site-packages/airflow/example_dags/tutorial_objectstorage.py
[2025-09-19T04:14:29.743+0000] {logging_mixin.py:188} INFO - [2025-09-19T04:14:29.742+0000] {dag.py:3036} INFO - Sync 1 DAGs
[2025-09-19T04:14:29.764+0000] {logging_mixin.py:188} INFO - [2025-09-19T04:14:29.764+0000] {dag.py:3823} INFO - Setting next_dagrun for tutorial_objectstorage to None, run_after=None
[2025-09-19T04:14:29.802+0000] {processor.py:183} INFO - Processing /home/airflow/.local/lib/python3.8/site-packages/airflow/example_dags/tutorial_objectstorage.py took 0.122 seconds
[2025-09-19T04:15:00.531+0000] {processor.py:161} INFO - Started process (PID=950) to work on /home/airflow/.local/lib/python3.8/site-packages/airflow/example_dags/tutorial_objectstorage.py
[2025-09-19T04:15:00.533+0000] {processor.py:830} INFO - Processing file /home/airflow/.local/lib/python3.8/site-packages/airflow/example_dags/tutorial_objectstorage.py for tasks to queue
[2025-09-19T04:15:00.536+0000] {logging_mixin.py:188} INFO - [2025-09-19T04:15:00.536+0000] {dagbag.py:538} INFO - Filling up the DagBag from /home/airflow/.local/lib/python3.8/site-packages/airflow/example_dags/tutorial_objectstorage.py
[2025-09-19T04:15:00.549+0000] {processor.py:840} INFO - DAG(s) 'tutorial_objectstorage' retrieved from /home/airflow/.local/lib/python3.8/site-packages/airflow/example_dags/tutorial_objectstorage.py
[2025-09-19T04:15:00.586+0000] {logging_mixin.py:188} INFO - [2025-09-19T04:15:00.585+0000] {dag.py:3036} INFO - Sync 1 DAGs
[2025-09-19T04:15:00.613+0000] {logging_mixin.py:188} INFO - [2025-09-19T04:15:00.612+0000] {dag.py:3823} INFO - Setting next_dagrun for tutorial_objectstorage to None, run_after=None
[2025-09-19T04:15:00.648+0000] {processor.py:183} INFO - Processing /home/airflow/.local/lib/python3.8/site-packages/airflow/example_dags/tutorial_objectstorage.py took 0.123 seconds
[2025-09-19T04:15:30.883+0000] {processor.py:161} INFO - Started process (PID=1005) to work on /home/airflow/.local/lib/python3.8/site-packages/airflow/example_dags/tutorial_objectstorage.py
[2025-09-19T04:15:30.885+0000] {processor.py:830} INFO - Processing file /home/airflow/.local/lib/python3.8/site-packages/airflow/example_dags/tutorial_objectstorage.py for tasks to queue
[2025-09-19T04:15:30.889+0000] {logging_mixin.py:188} INFO - [2025-09-19T04:15:30.888+0000] {dagbag.py:538} INFO - Filling up the DagBag from /home/airflow/.local/lib/python3.8/site-packages/airflow/example_dags/tutorial_objectstorage.py
[2025-09-19T04:15:30.901+0000] {processor.py:840} INFO - DAG(s) 'tutorial_objectstorage' retrieved from /home/airflow/.local/lib/python3.8/site-packages/airflow/example_dags/tutorial_objectstorage.py
[2025-09-19T04:15:30.939+0000] {logging_mixin.py:188} INFO - [2025-09-19T04:15:30.939+0000] {dag.py:3036} INFO - Sync 1 DAGs
[2025-09-19T04:15:30.966+0000] {logging_mixin.py:188} INFO - [2025-09-19T04:15:30.965+0000] {dag.py:3823} INFO - Setting next_dagrun for tutorial_objectstorage to None, run_after=None
[2025-09-19T04:15:31.010+0000] {processor.py:183} INFO - Processing /home/airflow/.local/lib/python3.8/site-packages/airflow/example_dags/tutorial_objectstorage.py took 0.133 seconds
[2025-09-19T04:16:01.387+0000] {processor.py:161} INFO - Started process (PID=1060) to work on /home/airflow/.local/lib/python3.8/site-packages/airflow/example_dags/tutorial_objectstorage.py
[2025-09-19T04:16:01.389+0000] {processor.py:830} INFO - Processing file /home/airflow/.local/lib/python3.8/site-packages/airflow/example_dags/tutorial_objectstorage.py for tasks to queue
[2025-09-19T04:16:01.392+0000] {logging_mixin.py:188} INFO - [2025-09-19T04:16:01.392+0000] {dagbag.py:538} INFO - Filling up the DagBag from /home/airflow/.local/lib/python3.8/site-packages/airflow/example_dags/tutorial_objectstorage.py
[2025-09-19T04:16:01.407+0000] {processor.py:840} INFO - DAG(s) 'tutorial_objectstorage' retrieved from /home/airflow/.local/lib/python3.8/site-packages/airflow/example_dags/tutorial_objectstorage.py
[2025-09-19T04:16:01.443+0000] {logging_mixin.py:188} INFO - [2025-09-19T04:16:01.443+0000] {dag.py:3036} INFO - Sync 1 DAGs
[2025-09-19T04:16:01.467+0000] {logging_mixin.py:188} INFO - [2025-09-19T04:16:01.467+0000] {dag.py:3823} INFO - Setting next_dagrun for tutorial_objectstorage to None, run_after=None
[2025-09-19T04:16:01.505+0000] {processor.py:183} INFO - Processing /home/airflow/.local/lib/python3.8/site-packages/airflow/example_dags/tutorial_objectstorage.py took 0.124 seconds
[2025-09-19T04:16:32.140+0000] {processor.py:161} INFO - Started process (PID=1115) to work on /home/airflow/.local/lib/python3.8/site-packages/airflow/example_dags/tutorial_objectstorage.py
[2025-09-19T04:16:32.142+0000] {processor.py:830} INFO - Processing file /home/airflow/.local/lib/python3.8/site-packages/airflow/example_dags/tutorial_objectstorage.py for tasks to queue
[2025-09-19T04:16:32.146+0000] {logging_mixin.py:188} INFO - [2025-09-19T04:16:32.145+0000] {dagbag.py:538} INFO - Filling up the DagBag from /home/airflow/.local/lib/python3.8/site-packages/airflow/example_dags/tutorial_objectstorage.py
[2025-09-19T04:16:32.158+0000] {processor.py:840} INFO - DAG(s) 'tutorial_objectstorage' retrieved from /home/airflow/.local/lib/python3.8/site-packages/airflow/example_dags/tutorial_objectstorage.py
[2025-09-19T04:16:32.191+0000] {logging_mixin.py:188} INFO - [2025-09-19T04:16:32.191+0000] {dag.py:3036} INFO - Sync 1 DAGs
[2025-09-19T04:16:32.214+0000] {logging_mixin.py:188} INFO - [2025-09-19T04:16:32.214+0000] {dag.py:3823} INFO - Setting next_dagrun for tutorial_objectstorage to None, run_after=None
[2025-09-19T04:16:32.250+0000] {processor.py:183} INFO - Processing /home/airflow/.local/lib/python3.8/site-packages/airflow/example_dags/tutorial_objectstorage.py took 0.116 seconds
[2025-09-19T04:17:02.533+0000] {processor.py:161} INFO - Started process (PID=1170) to work on /home/airflow/.local/lib/python3.8/site-packages/airflow/example_dags/tutorial_objectstorage.py
[2025-09-19T04:17:02.536+0000] {processor.py:830} INFO - Processing file /home/airflow/.local/lib/python3.8/site-packages/airflow/example_dags/tutorial_objectstorage.py for tasks to queue
[2025-09-19T04:17:02.539+0000] {logging_mixin.py:188} INFO - [2025-09-19T04:17:02.538+0000] {dagbag.py:538} INFO - Filling up the DagBag from /home/airflow/.local/lib/python3.8/site-packages/airflow/example_dags/tutorial_objectstorage.py
[2025-09-19T04:17:02.553+0000] {processor.py:840} INFO - DAG(s) 'tutorial_objectstorage' retrieved from /home/airflow/.local/lib/python3.8/site-packages/airflow/example_dags/tutorial_objectstorage.py
[2025-09-19T04:17:02.588+0000] {logging_mixin.py:188} INFO - [2025-09-19T04:17:02.587+0000] {dag.py:3036} INFO - Sync 1 DAGs
[2025-09-19T04:17:02.613+0000] {logging_mixin.py:188} INFO - [2025-09-19T04:17:02.612+0000] {dag.py:3823} INFO - Setting next_dagrun for tutorial_objectstorage to None, run_after=None
[2025-09-19T04:17:02.651+0000] {processor.py:183} INFO - Processing /home/airflow/.local/lib/python3.8/site-packages/airflow/example_dags/tutorial_objectstorage.py took 0.126 seconds
[2025-09-19T04:17:33.314+0000] {processor.py:161} INFO - Started process (PID=1225) to work on /home/airflow/.local/lib/python3.8/site-packages/airflow/example_dags/tutorial_objectstorage.py
[2025-09-19T04:17:33.316+0000] {processor.py:830} INFO - Processing file /home/airflow/.local/lib/python3.8/site-packages/airflow/example_dags/tutorial_objectstorage.py for tasks to queue
[2025-09-19T04:17:33.320+0000] {logging_mixin.py:188} INFO - [2025-09-19T04:17:33.319+0000] {dagbag.py:538} INFO - Filling up the DagBag from /home/airflow/.local/lib/python3.8/site-packages/airflow/example_dags/tutorial_objectstorage.py
[2025-09-19T04:17:33.331+0000] {processor.py:840} INFO - DAG(s) 'tutorial_objectstorage' retrieved from /home/airflow/.local/lib/python3.8/site-packages/airflow/example_dags/tutorial_objectstorage.py
[2025-09-19T04:17:33.363+0000] {logging_mixin.py:188} INFO - [2025-09-19T04:17:33.363+0000] {dag.py:3036} INFO - Sync 1 DAGs
[2025-09-19T04:17:33.386+0000] {logging_mixin.py:188} INFO - [2025-09-19T04:17:33.385+0000] {dag.py:3823} INFO - Setting next_dagrun for tutorial_objectstorage to None, run_after=None
[2025-09-19T04:17:33.420+0000] {processor.py:183} INFO - Processing /home/airflow/.local/lib/python3.8/site-packages/airflow/example_dags/tutorial_objectstorage.py took 0.110 seconds
[2025-09-19T04:18:03.731+0000] {processor.py:161} INFO - Started process (PID=1280) to work on /home/airflow/.local/lib/python3.8/site-packages/airflow/example_dags/tutorial_objectstorage.py
[2025-09-19T04:18:03.733+0000] {processor.py:830} INFO - Processing file /home/airflow/.local/lib/python3.8/site-packages/airflow/example_dags/tutorial_objectstorage.py for tasks to queue
[2025-09-19T04:18:03.736+0000] {logging_mixin.py:188} INFO - [2025-09-19T04:18:03.736+0000] {dagbag.py:538} INFO - Filling up the DagBag from /home/airflow/.local/lib/python3.8/site-packages/airflow/example_dags/tutorial_objectstorage.py
[2025-09-19T04:18:03.750+0000] {processor.py:840} INFO - DAG(s) 'tutorial_objectstorage' retrieved from /home/airflow/.local/lib/python3.8/site-packages/airflow/example_dags/tutorial_objectstorage.py
[2025-09-19T04:18:03.786+0000] {logging_mixin.py:188} INFO - [2025-09-19T04:18:03.785+0000] {dag.py:3036} INFO - Sync 1 DAGs
[2025-09-19T04:18:03.808+0000] {logging_mixin.py:188} INFO - [2025-09-19T04:18:03.808+0000] {dag.py:3823} INFO - Setting next_dagrun for tutorial_objectstorage to None, run_after=None
[2025-09-19T04:18:03.845+0000] {processor.py:183} INFO - Processing /home/airflow/.local/lib/python3.8/site-packages/airflow/example_dags/tutorial_objectstorage.py took 0.120 seconds
[2025-09-19T04:18:34.467+0000] {processor.py:161} INFO - Started process (PID=1335) to work on /home/airflow/.local/lib/python3.8/site-packages/airflow/example_dags/tutorial_objectstorage.py
[2025-09-19T04:18:34.469+0000] {processor.py:830} INFO - Processing file /home/airflow/.local/lib/python3.8/site-packages/airflow/example_dags/tutorial_objectstorage.py for tasks to queue
[2025-09-19T04:18:34.473+0000] {logging_mixin.py:188} INFO - [2025-09-19T04:18:34.472+0000] {dagbag.py:538} INFO - Filling up the DagBag from /home/airflow/.local/lib/python3.8/site-packages/airflow/example_dags/tutorial_objectstorage.py
[2025-09-19T04:18:34.484+0000] {processor.py:840} INFO - DAG(s) 'tutorial_objectstorage' retrieved from /home/airflow/.local/lib/python3.8/site-packages/airflow/example_dags/tutorial_objectstorage.py
[2025-09-19T04:18:34.518+0000] {logging_mixin.py:188} INFO - [2025-09-19T04:18:34.518+0000] {dag.py:3036} INFO - Sync 1 DAGs
[2025-09-19T04:18:34.541+0000] {logging_mixin.py:188} INFO - [2025-09-19T04:18:34.540+0000] {dag.py:3823} INFO - Setting next_dagrun for tutorial_objectstorage to None, run_after=None
[2025-09-19T04:18:34.580+0000] {processor.py:183} INFO - Processing /home/airflow/.local/lib/python3.8/site-packages/airflow/example_dags/tutorial_objectstorage.py took 0.118 seconds
[2025-09-19T04:19:04.826+0000] {processor.py:161} INFO - Started process (PID=1390) to work on /home/airflow/.local/lib/python3.8/site-packages/airflow/example_dags/tutorial_objectstorage.py
[2025-09-19T04:19:04.828+0000] {processor.py:830} INFO - Processing file /home/airflow/.local/lib/python3.8/site-packages/airflow/example_dags/tutorial_objectstorage.py for tasks to queue
[2025-09-19T04:19:04.831+0000] {logging_mixin.py:188} INFO - [2025-09-19T04:19:04.830+0000] {dagbag.py:538} INFO - Filling up the DagBag from /home/airflow/.local/lib/python3.8/site-packages/airflow/example_dags/tutorial_objectstorage.py
[2025-09-19T04:19:04.843+0000] {processor.py:840} INFO - DAG(s) 'tutorial_objectstorage' retrieved from /home/airflow/.local/lib/python3.8/site-packages/airflow/example_dags/tutorial_objectstorage.py
[2025-09-19T04:19:04.886+0000] {logging_mixin.py:188} INFO - [2025-09-19T04:19:04.885+0000] {dag.py:3036} INFO - Sync 1 DAGs
[2025-09-19T04:19:04.911+0000] {logging_mixin.py:188} INFO - [2025-09-19T04:19:04.910+0000] {dag.py:3823} INFO - Setting next_dagrun for tutorial_objectstorage to None, run_after=None
[2025-09-19T04:19:04.945+0000] {processor.py:183} INFO - Processing /home/airflow/.local/lib/python3.8/site-packages/airflow/example_dags/tutorial_objectstorage.py took 0.125 seconds
[2025-09-19T04:19:35.253+0000] {processor.py:161} INFO - Started process (PID=1445) to work on /home/airflow/.local/lib/python3.8/site-packages/airflow/example_dags/tutorial_objectstorage.py
[2025-09-19T04:19:35.254+0000] {processor.py:830} INFO - Processing file /home/airflow/.local/lib/python3.8/site-packages/airflow/example_dags/tutorial_objectstorage.py for tasks to queue
[2025-09-19T04:19:35.258+0000] {logging_mixin.py:188} INFO - [2025-09-19T04:19:35.257+0000] {dagbag.py:538} INFO - Filling up the DagBag from /home/airflow/.local/lib/python3.8/site-packages/airflow/example_dags/tutorial_objectstorage.py
[2025-09-19T04:19:35.270+0000] {processor.py:840} INFO - DAG(s) 'tutorial_objectstorage' retrieved from /home/airflow/.local/lib/python3.8/site-packages/airflow/example_dags/tutorial_objectstorage.py
[2025-09-19T04:19:35.301+0000] {logging_mixin.py:188} INFO - [2025-09-19T04:19:35.300+0000] {dag.py:3036} INFO - Sync 1 DAGs
[2025-09-19T04:19:35.323+0000] {logging_mixin.py:188} INFO - [2025-09-19T04:19:35.322+0000] {dag.py:3823} INFO - Setting next_dagrun for tutorial_objectstorage to None, run_after=None
[2025-09-19T04:19:35.366+0000] {processor.py:183} INFO - Processing /home/airflow/.local/lib/python3.8/site-packages/airflow/example_dags/tutorial_objectstorage.py took 0.120 seconds
[2025-09-19T04:20:05.993+0000] {processor.py:161} INFO - Started process (PID=1500) to work on /home/airflow/.local/lib/python3.8/site-packages/airflow/example_dags/tutorial_objectstorage.py
[2025-09-19T04:20:05.995+0000] {processor.py:830} INFO - Processing file /home/airflow/.local/lib/python3.8/site-packages/airflow/example_dags/tutorial_objectstorage.py for tasks to queue
[2025-09-19T04:20:05.998+0000] {logging_mixin.py:188} INFO - [2025-09-19T04:20:05.998+0000] {dagbag.py:538} INFO - Filling up the DagBag from /home/airflow/.local/lib/python3.8/site-packages/airflow/example_dags/tutorial_objectstorage.py
[2025-09-19T04:20:06.012+0000] {processor.py:840} INFO - DAG(s) 'tutorial_objectstorage' retrieved from /home/airflow/.local/lib/python3.8/site-packages/airflow/example_dags/tutorial_objectstorage.py
[2025-09-19T04:20:06.053+0000] {logging_mixin.py:188} INFO - [2025-09-19T04:20:06.053+0000] {dag.py:3036} INFO - Sync 1 DAGs
[2025-09-19T04:20:06.082+0000] {logging_mixin.py:188} INFO - [2025-09-19T04:20:06.082+0000] {dag.py:3823} INFO - Setting next_dagrun for tutorial_objectstorage to None, run_after=None
[2025-09-19T04:20:06.118+0000] {processor.py:183} INFO - Processing /home/airflow/.local/lib/python3.8/site-packages/airflow/example_dags/tutorial_objectstorage.py took 0.133 seconds
[2025-09-19T04:20:36.391+0000] {processor.py:161} INFO - Started process (PID=1555) to work on /home/airflow/.local/lib/python3.8/site-packages/airflow/example_dags/tutorial_objectstorage.py
[2025-09-19T04:20:36.393+0000] {processor.py:830} INFO - Processing file /home/airflow/.local/lib/python3.8/site-packages/airflow/example_dags/tutorial_objectstorage.py for tasks to queue
[2025-09-19T04:20:36.396+0000] {logging_mixin.py:188} INFO - [2025-09-19T04:20:36.396+0000] {dagbag.py:538} INFO - Filling up the DagBag from /home/airflow/.local/lib/python3.8/site-packages/airflow/example_dags/tutorial_objectstorage.py
[2025-09-19T04:20:36.408+0000] {processor.py:840} INFO - DAG(s) 'tutorial_objectstorage' retrieved from /home/airflow/.local/lib/python3.8/site-packages/airflow/example_dags/tutorial_objectstorage.py
[2025-09-19T04:20:36.446+0000] {logging_mixin.py:188} INFO - [2025-09-19T04:20:36.446+0000] {dag.py:3036} INFO - Sync 1 DAGs
[2025-09-19T04:20:36.469+0000] {logging_mixin.py:188} INFO - [2025-09-19T04:20:36.469+0000] {dag.py:3823} INFO - Setting next_dagrun for tutorial_objectstorage to None, run_after=None
[2025-09-19T04:20:36.508+0000] {processor.py:183} INFO - Processing /home/airflow/.local/lib/python3.8/site-packages/airflow/example_dags/tutorial_objectstorage.py took 0.123 seconds
[2025-09-19T04:21:07.179+0000] {processor.py:161} INFO - Started process (PID=1608) to work on /home/airflow/.local/lib/python3.8/site-packages/airflow/example_dags/tutorial_objectstorage.py
[2025-09-19T04:21:07.181+0000] {processor.py:830} INFO - Processing file /home/airflow/.local/lib/python3.8/site-packages/airflow/example_dags/tutorial_objectstorage.py for tasks to queue
[2025-09-19T04:21:07.185+0000] {logging_mixin.py:188} INFO - [2025-09-19T04:21:07.184+0000] {dagbag.py:538} INFO - Filling up the DagBag from /home/airflow/.local/lib/python3.8/site-packages/airflow/example_dags/tutorial_objectstorage.py
[2025-09-19T04:21:07.196+0000] {processor.py:840} INFO - DAG(s) 'tutorial_objectstorage' retrieved from /home/airflow/.local/lib/python3.8/site-packages/airflow/example_dags/tutorial_objectstorage.py
[2025-09-19T04:21:07.236+0000] {logging_mixin.py:188} INFO - [2025-09-19T04:21:07.235+0000] {dag.py:3036} INFO - Sync 1 DAGs
[2025-09-19T04:21:07.259+0000] {logging_mixin.py:188} INFO - [2025-09-19T04:21:07.258+0000] {dag.py:3823} INFO - Setting next_dagrun for tutorial_objectstorage to None, run_after=None
[2025-09-19T04:21:07.294+0000] {processor.py:183} INFO - Processing /home/airflow/.local/lib/python3.8/site-packages/airflow/example_dags/tutorial_objectstorage.py took 0.120 seconds
[2025-09-19T04:21:37.714+0000] {processor.py:161} INFO - Started process (PID=1663) to work on /home/airflow/.local/lib/python3.8/site-packages/airflow/example_dags/tutorial_objectstorage.py
[2025-09-19T04:21:37.716+0000] {processor.py:830} INFO - Processing file /home/airflow/.local/lib/python3.8/site-packages/airflow/example_dags/tutorial_objectstorage.py for tasks to queue
[2025-09-19T04:21:37.719+0000] {logging_mixin.py:188} INFO - [2025-09-19T04:21:37.718+0000] {dagbag.py:538} INFO - Filling up the DagBag from /home/airflow/.local/lib/python3.8/site-packages/airflow/example_dags/tutorial_objectstorage.py
[2025-09-19T04:21:37.731+0000] {processor.py:840} INFO - DAG(s) 'tutorial_objectstorage' retrieved from /home/airflow/.local/lib/python3.8/site-packages/airflow/example_dags/tutorial_objectstorage.py
[2025-09-19T04:21:37.763+0000] {logging_mixin.py:188} INFO - [2025-09-19T04:21:37.762+0000] {dag.py:3036} INFO - Sync 1 DAGs
[2025-09-19T04:21:37.785+0000] {logging_mixin.py:188} INFO - [2025-09-19T04:21:37.784+0000] {dag.py:3823} INFO - Setting next_dagrun for tutorial_objectstorage to None, run_after=None
[2025-09-19T04:21:37.823+0000] {processor.py:183} INFO - Processing /home/airflow/.local/lib/python3.8/site-packages/airflow/example_dags/tutorial_objectstorage.py took 0.115 seconds
[2025-09-19T04:22:08.054+0000] {processor.py:161} INFO - Started process (PID=1718) to work on /home/airflow/.local/lib/python3.8/site-packages/airflow/example_dags/tutorial_objectstorage.py
[2025-09-19T04:22:08.056+0000] {processor.py:830} INFO - Processing file /home/airflow/.local/lib/python3.8/site-packages/airflow/example_dags/tutorial_objectstorage.py for tasks to queue
[2025-09-19T04:22:08.059+0000] {logging_mixin.py:188} INFO - [2025-09-19T04:22:08.059+0000] {dagbag.py:538} INFO - Filling up the DagBag from /home/airflow/.local/lib/python3.8/site-packages/airflow/example_dags/tutorial_objectstorage.py
[2025-09-19T04:22:08.072+0000] {processor.py:840} INFO - DAG(s) 'tutorial_objectstorage' retrieved from /home/airflow/.local/lib/python3.8/site-packages/airflow/example_dags/tutorial_objectstorage.py
[2025-09-19T04:22:08.104+0000] {logging_mixin.py:188} INFO - [2025-09-19T04:22:08.104+0000] {dag.py:3036} INFO - Sync 1 DAGs
[2025-09-19T04:22:08.126+0000] {logging_mixin.py:188} INFO - [2025-09-19T04:22:08.126+0000] {dag.py:3823} INFO - Setting next_dagrun for tutorial_objectstorage to None, run_after=None
[2025-09-19T04:22:08.159+0000] {processor.py:183} INFO - Processing /home/airflow/.local/lib/python3.8/site-packages/airflow/example_dags/tutorial_objectstorage.py took 0.112 seconds
[2025-09-19T04:22:38.407+0000] {processor.py:161} INFO - Started process (PID=1773) to work on /home/airflow/.local/lib/python3.8/site-packages/airflow/example_dags/tutorial_objectstorage.py
[2025-09-19T04:22:38.409+0000] {processor.py:830} INFO - Processing file /home/airflow/.local/lib/python3.8/site-packages/airflow/example_dags/tutorial_objectstorage.py for tasks to queue
[2025-09-19T04:22:38.412+0000] {logging_mixin.py:188} INFO - [2025-09-19T04:22:38.411+0000] {dagbag.py:538} INFO - Filling up the DagBag from /home/airflow/.local/lib/python3.8/site-packages/airflow/example_dags/tutorial_objectstorage.py
[2025-09-19T04:22:38.428+0000] {processor.py:840} INFO - DAG(s) 'tutorial_objectstorage' retrieved from /home/airflow/.local/lib/python3.8/site-packages/airflow/example_dags/tutorial_objectstorage.py
[2025-09-19T04:22:38.491+0000] {logging_mixin.py:188} INFO - [2025-09-19T04:22:38.491+0000] {dag.py:3036} INFO - Sync 1 DAGs
[2025-09-19T04:22:38.514+0000] {logging_mixin.py:188} INFO - [2025-09-19T04:22:38.514+0000] {dag.py:3823} INFO - Setting next_dagrun for tutorial_objectstorage to None, run_after=None
[2025-09-19T04:22:38.549+0000] {processor.py:183} INFO - Processing /home/airflow/.local/lib/python3.8/site-packages/airflow/example_dags/tutorial_objectstorage.py took 0.149 seconds
[2025-09-19T04:23:08.967+0000] {processor.py:161} INFO - Started process (PID=1828) to work on /home/airflow/.local/lib/python3.8/site-packages/airflow/example_dags/tutorial_objectstorage.py
[2025-09-19T04:23:08.969+0000] {processor.py:830} INFO - Processing file /home/airflow/.local/lib/python3.8/site-packages/airflow/example_dags/tutorial_objectstorage.py for tasks to queue
[2025-09-19T04:23:08.972+0000] {logging_mixin.py:188} INFO - [2025-09-19T04:23:08.972+0000] {dagbag.py:538} INFO - Filling up the DagBag from /home/airflow/.local/lib/python3.8/site-packages/airflow/example_dags/tutorial_objectstorage.py
[2025-09-19T04:23:08.984+0000] {processor.py:840} INFO - DAG(s) 'tutorial_objectstorage' retrieved from /home/airflow/.local/lib/python3.8/site-packages/airflow/example_dags/tutorial_objectstorage.py
[2025-09-19T04:23:09.018+0000] {logging_mixin.py:188} INFO - [2025-09-19T04:23:09.018+0000] {dag.py:3036} INFO - Sync 1 DAGs
[2025-09-19T04:23:09.040+0000] {logging_mixin.py:188} INFO - [2025-09-19T04:23:09.040+0000] {dag.py:3823} INFO - Setting next_dagrun for tutorial_objectstorage to None, run_after=None
[2025-09-19T04:23:09.078+0000] {processor.py:183} INFO - Processing /home/airflow/.local/lib/python3.8/site-packages/airflow/example_dags/tutorial_objectstorage.py took 0.118 seconds
[2025-09-19T04:23:39.351+0000] {processor.py:161} INFO - Started process (PID=1883) to work on /home/airflow/.local/lib/python3.8/site-packages/airflow/example_dags/tutorial_objectstorage.py
[2025-09-19T04:23:39.353+0000] {processor.py:830} INFO - Processing file /home/airflow/.local/lib/python3.8/site-packages/airflow/example_dags/tutorial_objectstorage.py for tasks to queue
[2025-09-19T04:23:39.356+0000] {logging_mixin.py:188} INFO - [2025-09-19T04:23:39.356+0000] {dagbag.py:538} INFO - Filling up the DagBag from /home/airflow/.local/lib/python3.8/site-packages/airflow/example_dags/tutorial_objectstorage.py
[2025-09-19T04:23:39.368+0000] {processor.py:840} INFO - DAG(s) 'tutorial_objectstorage' retrieved from /home/airflow/.local/lib/python3.8/site-packages/airflow/example_dags/tutorial_objectstorage.py
[2025-09-19T04:23:39.405+0000] {logging_mixin.py:188} INFO - [2025-09-19T04:23:39.405+0000] {dag.py:3036} INFO - Sync 1 DAGs
[2025-09-19T04:23:39.428+0000] {logging_mixin.py:188} INFO - [2025-09-19T04:23:39.428+0000] {dag.py:3823} INFO - Setting next_dagrun for tutorial_objectstorage to None, run_after=None
[2025-09-19T04:23:39.463+0000] {processor.py:183} INFO - Processing /home/airflow/.local/lib/python3.8/site-packages/airflow/example_dags/tutorial_objectstorage.py took 0.118 seconds
[2025-09-19T04:24:09.855+0000] {processor.py:161} INFO - Started process (PID=1938) to work on /home/airflow/.local/lib/python3.8/site-packages/airflow/example_dags/tutorial_objectstorage.py
[2025-09-19T04:24:09.857+0000] {processor.py:830} INFO - Processing file /home/airflow/.local/lib/python3.8/site-packages/airflow/example_dags/tutorial_objectstorage.py for tasks to queue
[2025-09-19T04:24:09.860+0000] {logging_mixin.py:188} INFO - [2025-09-19T04:24:09.860+0000] {dagbag.py:538} INFO - Filling up the DagBag from /home/airflow/.local/lib/python3.8/site-packages/airflow/example_dags/tutorial_objectstorage.py
[2025-09-19T04:24:09.872+0000] {processor.py:840} INFO - DAG(s) 'tutorial_objectstorage' retrieved from /home/airflow/.local/lib/python3.8/site-packages/airflow/example_dags/tutorial_objectstorage.py
[2025-09-19T04:24:09.907+0000] {logging_mixin.py:188} INFO - [2025-09-19T04:24:09.906+0000] {dag.py:3036} INFO - Sync 1 DAGs
[2025-09-19T04:24:09.930+0000] {logging_mixin.py:188} INFO - [2025-09-19T04:24:09.929+0000] {dag.py:3823} INFO - Setting next_dagrun for tutorial_objectstorage to None, run_after=None
[2025-09-19T04:24:09.963+0000] {processor.py:183} INFO - Processing /home/airflow/.local/lib/python3.8/site-packages/airflow/example_dags/tutorial_objectstorage.py took 0.114 seconds
[2025-09-19T04:24:40.119+0000] {processor.py:161} INFO - Started process (PID=1994) to work on /home/airflow/.local/lib/python3.8/site-packages/airflow/example_dags/tutorial_objectstorage.py
[2025-09-19T04:24:40.121+0000] {processor.py:830} INFO - Processing file /home/airflow/.local/lib/python3.8/site-packages/airflow/example_dags/tutorial_objectstorage.py for tasks to queue
[2025-09-19T04:24:40.124+0000] {logging_mixin.py:188} INFO - [2025-09-19T04:24:40.124+0000] {dagbag.py:538} INFO - Filling up the DagBag from /home/airflow/.local/lib/python3.8/site-packages/airflow/example_dags/tutorial_objectstorage.py
[2025-09-19T04:24:40.136+0000] {processor.py:840} INFO - DAG(s) 'tutorial_objectstorage' retrieved from /home/airflow/.local/lib/python3.8/site-packages/airflow/example_dags/tutorial_objectstorage.py
[2025-09-19T04:24:40.169+0000] {logging_mixin.py:188} INFO - [2025-09-19T04:24:40.169+0000] {dag.py:3036} INFO - Sync 1 DAGs
[2025-09-19T04:24:40.192+0000] {logging_mixin.py:188} INFO - [2025-09-19T04:24:40.191+0000] {dag.py:3823} INFO - Setting next_dagrun for tutorial_objectstorage to None, run_after=None
[2025-09-19T04:24:40.231+0000] {processor.py:183} INFO - Processing /home/airflow/.local/lib/python3.8/site-packages/airflow/example_dags/tutorial_objectstorage.py took 0.117 seconds
[2025-09-19T04:25:10.406+0000] {processor.py:161} INFO - Started process (PID=2049) to work on /home/airflow/.local/lib/python3.8/site-packages/airflow/example_dags/tutorial_objectstorage.py
[2025-09-19T04:25:10.408+0000] {processor.py:830} INFO - Processing file /home/airflow/.local/lib/python3.8/site-packages/airflow/example_dags/tutorial_objectstorage.py for tasks to queue
[2025-09-19T04:25:10.412+0000] {logging_mixin.py:188} INFO - [2025-09-19T04:25:10.411+0000] {dagbag.py:538} INFO - Filling up the DagBag from /home/airflow/.local/lib/python3.8/site-packages/airflow/example_dags/tutorial_objectstorage.py
[2025-09-19T04:25:10.427+0000] {processor.py:840} INFO - DAG(s) 'tutorial_objectstorage' retrieved from /home/airflow/.local/lib/python3.8/site-packages/airflow/example_dags/tutorial_objectstorage.py
[2025-09-19T04:25:10.463+0000] {logging_mixin.py:188} INFO - [2025-09-19T04:25:10.463+0000] {dag.py:3036} INFO - Sync 1 DAGs
[2025-09-19T04:25:10.491+0000] {logging_mixin.py:188} INFO - [2025-09-19T04:25:10.490+0000] {dag.py:3823} INFO - Setting next_dagrun for tutorial_objectstorage to None, run_after=None
[2025-09-19T04:25:10.528+0000] {processor.py:183} INFO - Processing /home/airflow/.local/lib/python3.8/site-packages/airflow/example_dags/tutorial_objectstorage.py took 0.129 seconds
[2025-09-19T04:25:40.653+0000] {processor.py:161} INFO - Started process (PID=2104) to work on /home/airflow/.local/lib/python3.8/site-packages/airflow/example_dags/tutorial_objectstorage.py
[2025-09-19T04:25:40.656+0000] {processor.py:830} INFO - Processing file /home/airflow/.local/lib/python3.8/site-packages/airflow/example_dags/tutorial_objectstorage.py for tasks to queue
[2025-09-19T04:25:40.659+0000] {logging_mixin.py:188} INFO - [2025-09-19T04:25:40.659+0000] {dagbag.py:538} INFO - Filling up the DagBag from /home/airflow/.local/lib/python3.8/site-packages/airflow/example_dags/tutorial_objectstorage.py
[2025-09-19T04:25:40.673+0000] {processor.py:840} INFO - DAG(s) 'tutorial_objectstorage' retrieved from /home/airflow/.local/lib/python3.8/site-packages/airflow/example_dags/tutorial_objectstorage.py
[2025-09-19T04:25:40.708+0000] {logging_mixin.py:188} INFO - [2025-09-19T04:25:40.708+0000] {dag.py:3036} INFO - Sync 1 DAGs
[2025-09-19T04:25:40.731+0000] {logging_mixin.py:188} INFO - [2025-09-19T04:25:40.730+0000] {dag.py:3823} INFO - Setting next_dagrun for tutorial_objectstorage to None, run_after=None
[2025-09-19T04:25:40.766+0000] {processor.py:183} INFO - Processing /home/airflow/.local/lib/python3.8/site-packages/airflow/example_dags/tutorial_objectstorage.py took 0.118 seconds
[2025-09-19T04:26:11.097+0000] {processor.py:161} INFO - Started process (PID=2159) to work on /home/airflow/.local/lib/python3.8/site-packages/airflow/example_dags/tutorial_objectstorage.py
[2025-09-19T04:26:11.099+0000] {processor.py:830} INFO - Processing file /home/airflow/.local/lib/python3.8/site-packages/airflow/example_dags/tutorial_objectstorage.py for tasks to queue
[2025-09-19T04:26:11.102+0000] {logging_mixin.py:188} INFO - [2025-09-19T04:26:11.102+0000] {dagbag.py:538} INFO - Filling up the DagBag from /home/airflow/.local/lib/python3.8/site-packages/airflow/example_dags/tutorial_objectstorage.py
[2025-09-19T04:26:11.114+0000] {processor.py:840} INFO - DAG(s) 'tutorial_objectstorage' retrieved from /home/airflow/.local/lib/python3.8/site-packages/airflow/example_dags/tutorial_objectstorage.py
[2025-09-19T04:26:11.150+0000] {logging_mixin.py:188} INFO - [2025-09-19T04:26:11.150+0000] {dag.py:3036} INFO - Sync 1 DAGs
[2025-09-19T04:26:11.173+0000] {logging_mixin.py:188} INFO - [2025-09-19T04:26:11.173+0000] {dag.py:3823} INFO - Setting next_dagrun for tutorial_objectstorage to None, run_after=None
[2025-09-19T04:26:11.214+0000] {processor.py:183} INFO - Processing /home/airflow/.local/lib/python3.8/site-packages/airflow/example_dags/tutorial_objectstorage.py took 0.123 seconds
[2025-09-19T04:26:41.782+0000] {processor.py:161} INFO - Started process (PID=2214) to work on /home/airflow/.local/lib/python3.8/site-packages/airflow/example_dags/tutorial_objectstorage.py
[2025-09-19T04:26:41.784+0000] {processor.py:830} INFO - Processing file /home/airflow/.local/lib/python3.8/site-packages/airflow/example_dags/tutorial_objectstorage.py for tasks to queue
[2025-09-19T04:26:41.788+0000] {logging_mixin.py:188} INFO - [2025-09-19T04:26:41.787+0000] {dagbag.py:538} INFO - Filling up the DagBag from /home/airflow/.local/lib/python3.8/site-packages/airflow/example_dags/tutorial_objectstorage.py
[2025-09-19T04:26:41.801+0000] {processor.py:840} INFO - DAG(s) 'tutorial_objectstorage' retrieved from /home/airflow/.local/lib/python3.8/site-packages/airflow/example_dags/tutorial_objectstorage.py
[2025-09-19T04:26:41.836+0000] {logging_mixin.py:188} INFO - [2025-09-19T04:26:41.836+0000] {dag.py:3036} INFO - Sync 1 DAGs
[2025-09-19T04:26:41.861+0000] {logging_mixin.py:188} INFO - [2025-09-19T04:26:41.861+0000] {dag.py:3823} INFO - Setting next_dagrun for tutorial_objectstorage to None, run_after=None
[2025-09-19T04:26:41.897+0000] {processor.py:183} INFO - Processing /home/airflow/.local/lib/python3.8/site-packages/airflow/example_dags/tutorial_objectstorage.py took 0.121 seconds
[2025-09-19T04:27:12.019+0000] {processor.py:161} INFO - Started process (PID=2269) to work on /home/airflow/.local/lib/python3.8/site-packages/airflow/example_dags/tutorial_objectstorage.py
[2025-09-19T04:27:12.022+0000] {processor.py:830} INFO - Processing file /home/airflow/.local/lib/python3.8/site-packages/airflow/example_dags/tutorial_objectstorage.py for tasks to queue
[2025-09-19T04:27:12.026+0000] {logging_mixin.py:188} INFO - [2025-09-19T04:27:12.025+0000] {dagbag.py:538} INFO - Filling up the DagBag from /home/airflow/.local/lib/python3.8/site-packages/airflow/example_dags/tutorial_objectstorage.py
[2025-09-19T04:27:12.039+0000] {processor.py:840} INFO - DAG(s) 'tutorial_objectstorage' retrieved from /home/airflow/.local/lib/python3.8/site-packages/airflow/example_dags/tutorial_objectstorage.py
[2025-09-19T04:27:12.078+0000] {logging_mixin.py:188} INFO - [2025-09-19T04:27:12.078+0000] {dag.py:3036} INFO - Sync 1 DAGs
[2025-09-19T04:27:12.103+0000] {logging_mixin.py:188} INFO - [2025-09-19T04:27:12.103+0000] {dag.py:3823} INFO - Setting next_dagrun for tutorial_objectstorage to None, run_after=None
[2025-09-19T04:27:12.142+0000] {processor.py:183} INFO - Processing /home/airflow/.local/lib/python3.8/site-packages/airflow/example_dags/tutorial_objectstorage.py took 0.129 seconds
[2025-09-19T04:27:42.388+0000] {processor.py:161} INFO - Started process (PID=2324) to work on /home/airflow/.local/lib/python3.8/site-packages/airflow/example_dags/tutorial_objectstorage.py
[2025-09-19T04:27:42.390+0000] {processor.py:830} INFO - Processing file /home/airflow/.local/lib/python3.8/site-packages/airflow/example_dags/tutorial_objectstorage.py for tasks to queue
[2025-09-19T04:27:42.393+0000] {logging_mixin.py:188} INFO - [2025-09-19T04:27:42.393+0000] {dagbag.py:538} INFO - Filling up the DagBag from /home/airflow/.local/lib/python3.8/site-packages/airflow/example_dags/tutorial_objectstorage.py
[2025-09-19T04:27:42.405+0000] {processor.py:840} INFO - DAG(s) 'tutorial_objectstorage' retrieved from /home/airflow/.local/lib/python3.8/site-packages/airflow/example_dags/tutorial_objectstorage.py
[2025-09-19T04:27:42.445+0000] {logging_mixin.py:188} INFO - [2025-09-19T04:27:42.445+0000] {dag.py:3036} INFO - Sync 1 DAGs
[2025-09-19T04:27:42.468+0000] {logging_mixin.py:188} INFO - [2025-09-19T04:27:42.467+0000] {dag.py:3823} INFO - Setting next_dagrun for tutorial_objectstorage to None, run_after=None
[2025-09-19T04:27:42.503+0000] {processor.py:183} INFO - Processing /home/airflow/.local/lib/python3.8/site-packages/airflow/example_dags/tutorial_objectstorage.py took 0.120 seconds
[2025-09-19T04:28:12.913+0000] {processor.py:161} INFO - Started process (PID=2379) to work on /home/airflow/.local/lib/python3.8/site-packages/airflow/example_dags/tutorial_objectstorage.py
[2025-09-19T04:28:12.915+0000] {processor.py:830} INFO - Processing file /home/airflow/.local/lib/python3.8/site-packages/airflow/example_dags/tutorial_objectstorage.py for tasks to queue
[2025-09-19T04:28:12.918+0000] {logging_mixin.py:188} INFO - [2025-09-19T04:28:12.917+0000] {dagbag.py:538} INFO - Filling up the DagBag from /home/airflow/.local/lib/python3.8/site-packages/airflow/example_dags/tutorial_objectstorage.py
[2025-09-19T04:28:12.930+0000] {processor.py:840} INFO - DAG(s) 'tutorial_objectstorage' retrieved from /home/airflow/.local/lib/python3.8/site-packages/airflow/example_dags/tutorial_objectstorage.py
[2025-09-19T04:28:12.967+0000] {logging_mixin.py:188} INFO - [2025-09-19T04:28:12.966+0000] {dag.py:3036} INFO - Sync 1 DAGs
[2025-09-19T04:28:12.991+0000] {logging_mixin.py:188} INFO - [2025-09-19T04:28:12.991+0000] {dag.py:3823} INFO - Setting next_dagrun for tutorial_objectstorage to None, run_after=None
[2025-09-19T04:28:13.031+0000] {processor.py:183} INFO - Processing /home/airflow/.local/lib/python3.8/site-packages/airflow/example_dags/tutorial_objectstorage.py took 0.124 seconds
[2025-09-19T04:28:43.739+0000] {processor.py:161} INFO - Started process (PID=2434) to work on /home/airflow/.local/lib/python3.8/site-packages/airflow/example_dags/tutorial_objectstorage.py
[2025-09-19T04:28:43.741+0000] {processor.py:830} INFO - Processing file /home/airflow/.local/lib/python3.8/site-packages/airflow/example_dags/tutorial_objectstorage.py for tasks to queue
[2025-09-19T04:28:43.744+0000] {logging_mixin.py:188} INFO - [2025-09-19T04:28:43.744+0000] {dagbag.py:538} INFO - Filling up the DagBag from /home/airflow/.local/lib/python3.8/site-packages/airflow/example_dags/tutorial_objectstorage.py
[2025-09-19T04:28:43.757+0000] {processor.py:840} INFO - DAG(s) 'tutorial_objectstorage' retrieved from /home/airflow/.local/lib/python3.8/site-packages/airflow/example_dags/tutorial_objectstorage.py
[2025-09-19T04:28:43.788+0000] {logging_mixin.py:188} INFO - [2025-09-19T04:28:43.788+0000] {dag.py:3036} INFO - Sync 1 DAGs
[2025-09-19T04:28:43.810+0000] {logging_mixin.py:188} INFO - [2025-09-19T04:28:43.810+0000] {dag.py:3823} INFO - Setting next_dagrun for tutorial_objectstorage to None, run_after=None
[2025-09-19T04:28:43.848+0000] {processor.py:183} INFO - Processing /home/airflow/.local/lib/python3.8/site-packages/airflow/example_dags/tutorial_objectstorage.py took 0.114 seconds
[2025-09-19T04:29:14.087+0000] {processor.py:161} INFO - Started process (PID=2489) to work on /home/airflow/.local/lib/python3.8/site-packages/airflow/example_dags/tutorial_objectstorage.py
[2025-09-19T04:29:14.089+0000] {processor.py:830} INFO - Processing file /home/airflow/.local/lib/python3.8/site-packages/airflow/example_dags/tutorial_objectstorage.py for tasks to queue
[2025-09-19T04:29:14.093+0000] {logging_mixin.py:188} INFO - [2025-09-19T04:29:14.093+0000] {dagbag.py:538} INFO - Filling up the DagBag from /home/airflow/.local/lib/python3.8/site-packages/airflow/example_dags/tutorial_objectstorage.py
[2025-09-19T04:29:14.109+0000] {processor.py:840} INFO - DAG(s) 'tutorial_objectstorage' retrieved from /home/airflow/.local/lib/python3.8/site-packages/airflow/example_dags/tutorial_objectstorage.py
[2025-09-19T04:29:14.148+0000] {logging_mixin.py:188} INFO - [2025-09-19T04:29:14.147+0000] {dag.py:3036} INFO - Sync 1 DAGs
[2025-09-19T04:29:14.174+0000] {logging_mixin.py:188} INFO - [2025-09-19T04:29:14.173+0000] {dag.py:3823} INFO - Setting next_dagrun for tutorial_objectstorage to None, run_after=None
[2025-09-19T04:29:14.211+0000] {processor.py:183} INFO - Processing /home/airflow/.local/lib/python3.8/site-packages/airflow/example_dags/tutorial_objectstorage.py took 0.133 seconds
[2025-09-19T04:29:44.731+0000] {processor.py:161} INFO - Started process (PID=2544) to work on /home/airflow/.local/lib/python3.8/site-packages/airflow/example_dags/tutorial_objectstorage.py
[2025-09-19T04:29:44.733+0000] {processor.py:830} INFO - Processing file /home/airflow/.local/lib/python3.8/site-packages/airflow/example_dags/tutorial_objectstorage.py for tasks to queue
[2025-09-19T04:29:44.736+0000] {logging_mixin.py:188} INFO - [2025-09-19T04:29:44.735+0000] {dagbag.py:538} INFO - Filling up the DagBag from /home/airflow/.local/lib/python3.8/site-packages/airflow/example_dags/tutorial_objectstorage.py
[2025-09-19T04:29:44.749+0000] {processor.py:840} INFO - DAG(s) 'tutorial_objectstorage' retrieved from /home/airflow/.local/lib/python3.8/site-packages/airflow/example_dags/tutorial_objectstorage.py
[2025-09-19T04:29:44.783+0000] {logging_mixin.py:188} INFO - [2025-09-19T04:29:44.782+0000] {dag.py:3036} INFO - Sync 1 DAGs
[2025-09-19T04:29:44.805+0000] {logging_mixin.py:188} INFO - [2025-09-19T04:29:44.804+0000] {dag.py:3823} INFO - Setting next_dagrun for tutorial_objectstorage to None, run_after=None
[2025-09-19T04:29:44.842+0000] {processor.py:183} INFO - Processing /home/airflow/.local/lib/python3.8/site-packages/airflow/example_dags/tutorial_objectstorage.py took 0.117 seconds
[2025-09-19T04:30:14.967+0000] {processor.py:161} INFO - Started process (PID=2599) to work on /home/airflow/.local/lib/python3.8/site-packages/airflow/example_dags/tutorial_objectstorage.py
[2025-09-19T04:30:14.969+0000] {processor.py:830} INFO - Processing file /home/airflow/.local/lib/python3.8/site-packages/airflow/example_dags/tutorial_objectstorage.py for tasks to queue
[2025-09-19T04:30:14.973+0000] {logging_mixin.py:188} INFO - [2025-09-19T04:30:14.972+0000] {dagbag.py:538} INFO - Filling up the DagBag from /home/airflow/.local/lib/python3.8/site-packages/airflow/example_dags/tutorial_objectstorage.py
[2025-09-19T04:30:14.985+0000] {processor.py:840} INFO - DAG(s) 'tutorial_objectstorage' retrieved from /home/airflow/.local/lib/python3.8/site-packages/airflow/example_dags/tutorial_objectstorage.py
[2025-09-19T04:30:15.016+0000] {logging_mixin.py:188} INFO - [2025-09-19T04:30:15.016+0000] {dag.py:3036} INFO - Sync 1 DAGs
[2025-09-19T04:30:15.038+0000] {logging_mixin.py:188} INFO - [2025-09-19T04:30:15.038+0000] {dag.py:3823} INFO - Setting next_dagrun for tutorial_objectstorage to None, run_after=None
[2025-09-19T04:30:15.076+0000] {processor.py:183} INFO - Processing /home/airflow/.local/lib/python3.8/site-packages/airflow/example_dags/tutorial_objectstorage.py took 0.116 seconds
[2025-09-19T04:30:45.673+0000] {processor.py:161} INFO - Started process (PID=2654) to work on /home/airflow/.local/lib/python3.8/site-packages/airflow/example_dags/tutorial_objectstorage.py
[2025-09-19T04:30:45.675+0000] {processor.py:830} INFO - Processing file /home/airflow/.local/lib/python3.8/site-packages/airflow/example_dags/tutorial_objectstorage.py for tasks to queue
[2025-09-19T04:30:45.678+0000] {logging_mixin.py:188} INFO - [2025-09-19T04:30:45.678+0000] {dagbag.py:538} INFO - Filling up the DagBag from /home/airflow/.local/lib/python3.8/site-packages/airflow/example_dags/tutorial_objectstorage.py
[2025-09-19T04:30:45.691+0000] {processor.py:840} INFO - DAG(s) 'tutorial_objectstorage' retrieved from /home/airflow/.local/lib/python3.8/site-packages/airflow/example_dags/tutorial_objectstorage.py
[2025-09-19T04:30:45.725+0000] {logging_mixin.py:188} INFO - [2025-09-19T04:30:45.725+0000] {dag.py:3036} INFO - Sync 1 DAGs
[2025-09-19T04:30:45.747+0000] {logging_mixin.py:188} INFO - [2025-09-19T04:30:45.747+0000] {dag.py:3823} INFO - Setting next_dagrun for tutorial_objectstorage to None, run_after=None
[2025-09-19T04:30:45.781+0000] {processor.py:183} INFO - Processing /home/airflow/.local/lib/python3.8/site-packages/airflow/example_dags/tutorial_objectstorage.py took 0.114 seconds
[2025-09-19T04:31:16.212+0000] {processor.py:161} INFO - Started process (PID=2709) to work on /home/airflow/.local/lib/python3.8/site-packages/airflow/example_dags/tutorial_objectstorage.py
[2025-09-19T04:31:16.214+0000] {processor.py:830} INFO - Processing file /home/airflow/.local/lib/python3.8/site-packages/airflow/example_dags/tutorial_objectstorage.py for tasks to queue
[2025-09-19T04:31:16.218+0000] {logging_mixin.py:188} INFO - [2025-09-19T04:31:16.217+0000] {dagbag.py:538} INFO - Filling up the DagBag from /home/airflow/.local/lib/python3.8/site-packages/airflow/example_dags/tutorial_objectstorage.py
[2025-09-19T04:31:16.230+0000] {processor.py:840} INFO - DAG(s) 'tutorial_objectstorage' retrieved from /home/airflow/.local/lib/python3.8/site-packages/airflow/example_dags/tutorial_objectstorage.py
[2025-09-19T04:31:16.267+0000] {logging_mixin.py:188} INFO - [2025-09-19T04:31:16.266+0000] {dag.py:3036} INFO - Sync 1 DAGs
[2025-09-19T04:31:16.290+0000] {logging_mixin.py:188} INFO - [2025-09-19T04:31:16.289+0000] {dag.py:3823} INFO - Setting next_dagrun for tutorial_objectstorage to None, run_after=None
[2025-09-19T04:31:16.332+0000] {processor.py:183} INFO - Processing /home/airflow/.local/lib/python3.8/site-packages/airflow/example_dags/tutorial_objectstorage.py took 0.126 seconds
[2025-09-19T04:31:47.632+0000] {processor.py:161} INFO - Started process (PID=2764) to work on /home/airflow/.local/lib/python3.8/site-packages/airflow/example_dags/tutorial_objectstorage.py
[2025-09-19T04:31:47.634+0000] {processor.py:830} INFO - Processing file /home/airflow/.local/lib/python3.8/site-packages/airflow/example_dags/tutorial_objectstorage.py for tasks to queue
[2025-09-19T04:31:47.637+0000] {logging_mixin.py:188} INFO - [2025-09-19T04:31:47.636+0000] {dagbag.py:538} INFO - Filling up the DagBag from /home/airflow/.local/lib/python3.8/site-packages/airflow/example_dags/tutorial_objectstorage.py
[2025-09-19T04:31:47.649+0000] {processor.py:840} INFO - DAG(s) 'tutorial_objectstorage' retrieved from /home/airflow/.local/lib/python3.8/site-packages/airflow/example_dags/tutorial_objectstorage.py
[2025-09-19T04:31:47.683+0000] {logging_mixin.py:188} INFO - [2025-09-19T04:31:47.683+0000] {dag.py:3036} INFO - Sync 1 DAGs
[2025-09-19T04:31:47.706+0000] {logging_mixin.py:188} INFO - [2025-09-19T04:31:47.706+0000] {dag.py:3823} INFO - Setting next_dagrun for tutorial_objectstorage to None, run_after=None
[2025-09-19T04:31:47.910+0000] {processor.py:183} INFO - Processing /home/airflow/.local/lib/python3.8/site-packages/airflow/example_dags/tutorial_objectstorage.py took 0.285 seconds
[2025-09-19T04:32:18.939+0000] {processor.py:161} INFO - Started process (PID=2819) to work on /home/airflow/.local/lib/python3.8/site-packages/airflow/example_dags/tutorial_objectstorage.py
[2025-09-19T04:32:18.941+0000] {processor.py:830} INFO - Processing file /home/airflow/.local/lib/python3.8/site-packages/airflow/example_dags/tutorial_objectstorage.py for tasks to queue
[2025-09-19T04:32:18.945+0000] {logging_mixin.py:188} INFO - [2025-09-19T04:32:18.944+0000] {dagbag.py:538} INFO - Filling up the DagBag from /home/airflow/.local/lib/python3.8/site-packages/airflow/example_dags/tutorial_objectstorage.py
[2025-09-19T04:32:18.956+0000] {processor.py:840} INFO - DAG(s) 'tutorial_objectstorage' retrieved from /home/airflow/.local/lib/python3.8/site-packages/airflow/example_dags/tutorial_objectstorage.py
[2025-09-19T04:32:18.990+0000] {logging_mixin.py:188} INFO - [2025-09-19T04:32:18.990+0000] {dag.py:3036} INFO - Sync 1 DAGs
[2025-09-19T04:32:19.013+0000] {logging_mixin.py:188} INFO - [2025-09-19T04:32:19.012+0000] {dag.py:3823} INFO - Setting next_dagrun for tutorial_objectstorage to None, run_after=None
[2025-09-19T04:32:19.053+0000] {processor.py:183} INFO - Processing /home/airflow/.local/lib/python3.8/site-packages/airflow/example_dags/tutorial_objectstorage.py took 0.119 seconds
[2025-09-19T04:32:49.662+0000] {processor.py:161} INFO - Started process (PID=2874) to work on /home/airflow/.local/lib/python3.8/site-packages/airflow/example_dags/tutorial_objectstorage.py
[2025-09-19T04:32:49.664+0000] {processor.py:830} INFO - Processing file /home/airflow/.local/lib/python3.8/site-packages/airflow/example_dags/tutorial_objectstorage.py for tasks to queue
[2025-09-19T04:32:49.667+0000] {logging_mixin.py:188} INFO - [2025-09-19T04:32:49.667+0000] {dagbag.py:538} INFO - Filling up the DagBag from /home/airflow/.local/lib/python3.8/site-packages/airflow/example_dags/tutorial_objectstorage.py
[2025-09-19T04:32:49.679+0000] {processor.py:840} INFO - DAG(s) 'tutorial_objectstorage' retrieved from /home/airflow/.local/lib/python3.8/site-packages/airflow/example_dags/tutorial_objectstorage.py
[2025-09-19T04:32:49.715+0000] {logging_mixin.py:188} INFO - [2025-09-19T04:32:49.714+0000] {dag.py:3036} INFO - Sync 1 DAGs
[2025-09-19T04:32:49.741+0000] {logging_mixin.py:188} INFO - [2025-09-19T04:32:49.740+0000] {dag.py:3823} INFO - Setting next_dagrun for tutorial_objectstorage to None, run_after=None
[2025-09-19T04:32:49.782+0000] {processor.py:183} INFO - Processing /home/airflow/.local/lib/python3.8/site-packages/airflow/example_dags/tutorial_objectstorage.py took 0.128 seconds
[2025-09-19T04:33:19.881+0000] {processor.py:161} INFO - Started process (PID=2929) to work on /home/airflow/.local/lib/python3.8/site-packages/airflow/example_dags/tutorial_objectstorage.py
[2025-09-19T04:33:19.883+0000] {processor.py:830} INFO - Processing file /home/airflow/.local/lib/python3.8/site-packages/airflow/example_dags/tutorial_objectstorage.py for tasks to queue
[2025-09-19T04:33:19.887+0000] {logging_mixin.py:188} INFO - [2025-09-19T04:33:19.887+0000] {dagbag.py:538} INFO - Filling up the DagBag from /home/airflow/.local/lib/python3.8/site-packages/airflow/example_dags/tutorial_objectstorage.py
[2025-09-19T04:33:19.901+0000] {processor.py:840} INFO - DAG(s) 'tutorial_objectstorage' retrieved from /home/airflow/.local/lib/python3.8/site-packages/airflow/example_dags/tutorial_objectstorage.py
[2025-09-19T04:33:19.942+0000] {logging_mixin.py:188} INFO - [2025-09-19T04:33:19.942+0000] {dag.py:3036} INFO - Sync 1 DAGs
[2025-09-19T04:33:19.973+0000] {logging_mixin.py:188} INFO - [2025-09-19T04:33:19.973+0000] {dag.py:3823} INFO - Setting next_dagrun for tutorial_objectstorage to None, run_after=None
[2025-09-19T04:33:20.020+0000] {processor.py:183} INFO - Processing /home/airflow/.local/lib/python3.8/site-packages/airflow/example_dags/tutorial_objectstorage.py took 0.147 seconds
