[2025-09-19T04:06:20.020+0000] {processor.py:161} INFO - Started process (PID=47) to work on /home/airflow/.local/lib/python3.8/site-packages/airflow/example_dags/tutorial_taskflow_api.py
[2025-09-19T04:06:20.023+0000] {processor.py:830} INFO - Processing file /home/airflow/.local/lib/python3.8/site-packages/airflow/example_dags/tutorial_taskflow_api.py for tasks to queue
[2025-09-19T04:06:20.029+0000] {logging_mixin.py:188} INFO - [2025-09-19T04:06:20.028+0000] {dagbag.py:538} INFO - Filling up the DagBag from /home/airflow/.local/lib/python3.8/site-packages/airflow/example_dags/tutorial_taskflow_api.py
[2025-09-19T04:06:20.060+0000] {processor.py:840} INFO - DAG(s) 'tutorial_taskflow_api' retrieved from /home/airflow/.local/lib/python3.8/site-packages/airflow/example_dags/tutorial_taskflow_api.py
[2025-09-19T04:06:20.631+0000] {logging_mixin.py:188} INFO - [2025-09-19T04:06:20.630+0000] {dag.py:3036} INFO - Sync 1 DAGs
[2025-09-19T04:06:20.661+0000] {logging_mixin.py:188} INFO - [2025-09-19T04:06:20.661+0000] {dag.py:3823} INFO - Setting next_dagrun for tutorial_taskflow_api to None, run_after=None
[2025-09-19T04:06:20.728+0000] {processor.py:183} INFO - Processing /home/airflow/.local/lib/python3.8/site-packages/airflow/example_dags/tutorial_taskflow_api.py took 0.725 seconds
[2025-09-19T04:07:01.687+0000] {processor.py:161} INFO - Started process (PID=103) to work on /home/airflow/.local/lib/python3.8/site-packages/airflow/example_dags/tutorial_taskflow_api.py
[2025-09-19T04:07:01.689+0000] {processor.py:830} INFO - Processing file /home/airflow/.local/lib/python3.8/site-packages/airflow/example_dags/tutorial_taskflow_api.py for tasks to queue
[2025-09-19T04:07:01.693+0000] {logging_mixin.py:188} INFO - [2025-09-19T04:07:01.692+0000] {dagbag.py:538} INFO - Filling up the DagBag from /home/airflow/.local/lib/python3.8/site-packages/airflow/example_dags/tutorial_taskflow_api.py
[2025-09-19T04:07:01.709+0000] {processor.py:840} INFO - DAG(s) 'tutorial_taskflow_api' retrieved from /home/airflow/.local/lib/python3.8/site-packages/airflow/example_dags/tutorial_taskflow_api.py
[2025-09-19T04:07:01.756+0000] {logging_mixin.py:188} INFO - [2025-09-19T04:07:01.755+0000] {dag.py:3036} INFO - Sync 1 DAGs
[2025-09-19T04:07:01.787+0000] {logging_mixin.py:188} INFO - [2025-09-19T04:07:01.787+0000] {dag.py:3823} INFO - Setting next_dagrun for tutorial_taskflow_api to None, run_after=None
[2025-09-19T04:07:01.826+0000] {processor.py:183} INFO - Processing /home/airflow/.local/lib/python3.8/site-packages/airflow/example_dags/tutorial_taskflow_api.py took 0.146 seconds
[2025-09-19T04:07:32.034+0000] {processor.py:161} INFO - Started process (PID=156) to work on /home/airflow/.local/lib/python3.8/site-packages/airflow/example_dags/tutorial_taskflow_api.py
[2025-09-19T04:07:32.036+0000] {processor.py:830} INFO - Processing file /home/airflow/.local/lib/python3.8/site-packages/airflow/example_dags/tutorial_taskflow_api.py for tasks to queue
[2025-09-19T04:07:32.041+0000] {logging_mixin.py:188} INFO - [2025-09-19T04:07:32.040+0000] {dagbag.py:538} INFO - Filling up the DagBag from /home/airflow/.local/lib/python3.8/site-packages/airflow/example_dags/tutorial_taskflow_api.py
[2025-09-19T04:07:32.057+0000] {processor.py:840} INFO - DAG(s) 'tutorial_taskflow_api' retrieved from /home/airflow/.local/lib/python3.8/site-packages/airflow/example_dags/tutorial_taskflow_api.py
[2025-09-19T04:07:32.098+0000] {logging_mixin.py:188} INFO - [2025-09-19T04:07:32.098+0000] {dag.py:3036} INFO - Sync 1 DAGs
[2025-09-19T04:07:32.124+0000] {logging_mixin.py:188} INFO - [2025-09-19T04:07:32.124+0000] {dag.py:3823} INFO - Setting next_dagrun for tutorial_taskflow_api to None, run_after=None
[2025-09-19T04:07:32.159+0000] {processor.py:183} INFO - Processing /home/airflow/.local/lib/python3.8/site-packages/airflow/example_dags/tutorial_taskflow_api.py took 0.134 seconds
[2025-09-19T04:08:02.604+0000] {processor.py:161} INFO - Started process (PID=211) to work on /home/airflow/.local/lib/python3.8/site-packages/airflow/example_dags/tutorial_taskflow_api.py
[2025-09-19T04:08:02.607+0000] {processor.py:830} INFO - Processing file /home/airflow/.local/lib/python3.8/site-packages/airflow/example_dags/tutorial_taskflow_api.py for tasks to queue
[2025-09-19T04:08:02.611+0000] {logging_mixin.py:188} INFO - [2025-09-19T04:08:02.610+0000] {dagbag.py:538} INFO - Filling up the DagBag from /home/airflow/.local/lib/python3.8/site-packages/airflow/example_dags/tutorial_taskflow_api.py
[2025-09-19T04:08:02.624+0000] {processor.py:840} INFO - DAG(s) 'tutorial_taskflow_api' retrieved from /home/airflow/.local/lib/python3.8/site-packages/airflow/example_dags/tutorial_taskflow_api.py
[2025-09-19T04:08:02.664+0000] {logging_mixin.py:188} INFO - [2025-09-19T04:08:02.663+0000] {dag.py:3036} INFO - Sync 1 DAGs
[2025-09-19T04:08:02.689+0000] {logging_mixin.py:188} INFO - [2025-09-19T04:08:02.688+0000] {dag.py:3823} INFO - Setting next_dagrun for tutorial_taskflow_api to None, run_after=None
[2025-09-19T04:08:02.738+0000] {processor.py:183} INFO - Processing /home/airflow/.local/lib/python3.8/site-packages/airflow/example_dags/tutorial_taskflow_api.py took 0.139 seconds
[2025-09-19T04:08:33.271+0000] {processor.py:161} INFO - Started process (PID=266) to work on /home/airflow/.local/lib/python3.8/site-packages/airflow/example_dags/tutorial_taskflow_api.py
[2025-09-19T04:08:33.274+0000] {processor.py:830} INFO - Processing file /home/airflow/.local/lib/python3.8/site-packages/airflow/example_dags/tutorial_taskflow_api.py for tasks to queue
[2025-09-19T04:08:33.278+0000] {logging_mixin.py:188} INFO - [2025-09-19T04:08:33.278+0000] {dagbag.py:538} INFO - Filling up the DagBag from /home/airflow/.local/lib/python3.8/site-packages/airflow/example_dags/tutorial_taskflow_api.py
[2025-09-19T04:08:33.295+0000] {processor.py:840} INFO - DAG(s) 'tutorial_taskflow_api' retrieved from /home/airflow/.local/lib/python3.8/site-packages/airflow/example_dags/tutorial_taskflow_api.py
[2025-09-19T04:08:33.332+0000] {logging_mixin.py:188} INFO - [2025-09-19T04:08:33.332+0000] {dag.py:3036} INFO - Sync 1 DAGs
[2025-09-19T04:08:33.358+0000] {logging_mixin.py:188} INFO - [2025-09-19T04:08:33.358+0000] {dag.py:3823} INFO - Setting next_dagrun for tutorial_taskflow_api to None, run_after=None
[2025-09-19T04:08:33.433+0000] {processor.py:183} INFO - Processing /home/airflow/.local/lib/python3.8/site-packages/airflow/example_dags/tutorial_taskflow_api.py took 0.169 seconds
[2025-09-19T04:09:03.538+0000] {processor.py:161} INFO - Started process (PID=322) to work on /home/airflow/.local/lib/python3.8/site-packages/airflow/example_dags/tutorial_taskflow_api.py
[2025-09-19T04:09:03.539+0000] {processor.py:830} INFO - Processing file /home/airflow/.local/lib/python3.8/site-packages/airflow/example_dags/tutorial_taskflow_api.py for tasks to queue
[2025-09-19T04:09:03.543+0000] {logging_mixin.py:188} INFO - [2025-09-19T04:09:03.542+0000] {dagbag.py:538} INFO - Filling up the DagBag from /home/airflow/.local/lib/python3.8/site-packages/airflow/example_dags/tutorial_taskflow_api.py
[2025-09-19T04:09:03.554+0000] {processor.py:840} INFO - DAG(s) 'tutorial_taskflow_api' retrieved from /home/airflow/.local/lib/python3.8/site-packages/airflow/example_dags/tutorial_taskflow_api.py
[2025-09-19T04:09:03.589+0000] {logging_mixin.py:188} INFO - [2025-09-19T04:09:03.588+0000] {dag.py:3036} INFO - Sync 1 DAGs
[2025-09-19T04:09:03.612+0000] {logging_mixin.py:188} INFO - [2025-09-19T04:09:03.612+0000] {dag.py:3823} INFO - Setting next_dagrun for tutorial_taskflow_api to None, run_after=None
[2025-09-19T04:09:03.651+0000] {processor.py:183} INFO - Processing /home/airflow/.local/lib/python3.8/site-packages/airflow/example_dags/tutorial_taskflow_api.py took 0.119 seconds
[2025-09-19T04:09:34.017+0000] {processor.py:161} INFO - Started process (PID=377) to work on /home/airflow/.local/lib/python3.8/site-packages/airflow/example_dags/tutorial_taskflow_api.py
[2025-09-19T04:09:34.019+0000] {processor.py:830} INFO - Processing file /home/airflow/.local/lib/python3.8/site-packages/airflow/example_dags/tutorial_taskflow_api.py for tasks to queue
[2025-09-19T04:09:34.022+0000] {logging_mixin.py:188} INFO - [2025-09-19T04:09:34.021+0000] {dagbag.py:538} INFO - Filling up the DagBag from /home/airflow/.local/lib/python3.8/site-packages/airflow/example_dags/tutorial_taskflow_api.py
[2025-09-19T04:09:34.034+0000] {processor.py:840} INFO - DAG(s) 'tutorial_taskflow_api' retrieved from /home/airflow/.local/lib/python3.8/site-packages/airflow/example_dags/tutorial_taskflow_api.py
[2025-09-19T04:09:34.070+0000] {logging_mixin.py:188} INFO - [2025-09-19T04:09:34.070+0000] {dag.py:3036} INFO - Sync 1 DAGs
[2025-09-19T04:09:34.095+0000] {logging_mixin.py:188} INFO - [2025-09-19T04:09:34.095+0000] {dag.py:3823} INFO - Setting next_dagrun for tutorial_taskflow_api to None, run_after=None
[2025-09-19T04:09:34.137+0000] {processor.py:183} INFO - Processing /home/airflow/.local/lib/python3.8/site-packages/airflow/example_dags/tutorial_taskflow_api.py took 0.126 seconds
[2025-09-19T04:10:04.577+0000] {processor.py:161} INFO - Started process (PID=432) to work on /home/airflow/.local/lib/python3.8/site-packages/airflow/example_dags/tutorial_taskflow_api.py
[2025-09-19T04:10:04.579+0000] {processor.py:830} INFO - Processing file /home/airflow/.local/lib/python3.8/site-packages/airflow/example_dags/tutorial_taskflow_api.py for tasks to queue
[2025-09-19T04:10:04.582+0000] {logging_mixin.py:188} INFO - [2025-09-19T04:10:04.581+0000] {dagbag.py:538} INFO - Filling up the DagBag from /home/airflow/.local/lib/python3.8/site-packages/airflow/example_dags/tutorial_taskflow_api.py
[2025-09-19T04:10:04.594+0000] {processor.py:840} INFO - DAG(s) 'tutorial_taskflow_api' retrieved from /home/airflow/.local/lib/python3.8/site-packages/airflow/example_dags/tutorial_taskflow_api.py
[2025-09-19T04:10:04.632+0000] {logging_mixin.py:188} INFO - [2025-09-19T04:10:04.632+0000] {dag.py:3036} INFO - Sync 1 DAGs
[2025-09-19T04:10:04.656+0000] {logging_mixin.py:188} INFO - [2025-09-19T04:10:04.655+0000] {dag.py:3823} INFO - Setting next_dagrun for tutorial_taskflow_api to None, run_after=None
[2025-09-19T04:10:04.697+0000] {processor.py:183} INFO - Processing /home/airflow/.local/lib/python3.8/site-packages/airflow/example_dags/tutorial_taskflow_api.py took 0.126 seconds
[2025-09-19T04:10:35.342+0000] {processor.py:161} INFO - Started process (PID=487) to work on /home/airflow/.local/lib/python3.8/site-packages/airflow/example_dags/tutorial_taskflow_api.py
[2025-09-19T04:10:35.344+0000] {processor.py:830} INFO - Processing file /home/airflow/.local/lib/python3.8/site-packages/airflow/example_dags/tutorial_taskflow_api.py for tasks to queue
[2025-09-19T04:10:35.348+0000] {logging_mixin.py:188} INFO - [2025-09-19T04:10:35.348+0000] {dagbag.py:538} INFO - Filling up the DagBag from /home/airflow/.local/lib/python3.8/site-packages/airflow/example_dags/tutorial_taskflow_api.py
[2025-09-19T04:10:35.363+0000] {processor.py:840} INFO - DAG(s) 'tutorial_taskflow_api' retrieved from /home/airflow/.local/lib/python3.8/site-packages/airflow/example_dags/tutorial_taskflow_api.py
[2025-09-19T04:10:35.406+0000] {logging_mixin.py:188} INFO - [2025-09-19T04:10:35.405+0000] {dag.py:3036} INFO - Sync 1 DAGs
[2025-09-19T04:10:35.430+0000] {logging_mixin.py:188} INFO - [2025-09-19T04:10:35.430+0000] {dag.py:3823} INFO - Setting next_dagrun for tutorial_taskflow_api to None, run_after=None
[2025-09-19T04:10:35.472+0000] {processor.py:183} INFO - Processing /home/airflow/.local/lib/python3.8/site-packages/airflow/example_dags/tutorial_taskflow_api.py took 0.135 seconds
[2025-09-19T04:11:05.732+0000] {processor.py:161} INFO - Started process (PID=542) to work on /home/airflow/.local/lib/python3.8/site-packages/airflow/example_dags/tutorial_taskflow_api.py
[2025-09-19T04:11:05.734+0000] {processor.py:830} INFO - Processing file /home/airflow/.local/lib/python3.8/site-packages/airflow/example_dags/tutorial_taskflow_api.py for tasks to queue
[2025-09-19T04:11:05.737+0000] {logging_mixin.py:188} INFO - [2025-09-19T04:11:05.737+0000] {dagbag.py:538} INFO - Filling up the DagBag from /home/airflow/.local/lib/python3.8/site-packages/airflow/example_dags/tutorial_taskflow_api.py
[2025-09-19T04:11:05.749+0000] {processor.py:840} INFO - DAG(s) 'tutorial_taskflow_api' retrieved from /home/airflow/.local/lib/python3.8/site-packages/airflow/example_dags/tutorial_taskflow_api.py
[2025-09-19T04:11:05.787+0000] {logging_mixin.py:188} INFO - [2025-09-19T04:11:05.787+0000] {dag.py:3036} INFO - Sync 1 DAGs
[2025-09-19T04:11:05.812+0000] {logging_mixin.py:188} INFO - [2025-09-19T04:11:05.812+0000] {dag.py:3823} INFO - Setting next_dagrun for tutorial_taskflow_api to None, run_after=None
[2025-09-19T04:11:05.846+0000] {processor.py:183} INFO - Processing /home/airflow/.local/lib/python3.8/site-packages/airflow/example_dags/tutorial_taskflow_api.py took 0.120 seconds
[2025-09-19T04:11:37.095+0000] {processor.py:161} INFO - Started process (PID=597) to work on /home/airflow/.local/lib/python3.8/site-packages/airflow/example_dags/tutorial_taskflow_api.py
[2025-09-19T04:11:37.098+0000] {processor.py:830} INFO - Processing file /home/airflow/.local/lib/python3.8/site-packages/airflow/example_dags/tutorial_taskflow_api.py for tasks to queue
[2025-09-19T04:11:37.103+0000] {logging_mixin.py:188} INFO - [2025-09-19T04:11:37.103+0000] {dagbag.py:538} INFO - Filling up the DagBag from /home/airflow/.local/lib/python3.8/site-packages/airflow/example_dags/tutorial_taskflow_api.py
[2025-09-19T04:11:37.123+0000] {processor.py:840} INFO - DAG(s) 'tutorial_taskflow_api' retrieved from /home/airflow/.local/lib/python3.8/site-packages/airflow/example_dags/tutorial_taskflow_api.py
[2025-09-19T04:11:37.189+0000] {logging_mixin.py:188} INFO - [2025-09-19T04:11:37.188+0000] {dag.py:3036} INFO - Sync 1 DAGs
[2025-09-19T04:11:37.232+0000] {logging_mixin.py:188} INFO - [2025-09-19T04:11:37.231+0000] {dag.py:3823} INFO - Setting next_dagrun for tutorial_taskflow_api to None, run_after=None
[2025-09-19T04:11:37.294+0000] {processor.py:183} INFO - Processing /home/airflow/.local/lib/python3.8/site-packages/airflow/example_dags/tutorial_taskflow_api.py took 0.210 seconds
[2025-09-19T04:12:07.719+0000] {processor.py:161} INFO - Started process (PID=652) to work on /home/airflow/.local/lib/python3.8/site-packages/airflow/example_dags/tutorial_taskflow_api.py
[2025-09-19T04:12:07.722+0000] {processor.py:830} INFO - Processing file /home/airflow/.local/lib/python3.8/site-packages/airflow/example_dags/tutorial_taskflow_api.py for tasks to queue
[2025-09-19T04:12:07.725+0000] {logging_mixin.py:188} INFO - [2025-09-19T04:12:07.725+0000] {dagbag.py:538} INFO - Filling up the DagBag from /home/airflow/.local/lib/python3.8/site-packages/airflow/example_dags/tutorial_taskflow_api.py
[2025-09-19T04:12:07.741+0000] {processor.py:840} INFO - DAG(s) 'tutorial_taskflow_api' retrieved from /home/airflow/.local/lib/python3.8/site-packages/airflow/example_dags/tutorial_taskflow_api.py
[2025-09-19T04:12:07.781+0000] {logging_mixin.py:188} INFO - [2025-09-19T04:12:07.781+0000] {dag.py:3036} INFO - Sync 1 DAGs
[2025-09-19T04:12:07.807+0000] {logging_mixin.py:188} INFO - [2025-09-19T04:12:07.807+0000] {dag.py:3823} INFO - Setting next_dagrun for tutorial_taskflow_api to None, run_after=None
[2025-09-19T04:12:07.850+0000] {processor.py:183} INFO - Processing /home/airflow/.local/lib/python3.8/site-packages/airflow/example_dags/tutorial_taskflow_api.py took 0.139 seconds
[2025-09-19T04:12:38.325+0000] {processor.py:161} INFO - Started process (PID=707) to work on /home/airflow/.local/lib/python3.8/site-packages/airflow/example_dags/tutorial_taskflow_api.py
[2025-09-19T04:12:38.327+0000] {processor.py:830} INFO - Processing file /home/airflow/.local/lib/python3.8/site-packages/airflow/example_dags/tutorial_taskflow_api.py for tasks to queue
[2025-09-19T04:12:38.332+0000] {logging_mixin.py:188} INFO - [2025-09-19T04:12:38.331+0000] {dagbag.py:538} INFO - Filling up the DagBag from /home/airflow/.local/lib/python3.8/site-packages/airflow/example_dags/tutorial_taskflow_api.py
[2025-09-19T04:12:38.349+0000] {processor.py:840} INFO - DAG(s) 'tutorial_taskflow_api' retrieved from /home/airflow/.local/lib/python3.8/site-packages/airflow/example_dags/tutorial_taskflow_api.py
[2025-09-19T04:12:38.388+0000] {logging_mixin.py:188} INFO - [2025-09-19T04:12:38.388+0000] {dag.py:3036} INFO - Sync 1 DAGs
[2025-09-19T04:12:38.421+0000] {logging_mixin.py:188} INFO - [2025-09-19T04:12:38.420+0000] {dag.py:3823} INFO - Setting next_dagrun for tutorial_taskflow_api to None, run_after=None
[2025-09-19T04:12:38.464+0000] {processor.py:183} INFO - Processing /home/airflow/.local/lib/python3.8/site-packages/airflow/example_dags/tutorial_taskflow_api.py took 0.145 seconds
[2025-09-19T04:13:08.982+0000] {processor.py:161} INFO - Started process (PID=762) to work on /home/airflow/.local/lib/python3.8/site-packages/airflow/example_dags/tutorial_taskflow_api.py
[2025-09-19T04:13:08.984+0000] {processor.py:830} INFO - Processing file /home/airflow/.local/lib/python3.8/site-packages/airflow/example_dags/tutorial_taskflow_api.py for tasks to queue
[2025-09-19T04:13:08.987+0000] {logging_mixin.py:188} INFO - [2025-09-19T04:13:08.986+0000] {dagbag.py:538} INFO - Filling up the DagBag from /home/airflow/.local/lib/python3.8/site-packages/airflow/example_dags/tutorial_taskflow_api.py
[2025-09-19T04:13:09.000+0000] {processor.py:840} INFO - DAG(s) 'tutorial_taskflow_api' retrieved from /home/airflow/.local/lib/python3.8/site-packages/airflow/example_dags/tutorial_taskflow_api.py
[2025-09-19T04:13:09.036+0000] {logging_mixin.py:188} INFO - [2025-09-19T04:13:09.035+0000] {dag.py:3036} INFO - Sync 1 DAGs
[2025-09-19T04:13:09.061+0000] {logging_mixin.py:188} INFO - [2025-09-19T04:13:09.061+0000] {dag.py:3823} INFO - Setting next_dagrun for tutorial_taskflow_api to None, run_after=None
[2025-09-19T04:13:09.104+0000] {processor.py:183} INFO - Processing /home/airflow/.local/lib/python3.8/site-packages/airflow/example_dags/tutorial_taskflow_api.py took 0.129 seconds
[2025-09-19T04:13:39.930+0000] {processor.py:161} INFO - Started process (PID=817) to work on /home/airflow/.local/lib/python3.8/site-packages/airflow/example_dags/tutorial_taskflow_api.py
[2025-09-19T04:13:39.931+0000] {processor.py:830} INFO - Processing file /home/airflow/.local/lib/python3.8/site-packages/airflow/example_dags/tutorial_taskflow_api.py for tasks to queue
[2025-09-19T04:13:39.935+0000] {logging_mixin.py:188} INFO - [2025-09-19T04:13:39.934+0000] {dagbag.py:538} INFO - Filling up the DagBag from /home/airflow/.local/lib/python3.8/site-packages/airflow/example_dags/tutorial_taskflow_api.py
[2025-09-19T04:13:39.947+0000] {processor.py:840} INFO - DAG(s) 'tutorial_taskflow_api' retrieved from /home/airflow/.local/lib/python3.8/site-packages/airflow/example_dags/tutorial_taskflow_api.py
[2025-09-19T04:13:39.983+0000] {logging_mixin.py:188} INFO - [2025-09-19T04:13:39.983+0000] {dag.py:3036} INFO - Sync 1 DAGs
[2025-09-19T04:13:40.012+0000] {logging_mixin.py:188} INFO - [2025-09-19T04:13:40.012+0000] {dag.py:3823} INFO - Setting next_dagrun for tutorial_taskflow_api to None, run_after=None
[2025-09-19T04:13:40.049+0000] {processor.py:183} INFO - Processing /home/airflow/.local/lib/python3.8/site-packages/airflow/example_dags/tutorial_taskflow_api.py took 0.125 seconds
[2025-09-19T04:14:10.178+0000] {processor.py:161} INFO - Started process (PID=872) to work on /home/airflow/.local/lib/python3.8/site-packages/airflow/example_dags/tutorial_taskflow_api.py
[2025-09-19T04:14:10.180+0000] {processor.py:830} INFO - Processing file /home/airflow/.local/lib/python3.8/site-packages/airflow/example_dags/tutorial_taskflow_api.py for tasks to queue
[2025-09-19T04:14:10.183+0000] {logging_mixin.py:188} INFO - [2025-09-19T04:14:10.182+0000] {dagbag.py:538} INFO - Filling up the DagBag from /home/airflow/.local/lib/python3.8/site-packages/airflow/example_dags/tutorial_taskflow_api.py
[2025-09-19T04:14:10.195+0000] {processor.py:840} INFO - DAG(s) 'tutorial_taskflow_api' retrieved from /home/airflow/.local/lib/python3.8/site-packages/airflow/example_dags/tutorial_taskflow_api.py
[2025-09-19T04:14:10.231+0000] {logging_mixin.py:188} INFO - [2025-09-19T04:14:10.230+0000] {dag.py:3036} INFO - Sync 1 DAGs
[2025-09-19T04:14:10.253+0000] {logging_mixin.py:188} INFO - [2025-09-19T04:14:10.253+0000] {dag.py:3823} INFO - Setting next_dagrun for tutorial_taskflow_api to None, run_after=None
[2025-09-19T04:14:10.291+0000] {processor.py:183} INFO - Processing /home/airflow/.local/lib/python3.8/site-packages/airflow/example_dags/tutorial_taskflow_api.py took 0.120 seconds
[2025-09-19T04:14:40.911+0000] {processor.py:161} INFO - Started process (PID=927) to work on /home/airflow/.local/lib/python3.8/site-packages/airflow/example_dags/tutorial_taskflow_api.py
[2025-09-19T04:14:40.913+0000] {processor.py:830} INFO - Processing file /home/airflow/.local/lib/python3.8/site-packages/airflow/example_dags/tutorial_taskflow_api.py for tasks to queue
[2025-09-19T04:14:40.916+0000] {logging_mixin.py:188} INFO - [2025-09-19T04:14:40.916+0000] {dagbag.py:538} INFO - Filling up the DagBag from /home/airflow/.local/lib/python3.8/site-packages/airflow/example_dags/tutorial_taskflow_api.py
[2025-09-19T04:14:40.929+0000] {processor.py:840} INFO - DAG(s) 'tutorial_taskflow_api' retrieved from /home/airflow/.local/lib/python3.8/site-packages/airflow/example_dags/tutorial_taskflow_api.py
[2025-09-19T04:14:40.969+0000] {logging_mixin.py:188} INFO - [2025-09-19T04:14:40.968+0000] {dag.py:3036} INFO - Sync 1 DAGs
[2025-09-19T04:14:40.998+0000] {logging_mixin.py:188} INFO - [2025-09-19T04:14:40.998+0000] {dag.py:3823} INFO - Setting next_dagrun for tutorial_taskflow_api to None, run_after=None
[2025-09-19T04:14:41.036+0000] {processor.py:183} INFO - Processing /home/airflow/.local/lib/python3.8/site-packages/airflow/example_dags/tutorial_taskflow_api.py took 0.131 seconds
[2025-09-19T04:15:11.482+0000] {processor.py:161} INFO - Started process (PID=982) to work on /home/airflow/.local/lib/python3.8/site-packages/airflow/example_dags/tutorial_taskflow_api.py
[2025-09-19T04:15:11.484+0000] {processor.py:830} INFO - Processing file /home/airflow/.local/lib/python3.8/site-packages/airflow/example_dags/tutorial_taskflow_api.py for tasks to queue
[2025-09-19T04:15:11.488+0000] {logging_mixin.py:188} INFO - [2025-09-19T04:15:11.487+0000] {dagbag.py:538} INFO - Filling up the DagBag from /home/airflow/.local/lib/python3.8/site-packages/airflow/example_dags/tutorial_taskflow_api.py
[2025-09-19T04:15:11.499+0000] {processor.py:840} INFO - DAG(s) 'tutorial_taskflow_api' retrieved from /home/airflow/.local/lib/python3.8/site-packages/airflow/example_dags/tutorial_taskflow_api.py
[2025-09-19T04:15:11.534+0000] {logging_mixin.py:188} INFO - [2025-09-19T04:15:11.533+0000] {dag.py:3036} INFO - Sync 1 DAGs
[2025-09-19T04:15:11.557+0000] {logging_mixin.py:188} INFO - [2025-09-19T04:15:11.556+0000] {dag.py:3823} INFO - Setting next_dagrun for tutorial_taskflow_api to None, run_after=None
[2025-09-19T04:15:11.592+0000] {processor.py:183} INFO - Processing /home/airflow/.local/lib/python3.8/site-packages/airflow/example_dags/tutorial_taskflow_api.py took 0.115 seconds
[2025-09-19T04:15:41.985+0000] {processor.py:161} INFO - Started process (PID=1037) to work on /home/airflow/.local/lib/python3.8/site-packages/airflow/example_dags/tutorial_taskflow_api.py
[2025-09-19T04:15:41.987+0000] {processor.py:830} INFO - Processing file /home/airflow/.local/lib/python3.8/site-packages/airflow/example_dags/tutorial_taskflow_api.py for tasks to queue
[2025-09-19T04:15:41.990+0000] {logging_mixin.py:188} INFO - [2025-09-19T04:15:41.990+0000] {dagbag.py:538} INFO - Filling up the DagBag from /home/airflow/.local/lib/python3.8/site-packages/airflow/example_dags/tutorial_taskflow_api.py
[2025-09-19T04:15:42.004+0000] {processor.py:840} INFO - DAG(s) 'tutorial_taskflow_api' retrieved from /home/airflow/.local/lib/python3.8/site-packages/airflow/example_dags/tutorial_taskflow_api.py
[2025-09-19T04:15:42.040+0000] {logging_mixin.py:188} INFO - [2025-09-19T04:15:42.040+0000] {dag.py:3036} INFO - Sync 1 DAGs
[2025-09-19T04:15:42.065+0000] {logging_mixin.py:188} INFO - [2025-09-19T04:15:42.065+0000] {dag.py:3823} INFO - Setting next_dagrun for tutorial_taskflow_api to None, run_after=None
[2025-09-19T04:15:42.109+0000] {processor.py:183} INFO - Processing /home/airflow/.local/lib/python3.8/site-packages/airflow/example_dags/tutorial_taskflow_api.py took 0.129 seconds
[2025-09-19T04:16:12.356+0000] {processor.py:161} INFO - Started process (PID=1092) to work on /home/airflow/.local/lib/python3.8/site-packages/airflow/example_dags/tutorial_taskflow_api.py
[2025-09-19T04:16:12.358+0000] {processor.py:830} INFO - Processing file /home/airflow/.local/lib/python3.8/site-packages/airflow/example_dags/tutorial_taskflow_api.py for tasks to queue
[2025-09-19T04:16:12.361+0000] {logging_mixin.py:188} INFO - [2025-09-19T04:16:12.361+0000] {dagbag.py:538} INFO - Filling up the DagBag from /home/airflow/.local/lib/python3.8/site-packages/airflow/example_dags/tutorial_taskflow_api.py
[2025-09-19T04:16:12.373+0000] {processor.py:840} INFO - DAG(s) 'tutorial_taskflow_api' retrieved from /home/airflow/.local/lib/python3.8/site-packages/airflow/example_dags/tutorial_taskflow_api.py
[2025-09-19T04:16:12.407+0000] {logging_mixin.py:188} INFO - [2025-09-19T04:16:12.407+0000] {dag.py:3036} INFO - Sync 1 DAGs
[2025-09-19T04:16:12.431+0000] {logging_mixin.py:188} INFO - [2025-09-19T04:16:12.430+0000] {dag.py:3823} INFO - Setting next_dagrun for tutorial_taskflow_api to None, run_after=None
[2025-09-19T04:16:12.464+0000] {processor.py:183} INFO - Processing /home/airflow/.local/lib/python3.8/site-packages/airflow/example_dags/tutorial_taskflow_api.py took 0.114 seconds
[2025-09-19T04:16:42.860+0000] {processor.py:161} INFO - Started process (PID=1147) to work on /home/airflow/.local/lib/python3.8/site-packages/airflow/example_dags/tutorial_taskflow_api.py
[2025-09-19T04:16:42.866+0000] {processor.py:830} INFO - Processing file /home/airflow/.local/lib/python3.8/site-packages/airflow/example_dags/tutorial_taskflow_api.py for tasks to queue
[2025-09-19T04:16:42.872+0000] {logging_mixin.py:188} INFO - [2025-09-19T04:16:42.871+0000] {dagbag.py:538} INFO - Filling up the DagBag from /home/airflow/.local/lib/python3.8/site-packages/airflow/example_dags/tutorial_taskflow_api.py
[2025-09-19T04:16:42.886+0000] {processor.py:840} INFO - DAG(s) 'tutorial_taskflow_api' retrieved from /home/airflow/.local/lib/python3.8/site-packages/airflow/example_dags/tutorial_taskflow_api.py
[2025-09-19T04:16:42.942+0000] {logging_mixin.py:188} INFO - [2025-09-19T04:16:42.941+0000] {dag.py:3036} INFO - Sync 1 DAGs
[2025-09-19T04:16:42.965+0000] {logging_mixin.py:188} INFO - [2025-09-19T04:16:42.965+0000] {dag.py:3823} INFO - Setting next_dagrun for tutorial_taskflow_api to None, run_after=None
[2025-09-19T04:16:43.000+0000] {processor.py:183} INFO - Processing /home/airflow/.local/lib/python3.8/site-packages/airflow/example_dags/tutorial_taskflow_api.py took 0.147 seconds
[2025-09-19T04:17:13.476+0000] {processor.py:161} INFO - Started process (PID=1202) to work on /home/airflow/.local/lib/python3.8/site-packages/airflow/example_dags/tutorial_taskflow_api.py
[2025-09-19T04:17:13.478+0000] {processor.py:830} INFO - Processing file /home/airflow/.local/lib/python3.8/site-packages/airflow/example_dags/tutorial_taskflow_api.py for tasks to queue
[2025-09-19T04:17:13.482+0000] {logging_mixin.py:188} INFO - [2025-09-19T04:17:13.481+0000] {dagbag.py:538} INFO - Filling up the DagBag from /home/airflow/.local/lib/python3.8/site-packages/airflow/example_dags/tutorial_taskflow_api.py
[2025-09-19T04:17:13.494+0000] {processor.py:840} INFO - DAG(s) 'tutorial_taskflow_api' retrieved from /home/airflow/.local/lib/python3.8/site-packages/airflow/example_dags/tutorial_taskflow_api.py
[2025-09-19T04:17:13.530+0000] {logging_mixin.py:188} INFO - [2025-09-19T04:17:13.530+0000] {dag.py:3036} INFO - Sync 1 DAGs
[2025-09-19T04:17:13.552+0000] {logging_mixin.py:188} INFO - [2025-09-19T04:17:13.552+0000] {dag.py:3823} INFO - Setting next_dagrun for tutorial_taskflow_api to None, run_after=None
[2025-09-19T04:17:13.586+0000] {processor.py:183} INFO - Processing /home/airflow/.local/lib/python3.8/site-packages/airflow/example_dags/tutorial_taskflow_api.py took 0.116 seconds
[2025-09-19T04:17:44.149+0000] {processor.py:161} INFO - Started process (PID=1257) to work on /home/airflow/.local/lib/python3.8/site-packages/airflow/example_dags/tutorial_taskflow_api.py
[2025-09-19T04:17:44.151+0000] {processor.py:830} INFO - Processing file /home/airflow/.local/lib/python3.8/site-packages/airflow/example_dags/tutorial_taskflow_api.py for tasks to queue
[2025-09-19T04:17:44.154+0000] {logging_mixin.py:188} INFO - [2025-09-19T04:17:44.153+0000] {dagbag.py:538} INFO - Filling up the DagBag from /home/airflow/.local/lib/python3.8/site-packages/airflow/example_dags/tutorial_taskflow_api.py
[2025-09-19T04:17:44.166+0000] {processor.py:840} INFO - DAG(s) 'tutorial_taskflow_api' retrieved from /home/airflow/.local/lib/python3.8/site-packages/airflow/example_dags/tutorial_taskflow_api.py
[2025-09-19T04:17:44.201+0000] {logging_mixin.py:188} INFO - [2025-09-19T04:17:44.201+0000] {dag.py:3036} INFO - Sync 1 DAGs
[2025-09-19T04:17:44.224+0000] {logging_mixin.py:188} INFO - [2025-09-19T04:17:44.223+0000] {dag.py:3823} INFO - Setting next_dagrun for tutorial_taskflow_api to None, run_after=None
[2025-09-19T04:17:44.263+0000] {processor.py:183} INFO - Processing /home/airflow/.local/lib/python3.8/site-packages/airflow/example_dags/tutorial_taskflow_api.py took 0.121 seconds
[2025-09-19T04:18:14.635+0000] {processor.py:161} INFO - Started process (PID=1312) to work on /home/airflow/.local/lib/python3.8/site-packages/airflow/example_dags/tutorial_taskflow_api.py
[2025-09-19T04:18:14.637+0000] {processor.py:830} INFO - Processing file /home/airflow/.local/lib/python3.8/site-packages/airflow/example_dags/tutorial_taskflow_api.py for tasks to queue
[2025-09-19T04:18:14.640+0000] {logging_mixin.py:188} INFO - [2025-09-19T04:18:14.639+0000] {dagbag.py:538} INFO - Filling up the DagBag from /home/airflow/.local/lib/python3.8/site-packages/airflow/example_dags/tutorial_taskflow_api.py
[2025-09-19T04:18:14.652+0000] {processor.py:840} INFO - DAG(s) 'tutorial_taskflow_api' retrieved from /home/airflow/.local/lib/python3.8/site-packages/airflow/example_dags/tutorial_taskflow_api.py
[2025-09-19T04:18:14.686+0000] {logging_mixin.py:188} INFO - [2025-09-19T04:18:14.686+0000] {dag.py:3036} INFO - Sync 1 DAGs
[2025-09-19T04:18:14.709+0000] {logging_mixin.py:188} INFO - [2025-09-19T04:18:14.708+0000] {dag.py:3823} INFO - Setting next_dagrun for tutorial_taskflow_api to None, run_after=None
[2025-09-19T04:18:14.750+0000] {processor.py:183} INFO - Processing /home/airflow/.local/lib/python3.8/site-packages/airflow/example_dags/tutorial_taskflow_api.py took 0.121 seconds
[2025-09-19T04:18:45.262+0000] {processor.py:161} INFO - Started process (PID=1367) to work on /home/airflow/.local/lib/python3.8/site-packages/airflow/example_dags/tutorial_taskflow_api.py
[2025-09-19T04:18:45.264+0000] {processor.py:830} INFO - Processing file /home/airflow/.local/lib/python3.8/site-packages/airflow/example_dags/tutorial_taskflow_api.py for tasks to queue
[2025-09-19T04:18:45.267+0000] {logging_mixin.py:188} INFO - [2025-09-19T04:18:45.267+0000] {dagbag.py:538} INFO - Filling up the DagBag from /home/airflow/.local/lib/python3.8/site-packages/airflow/example_dags/tutorial_taskflow_api.py
[2025-09-19T04:18:45.279+0000] {processor.py:840} INFO - DAG(s) 'tutorial_taskflow_api' retrieved from /home/airflow/.local/lib/python3.8/site-packages/airflow/example_dags/tutorial_taskflow_api.py
[2025-09-19T04:18:45.314+0000] {logging_mixin.py:188} INFO - [2025-09-19T04:18:45.314+0000] {dag.py:3036} INFO - Sync 1 DAGs
[2025-09-19T04:18:45.337+0000] {logging_mixin.py:188} INFO - [2025-09-19T04:18:45.337+0000] {dag.py:3823} INFO - Setting next_dagrun for tutorial_taskflow_api to None, run_after=None
[2025-09-19T04:18:45.378+0000] {processor.py:183} INFO - Processing /home/airflow/.local/lib/python3.8/site-packages/airflow/example_dags/tutorial_taskflow_api.py took 0.121 seconds
[2025-09-19T04:19:15.820+0000] {processor.py:161} INFO - Started process (PID=1422) to work on /home/airflow/.local/lib/python3.8/site-packages/airflow/example_dags/tutorial_taskflow_api.py
[2025-09-19T04:19:15.822+0000] {processor.py:830} INFO - Processing file /home/airflow/.local/lib/python3.8/site-packages/airflow/example_dags/tutorial_taskflow_api.py for tasks to queue
[2025-09-19T04:19:15.826+0000] {logging_mixin.py:188} INFO - [2025-09-19T04:19:15.825+0000] {dagbag.py:538} INFO - Filling up the DagBag from /home/airflow/.local/lib/python3.8/site-packages/airflow/example_dags/tutorial_taskflow_api.py
[2025-09-19T04:19:15.837+0000] {processor.py:840} INFO - DAG(s) 'tutorial_taskflow_api' retrieved from /home/airflow/.local/lib/python3.8/site-packages/airflow/example_dags/tutorial_taskflow_api.py
[2025-09-19T04:19:15.871+0000] {logging_mixin.py:188} INFO - [2025-09-19T04:19:15.871+0000] {dag.py:3036} INFO - Sync 1 DAGs
[2025-09-19T04:19:15.898+0000] {logging_mixin.py:188} INFO - [2025-09-19T04:19:15.897+0000] {dag.py:3823} INFO - Setting next_dagrun for tutorial_taskflow_api to None, run_after=None
[2025-09-19T04:19:15.947+0000] {processor.py:183} INFO - Processing /home/airflow/.local/lib/python3.8/site-packages/airflow/example_dags/tutorial_taskflow_api.py took 0.132 seconds
[2025-09-19T04:19:46.346+0000] {processor.py:161} INFO - Started process (PID=1477) to work on /home/airflow/.local/lib/python3.8/site-packages/airflow/example_dags/tutorial_taskflow_api.py
[2025-09-19T04:19:46.348+0000] {processor.py:830} INFO - Processing file /home/airflow/.local/lib/python3.8/site-packages/airflow/example_dags/tutorial_taskflow_api.py for tasks to queue
[2025-09-19T04:19:46.352+0000] {logging_mixin.py:188} INFO - [2025-09-19T04:19:46.351+0000] {dagbag.py:538} INFO - Filling up the DagBag from /home/airflow/.local/lib/python3.8/site-packages/airflow/example_dags/tutorial_taskflow_api.py
[2025-09-19T04:19:46.366+0000] {processor.py:840} INFO - DAG(s) 'tutorial_taskflow_api' retrieved from /home/airflow/.local/lib/python3.8/site-packages/airflow/example_dags/tutorial_taskflow_api.py
[2025-09-19T04:19:46.401+0000] {logging_mixin.py:188} INFO - [2025-09-19T04:19:46.401+0000] {dag.py:3036} INFO - Sync 1 DAGs
[2025-09-19T04:19:46.423+0000] {logging_mixin.py:188} INFO - [2025-09-19T04:19:46.423+0000] {dag.py:3823} INFO - Setting next_dagrun for tutorial_taskflow_api to None, run_after=None
[2025-09-19T04:19:46.459+0000] {processor.py:183} INFO - Processing /home/airflow/.local/lib/python3.8/site-packages/airflow/example_dags/tutorial_taskflow_api.py took 0.120 seconds
[2025-09-19T04:20:16.958+0000] {processor.py:161} INFO - Started process (PID=1532) to work on /home/airflow/.local/lib/python3.8/site-packages/airflow/example_dags/tutorial_taskflow_api.py
[2025-09-19T04:20:16.959+0000] {processor.py:830} INFO - Processing file /home/airflow/.local/lib/python3.8/site-packages/airflow/example_dags/tutorial_taskflow_api.py for tasks to queue
[2025-09-19T04:20:16.963+0000] {logging_mixin.py:188} INFO - [2025-09-19T04:20:16.962+0000] {dagbag.py:538} INFO - Filling up the DagBag from /home/airflow/.local/lib/python3.8/site-packages/airflow/example_dags/tutorial_taskflow_api.py
[2025-09-19T04:20:16.976+0000] {processor.py:840} INFO - DAG(s) 'tutorial_taskflow_api' retrieved from /home/airflow/.local/lib/python3.8/site-packages/airflow/example_dags/tutorial_taskflow_api.py
[2025-09-19T04:20:17.012+0000] {logging_mixin.py:188} INFO - [2025-09-19T04:20:17.012+0000] {dag.py:3036} INFO - Sync 1 DAGs
[2025-09-19T04:20:17.035+0000] {logging_mixin.py:188} INFO - [2025-09-19T04:20:17.035+0000] {dag.py:3823} INFO - Setting next_dagrun for tutorial_taskflow_api to None, run_after=None
[2025-09-19T04:20:17.077+0000] {processor.py:183} INFO - Processing /home/airflow/.local/lib/python3.8/site-packages/airflow/example_dags/tutorial_taskflow_api.py took 0.125 seconds
[2025-09-19T04:20:47.481+0000] {processor.py:161} INFO - Started process (PID=1587) to work on /home/airflow/.local/lib/python3.8/site-packages/airflow/example_dags/tutorial_taskflow_api.py
[2025-09-19T04:20:47.483+0000] {processor.py:830} INFO - Processing file /home/airflow/.local/lib/python3.8/site-packages/airflow/example_dags/tutorial_taskflow_api.py for tasks to queue
[2025-09-19T04:20:47.486+0000] {logging_mixin.py:188} INFO - [2025-09-19T04:20:47.486+0000] {dagbag.py:538} INFO - Filling up the DagBag from /home/airflow/.local/lib/python3.8/site-packages/airflow/example_dags/tutorial_taskflow_api.py
[2025-09-19T04:20:47.501+0000] {processor.py:840} INFO - DAG(s) 'tutorial_taskflow_api' retrieved from /home/airflow/.local/lib/python3.8/site-packages/airflow/example_dags/tutorial_taskflow_api.py
[2025-09-19T04:20:47.539+0000] {logging_mixin.py:188} INFO - [2025-09-19T04:20:47.539+0000] {dag.py:3036} INFO - Sync 1 DAGs
[2025-09-19T04:20:47.564+0000] {logging_mixin.py:188} INFO - [2025-09-19T04:20:47.563+0000] {dag.py:3823} INFO - Setting next_dagrun for tutorial_taskflow_api to None, run_after=None
[2025-09-19T04:20:47.604+0000] {processor.py:183} INFO - Processing /home/airflow/.local/lib/python3.8/site-packages/airflow/example_dags/tutorial_taskflow_api.py took 0.129 seconds
[2025-09-19T04:21:17.935+0000] {processor.py:161} INFO - Started process (PID=1642) to work on /home/airflow/.local/lib/python3.8/site-packages/airflow/example_dags/tutorial_taskflow_api.py
[2025-09-19T04:21:17.937+0000] {processor.py:830} INFO - Processing file /home/airflow/.local/lib/python3.8/site-packages/airflow/example_dags/tutorial_taskflow_api.py for tasks to queue
[2025-09-19T04:21:17.940+0000] {logging_mixin.py:188} INFO - [2025-09-19T04:21:17.940+0000] {dagbag.py:538} INFO - Filling up the DagBag from /home/airflow/.local/lib/python3.8/site-packages/airflow/example_dags/tutorial_taskflow_api.py
[2025-09-19T04:21:17.952+0000] {processor.py:840} INFO - DAG(s) 'tutorial_taskflow_api' retrieved from /home/airflow/.local/lib/python3.8/site-packages/airflow/example_dags/tutorial_taskflow_api.py
[2025-09-19T04:21:17.986+0000] {logging_mixin.py:188} INFO - [2025-09-19T04:21:17.986+0000] {dag.py:3036} INFO - Sync 1 DAGs
[2025-09-19T04:21:18.009+0000] {logging_mixin.py:188} INFO - [2025-09-19T04:21:18.008+0000] {dag.py:3823} INFO - Setting next_dagrun for tutorial_taskflow_api to None, run_after=None
[2025-09-19T04:21:18.050+0000] {processor.py:183} INFO - Processing /home/airflow/.local/lib/python3.8/site-packages/airflow/example_dags/tutorial_taskflow_api.py took 0.120 seconds
[2025-09-19T04:21:48.367+0000] {processor.py:161} INFO - Started process (PID=1697) to work on /home/airflow/.local/lib/python3.8/site-packages/airflow/example_dags/tutorial_taskflow_api.py
[2025-09-19T04:21:48.369+0000] {processor.py:830} INFO - Processing file /home/airflow/.local/lib/python3.8/site-packages/airflow/example_dags/tutorial_taskflow_api.py for tasks to queue
[2025-09-19T04:21:48.373+0000] {logging_mixin.py:188} INFO - [2025-09-19T04:21:48.372+0000] {dagbag.py:538} INFO - Filling up the DagBag from /home/airflow/.local/lib/python3.8/site-packages/airflow/example_dags/tutorial_taskflow_api.py
[2025-09-19T04:21:48.385+0000] {processor.py:840} INFO - DAG(s) 'tutorial_taskflow_api' retrieved from /home/airflow/.local/lib/python3.8/site-packages/airflow/example_dags/tutorial_taskflow_api.py
[2025-09-19T04:21:48.425+0000] {logging_mixin.py:188} INFO - [2025-09-19T04:21:48.425+0000] {dag.py:3036} INFO - Sync 1 DAGs
[2025-09-19T04:21:48.451+0000] {logging_mixin.py:188} INFO - [2025-09-19T04:21:48.451+0000] {dag.py:3823} INFO - Setting next_dagrun for tutorial_taskflow_api to None, run_after=None
[2025-09-19T04:21:48.492+0000] {processor.py:183} INFO - Processing /home/airflow/.local/lib/python3.8/site-packages/airflow/example_dags/tutorial_taskflow_api.py took 0.130 seconds
[2025-09-19T04:22:18.652+0000] {processor.py:161} INFO - Started process (PID=1752) to work on /home/airflow/.local/lib/python3.8/site-packages/airflow/example_dags/tutorial_taskflow_api.py
[2025-09-19T04:22:18.654+0000] {processor.py:830} INFO - Processing file /home/airflow/.local/lib/python3.8/site-packages/airflow/example_dags/tutorial_taskflow_api.py for tasks to queue
[2025-09-19T04:22:18.658+0000] {logging_mixin.py:188} INFO - [2025-09-19T04:22:18.657+0000] {dagbag.py:538} INFO - Filling up the DagBag from /home/airflow/.local/lib/python3.8/site-packages/airflow/example_dags/tutorial_taskflow_api.py
[2025-09-19T04:22:18.670+0000] {processor.py:840} INFO - DAG(s) 'tutorial_taskflow_api' retrieved from /home/airflow/.local/lib/python3.8/site-packages/airflow/example_dags/tutorial_taskflow_api.py
[2025-09-19T04:22:18.708+0000] {logging_mixin.py:188} INFO - [2025-09-19T04:22:18.708+0000] {dag.py:3036} INFO - Sync 1 DAGs
[2025-09-19T04:22:18.733+0000] {logging_mixin.py:188} INFO - [2025-09-19T04:22:18.733+0000] {dag.py:3823} INFO - Setting next_dagrun for tutorial_taskflow_api to None, run_after=None
[2025-09-19T04:22:18.779+0000] {processor.py:183} INFO - Processing /home/airflow/.local/lib/python3.8/site-packages/airflow/example_dags/tutorial_taskflow_api.py took 0.133 seconds
[2025-09-19T04:22:49.038+0000] {processor.py:161} INFO - Started process (PID=1807) to work on /home/airflow/.local/lib/python3.8/site-packages/airflow/example_dags/tutorial_taskflow_api.py
[2025-09-19T04:22:49.040+0000] {processor.py:830} INFO - Processing file /home/airflow/.local/lib/python3.8/site-packages/airflow/example_dags/tutorial_taskflow_api.py for tasks to queue
[2025-09-19T04:22:49.043+0000] {logging_mixin.py:188} INFO - [2025-09-19T04:22:49.042+0000] {dagbag.py:538} INFO - Filling up the DagBag from /home/airflow/.local/lib/python3.8/site-packages/airflow/example_dags/tutorial_taskflow_api.py
[2025-09-19T04:22:49.054+0000] {processor.py:840} INFO - DAG(s) 'tutorial_taskflow_api' retrieved from /home/airflow/.local/lib/python3.8/site-packages/airflow/example_dags/tutorial_taskflow_api.py
[2025-09-19T04:22:49.092+0000] {logging_mixin.py:188} INFO - [2025-09-19T04:22:49.091+0000] {dag.py:3036} INFO - Sync 1 DAGs
[2025-09-19T04:22:49.123+0000] {logging_mixin.py:188} INFO - [2025-09-19T04:22:49.123+0000] {dag.py:3823} INFO - Setting next_dagrun for tutorial_taskflow_api to None, run_after=None
[2025-09-19T04:22:49.159+0000] {processor.py:183} INFO - Processing /home/airflow/.local/lib/python3.8/site-packages/airflow/example_dags/tutorial_taskflow_api.py took 0.127 seconds
[2025-09-19T04:23:19.426+0000] {processor.py:161} INFO - Started process (PID=1862) to work on /home/airflow/.local/lib/python3.8/site-packages/airflow/example_dags/tutorial_taskflow_api.py
[2025-09-19T04:23:19.428+0000] {processor.py:830} INFO - Processing file /home/airflow/.local/lib/python3.8/site-packages/airflow/example_dags/tutorial_taskflow_api.py for tasks to queue
[2025-09-19T04:23:19.431+0000] {logging_mixin.py:188} INFO - [2025-09-19T04:23:19.431+0000] {dagbag.py:538} INFO - Filling up the DagBag from /home/airflow/.local/lib/python3.8/site-packages/airflow/example_dags/tutorial_taskflow_api.py
[2025-09-19T04:23:19.443+0000] {processor.py:840} INFO - DAG(s) 'tutorial_taskflow_api' retrieved from /home/airflow/.local/lib/python3.8/site-packages/airflow/example_dags/tutorial_taskflow_api.py
[2025-09-19T04:23:19.479+0000] {logging_mixin.py:188} INFO - [2025-09-19T04:23:19.478+0000] {dag.py:3036} INFO - Sync 1 DAGs
[2025-09-19T04:23:19.502+0000] {logging_mixin.py:188} INFO - [2025-09-19T04:23:19.501+0000] {dag.py:3823} INFO - Setting next_dagrun for tutorial_taskflow_api to None, run_after=None
[2025-09-19T04:23:19.541+0000] {processor.py:183} INFO - Processing /home/airflow/.local/lib/python3.8/site-packages/airflow/example_dags/tutorial_taskflow_api.py took 0.121 seconds
[2025-09-19T04:23:50.138+0000] {processor.py:161} INFO - Started process (PID=1918) to work on /home/airflow/.local/lib/python3.8/site-packages/airflow/example_dags/tutorial_taskflow_api.py
[2025-09-19T04:23:50.140+0000] {processor.py:830} INFO - Processing file /home/airflow/.local/lib/python3.8/site-packages/airflow/example_dags/tutorial_taskflow_api.py for tasks to queue
[2025-09-19T04:23:50.144+0000] {logging_mixin.py:188} INFO - [2025-09-19T04:23:50.143+0000] {dagbag.py:538} INFO - Filling up the DagBag from /home/airflow/.local/lib/python3.8/site-packages/airflow/example_dags/tutorial_taskflow_api.py
[2025-09-19T04:23:50.156+0000] {processor.py:840} INFO - DAG(s) 'tutorial_taskflow_api' retrieved from /home/airflow/.local/lib/python3.8/site-packages/airflow/example_dags/tutorial_taskflow_api.py
[2025-09-19T04:23:50.190+0000] {logging_mixin.py:188} INFO - [2025-09-19T04:23:50.190+0000] {dag.py:3036} INFO - Sync 1 DAGs
[2025-09-19T04:23:50.212+0000] {logging_mixin.py:188} INFO - [2025-09-19T04:23:50.212+0000] {dag.py:3823} INFO - Setting next_dagrun for tutorial_taskflow_api to None, run_after=None
[2025-09-19T04:23:50.254+0000] {processor.py:183} INFO - Processing /home/airflow/.local/lib/python3.8/site-packages/airflow/example_dags/tutorial_taskflow_api.py took 0.122 seconds
[2025-09-19T04:24:20.479+0000] {processor.py:161} INFO - Started process (PID=1972) to work on /home/airflow/.local/lib/python3.8/site-packages/airflow/example_dags/tutorial_taskflow_api.py
[2025-09-19T04:24:20.481+0000] {processor.py:830} INFO - Processing file /home/airflow/.local/lib/python3.8/site-packages/airflow/example_dags/tutorial_taskflow_api.py for tasks to queue
[2025-09-19T04:24:20.484+0000] {logging_mixin.py:188} INFO - [2025-09-19T04:24:20.484+0000] {dagbag.py:538} INFO - Filling up the DagBag from /home/airflow/.local/lib/python3.8/site-packages/airflow/example_dags/tutorial_taskflow_api.py
[2025-09-19T04:24:20.495+0000] {processor.py:840} INFO - DAG(s) 'tutorial_taskflow_api' retrieved from /home/airflow/.local/lib/python3.8/site-packages/airflow/example_dags/tutorial_taskflow_api.py
[2025-09-19T04:24:20.529+0000] {logging_mixin.py:188} INFO - [2025-09-19T04:24:20.529+0000] {dag.py:3036} INFO - Sync 1 DAGs
[2025-09-19T04:24:20.552+0000] {logging_mixin.py:188} INFO - [2025-09-19T04:24:20.552+0000] {dag.py:3823} INFO - Setting next_dagrun for tutorial_taskflow_api to None, run_after=None
[2025-09-19T04:24:20.592+0000] {processor.py:183} INFO - Processing /home/airflow/.local/lib/python3.8/site-packages/airflow/example_dags/tutorial_taskflow_api.py took 0.119 seconds
[2025-09-19T04:24:51.063+0000] {processor.py:161} INFO - Started process (PID=2028) to work on /home/airflow/.local/lib/python3.8/site-packages/airflow/example_dags/tutorial_taskflow_api.py
[2025-09-19T04:24:51.065+0000] {processor.py:830} INFO - Processing file /home/airflow/.local/lib/python3.8/site-packages/airflow/example_dags/tutorial_taskflow_api.py for tasks to queue
[2025-09-19T04:24:51.068+0000] {logging_mixin.py:188} INFO - [2025-09-19T04:24:51.068+0000] {dagbag.py:538} INFO - Filling up the DagBag from /home/airflow/.local/lib/python3.8/site-packages/airflow/example_dags/tutorial_taskflow_api.py
[2025-09-19T04:24:51.080+0000] {processor.py:840} INFO - DAG(s) 'tutorial_taskflow_api' retrieved from /home/airflow/.local/lib/python3.8/site-packages/airflow/example_dags/tutorial_taskflow_api.py
[2025-09-19T04:24:51.114+0000] {logging_mixin.py:188} INFO - [2025-09-19T04:24:51.114+0000] {dag.py:3036} INFO - Sync 1 DAGs
[2025-09-19T04:24:51.146+0000] {logging_mixin.py:188} INFO - [2025-09-19T04:24:51.145+0000] {dag.py:3823} INFO - Setting next_dagrun for tutorial_taskflow_api to None, run_after=None
[2025-09-19T04:24:51.187+0000] {processor.py:183} INFO - Processing /home/airflow/.local/lib/python3.8/site-packages/airflow/example_dags/tutorial_taskflow_api.py took 0.130 seconds
[2025-09-19T04:25:21.742+0000] {processor.py:161} INFO - Started process (PID=2081) to work on /home/airflow/.local/lib/python3.8/site-packages/airflow/example_dags/tutorial_taskflow_api.py
[2025-09-19T04:25:21.744+0000] {processor.py:830} INFO - Processing file /home/airflow/.local/lib/python3.8/site-packages/airflow/example_dags/tutorial_taskflow_api.py for tasks to queue
[2025-09-19T04:25:21.747+0000] {logging_mixin.py:188} INFO - [2025-09-19T04:25:21.746+0000] {dagbag.py:538} INFO - Filling up the DagBag from /home/airflow/.local/lib/python3.8/site-packages/airflow/example_dags/tutorial_taskflow_api.py
[2025-09-19T04:25:21.758+0000] {processor.py:840} INFO - DAG(s) 'tutorial_taskflow_api' retrieved from /home/airflow/.local/lib/python3.8/site-packages/airflow/example_dags/tutorial_taskflow_api.py
[2025-09-19T04:25:21.793+0000] {logging_mixin.py:188} INFO - [2025-09-19T04:25:21.792+0000] {dag.py:3036} INFO - Sync 1 DAGs
[2025-09-19T04:25:21.815+0000] {logging_mixin.py:188} INFO - [2025-09-19T04:25:21.815+0000] {dag.py:3823} INFO - Setting next_dagrun for tutorial_taskflow_api to None, run_after=None
[2025-09-19T04:25:21.855+0000] {processor.py:183} INFO - Processing /home/airflow/.local/lib/python3.8/site-packages/airflow/example_dags/tutorial_taskflow_api.py took 0.119 seconds
[2025-09-19T04:25:51.944+0000] {processor.py:161} INFO - Started process (PID=2136) to work on /home/airflow/.local/lib/python3.8/site-packages/airflow/example_dags/tutorial_taskflow_api.py
[2025-09-19T04:25:51.946+0000] {processor.py:830} INFO - Processing file /home/airflow/.local/lib/python3.8/site-packages/airflow/example_dags/tutorial_taskflow_api.py for tasks to queue
[2025-09-19T04:25:51.949+0000] {logging_mixin.py:188} INFO - [2025-09-19T04:25:51.949+0000] {dagbag.py:538} INFO - Filling up the DagBag from /home/airflow/.local/lib/python3.8/site-packages/airflow/example_dags/tutorial_taskflow_api.py
[2025-09-19T04:25:51.962+0000] {processor.py:840} INFO - DAG(s) 'tutorial_taskflow_api' retrieved from /home/airflow/.local/lib/python3.8/site-packages/airflow/example_dags/tutorial_taskflow_api.py
[2025-09-19T04:25:51.998+0000] {logging_mixin.py:188} INFO - [2025-09-19T04:25:51.998+0000] {dag.py:3036} INFO - Sync 1 DAGs
[2025-09-19T04:25:52.021+0000] {logging_mixin.py:188} INFO - [2025-09-19T04:25:52.021+0000] {dag.py:3823} INFO - Setting next_dagrun for tutorial_taskflow_api to None, run_after=None
[2025-09-19T04:25:52.059+0000] {processor.py:183} INFO - Processing /home/airflow/.local/lib/python3.8/site-packages/airflow/example_dags/tutorial_taskflow_api.py took 0.121 seconds
[2025-09-19T04:26:22.565+0000] {processor.py:161} INFO - Started process (PID=2191) to work on /home/airflow/.local/lib/python3.8/site-packages/airflow/example_dags/tutorial_taskflow_api.py
[2025-09-19T04:26:22.567+0000] {processor.py:830} INFO - Processing file /home/airflow/.local/lib/python3.8/site-packages/airflow/example_dags/tutorial_taskflow_api.py for tasks to queue
[2025-09-19T04:26:22.570+0000] {logging_mixin.py:188} INFO - [2025-09-19T04:26:22.570+0000] {dagbag.py:538} INFO - Filling up the DagBag from /home/airflow/.local/lib/python3.8/site-packages/airflow/example_dags/tutorial_taskflow_api.py
[2025-09-19T04:26:22.583+0000] {processor.py:840} INFO - DAG(s) 'tutorial_taskflow_api' retrieved from /home/airflow/.local/lib/python3.8/site-packages/airflow/example_dags/tutorial_taskflow_api.py
[2025-09-19T04:26:22.618+0000] {logging_mixin.py:188} INFO - [2025-09-19T04:26:22.618+0000] {dag.py:3036} INFO - Sync 1 DAGs
[2025-09-19T04:26:22.643+0000] {logging_mixin.py:188} INFO - [2025-09-19T04:26:22.643+0000] {dag.py:3823} INFO - Setting next_dagrun for tutorial_taskflow_api to None, run_after=None
[2025-09-19T04:26:22.685+0000] {processor.py:183} INFO - Processing /home/airflow/.local/lib/python3.8/site-packages/airflow/example_dags/tutorial_taskflow_api.py took 0.126 seconds
[2025-09-19T04:26:52.889+0000] {processor.py:161} INFO - Started process (PID=2252) to work on /home/airflow/.local/lib/python3.8/site-packages/airflow/example_dags/tutorial_taskflow_api.py
[2025-09-19T04:26:52.892+0000] {processor.py:830} INFO - Processing file /home/airflow/.local/lib/python3.8/site-packages/airflow/example_dags/tutorial_taskflow_api.py for tasks to queue
[2025-09-19T04:26:52.896+0000] {logging_mixin.py:188} INFO - [2025-09-19T04:26:52.896+0000] {dagbag.py:538} INFO - Filling up the DagBag from /home/airflow/.local/lib/python3.8/site-packages/airflow/example_dags/tutorial_taskflow_api.py
[2025-09-19T04:26:52.909+0000] {processor.py:840} INFO - DAG(s) 'tutorial_taskflow_api' retrieved from /home/airflow/.local/lib/python3.8/site-packages/airflow/example_dags/tutorial_taskflow_api.py
[2025-09-19T04:26:52.948+0000] {logging_mixin.py:188} INFO - [2025-09-19T04:26:52.947+0000] {dag.py:3036} INFO - Sync 1 DAGs
[2025-09-19T04:26:52.975+0000] {logging_mixin.py:188} INFO - [2025-09-19T04:26:52.974+0000] {dag.py:3823} INFO - Setting next_dagrun for tutorial_taskflow_api to None, run_after=None
[2025-09-19T04:26:53.015+0000] {processor.py:183} INFO - Processing /home/airflow/.local/lib/python3.8/site-packages/airflow/example_dags/tutorial_taskflow_api.py took 0.133 seconds
[2025-09-19T04:27:23.501+0000] {processor.py:161} INFO - Started process (PID=2307) to work on /home/airflow/.local/lib/python3.8/site-packages/airflow/example_dags/tutorial_taskflow_api.py
[2025-09-19T04:27:23.504+0000] {processor.py:830} INFO - Processing file /home/airflow/.local/lib/python3.8/site-packages/airflow/example_dags/tutorial_taskflow_api.py for tasks to queue
[2025-09-19T04:27:23.507+0000] {logging_mixin.py:188} INFO - [2025-09-19T04:27:23.507+0000] {dagbag.py:538} INFO - Filling up the DagBag from /home/airflow/.local/lib/python3.8/site-packages/airflow/example_dags/tutorial_taskflow_api.py
[2025-09-19T04:27:23.520+0000] {processor.py:840} INFO - DAG(s) 'tutorial_taskflow_api' retrieved from /home/airflow/.local/lib/python3.8/site-packages/airflow/example_dags/tutorial_taskflow_api.py
[2025-09-19T04:27:23.556+0000] {logging_mixin.py:188} INFO - [2025-09-19T04:27:23.556+0000] {dag.py:3036} INFO - Sync 1 DAGs
[2025-09-19T04:27:23.579+0000] {logging_mixin.py:188} INFO - [2025-09-19T04:27:23.579+0000] {dag.py:3823} INFO - Setting next_dagrun for tutorial_taskflow_api to None, run_after=None
[2025-09-19T04:27:23.618+0000] {processor.py:183} INFO - Processing /home/airflow/.local/lib/python3.8/site-packages/airflow/example_dags/tutorial_taskflow_api.py took 0.122 seconds
[2025-09-19T04:27:53.709+0000] {processor.py:161} INFO - Started process (PID=2362) to work on /home/airflow/.local/lib/python3.8/site-packages/airflow/example_dags/tutorial_taskflow_api.py
[2025-09-19T04:27:53.711+0000] {processor.py:830} INFO - Processing file /home/airflow/.local/lib/python3.8/site-packages/airflow/example_dags/tutorial_taskflow_api.py for tasks to queue
[2025-09-19T04:27:53.715+0000] {logging_mixin.py:188} INFO - [2025-09-19T04:27:53.714+0000] {dagbag.py:538} INFO - Filling up the DagBag from /home/airflow/.local/lib/python3.8/site-packages/airflow/example_dags/tutorial_taskflow_api.py
[2025-09-19T04:27:53.726+0000] {processor.py:840} INFO - DAG(s) 'tutorial_taskflow_api' retrieved from /home/airflow/.local/lib/python3.8/site-packages/airflow/example_dags/tutorial_taskflow_api.py
[2025-09-19T04:27:53.762+0000] {logging_mixin.py:188} INFO - [2025-09-19T04:27:53.762+0000] {dag.py:3036} INFO - Sync 1 DAGs
[2025-09-19T04:27:53.785+0000] {logging_mixin.py:188} INFO - [2025-09-19T04:27:53.785+0000] {dag.py:3823} INFO - Setting next_dagrun for tutorial_taskflow_api to None, run_after=None
[2025-09-19T04:27:53.822+0000] {processor.py:183} INFO - Processing /home/airflow/.local/lib/python3.8/site-packages/airflow/example_dags/tutorial_taskflow_api.py took 0.118 seconds
[2025-09-19T04:28:24.133+0000] {processor.py:161} INFO - Started process (PID=2417) to work on /home/airflow/.local/lib/python3.8/site-packages/airflow/example_dags/tutorial_taskflow_api.py
[2025-09-19T04:28:24.135+0000] {processor.py:830} INFO - Processing file /home/airflow/.local/lib/python3.8/site-packages/airflow/example_dags/tutorial_taskflow_api.py for tasks to queue
[2025-09-19T04:28:24.138+0000] {logging_mixin.py:188} INFO - [2025-09-19T04:28:24.138+0000] {dagbag.py:538} INFO - Filling up the DagBag from /home/airflow/.local/lib/python3.8/site-packages/airflow/example_dags/tutorial_taskflow_api.py
[2025-09-19T04:28:24.150+0000] {processor.py:840} INFO - DAG(s) 'tutorial_taskflow_api' retrieved from /home/airflow/.local/lib/python3.8/site-packages/airflow/example_dags/tutorial_taskflow_api.py
[2025-09-19T04:28:24.187+0000] {logging_mixin.py:188} INFO - [2025-09-19T04:28:24.186+0000] {dag.py:3036} INFO - Sync 1 DAGs
[2025-09-19T04:28:24.211+0000] {logging_mixin.py:188} INFO - [2025-09-19T04:28:24.210+0000] {dag.py:3823} INFO - Setting next_dagrun for tutorial_taskflow_api to None, run_after=None
[2025-09-19T04:28:24.264+0000] {processor.py:183} INFO - Processing /home/airflow/.local/lib/python3.8/site-packages/airflow/example_dags/tutorial_taskflow_api.py took 0.137 seconds
[2025-09-19T04:28:54.633+0000] {processor.py:161} INFO - Started process (PID=2472) to work on /home/airflow/.local/lib/python3.8/site-packages/airflow/example_dags/tutorial_taskflow_api.py
[2025-09-19T04:28:54.635+0000] {processor.py:830} INFO - Processing file /home/airflow/.local/lib/python3.8/site-packages/airflow/example_dags/tutorial_taskflow_api.py for tasks to queue
[2025-09-19T04:28:54.639+0000] {logging_mixin.py:188} INFO - [2025-09-19T04:28:54.638+0000] {dagbag.py:538} INFO - Filling up the DagBag from /home/airflow/.local/lib/python3.8/site-packages/airflow/example_dags/tutorial_taskflow_api.py
[2025-09-19T04:28:54.651+0000] {processor.py:840} INFO - DAG(s) 'tutorial_taskflow_api' retrieved from /home/airflow/.local/lib/python3.8/site-packages/airflow/example_dags/tutorial_taskflow_api.py
[2025-09-19T04:28:54.686+0000] {logging_mixin.py:188} INFO - [2025-09-19T04:28:54.686+0000] {dag.py:3036} INFO - Sync 1 DAGs
[2025-09-19T04:28:54.709+0000] {logging_mixin.py:188} INFO - [2025-09-19T04:28:54.708+0000] {dag.py:3823} INFO - Setting next_dagrun for tutorial_taskflow_api to None, run_after=None
[2025-09-19T04:28:54.747+0000] {processor.py:183} INFO - Processing /home/airflow/.local/lib/python3.8/site-packages/airflow/example_dags/tutorial_taskflow_api.py took 0.120 seconds
[2025-09-19T04:29:25.006+0000] {processor.py:161} INFO - Started process (PID=2527) to work on /home/airflow/.local/lib/python3.8/site-packages/airflow/example_dags/tutorial_taskflow_api.py
[2025-09-19T04:29:25.008+0000] {processor.py:830} INFO - Processing file /home/airflow/.local/lib/python3.8/site-packages/airflow/example_dags/tutorial_taskflow_api.py for tasks to queue
[2025-09-19T04:29:25.011+0000] {logging_mixin.py:188} INFO - [2025-09-19T04:29:25.011+0000] {dagbag.py:538} INFO - Filling up the DagBag from /home/airflow/.local/lib/python3.8/site-packages/airflow/example_dags/tutorial_taskflow_api.py
[2025-09-19T04:29:25.023+0000] {processor.py:840} INFO - DAG(s) 'tutorial_taskflow_api' retrieved from /home/airflow/.local/lib/python3.8/site-packages/airflow/example_dags/tutorial_taskflow_api.py
[2025-09-19T04:29:25.059+0000] {logging_mixin.py:188} INFO - [2025-09-19T04:29:25.059+0000] {dag.py:3036} INFO - Sync 1 DAGs
[2025-09-19T04:29:25.083+0000] {logging_mixin.py:188} INFO - [2025-09-19T04:29:25.082+0000] {dag.py:3823} INFO - Setting next_dagrun for tutorial_taskflow_api to None, run_after=None
[2025-09-19T04:29:25.118+0000] {processor.py:183} INFO - Processing /home/airflow/.local/lib/python3.8/site-packages/airflow/example_dags/tutorial_taskflow_api.py took 0.117 seconds
[2025-09-19T04:29:55.586+0000] {processor.py:161} INFO - Started process (PID=2582) to work on /home/airflow/.local/lib/python3.8/site-packages/airflow/example_dags/tutorial_taskflow_api.py
[2025-09-19T04:29:55.588+0000] {processor.py:830} INFO - Processing file /home/airflow/.local/lib/python3.8/site-packages/airflow/example_dags/tutorial_taskflow_api.py for tasks to queue
[2025-09-19T04:29:55.591+0000] {logging_mixin.py:188} INFO - [2025-09-19T04:29:55.591+0000] {dagbag.py:538} INFO - Filling up the DagBag from /home/airflow/.local/lib/python3.8/site-packages/airflow/example_dags/tutorial_taskflow_api.py
[2025-09-19T04:29:55.609+0000] {processor.py:840} INFO - DAG(s) 'tutorial_taskflow_api' retrieved from /home/airflow/.local/lib/python3.8/site-packages/airflow/example_dags/tutorial_taskflow_api.py
[2025-09-19T04:29:55.648+0000] {logging_mixin.py:188} INFO - [2025-09-19T04:29:55.648+0000] {dag.py:3036} INFO - Sync 1 DAGs
[2025-09-19T04:29:55.673+0000] {logging_mixin.py:188} INFO - [2025-09-19T04:29:55.672+0000] {dag.py:3823} INFO - Setting next_dagrun for tutorial_taskflow_api to None, run_after=None
[2025-09-19T04:29:55.717+0000] {processor.py:183} INFO - Processing /home/airflow/.local/lib/python3.8/site-packages/airflow/example_dags/tutorial_taskflow_api.py took 0.137 seconds
[2025-09-19T04:30:26.017+0000] {processor.py:161} INFO - Started process (PID=2637) to work on /home/airflow/.local/lib/python3.8/site-packages/airflow/example_dags/tutorial_taskflow_api.py
[2025-09-19T04:30:26.019+0000] {processor.py:830} INFO - Processing file /home/airflow/.local/lib/python3.8/site-packages/airflow/example_dags/tutorial_taskflow_api.py for tasks to queue
[2025-09-19T04:30:26.023+0000] {logging_mixin.py:188} INFO - [2025-09-19T04:30:26.023+0000] {dagbag.py:538} INFO - Filling up the DagBag from /home/airflow/.local/lib/python3.8/site-packages/airflow/example_dags/tutorial_taskflow_api.py
[2025-09-19T04:30:26.034+0000] {processor.py:840} INFO - DAG(s) 'tutorial_taskflow_api' retrieved from /home/airflow/.local/lib/python3.8/site-packages/airflow/example_dags/tutorial_taskflow_api.py
[2025-09-19T04:30:26.072+0000] {logging_mixin.py:188} INFO - [2025-09-19T04:30:26.072+0000] {dag.py:3036} INFO - Sync 1 DAGs
[2025-09-19T04:30:26.100+0000] {logging_mixin.py:188} INFO - [2025-09-19T04:30:26.100+0000] {dag.py:3823} INFO - Setting next_dagrun for tutorial_taskflow_api to None, run_after=None
[2025-09-19T04:30:26.137+0000] {processor.py:183} INFO - Processing /home/airflow/.local/lib/python3.8/site-packages/airflow/example_dags/tutorial_taskflow_api.py took 0.126 seconds
[2025-09-19T04:30:56.906+0000] {processor.py:161} INFO - Started process (PID=2692) to work on /home/airflow/.local/lib/python3.8/site-packages/airflow/example_dags/tutorial_taskflow_api.py
[2025-09-19T04:30:56.909+0000] {processor.py:830} INFO - Processing file /home/airflow/.local/lib/python3.8/site-packages/airflow/example_dags/tutorial_taskflow_api.py for tasks to queue
[2025-09-19T04:30:56.912+0000] {logging_mixin.py:188} INFO - [2025-09-19T04:30:56.911+0000] {dagbag.py:538} INFO - Filling up the DagBag from /home/airflow/.local/lib/python3.8/site-packages/airflow/example_dags/tutorial_taskflow_api.py
[2025-09-19T04:30:56.925+0000] {processor.py:840} INFO - DAG(s) 'tutorial_taskflow_api' retrieved from /home/airflow/.local/lib/python3.8/site-packages/airflow/example_dags/tutorial_taskflow_api.py
[2025-09-19T04:30:56.962+0000] {logging_mixin.py:188} INFO - [2025-09-19T04:30:56.961+0000] {dag.py:3036} INFO - Sync 1 DAGs
[2025-09-19T04:30:56.987+0000] {logging_mixin.py:188} INFO - [2025-09-19T04:30:56.986+0000] {dag.py:3823} INFO - Setting next_dagrun for tutorial_taskflow_api to None, run_after=None
[2025-09-19T04:30:57.022+0000] {processor.py:183} INFO - Processing /home/airflow/.local/lib/python3.8/site-packages/airflow/example_dags/tutorial_taskflow_api.py took 0.122 seconds
[2025-09-19T04:31:27.585+0000] {processor.py:161} INFO - Started process (PID=2747) to work on /home/airflow/.local/lib/python3.8/site-packages/airflow/example_dags/tutorial_taskflow_api.py
[2025-09-19T04:31:27.587+0000] {processor.py:830} INFO - Processing file /home/airflow/.local/lib/python3.8/site-packages/airflow/example_dags/tutorial_taskflow_api.py for tasks to queue
[2025-09-19T04:31:27.591+0000] {logging_mixin.py:188} INFO - [2025-09-19T04:31:27.591+0000] {dagbag.py:538} INFO - Filling up the DagBag from /home/airflow/.local/lib/python3.8/site-packages/airflow/example_dags/tutorial_taskflow_api.py
[2025-09-19T04:31:27.603+0000] {processor.py:840} INFO - DAG(s) 'tutorial_taskflow_api' retrieved from /home/airflow/.local/lib/python3.8/site-packages/airflow/example_dags/tutorial_taskflow_api.py
[2025-09-19T04:31:27.642+0000] {logging_mixin.py:188} INFO - [2025-09-19T04:31:27.642+0000] {dag.py:3036} INFO - Sync 1 DAGs
[2025-09-19T04:31:27.668+0000] {logging_mixin.py:188} INFO - [2025-09-19T04:31:27.668+0000] {dag.py:3823} INFO - Setting next_dagrun for tutorial_taskflow_api to None, run_after=None
[2025-09-19T04:31:27.706+0000] {processor.py:183} INFO - Processing /home/airflow/.local/lib/python3.8/site-packages/airflow/example_dags/tutorial_taskflow_api.py took 0.127 seconds
[2025-09-19T04:31:58.517+0000] {processor.py:161} INFO - Started process (PID=2802) to work on /home/airflow/.local/lib/python3.8/site-packages/airflow/example_dags/tutorial_taskflow_api.py
[2025-09-19T04:31:58.519+0000] {processor.py:830} INFO - Processing file /home/airflow/.local/lib/python3.8/site-packages/airflow/example_dags/tutorial_taskflow_api.py for tasks to queue
[2025-09-19T04:31:58.525+0000] {logging_mixin.py:188} INFO - [2025-09-19T04:31:58.524+0000] {dagbag.py:538} INFO - Filling up the DagBag from /home/airflow/.local/lib/python3.8/site-packages/airflow/example_dags/tutorial_taskflow_api.py
[2025-09-19T04:31:58.540+0000] {processor.py:840} INFO - DAG(s) 'tutorial_taskflow_api' retrieved from /home/airflow/.local/lib/python3.8/site-packages/airflow/example_dags/tutorial_taskflow_api.py
[2025-09-19T04:31:58.580+0000] {logging_mixin.py:188} INFO - [2025-09-19T04:31:58.580+0000] {dag.py:3036} INFO - Sync 1 DAGs
[2025-09-19T04:31:58.605+0000] {logging_mixin.py:188} INFO - [2025-09-19T04:31:58.605+0000] {dag.py:3823} INFO - Setting next_dagrun for tutorial_taskflow_api to None, run_after=None
[2025-09-19T04:31:58.653+0000] {processor.py:183} INFO - Processing /home/airflow/.local/lib/python3.8/site-packages/airflow/example_dags/tutorial_taskflow_api.py took 0.143 seconds
[2025-09-19T04:32:29.282+0000] {processor.py:161} INFO - Started process (PID=2857) to work on /home/airflow/.local/lib/python3.8/site-packages/airflow/example_dags/tutorial_taskflow_api.py
[2025-09-19T04:32:29.285+0000] {processor.py:830} INFO - Processing file /home/airflow/.local/lib/python3.8/site-packages/airflow/example_dags/tutorial_taskflow_api.py for tasks to queue
[2025-09-19T04:32:29.288+0000] {logging_mixin.py:188} INFO - [2025-09-19T04:32:29.288+0000] {dagbag.py:538} INFO - Filling up the DagBag from /home/airflow/.local/lib/python3.8/site-packages/airflow/example_dags/tutorial_taskflow_api.py
[2025-09-19T04:32:29.300+0000] {processor.py:840} INFO - DAG(s) 'tutorial_taskflow_api' retrieved from /home/airflow/.local/lib/python3.8/site-packages/airflow/example_dags/tutorial_taskflow_api.py
[2025-09-19T04:32:29.335+0000] {logging_mixin.py:188} INFO - [2025-09-19T04:32:29.334+0000] {dag.py:3036} INFO - Sync 1 DAGs
[2025-09-19T04:32:29.359+0000] {logging_mixin.py:188} INFO - [2025-09-19T04:32:29.359+0000] {dag.py:3823} INFO - Setting next_dagrun for tutorial_taskflow_api to None, run_after=None
[2025-09-19T04:32:29.401+0000] {processor.py:183} INFO - Processing /home/airflow/.local/lib/python3.8/site-packages/airflow/example_dags/tutorial_taskflow_api.py took 0.125 seconds
[2025-09-19T04:32:59.637+0000] {processor.py:161} INFO - Started process (PID=2912) to work on /home/airflow/.local/lib/python3.8/site-packages/airflow/example_dags/tutorial_taskflow_api.py
[2025-09-19T04:32:59.639+0000] {processor.py:830} INFO - Processing file /home/airflow/.local/lib/python3.8/site-packages/airflow/example_dags/tutorial_taskflow_api.py for tasks to queue
[2025-09-19T04:32:59.644+0000] {logging_mixin.py:188} INFO - [2025-09-19T04:32:59.643+0000] {dagbag.py:538} INFO - Filling up the DagBag from /home/airflow/.local/lib/python3.8/site-packages/airflow/example_dags/tutorial_taskflow_api.py
[2025-09-19T04:32:59.660+0000] {processor.py:840} INFO - DAG(s) 'tutorial_taskflow_api' retrieved from /home/airflow/.local/lib/python3.8/site-packages/airflow/example_dags/tutorial_taskflow_api.py
[2025-09-19T04:32:59.709+0000] {logging_mixin.py:188} INFO - [2025-09-19T04:32:59.709+0000] {dag.py:3036} INFO - Sync 1 DAGs
[2025-09-19T04:32:59.738+0000] {logging_mixin.py:188} INFO - [2025-09-19T04:32:59.737+0000] {dag.py:3823} INFO - Setting next_dagrun for tutorial_taskflow_api to None, run_after=None
[2025-09-19T04:32:59.966+0000] {processor.py:183} INFO - Processing /home/airflow/.local/lib/python3.8/site-packages/airflow/example_dags/tutorial_taskflow_api.py took 0.338 seconds
[2025-09-19T04:33:31.300+0000] {processor.py:161} INFO - Started process (PID=2967) to work on /home/airflow/.local/lib/python3.8/site-packages/airflow/example_dags/tutorial_taskflow_api.py
[2025-09-19T04:33:31.302+0000] {processor.py:830} INFO - Processing file /home/airflow/.local/lib/python3.8/site-packages/airflow/example_dags/tutorial_taskflow_api.py for tasks to queue
[2025-09-19T04:33:31.305+0000] {logging_mixin.py:188} INFO - [2025-09-19T04:33:31.305+0000] {dagbag.py:538} INFO - Filling up the DagBag from /home/airflow/.local/lib/python3.8/site-packages/airflow/example_dags/tutorial_taskflow_api.py
[2025-09-19T04:33:31.319+0000] {processor.py:840} INFO - DAG(s) 'tutorial_taskflow_api' retrieved from /home/airflow/.local/lib/python3.8/site-packages/airflow/example_dags/tutorial_taskflow_api.py
[2025-09-19T04:33:31.359+0000] {logging_mixin.py:188} INFO - [2025-09-19T04:33:31.359+0000] {dag.py:3036} INFO - Sync 1 DAGs
[2025-09-19T04:33:31.385+0000] {logging_mixin.py:188} INFO - [2025-09-19T04:33:31.385+0000] {dag.py:3823} INFO - Setting next_dagrun for tutorial_taskflow_api to None, run_after=None
[2025-09-19T04:33:31.429+0000] {processor.py:183} INFO - Processing /home/airflow/.local/lib/python3.8/site-packages/airflow/example_dags/tutorial_taskflow_api.py took 0.134 seconds
