[2025-09-19T04:06:17.568+0000] {processor.py:161} INFO - Started process (PID=41) to work on /home/airflow/.local/lib/python3.8/site-packages/airflow/example_dags/tutorial_dag.py
[2025-09-19T04:06:17.573+0000] {processor.py:830} INFO - Processing file /home/airflow/.local/lib/python3.8/site-packages/airflow/example_dags/tutorial_dag.py for tasks to queue
[2025-09-19T04:06:17.577+0000] {logging_mixin.py:188} INFO - [2025-09-19T04:06:17.577+0000] {dagbag.py:538} INFO - Filling up the DagBag from /home/airflow/.local/lib/python3.8/site-packages/airflow/example_dags/tutorial_dag.py
[2025-09-19T04:06:17.615+0000] {processor.py:840} INFO - DAG(s) 'tutorial_dag' retrieved from /home/airflow/.local/lib/python3.8/site-packages/airflow/example_dags/tutorial_dag.py
[2025-09-19T04:06:18.196+0000] {logging_mixin.py:188} INFO - [2025-09-19T04:06:18.195+0000] {dag.py:3036} INFO - Sync 1 DAGs
[2025-09-19T04:06:18.222+0000] {logging_mixin.py:188} INFO - [2025-09-19T04:06:18.222+0000] {dag.py:3823} INFO - Setting next_dagrun for tutorial_dag to None, run_after=None
[2025-09-19T04:06:18.269+0000] {processor.py:183} INFO - Processing /home/airflow/.local/lib/python3.8/site-packages/airflow/example_dags/tutorial_dag.py took 0.710 seconds
[2025-09-19T04:06:59.537+0000] {processor.py:161} INFO - Started process (PID=96) to work on /home/airflow/.local/lib/python3.8/site-packages/airflow/example_dags/tutorial_dag.py
[2025-09-19T04:06:59.540+0000] {processor.py:830} INFO - Processing file /home/airflow/.local/lib/python3.8/site-packages/airflow/example_dags/tutorial_dag.py for tasks to queue
[2025-09-19T04:06:59.554+0000] {logging_mixin.py:188} INFO - [2025-09-19T04:06:59.554+0000] {dagbag.py:538} INFO - Filling up the DagBag from /home/airflow/.local/lib/python3.8/site-packages/airflow/example_dags/tutorial_dag.py
[2025-09-19T04:06:59.582+0000] {processor.py:840} INFO - DAG(s) 'tutorial_dag' retrieved from /home/airflow/.local/lib/python3.8/site-packages/airflow/example_dags/tutorial_dag.py
[2025-09-19T04:06:59.649+0000] {logging_mixin.py:188} INFO - [2025-09-19T04:06:59.648+0000] {dag.py:3036} INFO - Sync 1 DAGs
[2025-09-19T04:06:59.724+0000] {logging_mixin.py:188} INFO - [2025-09-19T04:06:59.723+0000] {dag.py:3823} INFO - Setting next_dagrun for tutorial_dag to None, run_after=None
[2025-09-19T04:06:59.795+0000] {processor.py:183} INFO - Processing /home/airflow/.local/lib/python3.8/site-packages/airflow/example_dags/tutorial_dag.py took 0.273 seconds
[2025-09-19T04:07:30.168+0000] {processor.py:161} INFO - Started process (PID=148) to work on /home/airflow/.local/lib/python3.8/site-packages/airflow/example_dags/tutorial_dag.py
[2025-09-19T04:07:30.170+0000] {processor.py:830} INFO - Processing file /home/airflow/.local/lib/python3.8/site-packages/airflow/example_dags/tutorial_dag.py for tasks to queue
[2025-09-19T04:07:30.173+0000] {logging_mixin.py:188} INFO - [2025-09-19T04:07:30.173+0000] {dagbag.py:538} INFO - Filling up the DagBag from /home/airflow/.local/lib/python3.8/site-packages/airflow/example_dags/tutorial_dag.py
[2025-09-19T04:07:30.183+0000] {processor.py:840} INFO - DAG(s) 'tutorial_dag' retrieved from /home/airflow/.local/lib/python3.8/site-packages/airflow/example_dags/tutorial_dag.py
[2025-09-19T04:07:30.219+0000] {logging_mixin.py:188} INFO - [2025-09-19T04:07:30.218+0000] {dag.py:3036} INFO - Sync 1 DAGs
[2025-09-19T04:07:30.242+0000] {logging_mixin.py:188} INFO - [2025-09-19T04:07:30.242+0000] {dag.py:3823} INFO - Setting next_dagrun for tutorial_dag to None, run_after=None
[2025-09-19T04:07:30.284+0000] {processor.py:183} INFO - Processing /home/airflow/.local/lib/python3.8/site-packages/airflow/example_dags/tutorial_dag.py took 0.122 seconds
[2025-09-19T04:08:00.759+0000] {processor.py:161} INFO - Started process (PID=203) to work on /home/airflow/.local/lib/python3.8/site-packages/airflow/example_dags/tutorial_dag.py
[2025-09-19T04:08:00.767+0000] {processor.py:830} INFO - Processing file /home/airflow/.local/lib/python3.8/site-packages/airflow/example_dags/tutorial_dag.py for tasks to queue
[2025-09-19T04:08:00.771+0000] {logging_mixin.py:188} INFO - [2025-09-19T04:08:00.770+0000] {dagbag.py:538} INFO - Filling up the DagBag from /home/airflow/.local/lib/python3.8/site-packages/airflow/example_dags/tutorial_dag.py
[2025-09-19T04:08:00.781+0000] {processor.py:840} INFO - DAG(s) 'tutorial_dag' retrieved from /home/airflow/.local/lib/python3.8/site-packages/airflow/example_dags/tutorial_dag.py
[2025-09-19T04:08:00.816+0000] {logging_mixin.py:188} INFO - [2025-09-19T04:08:00.816+0000] {dag.py:3036} INFO - Sync 1 DAGs
[2025-09-19T04:08:00.840+0000] {logging_mixin.py:188} INFO - [2025-09-19T04:08:00.839+0000] {dag.py:3823} INFO - Setting next_dagrun for tutorial_dag to None, run_after=None
[2025-09-19T04:08:00.883+0000] {processor.py:183} INFO - Processing /home/airflow/.local/lib/python3.8/site-packages/airflow/example_dags/tutorial_dag.py took 0.129 seconds
[2025-09-19T04:08:31.394+0000] {processor.py:161} INFO - Started process (PID=258) to work on /home/airflow/.local/lib/python3.8/site-packages/airflow/example_dags/tutorial_dag.py
[2025-09-19T04:08:31.396+0000] {processor.py:830} INFO - Processing file /home/airflow/.local/lib/python3.8/site-packages/airflow/example_dags/tutorial_dag.py for tasks to queue
[2025-09-19T04:08:31.400+0000] {logging_mixin.py:188} INFO - [2025-09-19T04:08:31.399+0000] {dagbag.py:538} INFO - Filling up the DagBag from /home/airflow/.local/lib/python3.8/site-packages/airflow/example_dags/tutorial_dag.py
[2025-09-19T04:08:31.414+0000] {processor.py:840} INFO - DAG(s) 'tutorial_dag' retrieved from /home/airflow/.local/lib/python3.8/site-packages/airflow/example_dags/tutorial_dag.py
[2025-09-19T04:08:31.464+0000] {logging_mixin.py:188} INFO - [2025-09-19T04:08:31.464+0000] {dag.py:3036} INFO - Sync 1 DAGs
[2025-09-19T04:08:31.500+0000] {logging_mixin.py:188} INFO - [2025-09-19T04:08:31.499+0000] {dag.py:3823} INFO - Setting next_dagrun for tutorial_dag to None, run_after=None
[2025-09-19T04:08:31.550+0000] {processor.py:183} INFO - Processing /home/airflow/.local/lib/python3.8/site-packages/airflow/example_dags/tutorial_dag.py took 0.163 seconds
[2025-09-19T04:09:01.719+0000] {processor.py:161} INFO - Started process (PID=314) to work on /home/airflow/.local/lib/python3.8/site-packages/airflow/example_dags/tutorial_dag.py
[2025-09-19T04:09:01.721+0000] {processor.py:830} INFO - Processing file /home/airflow/.local/lib/python3.8/site-packages/airflow/example_dags/tutorial_dag.py for tasks to queue
[2025-09-19T04:09:01.724+0000] {logging_mixin.py:188} INFO - [2025-09-19T04:09:01.724+0000] {dagbag.py:538} INFO - Filling up the DagBag from /home/airflow/.local/lib/python3.8/site-packages/airflow/example_dags/tutorial_dag.py
[2025-09-19T04:09:01.737+0000] {processor.py:840} INFO - DAG(s) 'tutorial_dag' retrieved from /home/airflow/.local/lib/python3.8/site-packages/airflow/example_dags/tutorial_dag.py
[2025-09-19T04:09:01.787+0000] {logging_mixin.py:188} INFO - [2025-09-19T04:09:01.786+0000] {dag.py:3036} INFO - Sync 1 DAGs
[2025-09-19T04:09:01.825+0000] {logging_mixin.py:188} INFO - [2025-09-19T04:09:01.824+0000] {dag.py:3823} INFO - Setting next_dagrun for tutorial_dag to None, run_after=None
[2025-09-19T04:09:01.874+0000] {processor.py:183} INFO - Processing /home/airflow/.local/lib/python3.8/site-packages/airflow/example_dags/tutorial_dag.py took 0.161 seconds
[2025-09-19T04:09:32.261+0000] {processor.py:161} INFO - Started process (PID=369) to work on /home/airflow/.local/lib/python3.8/site-packages/airflow/example_dags/tutorial_dag.py
[2025-09-19T04:09:32.263+0000] {processor.py:830} INFO - Processing file /home/airflow/.local/lib/python3.8/site-packages/airflow/example_dags/tutorial_dag.py for tasks to queue
[2025-09-19T04:09:32.267+0000] {logging_mixin.py:188} INFO - [2025-09-19T04:09:32.266+0000] {dagbag.py:538} INFO - Filling up the DagBag from /home/airflow/.local/lib/python3.8/site-packages/airflow/example_dags/tutorial_dag.py
[2025-09-19T04:09:32.276+0000] {processor.py:840} INFO - DAG(s) 'tutorial_dag' retrieved from /home/airflow/.local/lib/python3.8/site-packages/airflow/example_dags/tutorial_dag.py
[2025-09-19T04:09:32.312+0000] {logging_mixin.py:188} INFO - [2025-09-19T04:09:32.311+0000] {dag.py:3036} INFO - Sync 1 DAGs
[2025-09-19T04:09:32.335+0000] {logging_mixin.py:188} INFO - [2025-09-19T04:09:32.335+0000] {dag.py:3823} INFO - Setting next_dagrun for tutorial_dag to None, run_after=None
[2025-09-19T04:09:32.371+0000] {processor.py:183} INFO - Processing /home/airflow/.local/lib/python3.8/site-packages/airflow/example_dags/tutorial_dag.py took 0.117 seconds
[2025-09-19T04:10:02.765+0000] {processor.py:161} INFO - Started process (PID=424) to work on /home/airflow/.local/lib/python3.8/site-packages/airflow/example_dags/tutorial_dag.py
[2025-09-19T04:10:02.767+0000] {processor.py:830} INFO - Processing file /home/airflow/.local/lib/python3.8/site-packages/airflow/example_dags/tutorial_dag.py for tasks to queue
[2025-09-19T04:10:02.770+0000] {logging_mixin.py:188} INFO - [2025-09-19T04:10:02.770+0000] {dagbag.py:538} INFO - Filling up the DagBag from /home/airflow/.local/lib/python3.8/site-packages/airflow/example_dags/tutorial_dag.py
[2025-09-19T04:10:02.781+0000] {processor.py:840} INFO - DAG(s) 'tutorial_dag' retrieved from /home/airflow/.local/lib/python3.8/site-packages/airflow/example_dags/tutorial_dag.py
[2025-09-19T04:10:02.821+0000] {logging_mixin.py:188} INFO - [2025-09-19T04:10:02.821+0000] {dag.py:3036} INFO - Sync 1 DAGs
[2025-09-19T04:10:02.845+0000] {logging_mixin.py:188} INFO - [2025-09-19T04:10:02.845+0000] {dag.py:3823} INFO - Setting next_dagrun for tutorial_dag to None, run_after=None
[2025-09-19T04:10:02.885+0000] {processor.py:183} INFO - Processing /home/airflow/.local/lib/python3.8/site-packages/airflow/example_dags/tutorial_dag.py took 0.126 seconds
[2025-09-19T04:10:33.543+0000] {processor.py:161} INFO - Started process (PID=479) to work on /home/airflow/.local/lib/python3.8/site-packages/airflow/example_dags/tutorial_dag.py
[2025-09-19T04:10:33.545+0000] {processor.py:830} INFO - Processing file /home/airflow/.local/lib/python3.8/site-packages/airflow/example_dags/tutorial_dag.py for tasks to queue
[2025-09-19T04:10:33.548+0000] {logging_mixin.py:188} INFO - [2025-09-19T04:10:33.548+0000] {dagbag.py:538} INFO - Filling up the DagBag from /home/airflow/.local/lib/python3.8/site-packages/airflow/example_dags/tutorial_dag.py
[2025-09-19T04:10:33.560+0000] {processor.py:840} INFO - DAG(s) 'tutorial_dag' retrieved from /home/airflow/.local/lib/python3.8/site-packages/airflow/example_dags/tutorial_dag.py
[2025-09-19T04:10:33.597+0000] {logging_mixin.py:188} INFO - [2025-09-19T04:10:33.596+0000] {dag.py:3036} INFO - Sync 1 DAGs
[2025-09-19T04:10:33.621+0000] {logging_mixin.py:188} INFO - [2025-09-19T04:10:33.621+0000] {dag.py:3823} INFO - Setting next_dagrun for tutorial_dag to None, run_after=None
[2025-09-19T04:10:33.660+0000] {processor.py:183} INFO - Processing /home/airflow/.local/lib/python3.8/site-packages/airflow/example_dags/tutorial_dag.py took 0.123 seconds
[2025-09-19T04:11:03.943+0000] {processor.py:161} INFO - Started process (PID=534) to work on /home/airflow/.local/lib/python3.8/site-packages/airflow/example_dags/tutorial_dag.py
[2025-09-19T04:11:03.945+0000] {processor.py:830} INFO - Processing file /home/airflow/.local/lib/python3.8/site-packages/airflow/example_dags/tutorial_dag.py for tasks to queue
[2025-09-19T04:11:03.949+0000] {logging_mixin.py:188} INFO - [2025-09-19T04:11:03.949+0000] {dagbag.py:538} INFO - Filling up the DagBag from /home/airflow/.local/lib/python3.8/site-packages/airflow/example_dags/tutorial_dag.py
[2025-09-19T04:11:03.958+0000] {processor.py:840} INFO - DAG(s) 'tutorial_dag' retrieved from /home/airflow/.local/lib/python3.8/site-packages/airflow/example_dags/tutorial_dag.py
[2025-09-19T04:11:03.995+0000] {logging_mixin.py:188} INFO - [2025-09-19T04:11:03.994+0000] {dag.py:3036} INFO - Sync 1 DAGs
[2025-09-19T04:11:04.018+0000] {logging_mixin.py:188} INFO - [2025-09-19T04:11:04.018+0000] {dag.py:3823} INFO - Setting next_dagrun for tutorial_dag to None, run_after=None
[2025-09-19T04:11:04.058+0000] {processor.py:183} INFO - Processing /home/airflow/.local/lib/python3.8/site-packages/airflow/example_dags/tutorial_dag.py took 0.121 seconds
[2025-09-19T04:11:34.945+0000] {processor.py:161} INFO - Started process (PID=589) to work on /home/airflow/.local/lib/python3.8/site-packages/airflow/example_dags/tutorial_dag.py
[2025-09-19T04:11:34.947+0000] {processor.py:830} INFO - Processing file /home/airflow/.local/lib/python3.8/site-packages/airflow/example_dags/tutorial_dag.py for tasks to queue
[2025-09-19T04:11:34.952+0000] {logging_mixin.py:188} INFO - [2025-09-19T04:11:34.951+0000] {dagbag.py:538} INFO - Filling up the DagBag from /home/airflow/.local/lib/python3.8/site-packages/airflow/example_dags/tutorial_dag.py
[2025-09-19T04:11:34.965+0000] {processor.py:840} INFO - DAG(s) 'tutorial_dag' retrieved from /home/airflow/.local/lib/python3.8/site-packages/airflow/example_dags/tutorial_dag.py
[2025-09-19T04:11:35.005+0000] {logging_mixin.py:188} INFO - [2025-09-19T04:11:35.005+0000] {dag.py:3036} INFO - Sync 1 DAGs
[2025-09-19T04:11:35.037+0000] {logging_mixin.py:188} INFO - [2025-09-19T04:11:35.037+0000] {dag.py:3823} INFO - Setting next_dagrun for tutorial_dag to None, run_after=None
[2025-09-19T04:11:35.080+0000] {processor.py:183} INFO - Processing /home/airflow/.local/lib/python3.8/site-packages/airflow/example_dags/tutorial_dag.py took 0.141 seconds
[2025-09-19T04:12:05.944+0000] {processor.py:161} INFO - Started process (PID=644) to work on /home/airflow/.local/lib/python3.8/site-packages/airflow/example_dags/tutorial_dag.py
[2025-09-19T04:12:05.946+0000] {processor.py:830} INFO - Processing file /home/airflow/.local/lib/python3.8/site-packages/airflow/example_dags/tutorial_dag.py for tasks to queue
[2025-09-19T04:12:05.950+0000] {logging_mixin.py:188} INFO - [2025-09-19T04:12:05.949+0000] {dagbag.py:538} INFO - Filling up the DagBag from /home/airflow/.local/lib/python3.8/site-packages/airflow/example_dags/tutorial_dag.py
[2025-09-19T04:12:05.959+0000] {processor.py:840} INFO - DAG(s) 'tutorial_dag' retrieved from /home/airflow/.local/lib/python3.8/site-packages/airflow/example_dags/tutorial_dag.py
[2025-09-19T04:12:05.995+0000] {logging_mixin.py:188} INFO - [2025-09-19T04:12:05.995+0000] {dag.py:3036} INFO - Sync 1 DAGs
[2025-09-19T04:12:06.020+0000] {logging_mixin.py:188} INFO - [2025-09-19T04:12:06.020+0000] {dag.py:3823} INFO - Setting next_dagrun for tutorial_dag to None, run_after=None
[2025-09-19T04:12:06.062+0000] {processor.py:183} INFO - Processing /home/airflow/.local/lib/python3.8/site-packages/airflow/example_dags/tutorial_dag.py took 0.124 seconds
[2025-09-19T04:12:36.408+0000] {processor.py:161} INFO - Started process (PID=699) to work on /home/airflow/.local/lib/python3.8/site-packages/airflow/example_dags/tutorial_dag.py
[2025-09-19T04:12:36.410+0000] {processor.py:830} INFO - Processing file /home/airflow/.local/lib/python3.8/site-packages/airflow/example_dags/tutorial_dag.py for tasks to queue
[2025-09-19T04:12:36.415+0000] {logging_mixin.py:188} INFO - [2025-09-19T04:12:36.415+0000] {dagbag.py:538} INFO - Filling up the DagBag from /home/airflow/.local/lib/python3.8/site-packages/airflow/example_dags/tutorial_dag.py
[2025-09-19T04:12:36.427+0000] {processor.py:840} INFO - DAG(s) 'tutorial_dag' retrieved from /home/airflow/.local/lib/python3.8/site-packages/airflow/example_dags/tutorial_dag.py
[2025-09-19T04:12:36.476+0000] {logging_mixin.py:188} INFO - [2025-09-19T04:12:36.475+0000] {dag.py:3036} INFO - Sync 1 DAGs
[2025-09-19T04:12:36.511+0000] {logging_mixin.py:188} INFO - [2025-09-19T04:12:36.509+0000] {dag.py:3823} INFO - Setting next_dagrun for tutorial_dag to None, run_after=None
[2025-09-19T04:12:36.567+0000] {processor.py:183} INFO - Processing /home/airflow/.local/lib/python3.8/site-packages/airflow/example_dags/tutorial_dag.py took 0.166 seconds
[2025-09-19T04:13:07.024+0000] {processor.py:161} INFO - Started process (PID=754) to work on /home/airflow/.local/lib/python3.8/site-packages/airflow/example_dags/tutorial_dag.py
[2025-09-19T04:13:07.027+0000] {processor.py:830} INFO - Processing file /home/airflow/.local/lib/python3.8/site-packages/airflow/example_dags/tutorial_dag.py for tasks to queue
[2025-09-19T04:13:07.031+0000] {logging_mixin.py:188} INFO - [2025-09-19T04:13:07.031+0000] {dagbag.py:538} INFO - Filling up the DagBag from /home/airflow/.local/lib/python3.8/site-packages/airflow/example_dags/tutorial_dag.py
[2025-09-19T04:13:07.044+0000] {processor.py:840} INFO - DAG(s) 'tutorial_dag' retrieved from /home/airflow/.local/lib/python3.8/site-packages/airflow/example_dags/tutorial_dag.py
[2025-09-19T04:13:07.088+0000] {logging_mixin.py:188} INFO - [2025-09-19T04:13:07.087+0000] {dag.py:3036} INFO - Sync 1 DAGs
[2025-09-19T04:13:07.112+0000] {logging_mixin.py:188} INFO - [2025-09-19T04:13:07.112+0000] {dag.py:3823} INFO - Setting next_dagrun for tutorial_dag to None, run_after=None
[2025-09-19T04:13:07.148+0000] {processor.py:183} INFO - Processing /home/airflow/.local/lib/python3.8/site-packages/airflow/example_dags/tutorial_dag.py took 0.131 seconds
[2025-09-19T04:13:37.271+0000] {processor.py:161} INFO - Started process (PID=809) to work on /home/airflow/.local/lib/python3.8/site-packages/airflow/example_dags/tutorial_dag.py
[2025-09-19T04:13:37.273+0000] {processor.py:830} INFO - Processing file /home/airflow/.local/lib/python3.8/site-packages/airflow/example_dags/tutorial_dag.py for tasks to queue
[2025-09-19T04:13:37.277+0000] {logging_mixin.py:188} INFO - [2025-09-19T04:13:37.276+0000] {dagbag.py:538} INFO - Filling up the DagBag from /home/airflow/.local/lib/python3.8/site-packages/airflow/example_dags/tutorial_dag.py
[2025-09-19T04:13:37.286+0000] {processor.py:840} INFO - DAG(s) 'tutorial_dag' retrieved from /home/airflow/.local/lib/python3.8/site-packages/airflow/example_dags/tutorial_dag.py
[2025-09-19T04:13:37.322+0000] {logging_mixin.py:188} INFO - [2025-09-19T04:13:37.322+0000] {dag.py:3036} INFO - Sync 1 DAGs
[2025-09-19T04:13:37.345+0000] {logging_mixin.py:188} INFO - [2025-09-19T04:13:37.345+0000] {dag.py:3823} INFO - Setting next_dagrun for tutorial_dag to None, run_after=None
[2025-09-19T04:13:37.386+0000] {processor.py:183} INFO - Processing /home/airflow/.local/lib/python3.8/site-packages/airflow/example_dags/tutorial_dag.py took 0.121 seconds
[2025-09-19T04:14:07.573+0000] {processor.py:161} INFO - Started process (PID=864) to work on /home/airflow/.local/lib/python3.8/site-packages/airflow/example_dags/tutorial_dag.py
[2025-09-19T04:14:07.575+0000] {processor.py:830} INFO - Processing file /home/airflow/.local/lib/python3.8/site-packages/airflow/example_dags/tutorial_dag.py for tasks to queue
[2025-09-19T04:14:07.578+0000] {logging_mixin.py:188} INFO - [2025-09-19T04:14:07.578+0000] {dagbag.py:538} INFO - Filling up the DagBag from /home/airflow/.local/lib/python3.8/site-packages/airflow/example_dags/tutorial_dag.py
[2025-09-19T04:14:07.588+0000] {processor.py:840} INFO - DAG(s) 'tutorial_dag' retrieved from /home/airflow/.local/lib/python3.8/site-packages/airflow/example_dags/tutorial_dag.py
[2025-09-19T04:14:07.626+0000] {logging_mixin.py:188} INFO - [2025-09-19T04:14:07.625+0000] {dag.py:3036} INFO - Sync 1 DAGs
[2025-09-19T04:14:07.649+0000] {logging_mixin.py:188} INFO - [2025-09-19T04:14:07.649+0000] {dag.py:3823} INFO - Setting next_dagrun for tutorial_dag to None, run_after=None
[2025-09-19T04:14:07.689+0000] {processor.py:183} INFO - Processing /home/airflow/.local/lib/python3.8/site-packages/airflow/example_dags/tutorial_dag.py took 0.122 seconds
[2025-09-19T04:14:38.085+0000] {processor.py:161} INFO - Started process (PID=919) to work on /home/airflow/.local/lib/python3.8/site-packages/airflow/example_dags/tutorial_dag.py
[2025-09-19T04:14:38.087+0000] {processor.py:830} INFO - Processing file /home/airflow/.local/lib/python3.8/site-packages/airflow/example_dags/tutorial_dag.py for tasks to queue
[2025-09-19T04:14:38.090+0000] {logging_mixin.py:188} INFO - [2025-09-19T04:14:38.090+0000] {dagbag.py:538} INFO - Filling up the DagBag from /home/airflow/.local/lib/python3.8/site-packages/airflow/example_dags/tutorial_dag.py
[2025-09-19T04:14:38.100+0000] {processor.py:840} INFO - DAG(s) 'tutorial_dag' retrieved from /home/airflow/.local/lib/python3.8/site-packages/airflow/example_dags/tutorial_dag.py
[2025-09-19T04:14:38.140+0000] {logging_mixin.py:188} INFO - [2025-09-19T04:14:38.140+0000] {dag.py:3036} INFO - Sync 1 DAGs
[2025-09-19T04:14:38.165+0000] {logging_mixin.py:188} INFO - [2025-09-19T04:14:38.164+0000] {dag.py:3823} INFO - Setting next_dagrun for tutorial_dag to None, run_after=None
[2025-09-19T04:14:38.205+0000] {processor.py:183} INFO - Processing /home/airflow/.local/lib/python3.8/site-packages/airflow/example_dags/tutorial_dag.py took 0.127 seconds
[2025-09-19T04:15:08.841+0000] {processor.py:161} INFO - Started process (PID=974) to work on /home/airflow/.local/lib/python3.8/site-packages/airflow/example_dags/tutorial_dag.py
[2025-09-19T04:15:08.843+0000] {processor.py:830} INFO - Processing file /home/airflow/.local/lib/python3.8/site-packages/airflow/example_dags/tutorial_dag.py for tasks to queue
[2025-09-19T04:15:08.846+0000] {logging_mixin.py:188} INFO - [2025-09-19T04:15:08.846+0000] {dagbag.py:538} INFO - Filling up the DagBag from /home/airflow/.local/lib/python3.8/site-packages/airflow/example_dags/tutorial_dag.py
[2025-09-19T04:15:08.856+0000] {processor.py:840} INFO - DAG(s) 'tutorial_dag' retrieved from /home/airflow/.local/lib/python3.8/site-packages/airflow/example_dags/tutorial_dag.py
[2025-09-19T04:15:08.892+0000] {logging_mixin.py:188} INFO - [2025-09-19T04:15:08.892+0000] {dag.py:3036} INFO - Sync 1 DAGs
[2025-09-19T04:15:08.916+0000] {logging_mixin.py:188} INFO - [2025-09-19T04:15:08.915+0000] {dag.py:3823} INFO - Setting next_dagrun for tutorial_dag to None, run_after=None
[2025-09-19T04:15:08.956+0000] {processor.py:183} INFO - Processing /home/airflow/.local/lib/python3.8/site-packages/airflow/example_dags/tutorial_dag.py took 0.120 seconds
[2025-09-19T04:15:39.200+0000] {processor.py:161} INFO - Started process (PID=1029) to work on /home/airflow/.local/lib/python3.8/site-packages/airflow/example_dags/tutorial_dag.py
[2025-09-19T04:15:39.202+0000] {processor.py:830} INFO - Processing file /home/airflow/.local/lib/python3.8/site-packages/airflow/example_dags/tutorial_dag.py for tasks to queue
[2025-09-19T04:15:39.205+0000] {logging_mixin.py:188} INFO - [2025-09-19T04:15:39.204+0000] {dagbag.py:538} INFO - Filling up the DagBag from /home/airflow/.local/lib/python3.8/site-packages/airflow/example_dags/tutorial_dag.py
[2025-09-19T04:15:39.215+0000] {processor.py:840} INFO - DAG(s) 'tutorial_dag' retrieved from /home/airflow/.local/lib/python3.8/site-packages/airflow/example_dags/tutorial_dag.py
[2025-09-19T04:15:39.256+0000] {logging_mixin.py:188} INFO - [2025-09-19T04:15:39.256+0000] {dag.py:3036} INFO - Sync 1 DAGs
[2025-09-19T04:15:39.279+0000] {logging_mixin.py:188} INFO - [2025-09-19T04:15:39.278+0000] {dag.py:3823} INFO - Setting next_dagrun for tutorial_dag to None, run_after=None
[2025-09-19T04:15:39.318+0000] {processor.py:183} INFO - Processing /home/airflow/.local/lib/python3.8/site-packages/airflow/example_dags/tutorial_dag.py took 0.124 seconds
[2025-09-19T04:16:09.696+0000] {processor.py:161} INFO - Started process (PID=1084) to work on /home/airflow/.local/lib/python3.8/site-packages/airflow/example_dags/tutorial_dag.py
[2025-09-19T04:16:09.698+0000] {processor.py:830} INFO - Processing file /home/airflow/.local/lib/python3.8/site-packages/airflow/example_dags/tutorial_dag.py for tasks to queue
[2025-09-19T04:16:09.701+0000] {logging_mixin.py:188} INFO - [2025-09-19T04:16:09.701+0000] {dagbag.py:538} INFO - Filling up the DagBag from /home/airflow/.local/lib/python3.8/site-packages/airflow/example_dags/tutorial_dag.py
[2025-09-19T04:16:09.711+0000] {processor.py:840} INFO - DAG(s) 'tutorial_dag' retrieved from /home/airflow/.local/lib/python3.8/site-packages/airflow/example_dags/tutorial_dag.py
[2025-09-19T04:16:09.749+0000] {logging_mixin.py:188} INFO - [2025-09-19T04:16:09.748+0000] {dag.py:3036} INFO - Sync 1 DAGs
[2025-09-19T04:16:09.771+0000] {logging_mixin.py:188} INFO - [2025-09-19T04:16:09.771+0000] {dag.py:3823} INFO - Setting next_dagrun for tutorial_dag to None, run_after=None
[2025-09-19T04:16:09.809+0000] {processor.py:183} INFO - Processing /home/airflow/.local/lib/python3.8/site-packages/airflow/example_dags/tutorial_dag.py took 0.119 seconds
[2025-09-19T04:16:40.257+0000] {processor.py:161} INFO - Started process (PID=1139) to work on /home/airflow/.local/lib/python3.8/site-packages/airflow/example_dags/tutorial_dag.py
[2025-09-19T04:16:40.259+0000] {processor.py:830} INFO - Processing file /home/airflow/.local/lib/python3.8/site-packages/airflow/example_dags/tutorial_dag.py for tasks to queue
[2025-09-19T04:16:40.262+0000] {logging_mixin.py:188} INFO - [2025-09-19T04:16:40.262+0000] {dagbag.py:538} INFO - Filling up the DagBag from /home/airflow/.local/lib/python3.8/site-packages/airflow/example_dags/tutorial_dag.py
[2025-09-19T04:16:40.271+0000] {processor.py:840} INFO - DAG(s) 'tutorial_dag' retrieved from /home/airflow/.local/lib/python3.8/site-packages/airflow/example_dags/tutorial_dag.py
[2025-09-19T04:16:40.307+0000] {logging_mixin.py:188} INFO - [2025-09-19T04:16:40.307+0000] {dag.py:3036} INFO - Sync 1 DAGs
[2025-09-19T04:16:40.330+0000] {logging_mixin.py:188} INFO - [2025-09-19T04:16:40.330+0000] {dag.py:3823} INFO - Setting next_dagrun for tutorial_dag to None, run_after=None
[2025-09-19T04:16:40.369+0000] {processor.py:183} INFO - Processing /home/airflow/.local/lib/python3.8/site-packages/airflow/example_dags/tutorial_dag.py took 0.118 seconds
[2025-09-19T04:17:10.826+0000] {processor.py:161} INFO - Started process (PID=1194) to work on /home/airflow/.local/lib/python3.8/site-packages/airflow/example_dags/tutorial_dag.py
[2025-09-19T04:17:10.828+0000] {processor.py:830} INFO - Processing file /home/airflow/.local/lib/python3.8/site-packages/airflow/example_dags/tutorial_dag.py for tasks to queue
[2025-09-19T04:17:10.832+0000] {logging_mixin.py:188} INFO - [2025-09-19T04:17:10.831+0000] {dagbag.py:538} INFO - Filling up the DagBag from /home/airflow/.local/lib/python3.8/site-packages/airflow/example_dags/tutorial_dag.py
[2025-09-19T04:17:10.841+0000] {processor.py:840} INFO - DAG(s) 'tutorial_dag' retrieved from /home/airflow/.local/lib/python3.8/site-packages/airflow/example_dags/tutorial_dag.py
[2025-09-19T04:17:10.879+0000] {logging_mixin.py:188} INFO - [2025-09-19T04:17:10.879+0000] {dag.py:3036} INFO - Sync 1 DAGs
[2025-09-19T04:17:10.902+0000] {logging_mixin.py:188} INFO - [2025-09-19T04:17:10.902+0000] {dag.py:3823} INFO - Setting next_dagrun for tutorial_dag to None, run_after=None
[2025-09-19T04:17:10.936+0000] {processor.py:183} INFO - Processing /home/airflow/.local/lib/python3.8/site-packages/airflow/example_dags/tutorial_dag.py took 0.115 seconds
[2025-09-19T04:17:41.488+0000] {processor.py:161} INFO - Started process (PID=1249) to work on /home/airflow/.local/lib/python3.8/site-packages/airflow/example_dags/tutorial_dag.py
[2025-09-19T04:17:41.490+0000] {processor.py:830} INFO - Processing file /home/airflow/.local/lib/python3.8/site-packages/airflow/example_dags/tutorial_dag.py for tasks to queue
[2025-09-19T04:17:41.493+0000] {logging_mixin.py:188} INFO - [2025-09-19T04:17:41.492+0000] {dagbag.py:538} INFO - Filling up the DagBag from /home/airflow/.local/lib/python3.8/site-packages/airflow/example_dags/tutorial_dag.py
[2025-09-19T04:17:41.504+0000] {processor.py:840} INFO - DAG(s) 'tutorial_dag' retrieved from /home/airflow/.local/lib/python3.8/site-packages/airflow/example_dags/tutorial_dag.py
[2025-09-19T04:17:41.541+0000] {logging_mixin.py:188} INFO - [2025-09-19T04:17:41.540+0000] {dag.py:3036} INFO - Sync 1 DAGs
[2025-09-19T04:17:41.566+0000] {logging_mixin.py:188} INFO - [2025-09-19T04:17:41.565+0000] {dag.py:3823} INFO - Setting next_dagrun for tutorial_dag to None, run_after=None
[2025-09-19T04:17:41.607+0000] {processor.py:183} INFO - Processing /home/airflow/.local/lib/python3.8/site-packages/airflow/example_dags/tutorial_dag.py took 0.125 seconds
[2025-09-19T04:18:11.832+0000] {processor.py:161} INFO - Started process (PID=1304) to work on /home/airflow/.local/lib/python3.8/site-packages/airflow/example_dags/tutorial_dag.py
[2025-09-19T04:18:11.834+0000] {processor.py:830} INFO - Processing file /home/airflow/.local/lib/python3.8/site-packages/airflow/example_dags/tutorial_dag.py for tasks to queue
[2025-09-19T04:18:11.837+0000] {logging_mixin.py:188} INFO - [2025-09-19T04:18:11.837+0000] {dagbag.py:538} INFO - Filling up the DagBag from /home/airflow/.local/lib/python3.8/site-packages/airflow/example_dags/tutorial_dag.py
[2025-09-19T04:18:11.847+0000] {processor.py:840} INFO - DAG(s) 'tutorial_dag' retrieved from /home/airflow/.local/lib/python3.8/site-packages/airflow/example_dags/tutorial_dag.py
[2025-09-19T04:18:11.884+0000] {logging_mixin.py:188} INFO - [2025-09-19T04:18:11.884+0000] {dag.py:3036} INFO - Sync 1 DAGs
[2025-09-19T04:18:11.907+0000] {logging_mixin.py:188} INFO - [2025-09-19T04:18:11.907+0000] {dag.py:3823} INFO - Setting next_dagrun for tutorial_dag to None, run_after=None
[2025-09-19T04:18:11.946+0000] {processor.py:183} INFO - Processing /home/airflow/.local/lib/python3.8/site-packages/airflow/example_dags/tutorial_dag.py took 0.120 seconds
[2025-09-19T04:18:42.632+0000] {processor.py:161} INFO - Started process (PID=1359) to work on /home/airflow/.local/lib/python3.8/site-packages/airflow/example_dags/tutorial_dag.py
[2025-09-19T04:18:42.634+0000] {processor.py:830} INFO - Processing file /home/airflow/.local/lib/python3.8/site-packages/airflow/example_dags/tutorial_dag.py for tasks to queue
[2025-09-19T04:18:42.637+0000] {logging_mixin.py:188} INFO - [2025-09-19T04:18:42.636+0000] {dagbag.py:538} INFO - Filling up the DagBag from /home/airflow/.local/lib/python3.8/site-packages/airflow/example_dags/tutorial_dag.py
[2025-09-19T04:18:42.647+0000] {processor.py:840} INFO - DAG(s) 'tutorial_dag' retrieved from /home/airflow/.local/lib/python3.8/site-packages/airflow/example_dags/tutorial_dag.py
[2025-09-19T04:18:42.688+0000] {logging_mixin.py:188} INFO - [2025-09-19T04:18:42.688+0000] {dag.py:3036} INFO - Sync 1 DAGs
[2025-09-19T04:18:42.714+0000] {logging_mixin.py:188} INFO - [2025-09-19T04:18:42.714+0000] {dag.py:3823} INFO - Setting next_dagrun for tutorial_dag to None, run_after=None
[2025-09-19T04:18:42.754+0000] {processor.py:183} INFO - Processing /home/airflow/.local/lib/python3.8/site-packages/airflow/example_dags/tutorial_dag.py took 0.128 seconds
[2025-09-19T04:19:12.965+0000] {processor.py:161} INFO - Started process (PID=1414) to work on /home/airflow/.local/lib/python3.8/site-packages/airflow/example_dags/tutorial_dag.py
[2025-09-19T04:19:12.967+0000] {processor.py:830} INFO - Processing file /home/airflow/.local/lib/python3.8/site-packages/airflow/example_dags/tutorial_dag.py for tasks to queue
[2025-09-19T04:19:12.971+0000] {logging_mixin.py:188} INFO - [2025-09-19T04:19:12.970+0000] {dagbag.py:538} INFO - Filling up the DagBag from /home/airflow/.local/lib/python3.8/site-packages/airflow/example_dags/tutorial_dag.py
[2025-09-19T04:19:12.982+0000] {processor.py:840} INFO - DAG(s) 'tutorial_dag' retrieved from /home/airflow/.local/lib/python3.8/site-packages/airflow/example_dags/tutorial_dag.py
[2025-09-19T04:19:13.020+0000] {logging_mixin.py:188} INFO - [2025-09-19T04:19:13.020+0000] {dag.py:3036} INFO - Sync 1 DAGs
[2025-09-19T04:19:13.045+0000] {logging_mixin.py:188} INFO - [2025-09-19T04:19:13.045+0000] {dag.py:3823} INFO - Setting next_dagrun for tutorial_dag to None, run_after=None
[2025-09-19T04:19:13.085+0000] {processor.py:183} INFO - Processing /home/airflow/.local/lib/python3.8/site-packages/airflow/example_dags/tutorial_dag.py took 0.129 seconds
[2025-09-19T04:19:43.512+0000] {processor.py:161} INFO - Started process (PID=1469) to work on /home/airflow/.local/lib/python3.8/site-packages/airflow/example_dags/tutorial_dag.py
[2025-09-19T04:19:43.514+0000] {processor.py:830} INFO - Processing file /home/airflow/.local/lib/python3.8/site-packages/airflow/example_dags/tutorial_dag.py for tasks to queue
[2025-09-19T04:19:43.517+0000] {logging_mixin.py:188} INFO - [2025-09-19T04:19:43.516+0000] {dagbag.py:538} INFO - Filling up the DagBag from /home/airflow/.local/lib/python3.8/site-packages/airflow/example_dags/tutorial_dag.py
[2025-09-19T04:19:43.526+0000] {processor.py:840} INFO - DAG(s) 'tutorial_dag' retrieved from /home/airflow/.local/lib/python3.8/site-packages/airflow/example_dags/tutorial_dag.py
[2025-09-19T04:19:43.567+0000] {logging_mixin.py:188} INFO - [2025-09-19T04:19:43.567+0000] {dag.py:3036} INFO - Sync 1 DAGs
[2025-09-19T04:19:43.593+0000] {logging_mixin.py:188} INFO - [2025-09-19T04:19:43.592+0000] {dag.py:3823} INFO - Setting next_dagrun for tutorial_dag to None, run_after=None
[2025-09-19T04:19:43.639+0000] {processor.py:183} INFO - Processing /home/airflow/.local/lib/python3.8/site-packages/airflow/example_dags/tutorial_dag.py took 0.133 seconds
[2025-09-19T04:20:14.270+0000] {processor.py:161} INFO - Started process (PID=1524) to work on /home/airflow/.local/lib/python3.8/site-packages/airflow/example_dags/tutorial_dag.py
[2025-09-19T04:20:14.272+0000] {processor.py:830} INFO - Processing file /home/airflow/.local/lib/python3.8/site-packages/airflow/example_dags/tutorial_dag.py for tasks to queue
[2025-09-19T04:20:14.275+0000] {logging_mixin.py:188} INFO - [2025-09-19T04:20:14.275+0000] {dagbag.py:538} INFO - Filling up the DagBag from /home/airflow/.local/lib/python3.8/site-packages/airflow/example_dags/tutorial_dag.py
[2025-09-19T04:20:14.285+0000] {processor.py:840} INFO - DAG(s) 'tutorial_dag' retrieved from /home/airflow/.local/lib/python3.8/site-packages/airflow/example_dags/tutorial_dag.py
[2025-09-19T04:20:14.322+0000] {logging_mixin.py:188} INFO - [2025-09-19T04:20:14.322+0000] {dag.py:3036} INFO - Sync 1 DAGs
[2025-09-19T04:20:14.349+0000] {logging_mixin.py:188} INFO - [2025-09-19T04:20:14.349+0000] {dag.py:3823} INFO - Setting next_dagrun for tutorial_dag to None, run_after=None
[2025-09-19T04:20:14.389+0000] {processor.py:183} INFO - Processing /home/airflow/.local/lib/python3.8/site-packages/airflow/example_dags/tutorial_dag.py took 0.124 seconds
[2025-09-19T04:20:44.689+0000] {processor.py:161} INFO - Started process (PID=1579) to work on /home/airflow/.local/lib/python3.8/site-packages/airflow/example_dags/tutorial_dag.py
[2025-09-19T04:20:44.691+0000] {processor.py:830} INFO - Processing file /home/airflow/.local/lib/python3.8/site-packages/airflow/example_dags/tutorial_dag.py for tasks to queue
[2025-09-19T04:20:44.695+0000] {logging_mixin.py:188} INFO - [2025-09-19T04:20:44.694+0000] {dagbag.py:538} INFO - Filling up the DagBag from /home/airflow/.local/lib/python3.8/site-packages/airflow/example_dags/tutorial_dag.py
[2025-09-19T04:20:44.704+0000] {processor.py:840} INFO - DAG(s) 'tutorial_dag' retrieved from /home/airflow/.local/lib/python3.8/site-packages/airflow/example_dags/tutorial_dag.py
[2025-09-19T04:20:44.743+0000] {logging_mixin.py:188} INFO - [2025-09-19T04:20:44.742+0000] {dag.py:3036} INFO - Sync 1 DAGs
[2025-09-19T04:20:44.765+0000] {logging_mixin.py:188} INFO - [2025-09-19T04:20:44.764+0000] {dag.py:3823} INFO - Setting next_dagrun for tutorial_dag to None, run_after=None
[2025-09-19T04:20:44.805+0000] {processor.py:183} INFO - Processing /home/airflow/.local/lib/python3.8/site-packages/airflow/example_dags/tutorial_dag.py took 0.121 seconds
[2025-09-19T04:21:15.298+0000] {processor.py:161} INFO - Started process (PID=1634) to work on /home/airflow/.local/lib/python3.8/site-packages/airflow/example_dags/tutorial_dag.py
[2025-09-19T04:21:15.300+0000] {processor.py:830} INFO - Processing file /home/airflow/.local/lib/python3.8/site-packages/airflow/example_dags/tutorial_dag.py for tasks to queue
[2025-09-19T04:21:15.304+0000] {logging_mixin.py:188} INFO - [2025-09-19T04:21:15.303+0000] {dagbag.py:538} INFO - Filling up the DagBag from /home/airflow/.local/lib/python3.8/site-packages/airflow/example_dags/tutorial_dag.py
[2025-09-19T04:21:15.313+0000] {processor.py:840} INFO - DAG(s) 'tutorial_dag' retrieved from /home/airflow/.local/lib/python3.8/site-packages/airflow/example_dags/tutorial_dag.py
[2025-09-19T04:21:15.351+0000] {logging_mixin.py:188} INFO - [2025-09-19T04:21:15.350+0000] {dag.py:3036} INFO - Sync 1 DAGs
[2025-09-19T04:21:15.376+0000] {logging_mixin.py:188} INFO - [2025-09-19T04:21:15.376+0000] {dag.py:3823} INFO - Setting next_dagrun for tutorial_dag to None, run_after=None
[2025-09-19T04:21:15.411+0000] {processor.py:183} INFO - Processing /home/airflow/.local/lib/python3.8/site-packages/airflow/example_dags/tutorial_dag.py took 0.120 seconds
[2025-09-19T04:21:45.573+0000] {processor.py:161} INFO - Started process (PID=1689) to work on /home/airflow/.local/lib/python3.8/site-packages/airflow/example_dags/tutorial_dag.py
[2025-09-19T04:21:45.575+0000] {processor.py:830} INFO - Processing file /home/airflow/.local/lib/python3.8/site-packages/airflow/example_dags/tutorial_dag.py for tasks to queue
[2025-09-19T04:21:45.578+0000] {logging_mixin.py:188} INFO - [2025-09-19T04:21:45.577+0000] {dagbag.py:538} INFO - Filling up the DagBag from /home/airflow/.local/lib/python3.8/site-packages/airflow/example_dags/tutorial_dag.py
[2025-09-19T04:21:45.587+0000] {processor.py:840} INFO - DAG(s) 'tutorial_dag' retrieved from /home/airflow/.local/lib/python3.8/site-packages/airflow/example_dags/tutorial_dag.py
[2025-09-19T04:21:45.625+0000] {logging_mixin.py:188} INFO - [2025-09-19T04:21:45.624+0000] {dag.py:3036} INFO - Sync 1 DAGs
[2025-09-19T04:21:45.650+0000] {logging_mixin.py:188} INFO - [2025-09-19T04:21:45.650+0000] {dag.py:3823} INFO - Setting next_dagrun for tutorial_dag to None, run_after=None
[2025-09-19T04:21:45.691+0000] {processor.py:183} INFO - Processing /home/airflow/.local/lib/python3.8/site-packages/airflow/example_dags/tutorial_dag.py took 0.124 seconds
[2025-09-19T04:22:15.863+0000] {processor.py:161} INFO - Started process (PID=1744) to work on /home/airflow/.local/lib/python3.8/site-packages/airflow/example_dags/tutorial_dag.py
[2025-09-19T04:22:15.865+0000] {processor.py:830} INFO - Processing file /home/airflow/.local/lib/python3.8/site-packages/airflow/example_dags/tutorial_dag.py for tasks to queue
[2025-09-19T04:22:15.868+0000] {logging_mixin.py:188} INFO - [2025-09-19T04:22:15.868+0000] {dagbag.py:538} INFO - Filling up the DagBag from /home/airflow/.local/lib/python3.8/site-packages/airflow/example_dags/tutorial_dag.py
[2025-09-19T04:22:15.878+0000] {processor.py:840} INFO - DAG(s) 'tutorial_dag' retrieved from /home/airflow/.local/lib/python3.8/site-packages/airflow/example_dags/tutorial_dag.py
[2025-09-19T04:22:15.914+0000] {logging_mixin.py:188} INFO - [2025-09-19T04:22:15.913+0000] {dag.py:3036} INFO - Sync 1 DAGs
[2025-09-19T04:22:15.936+0000] {logging_mixin.py:188} INFO - [2025-09-19T04:22:15.935+0000] {dag.py:3823} INFO - Setting next_dagrun for tutorial_dag to None, run_after=None
[2025-09-19T04:22:15.975+0000] {processor.py:183} INFO - Processing /home/airflow/.local/lib/python3.8/site-packages/airflow/example_dags/tutorial_dag.py took 0.117 seconds
[2025-09-19T04:22:46.375+0000] {processor.py:161} INFO - Started process (PID=1799) to work on /home/airflow/.local/lib/python3.8/site-packages/airflow/example_dags/tutorial_dag.py
[2025-09-19T04:22:46.376+0000] {processor.py:830} INFO - Processing file /home/airflow/.local/lib/python3.8/site-packages/airflow/example_dags/tutorial_dag.py for tasks to queue
[2025-09-19T04:22:46.380+0000] {logging_mixin.py:188} INFO - [2025-09-19T04:22:46.379+0000] {dagbag.py:538} INFO - Filling up the DagBag from /home/airflow/.local/lib/python3.8/site-packages/airflow/example_dags/tutorial_dag.py
[2025-09-19T04:22:46.389+0000] {processor.py:840} INFO - DAG(s) 'tutorial_dag' retrieved from /home/airflow/.local/lib/python3.8/site-packages/airflow/example_dags/tutorial_dag.py
[2025-09-19T04:22:46.425+0000] {logging_mixin.py:188} INFO - [2025-09-19T04:22:46.425+0000] {dag.py:3036} INFO - Sync 1 DAGs
[2025-09-19T04:22:46.448+0000] {logging_mixin.py:188} INFO - [2025-09-19T04:22:46.448+0000] {dag.py:3823} INFO - Setting next_dagrun for tutorial_dag to None, run_after=None
[2025-09-19T04:22:46.486+0000] {processor.py:183} INFO - Processing /home/airflow/.local/lib/python3.8/site-packages/airflow/example_dags/tutorial_dag.py took 0.117 seconds
[2025-09-19T04:23:16.760+0000] {processor.py:161} INFO - Started process (PID=1854) to work on /home/airflow/.local/lib/python3.8/site-packages/airflow/example_dags/tutorial_dag.py
[2025-09-19T04:23:16.762+0000] {processor.py:830} INFO - Processing file /home/airflow/.local/lib/python3.8/site-packages/airflow/example_dags/tutorial_dag.py for tasks to queue
[2025-09-19T04:23:16.765+0000] {logging_mixin.py:188} INFO - [2025-09-19T04:23:16.765+0000] {dagbag.py:538} INFO - Filling up the DagBag from /home/airflow/.local/lib/python3.8/site-packages/airflow/example_dags/tutorial_dag.py
[2025-09-19T04:23:16.775+0000] {processor.py:840} INFO - DAG(s) 'tutorial_dag' retrieved from /home/airflow/.local/lib/python3.8/site-packages/airflow/example_dags/tutorial_dag.py
[2025-09-19T04:23:16.811+0000] {logging_mixin.py:188} INFO - [2025-09-19T04:23:16.810+0000] {dag.py:3036} INFO - Sync 1 DAGs
[2025-09-19T04:23:16.834+0000] {logging_mixin.py:188} INFO - [2025-09-19T04:23:16.834+0000] {dag.py:3823} INFO - Setting next_dagrun for tutorial_dag to None, run_after=None
[2025-09-19T04:23:16.872+0000] {processor.py:183} INFO - Processing /home/airflow/.local/lib/python3.8/site-packages/airflow/example_dags/tutorial_dag.py took 0.117 seconds
[2025-09-19T04:23:47.320+0000] {processor.py:161} INFO - Started process (PID=1909) to work on /home/airflow/.local/lib/python3.8/site-packages/airflow/example_dags/tutorial_dag.py
[2025-09-19T04:23:47.322+0000] {processor.py:830} INFO - Processing file /home/airflow/.local/lib/python3.8/site-packages/airflow/example_dags/tutorial_dag.py for tasks to queue
[2025-09-19T04:23:47.325+0000] {logging_mixin.py:188} INFO - [2025-09-19T04:23:47.324+0000] {dagbag.py:538} INFO - Filling up the DagBag from /home/airflow/.local/lib/python3.8/site-packages/airflow/example_dags/tutorial_dag.py
[2025-09-19T04:23:47.334+0000] {processor.py:840} INFO - DAG(s) 'tutorial_dag' retrieved from /home/airflow/.local/lib/python3.8/site-packages/airflow/example_dags/tutorial_dag.py
[2025-09-19T04:23:47.371+0000] {logging_mixin.py:188} INFO - [2025-09-19T04:23:47.370+0000] {dag.py:3036} INFO - Sync 1 DAGs
[2025-09-19T04:23:47.394+0000] {logging_mixin.py:188} INFO - [2025-09-19T04:23:47.393+0000] {dag.py:3823} INFO - Setting next_dagrun for tutorial_dag to None, run_after=None
[2025-09-19T04:23:47.432+0000] {processor.py:183} INFO - Processing /home/airflow/.local/lib/python3.8/site-packages/airflow/example_dags/tutorial_dag.py took 0.118 seconds
[2025-09-19T04:24:18.137+0000] {processor.py:161} INFO - Started process (PID=1962) to work on /home/airflow/.local/lib/python3.8/site-packages/airflow/example_dags/tutorial_dag.py
[2025-09-19T04:24:18.139+0000] {processor.py:830} INFO - Processing file /home/airflow/.local/lib/python3.8/site-packages/airflow/example_dags/tutorial_dag.py for tasks to queue
[2025-09-19T04:24:18.142+0000] {logging_mixin.py:188} INFO - [2025-09-19T04:24:18.142+0000] {dagbag.py:538} INFO - Filling up the DagBag from /home/airflow/.local/lib/python3.8/site-packages/airflow/example_dags/tutorial_dag.py
[2025-09-19T04:24:18.152+0000] {processor.py:840} INFO - DAG(s) 'tutorial_dag' retrieved from /home/airflow/.local/lib/python3.8/site-packages/airflow/example_dags/tutorial_dag.py
[2025-09-19T04:24:18.188+0000] {logging_mixin.py:188} INFO - [2025-09-19T04:24:18.188+0000] {dag.py:3036} INFO - Sync 1 DAGs
[2025-09-19T04:24:18.211+0000] {logging_mixin.py:188} INFO - [2025-09-19T04:24:18.211+0000] {dag.py:3823} INFO - Setting next_dagrun for tutorial_dag to None, run_after=None
[2025-09-19T04:24:18.249+0000] {processor.py:183} INFO - Processing /home/airflow/.local/lib/python3.8/site-packages/airflow/example_dags/tutorial_dag.py took 0.118 seconds
[2025-09-19T04:24:48.465+0000] {processor.py:161} INFO - Started process (PID=2018) to work on /home/airflow/.local/lib/python3.8/site-packages/airflow/example_dags/tutorial_dag.py
[2025-09-19T04:24:48.468+0000] {processor.py:830} INFO - Processing file /home/airflow/.local/lib/python3.8/site-packages/airflow/example_dags/tutorial_dag.py for tasks to queue
[2025-09-19T04:24:48.471+0000] {logging_mixin.py:188} INFO - [2025-09-19T04:24:48.471+0000] {dagbag.py:538} INFO - Filling up the DagBag from /home/airflow/.local/lib/python3.8/site-packages/airflow/example_dags/tutorial_dag.py
[2025-09-19T04:24:48.488+0000] {processor.py:840} INFO - DAG(s) 'tutorial_dag' retrieved from /home/airflow/.local/lib/python3.8/site-packages/airflow/example_dags/tutorial_dag.py
[2025-09-19T04:24:48.528+0000] {logging_mixin.py:188} INFO - [2025-09-19T04:24:48.528+0000] {dag.py:3036} INFO - Sync 1 DAGs
[2025-09-19T04:24:48.562+0000] {logging_mixin.py:188} INFO - [2025-09-19T04:24:48.562+0000] {dag.py:3823} INFO - Setting next_dagrun for tutorial_dag to None, run_after=None
[2025-09-19T04:24:48.605+0000] {processor.py:183} INFO - Processing /home/airflow/.local/lib/python3.8/site-packages/airflow/example_dags/tutorial_dag.py took 0.148 seconds
[2025-09-19T04:25:18.861+0000] {processor.py:161} INFO - Started process (PID=2073) to work on /home/airflow/.local/lib/python3.8/site-packages/airflow/example_dags/tutorial_dag.py
[2025-09-19T04:25:18.864+0000] {processor.py:830} INFO - Processing file /home/airflow/.local/lib/python3.8/site-packages/airflow/example_dags/tutorial_dag.py for tasks to queue
[2025-09-19T04:25:18.867+0000] {logging_mixin.py:188} INFO - [2025-09-19T04:25:18.867+0000] {dagbag.py:538} INFO - Filling up the DagBag from /home/airflow/.local/lib/python3.8/site-packages/airflow/example_dags/tutorial_dag.py
[2025-09-19T04:25:18.878+0000] {processor.py:840} INFO - DAG(s) 'tutorial_dag' retrieved from /home/airflow/.local/lib/python3.8/site-packages/airflow/example_dags/tutorial_dag.py
[2025-09-19T04:25:18.916+0000] {logging_mixin.py:188} INFO - [2025-09-19T04:25:18.915+0000] {dag.py:3036} INFO - Sync 1 DAGs
[2025-09-19T04:25:18.938+0000] {logging_mixin.py:188} INFO - [2025-09-19T04:25:18.938+0000] {dag.py:3823} INFO - Setting next_dagrun for tutorial_dag to None, run_after=None
[2025-09-19T04:25:18.993+0000] {processor.py:183} INFO - Processing /home/airflow/.local/lib/python3.8/site-packages/airflow/example_dags/tutorial_dag.py took 0.141 seconds
[2025-09-19T04:25:49.249+0000] {processor.py:161} INFO - Started process (PID=2128) to work on /home/airflow/.local/lib/python3.8/site-packages/airflow/example_dags/tutorial_dag.py
[2025-09-19T04:25:49.251+0000] {processor.py:830} INFO - Processing file /home/airflow/.local/lib/python3.8/site-packages/airflow/example_dags/tutorial_dag.py for tasks to queue
[2025-09-19T04:25:49.255+0000] {logging_mixin.py:188} INFO - [2025-09-19T04:25:49.254+0000] {dagbag.py:538} INFO - Filling up the DagBag from /home/airflow/.local/lib/python3.8/site-packages/airflow/example_dags/tutorial_dag.py
[2025-09-19T04:25:49.265+0000] {processor.py:840} INFO - DAG(s) 'tutorial_dag' retrieved from /home/airflow/.local/lib/python3.8/site-packages/airflow/example_dags/tutorial_dag.py
[2025-09-19T04:25:49.305+0000] {logging_mixin.py:188} INFO - [2025-09-19T04:25:49.304+0000] {dag.py:3036} INFO - Sync 1 DAGs
[2025-09-19T04:25:49.329+0000] {logging_mixin.py:188} INFO - [2025-09-19T04:25:49.329+0000] {dag.py:3823} INFO - Setting next_dagrun for tutorial_dag to None, run_after=None
[2025-09-19T04:25:49.372+0000] {processor.py:183} INFO - Processing /home/airflow/.local/lib/python3.8/site-packages/airflow/example_dags/tutorial_dag.py took 0.129 seconds
[2025-09-19T04:26:19.755+0000] {processor.py:161} INFO - Started process (PID=2183) to work on /home/airflow/.local/lib/python3.8/site-packages/airflow/example_dags/tutorial_dag.py
[2025-09-19T04:26:19.757+0000] {processor.py:830} INFO - Processing file /home/airflow/.local/lib/python3.8/site-packages/airflow/example_dags/tutorial_dag.py for tasks to queue
[2025-09-19T04:26:19.762+0000] {logging_mixin.py:188} INFO - [2025-09-19T04:26:19.762+0000] {dagbag.py:538} INFO - Filling up the DagBag from /home/airflow/.local/lib/python3.8/site-packages/airflow/example_dags/tutorial_dag.py
[2025-09-19T04:26:19.774+0000] {processor.py:840} INFO - DAG(s) 'tutorial_dag' retrieved from /home/airflow/.local/lib/python3.8/site-packages/airflow/example_dags/tutorial_dag.py
[2025-09-19T04:26:19.812+0000] {logging_mixin.py:188} INFO - [2025-09-19T04:26:19.811+0000] {dag.py:3036} INFO - Sync 1 DAGs
[2025-09-19T04:26:19.843+0000] {logging_mixin.py:188} INFO - [2025-09-19T04:26:19.843+0000] {dag.py:3823} INFO - Setting next_dagrun for tutorial_dag to None, run_after=None
[2025-09-19T04:26:19.885+0000] {processor.py:183} INFO - Processing /home/airflow/.local/lib/python3.8/site-packages/airflow/example_dags/tutorial_dag.py took 0.138 seconds
[2025-09-19T04:26:50.182+0000] {processor.py:161} INFO - Started process (PID=2238) to work on /home/airflow/.local/lib/python3.8/site-packages/airflow/example_dags/tutorial_dag.py
[2025-09-19T04:26:50.184+0000] {processor.py:830} INFO - Processing file /home/airflow/.local/lib/python3.8/site-packages/airflow/example_dags/tutorial_dag.py for tasks to queue
[2025-09-19T04:26:50.187+0000] {logging_mixin.py:188} INFO - [2025-09-19T04:26:50.186+0000] {dagbag.py:538} INFO - Filling up the DagBag from /home/airflow/.local/lib/python3.8/site-packages/airflow/example_dags/tutorial_dag.py
[2025-09-19T04:26:50.197+0000] {processor.py:840} INFO - DAG(s) 'tutorial_dag' retrieved from /home/airflow/.local/lib/python3.8/site-packages/airflow/example_dags/tutorial_dag.py
[2025-09-19T04:26:50.236+0000] {logging_mixin.py:188} INFO - [2025-09-19T04:26:50.236+0000] {dag.py:3036} INFO - Sync 1 DAGs
[2025-09-19T04:26:50.266+0000] {logging_mixin.py:188} INFO - [2025-09-19T04:26:50.266+0000] {dag.py:3823} INFO - Setting next_dagrun for tutorial_dag to None, run_after=None
[2025-09-19T04:26:50.306+0000] {processor.py:183} INFO - Processing /home/airflow/.local/lib/python3.8/site-packages/airflow/example_dags/tutorial_dag.py took 0.130 seconds
[2025-09-19T04:27:20.646+0000] {processor.py:161} INFO - Started process (PID=2293) to work on /home/airflow/.local/lib/python3.8/site-packages/airflow/example_dags/tutorial_dag.py
[2025-09-19T04:27:20.648+0000] {processor.py:830} INFO - Processing file /home/airflow/.local/lib/python3.8/site-packages/airflow/example_dags/tutorial_dag.py for tasks to queue
[2025-09-19T04:27:20.652+0000] {logging_mixin.py:188} INFO - [2025-09-19T04:27:20.651+0000] {dagbag.py:538} INFO - Filling up the DagBag from /home/airflow/.local/lib/python3.8/site-packages/airflow/example_dags/tutorial_dag.py
[2025-09-19T04:27:20.662+0000] {processor.py:840} INFO - DAG(s) 'tutorial_dag' retrieved from /home/airflow/.local/lib/python3.8/site-packages/airflow/example_dags/tutorial_dag.py
[2025-09-19T04:27:20.700+0000] {logging_mixin.py:188} INFO - [2025-09-19T04:27:20.700+0000] {dag.py:3036} INFO - Sync 1 DAGs
[2025-09-19T04:27:20.724+0000] {logging_mixin.py:188} INFO - [2025-09-19T04:27:20.724+0000] {dag.py:3823} INFO - Setting next_dagrun for tutorial_dag to None, run_after=None
[2025-09-19T04:27:20.764+0000] {processor.py:183} INFO - Processing /home/airflow/.local/lib/python3.8/site-packages/airflow/example_dags/tutorial_dag.py took 0.123 seconds
[2025-09-19T04:27:50.878+0000] {processor.py:161} INFO - Started process (PID=2348) to work on /home/airflow/.local/lib/python3.8/site-packages/airflow/example_dags/tutorial_dag.py
[2025-09-19T04:27:50.880+0000] {processor.py:830} INFO - Processing file /home/airflow/.local/lib/python3.8/site-packages/airflow/example_dags/tutorial_dag.py for tasks to queue
[2025-09-19T04:27:50.883+0000] {logging_mixin.py:188} INFO - [2025-09-19T04:27:50.883+0000] {dagbag.py:538} INFO - Filling up the DagBag from /home/airflow/.local/lib/python3.8/site-packages/airflow/example_dags/tutorial_dag.py
[2025-09-19T04:27:50.893+0000] {processor.py:840} INFO - DAG(s) 'tutorial_dag' retrieved from /home/airflow/.local/lib/python3.8/site-packages/airflow/example_dags/tutorial_dag.py
[2025-09-19T04:27:50.929+0000] {logging_mixin.py:188} INFO - [2025-09-19T04:27:50.929+0000] {dag.py:3036} INFO - Sync 1 DAGs
[2025-09-19T04:27:50.954+0000] {logging_mixin.py:188} INFO - [2025-09-19T04:27:50.954+0000] {dag.py:3823} INFO - Setting next_dagrun for tutorial_dag to None, run_after=None
[2025-09-19T04:27:50.992+0000] {processor.py:183} INFO - Processing /home/airflow/.local/lib/python3.8/site-packages/airflow/example_dags/tutorial_dag.py took 0.122 seconds
[2025-09-19T04:28:21.273+0000] {processor.py:161} INFO - Started process (PID=2403) to work on /home/airflow/.local/lib/python3.8/site-packages/airflow/example_dags/tutorial_dag.py
[2025-09-19T04:28:21.275+0000] {processor.py:830} INFO - Processing file /home/airflow/.local/lib/python3.8/site-packages/airflow/example_dags/tutorial_dag.py for tasks to queue
[2025-09-19T04:28:21.278+0000] {logging_mixin.py:188} INFO - [2025-09-19T04:28:21.278+0000] {dagbag.py:538} INFO - Filling up the DagBag from /home/airflow/.local/lib/python3.8/site-packages/airflow/example_dags/tutorial_dag.py
[2025-09-19T04:28:21.288+0000] {processor.py:840} INFO - DAG(s) 'tutorial_dag' retrieved from /home/airflow/.local/lib/python3.8/site-packages/airflow/example_dags/tutorial_dag.py
[2025-09-19T04:28:21.324+0000] {logging_mixin.py:188} INFO - [2025-09-19T04:28:21.323+0000] {dag.py:3036} INFO - Sync 1 DAGs
[2025-09-19T04:28:21.347+0000] {logging_mixin.py:188} INFO - [2025-09-19T04:28:21.347+0000] {dag.py:3823} INFO - Setting next_dagrun for tutorial_dag to None, run_after=None
[2025-09-19T04:28:21.388+0000] {processor.py:183} INFO - Processing /home/airflow/.local/lib/python3.8/site-packages/airflow/example_dags/tutorial_dag.py took 0.121 seconds
[2025-09-19T04:28:51.972+0000] {processor.py:161} INFO - Started process (PID=2458) to work on /home/airflow/.local/lib/python3.8/site-packages/airflow/example_dags/tutorial_dag.py
[2025-09-19T04:28:51.974+0000] {processor.py:830} INFO - Processing file /home/airflow/.local/lib/python3.8/site-packages/airflow/example_dags/tutorial_dag.py for tasks to queue
[2025-09-19T04:28:51.978+0000] {logging_mixin.py:188} INFO - [2025-09-19T04:28:51.977+0000] {dagbag.py:538} INFO - Filling up the DagBag from /home/airflow/.local/lib/python3.8/site-packages/airflow/example_dags/tutorial_dag.py
[2025-09-19T04:28:51.987+0000] {processor.py:840} INFO - DAG(s) 'tutorial_dag' retrieved from /home/airflow/.local/lib/python3.8/site-packages/airflow/example_dags/tutorial_dag.py
[2025-09-19T04:28:52.024+0000] {logging_mixin.py:188} INFO - [2025-09-19T04:28:52.024+0000] {dag.py:3036} INFO - Sync 1 DAGs
[2025-09-19T04:28:52.047+0000] {logging_mixin.py:188} INFO - [2025-09-19T04:28:52.047+0000] {dag.py:3823} INFO - Setting next_dagrun for tutorial_dag to None, run_after=None
[2025-09-19T04:28:52.087+0000] {processor.py:183} INFO - Processing /home/airflow/.local/lib/python3.8/site-packages/airflow/example_dags/tutorial_dag.py took 0.120 seconds
[2025-09-19T04:29:22.342+0000] {processor.py:161} INFO - Started process (PID=2513) to work on /home/airflow/.local/lib/python3.8/site-packages/airflow/example_dags/tutorial_dag.py
[2025-09-19T04:29:22.344+0000] {processor.py:830} INFO - Processing file /home/airflow/.local/lib/python3.8/site-packages/airflow/example_dags/tutorial_dag.py for tasks to queue
[2025-09-19T04:29:22.347+0000] {logging_mixin.py:188} INFO - [2025-09-19T04:29:22.347+0000] {dagbag.py:538} INFO - Filling up the DagBag from /home/airflow/.local/lib/python3.8/site-packages/airflow/example_dags/tutorial_dag.py
[2025-09-19T04:29:22.358+0000] {processor.py:840} INFO - DAG(s) 'tutorial_dag' retrieved from /home/airflow/.local/lib/python3.8/site-packages/airflow/example_dags/tutorial_dag.py
[2025-09-19T04:29:22.395+0000] {logging_mixin.py:188} INFO - [2025-09-19T04:29:22.395+0000] {dag.py:3036} INFO - Sync 1 DAGs
[2025-09-19T04:29:22.421+0000] {logging_mixin.py:188} INFO - [2025-09-19T04:29:22.421+0000] {dag.py:3823} INFO - Setting next_dagrun for tutorial_dag to None, run_after=None
[2025-09-19T04:29:22.457+0000] {processor.py:183} INFO - Processing /home/airflow/.local/lib/python3.8/site-packages/airflow/example_dags/tutorial_dag.py took 0.121 seconds
[2025-09-19T04:29:52.774+0000] {processor.py:161} INFO - Started process (PID=2568) to work on /home/airflow/.local/lib/python3.8/site-packages/airflow/example_dags/tutorial_dag.py
[2025-09-19T04:29:52.776+0000] {processor.py:830} INFO - Processing file /home/airflow/.local/lib/python3.8/site-packages/airflow/example_dags/tutorial_dag.py for tasks to queue
[2025-09-19T04:29:52.780+0000] {logging_mixin.py:188} INFO - [2025-09-19T04:29:52.779+0000] {dagbag.py:538} INFO - Filling up the DagBag from /home/airflow/.local/lib/python3.8/site-packages/airflow/example_dags/tutorial_dag.py
[2025-09-19T04:29:52.792+0000] {processor.py:840} INFO - DAG(s) 'tutorial_dag' retrieved from /home/airflow/.local/lib/python3.8/site-packages/airflow/example_dags/tutorial_dag.py
[2025-09-19T04:29:52.832+0000] {logging_mixin.py:188} INFO - [2025-09-19T04:29:52.831+0000] {dag.py:3036} INFO - Sync 1 DAGs
[2025-09-19T04:29:52.854+0000] {logging_mixin.py:188} INFO - [2025-09-19T04:29:52.854+0000] {dag.py:3823} INFO - Setting next_dagrun for tutorial_dag to None, run_after=None
[2025-09-19T04:29:52.896+0000] {processor.py:183} INFO - Processing /home/airflow/.local/lib/python3.8/site-packages/airflow/example_dags/tutorial_dag.py took 0.131 seconds
[2025-09-19T04:30:23.196+0000] {processor.py:161} INFO - Started process (PID=2624) to work on /home/airflow/.local/lib/python3.8/site-packages/airflow/example_dags/tutorial_dag.py
[2025-09-19T04:30:23.198+0000] {processor.py:830} INFO - Processing file /home/airflow/.local/lib/python3.8/site-packages/airflow/example_dags/tutorial_dag.py for tasks to queue
[2025-09-19T04:30:23.201+0000] {logging_mixin.py:188} INFO - [2025-09-19T04:30:23.201+0000] {dagbag.py:538} INFO - Filling up the DagBag from /home/airflow/.local/lib/python3.8/site-packages/airflow/example_dags/tutorial_dag.py
[2025-09-19T04:30:23.211+0000] {processor.py:840} INFO - DAG(s) 'tutorial_dag' retrieved from /home/airflow/.local/lib/python3.8/site-packages/airflow/example_dags/tutorial_dag.py
[2025-09-19T04:30:23.249+0000] {logging_mixin.py:188} INFO - [2025-09-19T04:30:23.249+0000] {dag.py:3036} INFO - Sync 1 DAGs
[2025-09-19T04:30:23.274+0000] {logging_mixin.py:188} INFO - [2025-09-19T04:30:23.274+0000] {dag.py:3823} INFO - Setting next_dagrun for tutorial_dag to None, run_after=None
[2025-09-19T04:30:23.310+0000] {processor.py:183} INFO - Processing /home/airflow/.local/lib/python3.8/site-packages/airflow/example_dags/tutorial_dag.py took 0.121 seconds
[2025-09-19T04:30:53.804+0000] {processor.py:161} INFO - Started process (PID=2684) to work on /home/airflow/.local/lib/python3.8/site-packages/airflow/example_dags/tutorial_dag.py
[2025-09-19T04:30:53.806+0000] {processor.py:830} INFO - Processing file /home/airflow/.local/lib/python3.8/site-packages/airflow/example_dags/tutorial_dag.py for tasks to queue
[2025-09-19T04:30:53.810+0000] {logging_mixin.py:188} INFO - [2025-09-19T04:30:53.809+0000] {dagbag.py:538} INFO - Filling up the DagBag from /home/airflow/.local/lib/python3.8/site-packages/airflow/example_dags/tutorial_dag.py
[2025-09-19T04:30:53.822+0000] {processor.py:840} INFO - DAG(s) 'tutorial_dag' retrieved from /home/airflow/.local/lib/python3.8/site-packages/airflow/example_dags/tutorial_dag.py
[2025-09-19T04:30:53.860+0000] {logging_mixin.py:188} INFO - [2025-09-19T04:30:53.860+0000] {dag.py:3036} INFO - Sync 1 DAGs
[2025-09-19T04:30:53.884+0000] {logging_mixin.py:188} INFO - [2025-09-19T04:30:53.884+0000] {dag.py:3823} INFO - Setting next_dagrun for tutorial_dag to None, run_after=None
[2025-09-19T04:30:53.926+0000] {processor.py:183} INFO - Processing /home/airflow/.local/lib/python3.8/site-packages/airflow/example_dags/tutorial_dag.py took 0.129 seconds
[2025-09-19T04:31:24.662+0000] {processor.py:161} INFO - Started process (PID=2739) to work on /home/airflow/.local/lib/python3.8/site-packages/airflow/example_dags/tutorial_dag.py
[2025-09-19T04:31:24.663+0000] {processor.py:830} INFO - Processing file /home/airflow/.local/lib/python3.8/site-packages/airflow/example_dags/tutorial_dag.py for tasks to queue
[2025-09-19T04:31:24.669+0000] {logging_mixin.py:188} INFO - [2025-09-19T04:31:24.668+0000] {dagbag.py:538} INFO - Filling up the DagBag from /home/airflow/.local/lib/python3.8/site-packages/airflow/example_dags/tutorial_dag.py
[2025-09-19T04:31:24.681+0000] {processor.py:840} INFO - DAG(s) 'tutorial_dag' retrieved from /home/airflow/.local/lib/python3.8/site-packages/airflow/example_dags/tutorial_dag.py
[2025-09-19T04:31:24.720+0000] {logging_mixin.py:188} INFO - [2025-09-19T04:31:24.720+0000] {dag.py:3036} INFO - Sync 1 DAGs
[2025-09-19T04:31:24.744+0000] {logging_mixin.py:188} INFO - [2025-09-19T04:31:24.744+0000] {dag.py:3823} INFO - Setting next_dagrun for tutorial_dag to None, run_after=None
[2025-09-19T04:31:24.781+0000] {processor.py:183} INFO - Processing /home/airflow/.local/lib/python3.8/site-packages/airflow/example_dags/tutorial_dag.py took 0.125 seconds
[2025-09-19T04:31:55.626+0000] {processor.py:161} INFO - Started process (PID=2794) to work on /home/airflow/.local/lib/python3.8/site-packages/airflow/example_dags/tutorial_dag.py
[2025-09-19T04:31:55.629+0000] {processor.py:830} INFO - Processing file /home/airflow/.local/lib/python3.8/site-packages/airflow/example_dags/tutorial_dag.py for tasks to queue
[2025-09-19T04:31:55.634+0000] {logging_mixin.py:188} INFO - [2025-09-19T04:31:55.634+0000] {dagbag.py:538} INFO - Filling up the DagBag from /home/airflow/.local/lib/python3.8/site-packages/airflow/example_dags/tutorial_dag.py
[2025-09-19T04:31:55.645+0000] {processor.py:840} INFO - DAG(s) 'tutorial_dag' retrieved from /home/airflow/.local/lib/python3.8/site-packages/airflow/example_dags/tutorial_dag.py
[2025-09-19T04:31:55.696+0000] {logging_mixin.py:188} INFO - [2025-09-19T04:31:55.696+0000] {dag.py:3036} INFO - Sync 1 DAGs
[2025-09-19T04:31:55.723+0000] {logging_mixin.py:188} INFO - [2025-09-19T04:31:55.723+0000] {dag.py:3823} INFO - Setting next_dagrun for tutorial_dag to None, run_after=None
[2025-09-19T04:31:55.764+0000] {processor.py:183} INFO - Processing /home/airflow/.local/lib/python3.8/site-packages/airflow/example_dags/tutorial_dag.py took 0.144 seconds
[2025-09-19T04:32:26.107+0000] {processor.py:161} INFO - Started process (PID=2849) to work on /home/airflow/.local/lib/python3.8/site-packages/airflow/example_dags/tutorial_dag.py
[2025-09-19T04:32:26.110+0000] {processor.py:830} INFO - Processing file /home/airflow/.local/lib/python3.8/site-packages/airflow/example_dags/tutorial_dag.py for tasks to queue
[2025-09-19T04:32:26.113+0000] {logging_mixin.py:188} INFO - [2025-09-19T04:32:26.112+0000] {dagbag.py:538} INFO - Filling up the DagBag from /home/airflow/.local/lib/python3.8/site-packages/airflow/example_dags/tutorial_dag.py
[2025-09-19T04:32:26.124+0000] {processor.py:840} INFO - DAG(s) 'tutorial_dag' retrieved from /home/airflow/.local/lib/python3.8/site-packages/airflow/example_dags/tutorial_dag.py
[2025-09-19T04:32:26.160+0000] {logging_mixin.py:188} INFO - [2025-09-19T04:32:26.160+0000] {dag.py:3036} INFO - Sync 1 DAGs
[2025-09-19T04:32:26.387+0000] {logging_mixin.py:188} INFO - [2025-09-19T04:32:26.387+0000] {dag.py:3823} INFO - Setting next_dagrun for tutorial_dag to None, run_after=None
[2025-09-19T04:32:26.431+0000] {processor.py:183} INFO - Processing /home/airflow/.local/lib/python3.8/site-packages/airflow/example_dags/tutorial_dag.py took 0.331 seconds
[2025-09-19T04:32:56.807+0000] {processor.py:161} INFO - Started process (PID=2904) to work on /home/airflow/.local/lib/python3.8/site-packages/airflow/example_dags/tutorial_dag.py
[2025-09-19T04:32:56.809+0000] {processor.py:830} INFO - Processing file /home/airflow/.local/lib/python3.8/site-packages/airflow/example_dags/tutorial_dag.py for tasks to queue
[2025-09-19T04:32:56.813+0000] {logging_mixin.py:188} INFO - [2025-09-19T04:32:56.812+0000] {dagbag.py:538} INFO - Filling up the DagBag from /home/airflow/.local/lib/python3.8/site-packages/airflow/example_dags/tutorial_dag.py
[2025-09-19T04:32:56.825+0000] {processor.py:840} INFO - DAG(s) 'tutorial_dag' retrieved from /home/airflow/.local/lib/python3.8/site-packages/airflow/example_dags/tutorial_dag.py
[2025-09-19T04:32:56.863+0000] {logging_mixin.py:188} INFO - [2025-09-19T04:32:56.863+0000] {dag.py:3036} INFO - Sync 1 DAGs
[2025-09-19T04:32:56.887+0000] {logging_mixin.py:188} INFO - [2025-09-19T04:32:56.887+0000] {dag.py:3823} INFO - Setting next_dagrun for tutorial_dag to None, run_after=None
[2025-09-19T04:32:56.931+0000] {processor.py:183} INFO - Processing /home/airflow/.local/lib/python3.8/site-packages/airflow/example_dags/tutorial_dag.py took 0.130 seconds
[2025-09-19T04:33:27.747+0000] {processor.py:161} INFO - Started process (PID=2958) to work on /home/airflow/.local/lib/python3.8/site-packages/airflow/example_dags/tutorial_dag.py
[2025-09-19T04:33:27.749+0000] {processor.py:830} INFO - Processing file /home/airflow/.local/lib/python3.8/site-packages/airflow/example_dags/tutorial_dag.py for tasks to queue
[2025-09-19T04:33:27.753+0000] {logging_mixin.py:188} INFO - [2025-09-19T04:33:27.752+0000] {dagbag.py:538} INFO - Filling up the DagBag from /home/airflow/.local/lib/python3.8/site-packages/airflow/example_dags/tutorial_dag.py
[2025-09-19T04:33:27.763+0000] {processor.py:840} INFO - DAG(s) 'tutorial_dag' retrieved from /home/airflow/.local/lib/python3.8/site-packages/airflow/example_dags/tutorial_dag.py
[2025-09-19T04:33:27.800+0000] {logging_mixin.py:188} INFO - [2025-09-19T04:33:27.800+0000] {dag.py:3036} INFO - Sync 1 DAGs
[2025-09-19T04:33:27.824+0000] {logging_mixin.py:188} INFO - [2025-09-19T04:33:27.824+0000] {dag.py:3823} INFO - Setting next_dagrun for tutorial_dag to None, run_after=None
[2025-09-19T04:33:27.859+0000] {processor.py:183} INFO - Processing /home/airflow/.local/lib/python3.8/site-packages/airflow/example_dags/tutorial_dag.py took 0.118 seconds
