[2025-09-18T07:36:22.636+0000] {processor.py:161} INFO - Started process (PID=58) to work on /home/airflow/.local/lib/python3.8/site-packages/airflow/example_dags/example_branch_python_dop_operator_3.py
[2025-09-18T07:36:22.638+0000] {processor.py:830} INFO - Processing file /home/airflow/.local/lib/python3.8/site-packages/airflow/example_dags/example_branch_python_dop_operator_3.py for tasks to queue
[2025-09-18T07:36:22.645+0000] {logging_mixin.py:188} INFO - [2025-09-18T07:36:22.644+0000] {dagbag.py:538} INFO - Filling up the DagBag from /home/airflow/.local/lib/python3.8/site-packages/airflow/example_dags/example_branch_python_dop_operator_3.py
[2025-09-18T07:36:22.669+0000] {processor.py:840} INFO - DAG(s) 'example_branch_dop_operator_v3' retrieved from /home/airflow/.local/lib/python3.8/site-packages/airflow/example_dags/example_branch_python_dop_operator_3.py
[2025-09-18T07:36:23.030+0000] {logging_mixin.py:188} INFO - [2025-09-18T07:36:23.029+0000] {override.py:1769} INFO - Created Permission View: can read on DAG:example_branch_dop_operator_v3
[2025-09-18T07:36:23.057+0000] {logging_mixin.py:188} INFO - [2025-09-18T07:36:23.056+0000] {override.py:1769} INFO - Created Permission View: can delete on DAG:example_branch_dop_operator_v3
[2025-09-18T07:36:23.076+0000] {logging_mixin.py:188} INFO - [2025-09-18T07:36:23.075+0000] {override.py:1769} INFO - Created Permission View: can edit on DAG:example_branch_dop_operator_v3
[2025-09-18T07:36:23.077+0000] {logging_mixin.py:188} INFO - [2025-09-18T07:36:23.076+0000] {dag.py:3036} INFO - Sync 1 DAGs
[2025-09-18T07:36:23.111+0000] {logging_mixin.py:188} INFO - [2025-09-18T07:36:23.111+0000] {dag.py:3058} INFO - Creating ORM DAG for example_branch_dop_operator_v3
[2025-09-18T07:36:23.157+0000] {logging_mixin.py:188} INFO - [2025-09-18T07:36:23.157+0000] {dag.py:3823} INFO - Setting next_dagrun for example_branch_dop_operator_v3 to 2025-09-18 07:35:00+00:00, run_after=2025-09-18 07:36:00+00:00
[2025-09-18T07:36:23.197+0000] {processor.py:183} INFO - Processing /home/airflow/.local/lib/python3.8/site-packages/airflow/example_dags/example_branch_python_dop_operator_3.py took 0.567 seconds
[2025-09-18T07:36:53.273+0000] {processor.py:161} INFO - Started process (PID=113) to work on /home/airflow/.local/lib/python3.8/site-packages/airflow/example_dags/example_branch_python_dop_operator_3.py
[2025-09-18T07:36:53.276+0000] {processor.py:830} INFO - Processing file /home/airflow/.local/lib/python3.8/site-packages/airflow/example_dags/example_branch_python_dop_operator_3.py for tasks to queue
[2025-09-18T07:36:53.281+0000] {logging_mixin.py:188} INFO - [2025-09-18T07:36:53.280+0000] {dagbag.py:538} INFO - Filling up the DagBag from /home/airflow/.local/lib/python3.8/site-packages/airflow/example_dags/example_branch_python_dop_operator_3.py
[2025-09-18T07:36:53.311+0000] {processor.py:840} INFO - DAG(s) 'example_branch_dop_operator_v3' retrieved from /home/airflow/.local/lib/python3.8/site-packages/airflow/example_dags/example_branch_python_dop_operator_3.py
[2025-09-18T07:36:53.559+0000] {logging_mixin.py:188} INFO - [2025-09-18T07:36:53.558+0000] {dag.py:3036} INFO - Sync 1 DAGs
[2025-09-18T07:36:53.647+0000] {logging_mixin.py:188} INFO - [2025-09-18T07:36:53.647+0000] {dag.py:3823} INFO - Setting next_dagrun for example_branch_dop_operator_v3 to 2025-09-18 07:35:00+00:00, run_after=2025-09-18 07:36:00+00:00
[2025-09-18T07:36:53.695+0000] {processor.py:183} INFO - Processing /home/airflow/.local/lib/python3.8/site-packages/airflow/example_dags/example_branch_python_dop_operator_3.py took 0.431 seconds
[2025-09-18T07:37:24.566+0000] {processor.py:161} INFO - Started process (PID=168) to work on /home/airflow/.local/lib/python3.8/site-packages/airflow/example_dags/example_branch_python_dop_operator_3.py
[2025-09-18T07:37:24.572+0000] {processor.py:830} INFO - Processing file /home/airflow/.local/lib/python3.8/site-packages/airflow/example_dags/example_branch_python_dop_operator_3.py for tasks to queue
[2025-09-18T07:37:24.575+0000] {logging_mixin.py:188} INFO - [2025-09-18T07:37:24.575+0000] {dagbag.py:538} INFO - Filling up the DagBag from /home/airflow/.local/lib/python3.8/site-packages/airflow/example_dags/example_branch_python_dop_operator_3.py
[2025-09-18T07:37:24.593+0000] {processor.py:840} INFO - DAG(s) 'example_branch_dop_operator_v3' retrieved from /home/airflow/.local/lib/python3.8/site-packages/airflow/example_dags/example_branch_python_dop_operator_3.py
[2025-09-18T07:37:24.654+0000] {logging_mixin.py:188} INFO - [2025-09-18T07:37:24.653+0000] {dag.py:3036} INFO - Sync 1 DAGs
[2025-09-18T07:37:24.728+0000] {logging_mixin.py:188} INFO - [2025-09-18T07:37:24.727+0000] {dag.py:3823} INFO - Setting next_dagrun for example_branch_dop_operator_v3 to 2025-09-18 07:36:00+00:00, run_after=2025-09-18 07:37:00+00:00
[2025-09-18T07:37:24.805+0000] {processor.py:183} INFO - Processing /home/airflow/.local/lib/python3.8/site-packages/airflow/example_dags/example_branch_python_dop_operator_3.py took 0.245 seconds
[2025-09-18T07:37:55.013+0000] {processor.py:161} INFO - Started process (PID=223) to work on /home/airflow/.local/lib/python3.8/site-packages/airflow/example_dags/example_branch_python_dop_operator_3.py
[2025-09-18T07:37:55.016+0000] {processor.py:830} INFO - Processing file /home/airflow/.local/lib/python3.8/site-packages/airflow/example_dags/example_branch_python_dop_operator_3.py for tasks to queue
[2025-09-18T07:37:55.019+0000] {logging_mixin.py:188} INFO - [2025-09-18T07:37:55.019+0000] {dagbag.py:538} INFO - Filling up the DagBag from /home/airflow/.local/lib/python3.8/site-packages/airflow/example_dags/example_branch_python_dop_operator_3.py
[2025-09-18T07:37:55.035+0000] {processor.py:840} INFO - DAG(s) 'example_branch_dop_operator_v3' retrieved from /home/airflow/.local/lib/python3.8/site-packages/airflow/example_dags/example_branch_python_dop_operator_3.py
[2025-09-18T07:37:55.072+0000] {logging_mixin.py:188} INFO - [2025-09-18T07:37:55.071+0000] {dag.py:3036} INFO - Sync 1 DAGs
[2025-09-18T07:37:55.120+0000] {logging_mixin.py:188} INFO - [2025-09-18T07:37:55.120+0000] {dag.py:3823} INFO - Setting next_dagrun for example_branch_dop_operator_v3 to 2025-09-18 07:36:00+00:00, run_after=2025-09-18 07:37:00+00:00
[2025-09-18T07:37:55.163+0000] {processor.py:183} INFO - Processing /home/airflow/.local/lib/python3.8/site-packages/airflow/example_dags/example_branch_python_dop_operator_3.py took 0.156 seconds
[2025-09-18T07:38:26.315+0000] {processor.py:161} INFO - Started process (PID=278) to work on /home/airflow/.local/lib/python3.8/site-packages/airflow/example_dags/example_branch_python_dop_operator_3.py
[2025-09-18T07:38:26.317+0000] {processor.py:830} INFO - Processing file /home/airflow/.local/lib/python3.8/site-packages/airflow/example_dags/example_branch_python_dop_operator_3.py for tasks to queue
[2025-09-18T07:38:26.321+0000] {logging_mixin.py:188} INFO - [2025-09-18T07:38:26.321+0000] {dagbag.py:538} INFO - Filling up the DagBag from /home/airflow/.local/lib/python3.8/site-packages/airflow/example_dags/example_branch_python_dop_operator_3.py
[2025-09-18T07:38:26.364+0000] {processor.py:840} INFO - DAG(s) 'example_branch_dop_operator_v3' retrieved from /home/airflow/.local/lib/python3.8/site-packages/airflow/example_dags/example_branch_python_dop_operator_3.py
[2025-09-18T07:38:26.430+0000] {logging_mixin.py:188} INFO - [2025-09-18T07:38:26.429+0000] {dag.py:3036} INFO - Sync 1 DAGs
[2025-09-18T07:38:26.533+0000] {logging_mixin.py:188} INFO - [2025-09-18T07:38:26.532+0000] {dag.py:3823} INFO - Setting next_dagrun for example_branch_dop_operator_v3 to 2025-09-18 07:37:00+00:00, run_after=2025-09-18 07:38:00+00:00
[2025-09-18T07:38:26.600+0000] {processor.py:183} INFO - Processing /home/airflow/.local/lib/python3.8/site-packages/airflow/example_dags/example_branch_python_dop_operator_3.py took 0.295 seconds
[2025-09-18T07:38:57.026+0000] {processor.py:161} INFO - Started process (PID=332) to work on /home/airflow/.local/lib/python3.8/site-packages/airflow/example_dags/example_branch_python_dop_operator_3.py
[2025-09-18T07:38:57.028+0000] {processor.py:830} INFO - Processing file /home/airflow/.local/lib/python3.8/site-packages/airflow/example_dags/example_branch_python_dop_operator_3.py for tasks to queue
[2025-09-18T07:38:57.032+0000] {logging_mixin.py:188} INFO - [2025-09-18T07:38:57.032+0000] {dagbag.py:538} INFO - Filling up the DagBag from /home/airflow/.local/lib/python3.8/site-packages/airflow/example_dags/example_branch_python_dop_operator_3.py
[2025-09-18T07:38:57.061+0000] {processor.py:840} INFO - DAG(s) 'example_branch_dop_operator_v3' retrieved from /home/airflow/.local/lib/python3.8/site-packages/airflow/example_dags/example_branch_python_dop_operator_3.py
[2025-09-18T07:38:57.100+0000] {logging_mixin.py:188} INFO - [2025-09-18T07:38:57.099+0000] {dag.py:3036} INFO - Sync 1 DAGs
[2025-09-18T07:38:57.234+0000] {logging_mixin.py:188} INFO - [2025-09-18T07:38:57.233+0000] {dag.py:3823} INFO - Setting next_dagrun for example_branch_dop_operator_v3 to 2025-09-18 07:37:00+00:00, run_after=2025-09-18 07:38:00+00:00
[2025-09-18T07:38:57.298+0000] {processor.py:183} INFO - Processing /home/airflow/.local/lib/python3.8/site-packages/airflow/example_dags/example_branch_python_dop_operator_3.py took 0.281 seconds
[2025-09-18T07:39:27.678+0000] {processor.py:161} INFO - Started process (PID=387) to work on /home/airflow/.local/lib/python3.8/site-packages/airflow/example_dags/example_branch_python_dop_operator_3.py
[2025-09-18T07:39:27.680+0000] {processor.py:830} INFO - Processing file /home/airflow/.local/lib/python3.8/site-packages/airflow/example_dags/example_branch_python_dop_operator_3.py for tasks to queue
[2025-09-18T07:39:27.685+0000] {logging_mixin.py:188} INFO - [2025-09-18T07:39:27.684+0000] {dagbag.py:538} INFO - Filling up the DagBag from /home/airflow/.local/lib/python3.8/site-packages/airflow/example_dags/example_branch_python_dop_operator_3.py
[2025-09-18T07:39:27.708+0000] {processor.py:840} INFO - DAG(s) 'example_branch_dop_operator_v3' retrieved from /home/airflow/.local/lib/python3.8/site-packages/airflow/example_dags/example_branch_python_dop_operator_3.py
[2025-09-18T07:39:27.751+0000] {logging_mixin.py:188} INFO - [2025-09-18T07:39:27.751+0000] {dag.py:3036} INFO - Sync 1 DAGs
[2025-09-18T07:39:27.811+0000] {logging_mixin.py:188} INFO - [2025-09-18T07:39:27.810+0000] {dag.py:3823} INFO - Setting next_dagrun for example_branch_dop_operator_v3 to 2025-09-18 07:38:00+00:00, run_after=2025-09-18 07:39:00+00:00
[2025-09-18T07:39:27.857+0000] {processor.py:183} INFO - Processing /home/airflow/.local/lib/python3.8/site-packages/airflow/example_dags/example_branch_python_dop_operator_3.py took 0.185 seconds
[2025-09-18T07:39:58.119+0000] {processor.py:161} INFO - Started process (PID=442) to work on /home/airflow/.local/lib/python3.8/site-packages/airflow/example_dags/example_branch_python_dop_operator_3.py
[2025-09-18T07:39:58.121+0000] {processor.py:830} INFO - Processing file /home/airflow/.local/lib/python3.8/site-packages/airflow/example_dags/example_branch_python_dop_operator_3.py for tasks to queue
[2025-09-18T07:39:58.126+0000] {logging_mixin.py:188} INFO - [2025-09-18T07:39:58.126+0000] {dagbag.py:538} INFO - Filling up the DagBag from /home/airflow/.local/lib/python3.8/site-packages/airflow/example_dags/example_branch_python_dop_operator_3.py
[2025-09-18T07:39:58.147+0000] {processor.py:840} INFO - DAG(s) 'example_branch_dop_operator_v3' retrieved from /home/airflow/.local/lib/python3.8/site-packages/airflow/example_dags/example_branch_python_dop_operator_3.py
[2025-09-18T07:39:58.194+0000] {logging_mixin.py:188} INFO - [2025-09-18T07:39:58.194+0000] {dag.py:3036} INFO - Sync 1 DAGs
[2025-09-18T07:39:58.281+0000] {logging_mixin.py:188} INFO - [2025-09-18T07:39:58.275+0000] {dag.py:3823} INFO - Setting next_dagrun for example_branch_dop_operator_v3 to 2025-09-18 07:38:00+00:00, run_after=2025-09-18 07:39:00+00:00
[2025-09-18T07:39:58.336+0000] {processor.py:183} INFO - Processing /home/airflow/.local/lib/python3.8/site-packages/airflow/example_dags/example_branch_python_dop_operator_3.py took 0.224 seconds
[2025-09-18T07:40:28.776+0000] {processor.py:161} INFO - Started process (PID=497) to work on /home/airflow/.local/lib/python3.8/site-packages/airflow/example_dags/example_branch_python_dop_operator_3.py
[2025-09-18T07:40:28.779+0000] {processor.py:830} INFO - Processing file /home/airflow/.local/lib/python3.8/site-packages/airflow/example_dags/example_branch_python_dop_operator_3.py for tasks to queue
[2025-09-18T07:40:28.783+0000] {logging_mixin.py:188} INFO - [2025-09-18T07:40:28.782+0000] {dagbag.py:538} INFO - Filling up the DagBag from /home/airflow/.local/lib/python3.8/site-packages/airflow/example_dags/example_branch_python_dop_operator_3.py
[2025-09-18T07:40:28.801+0000] {processor.py:840} INFO - DAG(s) 'example_branch_dop_operator_v3' retrieved from /home/airflow/.local/lib/python3.8/site-packages/airflow/example_dags/example_branch_python_dop_operator_3.py
[2025-09-18T07:40:28.838+0000] {logging_mixin.py:188} INFO - [2025-09-18T07:40:28.838+0000] {dag.py:3036} INFO - Sync 1 DAGs
[2025-09-18T07:40:28.889+0000] {logging_mixin.py:188} INFO - [2025-09-18T07:40:28.888+0000] {dag.py:3823} INFO - Setting next_dagrun for example_branch_dop_operator_v3 to 2025-09-18 07:39:00+00:00, run_after=2025-09-18 07:40:00+00:00
[2025-09-18T07:40:28.933+0000] {processor.py:183} INFO - Processing /home/airflow/.local/lib/python3.8/site-packages/airflow/example_dags/example_branch_python_dop_operator_3.py took 0.164 seconds
[2025-09-18T07:40:59.585+0000] {processor.py:161} INFO - Started process (PID=553) to work on /home/airflow/.local/lib/python3.8/site-packages/airflow/example_dags/example_branch_python_dop_operator_3.py
[2025-09-18T07:40:59.587+0000] {processor.py:830} INFO - Processing file /home/airflow/.local/lib/python3.8/site-packages/airflow/example_dags/example_branch_python_dop_operator_3.py for tasks to queue
[2025-09-18T07:40:59.591+0000] {logging_mixin.py:188} INFO - [2025-09-18T07:40:59.591+0000] {dagbag.py:538} INFO - Filling up the DagBag from /home/airflow/.local/lib/python3.8/site-packages/airflow/example_dags/example_branch_python_dop_operator_3.py
[2025-09-18T07:40:59.618+0000] {processor.py:840} INFO - DAG(s) 'example_branch_dop_operator_v3' retrieved from /home/airflow/.local/lib/python3.8/site-packages/airflow/example_dags/example_branch_python_dop_operator_3.py
[2025-09-18T07:40:59.677+0000] {logging_mixin.py:188} INFO - [2025-09-18T07:40:59.676+0000] {dag.py:3036} INFO - Sync 1 DAGs
[2025-09-18T07:40:59.751+0000] {logging_mixin.py:188} INFO - [2025-09-18T07:40:59.751+0000] {dag.py:3823} INFO - Setting next_dagrun for example_branch_dop_operator_v3 to 2025-09-18 07:39:00+00:00, run_after=2025-09-18 07:40:00+00:00
[2025-09-18T07:40:59.806+0000] {processor.py:183} INFO - Processing /home/airflow/.local/lib/python3.8/site-packages/airflow/example_dags/example_branch_python_dop_operator_3.py took 0.229 seconds
[2025-09-18T07:41:30.572+0000] {processor.py:161} INFO - Started process (PID=608) to work on /home/airflow/.local/lib/python3.8/site-packages/airflow/example_dags/example_branch_python_dop_operator_3.py
[2025-09-18T07:41:30.574+0000] {processor.py:830} INFO - Processing file /home/airflow/.local/lib/python3.8/site-packages/airflow/example_dags/example_branch_python_dop_operator_3.py for tasks to queue
[2025-09-18T07:41:30.579+0000] {logging_mixin.py:188} INFO - [2025-09-18T07:41:30.579+0000] {dagbag.py:538} INFO - Filling up the DagBag from /home/airflow/.local/lib/python3.8/site-packages/airflow/example_dags/example_branch_python_dop_operator_3.py
[2025-09-18T07:41:30.600+0000] {processor.py:840} INFO - DAG(s) 'example_branch_dop_operator_v3' retrieved from /home/airflow/.local/lib/python3.8/site-packages/airflow/example_dags/example_branch_python_dop_operator_3.py
[2025-09-18T07:41:30.639+0000] {logging_mixin.py:188} INFO - [2025-09-18T07:41:30.639+0000] {dag.py:3036} INFO - Sync 1 DAGs
[2025-09-18T07:41:30.696+0000] {logging_mixin.py:188} INFO - [2025-09-18T07:41:30.695+0000] {dag.py:3823} INFO - Setting next_dagrun for example_branch_dop_operator_v3 to 2025-09-18 07:40:00+00:00, run_after=2025-09-18 07:41:00+00:00
[2025-09-18T07:41:30.738+0000] {processor.py:183} INFO - Processing /home/airflow/.local/lib/python3.8/site-packages/airflow/example_dags/example_branch_python_dop_operator_3.py took 0.174 seconds
[2025-09-18T07:42:01.532+0000] {processor.py:161} INFO - Started process (PID=663) to work on /home/airflow/.local/lib/python3.8/site-packages/airflow/example_dags/example_branch_python_dop_operator_3.py
[2025-09-18T07:42:01.534+0000] {processor.py:830} INFO - Processing file /home/airflow/.local/lib/python3.8/site-packages/airflow/example_dags/example_branch_python_dop_operator_3.py for tasks to queue
[2025-09-18T07:42:01.537+0000] {logging_mixin.py:188} INFO - [2025-09-18T07:42:01.537+0000] {dagbag.py:538} INFO - Filling up the DagBag from /home/airflow/.local/lib/python3.8/site-packages/airflow/example_dags/example_branch_python_dop_operator_3.py
[2025-09-18T07:42:01.563+0000] {processor.py:840} INFO - DAG(s) 'example_branch_dop_operator_v3' retrieved from /home/airflow/.local/lib/python3.8/site-packages/airflow/example_dags/example_branch_python_dop_operator_3.py
[2025-09-18T07:42:01.605+0000] {logging_mixin.py:188} INFO - [2025-09-18T07:42:01.604+0000] {dag.py:3036} INFO - Sync 1 DAGs
[2025-09-18T07:42:01.664+0000] {logging_mixin.py:188} INFO - [2025-09-18T07:42:01.663+0000] {dag.py:3823} INFO - Setting next_dagrun for example_branch_dop_operator_v3 to 2025-09-18 07:41:00+00:00, run_after=2025-09-18 07:42:00+00:00
[2025-09-18T07:42:01.711+0000] {processor.py:183} INFO - Processing /home/airflow/.local/lib/python3.8/site-packages/airflow/example_dags/example_branch_python_dop_operator_3.py took 0.184 seconds
[2025-09-18T07:42:31.801+0000] {processor.py:161} INFO - Started process (PID=717) to work on /home/airflow/.local/lib/python3.8/site-packages/airflow/example_dags/example_branch_python_dop_operator_3.py
[2025-09-18T07:42:31.804+0000] {processor.py:830} INFO - Processing file /home/airflow/.local/lib/python3.8/site-packages/airflow/example_dags/example_branch_python_dop_operator_3.py for tasks to queue
[2025-09-18T07:42:31.809+0000] {logging_mixin.py:188} INFO - [2025-09-18T07:42:31.808+0000] {dagbag.py:538} INFO - Filling up the DagBag from /home/airflow/.local/lib/python3.8/site-packages/airflow/example_dags/example_branch_python_dop_operator_3.py
[2025-09-18T07:42:31.837+0000] {processor.py:840} INFO - DAG(s) 'example_branch_dop_operator_v3' retrieved from /home/airflow/.local/lib/python3.8/site-packages/airflow/example_dags/example_branch_python_dop_operator_3.py
[2025-09-18T07:42:31.880+0000] {logging_mixin.py:188} INFO - [2025-09-18T07:42:31.879+0000] {dag.py:3036} INFO - Sync 1 DAGs
[2025-09-18T07:42:31.933+0000] {logging_mixin.py:188} INFO - [2025-09-18T07:42:31.933+0000] {dag.py:3823} INFO - Setting next_dagrun for example_branch_dop_operator_v3 to 2025-09-18 07:41:00+00:00, run_after=2025-09-18 07:42:00+00:00
[2025-09-18T07:42:31.977+0000] {processor.py:183} INFO - Processing /home/airflow/.local/lib/python3.8/site-packages/airflow/example_dags/example_branch_python_dop_operator_3.py took 0.182 seconds
[2025-09-18T07:43:02.063+0000] {processor.py:161} INFO - Started process (PID=772) to work on /home/airflow/.local/lib/python3.8/site-packages/airflow/example_dags/example_branch_python_dop_operator_3.py
[2025-09-18T07:43:02.065+0000] {processor.py:830} INFO - Processing file /home/airflow/.local/lib/python3.8/site-packages/airflow/example_dags/example_branch_python_dop_operator_3.py for tasks to queue
[2025-09-18T07:43:02.068+0000] {logging_mixin.py:188} INFO - [2025-09-18T07:43:02.068+0000] {dagbag.py:538} INFO - Filling up the DagBag from /home/airflow/.local/lib/python3.8/site-packages/airflow/example_dags/example_branch_python_dop_operator_3.py
[2025-09-18T07:43:02.088+0000] {processor.py:840} INFO - DAG(s) 'example_branch_dop_operator_v3' retrieved from /home/airflow/.local/lib/python3.8/site-packages/airflow/example_dags/example_branch_python_dop_operator_3.py
[2025-09-18T07:43:02.165+0000] {logging_mixin.py:188} INFO - [2025-09-18T07:43:02.165+0000] {dag.py:3036} INFO - Sync 1 DAGs
[2025-09-18T07:43:02.215+0000] {logging_mixin.py:188} INFO - [2025-09-18T07:43:02.215+0000] {dag.py:3823} INFO - Setting next_dagrun for example_branch_dop_operator_v3 to 2025-09-18 07:42:00+00:00, run_after=2025-09-18 07:43:00+00:00
[2025-09-18T07:43:02.254+0000] {processor.py:183} INFO - Processing /home/airflow/.local/lib/python3.8/site-packages/airflow/example_dags/example_branch_python_dop_operator_3.py took 0.197 seconds
[2025-09-18T07:43:32.443+0000] {processor.py:161} INFO - Started process (PID=827) to work on /home/airflow/.local/lib/python3.8/site-packages/airflow/example_dags/example_branch_python_dop_operator_3.py
[2025-09-18T07:43:32.445+0000] {processor.py:830} INFO - Processing file /home/airflow/.local/lib/python3.8/site-packages/airflow/example_dags/example_branch_python_dop_operator_3.py for tasks to queue
[2025-09-18T07:43:32.449+0000] {logging_mixin.py:188} INFO - [2025-09-18T07:43:32.449+0000] {dagbag.py:538} INFO - Filling up the DagBag from /home/airflow/.local/lib/python3.8/site-packages/airflow/example_dags/example_branch_python_dop_operator_3.py
[2025-09-18T07:43:32.472+0000] {processor.py:840} INFO - DAG(s) 'example_branch_dop_operator_v3' retrieved from /home/airflow/.local/lib/python3.8/site-packages/airflow/example_dags/example_branch_python_dop_operator_3.py
[2025-09-18T07:43:32.527+0000] {logging_mixin.py:188} INFO - [2025-09-18T07:43:32.526+0000] {dag.py:3036} INFO - Sync 1 DAGs
[2025-09-18T07:43:32.581+0000] {logging_mixin.py:188} INFO - [2025-09-18T07:43:32.580+0000] {dag.py:3823} INFO - Setting next_dagrun for example_branch_dop_operator_v3 to 2025-09-18 07:42:00+00:00, run_after=2025-09-18 07:43:00+00:00
[2025-09-18T07:43:32.619+0000] {processor.py:183} INFO - Processing /home/airflow/.local/lib/python3.8/site-packages/airflow/example_dags/example_branch_python_dop_operator_3.py took 0.183 seconds
[2025-09-18T07:44:03.259+0000] {processor.py:161} INFO - Started process (PID=882) to work on /home/airflow/.local/lib/python3.8/site-packages/airflow/example_dags/example_branch_python_dop_operator_3.py
[2025-09-18T07:44:03.261+0000] {processor.py:830} INFO - Processing file /home/airflow/.local/lib/python3.8/site-packages/airflow/example_dags/example_branch_python_dop_operator_3.py for tasks to queue
[2025-09-18T07:44:03.264+0000] {logging_mixin.py:188} INFO - [2025-09-18T07:44:03.264+0000] {dagbag.py:538} INFO - Filling up the DagBag from /home/airflow/.local/lib/python3.8/site-packages/airflow/example_dags/example_branch_python_dop_operator_3.py
[2025-09-18T07:44:03.281+0000] {processor.py:840} INFO - DAG(s) 'example_branch_dop_operator_v3' retrieved from /home/airflow/.local/lib/python3.8/site-packages/airflow/example_dags/example_branch_python_dop_operator_3.py
[2025-09-18T07:44:03.318+0000] {logging_mixin.py:188} INFO - [2025-09-18T07:44:03.317+0000] {dag.py:3036} INFO - Sync 1 DAGs
[2025-09-18T07:44:03.366+0000] {logging_mixin.py:188} INFO - [2025-09-18T07:44:03.366+0000] {dag.py:3823} INFO - Setting next_dagrun for example_branch_dop_operator_v3 to 2025-09-18 07:43:00+00:00, run_after=2025-09-18 07:44:00+00:00
[2025-09-18T07:44:03.408+0000] {processor.py:183} INFO - Processing /home/airflow/.local/lib/python3.8/site-packages/airflow/example_dags/example_branch_python_dop_operator_3.py took 0.154 seconds
[2025-09-18T07:44:33.859+0000] {processor.py:161} INFO - Started process (PID=937) to work on /home/airflow/.local/lib/python3.8/site-packages/airflow/example_dags/example_branch_python_dop_operator_3.py
[2025-09-18T07:44:33.861+0000] {processor.py:830} INFO - Processing file /home/airflow/.local/lib/python3.8/site-packages/airflow/example_dags/example_branch_python_dop_operator_3.py for tasks to queue
[2025-09-18T07:44:33.866+0000] {logging_mixin.py:188} INFO - [2025-09-18T07:44:33.865+0000] {dagbag.py:538} INFO - Filling up the DagBag from /home/airflow/.local/lib/python3.8/site-packages/airflow/example_dags/example_branch_python_dop_operator_3.py
[2025-09-18T07:44:33.885+0000] {processor.py:840} INFO - DAG(s) 'example_branch_dop_operator_v3' retrieved from /home/airflow/.local/lib/python3.8/site-packages/airflow/example_dags/example_branch_python_dop_operator_3.py
[2025-09-18T07:44:33.926+0000] {logging_mixin.py:188} INFO - [2025-09-18T07:44:33.925+0000] {dag.py:3036} INFO - Sync 1 DAGs
[2025-09-18T07:44:33.991+0000] {logging_mixin.py:188} INFO - [2025-09-18T07:44:33.991+0000] {dag.py:3823} INFO - Setting next_dagrun for example_branch_dop_operator_v3 to 2025-09-18 07:43:00+00:00, run_after=2025-09-18 07:44:00+00:00
[2025-09-18T07:44:34.034+0000] {processor.py:183} INFO - Processing /home/airflow/.local/lib/python3.8/site-packages/airflow/example_dags/example_branch_python_dop_operator_3.py took 0.183 seconds
[2025-09-18T07:45:04.792+0000] {processor.py:161} INFO - Started process (PID=992) to work on /home/airflow/.local/lib/python3.8/site-packages/airflow/example_dags/example_branch_python_dop_operator_3.py
[2025-09-18T07:45:04.794+0000] {processor.py:830} INFO - Processing file /home/airflow/.local/lib/python3.8/site-packages/airflow/example_dags/example_branch_python_dop_operator_3.py for tasks to queue
[2025-09-18T07:45:04.799+0000] {logging_mixin.py:188} INFO - [2025-09-18T07:45:04.799+0000] {dagbag.py:538} INFO - Filling up the DagBag from /home/airflow/.local/lib/python3.8/site-packages/airflow/example_dags/example_branch_python_dop_operator_3.py
[2025-09-18T07:45:04.821+0000] {processor.py:840} INFO - DAG(s) 'example_branch_dop_operator_v3' retrieved from /home/airflow/.local/lib/python3.8/site-packages/airflow/example_dags/example_branch_python_dop_operator_3.py
[2025-09-18T07:45:04.876+0000] {logging_mixin.py:188} INFO - [2025-09-18T07:45:04.876+0000] {dag.py:3036} INFO - Sync 1 DAGs
[2025-09-18T07:45:04.953+0000] {logging_mixin.py:188} INFO - [2025-09-18T07:45:04.953+0000] {dag.py:3823} INFO - Setting next_dagrun for example_branch_dop_operator_v3 to 2025-09-18 07:44:00+00:00, run_after=2025-09-18 07:45:00+00:00
[2025-09-18T07:45:05.003+0000] {processor.py:183} INFO - Processing /home/airflow/.local/lib/python3.8/site-packages/airflow/example_dags/example_branch_python_dop_operator_3.py took 0.218 seconds
[2025-09-18T07:45:35.094+0000] {processor.py:161} INFO - Started process (PID=1047) to work on /home/airflow/.local/lib/python3.8/site-packages/airflow/example_dags/example_branch_python_dop_operator_3.py
[2025-09-18T07:45:35.096+0000] {processor.py:830} INFO - Processing file /home/airflow/.local/lib/python3.8/site-packages/airflow/example_dags/example_branch_python_dop_operator_3.py for tasks to queue
[2025-09-18T07:45:35.099+0000] {logging_mixin.py:188} INFO - [2025-09-18T07:45:35.099+0000] {dagbag.py:538} INFO - Filling up the DagBag from /home/airflow/.local/lib/python3.8/site-packages/airflow/example_dags/example_branch_python_dop_operator_3.py
[2025-09-18T07:45:35.115+0000] {processor.py:840} INFO - DAG(s) 'example_branch_dop_operator_v3' retrieved from /home/airflow/.local/lib/python3.8/site-packages/airflow/example_dags/example_branch_python_dop_operator_3.py
[2025-09-18T07:45:35.151+0000] {logging_mixin.py:188} INFO - [2025-09-18T07:45:35.150+0000] {dag.py:3036} INFO - Sync 1 DAGs
[2025-09-18T07:45:35.197+0000] {logging_mixin.py:188} INFO - [2025-09-18T07:45:35.196+0000] {dag.py:3823} INFO - Setting next_dagrun for example_branch_dop_operator_v3 to 2025-09-18 07:44:00+00:00, run_after=2025-09-18 07:45:00+00:00
[2025-09-18T07:45:35.232+0000] {processor.py:183} INFO - Processing /home/airflow/.local/lib/python3.8/site-packages/airflow/example_dags/example_branch_python_dop_operator_3.py took 0.144 seconds
[2025-09-18T07:46:05.631+0000] {processor.py:161} INFO - Started process (PID=1102) to work on /home/airflow/.local/lib/python3.8/site-packages/airflow/example_dags/example_branch_python_dop_operator_3.py
[2025-09-18T07:46:05.634+0000] {processor.py:830} INFO - Processing file /home/airflow/.local/lib/python3.8/site-packages/airflow/example_dags/example_branch_python_dop_operator_3.py for tasks to queue
[2025-09-18T07:46:05.638+0000] {logging_mixin.py:188} INFO - [2025-09-18T07:46:05.637+0000] {dagbag.py:538} INFO - Filling up the DagBag from /home/airflow/.local/lib/python3.8/site-packages/airflow/example_dags/example_branch_python_dop_operator_3.py
[2025-09-18T07:46:05.662+0000] {processor.py:840} INFO - DAG(s) 'example_branch_dop_operator_v3' retrieved from /home/airflow/.local/lib/python3.8/site-packages/airflow/example_dags/example_branch_python_dop_operator_3.py
[2025-09-18T07:46:05.707+0000] {logging_mixin.py:188} INFO - [2025-09-18T07:46:05.706+0000] {dag.py:3036} INFO - Sync 1 DAGs
[2025-09-18T07:46:05.768+0000] {logging_mixin.py:188} INFO - [2025-09-18T07:46:05.767+0000] {dag.py:3823} INFO - Setting next_dagrun for example_branch_dop_operator_v3 to 2025-09-18 07:45:00+00:00, run_after=2025-09-18 07:46:00+00:00
[2025-09-18T07:46:05.811+0000] {processor.py:183} INFO - Processing /home/airflow/.local/lib/python3.8/site-packages/airflow/example_dags/example_branch_python_dop_operator_3.py took 0.186 seconds
[2025-09-18T07:46:35.995+0000] {processor.py:161} INFO - Started process (PID=1157) to work on /home/airflow/.local/lib/python3.8/site-packages/airflow/example_dags/example_branch_python_dop_operator_3.py
[2025-09-18T07:46:35.998+0000] {processor.py:830} INFO - Processing file /home/airflow/.local/lib/python3.8/site-packages/airflow/example_dags/example_branch_python_dop_operator_3.py for tasks to queue
[2025-09-18T07:46:36.002+0000] {logging_mixin.py:188} INFO - [2025-09-18T07:46:36.001+0000] {dagbag.py:538} INFO - Filling up the DagBag from /home/airflow/.local/lib/python3.8/site-packages/airflow/example_dags/example_branch_python_dop_operator_3.py
[2025-09-18T07:46:36.020+0000] {processor.py:840} INFO - DAG(s) 'example_branch_dop_operator_v3' retrieved from /home/airflow/.local/lib/python3.8/site-packages/airflow/example_dags/example_branch_python_dop_operator_3.py
[2025-09-18T07:46:36.074+0000] {logging_mixin.py:188} INFO - [2025-09-18T07:46:36.074+0000] {dag.py:3036} INFO - Sync 1 DAGs
[2025-09-18T07:46:36.192+0000] {logging_mixin.py:188} INFO - [2025-09-18T07:46:36.192+0000] {dag.py:3823} INFO - Setting next_dagrun for example_branch_dop_operator_v3 to 2025-09-18 07:45:00+00:00, run_after=2025-09-18 07:46:00+00:00
[2025-09-18T07:46:36.240+0000] {processor.py:183} INFO - Processing /home/airflow/.local/lib/python3.8/site-packages/airflow/example_dags/example_branch_python_dop_operator_3.py took 0.255 seconds
[2025-09-18T07:47:07.019+0000] {processor.py:161} INFO - Started process (PID=1212) to work on /home/airflow/.local/lib/python3.8/site-packages/airflow/example_dags/example_branch_python_dop_operator_3.py
[2025-09-18T07:47:07.021+0000] {processor.py:830} INFO - Processing file /home/airflow/.local/lib/python3.8/site-packages/airflow/example_dags/example_branch_python_dop_operator_3.py for tasks to queue
[2025-09-18T07:47:07.025+0000] {logging_mixin.py:188} INFO - [2025-09-18T07:47:07.025+0000] {dagbag.py:538} INFO - Filling up the DagBag from /home/airflow/.local/lib/python3.8/site-packages/airflow/example_dags/example_branch_python_dop_operator_3.py
[2025-09-18T07:47:07.043+0000] {processor.py:840} INFO - DAG(s) 'example_branch_dop_operator_v3' retrieved from /home/airflow/.local/lib/python3.8/site-packages/airflow/example_dags/example_branch_python_dop_operator_3.py
[2025-09-18T07:47:07.084+0000] {logging_mixin.py:188} INFO - [2025-09-18T07:47:07.083+0000] {dag.py:3036} INFO - Sync 1 DAGs
[2025-09-18T07:47:07.150+0000] {logging_mixin.py:188} INFO - [2025-09-18T07:47:07.149+0000] {dag.py:3823} INFO - Setting next_dagrun for example_branch_dop_operator_v3 to 2025-09-18 07:46:00+00:00, run_after=2025-09-18 07:47:00+00:00
[2025-09-18T07:47:07.223+0000] {processor.py:183} INFO - Processing /home/airflow/.local/lib/python3.8/site-packages/airflow/example_dags/example_branch_python_dop_operator_3.py took 0.210 seconds
[2025-09-18T07:47:37.543+0000] {processor.py:161} INFO - Started process (PID=1267) to work on /home/airflow/.local/lib/python3.8/site-packages/airflow/example_dags/example_branch_python_dop_operator_3.py
[2025-09-18T07:47:37.546+0000] {processor.py:830} INFO - Processing file /home/airflow/.local/lib/python3.8/site-packages/airflow/example_dags/example_branch_python_dop_operator_3.py for tasks to queue
[2025-09-18T07:47:37.551+0000] {logging_mixin.py:188} INFO - [2025-09-18T07:47:37.549+0000] {dagbag.py:538} INFO - Filling up the DagBag from /home/airflow/.local/lib/python3.8/site-packages/airflow/example_dags/example_branch_python_dop_operator_3.py
[2025-09-18T07:47:37.574+0000] {processor.py:840} INFO - DAG(s) 'example_branch_dop_operator_v3' retrieved from /home/airflow/.local/lib/python3.8/site-packages/airflow/example_dags/example_branch_python_dop_operator_3.py
[2025-09-18T07:47:37.620+0000] {logging_mixin.py:188} INFO - [2025-09-18T07:47:37.620+0000] {dag.py:3036} INFO - Sync 1 DAGs
[2025-09-18T07:47:37.683+0000] {logging_mixin.py:188} INFO - [2025-09-18T07:47:37.683+0000] {dag.py:3823} INFO - Setting next_dagrun for example_branch_dop_operator_v3 to 2025-09-18 07:46:00+00:00, run_after=2025-09-18 07:47:00+00:00
[2025-09-18T07:47:37.730+0000] {processor.py:183} INFO - Processing /home/airflow/.local/lib/python3.8/site-packages/airflow/example_dags/example_branch_python_dop_operator_3.py took 0.193 seconds
[2025-09-18T07:48:08.227+0000] {processor.py:161} INFO - Started process (PID=1323) to work on /home/airflow/.local/lib/python3.8/site-packages/airflow/example_dags/example_branch_python_dop_operator_3.py
[2025-09-18T07:48:08.229+0000] {processor.py:830} INFO - Processing file /home/airflow/.local/lib/python3.8/site-packages/airflow/example_dags/example_branch_python_dop_operator_3.py for tasks to queue
[2025-09-18T07:48:08.234+0000] {logging_mixin.py:188} INFO - [2025-09-18T07:48:08.233+0000] {dagbag.py:538} INFO - Filling up the DagBag from /home/airflow/.local/lib/python3.8/site-packages/airflow/example_dags/example_branch_python_dop_operator_3.py
[2025-09-18T07:48:08.249+0000] {processor.py:840} INFO - DAG(s) 'example_branch_dop_operator_v3' retrieved from /home/airflow/.local/lib/python3.8/site-packages/airflow/example_dags/example_branch_python_dop_operator_3.py
[2025-09-18T07:48:08.286+0000] {logging_mixin.py:188} INFO - [2025-09-18T07:48:08.285+0000] {dag.py:3036} INFO - Sync 1 DAGs
[2025-09-18T07:48:08.336+0000] {logging_mixin.py:188} INFO - [2025-09-18T07:48:08.335+0000] {dag.py:3823} INFO - Setting next_dagrun for example_branch_dop_operator_v3 to 2025-09-18 07:47:00+00:00, run_after=2025-09-18 07:48:00+00:00
[2025-09-18T07:48:08.375+0000] {processor.py:183} INFO - Processing /home/airflow/.local/lib/python3.8/site-packages/airflow/example_dags/example_branch_python_dop_operator_3.py took 0.155 seconds
[2025-09-18T07:48:38.951+0000] {processor.py:161} INFO - Started process (PID=1378) to work on /home/airflow/.local/lib/python3.8/site-packages/airflow/example_dags/example_branch_python_dop_operator_3.py
[2025-09-18T07:48:38.953+0000] {processor.py:830} INFO - Processing file /home/airflow/.local/lib/python3.8/site-packages/airflow/example_dags/example_branch_python_dop_operator_3.py for tasks to queue
[2025-09-18T07:48:38.957+0000] {logging_mixin.py:188} INFO - [2025-09-18T07:48:38.956+0000] {dagbag.py:538} INFO - Filling up the DagBag from /home/airflow/.local/lib/python3.8/site-packages/airflow/example_dags/example_branch_python_dop_operator_3.py
[2025-09-18T07:48:38.975+0000] {processor.py:840} INFO - DAG(s) 'example_branch_dop_operator_v3' retrieved from /home/airflow/.local/lib/python3.8/site-packages/airflow/example_dags/example_branch_python_dop_operator_3.py
[2025-09-18T07:48:39.015+0000] {logging_mixin.py:188} INFO - [2025-09-18T07:48:39.014+0000] {dag.py:3036} INFO - Sync 1 DAGs
[2025-09-18T07:48:39.066+0000] {logging_mixin.py:188} INFO - [2025-09-18T07:48:39.065+0000] {dag.py:3823} INFO - Setting next_dagrun for example_branch_dop_operator_v3 to 2025-09-18 07:47:00+00:00, run_after=2025-09-18 07:48:00+00:00
[2025-09-18T07:48:39.105+0000] {processor.py:183} INFO - Processing /home/airflow/.local/lib/python3.8/site-packages/airflow/example_dags/example_branch_python_dop_operator_3.py took 0.160 seconds
[2025-09-18T07:56:45.033+0000] {processor.py:161} INFO - Started process (PID=57) to work on /home/airflow/.local/lib/python3.8/site-packages/airflow/example_dags/example_branch_python_dop_operator_3.py
[2025-09-18T07:56:45.038+0000] {processor.py:830} INFO - Processing file /home/airflow/.local/lib/python3.8/site-packages/airflow/example_dags/example_branch_python_dop_operator_3.py for tasks to queue
[2025-09-18T07:56:45.046+0000] {logging_mixin.py:188} INFO - [2025-09-18T07:56:45.044+0000] {dagbag.py:538} INFO - Filling up the DagBag from /home/airflow/.local/lib/python3.8/site-packages/airflow/example_dags/example_branch_python_dop_operator_3.py
[2025-09-18T07:56:45.103+0000] {processor.py:840} INFO - DAG(s) 'example_branch_dop_operator_v3' retrieved from /home/airflow/.local/lib/python3.8/site-packages/airflow/example_dags/example_branch_python_dop_operator_3.py
[2025-09-18T07:56:45.383+0000] {logging_mixin.py:188} INFO - [2025-09-18T07:56:45.382+0000] {override.py:1769} INFO - Created Permission View: can edit on DAG:example_branch_dop_operator_v3
[2025-09-18T07:56:45.404+0000] {logging_mixin.py:188} INFO - [2025-09-18T07:56:45.403+0000] {override.py:1769} INFO - Created Permission View: can read on DAG:example_branch_dop_operator_v3
[2025-09-18T07:56:45.418+0000] {logging_mixin.py:188} INFO - [2025-09-18T07:56:45.417+0000] {override.py:1769} INFO - Created Permission View: can delete on DAG:example_branch_dop_operator_v3
[2025-09-18T07:56:45.419+0000] {logging_mixin.py:188} INFO - [2025-09-18T07:56:45.419+0000] {dag.py:3036} INFO - Sync 1 DAGs
[2025-09-18T07:56:45.444+0000] {logging_mixin.py:188} INFO - [2025-09-18T07:56:45.444+0000] {dag.py:3058} INFO - Creating ORM DAG for example_branch_dop_operator_v3
[2025-09-18T07:56:45.480+0000] {logging_mixin.py:188} INFO - [2025-09-18T07:56:45.479+0000] {dag.py:3823} INFO - Setting next_dagrun for example_branch_dop_operator_v3 to 2025-09-18 07:55:00+00:00, run_after=2025-09-18 07:56:00+00:00
[2025-09-18T07:56:45.539+0000] {processor.py:183} INFO - Processing /home/airflow/.local/lib/python3.8/site-packages/airflow/example_dags/example_branch_python_dop_operator_3.py took 0.531 seconds
[2025-09-18T07:57:22.402+0000] {processor.py:161} INFO - Started process (PID=112) to work on /home/airflow/.local/lib/python3.8/site-packages/airflow/example_dags/example_branch_python_dop_operator_3.py
[2025-09-18T07:57:22.406+0000] {processor.py:830} INFO - Processing file /home/airflow/.local/lib/python3.8/site-packages/airflow/example_dags/example_branch_python_dop_operator_3.py for tasks to queue
[2025-09-18T07:57:22.411+0000] {logging_mixin.py:188} INFO - [2025-09-18T07:57:22.410+0000] {dagbag.py:538} INFO - Filling up the DagBag from /home/airflow/.local/lib/python3.8/site-packages/airflow/example_dags/example_branch_python_dop_operator_3.py
[2025-09-18T07:57:22.441+0000] {processor.py:840} INFO - DAG(s) 'example_branch_dop_operator_v3' retrieved from /home/airflow/.local/lib/python3.8/site-packages/airflow/example_dags/example_branch_python_dop_operator_3.py
[2025-09-18T07:57:22.517+0000] {logging_mixin.py:188} INFO - [2025-09-18T07:57:22.517+0000] {dag.py:3036} INFO - Sync 1 DAGs
[2025-09-18T07:57:22.595+0000] {logging_mixin.py:188} INFO - [2025-09-18T07:57:22.595+0000] {dag.py:3823} INFO - Setting next_dagrun for example_branch_dop_operator_v3 to 2025-09-18 07:56:00+00:00, run_after=2025-09-18 07:57:00+00:00
[2025-09-18T07:57:22.676+0000] {processor.py:183} INFO - Processing /home/airflow/.local/lib/python3.8/site-packages/airflow/example_dags/example_branch_python_dop_operator_3.py took 0.285 seconds
[2025-09-18T07:57:53.747+0000] {processor.py:161} INFO - Started process (PID=168) to work on /home/airflow/.local/lib/python3.8/site-packages/airflow/example_dags/example_branch_python_dop_operator_3.py
[2025-09-18T07:57:53.750+0000] {processor.py:830} INFO - Processing file /home/airflow/.local/lib/python3.8/site-packages/airflow/example_dags/example_branch_python_dop_operator_3.py for tasks to queue
[2025-09-18T07:57:53.754+0000] {logging_mixin.py:188} INFO - [2025-09-18T07:57:53.753+0000] {dagbag.py:538} INFO - Filling up the DagBag from /home/airflow/.local/lib/python3.8/site-packages/airflow/example_dags/example_branch_python_dop_operator_3.py
[2025-09-18T07:57:53.775+0000] {processor.py:840} INFO - DAG(s) 'example_branch_dop_operator_v3' retrieved from /home/airflow/.local/lib/python3.8/site-packages/airflow/example_dags/example_branch_python_dop_operator_3.py
[2025-09-18T07:57:53.817+0000] {logging_mixin.py:188} INFO - [2025-09-18T07:57:53.817+0000] {dag.py:3036} INFO - Sync 1 DAGs
[2025-09-18T07:57:53.873+0000] {logging_mixin.py:188} INFO - [2025-09-18T07:57:53.873+0000] {dag.py:3823} INFO - Setting next_dagrun for example_branch_dop_operator_v3 to 2025-09-18 07:56:00+00:00, run_after=2025-09-18 07:57:00+00:00
[2025-09-18T07:57:53.919+0000] {processor.py:183} INFO - Processing /home/airflow/.local/lib/python3.8/site-packages/airflow/example_dags/example_branch_python_dop_operator_3.py took 0.178 seconds
[2025-09-18T09:46:49.213+0000] {processor.py:161} INFO - Started process (PID=57) to work on /home/airflow/.local/lib/python3.8/site-packages/airflow/example_dags/example_branch_python_dop_operator_3.py
[2025-09-18T09:46:49.215+0000] {processor.py:830} INFO - Processing file /home/airflow/.local/lib/python3.8/site-packages/airflow/example_dags/example_branch_python_dop_operator_3.py for tasks to queue
[2025-09-18T09:46:49.219+0000] {logging_mixin.py:188} INFO - [2025-09-18T09:46:49.218+0000] {dagbag.py:538} INFO - Filling up the DagBag from /home/airflow/.local/lib/python3.8/site-packages/airflow/example_dags/example_branch_python_dop_operator_3.py
[2025-09-18T09:46:49.248+0000] {processor.py:840} INFO - DAG(s) 'example_branch_dop_operator_v3' retrieved from /home/airflow/.local/lib/python3.8/site-packages/airflow/example_dags/example_branch_python_dop_operator_3.py
[2025-09-18T09:46:49.501+0000] {logging_mixin.py:188} INFO - [2025-09-18T09:46:49.500+0000] {override.py:1769} INFO - Created Permission View: can delete on DAG:example_branch_dop_operator_v3
[2025-09-18T09:46:49.518+0000] {logging_mixin.py:188} INFO - [2025-09-18T09:46:49.517+0000] {override.py:1769} INFO - Created Permission View: can edit on DAG:example_branch_dop_operator_v3
[2025-09-18T09:46:49.534+0000] {logging_mixin.py:188} INFO - [2025-09-18T09:46:49.533+0000] {override.py:1769} INFO - Created Permission View: can read on DAG:example_branch_dop_operator_v3
[2025-09-18T09:46:49.535+0000] {logging_mixin.py:188} INFO - [2025-09-18T09:46:49.535+0000] {dag.py:3036} INFO - Sync 1 DAGs
[2025-09-18T09:46:49.556+0000] {logging_mixin.py:188} INFO - [2025-09-18T09:46:49.556+0000] {dag.py:3058} INFO - Creating ORM DAG for example_branch_dop_operator_v3
[2025-09-18T09:46:49.596+0000] {logging_mixin.py:188} INFO - [2025-09-18T09:46:49.595+0000] {dag.py:3823} INFO - Setting next_dagrun for example_branch_dop_operator_v3 to 2025-09-18 09:45:00+00:00, run_after=2025-09-18 09:46:00+00:00
[2025-09-18T09:46:49.631+0000] {processor.py:183} INFO - Processing /home/airflow/.local/lib/python3.8/site-packages/airflow/example_dags/example_branch_python_dop_operator_3.py took 0.423 seconds
[2025-09-18T09:47:19.847+0000] {processor.py:161} INFO - Started process (PID=112) to work on /home/airflow/.local/lib/python3.8/site-packages/airflow/example_dags/example_branch_python_dop_operator_3.py
[2025-09-18T09:47:19.850+0000] {processor.py:830} INFO - Processing file /home/airflow/.local/lib/python3.8/site-packages/airflow/example_dags/example_branch_python_dop_operator_3.py for tasks to queue
[2025-09-18T09:47:19.853+0000] {logging_mixin.py:188} INFO - [2025-09-18T09:47:19.853+0000] {dagbag.py:538} INFO - Filling up the DagBag from /home/airflow/.local/lib/python3.8/site-packages/airflow/example_dags/example_branch_python_dop_operator_3.py
[2025-09-18T09:47:19.875+0000] {processor.py:840} INFO - DAG(s) 'example_branch_dop_operator_v3' retrieved from /home/airflow/.local/lib/python3.8/site-packages/airflow/example_dags/example_branch_python_dop_operator_3.py
[2025-09-18T09:47:19.934+0000] {logging_mixin.py:188} INFO - [2025-09-18T09:47:19.934+0000] {dag.py:3036} INFO - Sync 1 DAGs
[2025-09-18T09:47:20.006+0000] {logging_mixin.py:188} INFO - [2025-09-18T09:47:20.006+0000] {dag.py:3823} INFO - Setting next_dagrun for example_branch_dop_operator_v3 to 2025-09-18 09:46:00+00:00, run_after=2025-09-18 09:47:00+00:00
[2025-09-18T09:47:20.055+0000] {processor.py:183} INFO - Processing /home/airflow/.local/lib/python3.8/site-packages/airflow/example_dags/example_branch_python_dop_operator_3.py took 0.214 seconds
[2025-09-18T09:47:50.628+0000] {processor.py:161} INFO - Started process (PID=167) to work on /home/airflow/.local/lib/python3.8/site-packages/airflow/example_dags/example_branch_python_dop_operator_3.py
[2025-09-18T09:47:50.630+0000] {processor.py:830} INFO - Processing file /home/airflow/.local/lib/python3.8/site-packages/airflow/example_dags/example_branch_python_dop_operator_3.py for tasks to queue
[2025-09-18T09:47:50.634+0000] {logging_mixin.py:188} INFO - [2025-09-18T09:47:50.633+0000] {dagbag.py:538} INFO - Filling up the DagBag from /home/airflow/.local/lib/python3.8/site-packages/airflow/example_dags/example_branch_python_dop_operator_3.py
[2025-09-18T09:47:50.677+0000] {processor.py:840} INFO - DAG(s) 'example_branch_dop_operator_v3' retrieved from /home/airflow/.local/lib/python3.8/site-packages/airflow/example_dags/example_branch_python_dop_operator_3.py
[2025-09-18T09:47:50.729+0000] {logging_mixin.py:188} INFO - [2025-09-18T09:47:50.729+0000] {dag.py:3036} INFO - Sync 1 DAGs
[2025-09-18T09:47:50.812+0000] {logging_mixin.py:188} INFO - [2025-09-18T09:47:50.811+0000] {dag.py:3823} INFO - Setting next_dagrun for example_branch_dop_operator_v3 to 2025-09-18 09:46:00+00:00, run_after=2025-09-18 09:47:00+00:00
[2025-09-18T09:47:50.863+0000] {processor.py:183} INFO - Processing /home/airflow/.local/lib/python3.8/site-packages/airflow/example_dags/example_branch_python_dop_operator_3.py took 0.267 seconds
[2025-09-18T09:48:21.114+0000] {processor.py:161} INFO - Started process (PID=222) to work on /home/airflow/.local/lib/python3.8/site-packages/airflow/example_dags/example_branch_python_dop_operator_3.py
[2025-09-18T09:48:21.116+0000] {processor.py:830} INFO - Processing file /home/airflow/.local/lib/python3.8/site-packages/airflow/example_dags/example_branch_python_dop_operator_3.py for tasks to queue
[2025-09-18T09:48:21.120+0000] {logging_mixin.py:188} INFO - [2025-09-18T09:48:21.119+0000] {dagbag.py:538} INFO - Filling up the DagBag from /home/airflow/.local/lib/python3.8/site-packages/airflow/example_dags/example_branch_python_dop_operator_3.py
[2025-09-18T09:48:21.142+0000] {processor.py:840} INFO - DAG(s) 'example_branch_dop_operator_v3' retrieved from /home/airflow/.local/lib/python3.8/site-packages/airflow/example_dags/example_branch_python_dop_operator_3.py
[2025-09-18T09:48:21.180+0000] {logging_mixin.py:188} INFO - [2025-09-18T09:48:21.180+0000] {dag.py:3036} INFO - Sync 1 DAGs
[2025-09-18T09:48:21.230+0000] {logging_mixin.py:188} INFO - [2025-09-18T09:48:21.230+0000] {dag.py:3823} INFO - Setting next_dagrun for example_branch_dop_operator_v3 to 2025-09-18 09:47:00+00:00, run_after=2025-09-18 09:48:00+00:00
[2025-09-18T09:48:21.266+0000] {processor.py:183} INFO - Processing /home/airflow/.local/lib/python3.8/site-packages/airflow/example_dags/example_branch_python_dop_operator_3.py took 0.160 seconds
[2025-09-18T09:48:52.107+0000] {processor.py:161} INFO - Started process (PID=277) to work on /home/airflow/.local/lib/python3.8/site-packages/airflow/example_dags/example_branch_python_dop_operator_3.py
[2025-09-18T09:48:52.108+0000] {processor.py:830} INFO - Processing file /home/airflow/.local/lib/python3.8/site-packages/airflow/example_dags/example_branch_python_dop_operator_3.py for tasks to queue
[2025-09-18T09:48:52.112+0000] {logging_mixin.py:188} INFO - [2025-09-18T09:48:52.112+0000] {dagbag.py:538} INFO - Filling up the DagBag from /home/airflow/.local/lib/python3.8/site-packages/airflow/example_dags/example_branch_python_dop_operator_3.py
[2025-09-18T09:48:52.140+0000] {processor.py:840} INFO - DAG(s) 'example_branch_dop_operator_v3' retrieved from /home/airflow/.local/lib/python3.8/site-packages/airflow/example_dags/example_branch_python_dop_operator_3.py
[2025-09-18T09:48:52.211+0000] {logging_mixin.py:188} INFO - [2025-09-18T09:48:52.210+0000] {dag.py:3036} INFO - Sync 1 DAGs
[2025-09-18T09:48:52.273+0000] {logging_mixin.py:188} INFO - [2025-09-18T09:48:52.273+0000] {dag.py:3823} INFO - Setting next_dagrun for example_branch_dop_operator_v3 to 2025-09-18 09:47:00+00:00, run_after=2025-09-18 09:48:00+00:00
[2025-09-18T09:48:52.324+0000] {processor.py:183} INFO - Processing /home/airflow/.local/lib/python3.8/site-packages/airflow/example_dags/example_branch_python_dop_operator_3.py took 0.224 seconds
[2025-09-18T09:49:22.430+0000] {processor.py:161} INFO - Started process (PID=331) to work on /home/airflow/.local/lib/python3.8/site-packages/airflow/example_dags/example_branch_python_dop_operator_3.py
[2025-09-18T09:49:22.432+0000] {processor.py:830} INFO - Processing file /home/airflow/.local/lib/python3.8/site-packages/airflow/example_dags/example_branch_python_dop_operator_3.py for tasks to queue
[2025-09-18T09:49:22.435+0000] {logging_mixin.py:188} INFO - [2025-09-18T09:49:22.435+0000] {dagbag.py:538} INFO - Filling up the DagBag from /home/airflow/.local/lib/python3.8/site-packages/airflow/example_dags/example_branch_python_dop_operator_3.py
[2025-09-18T09:49:22.452+0000] {processor.py:840} INFO - DAG(s) 'example_branch_dop_operator_v3' retrieved from /home/airflow/.local/lib/python3.8/site-packages/airflow/example_dags/example_branch_python_dop_operator_3.py
[2025-09-18T09:49:22.487+0000] {logging_mixin.py:188} INFO - [2025-09-18T09:49:22.486+0000] {dag.py:3036} INFO - Sync 1 DAGs
[2025-09-18T09:49:22.534+0000] {logging_mixin.py:188} INFO - [2025-09-18T09:49:22.533+0000] {dag.py:3823} INFO - Setting next_dagrun for example_branch_dop_operator_v3 to 2025-09-18 09:48:00+00:00, run_after=2025-09-18 09:49:00+00:00
[2025-09-18T09:49:22.577+0000] {processor.py:183} INFO - Processing /home/airflow/.local/lib/python3.8/site-packages/airflow/example_dags/example_branch_python_dop_operator_3.py took 0.153 seconds
[2025-09-18T09:49:52.873+0000] {processor.py:161} INFO - Started process (PID=386) to work on /home/airflow/.local/lib/python3.8/site-packages/airflow/example_dags/example_branch_python_dop_operator_3.py
[2025-09-18T09:49:52.875+0000] {processor.py:830} INFO - Processing file /home/airflow/.local/lib/python3.8/site-packages/airflow/example_dags/example_branch_python_dop_operator_3.py for tasks to queue
[2025-09-18T09:49:52.880+0000] {logging_mixin.py:188} INFO - [2025-09-18T09:49:52.880+0000] {dagbag.py:538} INFO - Filling up the DagBag from /home/airflow/.local/lib/python3.8/site-packages/airflow/example_dags/example_branch_python_dop_operator_3.py
[2025-09-18T09:49:52.899+0000] {processor.py:840} INFO - DAG(s) 'example_branch_dop_operator_v3' retrieved from /home/airflow/.local/lib/python3.8/site-packages/airflow/example_dags/example_branch_python_dop_operator_3.py
[2025-09-18T09:49:52.941+0000] {logging_mixin.py:188} INFO - [2025-09-18T09:49:52.940+0000] {dag.py:3036} INFO - Sync 1 DAGs
[2025-09-18T09:49:52.997+0000] {logging_mixin.py:188} INFO - [2025-09-18T09:49:52.997+0000] {dag.py:3823} INFO - Setting next_dagrun for example_branch_dop_operator_v3 to 2025-09-18 09:48:00+00:00, run_after=2025-09-18 09:49:00+00:00
[2025-09-18T09:49:53.044+0000] {processor.py:183} INFO - Processing /home/airflow/.local/lib/python3.8/site-packages/airflow/example_dags/example_branch_python_dop_operator_3.py took 0.179 seconds
[2025-09-18T09:50:23.246+0000] {processor.py:161} INFO - Started process (PID=441) to work on /home/airflow/.local/lib/python3.8/site-packages/airflow/example_dags/example_branch_python_dop_operator_3.py
[2025-09-18T09:50:23.248+0000] {processor.py:830} INFO - Processing file /home/airflow/.local/lib/python3.8/site-packages/airflow/example_dags/example_branch_python_dop_operator_3.py for tasks to queue
[2025-09-18T09:50:23.252+0000] {logging_mixin.py:188} INFO - [2025-09-18T09:50:23.252+0000] {dagbag.py:538} INFO - Filling up the DagBag from /home/airflow/.local/lib/python3.8/site-packages/airflow/example_dags/example_branch_python_dop_operator_3.py
[2025-09-18T09:50:23.272+0000] {processor.py:840} INFO - DAG(s) 'example_branch_dop_operator_v3' retrieved from /home/airflow/.local/lib/python3.8/site-packages/airflow/example_dags/example_branch_python_dop_operator_3.py
[2025-09-18T09:50:23.308+0000] {logging_mixin.py:188} INFO - [2025-09-18T09:50:23.307+0000] {dag.py:3036} INFO - Sync 1 DAGs
[2025-09-18T09:50:23.358+0000] {logging_mixin.py:188} INFO - [2025-09-18T09:50:23.358+0000] {dag.py:3823} INFO - Setting next_dagrun for example_branch_dop_operator_v3 to 2025-09-18 09:49:00+00:00, run_after=2025-09-18 09:50:00+00:00
[2025-09-18T09:50:23.398+0000] {processor.py:183} INFO - Processing /home/airflow/.local/lib/python3.8/site-packages/airflow/example_dags/example_branch_python_dop_operator_3.py took 0.158 seconds
[2025-09-18T09:50:53.769+0000] {processor.py:161} INFO - Started process (PID=496) to work on /home/airflow/.local/lib/python3.8/site-packages/airflow/example_dags/example_branch_python_dop_operator_3.py
[2025-09-18T09:50:53.771+0000] {processor.py:830} INFO - Processing file /home/airflow/.local/lib/python3.8/site-packages/airflow/example_dags/example_branch_python_dop_operator_3.py for tasks to queue
[2025-09-18T09:50:53.774+0000] {logging_mixin.py:188} INFO - [2025-09-18T09:50:53.773+0000] {dagbag.py:538} INFO - Filling up the DagBag from /home/airflow/.local/lib/python3.8/site-packages/airflow/example_dags/example_branch_python_dop_operator_3.py
[2025-09-18T09:50:53.791+0000] {processor.py:840} INFO - DAG(s) 'example_branch_dop_operator_v3' retrieved from /home/airflow/.local/lib/python3.8/site-packages/airflow/example_dags/example_branch_python_dop_operator_3.py
[2025-09-18T09:50:53.827+0000] {logging_mixin.py:188} INFO - [2025-09-18T09:50:53.826+0000] {dag.py:3036} INFO - Sync 1 DAGs
[2025-09-18T09:50:53.881+0000] {logging_mixin.py:188} INFO - [2025-09-18T09:50:53.880+0000] {dag.py:3823} INFO - Setting next_dagrun for example_branch_dop_operator_v3 to 2025-09-18 09:49:00+00:00, run_after=2025-09-18 09:50:00+00:00
[2025-09-18T09:50:53.924+0000] {processor.py:183} INFO - Processing /home/airflow/.local/lib/python3.8/site-packages/airflow/example_dags/example_branch_python_dop_operator_3.py took 0.163 seconds
[2025-09-18T09:53:58.658+0000] {processor.py:161} INFO - Started process (PID=58) to work on /home/airflow/.local/lib/python3.8/site-packages/airflow/example_dags/example_branch_python_dop_operator_3.py
[2025-09-18T09:53:58.664+0000] {processor.py:830} INFO - Processing file /home/airflow/.local/lib/python3.8/site-packages/airflow/example_dags/example_branch_python_dop_operator_3.py for tasks to queue
[2025-09-18T09:53:58.669+0000] {logging_mixin.py:188} INFO - [2025-09-18T09:53:58.668+0000] {dagbag.py:538} INFO - Filling up the DagBag from /home/airflow/.local/lib/python3.8/site-packages/airflow/example_dags/example_branch_python_dop_operator_3.py
[2025-09-18T09:53:58.721+0000] {processor.py:840} INFO - DAG(s) 'example_branch_dop_operator_v3' retrieved from /home/airflow/.local/lib/python3.8/site-packages/airflow/example_dags/example_branch_python_dop_operator_3.py
[2025-09-18T09:53:59.165+0000] {logging_mixin.py:188} INFO - [2025-09-18T09:53:59.164+0000] {override.py:1769} INFO - Created Permission View: can delete on DAG:example_branch_dop_operator_v3
[2025-09-18T09:53:59.202+0000] {logging_mixin.py:188} INFO - [2025-09-18T09:53:59.201+0000] {override.py:1769} INFO - Created Permission View: can edit on DAG:example_branch_dop_operator_v3
[2025-09-18T09:53:59.219+0000] {logging_mixin.py:188} INFO - [2025-09-18T09:53:59.218+0000] {override.py:1769} INFO - Created Permission View: can read on DAG:example_branch_dop_operator_v3
[2025-09-18T09:53:59.220+0000] {logging_mixin.py:188} INFO - [2025-09-18T09:53:59.220+0000] {dag.py:3036} INFO - Sync 1 DAGs
[2025-09-18T09:53:59.266+0000] {logging_mixin.py:188} INFO - [2025-09-18T09:53:59.265+0000] {dag.py:3058} INFO - Creating ORM DAG for example_branch_dop_operator_v3
[2025-09-18T09:53:59.346+0000] {logging_mixin.py:188} INFO - [2025-09-18T09:53:59.346+0000] {dag.py:3823} INFO - Setting next_dagrun for example_branch_dop_operator_v3 to 2025-09-18 09:52:00+00:00, run_after=2025-09-18 09:53:00+00:00
[2025-09-18T09:53:59.389+0000] {processor.py:183} INFO - Processing /home/airflow/.local/lib/python3.8/site-packages/airflow/example_dags/example_branch_python_dop_operator_3.py took 0.764 seconds
[2025-09-18T09:54:30.249+0000] {processor.py:161} INFO - Started process (PID=113) to work on /home/airflow/.local/lib/python3.8/site-packages/airflow/example_dags/example_branch_python_dop_operator_3.py
[2025-09-18T09:54:30.251+0000] {processor.py:830} INFO - Processing file /home/airflow/.local/lib/python3.8/site-packages/airflow/example_dags/example_branch_python_dop_operator_3.py for tasks to queue
[2025-09-18T09:54:30.256+0000] {logging_mixin.py:188} INFO - [2025-09-18T09:54:30.255+0000] {dagbag.py:538} INFO - Filling up the DagBag from /home/airflow/.local/lib/python3.8/site-packages/airflow/example_dags/example_branch_python_dop_operator_3.py
[2025-09-18T09:54:30.283+0000] {processor.py:840} INFO - DAG(s) 'example_branch_dop_operator_v3' retrieved from /home/airflow/.local/lib/python3.8/site-packages/airflow/example_dags/example_branch_python_dop_operator_3.py
[2025-09-18T09:54:30.328+0000] {logging_mixin.py:188} INFO - [2025-09-18T09:54:30.328+0000] {dag.py:3036} INFO - Sync 1 DAGs
[2025-09-18T09:54:30.387+0000] {logging_mixin.py:188} INFO - [2025-09-18T09:54:30.387+0000] {dag.py:3823} INFO - Setting next_dagrun for example_branch_dop_operator_v3 to 2025-09-18 09:53:00+00:00, run_after=2025-09-18 09:54:00+00:00
[2025-09-18T09:54:30.428+0000] {processor.py:183} INFO - Processing /home/airflow/.local/lib/python3.8/site-packages/airflow/example_dags/example_branch_python_dop_operator_3.py took 0.187 seconds
[2025-09-18T09:55:00.675+0000] {processor.py:161} INFO - Started process (PID=169) to work on /home/airflow/.local/lib/python3.8/site-packages/airflow/example_dags/example_branch_python_dop_operator_3.py
[2025-09-18T09:55:00.677+0000] {processor.py:830} INFO - Processing file /home/airflow/.local/lib/python3.8/site-packages/airflow/example_dags/example_branch_python_dop_operator_3.py for tasks to queue
[2025-09-18T09:55:00.681+0000] {logging_mixin.py:188} INFO - [2025-09-18T09:55:00.680+0000] {dagbag.py:538} INFO - Filling up the DagBag from /home/airflow/.local/lib/python3.8/site-packages/airflow/example_dags/example_branch_python_dop_operator_3.py
[2025-09-18T09:55:00.697+0000] {processor.py:840} INFO - DAG(s) 'example_branch_dop_operator_v3' retrieved from /home/airflow/.local/lib/python3.8/site-packages/airflow/example_dags/example_branch_python_dop_operator_3.py
[2025-09-18T09:55:00.735+0000] {logging_mixin.py:188} INFO - [2025-09-18T09:55:00.734+0000] {dag.py:3036} INFO - Sync 1 DAGs
[2025-09-18T09:55:00.791+0000] {logging_mixin.py:188} INFO - [2025-09-18T09:55:00.790+0000] {dag.py:3823} INFO - Setting next_dagrun for example_branch_dop_operator_v3 to 2025-09-18 09:54:00+00:00, run_after=2025-09-18 09:55:00+00:00
[2025-09-18T09:55:00.836+0000] {processor.py:183} INFO - Processing /home/airflow/.local/lib/python3.8/site-packages/airflow/example_dags/example_branch_python_dop_operator_3.py took 0.168 seconds
[2025-09-18T09:55:31.635+0000] {processor.py:161} INFO - Started process (PID=224) to work on /home/airflow/.local/lib/python3.8/site-packages/airflow/example_dags/example_branch_python_dop_operator_3.py
[2025-09-18T09:55:31.638+0000] {processor.py:830} INFO - Processing file /home/airflow/.local/lib/python3.8/site-packages/airflow/example_dags/example_branch_python_dop_operator_3.py for tasks to queue
[2025-09-18T09:55:31.643+0000] {logging_mixin.py:188} INFO - [2025-09-18T09:55:31.642+0000] {dagbag.py:538} INFO - Filling up the DagBag from /home/airflow/.local/lib/python3.8/site-packages/airflow/example_dags/example_branch_python_dop_operator_3.py
[2025-09-18T09:55:31.663+0000] {processor.py:840} INFO - DAG(s) 'example_branch_dop_operator_v3' retrieved from /home/airflow/.local/lib/python3.8/site-packages/airflow/example_dags/example_branch_python_dop_operator_3.py
[2025-09-18T09:55:31.714+0000] {logging_mixin.py:188} INFO - [2025-09-18T09:55:31.713+0000] {dag.py:3036} INFO - Sync 1 DAGs
[2025-09-18T09:55:31.851+0000] {logging_mixin.py:188} INFO - [2025-09-18T09:55:31.850+0000] {dag.py:3823} INFO - Setting next_dagrun for example_branch_dop_operator_v3 to 2025-09-18 09:54:00+00:00, run_after=2025-09-18 09:55:00+00:00
[2025-09-18T09:55:31.955+0000] {processor.py:183} INFO - Processing /home/airflow/.local/lib/python3.8/site-packages/airflow/example_dags/example_branch_python_dop_operator_3.py took 0.330 seconds
[2025-09-18T09:56:02.056+0000] {processor.py:161} INFO - Started process (PID=279) to work on /home/airflow/.local/lib/python3.8/site-packages/airflow/example_dags/example_branch_python_dop_operator_3.py
[2025-09-18T09:56:02.057+0000] {processor.py:830} INFO - Processing file /home/airflow/.local/lib/python3.8/site-packages/airflow/example_dags/example_branch_python_dop_operator_3.py for tasks to queue
[2025-09-18T09:56:02.062+0000] {logging_mixin.py:188} INFO - [2025-09-18T09:56:02.061+0000] {dagbag.py:538} INFO - Filling up the DagBag from /home/airflow/.local/lib/python3.8/site-packages/airflow/example_dags/example_branch_python_dop_operator_3.py
[2025-09-18T09:56:02.078+0000] {processor.py:840} INFO - DAG(s) 'example_branch_dop_operator_v3' retrieved from /home/airflow/.local/lib/python3.8/site-packages/airflow/example_dags/example_branch_python_dop_operator_3.py
[2025-09-18T09:56:02.116+0000] {logging_mixin.py:188} INFO - [2025-09-18T09:56:02.116+0000] {dag.py:3036} INFO - Sync 1 DAGs
[2025-09-18T09:56:02.169+0000] {logging_mixin.py:188} INFO - [2025-09-18T09:56:02.168+0000] {dag.py:3823} INFO - Setting next_dagrun for example_branch_dop_operator_v3 to 2025-09-18 09:55:00+00:00, run_after=2025-09-18 09:56:00+00:00
[2025-09-18T09:56:02.214+0000] {processor.py:183} INFO - Processing /home/airflow/.local/lib/python3.8/site-packages/airflow/example_dags/example_branch_python_dop_operator_3.py took 0.165 seconds
[2025-09-18T09:56:32.408+0000] {processor.py:161} INFO - Started process (PID=334) to work on /home/airflow/.local/lib/python3.8/site-packages/airflow/example_dags/example_branch_python_dop_operator_3.py
[2025-09-18T09:56:32.415+0000] {processor.py:830} INFO - Processing file /home/airflow/.local/lib/python3.8/site-packages/airflow/example_dags/example_branch_python_dop_operator_3.py for tasks to queue
[2025-09-18T09:56:32.419+0000] {logging_mixin.py:188} INFO - [2025-09-18T09:56:32.418+0000] {dagbag.py:538} INFO - Filling up the DagBag from /home/airflow/.local/lib/python3.8/site-packages/airflow/example_dags/example_branch_python_dop_operator_3.py
[2025-09-18T09:56:32.436+0000] {processor.py:840} INFO - DAG(s) 'example_branch_dop_operator_v3' retrieved from /home/airflow/.local/lib/python3.8/site-packages/airflow/example_dags/example_branch_python_dop_operator_3.py
[2025-09-18T09:56:32.473+0000] {logging_mixin.py:188} INFO - [2025-09-18T09:56:32.473+0000] {dag.py:3036} INFO - Sync 1 DAGs
[2025-09-18T09:56:32.523+0000] {logging_mixin.py:188} INFO - [2025-09-18T09:56:32.523+0000] {dag.py:3823} INFO - Setting next_dagrun for example_branch_dop_operator_v3 to 2025-09-18 09:55:00+00:00, run_after=2025-09-18 09:56:00+00:00
[2025-09-18T09:56:32.559+0000] {processor.py:183} INFO - Processing /home/airflow/.local/lib/python3.8/site-packages/airflow/example_dags/example_branch_python_dop_operator_3.py took 0.157 seconds
[2025-09-18T09:57:03.143+0000] {processor.py:161} INFO - Started process (PID=389) to work on /home/airflow/.local/lib/python3.8/site-packages/airflow/example_dags/example_branch_python_dop_operator_3.py
[2025-09-18T09:57:03.145+0000] {processor.py:830} INFO - Processing file /home/airflow/.local/lib/python3.8/site-packages/airflow/example_dags/example_branch_python_dop_operator_3.py for tasks to queue
[2025-09-18T09:57:03.149+0000] {logging_mixin.py:188} INFO - [2025-09-18T09:57:03.148+0000] {dagbag.py:538} INFO - Filling up the DagBag from /home/airflow/.local/lib/python3.8/site-packages/airflow/example_dags/example_branch_python_dop_operator_3.py
[2025-09-18T09:57:03.166+0000] {processor.py:840} INFO - DAG(s) 'example_branch_dop_operator_v3' retrieved from /home/airflow/.local/lib/python3.8/site-packages/airflow/example_dags/example_branch_python_dop_operator_3.py
[2025-09-18T09:57:03.203+0000] {logging_mixin.py:188} INFO - [2025-09-18T09:57:03.202+0000] {dag.py:3036} INFO - Sync 1 DAGs
[2025-09-18T09:57:03.251+0000] {logging_mixin.py:188} INFO - [2025-09-18T09:57:03.250+0000] {dag.py:3823} INFO - Setting next_dagrun for example_branch_dop_operator_v3 to 2025-09-18 09:56:00+00:00, run_after=2025-09-18 09:57:00+00:00
[2025-09-18T09:57:03.290+0000] {processor.py:183} INFO - Processing /home/airflow/.local/lib/python3.8/site-packages/airflow/example_dags/example_branch_python_dop_operator_3.py took 0.152 seconds
[2025-09-18T09:57:33.607+0000] {processor.py:161} INFO - Started process (PID=444) to work on /home/airflow/.local/lib/python3.8/site-packages/airflow/example_dags/example_branch_python_dop_operator_3.py
[2025-09-18T09:57:33.610+0000] {processor.py:830} INFO - Processing file /home/airflow/.local/lib/python3.8/site-packages/airflow/example_dags/example_branch_python_dop_operator_3.py for tasks to queue
[2025-09-18T09:57:33.613+0000] {logging_mixin.py:188} INFO - [2025-09-18T09:57:33.612+0000] {dagbag.py:538} INFO - Filling up the DagBag from /home/airflow/.local/lib/python3.8/site-packages/airflow/example_dags/example_branch_python_dop_operator_3.py
[2025-09-18T09:57:33.632+0000] {processor.py:840} INFO - DAG(s) 'example_branch_dop_operator_v3' retrieved from /home/airflow/.local/lib/python3.8/site-packages/airflow/example_dags/example_branch_python_dop_operator_3.py
[2025-09-18T09:57:33.670+0000] {logging_mixin.py:188} INFO - [2025-09-18T09:57:33.670+0000] {dag.py:3036} INFO - Sync 1 DAGs
[2025-09-18T09:57:33.721+0000] {logging_mixin.py:188} INFO - [2025-09-18T09:57:33.720+0000] {dag.py:3823} INFO - Setting next_dagrun for example_branch_dop_operator_v3 to 2025-09-18 09:56:00+00:00, run_after=2025-09-18 09:57:00+00:00
[2025-09-18T09:57:33.763+0000] {processor.py:183} INFO - Processing /home/airflow/.local/lib/python3.8/site-packages/airflow/example_dags/example_branch_python_dop_operator_3.py took 0.162 seconds
[2025-09-18T09:58:03.888+0000] {processor.py:161} INFO - Started process (PID=499) to work on /home/airflow/.local/lib/python3.8/site-packages/airflow/example_dags/example_branch_python_dop_operator_3.py
[2025-09-18T09:58:03.890+0000] {processor.py:830} INFO - Processing file /home/airflow/.local/lib/python3.8/site-packages/airflow/example_dags/example_branch_python_dop_operator_3.py for tasks to queue
[2025-09-18T09:58:03.894+0000] {logging_mixin.py:188} INFO - [2025-09-18T09:58:03.893+0000] {dagbag.py:538} INFO - Filling up the DagBag from /home/airflow/.local/lib/python3.8/site-packages/airflow/example_dags/example_branch_python_dop_operator_3.py
[2025-09-18T09:58:03.909+0000] {processor.py:840} INFO - DAG(s) 'example_branch_dop_operator_v3' retrieved from /home/airflow/.local/lib/python3.8/site-packages/airflow/example_dags/example_branch_python_dop_operator_3.py
[2025-09-18T09:58:03.945+0000] {logging_mixin.py:188} INFO - [2025-09-18T09:58:03.944+0000] {dag.py:3036} INFO - Sync 1 DAGs
[2025-09-18T09:58:03.993+0000] {logging_mixin.py:188} INFO - [2025-09-18T09:58:03.993+0000] {dag.py:3823} INFO - Setting next_dagrun for example_branch_dop_operator_v3 to 2025-09-18 09:57:00+00:00, run_after=2025-09-18 09:58:00+00:00
[2025-09-18T09:58:04.032+0000] {processor.py:183} INFO - Processing /home/airflow/.local/lib/python3.8/site-packages/airflow/example_dags/example_branch_python_dop_operator_3.py took 0.149 seconds
[2025-09-18T09:58:34.093+0000] {processor.py:161} INFO - Started process (PID=554) to work on /home/airflow/.local/lib/python3.8/site-packages/airflow/example_dags/example_branch_python_dop_operator_3.py
[2025-09-18T09:58:34.095+0000] {processor.py:830} INFO - Processing file /home/airflow/.local/lib/python3.8/site-packages/airflow/example_dags/example_branch_python_dop_operator_3.py for tasks to queue
[2025-09-18T09:58:34.099+0000] {logging_mixin.py:188} INFO - [2025-09-18T09:58:34.098+0000] {dagbag.py:538} INFO - Filling up the DagBag from /home/airflow/.local/lib/python3.8/site-packages/airflow/example_dags/example_branch_python_dop_operator_3.py
[2025-09-18T09:58:34.115+0000] {processor.py:840} INFO - DAG(s) 'example_branch_dop_operator_v3' retrieved from /home/airflow/.local/lib/python3.8/site-packages/airflow/example_dags/example_branch_python_dop_operator_3.py
[2025-09-18T09:58:34.152+0000] {logging_mixin.py:188} INFO - [2025-09-18T09:58:34.151+0000] {dag.py:3036} INFO - Sync 1 DAGs
[2025-09-18T09:58:34.201+0000] {logging_mixin.py:188} INFO - [2025-09-18T09:58:34.200+0000] {dag.py:3823} INFO - Setting next_dagrun for example_branch_dop_operator_v3 to 2025-09-18 09:57:00+00:00, run_after=2025-09-18 09:58:00+00:00
[2025-09-18T09:58:34.239+0000] {processor.py:183} INFO - Processing /home/airflow/.local/lib/python3.8/site-packages/airflow/example_dags/example_branch_python_dop_operator_3.py took 0.152 seconds
[2025-09-18T09:59:04.985+0000] {processor.py:161} INFO - Started process (PID=609) to work on /home/airflow/.local/lib/python3.8/site-packages/airflow/example_dags/example_branch_python_dop_operator_3.py
[2025-09-18T09:59:04.988+0000] {processor.py:830} INFO - Processing file /home/airflow/.local/lib/python3.8/site-packages/airflow/example_dags/example_branch_python_dop_operator_3.py for tasks to queue
[2025-09-18T09:59:04.997+0000] {logging_mixin.py:188} INFO - [2025-09-18T09:59:04.996+0000] {dagbag.py:538} INFO - Filling up the DagBag from /home/airflow/.local/lib/python3.8/site-packages/airflow/example_dags/example_branch_python_dop_operator_3.py
[2025-09-18T09:59:05.034+0000] {processor.py:840} INFO - DAG(s) 'example_branch_dop_operator_v3' retrieved from /home/airflow/.local/lib/python3.8/site-packages/airflow/example_dags/example_branch_python_dop_operator_3.py
[2025-09-18T09:59:05.091+0000] {logging_mixin.py:188} INFO - [2025-09-18T09:59:05.091+0000] {dag.py:3036} INFO - Sync 1 DAGs
[2025-09-18T09:59:05.205+0000] {logging_mixin.py:188} INFO - [2025-09-18T09:59:05.205+0000] {dag.py:3823} INFO - Setting next_dagrun for example_branch_dop_operator_v3 to 2025-09-18 09:58:00+00:00, run_after=2025-09-18 09:59:00+00:00
[2025-09-18T09:59:05.316+0000] {processor.py:183} INFO - Processing /home/airflow/.local/lib/python3.8/site-packages/airflow/example_dags/example_branch_python_dop_operator_3.py took 0.340 seconds
[2025-09-18T09:59:36.237+0000] {processor.py:161} INFO - Started process (PID=664) to work on /home/airflow/.local/lib/python3.8/site-packages/airflow/example_dags/example_branch_python_dop_operator_3.py
[2025-09-18T09:59:36.240+0000] {processor.py:830} INFO - Processing file /home/airflow/.local/lib/python3.8/site-packages/airflow/example_dags/example_branch_python_dop_operator_3.py for tasks to queue
[2025-09-18T09:59:36.244+0000] {logging_mixin.py:188} INFO - [2025-09-18T09:59:36.244+0000] {dagbag.py:538} INFO - Filling up the DagBag from /home/airflow/.local/lib/python3.8/site-packages/airflow/example_dags/example_branch_python_dop_operator_3.py
[2025-09-18T09:59:36.263+0000] {processor.py:840} INFO - DAG(s) 'example_branch_dop_operator_v3' retrieved from /home/airflow/.local/lib/python3.8/site-packages/airflow/example_dags/example_branch_python_dop_operator_3.py
[2025-09-18T09:59:36.314+0000] {logging_mixin.py:188} INFO - [2025-09-18T09:59:36.314+0000] {dag.py:3036} INFO - Sync 1 DAGs
[2025-09-18T09:59:36.369+0000] {logging_mixin.py:188} INFO - [2025-09-18T09:59:36.369+0000] {dag.py:3823} INFO - Setting next_dagrun for example_branch_dop_operator_v3 to 2025-09-18 09:58:00+00:00, run_after=2025-09-18 09:59:00+00:00
[2025-09-18T09:59:36.418+0000] {processor.py:183} INFO - Processing /home/airflow/.local/lib/python3.8/site-packages/airflow/example_dags/example_branch_python_dop_operator_3.py took 0.188 seconds
[2025-09-18T10:00:07.066+0000] {processor.py:161} INFO - Started process (PID=719) to work on /home/airflow/.local/lib/python3.8/site-packages/airflow/example_dags/example_branch_python_dop_operator_3.py
[2025-09-18T10:00:07.068+0000] {processor.py:830} INFO - Processing file /home/airflow/.local/lib/python3.8/site-packages/airflow/example_dags/example_branch_python_dop_operator_3.py for tasks to queue
[2025-09-18T10:00:07.073+0000] {logging_mixin.py:188} INFO - [2025-09-18T10:00:07.072+0000] {dagbag.py:538} INFO - Filling up the DagBag from /home/airflow/.local/lib/python3.8/site-packages/airflow/example_dags/example_branch_python_dop_operator_3.py
[2025-09-18T10:00:07.098+0000] {processor.py:840} INFO - DAG(s) 'example_branch_dop_operator_v3' retrieved from /home/airflow/.local/lib/python3.8/site-packages/airflow/example_dags/example_branch_python_dop_operator_3.py
[2025-09-18T10:00:07.147+0000] {logging_mixin.py:188} INFO - [2025-09-18T10:00:07.146+0000] {dag.py:3036} INFO - Sync 1 DAGs
[2025-09-18T10:00:07.254+0000] {logging_mixin.py:188} INFO - [2025-09-18T10:00:07.254+0000] {dag.py:3823} INFO - Setting next_dagrun for example_branch_dop_operator_v3 to 2025-09-18 09:59:00+00:00, run_after=2025-09-18 10:00:00+00:00
[2025-09-18T10:00:07.304+0000] {processor.py:183} INFO - Processing /home/airflow/.local/lib/python3.8/site-packages/airflow/example_dags/example_branch_python_dop_operator_3.py took 0.243 seconds
[2025-09-18T10:00:37.660+0000] {processor.py:161} INFO - Started process (PID=779) to work on /home/airflow/.local/lib/python3.8/site-packages/airflow/example_dags/example_branch_python_dop_operator_3.py
[2025-09-18T10:00:37.662+0000] {processor.py:830} INFO - Processing file /home/airflow/.local/lib/python3.8/site-packages/airflow/example_dags/example_branch_python_dop_operator_3.py for tasks to queue
[2025-09-18T10:00:37.666+0000] {logging_mixin.py:188} INFO - [2025-09-18T10:00:37.665+0000] {dagbag.py:538} INFO - Filling up the DagBag from /home/airflow/.local/lib/python3.8/site-packages/airflow/example_dags/example_branch_python_dop_operator_3.py
[2025-09-18T10:00:37.681+0000] {processor.py:840} INFO - DAG(s) 'example_branch_dop_operator_v3' retrieved from /home/airflow/.local/lib/python3.8/site-packages/airflow/example_dags/example_branch_python_dop_operator_3.py
[2025-09-18T10:00:37.716+0000] {logging_mixin.py:188} INFO - [2025-09-18T10:00:37.716+0000] {dag.py:3036} INFO - Sync 1 DAGs
[2025-09-18T10:00:37.774+0000] {logging_mixin.py:188} INFO - [2025-09-18T10:00:37.773+0000] {dag.py:3823} INFO - Setting next_dagrun for example_branch_dop_operator_v3 to 2025-09-18 09:59:00+00:00, run_after=2025-09-18 10:00:00+00:00
[2025-09-18T10:00:37.817+0000] {processor.py:183} INFO - Processing /home/airflow/.local/lib/python3.8/site-packages/airflow/example_dags/example_branch_python_dop_operator_3.py took 0.163 seconds
[2025-09-18T10:01:08.642+0000] {processor.py:161} INFO - Started process (PID=835) to work on /home/airflow/.local/lib/python3.8/site-packages/airflow/example_dags/example_branch_python_dop_operator_3.py
[2025-09-18T10:01:08.645+0000] {processor.py:830} INFO - Processing file /home/airflow/.local/lib/python3.8/site-packages/airflow/example_dags/example_branch_python_dop_operator_3.py for tasks to queue
[2025-09-18T10:01:08.648+0000] {logging_mixin.py:188} INFO - [2025-09-18T10:01:08.648+0000] {dagbag.py:538} INFO - Filling up the DagBag from /home/airflow/.local/lib/python3.8/site-packages/airflow/example_dags/example_branch_python_dop_operator_3.py
[2025-09-18T10:01:08.664+0000] {processor.py:840} INFO - DAG(s) 'example_branch_dop_operator_v3' retrieved from /home/airflow/.local/lib/python3.8/site-packages/airflow/example_dags/example_branch_python_dop_operator_3.py
[2025-09-18T10:01:08.699+0000] {logging_mixin.py:188} INFO - [2025-09-18T10:01:08.698+0000] {dag.py:3036} INFO - Sync 1 DAGs
[2025-09-18T10:01:08.745+0000] {logging_mixin.py:188} INFO - [2025-09-18T10:01:08.744+0000] {dag.py:3823} INFO - Setting next_dagrun for example_branch_dop_operator_v3 to 2025-09-18 10:00:00+00:00, run_after=2025-09-18 10:01:00+00:00
[2025-09-18T10:01:08.785+0000] {processor.py:183} INFO - Processing /home/airflow/.local/lib/python3.8/site-packages/airflow/example_dags/example_branch_python_dop_operator_3.py took 0.151 seconds
[2025-09-18T10:01:39.070+0000] {processor.py:161} INFO - Started process (PID=889) to work on /home/airflow/.local/lib/python3.8/site-packages/airflow/example_dags/example_branch_python_dop_operator_3.py
[2025-09-18T10:01:39.073+0000] {processor.py:830} INFO - Processing file /home/airflow/.local/lib/python3.8/site-packages/airflow/example_dags/example_branch_python_dop_operator_3.py for tasks to queue
[2025-09-18T10:01:39.076+0000] {logging_mixin.py:188} INFO - [2025-09-18T10:01:39.075+0000] {dagbag.py:538} INFO - Filling up the DagBag from /home/airflow/.local/lib/python3.8/site-packages/airflow/example_dags/example_branch_python_dop_operator_3.py
[2025-09-18T10:01:39.094+0000] {processor.py:840} INFO - DAG(s) 'example_branch_dop_operator_v3' retrieved from /home/airflow/.local/lib/python3.8/site-packages/airflow/example_dags/example_branch_python_dop_operator_3.py
[2025-09-18T10:01:39.134+0000] {logging_mixin.py:188} INFO - [2025-09-18T10:01:39.134+0000] {dag.py:3036} INFO - Sync 1 DAGs
[2025-09-18T10:01:39.182+0000] {logging_mixin.py:188} INFO - [2025-09-18T10:01:39.181+0000] {dag.py:3823} INFO - Setting next_dagrun for example_branch_dop_operator_v3 to 2025-09-18 10:00:00+00:00, run_after=2025-09-18 10:01:00+00:00
[2025-09-18T10:01:39.220+0000] {processor.py:183} INFO - Processing /home/airflow/.local/lib/python3.8/site-packages/airflow/example_dags/example_branch_python_dop_operator_3.py took 0.155 seconds
[2025-09-18T10:02:09.483+0000] {processor.py:161} INFO - Started process (PID=944) to work on /home/airflow/.local/lib/python3.8/site-packages/airflow/example_dags/example_branch_python_dop_operator_3.py
[2025-09-18T10:02:09.485+0000] {processor.py:830} INFO - Processing file /home/airflow/.local/lib/python3.8/site-packages/airflow/example_dags/example_branch_python_dop_operator_3.py for tasks to queue
[2025-09-18T10:02:09.489+0000] {logging_mixin.py:188} INFO - [2025-09-18T10:02:09.488+0000] {dagbag.py:538} INFO - Filling up the DagBag from /home/airflow/.local/lib/python3.8/site-packages/airflow/example_dags/example_branch_python_dop_operator_3.py
[2025-09-18T10:02:09.505+0000] {processor.py:840} INFO - DAG(s) 'example_branch_dop_operator_v3' retrieved from /home/airflow/.local/lib/python3.8/site-packages/airflow/example_dags/example_branch_python_dop_operator_3.py
[2025-09-18T10:02:09.544+0000] {logging_mixin.py:188} INFO - [2025-09-18T10:02:09.544+0000] {dag.py:3036} INFO - Sync 1 DAGs
[2025-09-18T10:02:09.597+0000] {logging_mixin.py:188} INFO - [2025-09-18T10:02:09.597+0000] {dag.py:3823} INFO - Setting next_dagrun for example_branch_dop_operator_v3 to 2025-09-18 10:01:00+00:00, run_after=2025-09-18 10:02:00+00:00
[2025-09-18T10:02:09.643+0000] {processor.py:183} INFO - Processing /home/airflow/.local/lib/python3.8/site-packages/airflow/example_dags/example_branch_python_dop_operator_3.py took 0.167 seconds
[2025-09-18T10:02:40.159+0000] {processor.py:161} INFO - Started process (PID=999) to work on /home/airflow/.local/lib/python3.8/site-packages/airflow/example_dags/example_branch_python_dop_operator_3.py
[2025-09-18T10:02:40.161+0000] {processor.py:830} INFO - Processing file /home/airflow/.local/lib/python3.8/site-packages/airflow/example_dags/example_branch_python_dop_operator_3.py for tasks to queue
[2025-09-18T10:02:40.166+0000] {logging_mixin.py:188} INFO - [2025-09-18T10:02:40.165+0000] {dagbag.py:538} INFO - Filling up the DagBag from /home/airflow/.local/lib/python3.8/site-packages/airflow/example_dags/example_branch_python_dop_operator_3.py
[2025-09-18T10:02:40.185+0000] {processor.py:840} INFO - DAG(s) 'example_branch_dop_operator_v3' retrieved from /home/airflow/.local/lib/python3.8/site-packages/airflow/example_dags/example_branch_python_dop_operator_3.py
[2025-09-18T10:02:40.232+0000] {logging_mixin.py:188} INFO - [2025-09-18T10:02:40.232+0000] {dag.py:3036} INFO - Sync 1 DAGs
[2025-09-18T10:02:40.292+0000] {logging_mixin.py:188} INFO - [2025-09-18T10:02:40.292+0000] {dag.py:3823} INFO - Setting next_dagrun for example_branch_dop_operator_v3 to 2025-09-18 10:01:00+00:00, run_after=2025-09-18 10:02:00+00:00
[2025-09-18T10:02:40.338+0000] {processor.py:183} INFO - Processing /home/airflow/.local/lib/python3.8/site-packages/airflow/example_dags/example_branch_python_dop_operator_3.py took 0.185 seconds
[2025-09-18T10:03:10.700+0000] {processor.py:161} INFO - Started process (PID=1054) to work on /home/airflow/.local/lib/python3.8/site-packages/airflow/example_dags/example_branch_python_dop_operator_3.py
[2025-09-18T10:03:10.701+0000] {processor.py:830} INFO - Processing file /home/airflow/.local/lib/python3.8/site-packages/airflow/example_dags/example_branch_python_dop_operator_3.py for tasks to queue
[2025-09-18T10:03:10.705+0000] {logging_mixin.py:188} INFO - [2025-09-18T10:03:10.704+0000] {dagbag.py:538} INFO - Filling up the DagBag from /home/airflow/.local/lib/python3.8/site-packages/airflow/example_dags/example_branch_python_dop_operator_3.py
[2025-09-18T10:03:10.720+0000] {processor.py:840} INFO - DAG(s) 'example_branch_dop_operator_v3' retrieved from /home/airflow/.local/lib/python3.8/site-packages/airflow/example_dags/example_branch_python_dop_operator_3.py
[2025-09-18T10:03:10.755+0000] {logging_mixin.py:188} INFO - [2025-09-18T10:03:10.754+0000] {dag.py:3036} INFO - Sync 1 DAGs
[2025-09-18T10:03:10.808+0000] {logging_mixin.py:188} INFO - [2025-09-18T10:03:10.808+0000] {dag.py:3823} INFO - Setting next_dagrun for example_branch_dop_operator_v3 to 2025-09-18 10:02:00+00:00, run_after=2025-09-18 10:03:00+00:00
[2025-09-18T10:03:10.849+0000] {processor.py:183} INFO - Processing /home/airflow/.local/lib/python3.8/site-packages/airflow/example_dags/example_branch_python_dop_operator_3.py took 0.155 seconds
[2025-09-18T10:03:40.998+0000] {processor.py:161} INFO - Started process (PID=1109) to work on /home/airflow/.local/lib/python3.8/site-packages/airflow/example_dags/example_branch_python_dop_operator_3.py
[2025-09-18T10:03:41.000+0000] {processor.py:830} INFO - Processing file /home/airflow/.local/lib/python3.8/site-packages/airflow/example_dags/example_branch_python_dop_operator_3.py for tasks to queue
[2025-09-18T10:03:41.003+0000] {logging_mixin.py:188} INFO - [2025-09-18T10:03:41.003+0000] {dagbag.py:538} INFO - Filling up the DagBag from /home/airflow/.local/lib/python3.8/site-packages/airflow/example_dags/example_branch_python_dop_operator_3.py
[2025-09-18T10:03:41.022+0000] {processor.py:840} INFO - DAG(s) 'example_branch_dop_operator_v3' retrieved from /home/airflow/.local/lib/python3.8/site-packages/airflow/example_dags/example_branch_python_dop_operator_3.py
[2025-09-18T10:03:41.067+0000] {logging_mixin.py:188} INFO - [2025-09-18T10:03:41.066+0000] {dag.py:3036} INFO - Sync 1 DAGs
[2025-09-18T10:03:41.120+0000] {logging_mixin.py:188} INFO - [2025-09-18T10:03:41.120+0000] {dag.py:3823} INFO - Setting next_dagrun for example_branch_dop_operator_v3 to 2025-09-18 10:02:00+00:00, run_after=2025-09-18 10:03:00+00:00
[2025-09-18T10:03:41.161+0000] {processor.py:183} INFO - Processing /home/airflow/.local/lib/python3.8/site-packages/airflow/example_dags/example_branch_python_dop_operator_3.py took 0.169 seconds
[2025-09-18T10:04:11.268+0000] {processor.py:161} INFO - Started process (PID=1164) to work on /home/airflow/.local/lib/python3.8/site-packages/airflow/example_dags/example_branch_python_dop_operator_3.py
[2025-09-18T10:04:11.271+0000] {processor.py:830} INFO - Processing file /home/airflow/.local/lib/python3.8/site-packages/airflow/example_dags/example_branch_python_dop_operator_3.py for tasks to queue
[2025-09-18T10:04:11.274+0000] {logging_mixin.py:188} INFO - [2025-09-18T10:04:11.273+0000] {dagbag.py:538} INFO - Filling up the DagBag from /home/airflow/.local/lib/python3.8/site-packages/airflow/example_dags/example_branch_python_dop_operator_3.py
[2025-09-18T10:04:11.297+0000] {processor.py:840} INFO - DAG(s) 'example_branch_dop_operator_v3' retrieved from /home/airflow/.local/lib/python3.8/site-packages/airflow/example_dags/example_branch_python_dop_operator_3.py
[2025-09-18T10:04:11.336+0000] {logging_mixin.py:188} INFO - [2025-09-18T10:04:11.335+0000] {dag.py:3036} INFO - Sync 1 DAGs
[2025-09-18T10:04:11.389+0000] {logging_mixin.py:188} INFO - [2025-09-18T10:04:11.389+0000] {dag.py:3823} INFO - Setting next_dagrun for example_branch_dop_operator_v3 to 2025-09-18 10:03:00+00:00, run_after=2025-09-18 10:04:00+00:00
[2025-09-18T10:04:11.435+0000] {processor.py:183} INFO - Processing /home/airflow/.local/lib/python3.8/site-packages/airflow/example_dags/example_branch_python_dop_operator_3.py took 0.174 seconds
[2025-09-18T10:04:41.768+0000] {processor.py:161} INFO - Started process (PID=1219) to work on /home/airflow/.local/lib/python3.8/site-packages/airflow/example_dags/example_branch_python_dop_operator_3.py
[2025-09-18T10:04:41.770+0000] {processor.py:830} INFO - Processing file /home/airflow/.local/lib/python3.8/site-packages/airflow/example_dags/example_branch_python_dop_operator_3.py for tasks to queue
[2025-09-18T10:04:41.775+0000] {logging_mixin.py:188} INFO - [2025-09-18T10:04:41.774+0000] {dagbag.py:538} INFO - Filling up the DagBag from /home/airflow/.local/lib/python3.8/site-packages/airflow/example_dags/example_branch_python_dop_operator_3.py
[2025-09-18T10:04:41.792+0000] {processor.py:840} INFO - DAG(s) 'example_branch_dop_operator_v3' retrieved from /home/airflow/.local/lib/python3.8/site-packages/airflow/example_dags/example_branch_python_dop_operator_3.py
[2025-09-18T10:04:41.829+0000] {logging_mixin.py:188} INFO - [2025-09-18T10:04:41.829+0000] {dag.py:3036} INFO - Sync 1 DAGs
[2025-09-18T10:04:41.879+0000] {logging_mixin.py:188} INFO - [2025-09-18T10:04:41.878+0000] {dag.py:3823} INFO - Setting next_dagrun for example_branch_dop_operator_v3 to 2025-09-18 10:03:00+00:00, run_after=2025-09-18 10:04:00+00:00
[2025-09-18T10:04:41.918+0000] {processor.py:183} INFO - Processing /home/airflow/.local/lib/python3.8/site-packages/airflow/example_dags/example_branch_python_dop_operator_3.py took 0.156 seconds
[2025-09-18T10:05:12.205+0000] {processor.py:161} INFO - Started process (PID=1274) to work on /home/airflow/.local/lib/python3.8/site-packages/airflow/example_dags/example_branch_python_dop_operator_3.py
[2025-09-18T10:05:12.207+0000] {processor.py:830} INFO - Processing file /home/airflow/.local/lib/python3.8/site-packages/airflow/example_dags/example_branch_python_dop_operator_3.py for tasks to queue
[2025-09-18T10:05:12.211+0000] {logging_mixin.py:188} INFO - [2025-09-18T10:05:12.210+0000] {dagbag.py:538} INFO - Filling up the DagBag from /home/airflow/.local/lib/python3.8/site-packages/airflow/example_dags/example_branch_python_dop_operator_3.py
[2025-09-18T10:05:12.226+0000] {processor.py:840} INFO - DAG(s) 'example_branch_dop_operator_v3' retrieved from /home/airflow/.local/lib/python3.8/site-packages/airflow/example_dags/example_branch_python_dop_operator_3.py
[2025-09-18T10:05:12.261+0000] {logging_mixin.py:188} INFO - [2025-09-18T10:05:12.261+0000] {dag.py:3036} INFO - Sync 1 DAGs
[2025-09-18T10:05:12.310+0000] {logging_mixin.py:188} INFO - [2025-09-18T10:05:12.309+0000] {dag.py:3823} INFO - Setting next_dagrun for example_branch_dop_operator_v3 to 2025-09-18 10:04:00+00:00, run_after=2025-09-18 10:05:00+00:00
[2025-09-18T10:05:12.349+0000] {processor.py:183} INFO - Processing /home/airflow/.local/lib/python3.8/site-packages/airflow/example_dags/example_branch_python_dop_operator_3.py took 0.151 seconds
