[2025-09-18T07:36:27.749+0000] {processor.py:161} INFO - Started process (PID=76) to work on /home/airflow/.local/lib/python3.8/site-packages/airflow/example_dags/example_skip_dag.py
[2025-09-18T07:36:27.751+0000] {processor.py:830} INFO - Processing file /home/airflow/.local/lib/python3.8/site-packages/airflow/example_dags/example_skip_dag.py for tasks to queue
[2025-09-18T07:36:27.755+0000] {logging_mixin.py:188} INFO - [2025-09-18T07:36:27.755+0000] {dagbag.py:538} INFO - Filling up the DagBag from /home/airflow/.local/lib/python3.8/site-packages/airflow/example_dags/example_skip_dag.py
[2025-09-18T07:36:27.777+0000] {processor.py:840} INFO - DAG(s) 'example_skip_dag' retrieved from /home/airflow/.local/lib/python3.8/site-packages/airflow/example_dags/example_skip_dag.py
[2025-09-18T07:36:28.000+0000] {logging_mixin.py:188} INFO - [2025-09-18T07:36:27.999+0000] {override.py:1769} INFO - Created Permission View: can read on DAG:example_skip_dag
[2025-09-18T07:36:28.020+0000] {logging_mixin.py:188} INFO - [2025-09-18T07:36:28.019+0000] {override.py:1769} INFO - Created Permission View: can delete on DAG:example_skip_dag
[2025-09-18T07:36:28.035+0000] {logging_mixin.py:188} INFO - [2025-09-18T07:36:28.035+0000] {override.py:1769} INFO - Created Permission View: can edit on DAG:example_skip_dag
[2025-09-18T07:36:28.036+0000] {logging_mixin.py:188} INFO - [2025-09-18T07:36:28.036+0000] {dag.py:3036} INFO - Sync 1 DAGs
[2025-09-18T07:36:28.057+0000] {logging_mixin.py:188} INFO - [2025-09-18T07:36:28.056+0000] {dag.py:3058} INFO - Creating ORM DAG for example_skip_dag
[2025-09-18T07:36:28.076+0000] {logging_mixin.py:188} INFO - [2025-09-18T07:36:28.076+0000] {dag.py:3823} INFO - Setting next_dagrun for example_skip_dag to 2025-09-17 00:00:00+00:00, run_after=2025-09-18 00:00:00+00:00
[2025-09-18T07:36:28.112+0000] {processor.py:183} INFO - Processing /home/airflow/.local/lib/python3.8/site-packages/airflow/example_dags/example_skip_dag.py took 0.369 seconds
[2025-09-18T07:36:58.986+0000] {processor.py:161} INFO - Started process (PID=131) to work on /home/airflow/.local/lib/python3.8/site-packages/airflow/example_dags/example_skip_dag.py
[2025-09-18T07:36:58.988+0000] {processor.py:830} INFO - Processing file /home/airflow/.local/lib/python3.8/site-packages/airflow/example_dags/example_skip_dag.py for tasks to queue
[2025-09-18T07:36:58.993+0000] {logging_mixin.py:188} INFO - [2025-09-18T07:36:58.992+0000] {dagbag.py:538} INFO - Filling up the DagBag from /home/airflow/.local/lib/python3.8/site-packages/airflow/example_dags/example_skip_dag.py
[2025-09-18T07:36:59.009+0000] {processor.py:840} INFO - DAG(s) 'example_skip_dag' retrieved from /home/airflow/.local/lib/python3.8/site-packages/airflow/example_dags/example_skip_dag.py
[2025-09-18T07:36:59.058+0000] {logging_mixin.py:188} INFO - [2025-09-18T07:36:59.058+0000] {dag.py:3036} INFO - Sync 1 DAGs
[2025-09-18T07:36:59.106+0000] {logging_mixin.py:188} INFO - [2025-09-18T07:36:59.106+0000] {dag.py:3823} INFO - Setting next_dagrun for example_skip_dag to 2025-09-17 00:00:00+00:00, run_after=2025-09-18 00:00:00+00:00
[2025-09-18T07:36:59.156+0000] {processor.py:183} INFO - Processing /home/airflow/.local/lib/python3.8/site-packages/airflow/example_dags/example_skip_dag.py took 0.176 seconds
[2025-09-18T07:37:29.843+0000] {processor.py:161} INFO - Started process (PID=186) to work on /home/airflow/.local/lib/python3.8/site-packages/airflow/example_dags/example_skip_dag.py
[2025-09-18T07:37:29.845+0000] {processor.py:830} INFO - Processing file /home/airflow/.local/lib/python3.8/site-packages/airflow/example_dags/example_skip_dag.py for tasks to queue
[2025-09-18T07:37:29.849+0000] {logging_mixin.py:188} INFO - [2025-09-18T07:37:29.848+0000] {dagbag.py:538} INFO - Filling up the DagBag from /home/airflow/.local/lib/python3.8/site-packages/airflow/example_dags/example_skip_dag.py
[2025-09-18T07:37:29.868+0000] {processor.py:840} INFO - DAG(s) 'example_skip_dag' retrieved from /home/airflow/.local/lib/python3.8/site-packages/airflow/example_dags/example_skip_dag.py
[2025-09-18T07:37:29.916+0000] {logging_mixin.py:188} INFO - [2025-09-18T07:37:29.916+0000] {dag.py:3036} INFO - Sync 1 DAGs
[2025-09-18T07:37:29.962+0000] {logging_mixin.py:188} INFO - [2025-09-18T07:37:29.962+0000] {dag.py:3823} INFO - Setting next_dagrun for example_skip_dag to 2025-09-17 00:00:00+00:00, run_after=2025-09-18 00:00:00+00:00
[2025-09-18T07:37:30.002+0000] {processor.py:183} INFO - Processing /home/airflow/.local/lib/python3.8/site-packages/airflow/example_dags/example_skip_dag.py took 0.166 seconds
[2025-09-18T07:38:00.707+0000] {processor.py:161} INFO - Started process (PID=241) to work on /home/airflow/.local/lib/python3.8/site-packages/airflow/example_dags/example_skip_dag.py
[2025-09-18T07:38:00.710+0000] {processor.py:830} INFO - Processing file /home/airflow/.local/lib/python3.8/site-packages/airflow/example_dags/example_skip_dag.py for tasks to queue
[2025-09-18T07:38:00.714+0000] {logging_mixin.py:188} INFO - [2025-09-18T07:38:00.713+0000] {dagbag.py:538} INFO - Filling up the DagBag from /home/airflow/.local/lib/python3.8/site-packages/airflow/example_dags/example_skip_dag.py
[2025-09-18T07:38:00.726+0000] {processor.py:840} INFO - DAG(s) 'example_skip_dag' retrieved from /home/airflow/.local/lib/python3.8/site-packages/airflow/example_dags/example_skip_dag.py
[2025-09-18T07:38:00.770+0000] {logging_mixin.py:188} INFO - [2025-09-18T07:38:00.770+0000] {dag.py:3036} INFO - Sync 1 DAGs
[2025-09-18T07:38:00.839+0000] {logging_mixin.py:188} INFO - [2025-09-18T07:38:00.839+0000] {dag.py:3823} INFO - Setting next_dagrun for example_skip_dag to 2025-09-17 00:00:00+00:00, run_after=2025-09-18 00:00:00+00:00
[2025-09-18T07:38:00.888+0000] {processor.py:183} INFO - Processing /home/airflow/.local/lib/python3.8/site-packages/airflow/example_dags/example_skip_dag.py took 0.189 seconds
[2025-09-18T07:38:31.710+0000] {processor.py:161} INFO - Started process (PID=296) to work on /home/airflow/.local/lib/python3.8/site-packages/airflow/example_dags/example_skip_dag.py
[2025-09-18T07:38:31.729+0000] {processor.py:830} INFO - Processing file /home/airflow/.local/lib/python3.8/site-packages/airflow/example_dags/example_skip_dag.py for tasks to queue
[2025-09-18T07:38:31.735+0000] {logging_mixin.py:188} INFO - [2025-09-18T07:38:31.733+0000] {dagbag.py:538} INFO - Filling up the DagBag from /home/airflow/.local/lib/python3.8/site-packages/airflow/example_dags/example_skip_dag.py
[2025-09-18T07:38:31.763+0000] {processor.py:840} INFO - DAG(s) 'example_skip_dag' retrieved from /home/airflow/.local/lib/python3.8/site-packages/airflow/example_dags/example_skip_dag.py
[2025-09-18T07:38:31.866+0000] {logging_mixin.py:188} INFO - [2025-09-18T07:38:31.865+0000] {dag.py:3036} INFO - Sync 1 DAGs
[2025-09-18T07:38:31.990+0000] {logging_mixin.py:188} INFO - [2025-09-18T07:38:31.990+0000] {dag.py:3823} INFO - Setting next_dagrun for example_skip_dag to 2025-09-17 00:00:00+00:00, run_after=2025-09-18 00:00:00+00:00
[2025-09-18T07:38:32.105+0000] {processor.py:183} INFO - Processing /home/airflow/.local/lib/python3.8/site-packages/airflow/example_dags/example_skip_dag.py took 0.430 seconds
[2025-09-18T07:39:02.324+0000] {processor.py:161} INFO - Started process (PID=349) to work on /home/airflow/.local/lib/python3.8/site-packages/airflow/example_dags/example_skip_dag.py
[2025-09-18T07:39:02.332+0000] {processor.py:830} INFO - Processing file /home/airflow/.local/lib/python3.8/site-packages/airflow/example_dags/example_skip_dag.py for tasks to queue
[2025-09-18T07:39:02.336+0000] {logging_mixin.py:188} INFO - [2025-09-18T07:39:02.335+0000] {dagbag.py:538} INFO - Filling up the DagBag from /home/airflow/.local/lib/python3.8/site-packages/airflow/example_dags/example_skip_dag.py
[2025-09-18T07:39:02.349+0000] {processor.py:840} INFO - DAG(s) 'example_skip_dag' retrieved from /home/airflow/.local/lib/python3.8/site-packages/airflow/example_dags/example_skip_dag.py
[2025-09-18T07:39:02.390+0000] {logging_mixin.py:188} INFO - [2025-09-18T07:39:02.390+0000] {dag.py:3036} INFO - Sync 1 DAGs
[2025-09-18T07:39:02.448+0000] {logging_mixin.py:188} INFO - [2025-09-18T07:39:02.448+0000] {dag.py:3823} INFO - Setting next_dagrun for example_skip_dag to 2025-09-17 00:00:00+00:00, run_after=2025-09-18 00:00:00+00:00
[2025-09-18T07:39:02.501+0000] {processor.py:183} INFO - Processing /home/airflow/.local/lib/python3.8/site-packages/airflow/example_dags/example_skip_dag.py took 0.185 seconds
[2025-09-18T07:39:32.913+0000] {processor.py:161} INFO - Started process (PID=405) to work on /home/airflow/.local/lib/python3.8/site-packages/airflow/example_dags/example_skip_dag.py
[2025-09-18T07:39:32.915+0000] {processor.py:830} INFO - Processing file /home/airflow/.local/lib/python3.8/site-packages/airflow/example_dags/example_skip_dag.py for tasks to queue
[2025-09-18T07:39:32.920+0000] {logging_mixin.py:188} INFO - [2025-09-18T07:39:32.919+0000] {dagbag.py:538} INFO - Filling up the DagBag from /home/airflow/.local/lib/python3.8/site-packages/airflow/example_dags/example_skip_dag.py
[2025-09-18T07:39:32.935+0000] {processor.py:840} INFO - DAG(s) 'example_skip_dag' retrieved from /home/airflow/.local/lib/python3.8/site-packages/airflow/example_dags/example_skip_dag.py
[2025-09-18T07:39:32.988+0000] {logging_mixin.py:188} INFO - [2025-09-18T07:39:32.988+0000] {dag.py:3036} INFO - Sync 1 DAGs
[2025-09-18T07:39:33.050+0000] {logging_mixin.py:188} INFO - [2025-09-18T07:39:33.050+0000] {dag.py:3823} INFO - Setting next_dagrun for example_skip_dag to 2025-09-17 00:00:00+00:00, run_after=2025-09-18 00:00:00+00:00
[2025-09-18T07:39:33.094+0000] {processor.py:183} INFO - Processing /home/airflow/.local/lib/python3.8/site-packages/airflow/example_dags/example_skip_dag.py took 0.190 seconds
[2025-09-18T07:40:03.196+0000] {processor.py:161} INFO - Started process (PID=459) to work on /home/airflow/.local/lib/python3.8/site-packages/airflow/example_dags/example_skip_dag.py
[2025-09-18T07:40:03.199+0000] {processor.py:830} INFO - Processing file /home/airflow/.local/lib/python3.8/site-packages/airflow/example_dags/example_skip_dag.py for tasks to queue
[2025-09-18T07:40:03.203+0000] {logging_mixin.py:188} INFO - [2025-09-18T07:40:03.202+0000] {dagbag.py:538} INFO - Filling up the DagBag from /home/airflow/.local/lib/python3.8/site-packages/airflow/example_dags/example_skip_dag.py
[2025-09-18T07:40:03.217+0000] {processor.py:840} INFO - DAG(s) 'example_skip_dag' retrieved from /home/airflow/.local/lib/python3.8/site-packages/airflow/example_dags/example_skip_dag.py
[2025-09-18T07:40:03.263+0000] {logging_mixin.py:188} INFO - [2025-09-18T07:40:03.262+0000] {dag.py:3036} INFO - Sync 1 DAGs
[2025-09-18T07:40:03.310+0000] {logging_mixin.py:188} INFO - [2025-09-18T07:40:03.309+0000] {dag.py:3823} INFO - Setting next_dagrun for example_skip_dag to 2025-09-17 00:00:00+00:00, run_after=2025-09-18 00:00:00+00:00
[2025-09-18T07:40:03.350+0000] {processor.py:183} INFO - Processing /home/airflow/.local/lib/python3.8/site-packages/airflow/example_dags/example_skip_dag.py took 0.160 seconds
[2025-09-18T07:40:33.950+0000] {processor.py:161} INFO - Started process (PID=516) to work on /home/airflow/.local/lib/python3.8/site-packages/airflow/example_dags/example_skip_dag.py
[2025-09-18T07:40:33.952+0000] {processor.py:830} INFO - Processing file /home/airflow/.local/lib/python3.8/site-packages/airflow/example_dags/example_skip_dag.py for tasks to queue
[2025-09-18T07:40:33.956+0000] {logging_mixin.py:188} INFO - [2025-09-18T07:40:33.955+0000] {dagbag.py:538} INFO - Filling up the DagBag from /home/airflow/.local/lib/python3.8/site-packages/airflow/example_dags/example_skip_dag.py
[2025-09-18T07:40:33.967+0000] {processor.py:840} INFO - DAG(s) 'example_skip_dag' retrieved from /home/airflow/.local/lib/python3.8/site-packages/airflow/example_dags/example_skip_dag.py
[2025-09-18T07:40:34.008+0000] {logging_mixin.py:188} INFO - [2025-09-18T07:40:34.008+0000] {dag.py:3036} INFO - Sync 1 DAGs
[2025-09-18T07:40:34.049+0000] {logging_mixin.py:188} INFO - [2025-09-18T07:40:34.049+0000] {dag.py:3823} INFO - Setting next_dagrun for example_skip_dag to 2025-09-17 00:00:00+00:00, run_after=2025-09-18 00:00:00+00:00
[2025-09-18T07:40:34.083+0000] {processor.py:183} INFO - Processing /home/airflow/.local/lib/python3.8/site-packages/airflow/example_dags/example_skip_dag.py took 0.139 seconds
[2025-09-18T07:41:04.521+0000] {processor.py:161} INFO - Started process (PID=571) to work on /home/airflow/.local/lib/python3.8/site-packages/airflow/example_dags/example_skip_dag.py
[2025-09-18T07:41:04.524+0000] {processor.py:830} INFO - Processing file /home/airflow/.local/lib/python3.8/site-packages/airflow/example_dags/example_skip_dag.py for tasks to queue
[2025-09-18T07:41:04.530+0000] {logging_mixin.py:188} INFO - [2025-09-18T07:41:04.529+0000] {dagbag.py:538} INFO - Filling up the DagBag from /home/airflow/.local/lib/python3.8/site-packages/airflow/example_dags/example_skip_dag.py
[2025-09-18T07:41:04.543+0000] {processor.py:840} INFO - DAG(s) 'example_skip_dag' retrieved from /home/airflow/.local/lib/python3.8/site-packages/airflow/example_dags/example_skip_dag.py
[2025-09-18T07:41:04.595+0000] {logging_mixin.py:188} INFO - [2025-09-18T07:41:04.594+0000] {dag.py:3036} INFO - Sync 1 DAGs
[2025-09-18T07:41:04.654+0000] {logging_mixin.py:188} INFO - [2025-09-18T07:41:04.653+0000] {dag.py:3823} INFO - Setting next_dagrun for example_skip_dag to 2025-09-17 00:00:00+00:00, run_after=2025-09-18 00:00:00+00:00
[2025-09-18T07:41:04.702+0000] {processor.py:183} INFO - Processing /home/airflow/.local/lib/python3.8/site-packages/airflow/example_dags/example_skip_dag.py took 0.189 seconds
[2025-09-18T07:41:34.777+0000] {processor.py:161} INFO - Started process (PID=626) to work on /home/airflow/.local/lib/python3.8/site-packages/airflow/example_dags/example_skip_dag.py
[2025-09-18T07:41:34.779+0000] {processor.py:830} INFO - Processing file /home/airflow/.local/lib/python3.8/site-packages/airflow/example_dags/example_skip_dag.py for tasks to queue
[2025-09-18T07:41:34.782+0000] {logging_mixin.py:188} INFO - [2025-09-18T07:41:34.782+0000] {dagbag.py:538} INFO - Filling up the DagBag from /home/airflow/.local/lib/python3.8/site-packages/airflow/example_dags/example_skip_dag.py
[2025-09-18T07:41:34.796+0000] {processor.py:840} INFO - DAG(s) 'example_skip_dag' retrieved from /home/airflow/.local/lib/python3.8/site-packages/airflow/example_dags/example_skip_dag.py
[2025-09-18T07:41:34.835+0000] {logging_mixin.py:188} INFO - [2025-09-18T07:41:34.835+0000] {dag.py:3036} INFO - Sync 1 DAGs
[2025-09-18T07:41:34.882+0000] {logging_mixin.py:188} INFO - [2025-09-18T07:41:34.881+0000] {dag.py:3823} INFO - Setting next_dagrun for example_skip_dag to 2025-09-17 00:00:00+00:00, run_after=2025-09-18 00:00:00+00:00
[2025-09-18T07:41:34.917+0000] {processor.py:183} INFO - Processing /home/airflow/.local/lib/python3.8/site-packages/airflow/example_dags/example_skip_dag.py took 0.147 seconds
[2025-09-18T07:42:05.743+0000] {processor.py:161} INFO - Started process (PID=681) to work on /home/airflow/.local/lib/python3.8/site-packages/airflow/example_dags/example_skip_dag.py
[2025-09-18T07:42:05.746+0000] {processor.py:830} INFO - Processing file /home/airflow/.local/lib/python3.8/site-packages/airflow/example_dags/example_skip_dag.py for tasks to queue
[2025-09-18T07:42:05.750+0000] {logging_mixin.py:188} INFO - [2025-09-18T07:42:05.750+0000] {dagbag.py:538} INFO - Filling up the DagBag from /home/airflow/.local/lib/python3.8/site-packages/airflow/example_dags/example_skip_dag.py
[2025-09-18T07:42:05.766+0000] {processor.py:840} INFO - DAG(s) 'example_skip_dag' retrieved from /home/airflow/.local/lib/python3.8/site-packages/airflow/example_dags/example_skip_dag.py
[2025-09-18T07:42:05.813+0000] {logging_mixin.py:188} INFO - [2025-09-18T07:42:05.812+0000] {dag.py:3036} INFO - Sync 1 DAGs
[2025-09-18T07:42:05.866+0000] {logging_mixin.py:188} INFO - [2025-09-18T07:42:05.866+0000] {dag.py:3823} INFO - Setting next_dagrun for example_skip_dag to 2025-09-17 00:00:00+00:00, run_after=2025-09-18 00:00:00+00:00
[2025-09-18T07:42:05.912+0000] {processor.py:183} INFO - Processing /home/airflow/.local/lib/python3.8/site-packages/airflow/example_dags/example_skip_dag.py took 0.178 seconds
[2025-09-18T07:42:36.483+0000] {processor.py:161} INFO - Started process (PID=736) to work on /home/airflow/.local/lib/python3.8/site-packages/airflow/example_dags/example_skip_dag.py
[2025-09-18T07:42:36.485+0000] {processor.py:830} INFO - Processing file /home/airflow/.local/lib/python3.8/site-packages/airflow/example_dags/example_skip_dag.py for tasks to queue
[2025-09-18T07:42:36.490+0000] {logging_mixin.py:188} INFO - [2025-09-18T07:42:36.489+0000] {dagbag.py:538} INFO - Filling up the DagBag from /home/airflow/.local/lib/python3.8/site-packages/airflow/example_dags/example_skip_dag.py
[2025-09-18T07:42:36.505+0000] {processor.py:840} INFO - DAG(s) 'example_skip_dag' retrieved from /home/airflow/.local/lib/python3.8/site-packages/airflow/example_dags/example_skip_dag.py
[2025-09-18T07:42:36.554+0000] {logging_mixin.py:188} INFO - [2025-09-18T07:42:36.553+0000] {dag.py:3036} INFO - Sync 1 DAGs
[2025-09-18T07:42:36.607+0000] {logging_mixin.py:188} INFO - [2025-09-18T07:42:36.606+0000] {dag.py:3823} INFO - Setting next_dagrun for example_skip_dag to 2025-09-17 00:00:00+00:00, run_after=2025-09-18 00:00:00+00:00
[2025-09-18T07:42:36.649+0000] {processor.py:183} INFO - Processing /home/airflow/.local/lib/python3.8/site-packages/airflow/example_dags/example_skip_dag.py took 0.172 seconds
[2025-09-18T07:43:07.211+0000] {processor.py:161} INFO - Started process (PID=791) to work on /home/airflow/.local/lib/python3.8/site-packages/airflow/example_dags/example_skip_dag.py
[2025-09-18T07:43:07.214+0000] {processor.py:830} INFO - Processing file /home/airflow/.local/lib/python3.8/site-packages/airflow/example_dags/example_skip_dag.py for tasks to queue
[2025-09-18T07:43:07.219+0000] {logging_mixin.py:188} INFO - [2025-09-18T07:43:07.218+0000] {dagbag.py:538} INFO - Filling up the DagBag from /home/airflow/.local/lib/python3.8/site-packages/airflow/example_dags/example_skip_dag.py
[2025-09-18T07:43:07.232+0000] {processor.py:840} INFO - DAG(s) 'example_skip_dag' retrieved from /home/airflow/.local/lib/python3.8/site-packages/airflow/example_dags/example_skip_dag.py
[2025-09-18T07:43:07.270+0000] {logging_mixin.py:188} INFO - [2025-09-18T07:43:07.270+0000] {dag.py:3036} INFO - Sync 1 DAGs
[2025-09-18T07:43:07.312+0000] {logging_mixin.py:188} INFO - [2025-09-18T07:43:07.312+0000] {dag.py:3823} INFO - Setting next_dagrun for example_skip_dag to 2025-09-17 00:00:00+00:00, run_after=2025-09-18 00:00:00+00:00
[2025-09-18T07:43:07.343+0000] {processor.py:183} INFO - Processing /home/airflow/.local/lib/python3.8/site-packages/airflow/example_dags/example_skip_dag.py took 0.140 seconds
[2025-09-18T07:43:38.412+0000] {processor.py:161} INFO - Started process (PID=846) to work on /home/airflow/.local/lib/python3.8/site-packages/airflow/example_dags/example_skip_dag.py
[2025-09-18T07:43:38.414+0000] {processor.py:830} INFO - Processing file /home/airflow/.local/lib/python3.8/site-packages/airflow/example_dags/example_skip_dag.py for tasks to queue
[2025-09-18T07:43:38.417+0000] {logging_mixin.py:188} INFO - [2025-09-18T07:43:38.417+0000] {dagbag.py:538} INFO - Filling up the DagBag from /home/airflow/.local/lib/python3.8/site-packages/airflow/example_dags/example_skip_dag.py
[2025-09-18T07:43:38.430+0000] {processor.py:840} INFO - DAG(s) 'example_skip_dag' retrieved from /home/airflow/.local/lib/python3.8/site-packages/airflow/example_dags/example_skip_dag.py
[2025-09-18T07:43:38.475+0000] {logging_mixin.py:188} INFO - [2025-09-18T07:43:38.474+0000] {dag.py:3036} INFO - Sync 1 DAGs
[2025-09-18T07:43:38.520+0000] {logging_mixin.py:188} INFO - [2025-09-18T07:43:38.520+0000] {dag.py:3823} INFO - Setting next_dagrun for example_skip_dag to 2025-09-17 00:00:00+00:00, run_after=2025-09-18 00:00:00+00:00
[2025-09-18T07:43:38.560+0000] {processor.py:183} INFO - Processing /home/airflow/.local/lib/python3.8/site-packages/airflow/example_dags/example_skip_dag.py took 0.155 seconds
[2025-09-18T07:44:08.718+0000] {processor.py:161} INFO - Started process (PID=901) to work on /home/airflow/.local/lib/python3.8/site-packages/airflow/example_dags/example_skip_dag.py
[2025-09-18T07:44:08.721+0000] {processor.py:830} INFO - Processing file /home/airflow/.local/lib/python3.8/site-packages/airflow/example_dags/example_skip_dag.py for tasks to queue
[2025-09-18T07:44:08.726+0000] {logging_mixin.py:188} INFO - [2025-09-18T07:44:08.725+0000] {dagbag.py:538} INFO - Filling up the DagBag from /home/airflow/.local/lib/python3.8/site-packages/airflow/example_dags/example_skip_dag.py
[2025-09-18T07:44:08.740+0000] {processor.py:840} INFO - DAG(s) 'example_skip_dag' retrieved from /home/airflow/.local/lib/python3.8/site-packages/airflow/example_dags/example_skip_dag.py
[2025-09-18T07:44:08.786+0000] {logging_mixin.py:188} INFO - [2025-09-18T07:44:08.785+0000] {dag.py:3036} INFO - Sync 1 DAGs
[2025-09-18T07:44:08.835+0000] {logging_mixin.py:188} INFO - [2025-09-18T07:44:08.834+0000] {dag.py:3823} INFO - Setting next_dagrun for example_skip_dag to 2025-09-17 00:00:00+00:00, run_after=2025-09-18 00:00:00+00:00
[2025-09-18T07:44:08.876+0000] {processor.py:183} INFO - Processing /home/airflow/.local/lib/python3.8/site-packages/airflow/example_dags/example_skip_dag.py took 0.164 seconds
[2025-09-18T07:44:39.337+0000] {processor.py:161} INFO - Started process (PID=956) to work on /home/airflow/.local/lib/python3.8/site-packages/airflow/example_dags/example_skip_dag.py
[2025-09-18T07:44:39.339+0000] {processor.py:830} INFO - Processing file /home/airflow/.local/lib/python3.8/site-packages/airflow/example_dags/example_skip_dag.py for tasks to queue
[2025-09-18T07:44:39.343+0000] {logging_mixin.py:188} INFO - [2025-09-18T07:44:39.342+0000] {dagbag.py:538} INFO - Filling up the DagBag from /home/airflow/.local/lib/python3.8/site-packages/airflow/example_dags/example_skip_dag.py
[2025-09-18T07:44:39.356+0000] {processor.py:840} INFO - DAG(s) 'example_skip_dag' retrieved from /home/airflow/.local/lib/python3.8/site-packages/airflow/example_dags/example_skip_dag.py
[2025-09-18T07:44:39.397+0000] {logging_mixin.py:188} INFO - [2025-09-18T07:44:39.397+0000] {dag.py:3036} INFO - Sync 1 DAGs
[2025-09-18T07:44:39.450+0000] {logging_mixin.py:188} INFO - [2025-09-18T07:44:39.449+0000] {dag.py:3823} INFO - Setting next_dagrun for example_skip_dag to 2025-09-17 00:00:00+00:00, run_after=2025-09-18 00:00:00+00:00
[2025-09-18T07:44:39.496+0000] {processor.py:183} INFO - Processing /home/airflow/.local/lib/python3.8/site-packages/airflow/example_dags/example_skip_dag.py took 0.167 seconds
[2025-09-18T07:45:10.434+0000] {processor.py:161} INFO - Started process (PID=1017) to work on /home/airflow/.local/lib/python3.8/site-packages/airflow/example_dags/example_skip_dag.py
[2025-09-18T07:45:10.436+0000] {processor.py:830} INFO - Processing file /home/airflow/.local/lib/python3.8/site-packages/airflow/example_dags/example_skip_dag.py for tasks to queue
[2025-09-18T07:45:10.440+0000] {logging_mixin.py:188} INFO - [2025-09-18T07:45:10.439+0000] {dagbag.py:538} INFO - Filling up the DagBag from /home/airflow/.local/lib/python3.8/site-packages/airflow/example_dags/example_skip_dag.py
[2025-09-18T07:45:10.453+0000] {processor.py:840} INFO - DAG(s) 'example_skip_dag' retrieved from /home/airflow/.local/lib/python3.8/site-packages/airflow/example_dags/example_skip_dag.py
[2025-09-18T07:45:10.503+0000] {logging_mixin.py:188} INFO - [2025-09-18T07:45:10.503+0000] {dag.py:3036} INFO - Sync 1 DAGs
[2025-09-18T07:45:10.552+0000] {logging_mixin.py:188} INFO - [2025-09-18T07:45:10.552+0000] {dag.py:3823} INFO - Setting next_dagrun for example_skip_dag to 2025-09-17 00:00:00+00:00, run_after=2025-09-18 00:00:00+00:00
[2025-09-18T07:45:10.600+0000] {processor.py:183} INFO - Processing /home/airflow/.local/lib/python3.8/site-packages/airflow/example_dags/example_skip_dag.py took 0.171 seconds
[2025-09-18T07:45:40.840+0000] {processor.py:161} INFO - Started process (PID=1072) to work on /home/airflow/.local/lib/python3.8/site-packages/airflow/example_dags/example_skip_dag.py
[2025-09-18T07:45:40.841+0000] {processor.py:830} INFO - Processing file /home/airflow/.local/lib/python3.8/site-packages/airflow/example_dags/example_skip_dag.py for tasks to queue
[2025-09-18T07:45:40.846+0000] {logging_mixin.py:188} INFO - [2025-09-18T07:45:40.845+0000] {dagbag.py:538} INFO - Filling up the DagBag from /home/airflow/.local/lib/python3.8/site-packages/airflow/example_dags/example_skip_dag.py
[2025-09-18T07:45:40.860+0000] {processor.py:840} INFO - DAG(s) 'example_skip_dag' retrieved from /home/airflow/.local/lib/python3.8/site-packages/airflow/example_dags/example_skip_dag.py
[2025-09-18T07:45:40.901+0000] {logging_mixin.py:188} INFO - [2025-09-18T07:45:40.900+0000] {dag.py:3036} INFO - Sync 1 DAGs
[2025-09-18T07:45:40.945+0000] {logging_mixin.py:188} INFO - [2025-09-18T07:45:40.945+0000] {dag.py:3823} INFO - Setting next_dagrun for example_skip_dag to 2025-09-17 00:00:00+00:00, run_after=2025-09-18 00:00:00+00:00
[2025-09-18T07:45:40.983+0000] {processor.py:183} INFO - Processing /home/airflow/.local/lib/python3.8/site-packages/airflow/example_dags/example_skip_dag.py took 0.150 seconds
[2025-09-18T07:46:11.517+0000] {processor.py:161} INFO - Started process (PID=1127) to work on /home/airflow/.local/lib/python3.8/site-packages/airflow/example_dags/example_skip_dag.py
[2025-09-18T07:46:11.518+0000] {processor.py:830} INFO - Processing file /home/airflow/.local/lib/python3.8/site-packages/airflow/example_dags/example_skip_dag.py for tasks to queue
[2025-09-18T07:46:11.522+0000] {logging_mixin.py:188} INFO - [2025-09-18T07:46:11.521+0000] {dagbag.py:538} INFO - Filling up the DagBag from /home/airflow/.local/lib/python3.8/site-packages/airflow/example_dags/example_skip_dag.py
[2025-09-18T07:46:11.534+0000] {processor.py:840} INFO - DAG(s) 'example_skip_dag' retrieved from /home/airflow/.local/lib/python3.8/site-packages/airflow/example_dags/example_skip_dag.py
[2025-09-18T07:46:11.573+0000] {logging_mixin.py:188} INFO - [2025-09-18T07:46:11.573+0000] {dag.py:3036} INFO - Sync 1 DAGs
[2025-09-18T07:46:11.616+0000] {logging_mixin.py:188} INFO - [2025-09-18T07:46:11.615+0000] {dag.py:3823} INFO - Setting next_dagrun for example_skip_dag to 2025-09-17 00:00:00+00:00, run_after=2025-09-18 00:00:00+00:00
[2025-09-18T07:46:11.652+0000] {processor.py:183} INFO - Processing /home/airflow/.local/lib/python3.8/site-packages/airflow/example_dags/example_skip_dag.py took 0.142 seconds
[2025-09-18T07:46:42.732+0000] {processor.py:161} INFO - Started process (PID=1182) to work on /home/airflow/.local/lib/python3.8/site-packages/airflow/example_dags/example_skip_dag.py
[2025-09-18T07:46:42.736+0000] {processor.py:830} INFO - Processing file /home/airflow/.local/lib/python3.8/site-packages/airflow/example_dags/example_skip_dag.py for tasks to queue
[2025-09-18T07:46:42.753+0000] {logging_mixin.py:188} INFO - [2025-09-18T07:46:42.752+0000] {dagbag.py:538} INFO - Filling up the DagBag from /home/airflow/.local/lib/python3.8/site-packages/airflow/example_dags/example_skip_dag.py
[2025-09-18T07:46:42.784+0000] {processor.py:840} INFO - DAG(s) 'example_skip_dag' retrieved from /home/airflow/.local/lib/python3.8/site-packages/airflow/example_dags/example_skip_dag.py
[2025-09-18T07:46:42.868+0000] {logging_mixin.py:188} INFO - [2025-09-18T07:46:42.867+0000] {dag.py:3036} INFO - Sync 1 DAGs
[2025-09-18T07:46:42.943+0000] {logging_mixin.py:188} INFO - [2025-09-18T07:46:42.942+0000] {dag.py:3823} INFO - Setting next_dagrun for example_skip_dag to 2025-09-17 00:00:00+00:00, run_after=2025-09-18 00:00:00+00:00
[2025-09-18T07:46:43.000+0000] {processor.py:183} INFO - Processing /home/airflow/.local/lib/python3.8/site-packages/airflow/example_dags/example_skip_dag.py took 0.279 seconds
[2025-09-18T07:47:13.809+0000] {processor.py:161} INFO - Started process (PID=1237) to work on /home/airflow/.local/lib/python3.8/site-packages/airflow/example_dags/example_skip_dag.py
[2025-09-18T07:47:13.811+0000] {processor.py:830} INFO - Processing file /home/airflow/.local/lib/python3.8/site-packages/airflow/example_dags/example_skip_dag.py for tasks to queue
[2025-09-18T07:47:13.815+0000] {logging_mixin.py:188} INFO - [2025-09-18T07:47:13.814+0000] {dagbag.py:538} INFO - Filling up the DagBag from /home/airflow/.local/lib/python3.8/site-packages/airflow/example_dags/example_skip_dag.py
[2025-09-18T07:47:13.826+0000] {processor.py:840} INFO - DAG(s) 'example_skip_dag' retrieved from /home/airflow/.local/lib/python3.8/site-packages/airflow/example_dags/example_skip_dag.py
[2025-09-18T07:47:13.867+0000] {logging_mixin.py:188} INFO - [2025-09-18T07:47:13.866+0000] {dag.py:3036} INFO - Sync 1 DAGs
[2025-09-18T07:47:13.906+0000] {logging_mixin.py:188} INFO - [2025-09-18T07:47:13.905+0000] {dag.py:3823} INFO - Setting next_dagrun for example_skip_dag to 2025-09-17 00:00:00+00:00, run_after=2025-09-18 00:00:00+00:00
[2025-09-18T07:47:13.944+0000] {processor.py:183} INFO - Processing /home/airflow/.local/lib/python3.8/site-packages/airflow/example_dags/example_skip_dag.py took 0.140 seconds
[2025-09-18T07:47:44.560+0000] {processor.py:161} INFO - Started process (PID=1293) to work on /home/airflow/.local/lib/python3.8/site-packages/airflow/example_dags/example_skip_dag.py
[2025-09-18T07:47:44.562+0000] {processor.py:830} INFO - Processing file /home/airflow/.local/lib/python3.8/site-packages/airflow/example_dags/example_skip_dag.py for tasks to queue
[2025-09-18T07:47:44.565+0000] {logging_mixin.py:188} INFO - [2025-09-18T07:47:44.564+0000] {dagbag.py:538} INFO - Filling up the DagBag from /home/airflow/.local/lib/python3.8/site-packages/airflow/example_dags/example_skip_dag.py
[2025-09-18T07:47:44.577+0000] {processor.py:840} INFO - DAG(s) 'example_skip_dag' retrieved from /home/airflow/.local/lib/python3.8/site-packages/airflow/example_dags/example_skip_dag.py
[2025-09-18T07:47:44.618+0000] {logging_mixin.py:188} INFO - [2025-09-18T07:47:44.617+0000] {dag.py:3036} INFO - Sync 1 DAGs
[2025-09-18T07:47:44.659+0000] {logging_mixin.py:188} INFO - [2025-09-18T07:47:44.658+0000] {dag.py:3823} INFO - Setting next_dagrun for example_skip_dag to 2025-09-17 00:00:00+00:00, run_after=2025-09-18 00:00:00+00:00
[2025-09-18T07:47:44.694+0000] {processor.py:183} INFO - Processing /home/airflow/.local/lib/python3.8/site-packages/airflow/example_dags/example_skip_dag.py took 0.140 seconds
[2025-09-18T07:48:15.362+0000] {processor.py:161} INFO - Started process (PID=1348) to work on /home/airflow/.local/lib/python3.8/site-packages/airflow/example_dags/example_skip_dag.py
[2025-09-18T07:48:15.365+0000] {processor.py:830} INFO - Processing file /home/airflow/.local/lib/python3.8/site-packages/airflow/example_dags/example_skip_dag.py for tasks to queue
[2025-09-18T07:48:15.370+0000] {logging_mixin.py:188} INFO - [2025-09-18T07:48:15.369+0000] {dagbag.py:538} INFO - Filling up the DagBag from /home/airflow/.local/lib/python3.8/site-packages/airflow/example_dags/example_skip_dag.py
[2025-09-18T07:48:15.388+0000] {processor.py:840} INFO - DAG(s) 'example_skip_dag' retrieved from /home/airflow/.local/lib/python3.8/site-packages/airflow/example_dags/example_skip_dag.py
[2025-09-18T07:48:15.451+0000] {logging_mixin.py:188} INFO - [2025-09-18T07:48:15.451+0000] {dag.py:3036} INFO - Sync 1 DAGs
[2025-09-18T07:48:15.509+0000] {logging_mixin.py:188} INFO - [2025-09-18T07:48:15.509+0000] {dag.py:3823} INFO - Setting next_dagrun for example_skip_dag to 2025-09-17 00:00:00+00:00, run_after=2025-09-18 00:00:00+00:00
[2025-09-18T07:48:15.574+0000] {processor.py:183} INFO - Processing /home/airflow/.local/lib/python3.8/site-packages/airflow/example_dags/example_skip_dag.py took 0.220 seconds
[2025-09-18T07:56:50.651+0000] {processor.py:161} INFO - Started process (PID=75) to work on /home/airflow/.local/lib/python3.8/site-packages/airflow/example_dags/example_skip_dag.py
[2025-09-18T07:56:50.663+0000] {processor.py:830} INFO - Processing file /home/airflow/.local/lib/python3.8/site-packages/airflow/example_dags/example_skip_dag.py for tasks to queue
[2025-09-18T07:56:50.668+0000] {logging_mixin.py:188} INFO - [2025-09-18T07:56:50.668+0000] {dagbag.py:538} INFO - Filling up the DagBag from /home/airflow/.local/lib/python3.8/site-packages/airflow/example_dags/example_skip_dag.py
[2025-09-18T07:56:50.695+0000] {processor.py:840} INFO - DAG(s) 'example_skip_dag' retrieved from /home/airflow/.local/lib/python3.8/site-packages/airflow/example_dags/example_skip_dag.py
[2025-09-18T07:56:51.065+0000] {logging_mixin.py:188} INFO - [2025-09-18T07:56:51.063+0000] {override.py:1769} INFO - Created Permission View: can edit on DAG:example_skip_dag
[2025-09-18T07:56:51.092+0000] {logging_mixin.py:188} INFO - [2025-09-18T07:56:51.091+0000] {override.py:1769} INFO - Created Permission View: can read on DAG:example_skip_dag
[2025-09-18T07:56:51.112+0000] {logging_mixin.py:188} INFO - [2025-09-18T07:56:51.111+0000] {override.py:1769} INFO - Created Permission View: can delete on DAG:example_skip_dag
[2025-09-18T07:56:51.114+0000] {logging_mixin.py:188} INFO - [2025-09-18T07:56:51.114+0000] {dag.py:3036} INFO - Sync 1 DAGs
[2025-09-18T07:56:51.138+0000] {logging_mixin.py:188} INFO - [2025-09-18T07:56:51.138+0000] {dag.py:3058} INFO - Creating ORM DAG for example_skip_dag
[2025-09-18T07:56:51.160+0000] {logging_mixin.py:188} INFO - [2025-09-18T07:56:51.160+0000] {dag.py:3823} INFO - Setting next_dagrun for example_skip_dag to 2025-09-17 00:00:00+00:00, run_after=2025-09-18 00:00:00+00:00
[2025-09-18T07:56:51.258+0000] {processor.py:183} INFO - Processing /home/airflow/.local/lib/python3.8/site-packages/airflow/example_dags/example_skip_dag.py took 0.616 seconds
[2025-09-18T07:57:25.740+0000] {processor.py:161} INFO - Started process (PID=130) to work on /home/airflow/.local/lib/python3.8/site-packages/airflow/example_dags/example_skip_dag.py
[2025-09-18T07:57:25.742+0000] {processor.py:830} INFO - Processing file /home/airflow/.local/lib/python3.8/site-packages/airflow/example_dags/example_skip_dag.py for tasks to queue
[2025-09-18T07:57:25.747+0000] {logging_mixin.py:188} INFO - [2025-09-18T07:57:25.746+0000] {dagbag.py:538} INFO - Filling up the DagBag from /home/airflow/.local/lib/python3.8/site-packages/airflow/example_dags/example_skip_dag.py
[2025-09-18T07:57:25.763+0000] {processor.py:840} INFO - DAG(s) 'example_skip_dag' retrieved from /home/airflow/.local/lib/python3.8/site-packages/airflow/example_dags/example_skip_dag.py
[2025-09-18T07:57:25.890+0000] {logging_mixin.py:188} INFO - [2025-09-18T07:57:25.890+0000] {dag.py:3036} INFO - Sync 1 DAGs
[2025-09-18T07:57:25.996+0000] {logging_mixin.py:188} INFO - [2025-09-18T07:57:25.996+0000] {dag.py:3823} INFO - Setting next_dagrun for example_skip_dag to 2025-09-17 00:00:00+00:00, run_after=2025-09-18 00:00:00+00:00
[2025-09-18T07:57:26.067+0000] {processor.py:183} INFO - Processing /home/airflow/.local/lib/python3.8/site-packages/airflow/example_dags/example_skip_dag.py took 0.335 seconds
[2025-09-18T07:57:56.147+0000] {processor.py:161} INFO - Started process (PID=186) to work on /home/airflow/.local/lib/python3.8/site-packages/airflow/example_dags/example_skip_dag.py
[2025-09-18T07:57:56.150+0000] {processor.py:830} INFO - Processing file /home/airflow/.local/lib/python3.8/site-packages/airflow/example_dags/example_skip_dag.py for tasks to queue
[2025-09-18T07:57:56.153+0000] {logging_mixin.py:188} INFO - [2025-09-18T07:57:56.153+0000] {dagbag.py:538} INFO - Filling up the DagBag from /home/airflow/.local/lib/python3.8/site-packages/airflow/example_dags/example_skip_dag.py
[2025-09-18T07:57:56.165+0000] {processor.py:840} INFO - DAG(s) 'example_skip_dag' retrieved from /home/airflow/.local/lib/python3.8/site-packages/airflow/example_dags/example_skip_dag.py
[2025-09-18T07:57:56.204+0000] {logging_mixin.py:188} INFO - [2025-09-18T07:57:56.204+0000] {dag.py:3036} INFO - Sync 1 DAGs
[2025-09-18T07:57:56.246+0000] {logging_mixin.py:188} INFO - [2025-09-18T07:57:56.246+0000] {dag.py:3823} INFO - Setting next_dagrun for example_skip_dag to 2025-09-17 00:00:00+00:00, run_after=2025-09-18 00:00:00+00:00
[2025-09-18T07:57:56.279+0000] {processor.py:183} INFO - Processing /home/airflow/.local/lib/python3.8/site-packages/airflow/example_dags/example_skip_dag.py took 0.137 seconds
[2025-09-18T09:46:53.848+0000] {processor.py:161} INFO - Started process (PID=75) to work on /home/airflow/.local/lib/python3.8/site-packages/airflow/example_dags/example_skip_dag.py
[2025-09-18T09:46:53.851+0000] {processor.py:830} INFO - Processing file /home/airflow/.local/lib/python3.8/site-packages/airflow/example_dags/example_skip_dag.py for tasks to queue
[2025-09-18T09:46:53.854+0000] {logging_mixin.py:188} INFO - [2025-09-18T09:46:53.854+0000] {dagbag.py:538} INFO - Filling up the DagBag from /home/airflow/.local/lib/python3.8/site-packages/airflow/example_dags/example_skip_dag.py
[2025-09-18T09:46:53.872+0000] {processor.py:840} INFO - DAG(s) 'example_skip_dag' retrieved from /home/airflow/.local/lib/python3.8/site-packages/airflow/example_dags/example_skip_dag.py
[2025-09-18T09:46:54.080+0000] {logging_mixin.py:188} INFO - [2025-09-18T09:46:54.079+0000] {override.py:1769} INFO - Created Permission View: can delete on DAG:example_skip_dag
[2025-09-18T09:46:54.100+0000] {logging_mixin.py:188} INFO - [2025-09-18T09:46:54.100+0000] {override.py:1769} INFO - Created Permission View: can edit on DAG:example_skip_dag
[2025-09-18T09:46:54.114+0000] {logging_mixin.py:188} INFO - [2025-09-18T09:46:54.114+0000] {override.py:1769} INFO - Created Permission View: can read on DAG:example_skip_dag
[2025-09-18T09:46:54.115+0000] {logging_mixin.py:188} INFO - [2025-09-18T09:46:54.115+0000] {dag.py:3036} INFO - Sync 1 DAGs
[2025-09-18T09:46:54.135+0000] {logging_mixin.py:188} INFO - [2025-09-18T09:46:54.135+0000] {dag.py:3058} INFO - Creating ORM DAG for example_skip_dag
[2025-09-18T09:46:54.154+0000] {logging_mixin.py:188} INFO - [2025-09-18T09:46:54.154+0000] {dag.py:3823} INFO - Setting next_dagrun for example_skip_dag to 2025-09-17 00:00:00+00:00, run_after=2025-09-18 00:00:00+00:00
[2025-09-18T09:46:54.188+0000] {processor.py:183} INFO - Processing /home/airflow/.local/lib/python3.8/site-packages/airflow/example_dags/example_skip_dag.py took 0.346 seconds
[2025-09-18T09:47:24.461+0000] {processor.py:161} INFO - Started process (PID=130) to work on /home/airflow/.local/lib/python3.8/site-packages/airflow/example_dags/example_skip_dag.py
[2025-09-18T09:47:24.463+0000] {processor.py:830} INFO - Processing file /home/airflow/.local/lib/python3.8/site-packages/airflow/example_dags/example_skip_dag.py for tasks to queue
[2025-09-18T09:47:24.467+0000] {logging_mixin.py:188} INFO - [2025-09-18T09:47:24.466+0000] {dagbag.py:538} INFO - Filling up the DagBag from /home/airflow/.local/lib/python3.8/site-packages/airflow/example_dags/example_skip_dag.py
[2025-09-18T09:47:24.481+0000] {processor.py:840} INFO - DAG(s) 'example_skip_dag' retrieved from /home/airflow/.local/lib/python3.8/site-packages/airflow/example_dags/example_skip_dag.py
[2025-09-18T09:47:24.526+0000] {logging_mixin.py:188} INFO - [2025-09-18T09:47:24.526+0000] {dag.py:3036} INFO - Sync 1 DAGs
[2025-09-18T09:47:24.578+0000] {logging_mixin.py:188} INFO - [2025-09-18T09:47:24.578+0000] {dag.py:3823} INFO - Setting next_dagrun for example_skip_dag to 2025-09-17 00:00:00+00:00, run_after=2025-09-18 00:00:00+00:00
[2025-09-18T09:47:24.626+0000] {processor.py:183} INFO - Processing /home/airflow/.local/lib/python3.8/site-packages/airflow/example_dags/example_skip_dag.py took 0.172 seconds
[2025-09-18T09:47:54.839+0000] {processor.py:161} INFO - Started process (PID=185) to work on /home/airflow/.local/lib/python3.8/site-packages/airflow/example_dags/example_skip_dag.py
[2025-09-18T09:47:54.842+0000] {processor.py:830} INFO - Processing file /home/airflow/.local/lib/python3.8/site-packages/airflow/example_dags/example_skip_dag.py for tasks to queue
[2025-09-18T09:47:54.847+0000] {logging_mixin.py:188} INFO - [2025-09-18T09:47:54.846+0000] {dagbag.py:538} INFO - Filling up the DagBag from /home/airflow/.local/lib/python3.8/site-packages/airflow/example_dags/example_skip_dag.py
[2025-09-18T09:47:54.870+0000] {processor.py:840} INFO - DAG(s) 'example_skip_dag' retrieved from /home/airflow/.local/lib/python3.8/site-packages/airflow/example_dags/example_skip_dag.py
[2025-09-18T09:47:54.926+0000] {logging_mixin.py:188} INFO - [2025-09-18T09:47:54.925+0000] {dag.py:3036} INFO - Sync 1 DAGs
[2025-09-18T09:47:54.985+0000] {logging_mixin.py:188} INFO - [2025-09-18T09:47:54.985+0000] {dag.py:3823} INFO - Setting next_dagrun for example_skip_dag to 2025-09-17 00:00:00+00:00, run_after=2025-09-18 00:00:00+00:00
[2025-09-18T09:47:55.033+0000] {processor.py:183} INFO - Processing /home/airflow/.local/lib/python3.8/site-packages/airflow/example_dags/example_skip_dag.py took 0.202 seconds
[2025-09-18T09:48:25.206+0000] {processor.py:161} INFO - Started process (PID=240) to work on /home/airflow/.local/lib/python3.8/site-packages/airflow/example_dags/example_skip_dag.py
[2025-09-18T09:48:25.208+0000] {processor.py:830} INFO - Processing file /home/airflow/.local/lib/python3.8/site-packages/airflow/example_dags/example_skip_dag.py for tasks to queue
[2025-09-18T09:48:25.212+0000] {logging_mixin.py:188} INFO - [2025-09-18T09:48:25.212+0000] {dagbag.py:538} INFO - Filling up the DagBag from /home/airflow/.local/lib/python3.8/site-packages/airflow/example_dags/example_skip_dag.py
[2025-09-18T09:48:25.225+0000] {processor.py:840} INFO - DAG(s) 'example_skip_dag' retrieved from /home/airflow/.local/lib/python3.8/site-packages/airflow/example_dags/example_skip_dag.py
[2025-09-18T09:48:25.267+0000] {logging_mixin.py:188} INFO - [2025-09-18T09:48:25.267+0000] {dag.py:3036} INFO - Sync 1 DAGs
[2025-09-18T09:48:25.307+0000] {logging_mixin.py:188} INFO - [2025-09-18T09:48:25.307+0000] {dag.py:3823} INFO - Setting next_dagrun for example_skip_dag to 2025-09-17 00:00:00+00:00, run_after=2025-09-18 00:00:00+00:00
[2025-09-18T09:48:25.347+0000] {processor.py:183} INFO - Processing /home/airflow/.local/lib/python3.8/site-packages/airflow/example_dags/example_skip_dag.py took 0.149 seconds
[2025-09-18T09:48:56.188+0000] {processor.py:161} INFO - Started process (PID=295) to work on /home/airflow/.local/lib/python3.8/site-packages/airflow/example_dags/example_skip_dag.py
[2025-09-18T09:48:56.190+0000] {processor.py:830} INFO - Processing file /home/airflow/.local/lib/python3.8/site-packages/airflow/example_dags/example_skip_dag.py for tasks to queue
[2025-09-18T09:48:56.194+0000] {logging_mixin.py:188} INFO - [2025-09-18T09:48:56.193+0000] {dagbag.py:538} INFO - Filling up the DagBag from /home/airflow/.local/lib/python3.8/site-packages/airflow/example_dags/example_skip_dag.py
[2025-09-18T09:48:56.209+0000] {processor.py:840} INFO - DAG(s) 'example_skip_dag' retrieved from /home/airflow/.local/lib/python3.8/site-packages/airflow/example_dags/example_skip_dag.py
[2025-09-18T09:48:56.272+0000] {logging_mixin.py:188} INFO - [2025-09-18T09:48:56.271+0000] {dag.py:3036} INFO - Sync 1 DAGs
[2025-09-18T09:48:56.337+0000] {logging_mixin.py:188} INFO - [2025-09-18T09:48:56.336+0000] {dag.py:3823} INFO - Setting next_dagrun for example_skip_dag to 2025-09-17 00:00:00+00:00, run_after=2025-09-18 00:00:00+00:00
[2025-09-18T09:48:56.395+0000] {processor.py:183} INFO - Processing /home/airflow/.local/lib/python3.8/site-packages/airflow/example_dags/example_skip_dag.py took 0.215 seconds
[2025-09-18T09:49:26.779+0000] {processor.py:161} INFO - Started process (PID=350) to work on /home/airflow/.local/lib/python3.8/site-packages/airflow/example_dags/example_skip_dag.py
[2025-09-18T09:49:26.782+0000] {processor.py:830} INFO - Processing file /home/airflow/.local/lib/python3.8/site-packages/airflow/example_dags/example_skip_dag.py for tasks to queue
[2025-09-18T09:49:26.787+0000] {logging_mixin.py:188} INFO - [2025-09-18T09:49:26.786+0000] {dagbag.py:538} INFO - Filling up the DagBag from /home/airflow/.local/lib/python3.8/site-packages/airflow/example_dags/example_skip_dag.py
[2025-09-18T09:49:26.808+0000] {processor.py:840} INFO - DAG(s) 'example_skip_dag' retrieved from /home/airflow/.local/lib/python3.8/site-packages/airflow/example_dags/example_skip_dag.py
[2025-09-18T09:49:26.850+0000] {logging_mixin.py:188} INFO - [2025-09-18T09:49:26.849+0000] {dag.py:3036} INFO - Sync 1 DAGs
[2025-09-18T09:49:26.893+0000] {logging_mixin.py:188} INFO - [2025-09-18T09:49:26.892+0000] {dag.py:3823} INFO - Setting next_dagrun for example_skip_dag to 2025-09-17 00:00:00+00:00, run_after=2025-09-18 00:00:00+00:00
[2025-09-18T09:49:26.933+0000] {processor.py:183} INFO - Processing /home/airflow/.local/lib/python3.8/site-packages/airflow/example_dags/example_skip_dag.py took 0.163 seconds
[2025-09-18T09:49:57.278+0000] {processor.py:161} INFO - Started process (PID=405) to work on /home/airflow/.local/lib/python3.8/site-packages/airflow/example_dags/example_skip_dag.py
[2025-09-18T09:49:57.281+0000] {processor.py:830} INFO - Processing file /home/airflow/.local/lib/python3.8/site-packages/airflow/example_dags/example_skip_dag.py for tasks to queue
[2025-09-18T09:49:57.293+0000] {logging_mixin.py:188} INFO - [2025-09-18T09:49:57.292+0000] {dagbag.py:538} INFO - Filling up the DagBag from /home/airflow/.local/lib/python3.8/site-packages/airflow/example_dags/example_skip_dag.py
[2025-09-18T09:49:57.311+0000] {processor.py:840} INFO - DAG(s) 'example_skip_dag' retrieved from /home/airflow/.local/lib/python3.8/site-packages/airflow/example_dags/example_skip_dag.py
[2025-09-18T09:49:57.356+0000] {logging_mixin.py:188} INFO - [2025-09-18T09:49:57.355+0000] {dag.py:3036} INFO - Sync 1 DAGs
[2025-09-18T09:49:57.409+0000] {logging_mixin.py:188} INFO - [2025-09-18T09:49:57.409+0000] {dag.py:3823} INFO - Setting next_dagrun for example_skip_dag to 2025-09-17 00:00:00+00:00, run_after=2025-09-18 00:00:00+00:00
[2025-09-18T09:49:57.460+0000] {processor.py:183} INFO - Processing /home/airflow/.local/lib/python3.8/site-packages/airflow/example_dags/example_skip_dag.py took 0.190 seconds
[2025-09-18T09:50:27.608+0000] {processor.py:161} INFO - Started process (PID=460) to work on /home/airflow/.local/lib/python3.8/site-packages/airflow/example_dags/example_skip_dag.py
[2025-09-18T09:50:27.610+0000] {processor.py:830} INFO - Processing file /home/airflow/.local/lib/python3.8/site-packages/airflow/example_dags/example_skip_dag.py for tasks to queue
[2025-09-18T09:50:27.614+0000] {logging_mixin.py:188} INFO - [2025-09-18T09:50:27.614+0000] {dagbag.py:538} INFO - Filling up the DagBag from /home/airflow/.local/lib/python3.8/site-packages/airflow/example_dags/example_skip_dag.py
[2025-09-18T09:50:27.626+0000] {processor.py:840} INFO - DAG(s) 'example_skip_dag' retrieved from /home/airflow/.local/lib/python3.8/site-packages/airflow/example_dags/example_skip_dag.py
[2025-09-18T09:50:27.668+0000] {logging_mixin.py:188} INFO - [2025-09-18T09:50:27.668+0000] {dag.py:3036} INFO - Sync 1 DAGs
[2025-09-18T09:50:27.709+0000] {logging_mixin.py:188} INFO - [2025-09-18T09:50:27.709+0000] {dag.py:3823} INFO - Setting next_dagrun for example_skip_dag to 2025-09-17 00:00:00+00:00, run_after=2025-09-18 00:00:00+00:00
[2025-09-18T09:50:27.748+0000] {processor.py:183} INFO - Processing /home/airflow/.local/lib/python3.8/site-packages/airflow/example_dags/example_skip_dag.py took 0.146 seconds
[2025-09-18T09:50:57.964+0000] {processor.py:161} INFO - Started process (PID=515) to work on /home/airflow/.local/lib/python3.8/site-packages/airflow/example_dags/example_skip_dag.py
[2025-09-18T09:50:57.966+0000] {processor.py:830} INFO - Processing file /home/airflow/.local/lib/python3.8/site-packages/airflow/example_dags/example_skip_dag.py for tasks to queue
[2025-09-18T09:50:57.969+0000] {logging_mixin.py:188} INFO - [2025-09-18T09:50:57.969+0000] {dagbag.py:538} INFO - Filling up the DagBag from /home/airflow/.local/lib/python3.8/site-packages/airflow/example_dags/example_skip_dag.py
[2025-09-18T09:50:57.981+0000] {processor.py:840} INFO - DAG(s) 'example_skip_dag' retrieved from /home/airflow/.local/lib/python3.8/site-packages/airflow/example_dags/example_skip_dag.py
[2025-09-18T09:50:58.023+0000] {logging_mixin.py:188} INFO - [2025-09-18T09:50:58.023+0000] {dag.py:3036} INFO - Sync 1 DAGs
[2025-09-18T09:50:58.065+0000] {logging_mixin.py:188} INFO - [2025-09-18T09:50:58.065+0000] {dag.py:3823} INFO - Setting next_dagrun for example_skip_dag to 2025-09-17 00:00:00+00:00, run_after=2025-09-18 00:00:00+00:00
[2025-09-18T09:50:58.099+0000] {processor.py:183} INFO - Processing /home/airflow/.local/lib/python3.8/site-packages/airflow/example_dags/example_skip_dag.py took 0.141 seconds
[2025-09-18T09:54:04.852+0000] {processor.py:161} INFO - Started process (PID=76) to work on /home/airflow/.local/lib/python3.8/site-packages/airflow/example_dags/example_skip_dag.py
[2025-09-18T09:54:04.854+0000] {processor.py:830} INFO - Processing file /home/airflow/.local/lib/python3.8/site-packages/airflow/example_dags/example_skip_dag.py for tasks to queue
[2025-09-18T09:54:04.858+0000] {logging_mixin.py:188} INFO - [2025-09-18T09:54:04.857+0000] {dagbag.py:538} INFO - Filling up the DagBag from /home/airflow/.local/lib/python3.8/site-packages/airflow/example_dags/example_skip_dag.py
[2025-09-18T09:54:04.899+0000] {processor.py:840} INFO - DAG(s) 'example_skip_dag' retrieved from /home/airflow/.local/lib/python3.8/site-packages/airflow/example_dags/example_skip_dag.py
[2025-09-18T09:54:05.173+0000] {logging_mixin.py:188} INFO - [2025-09-18T09:54:05.172+0000] {override.py:1769} INFO - Created Permission View: can delete on DAG:example_skip_dag
[2025-09-18T09:54:05.193+0000] {logging_mixin.py:188} INFO - [2025-09-18T09:54:05.192+0000] {override.py:1769} INFO - Created Permission View: can edit on DAG:example_skip_dag
[2025-09-18T09:54:05.212+0000] {logging_mixin.py:188} INFO - [2025-09-18T09:54:05.209+0000] {override.py:1769} INFO - Created Permission View: can read on DAG:example_skip_dag
[2025-09-18T09:54:05.214+0000] {logging_mixin.py:188} INFO - [2025-09-18T09:54:05.213+0000] {dag.py:3036} INFO - Sync 1 DAGs
[2025-09-18T09:54:05.242+0000] {logging_mixin.py:188} INFO - [2025-09-18T09:54:05.241+0000] {dag.py:3058} INFO - Creating ORM DAG for example_skip_dag
[2025-09-18T09:54:05.268+0000] {logging_mixin.py:188} INFO - [2025-09-18T09:54:05.268+0000] {dag.py:3823} INFO - Setting next_dagrun for example_skip_dag to 2025-09-17 00:00:00+00:00, run_after=2025-09-18 00:00:00+00:00
[2025-09-18T09:54:05.315+0000] {processor.py:183} INFO - Processing /home/airflow/.local/lib/python3.8/site-packages/airflow/example_dags/example_skip_dag.py took 0.468 seconds
[2025-09-18T09:54:35.626+0000] {processor.py:161} INFO - Started process (PID=131) to work on /home/airflow/.local/lib/python3.8/site-packages/airflow/example_dags/example_skip_dag.py
[2025-09-18T09:54:35.628+0000] {processor.py:830} INFO - Processing file /home/airflow/.local/lib/python3.8/site-packages/airflow/example_dags/example_skip_dag.py for tasks to queue
[2025-09-18T09:54:35.632+0000] {logging_mixin.py:188} INFO - [2025-09-18T09:54:35.632+0000] {dagbag.py:538} INFO - Filling up the DagBag from /home/airflow/.local/lib/python3.8/site-packages/airflow/example_dags/example_skip_dag.py
[2025-09-18T09:54:35.644+0000] {processor.py:840} INFO - DAG(s) 'example_skip_dag' retrieved from /home/airflow/.local/lib/python3.8/site-packages/airflow/example_dags/example_skip_dag.py
[2025-09-18T09:54:35.687+0000] {logging_mixin.py:188} INFO - [2025-09-18T09:54:35.686+0000] {dag.py:3036} INFO - Sync 1 DAGs
[2025-09-18T09:54:35.741+0000] {logging_mixin.py:188} INFO - [2025-09-18T09:54:35.741+0000] {dag.py:3823} INFO - Setting next_dagrun for example_skip_dag to 2025-09-17 00:00:00+00:00, run_after=2025-09-18 00:00:00+00:00
[2025-09-18T09:54:35.795+0000] {processor.py:183} INFO - Processing /home/airflow/.local/lib/python3.8/site-packages/airflow/example_dags/example_skip_dag.py took 0.174 seconds
[2025-09-18T09:55:05.866+0000] {processor.py:161} INFO - Started process (PID=186) to work on /home/airflow/.local/lib/python3.8/site-packages/airflow/example_dags/example_skip_dag.py
[2025-09-18T09:55:05.869+0000] {processor.py:830} INFO - Processing file /home/airflow/.local/lib/python3.8/site-packages/airflow/example_dags/example_skip_dag.py for tasks to queue
[2025-09-18T09:55:05.873+0000] {logging_mixin.py:188} INFO - [2025-09-18T09:55:05.872+0000] {dagbag.py:538} INFO - Filling up the DagBag from /home/airflow/.local/lib/python3.8/site-packages/airflow/example_dags/example_skip_dag.py
[2025-09-18T09:55:05.885+0000] {processor.py:840} INFO - DAG(s) 'example_skip_dag' retrieved from /home/airflow/.local/lib/python3.8/site-packages/airflow/example_dags/example_skip_dag.py
[2025-09-18T09:55:05.928+0000] {logging_mixin.py:188} INFO - [2025-09-18T09:55:05.928+0000] {dag.py:3036} INFO - Sync 1 DAGs
[2025-09-18T09:55:05.977+0000] {logging_mixin.py:188} INFO - [2025-09-18T09:55:05.976+0000] {dag.py:3823} INFO - Setting next_dagrun for example_skip_dag to 2025-09-17 00:00:00+00:00, run_after=2025-09-18 00:00:00+00:00
[2025-09-18T09:55:06.013+0000] {processor.py:183} INFO - Processing /home/airflow/.local/lib/python3.8/site-packages/airflow/example_dags/example_skip_dag.py took 0.153 seconds
[2025-09-18T09:55:36.433+0000] {processor.py:161} INFO - Started process (PID=241) to work on /home/airflow/.local/lib/python3.8/site-packages/airflow/example_dags/example_skip_dag.py
[2025-09-18T09:55:36.436+0000] {processor.py:830} INFO - Processing file /home/airflow/.local/lib/python3.8/site-packages/airflow/example_dags/example_skip_dag.py for tasks to queue
[2025-09-18T09:55:36.440+0000] {logging_mixin.py:188} INFO - [2025-09-18T09:55:36.439+0000] {dagbag.py:538} INFO - Filling up the DagBag from /home/airflow/.local/lib/python3.8/site-packages/airflow/example_dags/example_skip_dag.py
[2025-09-18T09:55:36.455+0000] {processor.py:840} INFO - DAG(s) 'example_skip_dag' retrieved from /home/airflow/.local/lib/python3.8/site-packages/airflow/example_dags/example_skip_dag.py
[2025-09-18T09:55:36.501+0000] {logging_mixin.py:188} INFO - [2025-09-18T09:55:36.501+0000] {dag.py:3036} INFO - Sync 1 DAGs
[2025-09-18T09:55:36.553+0000] {logging_mixin.py:188} INFO - [2025-09-18T09:55:36.552+0000] {dag.py:3823} INFO - Setting next_dagrun for example_skip_dag to 2025-09-17 00:00:00+00:00, run_after=2025-09-18 00:00:00+00:00
[2025-09-18T09:55:36.591+0000] {processor.py:183} INFO - Processing /home/airflow/.local/lib/python3.8/site-packages/airflow/example_dags/example_skip_dag.py took 0.166 seconds
[2025-09-18T09:56:07.316+0000] {processor.py:161} INFO - Started process (PID=303) to work on /home/airflow/.local/lib/python3.8/site-packages/airflow/example_dags/example_skip_dag.py
[2025-09-18T09:56:07.318+0000] {processor.py:830} INFO - Processing file /home/airflow/.local/lib/python3.8/site-packages/airflow/example_dags/example_skip_dag.py for tasks to queue
[2025-09-18T09:56:07.323+0000] {logging_mixin.py:188} INFO - [2025-09-18T09:56:07.322+0000] {dagbag.py:538} INFO - Filling up the DagBag from /home/airflow/.local/lib/python3.8/site-packages/airflow/example_dags/example_skip_dag.py
[2025-09-18T09:56:07.338+0000] {processor.py:840} INFO - DAG(s) 'example_skip_dag' retrieved from /home/airflow/.local/lib/python3.8/site-packages/airflow/example_dags/example_skip_dag.py
[2025-09-18T09:56:07.388+0000] {logging_mixin.py:188} INFO - [2025-09-18T09:56:07.387+0000] {dag.py:3036} INFO - Sync 1 DAGs
[2025-09-18T09:56:07.436+0000] {logging_mixin.py:188} INFO - [2025-09-18T09:56:07.435+0000] {dag.py:3823} INFO - Setting next_dagrun for example_skip_dag to 2025-09-17 00:00:00+00:00, run_after=2025-09-18 00:00:00+00:00
[2025-09-18T09:56:07.485+0000] {processor.py:183} INFO - Processing /home/airflow/.local/lib/python3.8/site-packages/airflow/example_dags/example_skip_dag.py took 0.175 seconds
[2025-09-18T09:56:37.697+0000] {processor.py:161} INFO - Started process (PID=358) to work on /home/airflow/.local/lib/python3.8/site-packages/airflow/example_dags/example_skip_dag.py
[2025-09-18T09:56:37.699+0000] {processor.py:830} INFO - Processing file /home/airflow/.local/lib/python3.8/site-packages/airflow/example_dags/example_skip_dag.py for tasks to queue
[2025-09-18T09:56:37.703+0000] {logging_mixin.py:188} INFO - [2025-09-18T09:56:37.702+0000] {dagbag.py:538} INFO - Filling up the DagBag from /home/airflow/.local/lib/python3.8/site-packages/airflow/example_dags/example_skip_dag.py
[2025-09-18T09:56:37.716+0000] {processor.py:840} INFO - DAG(s) 'example_skip_dag' retrieved from /home/airflow/.local/lib/python3.8/site-packages/airflow/example_dags/example_skip_dag.py
[2025-09-18T09:56:37.758+0000] {logging_mixin.py:188} INFO - [2025-09-18T09:56:37.757+0000] {dag.py:3036} INFO - Sync 1 DAGs
[2025-09-18T09:56:37.799+0000] {logging_mixin.py:188} INFO - [2025-09-18T09:56:37.799+0000] {dag.py:3823} INFO - Setting next_dagrun for example_skip_dag to 2025-09-17 00:00:00+00:00, run_after=2025-09-18 00:00:00+00:00
[2025-09-18T09:56:37.843+0000] {processor.py:183} INFO - Processing /home/airflow/.local/lib/python3.8/site-packages/airflow/example_dags/example_skip_dag.py took 0.152 seconds
[2025-09-18T09:57:07.917+0000] {processor.py:161} INFO - Started process (PID=412) to work on /home/airflow/.local/lib/python3.8/site-packages/airflow/example_dags/example_skip_dag.py
[2025-09-18T09:57:07.919+0000] {processor.py:830} INFO - Processing file /home/airflow/.local/lib/python3.8/site-packages/airflow/example_dags/example_skip_dag.py for tasks to queue
[2025-09-18T09:57:07.923+0000] {logging_mixin.py:188} INFO - [2025-09-18T09:57:07.922+0000] {dagbag.py:538} INFO - Filling up the DagBag from /home/airflow/.local/lib/python3.8/site-packages/airflow/example_dags/example_skip_dag.py
[2025-09-18T09:57:07.938+0000] {processor.py:840} INFO - DAG(s) 'example_skip_dag' retrieved from /home/airflow/.local/lib/python3.8/site-packages/airflow/example_dags/example_skip_dag.py
[2025-09-18T09:57:07.978+0000] {logging_mixin.py:188} INFO - [2025-09-18T09:57:07.977+0000] {dag.py:3036} INFO - Sync 1 DAGs
[2025-09-18T09:57:08.045+0000] {logging_mixin.py:188} INFO - [2025-09-18T09:57:08.044+0000] {dag.py:3823} INFO - Setting next_dagrun for example_skip_dag to 2025-09-17 00:00:00+00:00, run_after=2025-09-18 00:00:00+00:00
[2025-09-18T09:57:08.091+0000] {processor.py:183} INFO - Processing /home/airflow/.local/lib/python3.8/site-packages/airflow/example_dags/example_skip_dag.py took 0.182 seconds
[2025-09-18T09:57:38.643+0000] {processor.py:161} INFO - Started process (PID=468) to work on /home/airflow/.local/lib/python3.8/site-packages/airflow/example_dags/example_skip_dag.py
[2025-09-18T09:57:38.645+0000] {processor.py:830} INFO - Processing file /home/airflow/.local/lib/python3.8/site-packages/airflow/example_dags/example_skip_dag.py for tasks to queue
[2025-09-18T09:57:38.650+0000] {logging_mixin.py:188} INFO - [2025-09-18T09:57:38.649+0000] {dagbag.py:538} INFO - Filling up the DagBag from /home/airflow/.local/lib/python3.8/site-packages/airflow/example_dags/example_skip_dag.py
[2025-09-18T09:57:38.662+0000] {processor.py:840} INFO - DAG(s) 'example_skip_dag' retrieved from /home/airflow/.local/lib/python3.8/site-packages/airflow/example_dags/example_skip_dag.py
[2025-09-18T09:57:38.701+0000] {logging_mixin.py:188} INFO - [2025-09-18T09:57:38.700+0000] {dag.py:3036} INFO - Sync 1 DAGs
[2025-09-18T09:57:38.743+0000] {logging_mixin.py:188} INFO - [2025-09-18T09:57:38.742+0000] {dag.py:3823} INFO - Setting next_dagrun for example_skip_dag to 2025-09-17 00:00:00+00:00, run_after=2025-09-18 00:00:00+00:00
[2025-09-18T09:57:38.781+0000] {processor.py:183} INFO - Processing /home/airflow/.local/lib/python3.8/site-packages/airflow/example_dags/example_skip_dag.py took 0.144 seconds
[2025-09-18T09:58:08.973+0000] {processor.py:161} INFO - Started process (PID=523) to work on /home/airflow/.local/lib/python3.8/site-packages/airflow/example_dags/example_skip_dag.py
[2025-09-18T09:58:08.975+0000] {processor.py:830} INFO - Processing file /home/airflow/.local/lib/python3.8/site-packages/airflow/example_dags/example_skip_dag.py for tasks to queue
[2025-09-18T09:58:08.978+0000] {logging_mixin.py:188} INFO - [2025-09-18T09:58:08.978+0000] {dagbag.py:538} INFO - Filling up the DagBag from /home/airflow/.local/lib/python3.8/site-packages/airflow/example_dags/example_skip_dag.py
[2025-09-18T09:58:08.990+0000] {processor.py:840} INFO - DAG(s) 'example_skip_dag' retrieved from /home/airflow/.local/lib/python3.8/site-packages/airflow/example_dags/example_skip_dag.py
[2025-09-18T09:58:09.029+0000] {logging_mixin.py:188} INFO - [2025-09-18T09:58:09.028+0000] {dag.py:3036} INFO - Sync 1 DAGs
[2025-09-18T09:58:09.068+0000] {logging_mixin.py:188} INFO - [2025-09-18T09:58:09.068+0000] {dag.py:3823} INFO - Setting next_dagrun for example_skip_dag to 2025-09-17 00:00:00+00:00, run_after=2025-09-18 00:00:00+00:00
[2025-09-18T09:58:09.102+0000] {processor.py:183} INFO - Processing /home/airflow/.local/lib/python3.8/site-packages/airflow/example_dags/example_skip_dag.py took 0.136 seconds
[2025-09-18T09:58:39.989+0000] {processor.py:161} INFO - Started process (PID=578) to work on /home/airflow/.local/lib/python3.8/site-packages/airflow/example_dags/example_skip_dag.py
[2025-09-18T09:58:39.991+0000] {processor.py:830} INFO - Processing file /home/airflow/.local/lib/python3.8/site-packages/airflow/example_dags/example_skip_dag.py for tasks to queue
[2025-09-18T09:58:39.994+0000] {logging_mixin.py:188} INFO - [2025-09-18T09:58:39.994+0000] {dagbag.py:538} INFO - Filling up the DagBag from /home/airflow/.local/lib/python3.8/site-packages/airflow/example_dags/example_skip_dag.py
[2025-09-18T09:58:40.009+0000] {processor.py:840} INFO - DAG(s) 'example_skip_dag' retrieved from /home/airflow/.local/lib/python3.8/site-packages/airflow/example_dags/example_skip_dag.py
[2025-09-18T09:58:40.049+0000] {logging_mixin.py:188} INFO - [2025-09-18T09:58:40.049+0000] {dag.py:3036} INFO - Sync 1 DAGs
[2025-09-18T09:58:40.090+0000] {logging_mixin.py:188} INFO - [2025-09-18T09:58:40.089+0000] {dag.py:3823} INFO - Setting next_dagrun for example_skip_dag to 2025-09-17 00:00:00+00:00, run_after=2025-09-18 00:00:00+00:00
[2025-09-18T09:58:40.125+0000] {processor.py:183} INFO - Processing /home/airflow/.local/lib/python3.8/site-packages/airflow/example_dags/example_skip_dag.py took 0.142 seconds
[2025-09-18T09:59:10.408+0000] {processor.py:161} INFO - Started process (PID=633) to work on /home/airflow/.local/lib/python3.8/site-packages/airflow/example_dags/example_skip_dag.py
[2025-09-18T09:59:10.410+0000] {processor.py:830} INFO - Processing file /home/airflow/.local/lib/python3.8/site-packages/airflow/example_dags/example_skip_dag.py for tasks to queue
[2025-09-18T09:59:10.414+0000] {logging_mixin.py:188} INFO - [2025-09-18T09:59:10.413+0000] {dagbag.py:538} INFO - Filling up the DagBag from /home/airflow/.local/lib/python3.8/site-packages/airflow/example_dags/example_skip_dag.py
[2025-09-18T09:59:10.426+0000] {processor.py:840} INFO - DAG(s) 'example_skip_dag' retrieved from /home/airflow/.local/lib/python3.8/site-packages/airflow/example_dags/example_skip_dag.py
[2025-09-18T09:59:10.464+0000] {logging_mixin.py:188} INFO - [2025-09-18T09:59:10.463+0000] {dag.py:3036} INFO - Sync 1 DAGs
[2025-09-18T09:59:10.506+0000] {logging_mixin.py:188} INFO - [2025-09-18T09:59:10.506+0000] {dag.py:3823} INFO - Setting next_dagrun for example_skip_dag to 2025-09-17 00:00:00+00:00, run_after=2025-09-18 00:00:00+00:00
[2025-09-18T09:59:10.543+0000] {processor.py:183} INFO - Processing /home/airflow/.local/lib/python3.8/site-packages/airflow/example_dags/example_skip_dag.py took 0.143 seconds
[2025-09-18T09:59:41.399+0000] {processor.py:161} INFO - Started process (PID=688) to work on /home/airflow/.local/lib/python3.8/site-packages/airflow/example_dags/example_skip_dag.py
[2025-09-18T09:59:41.401+0000] {processor.py:830} INFO - Processing file /home/airflow/.local/lib/python3.8/site-packages/airflow/example_dags/example_skip_dag.py for tasks to queue
[2025-09-18T09:59:41.405+0000] {logging_mixin.py:188} INFO - [2025-09-18T09:59:41.404+0000] {dagbag.py:538} INFO - Filling up the DagBag from /home/airflow/.local/lib/python3.8/site-packages/airflow/example_dags/example_skip_dag.py
[2025-09-18T09:59:41.416+0000] {processor.py:840} INFO - DAG(s) 'example_skip_dag' retrieved from /home/airflow/.local/lib/python3.8/site-packages/airflow/example_dags/example_skip_dag.py
[2025-09-18T09:59:41.457+0000] {logging_mixin.py:188} INFO - [2025-09-18T09:59:41.456+0000] {dag.py:3036} INFO - Sync 1 DAGs
[2025-09-18T09:59:41.505+0000] {logging_mixin.py:188} INFO - [2025-09-18T09:59:41.505+0000] {dag.py:3823} INFO - Setting next_dagrun for example_skip_dag to 2025-09-17 00:00:00+00:00, run_after=2025-09-18 00:00:00+00:00
[2025-09-18T09:59:41.555+0000] {processor.py:183} INFO - Processing /home/airflow/.local/lib/python3.8/site-packages/airflow/example_dags/example_skip_dag.py took 0.162 seconds
[2025-09-18T10:00:12.273+0000] {processor.py:161} INFO - Started process (PID=743) to work on /home/airflow/.local/lib/python3.8/site-packages/airflow/example_dags/example_skip_dag.py
[2025-09-18T10:00:12.275+0000] {processor.py:830} INFO - Processing file /home/airflow/.local/lib/python3.8/site-packages/airflow/example_dags/example_skip_dag.py for tasks to queue
[2025-09-18T10:00:12.279+0000] {logging_mixin.py:188} INFO - [2025-09-18T10:00:12.278+0000] {dagbag.py:538} INFO - Filling up the DagBag from /home/airflow/.local/lib/python3.8/site-packages/airflow/example_dags/example_skip_dag.py
[2025-09-18T10:00:12.291+0000] {processor.py:840} INFO - DAG(s) 'example_skip_dag' retrieved from /home/airflow/.local/lib/python3.8/site-packages/airflow/example_dags/example_skip_dag.py
[2025-09-18T10:00:12.330+0000] {logging_mixin.py:188} INFO - [2025-09-18T10:00:12.329+0000] {dag.py:3036} INFO - Sync 1 DAGs
[2025-09-18T10:00:12.392+0000] {logging_mixin.py:188} INFO - [2025-09-18T10:00:12.392+0000] {dag.py:3823} INFO - Setting next_dagrun for example_skip_dag to 2025-09-17 00:00:00+00:00, run_after=2025-09-18 00:00:00+00:00
[2025-09-18T10:00:12.454+0000] {processor.py:183} INFO - Processing /home/airflow/.local/lib/python3.8/site-packages/airflow/example_dags/example_skip_dag.py took 0.188 seconds
[2025-09-18T10:00:43.625+0000] {processor.py:161} INFO - Started process (PID=798) to work on /home/airflow/.local/lib/python3.8/site-packages/airflow/example_dags/example_skip_dag.py
[2025-09-18T10:00:43.628+0000] {processor.py:830} INFO - Processing file /home/airflow/.local/lib/python3.8/site-packages/airflow/example_dags/example_skip_dag.py for tasks to queue
[2025-09-18T10:00:43.639+0000] {logging_mixin.py:188} INFO - [2025-09-18T10:00:43.639+0000] {dagbag.py:538} INFO - Filling up the DagBag from /home/airflow/.local/lib/python3.8/site-packages/airflow/example_dags/example_skip_dag.py
[2025-09-18T10:00:43.672+0000] {processor.py:840} INFO - DAG(s) 'example_skip_dag' retrieved from /home/airflow/.local/lib/python3.8/site-packages/airflow/example_dags/example_skip_dag.py
[2025-09-18T10:00:43.750+0000] {logging_mixin.py:188} INFO - [2025-09-18T10:00:43.749+0000] {dag.py:3036} INFO - Sync 1 DAGs
[2025-09-18T10:00:43.810+0000] {logging_mixin.py:188} INFO - [2025-09-18T10:00:43.809+0000] {dag.py:3823} INFO - Setting next_dagrun for example_skip_dag to 2025-09-17 00:00:00+00:00, run_after=2025-09-18 00:00:00+00:00
[2025-09-18T10:00:43.854+0000] {processor.py:183} INFO - Processing /home/airflow/.local/lib/python3.8/site-packages/airflow/example_dags/example_skip_dag.py took 0.239 seconds
[2025-09-18T10:01:14.670+0000] {processor.py:161} INFO - Started process (PID=853) to work on /home/airflow/.local/lib/python3.8/site-packages/airflow/example_dags/example_skip_dag.py
[2025-09-18T10:01:14.672+0000] {processor.py:830} INFO - Processing file /home/airflow/.local/lib/python3.8/site-packages/airflow/example_dags/example_skip_dag.py for tasks to queue
[2025-09-18T10:01:14.675+0000] {logging_mixin.py:188} INFO - [2025-09-18T10:01:14.675+0000] {dagbag.py:538} INFO - Filling up the DagBag from /home/airflow/.local/lib/python3.8/site-packages/airflow/example_dags/example_skip_dag.py
[2025-09-18T10:01:14.688+0000] {processor.py:840} INFO - DAG(s) 'example_skip_dag' retrieved from /home/airflow/.local/lib/python3.8/site-packages/airflow/example_dags/example_skip_dag.py
[2025-09-18T10:01:14.727+0000] {logging_mixin.py:188} INFO - [2025-09-18T10:01:14.727+0000] {dag.py:3036} INFO - Sync 1 DAGs
[2025-09-18T10:01:14.767+0000] {logging_mixin.py:188} INFO - [2025-09-18T10:01:14.767+0000] {dag.py:3823} INFO - Setting next_dagrun for example_skip_dag to 2025-09-17 00:00:00+00:00, run_after=2025-09-18 00:00:00+00:00
[2025-09-18T10:01:14.799+0000] {processor.py:183} INFO - Processing /home/airflow/.local/lib/python3.8/site-packages/airflow/example_dags/example_skip_dag.py took 0.135 seconds
[2025-09-18T10:01:45.394+0000] {processor.py:161} INFO - Started process (PID=908) to work on /home/airflow/.local/lib/python3.8/site-packages/airflow/example_dags/example_skip_dag.py
[2025-09-18T10:01:45.401+0000] {processor.py:830} INFO - Processing file /home/airflow/.local/lib/python3.8/site-packages/airflow/example_dags/example_skip_dag.py for tasks to queue
[2025-09-18T10:01:45.410+0000] {logging_mixin.py:188} INFO - [2025-09-18T10:01:45.409+0000] {dagbag.py:538} INFO - Filling up the DagBag from /home/airflow/.local/lib/python3.8/site-packages/airflow/example_dags/example_skip_dag.py
[2025-09-18T10:01:45.448+0000] {processor.py:840} INFO - DAG(s) 'example_skip_dag' retrieved from /home/airflow/.local/lib/python3.8/site-packages/airflow/example_dags/example_skip_dag.py
[2025-09-18T10:01:45.588+0000] {logging_mixin.py:188} INFO - [2025-09-18T10:01:45.587+0000] {dag.py:3036} INFO - Sync 1 DAGs
[2025-09-18T10:01:45.655+0000] {logging_mixin.py:188} INFO - [2025-09-18T10:01:45.655+0000] {dag.py:3823} INFO - Setting next_dagrun for example_skip_dag to 2025-09-17 00:00:00+00:00, run_after=2025-09-18 00:00:00+00:00
[2025-09-18T10:01:45.707+0000] {processor.py:183} INFO - Processing /home/airflow/.local/lib/python3.8/site-packages/airflow/example_dags/example_skip_dag.py took 0.322 seconds
[2025-09-18T10:02:15.949+0000] {processor.py:161} INFO - Started process (PID=963) to work on /home/airflow/.local/lib/python3.8/site-packages/airflow/example_dags/example_skip_dag.py
[2025-09-18T10:02:15.951+0000] {processor.py:830} INFO - Processing file /home/airflow/.local/lib/python3.8/site-packages/airflow/example_dags/example_skip_dag.py for tasks to queue
[2025-09-18T10:02:15.955+0000] {logging_mixin.py:188} INFO - [2025-09-18T10:02:15.954+0000] {dagbag.py:538} INFO - Filling up the DagBag from /home/airflow/.local/lib/python3.8/site-packages/airflow/example_dags/example_skip_dag.py
[2025-09-18T10:02:15.970+0000] {processor.py:840} INFO - DAG(s) 'example_skip_dag' retrieved from /home/airflow/.local/lib/python3.8/site-packages/airflow/example_dags/example_skip_dag.py
[2025-09-18T10:02:16.012+0000] {logging_mixin.py:188} INFO - [2025-09-18T10:02:16.012+0000] {dag.py:3036} INFO - Sync 1 DAGs
[2025-09-18T10:02:16.058+0000] {logging_mixin.py:188} INFO - [2025-09-18T10:02:16.058+0000] {dag.py:3823} INFO - Setting next_dagrun for example_skip_dag to 2025-09-17 00:00:00+00:00, run_after=2025-09-18 00:00:00+00:00
[2025-09-18T10:02:16.100+0000] {processor.py:183} INFO - Processing /home/airflow/.local/lib/python3.8/site-packages/airflow/example_dags/example_skip_dag.py took 0.157 seconds
[2025-09-18T10:02:46.880+0000] {processor.py:161} INFO - Started process (PID=1018) to work on /home/airflow/.local/lib/python3.8/site-packages/airflow/example_dags/example_skip_dag.py
[2025-09-18T10:02:46.882+0000] {processor.py:830} INFO - Processing file /home/airflow/.local/lib/python3.8/site-packages/airflow/example_dags/example_skip_dag.py for tasks to queue
[2025-09-18T10:02:46.886+0000] {logging_mixin.py:188} INFO - [2025-09-18T10:02:46.885+0000] {dagbag.py:538} INFO - Filling up the DagBag from /home/airflow/.local/lib/python3.8/site-packages/airflow/example_dags/example_skip_dag.py
[2025-09-18T10:02:46.899+0000] {processor.py:840} INFO - DAG(s) 'example_skip_dag' retrieved from /home/airflow/.local/lib/python3.8/site-packages/airflow/example_dags/example_skip_dag.py
[2025-09-18T10:02:46.944+0000] {logging_mixin.py:188} INFO - [2025-09-18T10:02:46.943+0000] {dag.py:3036} INFO - Sync 1 DAGs
[2025-09-18T10:02:46.993+0000] {logging_mixin.py:188} INFO - [2025-09-18T10:02:46.993+0000] {dag.py:3823} INFO - Setting next_dagrun for example_skip_dag to 2025-09-17 00:00:00+00:00, run_after=2025-09-18 00:00:00+00:00
[2025-09-18T10:02:47.034+0000] {processor.py:183} INFO - Processing /home/airflow/.local/lib/python3.8/site-packages/airflow/example_dags/example_skip_dag.py took 0.160 seconds
[2025-09-18T10:03:17.614+0000] {processor.py:161} INFO - Started process (PID=1073) to work on /home/airflow/.local/lib/python3.8/site-packages/airflow/example_dags/example_skip_dag.py
[2025-09-18T10:03:17.615+0000] {processor.py:830} INFO - Processing file /home/airflow/.local/lib/python3.8/site-packages/airflow/example_dags/example_skip_dag.py for tasks to queue
[2025-09-18T10:03:17.619+0000] {logging_mixin.py:188} INFO - [2025-09-18T10:03:17.618+0000] {dagbag.py:538} INFO - Filling up the DagBag from /home/airflow/.local/lib/python3.8/site-packages/airflow/example_dags/example_skip_dag.py
[2025-09-18T10:03:17.632+0000] {processor.py:840} INFO - DAG(s) 'example_skip_dag' retrieved from /home/airflow/.local/lib/python3.8/site-packages/airflow/example_dags/example_skip_dag.py
[2025-09-18T10:03:17.672+0000] {logging_mixin.py:188} INFO - [2025-09-18T10:03:17.672+0000] {dag.py:3036} INFO - Sync 1 DAGs
[2025-09-18T10:03:17.713+0000] {logging_mixin.py:188} INFO - [2025-09-18T10:03:17.713+0000] {dag.py:3823} INFO - Setting next_dagrun for example_skip_dag to 2025-09-17 00:00:00+00:00, run_after=2025-09-18 00:00:00+00:00
[2025-09-18T10:03:17.753+0000] {processor.py:183} INFO - Processing /home/airflow/.local/lib/python3.8/site-packages/airflow/example_dags/example_skip_dag.py took 0.145 seconds
[2025-09-18T10:03:48.049+0000] {processor.py:161} INFO - Started process (PID=1128) to work on /home/airflow/.local/lib/python3.8/site-packages/airflow/example_dags/example_skip_dag.py
[2025-09-18T10:03:48.051+0000] {processor.py:830} INFO - Processing file /home/airflow/.local/lib/python3.8/site-packages/airflow/example_dags/example_skip_dag.py for tasks to queue
[2025-09-18T10:03:48.054+0000] {logging_mixin.py:188} INFO - [2025-09-18T10:03:48.054+0000] {dagbag.py:538} INFO - Filling up the DagBag from /home/airflow/.local/lib/python3.8/site-packages/airflow/example_dags/example_skip_dag.py
[2025-09-18T10:03:48.067+0000] {processor.py:840} INFO - DAG(s) 'example_skip_dag' retrieved from /home/airflow/.local/lib/python3.8/site-packages/airflow/example_dags/example_skip_dag.py
[2025-09-18T10:03:48.114+0000] {logging_mixin.py:188} INFO - [2025-09-18T10:03:48.113+0000] {dag.py:3036} INFO - Sync 1 DAGs
[2025-09-18T10:03:48.176+0000] {logging_mixin.py:188} INFO - [2025-09-18T10:03:48.176+0000] {dag.py:3823} INFO - Setting next_dagrun for example_skip_dag to 2025-09-17 00:00:00+00:00, run_after=2025-09-18 00:00:00+00:00
[2025-09-18T10:03:48.221+0000] {processor.py:183} INFO - Processing /home/airflow/.local/lib/python3.8/site-packages/airflow/example_dags/example_skip_dag.py took 0.179 seconds
[2025-09-18T10:04:18.427+0000] {processor.py:161} INFO - Started process (PID=1183) to work on /home/airflow/.local/lib/python3.8/site-packages/airflow/example_dags/example_skip_dag.py
[2025-09-18T10:04:18.430+0000] {processor.py:830} INFO - Processing file /home/airflow/.local/lib/python3.8/site-packages/airflow/example_dags/example_skip_dag.py for tasks to queue
[2025-09-18T10:04:18.434+0000] {logging_mixin.py:188} INFO - [2025-09-18T10:04:18.433+0000] {dagbag.py:538} INFO - Filling up the DagBag from /home/airflow/.local/lib/python3.8/site-packages/airflow/example_dags/example_skip_dag.py
[2025-09-18T10:04:18.447+0000] {processor.py:840} INFO - DAG(s) 'example_skip_dag' retrieved from /home/airflow/.local/lib/python3.8/site-packages/airflow/example_dags/example_skip_dag.py
[2025-09-18T10:04:18.494+0000] {logging_mixin.py:188} INFO - [2025-09-18T10:04:18.493+0000] {dag.py:3036} INFO - Sync 1 DAGs
[2025-09-18T10:04:18.537+0000] {logging_mixin.py:188} INFO - [2025-09-18T10:04:18.536+0000] {dag.py:3823} INFO - Setting next_dagrun for example_skip_dag to 2025-09-17 00:00:00+00:00, run_after=2025-09-18 00:00:00+00:00
[2025-09-18T10:04:18.578+0000] {processor.py:183} INFO - Processing /home/airflow/.local/lib/python3.8/site-packages/airflow/example_dags/example_skip_dag.py took 0.156 seconds
[2025-09-18T10:04:48.863+0000] {processor.py:161} INFO - Started process (PID=1238) to work on /home/airflow/.local/lib/python3.8/site-packages/airflow/example_dags/example_skip_dag.py
[2025-09-18T10:04:48.865+0000] {processor.py:830} INFO - Processing file /home/airflow/.local/lib/python3.8/site-packages/airflow/example_dags/example_skip_dag.py for tasks to queue
[2025-09-18T10:04:48.869+0000] {logging_mixin.py:188} INFO - [2025-09-18T10:04:48.868+0000] {dagbag.py:538} INFO - Filling up the DagBag from /home/airflow/.local/lib/python3.8/site-packages/airflow/example_dags/example_skip_dag.py
[2025-09-18T10:04:48.885+0000] {processor.py:840} INFO - DAG(s) 'example_skip_dag' retrieved from /home/airflow/.local/lib/python3.8/site-packages/airflow/example_dags/example_skip_dag.py
[2025-09-18T10:04:48.929+0000] {logging_mixin.py:188} INFO - [2025-09-18T10:04:48.929+0000] {dag.py:3036} INFO - Sync 1 DAGs
[2025-09-18T10:04:48.973+0000] {logging_mixin.py:188} INFO - [2025-09-18T10:04:48.973+0000] {dag.py:3823} INFO - Setting next_dagrun for example_skip_dag to 2025-09-17 00:00:00+00:00, run_after=2025-09-18 00:00:00+00:00
[2025-09-18T10:04:49.016+0000] {processor.py:183} INFO - Processing /home/airflow/.local/lib/python3.8/site-packages/airflow/example_dags/example_skip_dag.py took 0.158 seconds
[2025-09-18T10:05:19.664+0000] {processor.py:161} INFO - Started process (PID=1293) to work on /home/airflow/.local/lib/python3.8/site-packages/airflow/example_dags/example_skip_dag.py
[2025-09-18T10:05:19.666+0000] {processor.py:830} INFO - Processing file /home/airflow/.local/lib/python3.8/site-packages/airflow/example_dags/example_skip_dag.py for tasks to queue
[2025-09-18T10:05:19.669+0000] {logging_mixin.py:188} INFO - [2025-09-18T10:05:19.669+0000] {dagbag.py:538} INFO - Filling up the DagBag from /home/airflow/.local/lib/python3.8/site-packages/airflow/example_dags/example_skip_dag.py
[2025-09-18T10:05:19.684+0000] {processor.py:840} INFO - DAG(s) 'example_skip_dag' retrieved from /home/airflow/.local/lib/python3.8/site-packages/airflow/example_dags/example_skip_dag.py
[2025-09-18T10:05:19.723+0000] {logging_mixin.py:188} INFO - [2025-09-18T10:05:19.722+0000] {dag.py:3036} INFO - Sync 1 DAGs
[2025-09-18T10:05:19.771+0000] {logging_mixin.py:188} INFO - [2025-09-18T10:05:19.770+0000] {dag.py:3823} INFO - Setting next_dagrun for example_skip_dag to 2025-09-17 00:00:00+00:00, run_after=2025-09-18 00:00:00+00:00
[2025-09-18T10:05:19.811+0000] {processor.py:183} INFO - Processing /home/airflow/.local/lib/python3.8/site-packages/airflow/example_dags/example_skip_dag.py took 0.153 seconds
