[2025-09-18T07:36:23.783+0000] {processor.py:161} INFO - Started process (PID=62) to work on /home/airflow/.local/lib/python3.8/site-packages/airflow/example_dags/example_setup_teardown.py
[2025-09-18T07:36:23.785+0000] {processor.py:830} INFO - Processing file /home/airflow/.local/lib/python3.8/site-packages/airflow/example_dags/example_setup_teardown.py for tasks to queue
[2025-09-18T07:36:23.800+0000] {logging_mixin.py:188} INFO - [2025-09-18T07:36:23.799+0000] {dagbag.py:538} INFO - Filling up the DagBag from /home/airflow/.local/lib/python3.8/site-packages/airflow/example_dags/example_setup_teardown.py
[2025-09-18T07:36:23.823+0000] {processor.py:840} INFO - DAG(s) 'example_setup_teardown' retrieved from /home/airflow/.local/lib/python3.8/site-packages/airflow/example_dags/example_setup_teardown.py
[2025-09-18T07:36:24.090+0000] {logging_mixin.py:188} INFO - [2025-09-18T07:36:24.088+0000] {override.py:1769} INFO - Created Permission View: can read on DAG:example_setup_teardown
[2025-09-18T07:36:24.115+0000] {logging_mixin.py:188} INFO - [2025-09-18T07:36:24.114+0000] {override.py:1769} INFO - Created Permission View: can delete on DAG:example_setup_teardown
[2025-09-18T07:36:24.128+0000] {logging_mixin.py:188} INFO - [2025-09-18T07:36:24.127+0000] {override.py:1769} INFO - Created Permission View: can edit on DAG:example_setup_teardown
[2025-09-18T07:36:24.129+0000] {logging_mixin.py:188} INFO - [2025-09-18T07:36:24.129+0000] {dag.py:3036} INFO - Sync 1 DAGs
[2025-09-18T07:36:24.155+0000] {logging_mixin.py:188} INFO - [2025-09-18T07:36:24.155+0000] {dag.py:3058} INFO - Creating ORM DAG for example_setup_teardown
[2025-09-18T07:36:24.173+0000] {logging_mixin.py:188} INFO - [2025-09-18T07:36:24.173+0000] {dag.py:3823} INFO - Setting next_dagrun for example_setup_teardown to 2025-09-17 00:00:00+00:00, run_after=2025-09-18 00:00:00+00:00
[2025-09-18T07:36:24.207+0000] {processor.py:183} INFO - Processing /home/airflow/.local/lib/python3.8/site-packages/airflow/example_dags/example_setup_teardown.py took 0.429 seconds
[2025-09-18T07:36:54.361+0000] {processor.py:161} INFO - Started process (PID=117) to work on /home/airflow/.local/lib/python3.8/site-packages/airflow/example_dags/example_setup_teardown.py
[2025-09-18T07:36:54.365+0000] {processor.py:830} INFO - Processing file /home/airflow/.local/lib/python3.8/site-packages/airflow/example_dags/example_setup_teardown.py for tasks to queue
[2025-09-18T07:36:54.369+0000] {logging_mixin.py:188} INFO - [2025-09-18T07:36:54.369+0000] {dagbag.py:538} INFO - Filling up the DagBag from /home/airflow/.local/lib/python3.8/site-packages/airflow/example_dags/example_setup_teardown.py
[2025-09-18T07:36:54.400+0000] {processor.py:840} INFO - DAG(s) 'example_setup_teardown' retrieved from /home/airflow/.local/lib/python3.8/site-packages/airflow/example_dags/example_setup_teardown.py
[2025-09-18T07:36:54.458+0000] {logging_mixin.py:188} INFO - [2025-09-18T07:36:54.457+0000] {dag.py:3036} INFO - Sync 1 DAGs
[2025-09-18T07:36:54.527+0000] {logging_mixin.py:188} INFO - [2025-09-18T07:36:54.526+0000] {dag.py:3823} INFO - Setting next_dagrun for example_setup_teardown to 2025-09-17 00:00:00+00:00, run_after=2025-09-18 00:00:00+00:00
[2025-09-18T07:36:54.579+0000] {processor.py:183} INFO - Processing /home/airflow/.local/lib/python3.8/site-packages/airflow/example_dags/example_setup_teardown.py took 0.230 seconds
[2025-09-18T07:37:25.162+0000] {processor.py:161} INFO - Started process (PID=172) to work on /home/airflow/.local/lib/python3.8/site-packages/airflow/example_dags/example_setup_teardown.py
[2025-09-18T07:37:25.164+0000] {processor.py:830} INFO - Processing file /home/airflow/.local/lib/python3.8/site-packages/airflow/example_dags/example_setup_teardown.py for tasks to queue
[2025-09-18T07:37:25.168+0000] {logging_mixin.py:188} INFO - [2025-09-18T07:37:25.168+0000] {dagbag.py:538} INFO - Filling up the DagBag from /home/airflow/.local/lib/python3.8/site-packages/airflow/example_dags/example_setup_teardown.py
[2025-09-18T07:37:25.180+0000] {processor.py:840} INFO - DAG(s) 'example_setup_teardown' retrieved from /home/airflow/.local/lib/python3.8/site-packages/airflow/example_dags/example_setup_teardown.py
[2025-09-18T07:37:25.254+0000] {logging_mixin.py:188} INFO - [2025-09-18T07:37:25.253+0000] {dag.py:3036} INFO - Sync 1 DAGs
[2025-09-18T07:37:25.320+0000] {logging_mixin.py:188} INFO - [2025-09-18T07:37:25.319+0000] {dag.py:3823} INFO - Setting next_dagrun for example_setup_teardown to 2025-09-17 00:00:00+00:00, run_after=2025-09-18 00:00:00+00:00
[2025-09-18T07:37:25.369+0000] {processor.py:183} INFO - Processing /home/airflow/.local/lib/python3.8/site-packages/airflow/example_dags/example_setup_teardown.py took 0.213 seconds
[2025-09-18T07:37:56.265+0000] {processor.py:161} INFO - Started process (PID=227) to work on /home/airflow/.local/lib/python3.8/site-packages/airflow/example_dags/example_setup_teardown.py
[2025-09-18T07:37:56.267+0000] {processor.py:830} INFO - Processing file /home/airflow/.local/lib/python3.8/site-packages/airflow/example_dags/example_setup_teardown.py for tasks to queue
[2025-09-18T07:37:56.270+0000] {logging_mixin.py:188} INFO - [2025-09-18T07:37:56.269+0000] {dagbag.py:538} INFO - Filling up the DagBag from /home/airflow/.local/lib/python3.8/site-packages/airflow/example_dags/example_setup_teardown.py
[2025-09-18T07:37:56.282+0000] {processor.py:840} INFO - DAG(s) 'example_setup_teardown' retrieved from /home/airflow/.local/lib/python3.8/site-packages/airflow/example_dags/example_setup_teardown.py
[2025-09-18T07:37:56.321+0000] {logging_mixin.py:188} INFO - [2025-09-18T07:37:56.320+0000] {dag.py:3036} INFO - Sync 1 DAGs
[2025-09-18T07:37:56.359+0000] {logging_mixin.py:188} INFO - [2025-09-18T07:37:56.359+0000] {dag.py:3823} INFO - Setting next_dagrun for example_setup_teardown to 2025-09-17 00:00:00+00:00, run_after=2025-09-18 00:00:00+00:00
[2025-09-18T07:37:56.396+0000] {processor.py:183} INFO - Processing /home/airflow/.local/lib/python3.8/site-packages/airflow/example_dags/example_setup_teardown.py took 0.140 seconds
[2025-09-18T07:38:27.132+0000] {processor.py:161} INFO - Started process (PID=282) to work on /home/airflow/.local/lib/python3.8/site-packages/airflow/example_dags/example_setup_teardown.py
[2025-09-18T07:38:27.136+0000] {processor.py:830} INFO - Processing file /home/airflow/.local/lib/python3.8/site-packages/airflow/example_dags/example_setup_teardown.py for tasks to queue
[2025-09-18T07:38:27.143+0000] {logging_mixin.py:188} INFO - [2025-09-18T07:38:27.142+0000] {dagbag.py:538} INFO - Filling up the DagBag from /home/airflow/.local/lib/python3.8/site-packages/airflow/example_dags/example_setup_teardown.py
[2025-09-18T07:38:27.169+0000] {processor.py:840} INFO - DAG(s) 'example_setup_teardown' retrieved from /home/airflow/.local/lib/python3.8/site-packages/airflow/example_dags/example_setup_teardown.py
[2025-09-18T07:38:27.256+0000] {logging_mixin.py:188} INFO - [2025-09-18T07:38:27.255+0000] {dag.py:3036} INFO - Sync 1 DAGs
[2025-09-18T07:38:27.338+0000] {logging_mixin.py:188} INFO - [2025-09-18T07:38:27.336+0000] {dag.py:3823} INFO - Setting next_dagrun for example_setup_teardown to 2025-09-17 00:00:00+00:00, run_after=2025-09-18 00:00:00+00:00
[2025-09-18T07:38:27.445+0000] {processor.py:183} INFO - Processing /home/airflow/.local/lib/python3.8/site-packages/airflow/example_dags/example_setup_teardown.py took 0.321 seconds
[2025-09-18T07:38:57.614+0000] {processor.py:161} INFO - Started process (PID=336) to work on /home/airflow/.local/lib/python3.8/site-packages/airflow/example_dags/example_setup_teardown.py
[2025-09-18T07:38:57.617+0000] {processor.py:830} INFO - Processing file /home/airflow/.local/lib/python3.8/site-packages/airflow/example_dags/example_setup_teardown.py for tasks to queue
[2025-09-18T07:38:57.620+0000] {logging_mixin.py:188} INFO - [2025-09-18T07:38:57.620+0000] {dagbag.py:538} INFO - Filling up the DagBag from /home/airflow/.local/lib/python3.8/site-packages/airflow/example_dags/example_setup_teardown.py
[2025-09-18T07:38:57.635+0000] {processor.py:840} INFO - DAG(s) 'example_setup_teardown' retrieved from /home/airflow/.local/lib/python3.8/site-packages/airflow/example_dags/example_setup_teardown.py
[2025-09-18T07:38:57.697+0000] {logging_mixin.py:188} INFO - [2025-09-18T07:38:57.696+0000] {dag.py:3036} INFO - Sync 1 DAGs
[2025-09-18T07:38:57.742+0000] {logging_mixin.py:188} INFO - [2025-09-18T07:38:57.742+0000] {dag.py:3823} INFO - Setting next_dagrun for example_setup_teardown to 2025-09-17 00:00:00+00:00, run_after=2025-09-18 00:00:00+00:00
[2025-09-18T07:38:57.778+0000] {processor.py:183} INFO - Processing /home/airflow/.local/lib/python3.8/site-packages/airflow/example_dags/example_setup_teardown.py took 0.170 seconds
[2025-09-18T07:39:28.400+0000] {processor.py:161} INFO - Started process (PID=391) to work on /home/airflow/.local/lib/python3.8/site-packages/airflow/example_dags/example_setup_teardown.py
[2025-09-18T07:39:28.402+0000] {processor.py:830} INFO - Processing file /home/airflow/.local/lib/python3.8/site-packages/airflow/example_dags/example_setup_teardown.py for tasks to queue
[2025-09-18T07:39:28.406+0000] {logging_mixin.py:188} INFO - [2025-09-18T07:39:28.406+0000] {dagbag.py:538} INFO - Filling up the DagBag from /home/airflow/.local/lib/python3.8/site-packages/airflow/example_dags/example_setup_teardown.py
[2025-09-18T07:39:28.422+0000] {processor.py:840} INFO - DAG(s) 'example_setup_teardown' retrieved from /home/airflow/.local/lib/python3.8/site-packages/airflow/example_dags/example_setup_teardown.py
[2025-09-18T07:39:28.464+0000] {logging_mixin.py:188} INFO - [2025-09-18T07:39:28.464+0000] {dag.py:3036} INFO - Sync 1 DAGs
[2025-09-18T07:39:28.513+0000] {logging_mixin.py:188} INFO - [2025-09-18T07:39:28.512+0000] {dag.py:3823} INFO - Setting next_dagrun for example_setup_teardown to 2025-09-17 00:00:00+00:00, run_after=2025-09-18 00:00:00+00:00
[2025-09-18T07:39:28.558+0000] {processor.py:183} INFO - Processing /home/airflow/.local/lib/python3.8/site-packages/airflow/example_dags/example_setup_teardown.py took 0.166 seconds
[2025-09-18T07:39:59.187+0000] {processor.py:161} INFO - Started process (PID=446) to work on /home/airflow/.local/lib/python3.8/site-packages/airflow/example_dags/example_setup_teardown.py
[2025-09-18T07:39:59.189+0000] {processor.py:830} INFO - Processing file /home/airflow/.local/lib/python3.8/site-packages/airflow/example_dags/example_setup_teardown.py for tasks to queue
[2025-09-18T07:39:59.193+0000] {logging_mixin.py:188} INFO - [2025-09-18T07:39:59.193+0000] {dagbag.py:538} INFO - Filling up the DagBag from /home/airflow/.local/lib/python3.8/site-packages/airflow/example_dags/example_setup_teardown.py
[2025-09-18T07:39:59.205+0000] {processor.py:840} INFO - DAG(s) 'example_setup_teardown' retrieved from /home/airflow/.local/lib/python3.8/site-packages/airflow/example_dags/example_setup_teardown.py
[2025-09-18T07:39:59.247+0000] {logging_mixin.py:188} INFO - [2025-09-18T07:39:59.247+0000] {dag.py:3036} INFO - Sync 1 DAGs
[2025-09-18T07:39:59.293+0000] {logging_mixin.py:188} INFO - [2025-09-18T07:39:59.292+0000] {dag.py:3823} INFO - Setting next_dagrun for example_setup_teardown to 2025-09-17 00:00:00+00:00, run_after=2025-09-18 00:00:00+00:00
[2025-09-18T07:39:59.351+0000] {processor.py:183} INFO - Processing /home/airflow/.local/lib/python3.8/site-packages/airflow/example_dags/example_setup_teardown.py took 0.170 seconds
[2025-09-18T07:40:29.566+0000] {processor.py:161} INFO - Started process (PID=502) to work on /home/airflow/.local/lib/python3.8/site-packages/airflow/example_dags/example_setup_teardown.py
[2025-09-18T07:40:29.568+0000] {processor.py:830} INFO - Processing file /home/airflow/.local/lib/python3.8/site-packages/airflow/example_dags/example_setup_teardown.py for tasks to queue
[2025-09-18T07:40:29.573+0000] {logging_mixin.py:188} INFO - [2025-09-18T07:40:29.572+0000] {dagbag.py:538} INFO - Filling up the DagBag from /home/airflow/.local/lib/python3.8/site-packages/airflow/example_dags/example_setup_teardown.py
[2025-09-18T07:40:29.585+0000] {processor.py:840} INFO - DAG(s) 'example_setup_teardown' retrieved from /home/airflow/.local/lib/python3.8/site-packages/airflow/example_dags/example_setup_teardown.py
[2025-09-18T07:40:29.627+0000] {logging_mixin.py:188} INFO - [2025-09-18T07:40:29.626+0000] {dag.py:3036} INFO - Sync 1 DAGs
[2025-09-18T07:40:29.672+0000] {logging_mixin.py:188} INFO - [2025-09-18T07:40:29.672+0000] {dag.py:3823} INFO - Setting next_dagrun for example_setup_teardown to 2025-09-17 00:00:00+00:00, run_after=2025-09-18 00:00:00+00:00
[2025-09-18T07:40:29.732+0000] {processor.py:183} INFO - Processing /home/airflow/.local/lib/python3.8/site-packages/airflow/example_dags/example_setup_teardown.py took 0.172 seconds
[2025-09-18T07:41:00.801+0000] {processor.py:161} INFO - Started process (PID=557) to work on /home/airflow/.local/lib/python3.8/site-packages/airflow/example_dags/example_setup_teardown.py
[2025-09-18T07:41:00.804+0000] {processor.py:830} INFO - Processing file /home/airflow/.local/lib/python3.8/site-packages/airflow/example_dags/example_setup_teardown.py for tasks to queue
[2025-09-18T07:41:00.809+0000] {logging_mixin.py:188} INFO - [2025-09-18T07:41:00.808+0000] {dagbag.py:538} INFO - Filling up the DagBag from /home/airflow/.local/lib/python3.8/site-packages/airflow/example_dags/example_setup_teardown.py
[2025-09-18T07:41:00.830+0000] {processor.py:840} INFO - DAG(s) 'example_setup_teardown' retrieved from /home/airflow/.local/lib/python3.8/site-packages/airflow/example_dags/example_setup_teardown.py
[2025-09-18T07:41:00.954+0000] {logging_mixin.py:188} INFO - [2025-09-18T07:41:00.954+0000] {dag.py:3036} INFO - Sync 1 DAGs
[2025-09-18T07:41:01.097+0000] {logging_mixin.py:188} INFO - [2025-09-18T07:41:01.096+0000] {dag.py:3823} INFO - Setting next_dagrun for example_setup_teardown to 2025-09-17 00:00:00+00:00, run_after=2025-09-18 00:00:00+00:00
[2025-09-18T07:41:01.187+0000] {processor.py:183} INFO - Processing /home/airflow/.local/lib/python3.8/site-packages/airflow/example_dags/example_setup_teardown.py took 0.395 seconds
[2025-09-18T07:41:31.255+0000] {processor.py:161} INFO - Started process (PID=612) to work on /home/airflow/.local/lib/python3.8/site-packages/airflow/example_dags/example_setup_teardown.py
[2025-09-18T07:41:31.257+0000] {processor.py:830} INFO - Processing file /home/airflow/.local/lib/python3.8/site-packages/airflow/example_dags/example_setup_teardown.py for tasks to queue
[2025-09-18T07:41:31.261+0000] {logging_mixin.py:188} INFO - [2025-09-18T07:41:31.260+0000] {dagbag.py:538} INFO - Filling up the DagBag from /home/airflow/.local/lib/python3.8/site-packages/airflow/example_dags/example_setup_teardown.py
[2025-09-18T07:41:31.275+0000] {processor.py:840} INFO - DAG(s) 'example_setup_teardown' retrieved from /home/airflow/.local/lib/python3.8/site-packages/airflow/example_dags/example_setup_teardown.py
[2025-09-18T07:41:31.312+0000] {logging_mixin.py:188} INFO - [2025-09-18T07:41:31.312+0000] {dag.py:3036} INFO - Sync 1 DAGs
[2025-09-18T07:41:31.354+0000] {logging_mixin.py:188} INFO - [2025-09-18T07:41:31.354+0000] {dag.py:3823} INFO - Setting next_dagrun for example_setup_teardown to 2025-09-17 00:00:00+00:00, run_after=2025-09-18 00:00:00+00:00
[2025-09-18T07:41:31.399+0000] {processor.py:183} INFO - Processing /home/airflow/.local/lib/python3.8/site-packages/airflow/example_dags/example_setup_teardown.py took 0.150 seconds
[2025-09-18T07:42:02.238+0000] {processor.py:161} INFO - Started process (PID=667) to work on /home/airflow/.local/lib/python3.8/site-packages/airflow/example_dags/example_setup_teardown.py
[2025-09-18T07:42:02.240+0000] {processor.py:830} INFO - Processing file /home/airflow/.local/lib/python3.8/site-packages/airflow/example_dags/example_setup_teardown.py for tasks to queue
[2025-09-18T07:42:02.245+0000] {logging_mixin.py:188} INFO - [2025-09-18T07:42:02.244+0000] {dagbag.py:538} INFO - Filling up the DagBag from /home/airflow/.local/lib/python3.8/site-packages/airflow/example_dags/example_setup_teardown.py
[2025-09-18T07:42:02.259+0000] {processor.py:840} INFO - DAG(s) 'example_setup_teardown' retrieved from /home/airflow/.local/lib/python3.8/site-packages/airflow/example_dags/example_setup_teardown.py
[2025-09-18T07:42:02.299+0000] {logging_mixin.py:188} INFO - [2025-09-18T07:42:02.299+0000] {dag.py:3036} INFO - Sync 1 DAGs
[2025-09-18T07:42:02.345+0000] {logging_mixin.py:188} INFO - [2025-09-18T07:42:02.344+0000] {dag.py:3823} INFO - Setting next_dagrun for example_setup_teardown to 2025-09-17 00:00:00+00:00, run_after=2025-09-18 00:00:00+00:00
[2025-09-18T07:42:02.390+0000] {processor.py:183} INFO - Processing /home/airflow/.local/lib/python3.8/site-packages/airflow/example_dags/example_setup_teardown.py took 0.158 seconds
[2025-09-18T07:42:32.830+0000] {processor.py:161} INFO - Started process (PID=722) to work on /home/airflow/.local/lib/python3.8/site-packages/airflow/example_dags/example_setup_teardown.py
[2025-09-18T07:42:32.836+0000] {processor.py:830} INFO - Processing file /home/airflow/.local/lib/python3.8/site-packages/airflow/example_dags/example_setup_teardown.py for tasks to queue
[2025-09-18T07:42:32.841+0000] {logging_mixin.py:188} INFO - [2025-09-18T07:42:32.840+0000] {dagbag.py:538} INFO - Filling up the DagBag from /home/airflow/.local/lib/python3.8/site-packages/airflow/example_dags/example_setup_teardown.py
[2025-09-18T07:42:32.876+0000] {processor.py:840} INFO - DAG(s) 'example_setup_teardown' retrieved from /home/airflow/.local/lib/python3.8/site-packages/airflow/example_dags/example_setup_teardown.py
[2025-09-18T07:42:32.980+0000] {logging_mixin.py:188} INFO - [2025-09-18T07:42:32.980+0000] {dag.py:3036} INFO - Sync 1 DAGs
[2025-09-18T07:42:33.036+0000] {logging_mixin.py:188} INFO - [2025-09-18T07:42:33.035+0000] {dag.py:3823} INFO - Setting next_dagrun for example_setup_teardown to 2025-09-17 00:00:00+00:00, run_after=2025-09-18 00:00:00+00:00
[2025-09-18T07:42:33.077+0000] {processor.py:183} INFO - Processing /home/airflow/.local/lib/python3.8/site-packages/airflow/example_dags/example_setup_teardown.py took 0.258 seconds
[2025-09-18T07:43:03.824+0000] {processor.py:161} INFO - Started process (PID=777) to work on /home/airflow/.local/lib/python3.8/site-packages/airflow/example_dags/example_setup_teardown.py
[2025-09-18T07:43:03.826+0000] {processor.py:830} INFO - Processing file /home/airflow/.local/lib/python3.8/site-packages/airflow/example_dags/example_setup_teardown.py for tasks to queue
[2025-09-18T07:43:03.831+0000] {logging_mixin.py:188} INFO - [2025-09-18T07:43:03.830+0000] {dagbag.py:538} INFO - Filling up the DagBag from /home/airflow/.local/lib/python3.8/site-packages/airflow/example_dags/example_setup_teardown.py
[2025-09-18T07:43:03.842+0000] {processor.py:840} INFO - DAG(s) 'example_setup_teardown' retrieved from /home/airflow/.local/lib/python3.8/site-packages/airflow/example_dags/example_setup_teardown.py
[2025-09-18T07:43:03.880+0000] {logging_mixin.py:188} INFO - [2025-09-18T07:43:03.880+0000] {dag.py:3036} INFO - Sync 1 DAGs
[2025-09-18T07:43:03.920+0000] {logging_mixin.py:188} INFO - [2025-09-18T07:43:03.920+0000] {dag.py:3823} INFO - Setting next_dagrun for example_setup_teardown to 2025-09-17 00:00:00+00:00, run_after=2025-09-18 00:00:00+00:00
[2025-09-18T07:43:03.958+0000] {processor.py:183} INFO - Processing /home/airflow/.local/lib/python3.8/site-packages/airflow/example_dags/example_setup_teardown.py took 0.140 seconds
[2025-09-18T07:43:34.644+0000] {processor.py:161} INFO - Started process (PID=832) to work on /home/airflow/.local/lib/python3.8/site-packages/airflow/example_dags/example_setup_teardown.py
[2025-09-18T07:43:34.647+0000] {processor.py:830} INFO - Processing file /home/airflow/.local/lib/python3.8/site-packages/airflow/example_dags/example_setup_teardown.py for tasks to queue
[2025-09-18T07:43:34.651+0000] {logging_mixin.py:188} INFO - [2025-09-18T07:43:34.650+0000] {dagbag.py:538} INFO - Filling up the DagBag from /home/airflow/.local/lib/python3.8/site-packages/airflow/example_dags/example_setup_teardown.py
[2025-09-18T07:43:34.671+0000] {processor.py:840} INFO - DAG(s) 'example_setup_teardown' retrieved from /home/airflow/.local/lib/python3.8/site-packages/airflow/example_dags/example_setup_teardown.py
[2025-09-18T07:43:34.720+0000] {logging_mixin.py:188} INFO - [2025-09-18T07:43:34.719+0000] {dag.py:3036} INFO - Sync 1 DAGs
[2025-09-18T07:43:34.772+0000] {logging_mixin.py:188} INFO - [2025-09-18T07:43:34.771+0000] {dag.py:3823} INFO - Setting next_dagrun for example_setup_teardown to 2025-09-17 00:00:00+00:00, run_after=2025-09-18 00:00:00+00:00
[2025-09-18T07:43:34.819+0000] {processor.py:183} INFO - Processing /home/airflow/.local/lib/python3.8/site-packages/airflow/example_dags/example_setup_teardown.py took 0.186 seconds
[2025-09-18T07:44:05.255+0000] {processor.py:161} INFO - Started process (PID=887) to work on /home/airflow/.local/lib/python3.8/site-packages/airflow/example_dags/example_setup_teardown.py
[2025-09-18T07:44:05.257+0000] {processor.py:830} INFO - Processing file /home/airflow/.local/lib/python3.8/site-packages/airflow/example_dags/example_setup_teardown.py for tasks to queue
[2025-09-18T07:44:05.261+0000] {logging_mixin.py:188} INFO - [2025-09-18T07:44:05.260+0000] {dagbag.py:538} INFO - Filling up the DagBag from /home/airflow/.local/lib/python3.8/site-packages/airflow/example_dags/example_setup_teardown.py
[2025-09-18T07:44:05.277+0000] {processor.py:840} INFO - DAG(s) 'example_setup_teardown' retrieved from /home/airflow/.local/lib/python3.8/site-packages/airflow/example_dags/example_setup_teardown.py
[2025-09-18T07:44:05.320+0000] {logging_mixin.py:188} INFO - [2025-09-18T07:44:05.320+0000] {dag.py:3036} INFO - Sync 1 DAGs
[2025-09-18T07:44:05.360+0000] {logging_mixin.py:188} INFO - [2025-09-18T07:44:05.359+0000] {dag.py:3823} INFO - Setting next_dagrun for example_setup_teardown to 2025-09-17 00:00:00+00:00, run_after=2025-09-18 00:00:00+00:00
[2025-09-18T07:44:05.394+0000] {processor.py:183} INFO - Processing /home/airflow/.local/lib/python3.8/site-packages/airflow/example_dags/example_setup_teardown.py took 0.145 seconds
[2025-09-18T07:44:35.918+0000] {processor.py:161} INFO - Started process (PID=942) to work on /home/airflow/.local/lib/python3.8/site-packages/airflow/example_dags/example_setup_teardown.py
[2025-09-18T07:44:35.920+0000] {processor.py:830} INFO - Processing file /home/airflow/.local/lib/python3.8/site-packages/airflow/example_dags/example_setup_teardown.py for tasks to queue
[2025-09-18T07:44:35.926+0000] {logging_mixin.py:188} INFO - [2025-09-18T07:44:35.925+0000] {dagbag.py:538} INFO - Filling up the DagBag from /home/airflow/.local/lib/python3.8/site-packages/airflow/example_dags/example_setup_teardown.py
[2025-09-18T07:44:35.942+0000] {processor.py:840} INFO - DAG(s) 'example_setup_teardown' retrieved from /home/airflow/.local/lib/python3.8/site-packages/airflow/example_dags/example_setup_teardown.py
[2025-09-18T07:44:35.985+0000] {logging_mixin.py:188} INFO - [2025-09-18T07:44:35.984+0000] {dag.py:3036} INFO - Sync 1 DAGs
[2025-09-18T07:44:36.029+0000] {logging_mixin.py:188} INFO - [2025-09-18T07:44:36.029+0000] {dag.py:3823} INFO - Setting next_dagrun for example_setup_teardown to 2025-09-17 00:00:00+00:00, run_after=2025-09-18 00:00:00+00:00
[2025-09-18T07:44:36.071+0000] {processor.py:183} INFO - Processing /home/airflow/.local/lib/python3.8/site-packages/airflow/example_dags/example_setup_teardown.py took 0.158 seconds
[2025-09-18T07:45:06.566+0000] {processor.py:161} INFO - Started process (PID=997) to work on /home/airflow/.local/lib/python3.8/site-packages/airflow/example_dags/example_setup_teardown.py
[2025-09-18T07:45:06.569+0000] {processor.py:830} INFO - Processing file /home/airflow/.local/lib/python3.8/site-packages/airflow/example_dags/example_setup_teardown.py for tasks to queue
[2025-09-18T07:45:06.574+0000] {logging_mixin.py:188} INFO - [2025-09-18T07:45:06.573+0000] {dagbag.py:538} INFO - Filling up the DagBag from /home/airflow/.local/lib/python3.8/site-packages/airflow/example_dags/example_setup_teardown.py
[2025-09-18T07:45:06.598+0000] {processor.py:840} INFO - DAG(s) 'example_setup_teardown' retrieved from /home/airflow/.local/lib/python3.8/site-packages/airflow/example_dags/example_setup_teardown.py
[2025-09-18T07:45:06.702+0000] {logging_mixin.py:188} INFO - [2025-09-18T07:45:06.701+0000] {dag.py:3036} INFO - Sync 1 DAGs
[2025-09-18T07:45:06.857+0000] {logging_mixin.py:188} INFO - [2025-09-18T07:45:06.856+0000] {dag.py:3823} INFO - Setting next_dagrun for example_setup_teardown to 2025-09-17 00:00:00+00:00, run_after=2025-09-18 00:00:00+00:00
[2025-09-18T07:45:06.945+0000] {processor.py:183} INFO - Processing /home/airflow/.local/lib/python3.8/site-packages/airflow/example_dags/example_setup_teardown.py took 0.389 seconds
[2025-09-18T07:45:37.428+0000] {processor.py:161} INFO - Started process (PID=1052) to work on /home/airflow/.local/lib/python3.8/site-packages/airflow/example_dags/example_setup_teardown.py
[2025-09-18T07:45:37.430+0000] {processor.py:830} INFO - Processing file /home/airflow/.local/lib/python3.8/site-packages/airflow/example_dags/example_setup_teardown.py for tasks to queue
[2025-09-18T07:45:37.434+0000] {logging_mixin.py:188} INFO - [2025-09-18T07:45:37.433+0000] {dagbag.py:538} INFO - Filling up the DagBag from /home/airflow/.local/lib/python3.8/site-packages/airflow/example_dags/example_setup_teardown.py
[2025-09-18T07:45:37.450+0000] {processor.py:840} INFO - DAG(s) 'example_setup_teardown' retrieved from /home/airflow/.local/lib/python3.8/site-packages/airflow/example_dags/example_setup_teardown.py
[2025-09-18T07:45:37.489+0000] {logging_mixin.py:188} INFO - [2025-09-18T07:45:37.489+0000] {dag.py:3036} INFO - Sync 1 DAGs
[2025-09-18T07:45:37.530+0000] {logging_mixin.py:188} INFO - [2025-09-18T07:45:37.529+0000] {dag.py:3823} INFO - Setting next_dagrun for example_setup_teardown to 2025-09-17 00:00:00+00:00, run_after=2025-09-18 00:00:00+00:00
[2025-09-18T07:45:37.569+0000] {processor.py:183} INFO - Processing /home/airflow/.local/lib/python3.8/site-packages/airflow/example_dags/example_setup_teardown.py took 0.147 seconds
[2025-09-18T07:46:08.108+0000] {processor.py:161} INFO - Started process (PID=1107) to work on /home/airflow/.local/lib/python3.8/site-packages/airflow/example_dags/example_setup_teardown.py
[2025-09-18T07:46:08.109+0000] {processor.py:830} INFO - Processing file /home/airflow/.local/lib/python3.8/site-packages/airflow/example_dags/example_setup_teardown.py for tasks to queue
[2025-09-18T07:46:08.113+0000] {logging_mixin.py:188} INFO - [2025-09-18T07:46:08.112+0000] {dagbag.py:538} INFO - Filling up the DagBag from /home/airflow/.local/lib/python3.8/site-packages/airflow/example_dags/example_setup_teardown.py
[2025-09-18T07:46:08.125+0000] {processor.py:840} INFO - DAG(s) 'example_setup_teardown' retrieved from /home/airflow/.local/lib/python3.8/site-packages/airflow/example_dags/example_setup_teardown.py
[2025-09-18T07:46:08.163+0000] {logging_mixin.py:188} INFO - [2025-09-18T07:46:08.162+0000] {dag.py:3036} INFO - Sync 1 DAGs
[2025-09-18T07:46:08.203+0000] {logging_mixin.py:188} INFO - [2025-09-18T07:46:08.202+0000] {dag.py:3823} INFO - Setting next_dagrun for example_setup_teardown to 2025-09-17 00:00:00+00:00, run_after=2025-09-18 00:00:00+00:00
[2025-09-18T07:46:08.241+0000] {processor.py:183} INFO - Processing /home/airflow/.local/lib/python3.8/site-packages/airflow/example_dags/example_setup_teardown.py took 0.139 seconds
[2025-09-18T07:46:38.558+0000] {processor.py:161} INFO - Started process (PID=1161) to work on /home/airflow/.local/lib/python3.8/site-packages/airflow/example_dags/example_setup_teardown.py
[2025-09-18T07:46:38.565+0000] {processor.py:830} INFO - Processing file /home/airflow/.local/lib/python3.8/site-packages/airflow/example_dags/example_setup_teardown.py for tasks to queue
[2025-09-18T07:46:38.570+0000] {logging_mixin.py:188} INFO - [2025-09-18T07:46:38.569+0000] {dagbag.py:538} INFO - Filling up the DagBag from /home/airflow/.local/lib/python3.8/site-packages/airflow/example_dags/example_setup_teardown.py
[2025-09-18T07:46:38.588+0000] {processor.py:840} INFO - DAG(s) 'example_setup_teardown' retrieved from /home/airflow/.local/lib/python3.8/site-packages/airflow/example_dags/example_setup_teardown.py
[2025-09-18T07:46:38.634+0000] {logging_mixin.py:188} INFO - [2025-09-18T07:46:38.634+0000] {dag.py:3036} INFO - Sync 1 DAGs
[2025-09-18T07:46:38.690+0000] {logging_mixin.py:188} INFO - [2025-09-18T07:46:38.689+0000] {dag.py:3823} INFO - Setting next_dagrun for example_setup_teardown to 2025-09-17 00:00:00+00:00, run_after=2025-09-18 00:00:00+00:00
[2025-09-18T07:46:38.736+0000] {processor.py:183} INFO - Processing /home/airflow/.local/lib/python3.8/site-packages/airflow/example_dags/example_setup_teardown.py took 0.184 seconds
[2025-09-18T07:47:09.518+0000] {processor.py:161} INFO - Started process (PID=1217) to work on /home/airflow/.local/lib/python3.8/site-packages/airflow/example_dags/example_setup_teardown.py
[2025-09-18T07:47:09.521+0000] {processor.py:830} INFO - Processing file /home/airflow/.local/lib/python3.8/site-packages/airflow/example_dags/example_setup_teardown.py for tasks to queue
[2025-09-18T07:47:09.525+0000] {logging_mixin.py:188} INFO - [2025-09-18T07:47:09.524+0000] {dagbag.py:538} INFO - Filling up the DagBag from /home/airflow/.local/lib/python3.8/site-packages/airflow/example_dags/example_setup_teardown.py
[2025-09-18T07:47:09.537+0000] {processor.py:840} INFO - DAG(s) 'example_setup_teardown' retrieved from /home/airflow/.local/lib/python3.8/site-packages/airflow/example_dags/example_setup_teardown.py
[2025-09-18T07:47:09.574+0000] {logging_mixin.py:188} INFO - [2025-09-18T07:47:09.573+0000] {dag.py:3036} INFO - Sync 1 DAGs
[2025-09-18T07:47:09.612+0000] {logging_mixin.py:188} INFO - [2025-09-18T07:47:09.612+0000] {dag.py:3823} INFO - Setting next_dagrun for example_setup_teardown to 2025-09-17 00:00:00+00:00, run_after=2025-09-18 00:00:00+00:00
[2025-09-18T07:47:09.650+0000] {processor.py:183} INFO - Processing /home/airflow/.local/lib/python3.8/site-packages/airflow/example_dags/example_setup_teardown.py took 0.139 seconds
[2025-09-18T07:47:40.040+0000] {processor.py:161} INFO - Started process (PID=1272) to work on /home/airflow/.local/lib/python3.8/site-packages/airflow/example_dags/example_setup_teardown.py
[2025-09-18T07:47:40.042+0000] {processor.py:830} INFO - Processing file /home/airflow/.local/lib/python3.8/site-packages/airflow/example_dags/example_setup_teardown.py for tasks to queue
[2025-09-18T07:47:40.047+0000] {logging_mixin.py:188} INFO - [2025-09-18T07:47:40.046+0000] {dagbag.py:538} INFO - Filling up the DagBag from /home/airflow/.local/lib/python3.8/site-packages/airflow/example_dags/example_setup_teardown.py
[2025-09-18T07:47:40.062+0000] {processor.py:840} INFO - DAG(s) 'example_setup_teardown' retrieved from /home/airflow/.local/lib/python3.8/site-packages/airflow/example_dags/example_setup_teardown.py
[2025-09-18T07:47:40.106+0000] {logging_mixin.py:188} INFO - [2025-09-18T07:47:40.106+0000] {dag.py:3036} INFO - Sync 1 DAGs
[2025-09-18T07:47:40.152+0000] {logging_mixin.py:188} INFO - [2025-09-18T07:47:40.152+0000] {dag.py:3823} INFO - Setting next_dagrun for example_setup_teardown to 2025-09-17 00:00:00+00:00, run_after=2025-09-18 00:00:00+00:00
[2025-09-18T07:47:40.206+0000] {processor.py:183} INFO - Processing /home/airflow/.local/lib/python3.8/site-packages/airflow/example_dags/example_setup_teardown.py took 0.173 seconds
[2025-09-18T07:48:10.644+0000] {processor.py:161} INFO - Started process (PID=1334) to work on /home/airflow/.local/lib/python3.8/site-packages/airflow/example_dags/example_setup_teardown.py
[2025-09-18T07:48:10.649+0000] {processor.py:830} INFO - Processing file /home/airflow/.local/lib/python3.8/site-packages/airflow/example_dags/example_setup_teardown.py for tasks to queue
[2025-09-18T07:48:10.653+0000] {logging_mixin.py:188} INFO - [2025-09-18T07:48:10.653+0000] {dagbag.py:538} INFO - Filling up the DagBag from /home/airflow/.local/lib/python3.8/site-packages/airflow/example_dags/example_setup_teardown.py
[2025-09-18T07:48:10.671+0000] {processor.py:840} INFO - DAG(s) 'example_setup_teardown' retrieved from /home/airflow/.local/lib/python3.8/site-packages/airflow/example_dags/example_setup_teardown.py
[2025-09-18T07:48:10.709+0000] {logging_mixin.py:188} INFO - [2025-09-18T07:48:10.708+0000] {dag.py:3036} INFO - Sync 1 DAGs
[2025-09-18T07:48:10.757+0000] {logging_mixin.py:188} INFO - [2025-09-18T07:48:10.757+0000] {dag.py:3823} INFO - Setting next_dagrun for example_setup_teardown to 2025-09-17 00:00:00+00:00, run_after=2025-09-18 00:00:00+00:00
[2025-09-18T07:48:10.799+0000] {processor.py:183} INFO - Processing /home/airflow/.local/lib/python3.8/site-packages/airflow/example_dags/example_setup_teardown.py took 0.162 seconds
[2025-09-18T07:56:46.223+0000] {processor.py:161} INFO - Started process (PID=61) to work on /home/airflow/.local/lib/python3.8/site-packages/airflow/example_dags/example_setup_teardown.py
[2025-09-18T07:56:46.226+0000] {processor.py:830} INFO - Processing file /home/airflow/.local/lib/python3.8/site-packages/airflow/example_dags/example_setup_teardown.py for tasks to queue
[2025-09-18T07:56:46.232+0000] {logging_mixin.py:188} INFO - [2025-09-18T07:56:46.231+0000] {dagbag.py:538} INFO - Filling up the DagBag from /home/airflow/.local/lib/python3.8/site-packages/airflow/example_dags/example_setup_teardown.py
[2025-09-18T07:56:46.257+0000] {processor.py:840} INFO - DAG(s) 'example_setup_teardown' retrieved from /home/airflow/.local/lib/python3.8/site-packages/airflow/example_dags/example_setup_teardown.py
[2025-09-18T07:56:46.481+0000] {logging_mixin.py:188} INFO - [2025-09-18T07:56:46.480+0000] {override.py:1769} INFO - Created Permission View: can edit on DAG:example_setup_teardown
[2025-09-18T07:56:46.504+0000] {logging_mixin.py:188} INFO - [2025-09-18T07:56:46.503+0000] {override.py:1769} INFO - Created Permission View: can read on DAG:example_setup_teardown
[2025-09-18T07:56:46.521+0000] {logging_mixin.py:188} INFO - [2025-09-18T07:56:46.521+0000] {override.py:1769} INFO - Created Permission View: can delete on DAG:example_setup_teardown
[2025-09-18T07:56:46.523+0000] {logging_mixin.py:188} INFO - [2025-09-18T07:56:46.522+0000] {dag.py:3036} INFO - Sync 1 DAGs
[2025-09-18T07:56:46.545+0000] {logging_mixin.py:188} INFO - [2025-09-18T07:56:46.544+0000] {dag.py:3058} INFO - Creating ORM DAG for example_setup_teardown
[2025-09-18T07:56:46.566+0000] {logging_mixin.py:188} INFO - [2025-09-18T07:56:46.565+0000] {dag.py:3823} INFO - Setting next_dagrun for example_setup_teardown to 2025-09-17 00:00:00+00:00, run_after=2025-09-18 00:00:00+00:00
[2025-09-18T07:56:46.604+0000] {processor.py:183} INFO - Processing /home/airflow/.local/lib/python3.8/site-packages/airflow/example_dags/example_setup_teardown.py took 0.387 seconds
[2025-09-18T07:57:23.273+0000] {processor.py:161} INFO - Started process (PID=116) to work on /home/airflow/.local/lib/python3.8/site-packages/airflow/example_dags/example_setup_teardown.py
[2025-09-18T07:57:23.276+0000] {processor.py:830} INFO - Processing file /home/airflow/.local/lib/python3.8/site-packages/airflow/example_dags/example_setup_teardown.py for tasks to queue
[2025-09-18T07:57:23.282+0000] {logging_mixin.py:188} INFO - [2025-09-18T07:57:23.281+0000] {dagbag.py:538} INFO - Filling up the DagBag from /home/airflow/.local/lib/python3.8/site-packages/airflow/example_dags/example_setup_teardown.py
[2025-09-18T07:57:23.302+0000] {processor.py:840} INFO - DAG(s) 'example_setup_teardown' retrieved from /home/airflow/.local/lib/python3.8/site-packages/airflow/example_dags/example_setup_teardown.py
[2025-09-18T07:57:23.368+0000] {logging_mixin.py:188} INFO - [2025-09-18T07:57:23.368+0000] {dag.py:3036} INFO - Sync 1 DAGs
[2025-09-18T07:57:23.449+0000] {logging_mixin.py:188} INFO - [2025-09-18T07:57:23.448+0000] {dag.py:3823} INFO - Setting next_dagrun for example_setup_teardown to 2025-09-17 00:00:00+00:00, run_after=2025-09-18 00:00:00+00:00
[2025-09-18T07:57:23.529+0000] {processor.py:183} INFO - Processing /home/airflow/.local/lib/python3.8/site-packages/airflow/example_dags/example_setup_teardown.py took 0.266 seconds
[2025-09-18T07:57:54.479+0000] {processor.py:161} INFO - Started process (PID=172) to work on /home/airflow/.local/lib/python3.8/site-packages/airflow/example_dags/example_setup_teardown.py
[2025-09-18T07:57:54.480+0000] {processor.py:830} INFO - Processing file /home/airflow/.local/lib/python3.8/site-packages/airflow/example_dags/example_setup_teardown.py for tasks to queue
[2025-09-18T07:57:54.485+0000] {logging_mixin.py:188} INFO - [2025-09-18T07:57:54.484+0000] {dagbag.py:538} INFO - Filling up the DagBag from /home/airflow/.local/lib/python3.8/site-packages/airflow/example_dags/example_setup_teardown.py
[2025-09-18T07:57:54.500+0000] {processor.py:840} INFO - DAG(s) 'example_setup_teardown' retrieved from /home/airflow/.local/lib/python3.8/site-packages/airflow/example_dags/example_setup_teardown.py
[2025-09-18T07:57:54.539+0000] {logging_mixin.py:188} INFO - [2025-09-18T07:57:54.539+0000] {dag.py:3036} INFO - Sync 1 DAGs
[2025-09-18T07:57:54.591+0000] {logging_mixin.py:188} INFO - [2025-09-18T07:57:54.591+0000] {dag.py:3823} INFO - Setting next_dagrun for example_setup_teardown to 2025-09-17 00:00:00+00:00, run_after=2025-09-18 00:00:00+00:00
[2025-09-18T07:57:54.641+0000] {processor.py:183} INFO - Processing /home/airflow/.local/lib/python3.8/site-packages/airflow/example_dags/example_setup_teardown.py took 0.169 seconds
[2025-09-18T09:46:50.107+0000] {processor.py:161} INFO - Started process (PID=61) to work on /home/airflow/.local/lib/python3.8/site-packages/airflow/example_dags/example_setup_teardown.py
[2025-09-18T09:46:50.110+0000] {processor.py:830} INFO - Processing file /home/airflow/.local/lib/python3.8/site-packages/airflow/example_dags/example_setup_teardown.py for tasks to queue
[2025-09-18T09:46:50.113+0000] {logging_mixin.py:188} INFO - [2025-09-18T09:46:50.112+0000] {dagbag.py:538} INFO - Filling up the DagBag from /home/airflow/.local/lib/python3.8/site-packages/airflow/example_dags/example_setup_teardown.py
[2025-09-18T09:46:50.129+0000] {processor.py:840} INFO - DAG(s) 'example_setup_teardown' retrieved from /home/airflow/.local/lib/python3.8/site-packages/airflow/example_dags/example_setup_teardown.py
[2025-09-18T09:46:50.326+0000] {logging_mixin.py:188} INFO - [2025-09-18T09:46:50.325+0000] {override.py:1769} INFO - Created Permission View: can delete on DAG:example_setup_teardown
[2025-09-18T09:46:50.347+0000] {logging_mixin.py:188} INFO - [2025-09-18T09:46:50.346+0000] {override.py:1769} INFO - Created Permission View: can edit on DAG:example_setup_teardown
[2025-09-18T09:46:50.364+0000] {logging_mixin.py:188} INFO - [2025-09-18T09:46:50.363+0000] {override.py:1769} INFO - Created Permission View: can read on DAG:example_setup_teardown
[2025-09-18T09:46:50.366+0000] {logging_mixin.py:188} INFO - [2025-09-18T09:46:50.365+0000] {dag.py:3036} INFO - Sync 1 DAGs
[2025-09-18T09:46:50.395+0000] {logging_mixin.py:188} INFO - [2025-09-18T09:46:50.394+0000] {dag.py:3058} INFO - Creating ORM DAG for example_setup_teardown
[2025-09-18T09:46:50.415+0000] {logging_mixin.py:188} INFO - [2025-09-18T09:46:50.415+0000] {dag.py:3823} INFO - Setting next_dagrun for example_setup_teardown to 2025-09-17 00:00:00+00:00, run_after=2025-09-18 00:00:00+00:00
[2025-09-18T09:46:50.451+0000] {processor.py:183} INFO - Processing /home/airflow/.local/lib/python3.8/site-packages/airflow/example_dags/example_setup_teardown.py took 0.351 seconds
[2025-09-18T09:47:20.707+0000] {processor.py:161} INFO - Started process (PID=116) to work on /home/airflow/.local/lib/python3.8/site-packages/airflow/example_dags/example_setup_teardown.py
[2025-09-18T09:47:20.709+0000] {processor.py:830} INFO - Processing file /home/airflow/.local/lib/python3.8/site-packages/airflow/example_dags/example_setup_teardown.py for tasks to queue
[2025-09-18T09:47:20.717+0000] {logging_mixin.py:188} INFO - [2025-09-18T09:47:20.716+0000] {dagbag.py:538} INFO - Filling up the DagBag from /home/airflow/.local/lib/python3.8/site-packages/airflow/example_dags/example_setup_teardown.py
[2025-09-18T09:47:20.737+0000] {processor.py:840} INFO - DAG(s) 'example_setup_teardown' retrieved from /home/airflow/.local/lib/python3.8/site-packages/airflow/example_dags/example_setup_teardown.py
[2025-09-18T09:47:20.784+0000] {logging_mixin.py:188} INFO - [2025-09-18T09:47:20.783+0000] {dag.py:3036} INFO - Sync 1 DAGs
[2025-09-18T09:47:20.832+0000] {logging_mixin.py:188} INFO - [2025-09-18T09:47:20.832+0000] {dag.py:3823} INFO - Setting next_dagrun for example_setup_teardown to 2025-09-17 00:00:00+00:00, run_after=2025-09-18 00:00:00+00:00
[2025-09-18T09:47:20.869+0000] {processor.py:183} INFO - Processing /home/airflow/.local/lib/python3.8/site-packages/airflow/example_dags/example_setup_teardown.py took 0.171 seconds
[2025-09-18T09:47:51.209+0000] {processor.py:161} INFO - Started process (PID=171) to work on /home/airflow/.local/lib/python3.8/site-packages/airflow/example_dags/example_setup_teardown.py
[2025-09-18T09:47:51.211+0000] {processor.py:830} INFO - Processing file /home/airflow/.local/lib/python3.8/site-packages/airflow/example_dags/example_setup_teardown.py for tasks to queue
[2025-09-18T09:47:51.217+0000] {logging_mixin.py:188} INFO - [2025-09-18T09:47:51.216+0000] {dagbag.py:538} INFO - Filling up the DagBag from /home/airflow/.local/lib/python3.8/site-packages/airflow/example_dags/example_setup_teardown.py
[2025-09-18T09:47:51.254+0000] {processor.py:840} INFO - DAG(s) 'example_setup_teardown' retrieved from /home/airflow/.local/lib/python3.8/site-packages/airflow/example_dags/example_setup_teardown.py
[2025-09-18T09:47:51.319+0000] {logging_mixin.py:188} INFO - [2025-09-18T09:47:51.319+0000] {dag.py:3036} INFO - Sync 1 DAGs
[2025-09-18T09:47:51.366+0000] {logging_mixin.py:188} INFO - [2025-09-18T09:47:51.366+0000] {dag.py:3823} INFO - Setting next_dagrun for example_setup_teardown to 2025-09-17 00:00:00+00:00, run_after=2025-09-18 00:00:00+00:00
[2025-09-18T09:47:51.408+0000] {processor.py:183} INFO - Processing /home/airflow/.local/lib/python3.8/site-packages/airflow/example_dags/example_setup_teardown.py took 0.217 seconds
[2025-09-18T09:48:21.750+0000] {processor.py:161} INFO - Started process (PID=226) to work on /home/airflow/.local/lib/python3.8/site-packages/airflow/example_dags/example_setup_teardown.py
[2025-09-18T09:48:21.753+0000] {processor.py:830} INFO - Processing file /home/airflow/.local/lib/python3.8/site-packages/airflow/example_dags/example_setup_teardown.py for tasks to queue
[2025-09-18T09:48:21.758+0000] {logging_mixin.py:188} INFO - [2025-09-18T09:48:21.757+0000] {dagbag.py:538} INFO - Filling up the DagBag from /home/airflow/.local/lib/python3.8/site-packages/airflow/example_dags/example_setup_teardown.py
[2025-09-18T09:48:21.774+0000] {processor.py:840} INFO - DAG(s) 'example_setup_teardown' retrieved from /home/airflow/.local/lib/python3.8/site-packages/airflow/example_dags/example_setup_teardown.py
[2025-09-18T09:48:21.816+0000] {logging_mixin.py:188} INFO - [2025-09-18T09:48:21.815+0000] {dag.py:3036} INFO - Sync 1 DAGs
[2025-09-18T09:48:21.864+0000] {logging_mixin.py:188} INFO - [2025-09-18T09:48:21.864+0000] {dag.py:3823} INFO - Setting next_dagrun for example_setup_teardown to 2025-09-17 00:00:00+00:00, run_after=2025-09-18 00:00:00+00:00
[2025-09-18T09:48:21.911+0000] {processor.py:183} INFO - Processing /home/airflow/.local/lib/python3.8/site-packages/airflow/example_dags/example_setup_teardown.py took 0.169 seconds
[2025-09-18T09:48:52.791+0000] {processor.py:161} INFO - Started process (PID=281) to work on /home/airflow/.local/lib/python3.8/site-packages/airflow/example_dags/example_setup_teardown.py
[2025-09-18T09:48:52.795+0000] {processor.py:830} INFO - Processing file /home/airflow/.local/lib/python3.8/site-packages/airflow/example_dags/example_setup_teardown.py for tasks to queue
[2025-09-18T09:48:52.802+0000] {logging_mixin.py:188} INFO - [2025-09-18T09:48:52.801+0000] {dagbag.py:538} INFO - Filling up the DagBag from /home/airflow/.local/lib/python3.8/site-packages/airflow/example_dags/example_setup_teardown.py
[2025-09-18T09:48:52.827+0000] {processor.py:840} INFO - DAG(s) 'example_setup_teardown' retrieved from /home/airflow/.local/lib/python3.8/site-packages/airflow/example_dags/example_setup_teardown.py
[2025-09-18T09:48:52.875+0000] {logging_mixin.py:188} INFO - [2025-09-18T09:48:52.875+0000] {dag.py:3036} INFO - Sync 1 DAGs
[2025-09-18T09:48:52.927+0000] {logging_mixin.py:188} INFO - [2025-09-18T09:48:52.927+0000] {dag.py:3823} INFO - Setting next_dagrun for example_setup_teardown to 2025-09-17 00:00:00+00:00, run_after=2025-09-18 00:00:00+00:00
[2025-09-18T09:48:52.987+0000] {processor.py:183} INFO - Processing /home/airflow/.local/lib/python3.8/site-packages/airflow/example_dags/example_setup_teardown.py took 0.204 seconds
[2025-09-18T09:49:23.151+0000] {processor.py:161} INFO - Started process (PID=336) to work on /home/airflow/.local/lib/python3.8/site-packages/airflow/example_dags/example_setup_teardown.py
[2025-09-18T09:49:23.153+0000] {processor.py:830} INFO - Processing file /home/airflow/.local/lib/python3.8/site-packages/airflow/example_dags/example_setup_teardown.py for tasks to queue
[2025-09-18T09:49:23.157+0000] {logging_mixin.py:188} INFO - [2025-09-18T09:49:23.156+0000] {dagbag.py:538} INFO - Filling up the DagBag from /home/airflow/.local/lib/python3.8/site-packages/airflow/example_dags/example_setup_teardown.py
[2025-09-18T09:49:23.170+0000] {processor.py:840} INFO - DAG(s) 'example_setup_teardown' retrieved from /home/airflow/.local/lib/python3.8/site-packages/airflow/example_dags/example_setup_teardown.py
[2025-09-18T09:49:23.213+0000] {logging_mixin.py:188} INFO - [2025-09-18T09:49:23.213+0000] {dag.py:3036} INFO - Sync 1 DAGs
[2025-09-18T09:49:23.254+0000] {logging_mixin.py:188} INFO - [2025-09-18T09:49:23.254+0000] {dag.py:3823} INFO - Setting next_dagrun for example_setup_teardown to 2025-09-17 00:00:00+00:00, run_after=2025-09-18 00:00:00+00:00
[2025-09-18T09:49:23.290+0000] {processor.py:183} INFO - Processing /home/airflow/.local/lib/python3.8/site-packages/airflow/example_dags/example_setup_teardown.py took 0.145 seconds
[2025-09-18T09:49:53.901+0000] {processor.py:161} INFO - Started process (PID=391) to work on /home/airflow/.local/lib/python3.8/site-packages/airflow/example_dags/example_setup_teardown.py
[2025-09-18T09:49:53.904+0000] {processor.py:830} INFO - Processing file /home/airflow/.local/lib/python3.8/site-packages/airflow/example_dags/example_setup_teardown.py for tasks to queue
[2025-09-18T09:49:53.910+0000] {logging_mixin.py:188} INFO - [2025-09-18T09:49:53.909+0000] {dagbag.py:538} INFO - Filling up the DagBag from /home/airflow/.local/lib/python3.8/site-packages/airflow/example_dags/example_setup_teardown.py
[2025-09-18T09:49:53.930+0000] {processor.py:840} INFO - DAG(s) 'example_setup_teardown' retrieved from /home/airflow/.local/lib/python3.8/site-packages/airflow/example_dags/example_setup_teardown.py
[2025-09-18T09:49:53.978+0000] {logging_mixin.py:188} INFO - [2025-09-18T09:49:53.977+0000] {dag.py:3036} INFO - Sync 1 DAGs
[2025-09-18T09:49:54.040+0000] {logging_mixin.py:188} INFO - [2025-09-18T09:49:54.040+0000] {dag.py:3823} INFO - Setting next_dagrun for example_setup_teardown to 2025-09-17 00:00:00+00:00, run_after=2025-09-18 00:00:00+00:00
[2025-09-18T09:49:54.084+0000] {processor.py:183} INFO - Processing /home/airflow/.local/lib/python3.8/site-packages/airflow/example_dags/example_setup_teardown.py took 0.192 seconds
[2025-09-18T09:50:24.742+0000] {processor.py:161} INFO - Started process (PID=446) to work on /home/airflow/.local/lib/python3.8/site-packages/airflow/example_dags/example_setup_teardown.py
[2025-09-18T09:50:24.744+0000] {processor.py:830} INFO - Processing file /home/airflow/.local/lib/python3.8/site-packages/airflow/example_dags/example_setup_teardown.py for tasks to queue
[2025-09-18T09:50:24.749+0000] {logging_mixin.py:188} INFO - [2025-09-18T09:50:24.749+0000] {dagbag.py:538} INFO - Filling up the DagBag from /home/airflow/.local/lib/python3.8/site-packages/airflow/example_dags/example_setup_teardown.py
[2025-09-18T09:50:24.768+0000] {processor.py:840} INFO - DAG(s) 'example_setup_teardown' retrieved from /home/airflow/.local/lib/python3.8/site-packages/airflow/example_dags/example_setup_teardown.py
[2025-09-18T09:50:24.810+0000] {logging_mixin.py:188} INFO - [2025-09-18T09:50:24.810+0000] {dag.py:3036} INFO - Sync 1 DAGs
[2025-09-18T09:50:24.858+0000] {logging_mixin.py:188} INFO - [2025-09-18T09:50:24.858+0000] {dag.py:3823} INFO - Setting next_dagrun for example_setup_teardown to 2025-09-17 00:00:00+00:00, run_after=2025-09-18 00:00:00+00:00
[2025-09-18T09:50:24.900+0000] {processor.py:183} INFO - Processing /home/airflow/.local/lib/python3.8/site-packages/airflow/example_dags/example_setup_teardown.py took 0.163 seconds
[2025-09-18T09:50:55.225+0000] {processor.py:161} INFO - Started process (PID=501) to work on /home/airflow/.local/lib/python3.8/site-packages/airflow/example_dags/example_setup_teardown.py
[2025-09-18T09:50:55.230+0000] {processor.py:830} INFO - Processing file /home/airflow/.local/lib/python3.8/site-packages/airflow/example_dags/example_setup_teardown.py for tasks to queue
[2025-09-18T09:50:55.234+0000] {logging_mixin.py:188} INFO - [2025-09-18T09:50:55.234+0000] {dagbag.py:538} INFO - Filling up the DagBag from /home/airflow/.local/lib/python3.8/site-packages/airflow/example_dags/example_setup_teardown.py
[2025-09-18T09:50:55.247+0000] {processor.py:840} INFO - DAG(s) 'example_setup_teardown' retrieved from /home/airflow/.local/lib/python3.8/site-packages/airflow/example_dags/example_setup_teardown.py
[2025-09-18T09:50:55.286+0000] {logging_mixin.py:188} INFO - [2025-09-18T09:50:55.286+0000] {dag.py:3036} INFO - Sync 1 DAGs
[2025-09-18T09:50:55.329+0000] {logging_mixin.py:188} INFO - [2025-09-18T09:50:55.329+0000] {dag.py:3823} INFO - Setting next_dagrun for example_setup_teardown to 2025-09-17 00:00:00+00:00, run_after=2025-09-18 00:00:00+00:00
[2025-09-18T09:50:55.373+0000] {processor.py:183} INFO - Processing /home/airflow/.local/lib/python3.8/site-packages/airflow/example_dags/example_setup_teardown.py took 0.155 seconds
[2025-09-18T09:54:00.329+0000] {processor.py:161} INFO - Started process (PID=62) to work on /home/airflow/.local/lib/python3.8/site-packages/airflow/example_dags/example_setup_teardown.py
[2025-09-18T09:54:00.335+0000] {processor.py:830} INFO - Processing file /home/airflow/.local/lib/python3.8/site-packages/airflow/example_dags/example_setup_teardown.py for tasks to queue
[2025-09-18T09:54:00.347+0000] {logging_mixin.py:188} INFO - [2025-09-18T09:54:00.346+0000] {dagbag.py:538} INFO - Filling up the DagBag from /home/airflow/.local/lib/python3.8/site-packages/airflow/example_dags/example_setup_teardown.py
[2025-09-18T09:54:00.384+0000] {processor.py:840} INFO - DAG(s) 'example_setup_teardown' retrieved from /home/airflow/.local/lib/python3.8/site-packages/airflow/example_dags/example_setup_teardown.py
[2025-09-18T09:54:00.690+0000] {logging_mixin.py:188} INFO - [2025-09-18T09:54:00.681+0000] {override.py:1769} INFO - Created Permission View: can delete on DAG:example_setup_teardown
[2025-09-18T09:54:00.748+0000] {logging_mixin.py:188} INFO - [2025-09-18T09:54:00.747+0000] {override.py:1769} INFO - Created Permission View: can edit on DAG:example_setup_teardown
[2025-09-18T09:54:00.777+0000] {logging_mixin.py:188} INFO - [2025-09-18T09:54:00.776+0000] {override.py:1769} INFO - Created Permission View: can read on DAG:example_setup_teardown
[2025-09-18T09:54:00.781+0000] {logging_mixin.py:188} INFO - [2025-09-18T09:54:00.780+0000] {dag.py:3036} INFO - Sync 1 DAGs
[2025-09-18T09:54:00.815+0000] {logging_mixin.py:188} INFO - [2025-09-18T09:54:00.814+0000] {dag.py:3058} INFO - Creating ORM DAG for example_setup_teardown
[2025-09-18T09:54:00.834+0000] {logging_mixin.py:188} INFO - [2025-09-18T09:54:00.833+0000] {dag.py:3823} INFO - Setting next_dagrun for example_setup_teardown to 2025-09-17 00:00:00+00:00, run_after=2025-09-18 00:00:00+00:00
[2025-09-18T09:54:00.883+0000] {processor.py:183} INFO - Processing /home/airflow/.local/lib/python3.8/site-packages/airflow/example_dags/example_setup_teardown.py took 0.568 seconds
[2025-09-18T09:54:31.537+0000] {processor.py:161} INFO - Started process (PID=117) to work on /home/airflow/.local/lib/python3.8/site-packages/airflow/example_dags/example_setup_teardown.py
[2025-09-18T09:54:31.538+0000] {processor.py:830} INFO - Processing file /home/airflow/.local/lib/python3.8/site-packages/airflow/example_dags/example_setup_teardown.py for tasks to queue
[2025-09-18T09:54:31.542+0000] {logging_mixin.py:188} INFO - [2025-09-18T09:54:31.542+0000] {dagbag.py:538} INFO - Filling up the DagBag from /home/airflow/.local/lib/python3.8/site-packages/airflow/example_dags/example_setup_teardown.py
[2025-09-18T09:54:31.554+0000] {processor.py:840} INFO - DAG(s) 'example_setup_teardown' retrieved from /home/airflow/.local/lib/python3.8/site-packages/airflow/example_dags/example_setup_teardown.py
[2025-09-18T09:54:31.594+0000] {logging_mixin.py:188} INFO - [2025-09-18T09:54:31.594+0000] {dag.py:3036} INFO - Sync 1 DAGs
[2025-09-18T09:54:31.637+0000] {logging_mixin.py:188} INFO - [2025-09-18T09:54:31.637+0000] {dag.py:3823} INFO - Setting next_dagrun for example_setup_teardown to 2025-09-17 00:00:00+00:00, run_after=2025-09-18 00:00:00+00:00
[2025-09-18T09:54:31.676+0000] {processor.py:183} INFO - Processing /home/airflow/.local/lib/python3.8/site-packages/airflow/example_dags/example_setup_teardown.py took 0.145 seconds
[2025-09-18T09:55:01.963+0000] {processor.py:161} INFO - Started process (PID=173) to work on /home/airflow/.local/lib/python3.8/site-packages/airflow/example_dags/example_setup_teardown.py
[2025-09-18T09:55:01.965+0000] {processor.py:830} INFO - Processing file /home/airflow/.local/lib/python3.8/site-packages/airflow/example_dags/example_setup_teardown.py for tasks to queue
[2025-09-18T09:55:01.969+0000] {logging_mixin.py:188} INFO - [2025-09-18T09:55:01.968+0000] {dagbag.py:538} INFO - Filling up the DagBag from /home/airflow/.local/lib/python3.8/site-packages/airflow/example_dags/example_setup_teardown.py
[2025-09-18T09:55:01.982+0000] {processor.py:840} INFO - DAG(s) 'example_setup_teardown' retrieved from /home/airflow/.local/lib/python3.8/site-packages/airflow/example_dags/example_setup_teardown.py
[2025-09-18T09:55:02.028+0000] {logging_mixin.py:188} INFO - [2025-09-18T09:55:02.028+0000] {dag.py:3036} INFO - Sync 1 DAGs
[2025-09-18T09:55:02.076+0000] {logging_mixin.py:188} INFO - [2025-09-18T09:55:02.076+0000] {dag.py:3823} INFO - Setting next_dagrun for example_setup_teardown to 2025-09-17 00:00:00+00:00, run_after=2025-09-18 00:00:00+00:00
[2025-09-18T09:55:02.123+0000] {processor.py:183} INFO - Processing /home/airflow/.local/lib/python3.8/site-packages/airflow/example_dags/example_setup_teardown.py took 0.167 seconds
[2025-09-18T09:55:32.300+0000] {processor.py:161} INFO - Started process (PID=228) to work on /home/airflow/.local/lib/python3.8/site-packages/airflow/example_dags/example_setup_teardown.py
[2025-09-18T09:55:32.303+0000] {processor.py:830} INFO - Processing file /home/airflow/.local/lib/python3.8/site-packages/airflow/example_dags/example_setup_teardown.py for tasks to queue
[2025-09-18T09:55:32.307+0000] {logging_mixin.py:188} INFO - [2025-09-18T09:55:32.306+0000] {dagbag.py:538} INFO - Filling up the DagBag from /home/airflow/.local/lib/python3.8/site-packages/airflow/example_dags/example_setup_teardown.py
[2025-09-18T09:55:32.324+0000] {processor.py:840} INFO - DAG(s) 'example_setup_teardown' retrieved from /home/airflow/.local/lib/python3.8/site-packages/airflow/example_dags/example_setup_teardown.py
[2025-09-18T09:55:32.370+0000] {logging_mixin.py:188} INFO - [2025-09-18T09:55:32.369+0000] {dag.py:3036} INFO - Sync 1 DAGs
[2025-09-18T09:55:32.449+0000] {logging_mixin.py:188} INFO - [2025-09-18T09:55:32.449+0000] {dag.py:3823} INFO - Setting next_dagrun for example_setup_teardown to 2025-09-17 00:00:00+00:00, run_after=2025-09-18 00:00:00+00:00
[2025-09-18T09:55:32.554+0000] {processor.py:183} INFO - Processing /home/airflow/.local/lib/python3.8/site-packages/airflow/example_dags/example_setup_teardown.py took 0.262 seconds
[2025-09-18T09:56:03.308+0000] {processor.py:161} INFO - Started process (PID=283) to work on /home/airflow/.local/lib/python3.8/site-packages/airflow/example_dags/example_setup_teardown.py
[2025-09-18T09:56:03.311+0000] {processor.py:830} INFO - Processing file /home/airflow/.local/lib/python3.8/site-packages/airflow/example_dags/example_setup_teardown.py for tasks to queue
[2025-09-18T09:56:03.315+0000] {logging_mixin.py:188} INFO - [2025-09-18T09:56:03.315+0000] {dagbag.py:538} INFO - Filling up the DagBag from /home/airflow/.local/lib/python3.8/site-packages/airflow/example_dags/example_setup_teardown.py
[2025-09-18T09:56:03.329+0000] {processor.py:840} INFO - DAG(s) 'example_setup_teardown' retrieved from /home/airflow/.local/lib/python3.8/site-packages/airflow/example_dags/example_setup_teardown.py
[2025-09-18T09:56:03.369+0000] {logging_mixin.py:188} INFO - [2025-09-18T09:56:03.369+0000] {dag.py:3036} INFO - Sync 1 DAGs
[2025-09-18T09:56:03.415+0000] {logging_mixin.py:188} INFO - [2025-09-18T09:56:03.414+0000] {dag.py:3823} INFO - Setting next_dagrun for example_setup_teardown to 2025-09-17 00:00:00+00:00, run_after=2025-09-18 00:00:00+00:00
[2025-09-18T09:56:03.455+0000] {processor.py:183} INFO - Processing /home/airflow/.local/lib/python3.8/site-packages/airflow/example_dags/example_setup_teardown.py took 0.153 seconds
[2025-09-18T09:56:33.662+0000] {processor.py:161} INFO - Started process (PID=338) to work on /home/airflow/.local/lib/python3.8/site-packages/airflow/example_dags/example_setup_teardown.py
[2025-09-18T09:56:33.668+0000] {processor.py:830} INFO - Processing file /home/airflow/.local/lib/python3.8/site-packages/airflow/example_dags/example_setup_teardown.py for tasks to queue
[2025-09-18T09:56:33.672+0000] {logging_mixin.py:188} INFO - [2025-09-18T09:56:33.672+0000] {dagbag.py:538} INFO - Filling up the DagBag from /home/airflow/.local/lib/python3.8/site-packages/airflow/example_dags/example_setup_teardown.py
[2025-09-18T09:56:33.684+0000] {processor.py:840} INFO - DAG(s) 'example_setup_teardown' retrieved from /home/airflow/.local/lib/python3.8/site-packages/airflow/example_dags/example_setup_teardown.py
[2025-09-18T09:56:33.728+0000] {logging_mixin.py:188} INFO - [2025-09-18T09:56:33.728+0000] {dag.py:3036} INFO - Sync 1 DAGs
[2025-09-18T09:56:33.779+0000] {logging_mixin.py:188} INFO - [2025-09-18T09:56:33.779+0000] {dag.py:3823} INFO - Setting next_dagrun for example_setup_teardown to 2025-09-17 00:00:00+00:00, run_after=2025-09-18 00:00:00+00:00
[2025-09-18T09:56:33.819+0000] {processor.py:183} INFO - Processing /home/airflow/.local/lib/python3.8/site-packages/airflow/example_dags/example_setup_teardown.py took 0.163 seconds
[2025-09-18T09:57:04.394+0000] {processor.py:161} INFO - Started process (PID=393) to work on /home/airflow/.local/lib/python3.8/site-packages/airflow/example_dags/example_setup_teardown.py
[2025-09-18T09:57:04.396+0000] {processor.py:830} INFO - Processing file /home/airflow/.local/lib/python3.8/site-packages/airflow/example_dags/example_setup_teardown.py for tasks to queue
[2025-09-18T09:57:04.400+0000] {logging_mixin.py:188} INFO - [2025-09-18T09:57:04.399+0000] {dagbag.py:538} INFO - Filling up the DagBag from /home/airflow/.local/lib/python3.8/site-packages/airflow/example_dags/example_setup_teardown.py
[2025-09-18T09:57:04.412+0000] {processor.py:840} INFO - DAG(s) 'example_setup_teardown' retrieved from /home/airflow/.local/lib/python3.8/site-packages/airflow/example_dags/example_setup_teardown.py
[2025-09-18T09:57:04.451+0000] {logging_mixin.py:188} INFO - [2025-09-18T09:57:04.450+0000] {dag.py:3036} INFO - Sync 1 DAGs
[2025-09-18T09:57:04.491+0000] {logging_mixin.py:188} INFO - [2025-09-18T09:57:04.491+0000] {dag.py:3823} INFO - Setting next_dagrun for example_setup_teardown to 2025-09-17 00:00:00+00:00, run_after=2025-09-18 00:00:00+00:00
[2025-09-18T09:57:04.530+0000] {processor.py:183} INFO - Processing /home/airflow/.local/lib/python3.8/site-packages/airflow/example_dags/example_setup_teardown.py took 0.141 seconds
[2025-09-18T09:57:34.850+0000] {processor.py:161} INFO - Started process (PID=448) to work on /home/airflow/.local/lib/python3.8/site-packages/airflow/example_dags/example_setup_teardown.py
[2025-09-18T09:57:34.853+0000] {processor.py:830} INFO - Processing file /home/airflow/.local/lib/python3.8/site-packages/airflow/example_dags/example_setup_teardown.py for tasks to queue
[2025-09-18T09:57:34.857+0000] {logging_mixin.py:188} INFO - [2025-09-18T09:57:34.856+0000] {dagbag.py:538} INFO - Filling up the DagBag from /home/airflow/.local/lib/python3.8/site-packages/airflow/example_dags/example_setup_teardown.py
[2025-09-18T09:57:34.873+0000] {processor.py:840} INFO - DAG(s) 'example_setup_teardown' retrieved from /home/airflow/.local/lib/python3.8/site-packages/airflow/example_dags/example_setup_teardown.py
[2025-09-18T09:57:34.920+0000] {logging_mixin.py:188} INFO - [2025-09-18T09:57:34.919+0000] {dag.py:3036} INFO - Sync 1 DAGs
[2025-09-18T09:57:34.998+0000] {logging_mixin.py:188} INFO - [2025-09-18T09:57:34.997+0000] {dag.py:3823} INFO - Setting next_dagrun for example_setup_teardown to 2025-09-17 00:00:00+00:00, run_after=2025-09-18 00:00:00+00:00
[2025-09-18T09:57:35.055+0000] {processor.py:183} INFO - Processing /home/airflow/.local/lib/python3.8/site-packages/airflow/example_dags/example_setup_teardown.py took 0.212 seconds
[2025-09-18T09:58:05.176+0000] {processor.py:161} INFO - Started process (PID=502) to work on /home/airflow/.local/lib/python3.8/site-packages/airflow/example_dags/example_setup_teardown.py
[2025-09-18T09:58:05.179+0000] {processor.py:830} INFO - Processing file /home/airflow/.local/lib/python3.8/site-packages/airflow/example_dags/example_setup_teardown.py for tasks to queue
[2025-09-18T09:58:05.189+0000] {logging_mixin.py:188} INFO - [2025-09-18T09:58:05.186+0000] {dagbag.py:538} INFO - Filling up the DagBag from /home/airflow/.local/lib/python3.8/site-packages/airflow/example_dags/example_setup_teardown.py
[2025-09-18T09:58:05.214+0000] {processor.py:840} INFO - DAG(s) 'example_setup_teardown' retrieved from /home/airflow/.local/lib/python3.8/site-packages/airflow/example_dags/example_setup_teardown.py
[2025-09-18T09:58:05.255+0000] {logging_mixin.py:188} INFO - [2025-09-18T09:58:05.254+0000] {dag.py:3036} INFO - Sync 1 DAGs
[2025-09-18T09:58:05.297+0000] {logging_mixin.py:188} INFO - [2025-09-18T09:58:05.297+0000] {dag.py:3823} INFO - Setting next_dagrun for example_setup_teardown to 2025-09-17 00:00:00+00:00, run_after=2025-09-18 00:00:00+00:00
[2025-09-18T09:58:05.337+0000] {processor.py:183} INFO - Processing /home/airflow/.local/lib/python3.8/site-packages/airflow/example_dags/example_setup_teardown.py took 0.176 seconds
[2025-09-18T09:58:35.553+0000] {processor.py:161} INFO - Started process (PID=558) to work on /home/airflow/.local/lib/python3.8/site-packages/airflow/example_dags/example_setup_teardown.py
[2025-09-18T09:58:35.556+0000] {processor.py:830} INFO - Processing file /home/airflow/.local/lib/python3.8/site-packages/airflow/example_dags/example_setup_teardown.py for tasks to queue
[2025-09-18T09:58:35.561+0000] {logging_mixin.py:188} INFO - [2025-09-18T09:58:35.560+0000] {dagbag.py:538} INFO - Filling up the DagBag from /home/airflow/.local/lib/python3.8/site-packages/airflow/example_dags/example_setup_teardown.py
[2025-09-18T09:58:35.573+0000] {processor.py:840} INFO - DAG(s) 'example_setup_teardown' retrieved from /home/airflow/.local/lib/python3.8/site-packages/airflow/example_dags/example_setup_teardown.py
[2025-09-18T09:58:35.613+0000] {logging_mixin.py:188} INFO - [2025-09-18T09:58:35.612+0000] {dag.py:3036} INFO - Sync 1 DAGs
[2025-09-18T09:58:35.654+0000] {logging_mixin.py:188} INFO - [2025-09-18T09:58:35.653+0000] {dag.py:3823} INFO - Setting next_dagrun for example_setup_teardown to 2025-09-17 00:00:00+00:00, run_after=2025-09-18 00:00:00+00:00
[2025-09-18T09:58:35.689+0000] {processor.py:183} INFO - Processing /home/airflow/.local/lib/python3.8/site-packages/airflow/example_dags/example_setup_teardown.py took 0.147 seconds
[2025-09-18T09:59:05.921+0000] {processor.py:161} INFO - Started process (PID=613) to work on /home/airflow/.local/lib/python3.8/site-packages/airflow/example_dags/example_setup_teardown.py
[2025-09-18T09:59:05.924+0000] {processor.py:830} INFO - Processing file /home/airflow/.local/lib/python3.8/site-packages/airflow/example_dags/example_setup_teardown.py for tasks to queue
[2025-09-18T09:59:05.927+0000] {logging_mixin.py:188} INFO - [2025-09-18T09:59:05.927+0000] {dagbag.py:538} INFO - Filling up the DagBag from /home/airflow/.local/lib/python3.8/site-packages/airflow/example_dags/example_setup_teardown.py
[2025-09-18T09:59:05.941+0000] {processor.py:840} INFO - DAG(s) 'example_setup_teardown' retrieved from /home/airflow/.local/lib/python3.8/site-packages/airflow/example_dags/example_setup_teardown.py
[2025-09-18T09:59:05.982+0000] {logging_mixin.py:188} INFO - [2025-09-18T09:59:05.981+0000] {dag.py:3036} INFO - Sync 1 DAGs
[2025-09-18T09:59:06.023+0000] {logging_mixin.py:188} INFO - [2025-09-18T09:59:06.023+0000] {dag.py:3823} INFO - Setting next_dagrun for example_setup_teardown to 2025-09-17 00:00:00+00:00, run_after=2025-09-18 00:00:00+00:00
[2025-09-18T09:59:06.065+0000] {processor.py:183} INFO - Processing /home/airflow/.local/lib/python3.8/site-packages/airflow/example_dags/example_setup_teardown.py took 0.149 seconds
[2025-09-18T09:59:36.920+0000] {processor.py:161} INFO - Started process (PID=668) to work on /home/airflow/.local/lib/python3.8/site-packages/airflow/example_dags/example_setup_teardown.py
[2025-09-18T09:59:36.923+0000] {processor.py:830} INFO - Processing file /home/airflow/.local/lib/python3.8/site-packages/airflow/example_dags/example_setup_teardown.py for tasks to queue
[2025-09-18T09:59:36.926+0000] {logging_mixin.py:188} INFO - [2025-09-18T09:59:36.926+0000] {dagbag.py:538} INFO - Filling up the DagBag from /home/airflow/.local/lib/python3.8/site-packages/airflow/example_dags/example_setup_teardown.py
[2025-09-18T09:59:36.939+0000] {processor.py:840} INFO - DAG(s) 'example_setup_teardown' retrieved from /home/airflow/.local/lib/python3.8/site-packages/airflow/example_dags/example_setup_teardown.py
[2025-09-18T09:59:36.978+0000] {logging_mixin.py:188} INFO - [2025-09-18T09:59:36.977+0000] {dag.py:3036} INFO - Sync 1 DAGs
[2025-09-18T09:59:37.029+0000] {logging_mixin.py:188} INFO - [2025-09-18T09:59:37.028+0000] {dag.py:3823} INFO - Setting next_dagrun for example_setup_teardown to 2025-09-17 00:00:00+00:00, run_after=2025-09-18 00:00:00+00:00
[2025-09-18T09:59:37.072+0000] {processor.py:183} INFO - Processing /home/airflow/.local/lib/python3.8/site-packages/airflow/example_dags/example_setup_teardown.py took 0.160 seconds
[2025-09-18T10:00:07.831+0000] {processor.py:161} INFO - Started process (PID=729) to work on /home/airflow/.local/lib/python3.8/site-packages/airflow/example_dags/example_setup_teardown.py
[2025-09-18T10:00:07.833+0000] {processor.py:830} INFO - Processing file /home/airflow/.local/lib/python3.8/site-packages/airflow/example_dags/example_setup_teardown.py for tasks to queue
[2025-09-18T10:00:07.837+0000] {logging_mixin.py:188} INFO - [2025-09-18T10:00:07.836+0000] {dagbag.py:538} INFO - Filling up the DagBag from /home/airflow/.local/lib/python3.8/site-packages/airflow/example_dags/example_setup_teardown.py
[2025-09-18T10:00:07.849+0000] {processor.py:840} INFO - DAG(s) 'example_setup_teardown' retrieved from /home/airflow/.local/lib/python3.8/site-packages/airflow/example_dags/example_setup_teardown.py
[2025-09-18T10:00:07.892+0000] {logging_mixin.py:188} INFO - [2025-09-18T10:00:07.891+0000] {dag.py:3036} INFO - Sync 1 DAGs
[2025-09-18T10:00:07.943+0000] {logging_mixin.py:188} INFO - [2025-09-18T10:00:07.942+0000] {dag.py:3823} INFO - Setting next_dagrun for example_setup_teardown to 2025-09-17 00:00:00+00:00, run_after=2025-09-18 00:00:00+00:00
[2025-09-18T10:00:07.983+0000] {processor.py:183} INFO - Processing /home/airflow/.local/lib/python3.8/site-packages/airflow/example_dags/example_setup_teardown.py took 0.158 seconds
[2025-09-18T10:00:38.420+0000] {processor.py:161} INFO - Started process (PID=784) to work on /home/airflow/.local/lib/python3.8/site-packages/airflow/example_dags/example_setup_teardown.py
[2025-09-18T10:00:38.422+0000] {processor.py:830} INFO - Processing file /home/airflow/.local/lib/python3.8/site-packages/airflow/example_dags/example_setup_teardown.py for tasks to queue
[2025-09-18T10:00:38.426+0000] {logging_mixin.py:188} INFO - [2025-09-18T10:00:38.425+0000] {dagbag.py:538} INFO - Filling up the DagBag from /home/airflow/.local/lib/python3.8/site-packages/airflow/example_dags/example_setup_teardown.py
[2025-09-18T10:00:38.437+0000] {processor.py:840} INFO - DAG(s) 'example_setup_teardown' retrieved from /home/airflow/.local/lib/python3.8/site-packages/airflow/example_dags/example_setup_teardown.py
[2025-09-18T10:00:38.489+0000] {logging_mixin.py:188} INFO - [2025-09-18T10:00:38.489+0000] {dag.py:3036} INFO - Sync 1 DAGs
[2025-09-18T10:00:38.539+0000] {logging_mixin.py:188} INFO - [2025-09-18T10:00:38.538+0000] {dag.py:3823} INFO - Setting next_dagrun for example_setup_teardown to 2025-09-17 00:00:00+00:00, run_after=2025-09-18 00:00:00+00:00
[2025-09-18T10:00:38.579+0000] {processor.py:183} INFO - Processing /home/airflow/.local/lib/python3.8/site-packages/airflow/example_dags/example_setup_teardown.py took 0.166 seconds
[2025-09-18T10:01:09.258+0000] {processor.py:161} INFO - Started process (PID=839) to work on /home/airflow/.local/lib/python3.8/site-packages/airflow/example_dags/example_setup_teardown.py
[2025-09-18T10:01:09.260+0000] {processor.py:830} INFO - Processing file /home/airflow/.local/lib/python3.8/site-packages/airflow/example_dags/example_setup_teardown.py for tasks to queue
[2025-09-18T10:01:09.265+0000] {logging_mixin.py:188} INFO - [2025-09-18T10:01:09.264+0000] {dagbag.py:538} INFO - Filling up the DagBag from /home/airflow/.local/lib/python3.8/site-packages/airflow/example_dags/example_setup_teardown.py
[2025-09-18T10:01:09.279+0000] {processor.py:840} INFO - DAG(s) 'example_setup_teardown' retrieved from /home/airflow/.local/lib/python3.8/site-packages/airflow/example_dags/example_setup_teardown.py
[2025-09-18T10:01:09.315+0000] {logging_mixin.py:188} INFO - [2025-09-18T10:01:09.315+0000] {dag.py:3036} INFO - Sync 1 DAGs
[2025-09-18T10:01:09.356+0000] {logging_mixin.py:188} INFO - [2025-09-18T10:01:09.356+0000] {dag.py:3823} INFO - Setting next_dagrun for example_setup_teardown to 2025-09-17 00:00:00+00:00, run_after=2025-09-18 00:00:00+00:00
[2025-09-18T10:01:09.397+0000] {processor.py:183} INFO - Processing /home/airflow/.local/lib/python3.8/site-packages/airflow/example_dags/example_setup_teardown.py took 0.145 seconds
[2025-09-18T10:01:39.685+0000] {processor.py:161} INFO - Started process (PID=894) to work on /home/airflow/.local/lib/python3.8/site-packages/airflow/example_dags/example_setup_teardown.py
[2025-09-18T10:01:39.687+0000] {processor.py:830} INFO - Processing file /home/airflow/.local/lib/python3.8/site-packages/airflow/example_dags/example_setup_teardown.py for tasks to queue
[2025-09-18T10:01:39.691+0000] {logging_mixin.py:188} INFO - [2025-09-18T10:01:39.691+0000] {dagbag.py:538} INFO - Filling up the DagBag from /home/airflow/.local/lib/python3.8/site-packages/airflow/example_dags/example_setup_teardown.py
[2025-09-18T10:01:39.703+0000] {processor.py:840} INFO - DAG(s) 'example_setup_teardown' retrieved from /home/airflow/.local/lib/python3.8/site-packages/airflow/example_dags/example_setup_teardown.py
[2025-09-18T10:01:39.743+0000] {logging_mixin.py:188} INFO - [2025-09-18T10:01:39.743+0000] {dag.py:3036} INFO - Sync 1 DAGs
[2025-09-18T10:01:39.783+0000] {logging_mixin.py:188} INFO - [2025-09-18T10:01:39.782+0000] {dag.py:3823} INFO - Setting next_dagrun for example_setup_teardown to 2025-09-17 00:00:00+00:00, run_after=2025-09-18 00:00:00+00:00
[2025-09-18T10:01:39.822+0000] {processor.py:183} INFO - Processing /home/airflow/.local/lib/python3.8/site-packages/airflow/example_dags/example_setup_teardown.py took 0.143 seconds
[2025-09-18T10:02:10.442+0000] {processor.py:161} INFO - Started process (PID=949) to work on /home/airflow/.local/lib/python3.8/site-packages/airflow/example_dags/example_setup_teardown.py
[2025-09-18T10:02:10.445+0000] {processor.py:830} INFO - Processing file /home/airflow/.local/lib/python3.8/site-packages/airflow/example_dags/example_setup_teardown.py for tasks to queue
[2025-09-18T10:02:10.448+0000] {logging_mixin.py:188} INFO - [2025-09-18T10:02:10.448+0000] {dagbag.py:538} INFO - Filling up the DagBag from /home/airflow/.local/lib/python3.8/site-packages/airflow/example_dags/example_setup_teardown.py
[2025-09-18T10:02:10.466+0000] {processor.py:840} INFO - DAG(s) 'example_setup_teardown' retrieved from /home/airflow/.local/lib/python3.8/site-packages/airflow/example_dags/example_setup_teardown.py
[2025-09-18T10:02:10.512+0000] {logging_mixin.py:188} INFO - [2025-09-18T10:02:10.512+0000] {dag.py:3036} INFO - Sync 1 DAGs
[2025-09-18T10:02:10.558+0000] {logging_mixin.py:188} INFO - [2025-09-18T10:02:10.557+0000] {dag.py:3823} INFO - Setting next_dagrun for example_setup_teardown to 2025-09-17 00:00:00+00:00, run_after=2025-09-18 00:00:00+00:00
[2025-09-18T10:02:10.599+0000] {processor.py:183} INFO - Processing /home/airflow/.local/lib/python3.8/site-packages/airflow/example_dags/example_setup_teardown.py took 0.165 seconds
[2025-09-18T10:02:41.141+0000] {processor.py:161} INFO - Started process (PID=1004) to work on /home/airflow/.local/lib/python3.8/site-packages/airflow/example_dags/example_setup_teardown.py
[2025-09-18T10:02:41.143+0000] {processor.py:830} INFO - Processing file /home/airflow/.local/lib/python3.8/site-packages/airflow/example_dags/example_setup_teardown.py for tasks to queue
[2025-09-18T10:02:41.147+0000] {logging_mixin.py:188} INFO - [2025-09-18T10:02:41.146+0000] {dagbag.py:538} INFO - Filling up the DagBag from /home/airflow/.local/lib/python3.8/site-packages/airflow/example_dags/example_setup_teardown.py
[2025-09-18T10:02:41.160+0000] {processor.py:840} INFO - DAG(s) 'example_setup_teardown' retrieved from /home/airflow/.local/lib/python3.8/site-packages/airflow/example_dags/example_setup_teardown.py
[2025-09-18T10:02:41.205+0000] {logging_mixin.py:188} INFO - [2025-09-18T10:02:41.205+0000] {dag.py:3036} INFO - Sync 1 DAGs
[2025-09-18T10:02:41.258+0000] {logging_mixin.py:188} INFO - [2025-09-18T10:02:41.258+0000] {dag.py:3823} INFO - Setting next_dagrun for example_setup_teardown to 2025-09-17 00:00:00+00:00, run_after=2025-09-18 00:00:00+00:00
[2025-09-18T10:02:41.302+0000] {processor.py:183} INFO - Processing /home/airflow/.local/lib/python3.8/site-packages/airflow/example_dags/example_setup_teardown.py took 0.167 seconds
[2025-09-18T10:03:11.944+0000] {processor.py:161} INFO - Started process (PID=1059) to work on /home/airflow/.local/lib/python3.8/site-packages/airflow/example_dags/example_setup_teardown.py
[2025-09-18T10:03:11.945+0000] {processor.py:830} INFO - Processing file /home/airflow/.local/lib/python3.8/site-packages/airflow/example_dags/example_setup_teardown.py for tasks to queue
[2025-09-18T10:03:11.949+0000] {logging_mixin.py:188} INFO - [2025-09-18T10:03:11.949+0000] {dagbag.py:538} INFO - Filling up the DagBag from /home/airflow/.local/lib/python3.8/site-packages/airflow/example_dags/example_setup_teardown.py
[2025-09-18T10:03:11.962+0000] {processor.py:840} INFO - DAG(s) 'example_setup_teardown' retrieved from /home/airflow/.local/lib/python3.8/site-packages/airflow/example_dags/example_setup_teardown.py
[2025-09-18T10:03:12.001+0000] {logging_mixin.py:188} INFO - [2025-09-18T10:03:12.001+0000] {dag.py:3036} INFO - Sync 1 DAGs
[2025-09-18T10:03:12.046+0000] {logging_mixin.py:188} INFO - [2025-09-18T10:03:12.046+0000] {dag.py:3823} INFO - Setting next_dagrun for example_setup_teardown to 2025-09-17 00:00:00+00:00, run_after=2025-09-18 00:00:00+00:00
[2025-09-18T10:03:12.085+0000] {processor.py:183} INFO - Processing /home/airflow/.local/lib/python3.8/site-packages/airflow/example_dags/example_setup_teardown.py took 0.147 seconds
[2025-09-18T10:03:42.437+0000] {processor.py:161} INFO - Started process (PID=1114) to work on /home/airflow/.local/lib/python3.8/site-packages/airflow/example_dags/example_setup_teardown.py
[2025-09-18T10:03:42.439+0000] {processor.py:830} INFO - Processing file /home/airflow/.local/lib/python3.8/site-packages/airflow/example_dags/example_setup_teardown.py for tasks to queue
[2025-09-18T10:03:42.442+0000] {logging_mixin.py:188} INFO - [2025-09-18T10:03:42.441+0000] {dagbag.py:538} INFO - Filling up the DagBag from /home/airflow/.local/lib/python3.8/site-packages/airflow/example_dags/example_setup_teardown.py
[2025-09-18T10:03:42.456+0000] {processor.py:840} INFO - DAG(s) 'example_setup_teardown' retrieved from /home/airflow/.local/lib/python3.8/site-packages/airflow/example_dags/example_setup_teardown.py
[2025-09-18T10:03:42.495+0000] {logging_mixin.py:188} INFO - [2025-09-18T10:03:42.494+0000] {dag.py:3036} INFO - Sync 1 DAGs
[2025-09-18T10:03:42.534+0000] {logging_mixin.py:188} INFO - [2025-09-18T10:03:42.534+0000] {dag.py:3823} INFO - Setting next_dagrun for example_setup_teardown to 2025-09-17 00:00:00+00:00, run_after=2025-09-18 00:00:00+00:00
[2025-09-18T10:03:42.574+0000] {processor.py:183} INFO - Processing /home/airflow/.local/lib/python3.8/site-packages/airflow/example_dags/example_setup_teardown.py took 0.143 seconds
[2025-09-18T10:04:12.749+0000] {processor.py:161} INFO - Started process (PID=1168) to work on /home/airflow/.local/lib/python3.8/site-packages/airflow/example_dags/example_setup_teardown.py
[2025-09-18T10:04:12.751+0000] {processor.py:830} INFO - Processing file /home/airflow/.local/lib/python3.8/site-packages/airflow/example_dags/example_setup_teardown.py for tasks to queue
[2025-09-18T10:04:12.755+0000] {logging_mixin.py:188} INFO - [2025-09-18T10:04:12.754+0000] {dagbag.py:538} INFO - Filling up the DagBag from /home/airflow/.local/lib/python3.8/site-packages/airflow/example_dags/example_setup_teardown.py
[2025-09-18T10:04:12.767+0000] {processor.py:840} INFO - DAG(s) 'example_setup_teardown' retrieved from /home/airflow/.local/lib/python3.8/site-packages/airflow/example_dags/example_setup_teardown.py
[2025-09-18T10:04:12.804+0000] {logging_mixin.py:188} INFO - [2025-09-18T10:04:12.804+0000] {dag.py:3036} INFO - Sync 1 DAGs
[2025-09-18T10:04:12.852+0000] {logging_mixin.py:188} INFO - [2025-09-18T10:04:12.852+0000] {dag.py:3823} INFO - Setting next_dagrun for example_setup_teardown to 2025-09-17 00:00:00+00:00, run_after=2025-09-18 00:00:00+00:00
[2025-09-18T10:04:12.894+0000] {processor.py:183} INFO - Processing /home/airflow/.local/lib/python3.8/site-packages/airflow/example_dags/example_setup_teardown.py took 0.150 seconds
[2025-09-18T10:04:43.036+0000] {processor.py:161} INFO - Started process (PID=1223) to work on /home/airflow/.local/lib/python3.8/site-packages/airflow/example_dags/example_setup_teardown.py
[2025-09-18T10:04:43.038+0000] {processor.py:830} INFO - Processing file /home/airflow/.local/lib/python3.8/site-packages/airflow/example_dags/example_setup_teardown.py for tasks to queue
[2025-09-18T10:04:43.042+0000] {logging_mixin.py:188} INFO - [2025-09-18T10:04:43.041+0000] {dagbag.py:538} INFO - Filling up the DagBag from /home/airflow/.local/lib/python3.8/site-packages/airflow/example_dags/example_setup_teardown.py
[2025-09-18T10:04:43.055+0000] {processor.py:840} INFO - DAG(s) 'example_setup_teardown' retrieved from /home/airflow/.local/lib/python3.8/site-packages/airflow/example_dags/example_setup_teardown.py
[2025-09-18T10:04:43.094+0000] {logging_mixin.py:188} INFO - [2025-09-18T10:04:43.094+0000] {dag.py:3036} INFO - Sync 1 DAGs
[2025-09-18T10:04:43.136+0000] {logging_mixin.py:188} INFO - [2025-09-18T10:04:43.136+0000] {dag.py:3823} INFO - Setting next_dagrun for example_setup_teardown to 2025-09-17 00:00:00+00:00, run_after=2025-09-18 00:00:00+00:00
[2025-09-18T10:04:43.178+0000] {processor.py:183} INFO - Processing /home/airflow/.local/lib/python3.8/site-packages/airflow/example_dags/example_setup_teardown.py took 0.149 seconds
[2025-09-18T10:05:13.458+0000] {processor.py:161} INFO - Started process (PID=1278) to work on /home/airflow/.local/lib/python3.8/site-packages/airflow/example_dags/example_setup_teardown.py
[2025-09-18T10:05:13.460+0000] {processor.py:830} INFO - Processing file /home/airflow/.local/lib/python3.8/site-packages/airflow/example_dags/example_setup_teardown.py for tasks to queue
[2025-09-18T10:05:13.463+0000] {logging_mixin.py:188} INFO - [2025-09-18T10:05:13.463+0000] {dagbag.py:538} INFO - Filling up the DagBag from /home/airflow/.local/lib/python3.8/site-packages/airflow/example_dags/example_setup_teardown.py
[2025-09-18T10:05:13.475+0000] {processor.py:840} INFO - DAG(s) 'example_setup_teardown' retrieved from /home/airflow/.local/lib/python3.8/site-packages/airflow/example_dags/example_setup_teardown.py
[2025-09-18T10:05:13.512+0000] {logging_mixin.py:188} INFO - [2025-09-18T10:05:13.512+0000] {dag.py:3036} INFO - Sync 1 DAGs
[2025-09-18T10:05:13.555+0000] {logging_mixin.py:188} INFO - [2025-09-18T10:05:13.555+0000] {dag.py:3823} INFO - Setting next_dagrun for example_setup_teardown to 2025-09-17 00:00:00+00:00, run_after=2025-09-18 00:00:00+00:00
[2025-09-18T10:05:13.594+0000] {processor.py:183} INFO - Processing /home/airflow/.local/lib/python3.8/site-packages/airflow/example_dags/example_setup_teardown.py took 0.142 seconds
