[2025-09-18T07:36:24.669+0000] {processor.py:161} INFO - Started process (PID=64) to work on /home/airflow/.local/lib/python3.8/site-packages/airflow/example_dags/example_branch_operator_decorator.py
[2025-09-18T07:36:24.671+0000] {processor.py:830} INFO - Processing file /home/airflow/.local/lib/python3.8/site-packages/airflow/example_dags/example_branch_operator_decorator.py for tasks to queue
[2025-09-18T07:36:24.676+0000] {logging_mixin.py:188} INFO - [2025-09-18T07:36:24.675+0000] {dagbag.py:538} INFO - Filling up the DagBag from /home/airflow/.local/lib/python3.8/site-packages/airflow/example_dags/example_branch_operator_decorator.py
[2025-09-18T07:36:24.746+0000] {processor.py:840} INFO - DAG(s) 'example_branch_python_operator_decorator' retrieved from /home/airflow/.local/lib/python3.8/site-packages/airflow/example_dags/example_branch_operator_decorator.py
[2025-09-18T07:36:25.037+0000] {logging_mixin.py:188} INFO - [2025-09-18T07:36:25.035+0000] {override.py:1769} INFO - Created Permission View: can read on DAG:example_branch_python_operator_decorator
[2025-09-18T07:36:25.062+0000] {logging_mixin.py:188} INFO - [2025-09-18T07:36:25.061+0000] {override.py:1769} INFO - Created Permission View: can delete on DAG:example_branch_python_operator_decorator
[2025-09-18T07:36:25.082+0000] {logging_mixin.py:188} INFO - [2025-09-18T07:36:25.081+0000] {override.py:1769} INFO - Created Permission View: can edit on DAG:example_branch_python_operator_decorator
[2025-09-18T07:36:25.083+0000] {logging_mixin.py:188} INFO - [2025-09-18T07:36:25.083+0000] {dag.py:3036} INFO - Sync 1 DAGs
[2025-09-18T07:36:25.119+0000] {logging_mixin.py:188} INFO - [2025-09-18T07:36:25.119+0000] {dag.py:3058} INFO - Creating ORM DAG for example_branch_python_operator_decorator
[2025-09-18T07:36:25.161+0000] {logging_mixin.py:188} INFO - [2025-09-18T07:36:25.160+0000] {dag.py:3823} INFO - Setting next_dagrun for example_branch_python_operator_decorator to 2025-09-17 00:00:00+00:00, run_after=2025-09-18 00:00:00+00:00
[2025-09-18T07:36:25.219+0000] {processor.py:183} INFO - Processing /home/airflow/.local/lib/python3.8/site-packages/airflow/example_dags/example_branch_operator_decorator.py took 0.556 seconds
[2025-09-18T07:36:55.443+0000] {processor.py:161} INFO - Started process (PID=119) to work on /home/airflow/.local/lib/python3.8/site-packages/airflow/example_dags/example_branch_operator_decorator.py
[2025-09-18T07:36:55.447+0000] {processor.py:830} INFO - Processing file /home/airflow/.local/lib/python3.8/site-packages/airflow/example_dags/example_branch_operator_decorator.py for tasks to queue
[2025-09-18T07:36:55.452+0000] {logging_mixin.py:188} INFO - [2025-09-18T07:36:55.451+0000] {dagbag.py:538} INFO - Filling up the DagBag from /home/airflow/.local/lib/python3.8/site-packages/airflow/example_dags/example_branch_operator_decorator.py
[2025-09-18T07:36:55.528+0000] {processor.py:840} INFO - DAG(s) 'example_branch_python_operator_decorator' retrieved from /home/airflow/.local/lib/python3.8/site-packages/airflow/example_dags/example_branch_operator_decorator.py
[2025-09-18T07:36:55.642+0000] {logging_mixin.py:188} INFO - [2025-09-18T07:36:55.641+0000] {dag.py:3036} INFO - Sync 1 DAGs
[2025-09-18T07:36:55.742+0000] {logging_mixin.py:188} INFO - [2025-09-18T07:36:55.741+0000] {dag.py:3823} INFO - Setting next_dagrun for example_branch_python_operator_decorator to 2025-09-17 00:00:00+00:00, run_after=2025-09-18 00:00:00+00:00
[2025-09-18T07:36:55.801+0000] {processor.py:183} INFO - Processing /home/airflow/.local/lib/python3.8/site-packages/airflow/example_dags/example_branch_operator_decorator.py took 0.367 seconds
[2025-09-18T07:37:26.176+0000] {processor.py:161} INFO - Started process (PID=174) to work on /home/airflow/.local/lib/python3.8/site-packages/airflow/example_dags/example_branch_operator_decorator.py
[2025-09-18T07:37:26.178+0000] {processor.py:830} INFO - Processing file /home/airflow/.local/lib/python3.8/site-packages/airflow/example_dags/example_branch_operator_decorator.py for tasks to queue
[2025-09-18T07:37:26.182+0000] {logging_mixin.py:188} INFO - [2025-09-18T07:37:26.182+0000] {dagbag.py:538} INFO - Filling up the DagBag from /home/airflow/.local/lib/python3.8/site-packages/airflow/example_dags/example_branch_operator_decorator.py
[2025-09-18T07:37:26.245+0000] {processor.py:840} INFO - DAG(s) 'example_branch_python_operator_decorator' retrieved from /home/airflow/.local/lib/python3.8/site-packages/airflow/example_dags/example_branch_operator_decorator.py
[2025-09-18T07:37:26.411+0000] {logging_mixin.py:188} INFO - [2025-09-18T07:37:26.410+0000] {dag.py:3036} INFO - Sync 1 DAGs
[2025-09-18T07:37:26.478+0000] {logging_mixin.py:188} INFO - [2025-09-18T07:37:26.477+0000] {dag.py:3823} INFO - Setting next_dagrun for example_branch_python_operator_decorator to 2025-09-17 00:00:00+00:00, run_after=2025-09-18 00:00:00+00:00
[2025-09-18T07:37:26.522+0000] {processor.py:183} INFO - Processing /home/airflow/.local/lib/python3.8/site-packages/airflow/example_dags/example_branch_operator_decorator.py took 0.354 seconds
[2025-09-18T07:37:56.632+0000] {processor.py:161} INFO - Started process (PID=229) to work on /home/airflow/.local/lib/python3.8/site-packages/airflow/example_dags/example_branch_operator_decorator.py
[2025-09-18T07:37:56.633+0000] {processor.py:830} INFO - Processing file /home/airflow/.local/lib/python3.8/site-packages/airflow/example_dags/example_branch_operator_decorator.py for tasks to queue
[2025-09-18T07:37:56.637+0000] {logging_mixin.py:188} INFO - [2025-09-18T07:37:56.636+0000] {dagbag.py:538} INFO - Filling up the DagBag from /home/airflow/.local/lib/python3.8/site-packages/airflow/example_dags/example_branch_operator_decorator.py
[2025-09-18T07:37:56.678+0000] {processor.py:840} INFO - DAG(s) 'example_branch_python_operator_decorator' retrieved from /home/airflow/.local/lib/python3.8/site-packages/airflow/example_dags/example_branch_operator_decorator.py
[2025-09-18T07:37:56.733+0000] {logging_mixin.py:188} INFO - [2025-09-18T07:37:56.732+0000] {dag.py:3036} INFO - Sync 1 DAGs
[2025-09-18T07:37:56.785+0000] {logging_mixin.py:188} INFO - [2025-09-18T07:37:56.785+0000] {dag.py:3823} INFO - Setting next_dagrun for example_branch_python_operator_decorator to 2025-09-17 00:00:00+00:00, run_after=2025-09-18 00:00:00+00:00
[2025-09-18T07:37:56.830+0000] {processor.py:183} INFO - Processing /home/airflow/.local/lib/python3.8/site-packages/airflow/example_dags/example_branch_operator_decorator.py took 0.205 seconds
[2025-09-18T07:38:27.547+0000] {processor.py:161} INFO - Started process (PID=284) to work on /home/airflow/.local/lib/python3.8/site-packages/airflow/example_dags/example_branch_operator_decorator.py
[2025-09-18T07:38:27.550+0000] {processor.py:830} INFO - Processing file /home/airflow/.local/lib/python3.8/site-packages/airflow/example_dags/example_branch_operator_decorator.py for tasks to queue
[2025-09-18T07:38:27.554+0000] {logging_mixin.py:188} INFO - [2025-09-18T07:38:27.553+0000] {dagbag.py:538} INFO - Filling up the DagBag from /home/airflow/.local/lib/python3.8/site-packages/airflow/example_dags/example_branch_operator_decorator.py
[2025-09-18T07:38:27.616+0000] {processor.py:840} INFO - DAG(s) 'example_branch_python_operator_decorator' retrieved from /home/airflow/.local/lib/python3.8/site-packages/airflow/example_dags/example_branch_operator_decorator.py
[2025-09-18T07:38:27.681+0000] {logging_mixin.py:188} INFO - [2025-09-18T07:38:27.680+0000] {dag.py:3036} INFO - Sync 1 DAGs
[2025-09-18T07:38:27.739+0000] {logging_mixin.py:188} INFO - [2025-09-18T07:38:27.739+0000] {dag.py:3823} INFO - Setting next_dagrun for example_branch_python_operator_decorator to 2025-09-17 00:00:00+00:00, run_after=2025-09-18 00:00:00+00:00
[2025-09-18T07:38:27.786+0000] {processor.py:183} INFO - Processing /home/airflow/.local/lib/python3.8/site-packages/airflow/example_dags/example_branch_operator_decorator.py took 0.247 seconds
[2025-09-18T07:38:58.014+0000] {processor.py:161} INFO - Started process (PID=338) to work on /home/airflow/.local/lib/python3.8/site-packages/airflow/example_dags/example_branch_operator_decorator.py
[2025-09-18T07:38:58.016+0000] {processor.py:830} INFO - Processing file /home/airflow/.local/lib/python3.8/site-packages/airflow/example_dags/example_branch_operator_decorator.py for tasks to queue
[2025-09-18T07:38:58.020+0000] {logging_mixin.py:188} INFO - [2025-09-18T07:38:58.019+0000] {dagbag.py:538} INFO - Filling up the DagBag from /home/airflow/.local/lib/python3.8/site-packages/airflow/example_dags/example_branch_operator_decorator.py
[2025-09-18T07:38:58.059+0000] {processor.py:840} INFO - DAG(s) 'example_branch_python_operator_decorator' retrieved from /home/airflow/.local/lib/python3.8/site-packages/airflow/example_dags/example_branch_operator_decorator.py
[2025-09-18T07:38:58.108+0000] {logging_mixin.py:188} INFO - [2025-09-18T07:38:58.108+0000] {dag.py:3036} INFO - Sync 1 DAGs
[2025-09-18T07:38:58.149+0000] {logging_mixin.py:188} INFO - [2025-09-18T07:38:58.148+0000] {dag.py:3823} INFO - Setting next_dagrun for example_branch_python_operator_decorator to 2025-09-17 00:00:00+00:00, run_after=2025-09-18 00:00:00+00:00
[2025-09-18T07:38:58.184+0000] {processor.py:183} INFO - Processing /home/airflow/.local/lib/python3.8/site-packages/airflow/example_dags/example_branch_operator_decorator.py took 0.177 seconds
[2025-09-18T07:39:28.608+0000] {processor.py:161} INFO - Started process (PID=393) to work on /home/airflow/.local/lib/python3.8/site-packages/airflow/example_dags/example_branch_operator_decorator.py
[2025-09-18T07:39:28.610+0000] {processor.py:830} INFO - Processing file /home/airflow/.local/lib/python3.8/site-packages/airflow/example_dags/example_branch_operator_decorator.py for tasks to queue
[2025-09-18T07:39:28.615+0000] {logging_mixin.py:188} INFO - [2025-09-18T07:39:28.614+0000] {dagbag.py:538} INFO - Filling up the DagBag from /home/airflow/.local/lib/python3.8/site-packages/airflow/example_dags/example_branch_operator_decorator.py
[2025-09-18T07:39:28.661+0000] {processor.py:840} INFO - DAG(s) 'example_branch_python_operator_decorator' retrieved from /home/airflow/.local/lib/python3.8/site-packages/airflow/example_dags/example_branch_operator_decorator.py
[2025-09-18T07:39:28.732+0000] {logging_mixin.py:188} INFO - [2025-09-18T07:39:28.732+0000] {dag.py:3036} INFO - Sync 1 DAGs
[2025-09-18T07:39:28.785+0000] {logging_mixin.py:188} INFO - [2025-09-18T07:39:28.784+0000] {dag.py:3823} INFO - Setting next_dagrun for example_branch_python_operator_decorator to 2025-09-17 00:00:00+00:00, run_after=2025-09-18 00:00:00+00:00
[2025-09-18T07:39:28.831+0000] {processor.py:183} INFO - Processing /home/airflow/.local/lib/python3.8/site-packages/airflow/example_dags/example_branch_operator_decorator.py took 0.231 seconds
[2025-09-18T07:39:59.632+0000] {processor.py:161} INFO - Started process (PID=448) to work on /home/airflow/.local/lib/python3.8/site-packages/airflow/example_dags/example_branch_operator_decorator.py
[2025-09-18T07:39:59.646+0000] {processor.py:830} INFO - Processing file /home/airflow/.local/lib/python3.8/site-packages/airflow/example_dags/example_branch_operator_decorator.py for tasks to queue
[2025-09-18T07:39:59.651+0000] {logging_mixin.py:188} INFO - [2025-09-18T07:39:59.650+0000] {dagbag.py:538} INFO - Filling up the DagBag from /home/airflow/.local/lib/python3.8/site-packages/airflow/example_dags/example_branch_operator_decorator.py
[2025-09-18T07:39:59.710+0000] {processor.py:840} INFO - DAG(s) 'example_branch_python_operator_decorator' retrieved from /home/airflow/.local/lib/python3.8/site-packages/airflow/example_dags/example_branch_operator_decorator.py
[2025-09-18T07:39:59.784+0000] {logging_mixin.py:188} INFO - [2025-09-18T07:39:59.783+0000] {dag.py:3036} INFO - Sync 1 DAGs
[2025-09-18T07:39:59.844+0000] {logging_mixin.py:188} INFO - [2025-09-18T07:39:59.844+0000] {dag.py:3823} INFO - Setting next_dagrun for example_branch_python_operator_decorator to 2025-09-17 00:00:00+00:00, run_after=2025-09-18 00:00:00+00:00
[2025-09-18T07:40:00.223+0000] {processor.py:183} INFO - Processing /home/airflow/.local/lib/python3.8/site-packages/airflow/example_dags/example_branch_operator_decorator.py took 0.607 seconds
[2025-09-18T07:40:30.985+0000] {processor.py:161} INFO - Started process (PID=505) to work on /home/airflow/.local/lib/python3.8/site-packages/airflow/example_dags/example_branch_operator_decorator.py
[2025-09-18T07:40:30.987+0000] {processor.py:830} INFO - Processing file /home/airflow/.local/lib/python3.8/site-packages/airflow/example_dags/example_branch_operator_decorator.py for tasks to queue
[2025-09-18T07:40:30.991+0000] {logging_mixin.py:188} INFO - [2025-09-18T07:40:30.990+0000] {dagbag.py:538} INFO - Filling up the DagBag from /home/airflow/.local/lib/python3.8/site-packages/airflow/example_dags/example_branch_operator_decorator.py
[2025-09-18T07:40:31.031+0000] {processor.py:840} INFO - DAG(s) 'example_branch_python_operator_decorator' retrieved from /home/airflow/.local/lib/python3.8/site-packages/airflow/example_dags/example_branch_operator_decorator.py
[2025-09-18T07:40:31.082+0000] {logging_mixin.py:188} INFO - [2025-09-18T07:40:31.082+0000] {dag.py:3036} INFO - Sync 1 DAGs
[2025-09-18T07:40:31.124+0000] {logging_mixin.py:188} INFO - [2025-09-18T07:40:31.124+0000] {dag.py:3823} INFO - Setting next_dagrun for example_branch_python_operator_decorator to 2025-09-17 00:00:00+00:00, run_after=2025-09-18 00:00:00+00:00
[2025-09-18T07:40:31.161+0000] {processor.py:183} INFO - Processing /home/airflow/.local/lib/python3.8/site-packages/airflow/example_dags/example_branch_operator_decorator.py took 0.182 seconds
[2025-09-18T07:41:01.677+0000] {processor.py:161} INFO - Started process (PID=560) to work on /home/airflow/.local/lib/python3.8/site-packages/airflow/example_dags/example_branch_operator_decorator.py
[2025-09-18T07:41:01.692+0000] {processor.py:830} INFO - Processing file /home/airflow/.local/lib/python3.8/site-packages/airflow/example_dags/example_branch_operator_decorator.py for tasks to queue
[2025-09-18T07:41:01.696+0000] {logging_mixin.py:188} INFO - [2025-09-18T07:41:01.695+0000] {dagbag.py:538} INFO - Filling up the DagBag from /home/airflow/.local/lib/python3.8/site-packages/airflow/example_dags/example_branch_operator_decorator.py
[2025-09-18T07:41:01.768+0000] {processor.py:840} INFO - DAG(s) 'example_branch_python_operator_decorator' retrieved from /home/airflow/.local/lib/python3.8/site-packages/airflow/example_dags/example_branch_operator_decorator.py
[2025-09-18T07:41:01.862+0000] {logging_mixin.py:188} INFO - [2025-09-18T07:41:01.861+0000] {dag.py:3036} INFO - Sync 1 DAGs
[2025-09-18T07:41:01.963+0000] {logging_mixin.py:188} INFO - [2025-09-18T07:41:01.962+0000] {dag.py:3823} INFO - Setting next_dagrun for example_branch_python_operator_decorator to 2025-09-17 00:00:00+00:00, run_after=2025-09-18 00:00:00+00:00
[2025-09-18T07:41:02.037+0000] {processor.py:183} INFO - Processing /home/airflow/.local/lib/python3.8/site-packages/airflow/example_dags/example_branch_operator_decorator.py took 0.371 seconds
[2025-09-18T07:41:32.322+0000] {processor.py:161} INFO - Started process (PID=614) to work on /home/airflow/.local/lib/python3.8/site-packages/airflow/example_dags/example_branch_operator_decorator.py
[2025-09-18T07:41:32.325+0000] {processor.py:830} INFO - Processing file /home/airflow/.local/lib/python3.8/site-packages/airflow/example_dags/example_branch_operator_decorator.py for tasks to queue
[2025-09-18T07:41:32.331+0000] {logging_mixin.py:188} INFO - [2025-09-18T07:41:32.330+0000] {dagbag.py:538} INFO - Filling up the DagBag from /home/airflow/.local/lib/python3.8/site-packages/airflow/example_dags/example_branch_operator_decorator.py
[2025-09-18T07:41:32.380+0000] {processor.py:840} INFO - DAG(s) 'example_branch_python_operator_decorator' retrieved from /home/airflow/.local/lib/python3.8/site-packages/airflow/example_dags/example_branch_operator_decorator.py
[2025-09-18T07:41:32.441+0000] {logging_mixin.py:188} INFO - [2025-09-18T07:41:32.441+0000] {dag.py:3036} INFO - Sync 1 DAGs
[2025-09-18T07:41:32.503+0000] {logging_mixin.py:188} INFO - [2025-09-18T07:41:32.502+0000] {dag.py:3823} INFO - Setting next_dagrun for example_branch_python_operator_decorator to 2025-09-17 00:00:00+00:00, run_after=2025-09-18 00:00:00+00:00
[2025-09-18T07:41:32.551+0000] {processor.py:183} INFO - Processing /home/airflow/.local/lib/python3.8/site-packages/airflow/example_dags/example_branch_operator_decorator.py took 0.236 seconds
[2025-09-18T07:42:03.318+0000] {processor.py:161} INFO - Started process (PID=669) to work on /home/airflow/.local/lib/python3.8/site-packages/airflow/example_dags/example_branch_operator_decorator.py
[2025-09-18T07:42:03.320+0000] {processor.py:830} INFO - Processing file /home/airflow/.local/lib/python3.8/site-packages/airflow/example_dags/example_branch_operator_decorator.py for tasks to queue
[2025-09-18T07:42:03.325+0000] {logging_mixin.py:188} INFO - [2025-09-18T07:42:03.324+0000] {dagbag.py:538} INFO - Filling up the DagBag from /home/airflow/.local/lib/python3.8/site-packages/airflow/example_dags/example_branch_operator_decorator.py
[2025-09-18T07:42:03.372+0000] {processor.py:840} INFO - DAG(s) 'example_branch_python_operator_decorator' retrieved from /home/airflow/.local/lib/python3.8/site-packages/airflow/example_dags/example_branch_operator_decorator.py
[2025-09-18T07:42:03.426+0000] {logging_mixin.py:188} INFO - [2025-09-18T07:42:03.425+0000] {dag.py:3036} INFO - Sync 1 DAGs
[2025-09-18T07:42:03.471+0000] {logging_mixin.py:188} INFO - [2025-09-18T07:42:03.471+0000] {dag.py:3823} INFO - Setting next_dagrun for example_branch_python_operator_decorator to 2025-09-17 00:00:00+00:00, run_after=2025-09-18 00:00:00+00:00
[2025-09-18T07:42:03.514+0000] {processor.py:183} INFO - Processing /home/airflow/.local/lib/python3.8/site-packages/airflow/example_dags/example_branch_operator_decorator.py took 0.202 seconds
[2025-09-18T07:42:34.035+0000] {processor.py:161} INFO - Started process (PID=724) to work on /home/airflow/.local/lib/python3.8/site-packages/airflow/example_dags/example_branch_operator_decorator.py
[2025-09-18T07:42:34.037+0000] {processor.py:830} INFO - Processing file /home/airflow/.local/lib/python3.8/site-packages/airflow/example_dags/example_branch_operator_decorator.py for tasks to queue
[2025-09-18T07:42:34.042+0000] {logging_mixin.py:188} INFO - [2025-09-18T07:42:34.041+0000] {dagbag.py:538} INFO - Filling up the DagBag from /home/airflow/.local/lib/python3.8/site-packages/airflow/example_dags/example_branch_operator_decorator.py
[2025-09-18T07:42:34.097+0000] {processor.py:840} INFO - DAG(s) 'example_branch_python_operator_decorator' retrieved from /home/airflow/.local/lib/python3.8/site-packages/airflow/example_dags/example_branch_operator_decorator.py
[2025-09-18T07:42:34.154+0000] {logging_mixin.py:188} INFO - [2025-09-18T07:42:34.154+0000] {dag.py:3036} INFO - Sync 1 DAGs
[2025-09-18T07:42:34.206+0000] {logging_mixin.py:188} INFO - [2025-09-18T07:42:34.206+0000] {dag.py:3823} INFO - Setting next_dagrun for example_branch_python_operator_decorator to 2025-09-17 00:00:00+00:00, run_after=2025-09-18 00:00:00+00:00
[2025-09-18T07:42:34.249+0000] {processor.py:183} INFO - Processing /home/airflow/.local/lib/python3.8/site-packages/airflow/example_dags/example_branch_operator_decorator.py took 0.221 seconds
[2025-09-18T07:43:04.862+0000] {processor.py:161} INFO - Started process (PID=779) to work on /home/airflow/.local/lib/python3.8/site-packages/airflow/example_dags/example_branch_operator_decorator.py
[2025-09-18T07:43:04.864+0000] {processor.py:830} INFO - Processing file /home/airflow/.local/lib/python3.8/site-packages/airflow/example_dags/example_branch_operator_decorator.py for tasks to queue
[2025-09-18T07:43:04.867+0000] {logging_mixin.py:188} INFO - [2025-09-18T07:43:04.867+0000] {dagbag.py:538} INFO - Filling up the DagBag from /home/airflow/.local/lib/python3.8/site-packages/airflow/example_dags/example_branch_operator_decorator.py
[2025-09-18T07:43:04.909+0000] {processor.py:840} INFO - DAG(s) 'example_branch_python_operator_decorator' retrieved from /home/airflow/.local/lib/python3.8/site-packages/airflow/example_dags/example_branch_operator_decorator.py
[2025-09-18T07:43:04.965+0000] {logging_mixin.py:188} INFO - [2025-09-18T07:43:04.965+0000] {dag.py:3036} INFO - Sync 1 DAGs
[2025-09-18T07:43:05.024+0000] {logging_mixin.py:188} INFO - [2025-09-18T07:43:05.023+0000] {dag.py:3823} INFO - Setting next_dagrun for example_branch_python_operator_decorator to 2025-09-17 00:00:00+00:00, run_after=2025-09-18 00:00:00+00:00
[2025-09-18T07:43:05.094+0000] {processor.py:183} INFO - Processing /home/airflow/.local/lib/python3.8/site-packages/airflow/example_dags/example_branch_operator_decorator.py took 0.238 seconds
[2025-09-18T07:43:35.693+0000] {processor.py:161} INFO - Started process (PID=834) to work on /home/airflow/.local/lib/python3.8/site-packages/airflow/example_dags/example_branch_operator_decorator.py
[2025-09-18T07:43:35.696+0000] {processor.py:830} INFO - Processing file /home/airflow/.local/lib/python3.8/site-packages/airflow/example_dags/example_branch_operator_decorator.py for tasks to queue
[2025-09-18T07:43:35.701+0000] {logging_mixin.py:188} INFO - [2025-09-18T07:43:35.700+0000] {dagbag.py:538} INFO - Filling up the DagBag from /home/airflow/.local/lib/python3.8/site-packages/airflow/example_dags/example_branch_operator_decorator.py
[2025-09-18T07:43:35.776+0000] {processor.py:840} INFO - DAG(s) 'example_branch_python_operator_decorator' retrieved from /home/airflow/.local/lib/python3.8/site-packages/airflow/example_dags/example_branch_operator_decorator.py
[2025-09-18T07:43:35.856+0000] {logging_mixin.py:188} INFO - [2025-09-18T07:43:35.855+0000] {dag.py:3036} INFO - Sync 1 DAGs
[2025-09-18T07:43:35.926+0000] {logging_mixin.py:188} INFO - [2025-09-18T07:43:35.925+0000] {dag.py:3823} INFO - Setting next_dagrun for example_branch_python_operator_decorator to 2025-09-17 00:00:00+00:00, run_after=2025-09-18 00:00:00+00:00
[2025-09-18T07:43:35.990+0000] {processor.py:183} INFO - Processing /home/airflow/.local/lib/python3.8/site-packages/airflow/example_dags/example_branch_operator_decorator.py took 0.309 seconds
[2025-09-18T07:44:06.283+0000] {processor.py:161} INFO - Started process (PID=889) to work on /home/airflow/.local/lib/python3.8/site-packages/airflow/example_dags/example_branch_operator_decorator.py
[2025-09-18T07:44:06.285+0000] {processor.py:830} INFO - Processing file /home/airflow/.local/lib/python3.8/site-packages/airflow/example_dags/example_branch_operator_decorator.py for tasks to queue
[2025-09-18T07:44:06.288+0000] {logging_mixin.py:188} INFO - [2025-09-18T07:44:06.288+0000] {dagbag.py:538} INFO - Filling up the DagBag from /home/airflow/.local/lib/python3.8/site-packages/airflow/example_dags/example_branch_operator_decorator.py
[2025-09-18T07:44:06.330+0000] {processor.py:840} INFO - DAG(s) 'example_branch_python_operator_decorator' retrieved from /home/airflow/.local/lib/python3.8/site-packages/airflow/example_dags/example_branch_operator_decorator.py
[2025-09-18T07:44:06.383+0000] {logging_mixin.py:188} INFO - [2025-09-18T07:44:06.383+0000] {dag.py:3036} INFO - Sync 1 DAGs
[2025-09-18T07:44:06.429+0000] {logging_mixin.py:188} INFO - [2025-09-18T07:44:06.429+0000] {dag.py:3823} INFO - Setting next_dagrun for example_branch_python_operator_decorator to 2025-09-17 00:00:00+00:00, run_after=2025-09-18 00:00:00+00:00
[2025-09-18T07:44:06.473+0000] {processor.py:183} INFO - Processing /home/airflow/.local/lib/python3.8/site-packages/airflow/example_dags/example_branch_operator_decorator.py took 0.196 seconds
[2025-09-18T07:44:36.944+0000] {processor.py:161} INFO - Started process (PID=944) to work on /home/airflow/.local/lib/python3.8/site-packages/airflow/example_dags/example_branch_operator_decorator.py
[2025-09-18T07:44:36.946+0000] {processor.py:830} INFO - Processing file /home/airflow/.local/lib/python3.8/site-packages/airflow/example_dags/example_branch_operator_decorator.py for tasks to queue
[2025-09-18T07:44:36.949+0000] {logging_mixin.py:188} INFO - [2025-09-18T07:44:36.949+0000] {dagbag.py:538} INFO - Filling up the DagBag from /home/airflow/.local/lib/python3.8/site-packages/airflow/example_dags/example_branch_operator_decorator.py
[2025-09-18T07:44:36.991+0000] {processor.py:840} INFO - DAG(s) 'example_branch_python_operator_decorator' retrieved from /home/airflow/.local/lib/python3.8/site-packages/airflow/example_dags/example_branch_operator_decorator.py
[2025-09-18T07:44:37.042+0000] {logging_mixin.py:188} INFO - [2025-09-18T07:44:37.042+0000] {dag.py:3036} INFO - Sync 1 DAGs
[2025-09-18T07:44:37.087+0000] {logging_mixin.py:188} INFO - [2025-09-18T07:44:37.086+0000] {dag.py:3823} INFO - Setting next_dagrun for example_branch_python_operator_decorator to 2025-09-17 00:00:00+00:00, run_after=2025-09-18 00:00:00+00:00
[2025-09-18T07:44:37.125+0000] {processor.py:183} INFO - Processing /home/airflow/.local/lib/python3.8/site-packages/airflow/example_dags/example_branch_operator_decorator.py took 0.187 seconds
[2025-09-18T07:45:07.819+0000] {processor.py:161} INFO - Started process (PID=999) to work on /home/airflow/.local/lib/python3.8/site-packages/airflow/example_dags/example_branch_operator_decorator.py
[2025-09-18T07:45:07.821+0000] {processor.py:830} INFO - Processing file /home/airflow/.local/lib/python3.8/site-packages/airflow/example_dags/example_branch_operator_decorator.py for tasks to queue
[2025-09-18T07:45:07.827+0000] {logging_mixin.py:188} INFO - [2025-09-18T07:45:07.826+0000] {dagbag.py:538} INFO - Filling up the DagBag from /home/airflow/.local/lib/python3.8/site-packages/airflow/example_dags/example_branch_operator_decorator.py
[2025-09-18T07:45:07.921+0000] {processor.py:840} INFO - DAG(s) 'example_branch_python_operator_decorator' retrieved from /home/airflow/.local/lib/python3.8/site-packages/airflow/example_dags/example_branch_operator_decorator.py
[2025-09-18T07:45:08.002+0000] {logging_mixin.py:188} INFO - [2025-09-18T07:45:08.002+0000] {dag.py:3036} INFO - Sync 1 DAGs
[2025-09-18T07:45:08.067+0000] {logging_mixin.py:188} INFO - [2025-09-18T07:45:08.067+0000] {dag.py:3823} INFO - Setting next_dagrun for example_branch_python_operator_decorator to 2025-09-17 00:00:00+00:00, run_after=2025-09-18 00:00:00+00:00
[2025-09-18T07:45:08.111+0000] {processor.py:183} INFO - Processing /home/airflow/.local/lib/python3.8/site-packages/airflow/example_dags/example_branch_operator_decorator.py took 0.302 seconds
[2025-09-18T07:45:38.444+0000] {processor.py:161} INFO - Started process (PID=1054) to work on /home/airflow/.local/lib/python3.8/site-packages/airflow/example_dags/example_branch_operator_decorator.py
[2025-09-18T07:45:38.447+0000] {processor.py:830} INFO - Processing file /home/airflow/.local/lib/python3.8/site-packages/airflow/example_dags/example_branch_operator_decorator.py for tasks to queue
[2025-09-18T07:45:38.454+0000] {logging_mixin.py:188} INFO - [2025-09-18T07:45:38.452+0000] {dagbag.py:538} INFO - Filling up the DagBag from /home/airflow/.local/lib/python3.8/site-packages/airflow/example_dags/example_branch_operator_decorator.py
[2025-09-18T07:45:38.502+0000] {processor.py:840} INFO - DAG(s) 'example_branch_python_operator_decorator' retrieved from /home/airflow/.local/lib/python3.8/site-packages/airflow/example_dags/example_branch_operator_decorator.py
[2025-09-18T07:45:38.569+0000] {logging_mixin.py:188} INFO - [2025-09-18T07:45:38.568+0000] {dag.py:3036} INFO - Sync 1 DAGs
[2025-09-18T07:45:38.625+0000] {logging_mixin.py:188} INFO - [2025-09-18T07:45:38.624+0000] {dag.py:3823} INFO - Setting next_dagrun for example_branch_python_operator_decorator to 2025-09-17 00:00:00+00:00, run_after=2025-09-18 00:00:00+00:00
[2025-09-18T07:45:38.666+0000] {processor.py:183} INFO - Processing /home/airflow/.local/lib/python3.8/site-packages/airflow/example_dags/example_branch_operator_decorator.py took 0.228 seconds
[2025-09-18T07:46:09.321+0000] {processor.py:161} INFO - Started process (PID=1109) to work on /home/airflow/.local/lib/python3.8/site-packages/airflow/example_dags/example_branch_operator_decorator.py
[2025-09-18T07:46:09.322+0000] {processor.py:830} INFO - Processing file /home/airflow/.local/lib/python3.8/site-packages/airflow/example_dags/example_branch_operator_decorator.py for tasks to queue
[2025-09-18T07:46:09.326+0000] {logging_mixin.py:188} INFO - [2025-09-18T07:46:09.325+0000] {dagbag.py:538} INFO - Filling up the DagBag from /home/airflow/.local/lib/python3.8/site-packages/airflow/example_dags/example_branch_operator_decorator.py
[2025-09-18T07:46:09.369+0000] {processor.py:840} INFO - DAG(s) 'example_branch_python_operator_decorator' retrieved from /home/airflow/.local/lib/python3.8/site-packages/airflow/example_dags/example_branch_operator_decorator.py
[2025-09-18T07:46:09.419+0000] {logging_mixin.py:188} INFO - [2025-09-18T07:46:09.418+0000] {dag.py:3036} INFO - Sync 1 DAGs
[2025-09-18T07:46:09.464+0000] {logging_mixin.py:188} INFO - [2025-09-18T07:46:09.463+0000] {dag.py:3823} INFO - Setting next_dagrun for example_branch_python_operator_decorator to 2025-09-17 00:00:00+00:00, run_after=2025-09-18 00:00:00+00:00
[2025-09-18T07:46:09.503+0000] {processor.py:183} INFO - Processing /home/airflow/.local/lib/python3.8/site-packages/airflow/example_dags/example_branch_operator_decorator.py took 0.188 seconds
[2025-09-18T07:46:39.813+0000] {processor.py:161} INFO - Started process (PID=1164) to work on /home/airflow/.local/lib/python3.8/site-packages/airflow/example_dags/example_branch_operator_decorator.py
[2025-09-18T07:46:39.815+0000] {processor.py:830} INFO - Processing file /home/airflow/.local/lib/python3.8/site-packages/airflow/example_dags/example_branch_operator_decorator.py for tasks to queue
[2025-09-18T07:46:39.820+0000] {logging_mixin.py:188} INFO - [2025-09-18T07:46:39.819+0000] {dagbag.py:538} INFO - Filling up the DagBag from /home/airflow/.local/lib/python3.8/site-packages/airflow/example_dags/example_branch_operator_decorator.py
[2025-09-18T07:46:39.879+0000] {processor.py:840} INFO - DAG(s) 'example_branch_python_operator_decorator' retrieved from /home/airflow/.local/lib/python3.8/site-packages/airflow/example_dags/example_branch_operator_decorator.py
[2025-09-18T07:46:39.947+0000] {logging_mixin.py:188} INFO - [2025-09-18T07:46:39.947+0000] {dag.py:3036} INFO - Sync 1 DAGs
[2025-09-18T07:46:40.023+0000] {logging_mixin.py:188} INFO - [2025-09-18T07:46:40.022+0000] {dag.py:3823} INFO - Setting next_dagrun for example_branch_python_operator_decorator to 2025-09-17 00:00:00+00:00, run_after=2025-09-18 00:00:00+00:00
[2025-09-18T07:46:40.093+0000] {processor.py:183} INFO - Processing /home/airflow/.local/lib/python3.8/site-packages/airflow/example_dags/example_branch_operator_decorator.py took 0.288 seconds
[2025-09-18T07:47:10.708+0000] {processor.py:161} INFO - Started process (PID=1225) to work on /home/airflow/.local/lib/python3.8/site-packages/airflow/example_dags/example_branch_operator_decorator.py
[2025-09-18T07:47:10.711+0000] {processor.py:830} INFO - Processing file /home/airflow/.local/lib/python3.8/site-packages/airflow/example_dags/example_branch_operator_decorator.py for tasks to queue
[2025-09-18T07:47:10.715+0000] {logging_mixin.py:188} INFO - [2025-09-18T07:47:10.714+0000] {dagbag.py:538} INFO - Filling up the DagBag from /home/airflow/.local/lib/python3.8/site-packages/airflow/example_dags/example_branch_operator_decorator.py
[2025-09-18T07:47:10.759+0000] {processor.py:840} INFO - DAG(s) 'example_branch_python_operator_decorator' retrieved from /home/airflow/.local/lib/python3.8/site-packages/airflow/example_dags/example_branch_operator_decorator.py
[2025-09-18T07:47:10.812+0000] {logging_mixin.py:188} INFO - [2025-09-18T07:47:10.811+0000] {dag.py:3036} INFO - Sync 1 DAGs
[2025-09-18T07:47:10.856+0000] {logging_mixin.py:188} INFO - [2025-09-18T07:47:10.855+0000] {dag.py:3823} INFO - Setting next_dagrun for example_branch_python_operator_decorator to 2025-09-17 00:00:00+00:00, run_after=2025-09-18 00:00:00+00:00
[2025-09-18T07:47:10.889+0000] {processor.py:183} INFO - Processing /home/airflow/.local/lib/python3.8/site-packages/airflow/example_dags/example_branch_operator_decorator.py took 0.188 seconds
[2025-09-18T07:47:41.280+0000] {processor.py:161} INFO - Started process (PID=1281) to work on /home/airflow/.local/lib/python3.8/site-packages/airflow/example_dags/example_branch_operator_decorator.py
[2025-09-18T07:47:41.282+0000] {processor.py:830} INFO - Processing file /home/airflow/.local/lib/python3.8/site-packages/airflow/example_dags/example_branch_operator_decorator.py for tasks to queue
[2025-09-18T07:47:41.289+0000] {logging_mixin.py:188} INFO - [2025-09-18T07:47:41.289+0000] {dagbag.py:538} INFO - Filling up the DagBag from /home/airflow/.local/lib/python3.8/site-packages/airflow/example_dags/example_branch_operator_decorator.py
[2025-09-18T07:47:41.342+0000] {processor.py:840} INFO - DAG(s) 'example_branch_python_operator_decorator' retrieved from /home/airflow/.local/lib/python3.8/site-packages/airflow/example_dags/example_branch_operator_decorator.py
[2025-09-18T07:47:41.408+0000] {logging_mixin.py:188} INFO - [2025-09-18T07:47:41.407+0000] {dag.py:3036} INFO - Sync 1 DAGs
[2025-09-18T07:47:41.479+0000] {logging_mixin.py:188} INFO - [2025-09-18T07:47:41.479+0000] {dag.py:3823} INFO - Setting next_dagrun for example_branch_python_operator_decorator to 2025-09-17 00:00:00+00:00, run_after=2025-09-18 00:00:00+00:00
[2025-09-18T07:47:41.535+0000] {processor.py:183} INFO - Processing /home/airflow/.local/lib/python3.8/site-packages/airflow/example_dags/example_branch_operator_decorator.py took 0.262 seconds
[2025-09-18T07:48:11.868+0000] {processor.py:161} INFO - Started process (PID=1336) to work on /home/airflow/.local/lib/python3.8/site-packages/airflow/example_dags/example_branch_operator_decorator.py
[2025-09-18T07:48:11.870+0000] {processor.py:830} INFO - Processing file /home/airflow/.local/lib/python3.8/site-packages/airflow/example_dags/example_branch_operator_decorator.py for tasks to queue
[2025-09-18T07:48:11.874+0000] {logging_mixin.py:188} INFO - [2025-09-18T07:48:11.873+0000] {dagbag.py:538} INFO - Filling up the DagBag from /home/airflow/.local/lib/python3.8/site-packages/airflow/example_dags/example_branch_operator_decorator.py
[2025-09-18T07:48:11.920+0000] {processor.py:840} INFO - DAG(s) 'example_branch_python_operator_decorator' retrieved from /home/airflow/.local/lib/python3.8/site-packages/airflow/example_dags/example_branch_operator_decorator.py
[2025-09-18T07:48:11.974+0000] {logging_mixin.py:188} INFO - [2025-09-18T07:48:11.974+0000] {dag.py:3036} INFO - Sync 1 DAGs
[2025-09-18T07:48:12.021+0000] {logging_mixin.py:188} INFO - [2025-09-18T07:48:12.021+0000] {dag.py:3823} INFO - Setting next_dagrun for example_branch_python_operator_decorator to 2025-09-17 00:00:00+00:00, run_after=2025-09-18 00:00:00+00:00
[2025-09-18T07:48:12.057+0000] {processor.py:183} INFO - Processing /home/airflow/.local/lib/python3.8/site-packages/airflow/example_dags/example_branch_operator_decorator.py took 0.195 seconds
[2025-09-18T07:56:46.657+0000] {processor.py:161} INFO - Started process (PID=63) to work on /home/airflow/.local/lib/python3.8/site-packages/airflow/example_dags/example_branch_operator_decorator.py
[2025-09-18T07:56:46.659+0000] {processor.py:830} INFO - Processing file /home/airflow/.local/lib/python3.8/site-packages/airflow/example_dags/example_branch_operator_decorator.py for tasks to queue
[2025-09-18T07:56:46.663+0000] {logging_mixin.py:188} INFO - [2025-09-18T07:56:46.662+0000] {dagbag.py:538} INFO - Filling up the DagBag from /home/airflow/.local/lib/python3.8/site-packages/airflow/example_dags/example_branch_operator_decorator.py
[2025-09-18T07:56:46.721+0000] {processor.py:840} INFO - DAG(s) 'example_branch_python_operator_decorator' retrieved from /home/airflow/.local/lib/python3.8/site-packages/airflow/example_dags/example_branch_operator_decorator.py
[2025-09-18T07:56:46.974+0000] {logging_mixin.py:188} INFO - [2025-09-18T07:56:46.973+0000] {override.py:1769} INFO - Created Permission View: can edit on DAG:example_branch_python_operator_decorator
[2025-09-18T07:56:46.994+0000] {logging_mixin.py:188} INFO - [2025-09-18T07:56:46.993+0000] {override.py:1769} INFO - Created Permission View: can read on DAG:example_branch_python_operator_decorator
[2025-09-18T07:56:47.010+0000] {logging_mixin.py:188} INFO - [2025-09-18T07:56:47.009+0000] {override.py:1769} INFO - Created Permission View: can delete on DAG:example_branch_python_operator_decorator
[2025-09-18T07:56:47.012+0000] {logging_mixin.py:188} INFO - [2025-09-18T07:56:47.011+0000] {dag.py:3036} INFO - Sync 1 DAGs
[2025-09-18T07:56:47.036+0000] {logging_mixin.py:188} INFO - [2025-09-18T07:56:47.035+0000] {dag.py:3058} INFO - Creating ORM DAG for example_branch_python_operator_decorator
[2025-09-18T07:56:47.079+0000] {logging_mixin.py:188} INFO - [2025-09-18T07:56:47.078+0000] {dag.py:3823} INFO - Setting next_dagrun for example_branch_python_operator_decorator to 2025-09-17 00:00:00+00:00, run_after=2025-09-18 00:00:00+00:00
[2025-09-18T07:56:47.128+0000] {processor.py:183} INFO - Processing /home/airflow/.local/lib/python3.8/site-packages/airflow/example_dags/example_branch_operator_decorator.py took 0.478 seconds
[2025-09-18T07:57:23.634+0000] {processor.py:161} INFO - Started process (PID=118) to work on /home/airflow/.local/lib/python3.8/site-packages/airflow/example_dags/example_branch_operator_decorator.py
[2025-09-18T07:57:23.637+0000] {processor.py:830} INFO - Processing file /home/airflow/.local/lib/python3.8/site-packages/airflow/example_dags/example_branch_operator_decorator.py for tasks to queue
[2025-09-18T07:57:23.642+0000] {logging_mixin.py:188} INFO - [2025-09-18T07:57:23.641+0000] {dagbag.py:538} INFO - Filling up the DagBag from /home/airflow/.local/lib/python3.8/site-packages/airflow/example_dags/example_branch_operator_decorator.py
[2025-09-18T07:57:23.707+0000] {processor.py:840} INFO - DAG(s) 'example_branch_python_operator_decorator' retrieved from /home/airflow/.local/lib/python3.8/site-packages/airflow/example_dags/example_branch_operator_decorator.py
[2025-09-18T07:57:23.794+0000] {logging_mixin.py:188} INFO - [2025-09-18T07:57:23.793+0000] {dag.py:3036} INFO - Sync 1 DAGs
[2025-09-18T07:57:23.876+0000] {logging_mixin.py:188} INFO - [2025-09-18T07:57:23.875+0000] {dag.py:3823} INFO - Setting next_dagrun for example_branch_python_operator_decorator to 2025-09-17 00:00:00+00:00, run_after=2025-09-18 00:00:00+00:00
[2025-09-18T07:57:23.932+0000] {processor.py:183} INFO - Processing /home/airflow/.local/lib/python3.8/site-packages/airflow/example_dags/example_branch_operator_decorator.py took 0.311 seconds
[2025-09-18T07:57:54.672+0000] {processor.py:161} INFO - Started process (PID=174) to work on /home/airflow/.local/lib/python3.8/site-packages/airflow/example_dags/example_branch_operator_decorator.py
[2025-09-18T07:57:54.674+0000] {processor.py:830} INFO - Processing file /home/airflow/.local/lib/python3.8/site-packages/airflow/example_dags/example_branch_operator_decorator.py for tasks to queue
[2025-09-18T07:57:54.678+0000] {logging_mixin.py:188} INFO - [2025-09-18T07:57:54.677+0000] {dagbag.py:538} INFO - Filling up the DagBag from /home/airflow/.local/lib/python3.8/site-packages/airflow/example_dags/example_branch_operator_decorator.py
[2025-09-18T07:57:54.734+0000] {processor.py:840} INFO - DAG(s) 'example_branch_python_operator_decorator' retrieved from /home/airflow/.local/lib/python3.8/site-packages/airflow/example_dags/example_branch_operator_decorator.py
[2025-09-18T07:57:54.790+0000] {logging_mixin.py:188} INFO - [2025-09-18T07:57:54.789+0000] {dag.py:3036} INFO - Sync 1 DAGs
[2025-09-18T07:57:54.852+0000] {logging_mixin.py:188} INFO - [2025-09-18T07:57:54.851+0000] {dag.py:3823} INFO - Setting next_dagrun for example_branch_python_operator_decorator to 2025-09-17 00:00:00+00:00, run_after=2025-09-18 00:00:00+00:00
[2025-09-18T07:57:54.922+0000] {processor.py:183} INFO - Processing /home/airflow/.local/lib/python3.8/site-packages/airflow/example_dags/example_branch_operator_decorator.py took 0.257 seconds
[2025-09-18T09:46:50.947+0000] {processor.py:161} INFO - Started process (PID=63) to work on /home/airflow/.local/lib/python3.8/site-packages/airflow/example_dags/example_branch_operator_decorator.py
[2025-09-18T09:46:50.949+0000] {processor.py:830} INFO - Processing file /home/airflow/.local/lib/python3.8/site-packages/airflow/example_dags/example_branch_operator_decorator.py for tasks to queue
[2025-09-18T09:46:50.953+0000] {logging_mixin.py:188} INFO - [2025-09-18T09:46:50.952+0000] {dagbag.py:538} INFO - Filling up the DagBag from /home/airflow/.local/lib/python3.8/site-packages/airflow/example_dags/example_branch_operator_decorator.py
[2025-09-18T09:46:51.008+0000] {processor.py:840} INFO - DAG(s) 'example_branch_python_operator_decorator' retrieved from /home/airflow/.local/lib/python3.8/site-packages/airflow/example_dags/example_branch_operator_decorator.py
[2025-09-18T09:46:51.226+0000] {logging_mixin.py:188} INFO - [2025-09-18T09:46:51.225+0000] {override.py:1769} INFO - Created Permission View: can delete on DAG:example_branch_python_operator_decorator
[2025-09-18T09:46:51.245+0000] {logging_mixin.py:188} INFO - [2025-09-18T09:46:51.244+0000] {override.py:1769} INFO - Created Permission View: can edit on DAG:example_branch_python_operator_decorator
[2025-09-18T09:46:51.260+0000] {logging_mixin.py:188} INFO - [2025-09-18T09:46:51.260+0000] {override.py:1769} INFO - Created Permission View: can read on DAG:example_branch_python_operator_decorator
[2025-09-18T09:46:51.261+0000] {logging_mixin.py:188} INFO - [2025-09-18T09:46:51.261+0000] {dag.py:3036} INFO - Sync 1 DAGs
[2025-09-18T09:46:51.281+0000] {logging_mixin.py:188} INFO - [2025-09-18T09:46:51.281+0000] {dag.py:3058} INFO - Creating ORM DAG for example_branch_python_operator_decorator
[2025-09-18T09:46:51.306+0000] {logging_mixin.py:188} INFO - [2025-09-18T09:46:51.305+0000] {dag.py:3823} INFO - Setting next_dagrun for example_branch_python_operator_decorator to 2025-09-17 00:00:00+00:00, run_after=2025-09-18 00:00:00+00:00
[2025-09-18T09:46:51.345+0000] {processor.py:183} INFO - Processing /home/airflow/.local/lib/python3.8/site-packages/airflow/example_dags/example_branch_operator_decorator.py took 0.404 seconds
[2025-09-18T09:47:21.790+0000] {processor.py:161} INFO - Started process (PID=118) to work on /home/airflow/.local/lib/python3.8/site-packages/airflow/example_dags/example_branch_operator_decorator.py
[2025-09-18T09:47:21.792+0000] {processor.py:830} INFO - Processing file /home/airflow/.local/lib/python3.8/site-packages/airflow/example_dags/example_branch_operator_decorator.py for tasks to queue
[2025-09-18T09:47:21.797+0000] {logging_mixin.py:188} INFO - [2025-09-18T09:47:21.797+0000] {dagbag.py:538} INFO - Filling up the DagBag from /home/airflow/.local/lib/python3.8/site-packages/airflow/example_dags/example_branch_operator_decorator.py
[2025-09-18T09:47:21.856+0000] {processor.py:840} INFO - DAG(s) 'example_branch_python_operator_decorator' retrieved from /home/airflow/.local/lib/python3.8/site-packages/airflow/example_dags/example_branch_operator_decorator.py
[2025-09-18T09:47:21.921+0000] {logging_mixin.py:188} INFO - [2025-09-18T09:47:21.920+0000] {dag.py:3036} INFO - Sync 1 DAGs
[2025-09-18T09:47:21.983+0000] {logging_mixin.py:188} INFO - [2025-09-18T09:47:21.983+0000] {dag.py:3823} INFO - Setting next_dagrun for example_branch_python_operator_decorator to 2025-09-17 00:00:00+00:00, run_after=2025-09-18 00:00:00+00:00
[2025-09-18T09:47:22.021+0000] {processor.py:183} INFO - Processing /home/airflow/.local/lib/python3.8/site-packages/airflow/example_dags/example_branch_operator_decorator.py took 0.238 seconds
[2025-09-18T09:47:52.312+0000] {processor.py:161} INFO - Started process (PID=173) to work on /home/airflow/.local/lib/python3.8/site-packages/airflow/example_dags/example_branch_operator_decorator.py
[2025-09-18T09:47:52.315+0000] {processor.py:830} INFO - Processing file /home/airflow/.local/lib/python3.8/site-packages/airflow/example_dags/example_branch_operator_decorator.py for tasks to queue
[2025-09-18T09:47:52.320+0000] {logging_mixin.py:188} INFO - [2025-09-18T09:47:52.319+0000] {dagbag.py:538} INFO - Filling up the DagBag from /home/airflow/.local/lib/python3.8/site-packages/airflow/example_dags/example_branch_operator_decorator.py
[2025-09-18T09:47:52.379+0000] {processor.py:840} INFO - DAG(s) 'example_branch_python_operator_decorator' retrieved from /home/airflow/.local/lib/python3.8/site-packages/airflow/example_dags/example_branch_operator_decorator.py
[2025-09-18T09:47:52.447+0000] {logging_mixin.py:188} INFO - [2025-09-18T09:47:52.447+0000] {dag.py:3036} INFO - Sync 1 DAGs
[2025-09-18T09:47:52.498+0000] {logging_mixin.py:188} INFO - [2025-09-18T09:47:52.498+0000] {dag.py:3823} INFO - Setting next_dagrun for example_branch_python_operator_decorator to 2025-09-17 00:00:00+00:00, run_after=2025-09-18 00:00:00+00:00
[2025-09-18T09:47:52.539+0000] {processor.py:183} INFO - Processing /home/airflow/.local/lib/python3.8/site-packages/airflow/example_dags/example_branch_operator_decorator.py took 0.242 seconds
[2025-09-18T09:48:22.808+0000] {processor.py:161} INFO - Started process (PID=228) to work on /home/airflow/.local/lib/python3.8/site-packages/airflow/example_dags/example_branch_operator_decorator.py
[2025-09-18T09:48:22.810+0000] {processor.py:830} INFO - Processing file /home/airflow/.local/lib/python3.8/site-packages/airflow/example_dags/example_branch_operator_decorator.py for tasks to queue
[2025-09-18T09:48:22.814+0000] {logging_mixin.py:188} INFO - [2025-09-18T09:48:22.813+0000] {dagbag.py:538} INFO - Filling up the DagBag from /home/airflow/.local/lib/python3.8/site-packages/airflow/example_dags/example_branch_operator_decorator.py
[2025-09-18T09:48:22.865+0000] {processor.py:840} INFO - DAG(s) 'example_branch_python_operator_decorator' retrieved from /home/airflow/.local/lib/python3.8/site-packages/airflow/example_dags/example_branch_operator_decorator.py
[2025-09-18T09:48:22.921+0000] {logging_mixin.py:188} INFO - [2025-09-18T09:48:22.921+0000] {dag.py:3036} INFO - Sync 1 DAGs
[2025-09-18T09:48:22.967+0000] {logging_mixin.py:188} INFO - [2025-09-18T09:48:22.967+0000] {dag.py:3823} INFO - Setting next_dagrun for example_branch_python_operator_decorator to 2025-09-17 00:00:00+00:00, run_after=2025-09-18 00:00:00+00:00
[2025-09-18T09:48:23.005+0000] {processor.py:183} INFO - Processing /home/airflow/.local/lib/python3.8/site-packages/airflow/example_dags/example_branch_operator_decorator.py took 0.202 seconds
[2025-09-18T09:48:53.284+0000] {processor.py:161} INFO - Started process (PID=283) to work on /home/airflow/.local/lib/python3.8/site-packages/airflow/example_dags/example_branch_operator_decorator.py
[2025-09-18T09:48:53.287+0000] {processor.py:830} INFO - Processing file /home/airflow/.local/lib/python3.8/site-packages/airflow/example_dags/example_branch_operator_decorator.py for tasks to queue
[2025-09-18T09:48:53.291+0000] {logging_mixin.py:188} INFO - [2025-09-18T09:48:53.290+0000] {dagbag.py:538} INFO - Filling up the DagBag from /home/airflow/.local/lib/python3.8/site-packages/airflow/example_dags/example_branch_operator_decorator.py
[2025-09-18T09:48:53.357+0000] {processor.py:840} INFO - DAG(s) 'example_branch_python_operator_decorator' retrieved from /home/airflow/.local/lib/python3.8/site-packages/airflow/example_dags/example_branch_operator_decorator.py
[2025-09-18T09:48:53.439+0000] {logging_mixin.py:188} INFO - [2025-09-18T09:48:53.439+0000] {dag.py:3036} INFO - Sync 1 DAGs
[2025-09-18T09:48:53.520+0000] {logging_mixin.py:188} INFO - [2025-09-18T09:48:53.519+0000] {dag.py:3823} INFO - Setting next_dagrun for example_branch_python_operator_decorator to 2025-09-17 00:00:00+00:00, run_after=2025-09-18 00:00:00+00:00
[2025-09-18T09:48:53.606+0000] {processor.py:183} INFO - Processing /home/airflow/.local/lib/python3.8/site-packages/airflow/example_dags/example_branch_operator_decorator.py took 0.330 seconds
[2025-09-18T09:49:24.378+0000] {processor.py:161} INFO - Started process (PID=338) to work on /home/airflow/.local/lib/python3.8/site-packages/airflow/example_dags/example_branch_operator_decorator.py
[2025-09-18T09:49:24.380+0000] {processor.py:830} INFO - Processing file /home/airflow/.local/lib/python3.8/site-packages/airflow/example_dags/example_branch_operator_decorator.py for tasks to queue
[2025-09-18T09:49:24.384+0000] {logging_mixin.py:188} INFO - [2025-09-18T09:49:24.383+0000] {dagbag.py:538} INFO - Filling up the DagBag from /home/airflow/.local/lib/python3.8/site-packages/airflow/example_dags/example_branch_operator_decorator.py
[2025-09-18T09:49:24.426+0000] {processor.py:840} INFO - DAG(s) 'example_branch_python_operator_decorator' retrieved from /home/airflow/.local/lib/python3.8/site-packages/airflow/example_dags/example_branch_operator_decorator.py
[2025-09-18T09:49:24.481+0000] {logging_mixin.py:188} INFO - [2025-09-18T09:49:24.481+0000] {dag.py:3036} INFO - Sync 1 DAGs
[2025-09-18T09:49:24.526+0000] {logging_mixin.py:188} INFO - [2025-09-18T09:49:24.525+0000] {dag.py:3823} INFO - Setting next_dagrun for example_branch_python_operator_decorator to 2025-09-17 00:00:00+00:00, run_after=2025-09-18 00:00:00+00:00
[2025-09-18T09:49:24.564+0000] {processor.py:183} INFO - Processing /home/airflow/.local/lib/python3.8/site-packages/airflow/example_dags/example_branch_operator_decorator.py took 0.191 seconds
[2025-09-18T09:49:55.178+0000] {processor.py:161} INFO - Started process (PID=393) to work on /home/airflow/.local/lib/python3.8/site-packages/airflow/example_dags/example_branch_operator_decorator.py
[2025-09-18T09:49:55.185+0000] {processor.py:830} INFO - Processing file /home/airflow/.local/lib/python3.8/site-packages/airflow/example_dags/example_branch_operator_decorator.py for tasks to queue
[2025-09-18T09:49:55.198+0000] {logging_mixin.py:188} INFO - [2025-09-18T09:49:55.196+0000] {dagbag.py:538} INFO - Filling up the DagBag from /home/airflow/.local/lib/python3.8/site-packages/airflow/example_dags/example_branch_operator_decorator.py
[2025-09-18T09:49:55.297+0000] {processor.py:840} INFO - DAG(s) 'example_branch_python_operator_decorator' retrieved from /home/airflow/.local/lib/python3.8/site-packages/airflow/example_dags/example_branch_operator_decorator.py
[2025-09-18T09:49:55.402+0000] {logging_mixin.py:188} INFO - [2025-09-18T09:49:55.399+0000] {dag.py:3036} INFO - Sync 1 DAGs
[2025-09-18T09:49:55.547+0000] {logging_mixin.py:188} INFO - [2025-09-18T09:49:55.546+0000] {dag.py:3823} INFO - Setting next_dagrun for example_branch_python_operator_decorator to 2025-09-17 00:00:00+00:00, run_after=2025-09-18 00:00:00+00:00
[2025-09-18T09:49:55.628+0000] {processor.py:183} INFO - Processing /home/airflow/.local/lib/python3.8/site-packages/airflow/example_dags/example_branch_operator_decorator.py took 0.462 seconds
[2025-09-18T09:50:25.938+0000] {processor.py:161} INFO - Started process (PID=448) to work on /home/airflow/.local/lib/python3.8/site-packages/airflow/example_dags/example_branch_operator_decorator.py
[2025-09-18T09:50:25.940+0000] {processor.py:830} INFO - Processing file /home/airflow/.local/lib/python3.8/site-packages/airflow/example_dags/example_branch_operator_decorator.py for tasks to queue
[2025-09-18T09:50:25.944+0000] {logging_mixin.py:188} INFO - [2025-09-18T09:50:25.943+0000] {dagbag.py:538} INFO - Filling up the DagBag from /home/airflow/.local/lib/python3.8/site-packages/airflow/example_dags/example_branch_operator_decorator.py
[2025-09-18T09:50:25.987+0000] {processor.py:840} INFO - DAG(s) 'example_branch_python_operator_decorator' retrieved from /home/airflow/.local/lib/python3.8/site-packages/airflow/example_dags/example_branch_operator_decorator.py
[2025-09-18T09:50:26.040+0000] {logging_mixin.py:188} INFO - [2025-09-18T09:50:26.040+0000] {dag.py:3036} INFO - Sync 1 DAGs
[2025-09-18T09:50:26.085+0000] {logging_mixin.py:188} INFO - [2025-09-18T09:50:26.085+0000] {dag.py:3823} INFO - Setting next_dagrun for example_branch_python_operator_decorator to 2025-09-17 00:00:00+00:00, run_after=2025-09-18 00:00:00+00:00
[2025-09-18T09:50:26.126+0000] {processor.py:183} INFO - Processing /home/airflow/.local/lib/python3.8/site-packages/airflow/example_dags/example_branch_operator_decorator.py took 0.194 seconds
[2025-09-18T09:50:56.590+0000] {processor.py:161} INFO - Started process (PID=503) to work on /home/airflow/.local/lib/python3.8/site-packages/airflow/example_dags/example_branch_operator_decorator.py
[2025-09-18T09:50:56.592+0000] {processor.py:830} INFO - Processing file /home/airflow/.local/lib/python3.8/site-packages/airflow/example_dags/example_branch_operator_decorator.py for tasks to queue
[2025-09-18T09:50:56.596+0000] {logging_mixin.py:188} INFO - [2025-09-18T09:50:56.596+0000] {dagbag.py:538} INFO - Filling up the DagBag from /home/airflow/.local/lib/python3.8/site-packages/airflow/example_dags/example_branch_operator_decorator.py
[2025-09-18T09:50:56.637+0000] {processor.py:840} INFO - DAG(s) 'example_branch_python_operator_decorator' retrieved from /home/airflow/.local/lib/python3.8/site-packages/airflow/example_dags/example_branch_operator_decorator.py
[2025-09-18T09:50:56.688+0000] {logging_mixin.py:188} INFO - [2025-09-18T09:50:56.689+0000] {dag.py:3036} INFO - Sync 1 DAGs
[2025-09-18T09:50:56.737+0000] {logging_mixin.py:188} INFO - [2025-09-18T09:50:56.737+0000] {dag.py:3823} INFO - Setting next_dagrun for example_branch_python_operator_decorator to 2025-09-17 00:00:00+00:00, run_after=2025-09-18 00:00:00+00:00
[2025-09-18T09:50:56.783+0000] {processor.py:183} INFO - Processing /home/airflow/.local/lib/python3.8/site-packages/airflow/example_dags/example_branch_operator_decorator.py took 0.201 seconds
[2025-09-18T09:54:01.339+0000] {processor.py:161} INFO - Started process (PID=64) to work on /home/airflow/.local/lib/python3.8/site-packages/airflow/example_dags/example_branch_operator_decorator.py
[2025-09-18T09:54:01.341+0000] {processor.py:830} INFO - Processing file /home/airflow/.local/lib/python3.8/site-packages/airflow/example_dags/example_branch_operator_decorator.py for tasks to queue
[2025-09-18T09:54:01.346+0000] {logging_mixin.py:188} INFO - [2025-09-18T09:54:01.345+0000] {dagbag.py:538} INFO - Filling up the DagBag from /home/airflow/.local/lib/python3.8/site-packages/airflow/example_dags/example_branch_operator_decorator.py
[2025-09-18T09:54:01.409+0000] {processor.py:840} INFO - DAG(s) 'example_branch_python_operator_decorator' retrieved from /home/airflow/.local/lib/python3.8/site-packages/airflow/example_dags/example_branch_operator_decorator.py
[2025-09-18T09:54:01.672+0000] {logging_mixin.py:188} INFO - [2025-09-18T09:54:01.671+0000] {override.py:1769} INFO - Created Permission View: can delete on DAG:example_branch_python_operator_decorator
[2025-09-18T09:54:01.692+0000] {logging_mixin.py:188} INFO - [2025-09-18T09:54:01.691+0000] {override.py:1769} INFO - Created Permission View: can edit on DAG:example_branch_python_operator_decorator
[2025-09-18T09:54:01.707+0000] {logging_mixin.py:188} INFO - [2025-09-18T09:54:01.706+0000] {override.py:1769} INFO - Created Permission View: can read on DAG:example_branch_python_operator_decorator
[2025-09-18T09:54:01.708+0000] {logging_mixin.py:188} INFO - [2025-09-18T09:54:01.708+0000] {dag.py:3036} INFO - Sync 1 DAGs
[2025-09-18T09:54:01.736+0000] {logging_mixin.py:188} INFO - [2025-09-18T09:54:01.735+0000] {dag.py:3058} INFO - Creating ORM DAG for example_branch_python_operator_decorator
[2025-09-18T09:54:01.764+0000] {logging_mixin.py:188} INFO - [2025-09-18T09:54:01.764+0000] {dag.py:3823} INFO - Setting next_dagrun for example_branch_python_operator_decorator to 2025-09-17 00:00:00+00:00, run_after=2025-09-18 00:00:00+00:00
[2025-09-18T09:54:01.813+0000] {processor.py:183} INFO - Processing /home/airflow/.local/lib/python3.8/site-packages/airflow/example_dags/example_branch_operator_decorator.py took 0.481 seconds
[2025-09-18T09:54:31.925+0000] {processor.py:161} INFO - Started process (PID=119) to work on /home/airflow/.local/lib/python3.8/site-packages/airflow/example_dags/example_branch_operator_decorator.py
[2025-09-18T09:54:31.927+0000] {processor.py:830} INFO - Processing file /home/airflow/.local/lib/python3.8/site-packages/airflow/example_dags/example_branch_operator_decorator.py for tasks to queue
[2025-09-18T09:54:31.932+0000] {logging_mixin.py:188} INFO - [2025-09-18T09:54:31.931+0000] {dagbag.py:538} INFO - Filling up the DagBag from /home/airflow/.local/lib/python3.8/site-packages/airflow/example_dags/example_branch_operator_decorator.py
[2025-09-18T09:54:31.981+0000] {processor.py:840} INFO - DAG(s) 'example_branch_python_operator_decorator' retrieved from /home/airflow/.local/lib/python3.8/site-packages/airflow/example_dags/example_branch_operator_decorator.py
[2025-09-18T09:54:32.044+0000] {logging_mixin.py:188} INFO - [2025-09-18T09:54:32.043+0000] {dag.py:3036} INFO - Sync 1 DAGs
[2025-09-18T09:54:32.099+0000] {logging_mixin.py:188} INFO - [2025-09-18T09:54:32.098+0000] {dag.py:3823} INFO - Setting next_dagrun for example_branch_python_operator_decorator to 2025-09-17 00:00:00+00:00, run_after=2025-09-18 00:00:00+00:00
[2025-09-18T09:54:32.140+0000] {processor.py:183} INFO - Processing /home/airflow/.local/lib/python3.8/site-packages/airflow/example_dags/example_branch_operator_decorator.py took 0.221 seconds
[2025-09-18T09:55:02.377+0000] {processor.py:161} INFO - Started process (PID=175) to work on /home/airflow/.local/lib/python3.8/site-packages/airflow/example_dags/example_branch_operator_decorator.py
[2025-09-18T09:55:02.379+0000] {processor.py:830} INFO - Processing file /home/airflow/.local/lib/python3.8/site-packages/airflow/example_dags/example_branch_operator_decorator.py for tasks to queue
[2025-09-18T09:55:02.383+0000] {logging_mixin.py:188} INFO - [2025-09-18T09:55:02.382+0000] {dagbag.py:538} INFO - Filling up the DagBag from /home/airflow/.local/lib/python3.8/site-packages/airflow/example_dags/example_branch_operator_decorator.py
[2025-09-18T09:55:02.424+0000] {processor.py:840} INFO - DAG(s) 'example_branch_python_operator_decorator' retrieved from /home/airflow/.local/lib/python3.8/site-packages/airflow/example_dags/example_branch_operator_decorator.py
[2025-09-18T09:55:02.475+0000] {logging_mixin.py:188} INFO - [2025-09-18T09:55:02.475+0000] {dag.py:3036} INFO - Sync 1 DAGs
[2025-09-18T09:55:02.519+0000] {logging_mixin.py:188} INFO - [2025-09-18T09:55:02.519+0000] {dag.py:3823} INFO - Setting next_dagrun for example_branch_python_operator_decorator to 2025-09-17 00:00:00+00:00, run_after=2025-09-18 00:00:00+00:00
[2025-09-18T09:55:02.555+0000] {processor.py:183} INFO - Processing /home/airflow/.local/lib/python3.8/site-packages/airflow/example_dags/example_branch_operator_decorator.py took 0.184 seconds
[2025-09-18T09:55:33.018+0000] {processor.py:161} INFO - Started process (PID=230) to work on /home/airflow/.local/lib/python3.8/site-packages/airflow/example_dags/example_branch_operator_decorator.py
[2025-09-18T09:55:33.021+0000] {processor.py:830} INFO - Processing file /home/airflow/.local/lib/python3.8/site-packages/airflow/example_dags/example_branch_operator_decorator.py for tasks to queue
[2025-09-18T09:55:33.028+0000] {logging_mixin.py:188} INFO - [2025-09-18T09:55:33.026+0000] {dagbag.py:538} INFO - Filling up the DagBag from /home/airflow/.local/lib/python3.8/site-packages/airflow/example_dags/example_branch_operator_decorator.py
[2025-09-18T09:55:33.119+0000] {processor.py:840} INFO - DAG(s) 'example_branch_python_operator_decorator' retrieved from /home/airflow/.local/lib/python3.8/site-packages/airflow/example_dags/example_branch_operator_decorator.py
[2025-09-18T09:55:33.220+0000] {logging_mixin.py:188} INFO - [2025-09-18T09:55:33.219+0000] {dag.py:3036} INFO - Sync 1 DAGs
[2025-09-18T09:55:33.301+0000] {logging_mixin.py:188} INFO - [2025-09-18T09:55:33.301+0000] {dag.py:3823} INFO - Setting next_dagrun for example_branch_python_operator_decorator to 2025-09-17 00:00:00+00:00, run_after=2025-09-18 00:00:00+00:00
[2025-09-18T09:55:33.352+0000] {processor.py:183} INFO - Processing /home/airflow/.local/lib/python3.8/site-packages/airflow/example_dags/example_branch_operator_decorator.py took 0.345 seconds
[2025-09-18T09:56:03.710+0000] {processor.py:161} INFO - Started process (PID=285) to work on /home/airflow/.local/lib/python3.8/site-packages/airflow/example_dags/example_branch_operator_decorator.py
[2025-09-18T09:56:03.713+0000] {processor.py:830} INFO - Processing file /home/airflow/.local/lib/python3.8/site-packages/airflow/example_dags/example_branch_operator_decorator.py for tasks to queue
[2025-09-18T09:56:03.717+0000] {logging_mixin.py:188} INFO - [2025-09-18T09:56:03.716+0000] {dagbag.py:538} INFO - Filling up the DagBag from /home/airflow/.local/lib/python3.8/site-packages/airflow/example_dags/example_branch_operator_decorator.py
[2025-09-18T09:56:03.775+0000] {processor.py:840} INFO - DAG(s) 'example_branch_python_operator_decorator' retrieved from /home/airflow/.local/lib/python3.8/site-packages/airflow/example_dags/example_branch_operator_decorator.py
[2025-09-18T09:56:03.853+0000] {logging_mixin.py:188} INFO - [2025-09-18T09:56:03.852+0000] {dag.py:3036} INFO - Sync 1 DAGs
[2025-09-18T09:56:03.912+0000] {logging_mixin.py:188} INFO - [2025-09-18T09:56:03.912+0000] {dag.py:3823} INFO - Setting next_dagrun for example_branch_python_operator_decorator to 2025-09-17 00:00:00+00:00, run_after=2025-09-18 00:00:00+00:00
[2025-09-18T09:56:03.958+0000] {processor.py:183} INFO - Processing /home/airflow/.local/lib/python3.8/site-packages/airflow/example_dags/example_branch_operator_decorator.py took 0.257 seconds
[2025-09-18T09:56:34.069+0000] {processor.py:161} INFO - Started process (PID=340) to work on /home/airflow/.local/lib/python3.8/site-packages/airflow/example_dags/example_branch_operator_decorator.py
[2025-09-18T09:56:34.072+0000] {processor.py:830} INFO - Processing file /home/airflow/.local/lib/python3.8/site-packages/airflow/example_dags/example_branch_operator_decorator.py for tasks to queue
[2025-09-18T09:56:34.076+0000] {logging_mixin.py:188} INFO - [2025-09-18T09:56:34.075+0000] {dagbag.py:538} INFO - Filling up the DagBag from /home/airflow/.local/lib/python3.8/site-packages/airflow/example_dags/example_branch_operator_decorator.py
[2025-09-18T09:56:34.123+0000] {processor.py:840} INFO - DAG(s) 'example_branch_python_operator_decorator' retrieved from /home/airflow/.local/lib/python3.8/site-packages/airflow/example_dags/example_branch_operator_decorator.py
[2025-09-18T09:56:34.186+0000] {logging_mixin.py:188} INFO - [2025-09-18T09:56:34.185+0000] {dag.py:3036} INFO - Sync 1 DAGs
[2025-09-18T09:56:34.235+0000] {logging_mixin.py:188} INFO - [2025-09-18T09:56:34.234+0000] {dag.py:3823} INFO - Setting next_dagrun for example_branch_python_operator_decorator to 2025-09-17 00:00:00+00:00, run_after=2025-09-18 00:00:00+00:00
[2025-09-18T09:56:34.274+0000] {processor.py:183} INFO - Processing /home/airflow/.local/lib/python3.8/site-packages/airflow/example_dags/example_branch_operator_decorator.py took 0.210 seconds
[2025-09-18T09:57:04.778+0000] {processor.py:161} INFO - Started process (PID=395) to work on /home/airflow/.local/lib/python3.8/site-packages/airflow/example_dags/example_branch_operator_decorator.py
[2025-09-18T09:57:04.781+0000] {processor.py:830} INFO - Processing file /home/airflow/.local/lib/python3.8/site-packages/airflow/example_dags/example_branch_operator_decorator.py for tasks to queue
[2025-09-18T09:57:04.786+0000] {logging_mixin.py:188} INFO - [2025-09-18T09:57:04.785+0000] {dagbag.py:538} INFO - Filling up the DagBag from /home/airflow/.local/lib/python3.8/site-packages/airflow/example_dags/example_branch_operator_decorator.py
[2025-09-18T09:57:04.843+0000] {processor.py:840} INFO - DAG(s) 'example_branch_python_operator_decorator' retrieved from /home/airflow/.local/lib/python3.8/site-packages/airflow/example_dags/example_branch_operator_decorator.py
[2025-09-18T09:57:04.916+0000] {logging_mixin.py:188} INFO - [2025-09-18T09:57:04.915+0000] {dag.py:3036} INFO - Sync 1 DAGs
[2025-09-18T09:57:04.969+0000] {logging_mixin.py:188} INFO - [2025-09-18T09:57:04.968+0000] {dag.py:3823} INFO - Setting next_dagrun for example_branch_python_operator_decorator to 2025-09-17 00:00:00+00:00, run_after=2025-09-18 00:00:00+00:00
[2025-09-18T09:57:05.052+0000] {processor.py:183} INFO - Processing /home/airflow/.local/lib/python3.8/site-packages/airflow/example_dags/example_branch_operator_decorator.py took 0.282 seconds
[2025-09-18T09:57:35.373+0000] {processor.py:161} INFO - Started process (PID=450) to work on /home/airflow/.local/lib/python3.8/site-packages/airflow/example_dags/example_branch_operator_decorator.py
[2025-09-18T09:57:35.375+0000] {processor.py:830} INFO - Processing file /home/airflow/.local/lib/python3.8/site-packages/airflow/example_dags/example_branch_operator_decorator.py for tasks to queue
[2025-09-18T09:57:35.378+0000] {logging_mixin.py:188} INFO - [2025-09-18T09:57:35.378+0000] {dagbag.py:538} INFO - Filling up the DagBag from /home/airflow/.local/lib/python3.8/site-packages/airflow/example_dags/example_branch_operator_decorator.py
[2025-09-18T09:57:35.421+0000] {processor.py:840} INFO - DAG(s) 'example_branch_python_operator_decorator' retrieved from /home/airflow/.local/lib/python3.8/site-packages/airflow/example_dags/example_branch_operator_decorator.py
[2025-09-18T09:57:35.475+0000] {logging_mixin.py:188} INFO - [2025-09-18T09:57:35.475+0000] {dag.py:3036} INFO - Sync 1 DAGs
[2025-09-18T09:57:35.521+0000] {logging_mixin.py:188} INFO - [2025-09-18T09:57:35.520+0000] {dag.py:3823} INFO - Setting next_dagrun for example_branch_python_operator_decorator to 2025-09-17 00:00:00+00:00, run_after=2025-09-18 00:00:00+00:00
[2025-09-18T09:57:35.557+0000] {processor.py:183} INFO - Processing /home/airflow/.local/lib/python3.8/site-packages/airflow/example_dags/example_branch_operator_decorator.py took 0.190 seconds
[2025-09-18T09:58:06.482+0000] {processor.py:161} INFO - Started process (PID=505) to work on /home/airflow/.local/lib/python3.8/site-packages/airflow/example_dags/example_branch_operator_decorator.py
[2025-09-18T09:58:06.484+0000] {processor.py:830} INFO - Processing file /home/airflow/.local/lib/python3.8/site-packages/airflow/example_dags/example_branch_operator_decorator.py for tasks to queue
[2025-09-18T09:58:06.487+0000] {logging_mixin.py:188} INFO - [2025-09-18T09:58:06.487+0000] {dagbag.py:538} INFO - Filling up the DagBag from /home/airflow/.local/lib/python3.8/site-packages/airflow/example_dags/example_branch_operator_decorator.py
[2025-09-18T09:58:06.534+0000] {processor.py:840} INFO - DAG(s) 'example_branch_python_operator_decorator' retrieved from /home/airflow/.local/lib/python3.8/site-packages/airflow/example_dags/example_branch_operator_decorator.py
[2025-09-18T09:58:06.585+0000] {logging_mixin.py:188} INFO - [2025-09-18T09:58:06.584+0000] {dag.py:3036} INFO - Sync 1 DAGs
[2025-09-18T09:58:06.630+0000] {logging_mixin.py:188} INFO - [2025-09-18T09:58:06.629+0000] {dag.py:3823} INFO - Setting next_dagrun for example_branch_python_operator_decorator to 2025-09-17 00:00:00+00:00, run_after=2025-09-18 00:00:00+00:00
[2025-09-18T09:58:06.667+0000] {processor.py:183} INFO - Processing /home/airflow/.local/lib/python3.8/site-packages/airflow/example_dags/example_branch_operator_decorator.py took 0.191 seconds
[2025-09-18T09:58:36.759+0000] {processor.py:161} INFO - Started process (PID=560) to work on /home/airflow/.local/lib/python3.8/site-packages/airflow/example_dags/example_branch_operator_decorator.py
[2025-09-18T09:58:36.761+0000] {processor.py:830} INFO - Processing file /home/airflow/.local/lib/python3.8/site-packages/airflow/example_dags/example_branch_operator_decorator.py for tasks to queue
[2025-09-18T09:58:36.764+0000] {logging_mixin.py:188} INFO - [2025-09-18T09:58:36.764+0000] {dagbag.py:538} INFO - Filling up the DagBag from /home/airflow/.local/lib/python3.8/site-packages/airflow/example_dags/example_branch_operator_decorator.py
[2025-09-18T09:58:36.806+0000] {processor.py:840} INFO - DAG(s) 'example_branch_python_operator_decorator' retrieved from /home/airflow/.local/lib/python3.8/site-packages/airflow/example_dags/example_branch_operator_decorator.py
[2025-09-18T09:58:36.856+0000] {logging_mixin.py:188} INFO - [2025-09-18T09:58:36.856+0000] {dag.py:3036} INFO - Sync 1 DAGs
[2025-09-18T09:58:36.899+0000] {logging_mixin.py:188} INFO - [2025-09-18T09:58:36.899+0000] {dag.py:3823} INFO - Setting next_dagrun for example_branch_python_operator_decorator to 2025-09-17 00:00:00+00:00, run_after=2025-09-18 00:00:00+00:00
[2025-09-18T09:58:36.936+0000] {processor.py:183} INFO - Processing /home/airflow/.local/lib/python3.8/site-packages/airflow/example_dags/example_branch_operator_decorator.py took 0.183 seconds
[2025-09-18T09:59:07.144+0000] {processor.py:161} INFO - Started process (PID=615) to work on /home/airflow/.local/lib/python3.8/site-packages/airflow/example_dags/example_branch_operator_decorator.py
[2025-09-18T09:59:07.146+0000] {processor.py:830} INFO - Processing file /home/airflow/.local/lib/python3.8/site-packages/airflow/example_dags/example_branch_operator_decorator.py for tasks to queue
[2025-09-18T09:59:07.150+0000] {logging_mixin.py:188} INFO - [2025-09-18T09:59:07.149+0000] {dagbag.py:538} INFO - Filling up the DagBag from /home/airflow/.local/lib/python3.8/site-packages/airflow/example_dags/example_branch_operator_decorator.py
[2025-09-18T09:59:07.191+0000] {processor.py:840} INFO - DAG(s) 'example_branch_python_operator_decorator' retrieved from /home/airflow/.local/lib/python3.8/site-packages/airflow/example_dags/example_branch_operator_decorator.py
[2025-09-18T09:59:07.263+0000] {logging_mixin.py:188} INFO - [2025-09-18T09:59:07.263+0000] {dag.py:3036} INFO - Sync 1 DAGs
[2025-09-18T09:59:07.306+0000] {logging_mixin.py:188} INFO - [2025-09-18T09:59:07.305+0000] {dag.py:3823} INFO - Setting next_dagrun for example_branch_python_operator_decorator to 2025-09-17 00:00:00+00:00, run_after=2025-09-18 00:00:00+00:00
[2025-09-18T09:59:07.350+0000] {processor.py:183} INFO - Processing /home/airflow/.local/lib/python3.8/site-packages/airflow/example_dags/example_branch_operator_decorator.py took 0.212 seconds
[2025-09-18T09:59:38.139+0000] {processor.py:161} INFO - Started process (PID=676) to work on /home/airflow/.local/lib/python3.8/site-packages/airflow/example_dags/example_branch_operator_decorator.py
[2025-09-18T09:59:38.141+0000] {processor.py:830} INFO - Processing file /home/airflow/.local/lib/python3.8/site-packages/airflow/example_dags/example_branch_operator_decorator.py for tasks to queue
[2025-09-18T09:59:38.145+0000] {logging_mixin.py:188} INFO - [2025-09-18T09:59:38.145+0000] {dagbag.py:538} INFO - Filling up the DagBag from /home/airflow/.local/lib/python3.8/site-packages/airflow/example_dags/example_branch_operator_decorator.py
[2025-09-18T09:59:38.190+0000] {processor.py:840} INFO - DAG(s) 'example_branch_python_operator_decorator' retrieved from /home/airflow/.local/lib/python3.8/site-packages/airflow/example_dags/example_branch_operator_decorator.py
[2025-09-18T09:59:38.249+0000] {logging_mixin.py:188} INFO - [2025-09-18T09:59:38.249+0000] {dag.py:3036} INFO - Sync 1 DAGs
[2025-09-18T09:59:38.297+0000] {logging_mixin.py:188} INFO - [2025-09-18T09:59:38.296+0000] {dag.py:3823} INFO - Setting next_dagrun for example_branch_python_operator_decorator to 2025-09-17 00:00:00+00:00, run_after=2025-09-18 00:00:00+00:00
[2025-09-18T09:59:38.347+0000] {processor.py:183} INFO - Processing /home/airflow/.local/lib/python3.8/site-packages/airflow/example_dags/example_branch_operator_decorator.py took 0.214 seconds
[2025-09-18T10:00:09.045+0000] {processor.py:161} INFO - Started process (PID=731) to work on /home/airflow/.local/lib/python3.8/site-packages/airflow/example_dags/example_branch_operator_decorator.py
[2025-09-18T10:00:09.047+0000] {processor.py:830} INFO - Processing file /home/airflow/.local/lib/python3.8/site-packages/airflow/example_dags/example_branch_operator_decorator.py for tasks to queue
[2025-09-18T10:00:09.051+0000] {logging_mixin.py:188} INFO - [2025-09-18T10:00:09.050+0000] {dagbag.py:538} INFO - Filling up the DagBag from /home/airflow/.local/lib/python3.8/site-packages/airflow/example_dags/example_branch_operator_decorator.py
[2025-09-18T10:00:09.097+0000] {processor.py:840} INFO - DAG(s) 'example_branch_python_operator_decorator' retrieved from /home/airflow/.local/lib/python3.8/site-packages/airflow/example_dags/example_branch_operator_decorator.py
[2025-09-18T10:00:09.149+0000] {logging_mixin.py:188} INFO - [2025-09-18T10:00:09.149+0000] {dag.py:3036} INFO - Sync 1 DAGs
[2025-09-18T10:00:09.192+0000] {logging_mixin.py:188} INFO - [2025-09-18T10:00:09.192+0000] {dag.py:3823} INFO - Setting next_dagrun for example_branch_python_operator_decorator to 2025-09-17 00:00:00+00:00, run_after=2025-09-18 00:00:00+00:00
[2025-09-18T10:00:09.235+0000] {processor.py:183} INFO - Processing /home/airflow/.local/lib/python3.8/site-packages/airflow/example_dags/example_branch_operator_decorator.py took 0.195 seconds
[2025-09-18T10:00:39.647+0000] {processor.py:161} INFO - Started process (PID=786) to work on /home/airflow/.local/lib/python3.8/site-packages/airflow/example_dags/example_branch_operator_decorator.py
[2025-09-18T10:00:39.649+0000] {processor.py:830} INFO - Processing file /home/airflow/.local/lib/python3.8/site-packages/airflow/example_dags/example_branch_operator_decorator.py for tasks to queue
[2025-09-18T10:00:39.652+0000] {logging_mixin.py:188} INFO - [2025-09-18T10:00:39.652+0000] {dagbag.py:538} INFO - Filling up the DagBag from /home/airflow/.local/lib/python3.8/site-packages/airflow/example_dags/example_branch_operator_decorator.py
[2025-09-18T10:00:39.693+0000] {processor.py:840} INFO - DAG(s) 'example_branch_python_operator_decorator' retrieved from /home/airflow/.local/lib/python3.8/site-packages/airflow/example_dags/example_branch_operator_decorator.py
[2025-09-18T10:00:39.741+0000] {logging_mixin.py:188} INFO - [2025-09-18T10:00:39.740+0000] {dag.py:3036} INFO - Sync 1 DAGs
[2025-09-18T10:00:39.781+0000] {logging_mixin.py:188} INFO - [2025-09-18T10:00:39.781+0000] {dag.py:3823} INFO - Setting next_dagrun for example_branch_python_operator_decorator to 2025-09-17 00:00:00+00:00, run_after=2025-09-18 00:00:00+00:00
[2025-09-18T10:00:39.817+0000] {processor.py:183} INFO - Processing /home/airflow/.local/lib/python3.8/site-packages/airflow/example_dags/example_branch_operator_decorator.py took 0.176 seconds
[2025-09-18T10:01:10.475+0000] {processor.py:161} INFO - Started process (PID=841) to work on /home/airflow/.local/lib/python3.8/site-packages/airflow/example_dags/example_branch_operator_decorator.py
[2025-09-18T10:01:10.478+0000] {processor.py:830} INFO - Processing file /home/airflow/.local/lib/python3.8/site-packages/airflow/example_dags/example_branch_operator_decorator.py for tasks to queue
[2025-09-18T10:01:10.481+0000] {logging_mixin.py:188} INFO - [2025-09-18T10:01:10.481+0000] {dagbag.py:538} INFO - Filling up the DagBag from /home/airflow/.local/lib/python3.8/site-packages/airflow/example_dags/example_branch_operator_decorator.py
[2025-09-18T10:01:10.532+0000] {processor.py:840} INFO - DAG(s) 'example_branch_python_operator_decorator' retrieved from /home/airflow/.local/lib/python3.8/site-packages/airflow/example_dags/example_branch_operator_decorator.py
[2025-09-18T10:01:10.583+0000] {logging_mixin.py:188} INFO - [2025-09-18T10:01:10.583+0000] {dag.py:3036} INFO - Sync 1 DAGs
[2025-09-18T10:01:10.629+0000] {logging_mixin.py:188} INFO - [2025-09-18T10:01:10.629+0000] {dag.py:3823} INFO - Setting next_dagrun for example_branch_python_operator_decorator to 2025-09-17 00:00:00+00:00, run_after=2025-09-18 00:00:00+00:00
[2025-09-18T10:01:10.669+0000] {processor.py:183} INFO - Processing /home/airflow/.local/lib/python3.8/site-packages/airflow/example_dags/example_branch_operator_decorator.py took 0.199 seconds
[2025-09-18T10:01:40.884+0000] {processor.py:161} INFO - Started process (PID=896) to work on /home/airflow/.local/lib/python3.8/site-packages/airflow/example_dags/example_branch_operator_decorator.py
[2025-09-18T10:01:40.886+0000] {processor.py:830} INFO - Processing file /home/airflow/.local/lib/python3.8/site-packages/airflow/example_dags/example_branch_operator_decorator.py for tasks to queue
[2025-09-18T10:01:40.891+0000] {logging_mixin.py:188} INFO - [2025-09-18T10:01:40.890+0000] {dagbag.py:538} INFO - Filling up the DagBag from /home/airflow/.local/lib/python3.8/site-packages/airflow/example_dags/example_branch_operator_decorator.py
[2025-09-18T10:01:40.932+0000] {processor.py:840} INFO - DAG(s) 'example_branch_python_operator_decorator' retrieved from /home/airflow/.local/lib/python3.8/site-packages/airflow/example_dags/example_branch_operator_decorator.py
[2025-09-18T10:01:40.981+0000] {logging_mixin.py:188} INFO - [2025-09-18T10:01:40.980+0000] {dag.py:3036} INFO - Sync 1 DAGs
[2025-09-18T10:01:41.021+0000] {logging_mixin.py:188} INFO - [2025-09-18T10:01:41.021+0000] {dag.py:3823} INFO - Setting next_dagrun for example_branch_python_operator_decorator to 2025-09-17 00:00:00+00:00, run_after=2025-09-18 00:00:00+00:00
[2025-09-18T10:01:41.060+0000] {processor.py:183} INFO - Processing /home/airflow/.local/lib/python3.8/site-packages/airflow/example_dags/example_branch_operator_decorator.py took 0.182 seconds
[2025-09-18T10:02:11.649+0000] {processor.py:161} INFO - Started process (PID=951) to work on /home/airflow/.local/lib/python3.8/site-packages/airflow/example_dags/example_branch_operator_decorator.py
[2025-09-18T10:02:11.651+0000] {processor.py:830} INFO - Processing file /home/airflow/.local/lib/python3.8/site-packages/airflow/example_dags/example_branch_operator_decorator.py for tasks to queue
[2025-09-18T10:02:11.655+0000] {logging_mixin.py:188} INFO - [2025-09-18T10:02:11.655+0000] {dagbag.py:538} INFO - Filling up the DagBag from /home/airflow/.local/lib/python3.8/site-packages/airflow/example_dags/example_branch_operator_decorator.py
[2025-09-18T10:02:11.698+0000] {processor.py:840} INFO - DAG(s) 'example_branch_python_operator_decorator' retrieved from /home/airflow/.local/lib/python3.8/site-packages/airflow/example_dags/example_branch_operator_decorator.py
[2025-09-18T10:02:11.755+0000] {logging_mixin.py:188} INFO - [2025-09-18T10:02:11.755+0000] {dag.py:3036} INFO - Sync 1 DAGs
[2025-09-18T10:02:11.802+0000] {logging_mixin.py:188} INFO - [2025-09-18T10:02:11.801+0000] {dag.py:3823} INFO - Setting next_dagrun for example_branch_python_operator_decorator to 2025-09-17 00:00:00+00:00, run_after=2025-09-18 00:00:00+00:00
[2025-09-18T10:02:11.843+0000] {processor.py:183} INFO - Processing /home/airflow/.local/lib/python3.8/site-packages/airflow/example_dags/example_branch_operator_decorator.py took 0.199 seconds
[2025-09-18T10:02:42.351+0000] {processor.py:161} INFO - Started process (PID=1006) to work on /home/airflow/.local/lib/python3.8/site-packages/airflow/example_dags/example_branch_operator_decorator.py
[2025-09-18T10:02:42.353+0000] {processor.py:830} INFO - Processing file /home/airflow/.local/lib/python3.8/site-packages/airflow/example_dags/example_branch_operator_decorator.py for tasks to queue
[2025-09-18T10:02:42.357+0000] {logging_mixin.py:188} INFO - [2025-09-18T10:02:42.357+0000] {dagbag.py:538} INFO - Filling up the DagBag from /home/airflow/.local/lib/python3.8/site-packages/airflow/example_dags/example_branch_operator_decorator.py
[2025-09-18T10:02:42.407+0000] {processor.py:840} INFO - DAG(s) 'example_branch_python_operator_decorator' retrieved from /home/airflow/.local/lib/python3.8/site-packages/airflow/example_dags/example_branch_operator_decorator.py
[2025-09-18T10:02:42.460+0000] {logging_mixin.py:188} INFO - [2025-09-18T10:02:42.459+0000] {dag.py:3036} INFO - Sync 1 DAGs
[2025-09-18T10:02:42.506+0000] {logging_mixin.py:188} INFO - [2025-09-18T10:02:42.505+0000] {dag.py:3823} INFO - Setting next_dagrun for example_branch_python_operator_decorator to 2025-09-17 00:00:00+00:00, run_after=2025-09-18 00:00:00+00:00
[2025-09-18T10:02:42.558+0000] {processor.py:183} INFO - Processing /home/airflow/.local/lib/python3.8/site-packages/airflow/example_dags/example_branch_operator_decorator.py took 0.215 seconds
[2025-09-18T10:03:13.296+0000] {processor.py:161} INFO - Started process (PID=1061) to work on /home/airflow/.local/lib/python3.8/site-packages/airflow/example_dags/example_branch_operator_decorator.py
[2025-09-18T10:03:13.297+0000] {processor.py:830} INFO - Processing file /home/airflow/.local/lib/python3.8/site-packages/airflow/example_dags/example_branch_operator_decorator.py for tasks to queue
[2025-09-18T10:03:13.301+0000] {logging_mixin.py:188} INFO - [2025-09-18T10:03:13.300+0000] {dagbag.py:538} INFO - Filling up the DagBag from /home/airflow/.local/lib/python3.8/site-packages/airflow/example_dags/example_branch_operator_decorator.py
[2025-09-18T10:03:13.342+0000] {processor.py:840} INFO - DAG(s) 'example_branch_python_operator_decorator' retrieved from /home/airflow/.local/lib/python3.8/site-packages/airflow/example_dags/example_branch_operator_decorator.py
[2025-09-18T10:03:13.393+0000] {logging_mixin.py:188} INFO - [2025-09-18T10:03:13.393+0000] {dag.py:3036} INFO - Sync 1 DAGs
[2025-09-18T10:03:13.443+0000] {logging_mixin.py:188} INFO - [2025-09-18T10:03:13.443+0000] {dag.py:3823} INFO - Setting next_dagrun for example_branch_python_operator_decorator to 2025-09-17 00:00:00+00:00, run_after=2025-09-18 00:00:00+00:00
[2025-09-18T10:03:13.534+0000] {processor.py:183} INFO - Processing /home/airflow/.local/lib/python3.8/site-packages/airflow/example_dags/example_branch_operator_decorator.py took 0.245 seconds
[2025-09-18T10:03:43.811+0000] {processor.py:161} INFO - Started process (PID=1116) to work on /home/airflow/.local/lib/python3.8/site-packages/airflow/example_dags/example_branch_operator_decorator.py
[2025-09-18T10:03:43.813+0000] {processor.py:830} INFO - Processing file /home/airflow/.local/lib/python3.8/site-packages/airflow/example_dags/example_branch_operator_decorator.py for tasks to queue
[2025-09-18T10:03:43.816+0000] {logging_mixin.py:188} INFO - [2025-09-18T10:03:43.816+0000] {dagbag.py:538} INFO - Filling up the DagBag from /home/airflow/.local/lib/python3.8/site-packages/airflow/example_dags/example_branch_operator_decorator.py
[2025-09-18T10:03:43.859+0000] {processor.py:840} INFO - DAG(s) 'example_branch_python_operator_decorator' retrieved from /home/airflow/.local/lib/python3.8/site-packages/airflow/example_dags/example_branch_operator_decorator.py
[2025-09-18T10:03:43.911+0000] {logging_mixin.py:188} INFO - [2025-09-18T10:03:43.910+0000] {dag.py:3036} INFO - Sync 1 DAGs
[2025-09-18T10:03:43.956+0000] {logging_mixin.py:188} INFO - [2025-09-18T10:03:43.955+0000] {dag.py:3823} INFO - Setting next_dagrun for example_branch_python_operator_decorator to 2025-09-17 00:00:00+00:00, run_after=2025-09-18 00:00:00+00:00
[2025-09-18T10:03:43.992+0000] {processor.py:183} INFO - Processing /home/airflow/.local/lib/python3.8/site-packages/airflow/example_dags/example_branch_operator_decorator.py took 0.187 seconds
[2025-09-18T10:04:14.148+0000] {processor.py:161} INFO - Started process (PID=1171) to work on /home/airflow/.local/lib/python3.8/site-packages/airflow/example_dags/example_branch_operator_decorator.py
[2025-09-18T10:04:14.150+0000] {processor.py:830} INFO - Processing file /home/airflow/.local/lib/python3.8/site-packages/airflow/example_dags/example_branch_operator_decorator.py for tasks to queue
[2025-09-18T10:04:14.154+0000] {logging_mixin.py:188} INFO - [2025-09-18T10:04:14.153+0000] {dagbag.py:538} INFO - Filling up the DagBag from /home/airflow/.local/lib/python3.8/site-packages/airflow/example_dags/example_branch_operator_decorator.py
[2025-09-18T10:04:14.201+0000] {processor.py:840} INFO - DAG(s) 'example_branch_python_operator_decorator' retrieved from /home/airflow/.local/lib/python3.8/site-packages/airflow/example_dags/example_branch_operator_decorator.py
[2025-09-18T10:04:14.261+0000] {logging_mixin.py:188} INFO - [2025-09-18T10:04:14.260+0000] {dag.py:3036} INFO - Sync 1 DAGs
[2025-09-18T10:04:14.328+0000] {logging_mixin.py:188} INFO - [2025-09-18T10:04:14.328+0000] {dag.py:3823} INFO - Setting next_dagrun for example_branch_python_operator_decorator to 2025-09-17 00:00:00+00:00, run_after=2025-09-18 00:00:00+00:00
[2025-09-18T10:04:14.372+0000] {processor.py:183} INFO - Processing /home/airflow/.local/lib/python3.8/site-packages/airflow/example_dags/example_branch_operator_decorator.py took 0.230 seconds
[2025-09-18T10:04:44.560+0000] {processor.py:161} INFO - Started process (PID=1227) to work on /home/airflow/.local/lib/python3.8/site-packages/airflow/example_dags/example_branch_operator_decorator.py
[2025-09-18T10:04:44.562+0000] {processor.py:830} INFO - Processing file /home/airflow/.local/lib/python3.8/site-packages/airflow/example_dags/example_branch_operator_decorator.py for tasks to queue
[2025-09-18T10:04:44.565+0000] {logging_mixin.py:188} INFO - [2025-09-18T10:04:44.565+0000] {dagbag.py:538} INFO - Filling up the DagBag from /home/airflow/.local/lib/python3.8/site-packages/airflow/example_dags/example_branch_operator_decorator.py
[2025-09-18T10:04:44.629+0000] {processor.py:840} INFO - DAG(s) 'example_branch_python_operator_decorator' retrieved from /home/airflow/.local/lib/python3.8/site-packages/airflow/example_dags/example_branch_operator_decorator.py
[2025-09-18T10:04:44.699+0000] {logging_mixin.py:188} INFO - [2025-09-18T10:04:44.699+0000] {dag.py:3036} INFO - Sync 1 DAGs
[2025-09-18T10:04:44.747+0000] {logging_mixin.py:188} INFO - [2025-09-18T10:04:44.746+0000] {dag.py:3823} INFO - Setting next_dagrun for example_branch_python_operator_decorator to 2025-09-17 00:00:00+00:00, run_after=2025-09-18 00:00:00+00:00
[2025-09-18T10:04:44.787+0000] {processor.py:183} INFO - Processing /home/airflow/.local/lib/python3.8/site-packages/airflow/example_dags/example_branch_operator_decorator.py took 0.233 seconds
[2025-09-18T10:05:15.468+0000] {processor.py:161} INFO - Started process (PID=1282) to work on /home/airflow/.local/lib/python3.8/site-packages/airflow/example_dags/example_branch_operator_decorator.py
[2025-09-18T10:05:15.471+0000] {processor.py:830} INFO - Processing file /home/airflow/.local/lib/python3.8/site-packages/airflow/example_dags/example_branch_operator_decorator.py for tasks to queue
[2025-09-18T10:05:15.475+0000] {logging_mixin.py:188} INFO - [2025-09-18T10:05:15.474+0000] {dagbag.py:538} INFO - Filling up the DagBag from /home/airflow/.local/lib/python3.8/site-packages/airflow/example_dags/example_branch_operator_decorator.py
[2025-09-18T10:05:15.552+0000] {processor.py:840} INFO - DAG(s) 'example_branch_python_operator_decorator' retrieved from /home/airflow/.local/lib/python3.8/site-packages/airflow/example_dags/example_branch_operator_decorator.py
[2025-09-18T10:05:15.606+0000] {logging_mixin.py:188} INFO - [2025-09-18T10:05:15.606+0000] {dag.py:3036} INFO - Sync 1 DAGs
[2025-09-18T10:05:15.649+0000] {logging_mixin.py:188} INFO - [2025-09-18T10:05:15.649+0000] {dag.py:3823} INFO - Setting next_dagrun for example_branch_python_operator_decorator to 2025-09-17 00:00:00+00:00, run_after=2025-09-18 00:00:00+00:00
[2025-09-18T10:05:15.687+0000] {processor.py:183} INFO - Processing /home/airflow/.local/lib/python3.8/site-packages/airflow/example_dags/example_branch_operator_decorator.py took 0.229 seconds
