[2025-09-18T07:36:29.571+0000] {processor.py:161} INFO - Started process (PID=83) to work on /home/airflow/.local/lib/python3.8/site-packages/airflow/example_dags/example_time_delta_sensor_async.py
[2025-09-18T07:36:29.573+0000] {processor.py:830} INFO - Processing file /home/airflow/.local/lib/python3.8/site-packages/airflow/example_dags/example_time_delta_sensor_async.py for tasks to queue
[2025-09-18T07:36:29.578+0000] {logging_mixin.py:188} INFO - [2025-09-18T07:36:29.577+0000] {dagbag.py:538} INFO - Filling up the DagBag from /home/airflow/.local/lib/python3.8/site-packages/airflow/example_dags/example_time_delta_sensor_async.py
[2025-09-18T07:36:29.588+0000] {processor.py:840} INFO - DAG(s) 'example_time_delta_sensor_async' retrieved from /home/airflow/.local/lib/python3.8/site-packages/airflow/example_dags/example_time_delta_sensor_async.py
[2025-09-18T07:36:29.820+0000] {logging_mixin.py:188} INFO - [2025-09-18T07:36:29.819+0000] {override.py:1769} INFO - Created Permission View: can read on DAG:example_time_delta_sensor_async
[2025-09-18T07:36:29.840+0000] {logging_mixin.py:188} INFO - [2025-09-18T07:36:29.839+0000] {override.py:1769} INFO - Created Permission View: can delete on DAG:example_time_delta_sensor_async
[2025-09-18T07:36:29.854+0000] {logging_mixin.py:188} INFO - [2025-09-18T07:36:29.853+0000] {override.py:1769} INFO - Created Permission View: can edit on DAG:example_time_delta_sensor_async
[2025-09-18T07:36:29.855+0000] {logging_mixin.py:188} INFO - [2025-09-18T07:36:29.855+0000] {dag.py:3036} INFO - Sync 1 DAGs
[2025-09-18T07:36:29.888+0000] {logging_mixin.py:188} INFO - [2025-09-18T07:36:29.887+0000] {dag.py:3058} INFO - Creating ORM DAG for example_time_delta_sensor_async
[2025-09-18T07:36:29.890+0000] {logging_mixin.py:188} INFO - [2025-09-18T07:36:29.889+0000] {dag.py:3823} INFO - Setting next_dagrun for example_time_delta_sensor_async to None, run_after=None
[2025-09-18T07:36:29.945+0000] {processor.py:183} INFO - Processing /home/airflow/.local/lib/python3.8/site-packages/airflow/example_dags/example_time_delta_sensor_async.py took 0.382 seconds
[2025-09-18T07:37:00.794+0000] {processor.py:161} INFO - Started process (PID=138) to work on /home/airflow/.local/lib/python3.8/site-packages/airflow/example_dags/example_time_delta_sensor_async.py
[2025-09-18T07:37:00.796+0000] {processor.py:830} INFO - Processing file /home/airflow/.local/lib/python3.8/site-packages/airflow/example_dags/example_time_delta_sensor_async.py for tasks to queue
[2025-09-18T07:37:00.800+0000] {logging_mixin.py:188} INFO - [2025-09-18T07:37:00.799+0000] {dagbag.py:538} INFO - Filling up the DagBag from /home/airflow/.local/lib/python3.8/site-packages/airflow/example_dags/example_time_delta_sensor_async.py
[2025-09-18T07:37:00.811+0000] {processor.py:840} INFO - DAG(s) 'example_time_delta_sensor_async' retrieved from /home/airflow/.local/lib/python3.8/site-packages/airflow/example_dags/example_time_delta_sensor_async.py
[2025-09-18T07:37:00.857+0000] {logging_mixin.py:188} INFO - [2025-09-18T07:37:00.856+0000] {dag.py:3036} INFO - Sync 1 DAGs
[2025-09-18T07:37:00.882+0000] {logging_mixin.py:188} INFO - [2025-09-18T07:37:00.881+0000] {dag.py:3823} INFO - Setting next_dagrun for example_time_delta_sensor_async to None, run_after=None
[2025-09-18T07:37:00.927+0000] {processor.py:183} INFO - Processing /home/airflow/.local/lib/python3.8/site-packages/airflow/example_dags/example_time_delta_sensor_async.py took 0.143 seconds
[2025-09-18T07:37:31.679+0000] {processor.py:161} INFO - Started process (PID=193) to work on /home/airflow/.local/lib/python3.8/site-packages/airflow/example_dags/example_time_delta_sensor_async.py
[2025-09-18T07:37:31.680+0000] {processor.py:830} INFO - Processing file /home/airflow/.local/lib/python3.8/site-packages/airflow/example_dags/example_time_delta_sensor_async.py for tasks to queue
[2025-09-18T07:37:31.686+0000] {logging_mixin.py:188} INFO - [2025-09-18T07:37:31.685+0000] {dagbag.py:538} INFO - Filling up the DagBag from /home/airflow/.local/lib/python3.8/site-packages/airflow/example_dags/example_time_delta_sensor_async.py
[2025-09-18T07:37:31.695+0000] {processor.py:840} INFO - DAG(s) 'example_time_delta_sensor_async' retrieved from /home/airflow/.local/lib/python3.8/site-packages/airflow/example_dags/example_time_delta_sensor_async.py
[2025-09-18T07:37:31.738+0000] {logging_mixin.py:188} INFO - [2025-09-18T07:37:31.737+0000] {dag.py:3036} INFO - Sync 1 DAGs
[2025-09-18T07:37:31.763+0000] {logging_mixin.py:188} INFO - [2025-09-18T07:37:31.763+0000] {dag.py:3823} INFO - Setting next_dagrun for example_time_delta_sensor_async to None, run_after=None
[2025-09-18T07:37:31.813+0000] {processor.py:183} INFO - Processing /home/airflow/.local/lib/python3.8/site-packages/airflow/example_dags/example_time_delta_sensor_async.py took 0.139 seconds
[2025-09-18T07:38:02.538+0000] {processor.py:161} INFO - Started process (PID=248) to work on /home/airflow/.local/lib/python3.8/site-packages/airflow/example_dags/example_time_delta_sensor_async.py
[2025-09-18T07:38:02.540+0000] {processor.py:830} INFO - Processing file /home/airflow/.local/lib/python3.8/site-packages/airflow/example_dags/example_time_delta_sensor_async.py for tasks to queue
[2025-09-18T07:38:02.544+0000] {logging_mixin.py:188} INFO - [2025-09-18T07:38:02.544+0000] {dagbag.py:538} INFO - Filling up the DagBag from /home/airflow/.local/lib/python3.8/site-packages/airflow/example_dags/example_time_delta_sensor_async.py
[2025-09-18T07:38:02.554+0000] {processor.py:840} INFO - DAG(s) 'example_time_delta_sensor_async' retrieved from /home/airflow/.local/lib/python3.8/site-packages/airflow/example_dags/example_time_delta_sensor_async.py
[2025-09-18T07:38:02.593+0000] {logging_mixin.py:188} INFO - [2025-09-18T07:38:02.592+0000] {dag.py:3036} INFO - Sync 1 DAGs
[2025-09-18T07:38:02.621+0000] {logging_mixin.py:188} INFO - [2025-09-18T07:38:02.620+0000] {dag.py:3823} INFO - Setting next_dagrun for example_time_delta_sensor_async to None, run_after=None
[2025-09-18T07:38:02.656+0000] {processor.py:183} INFO - Processing /home/airflow/.local/lib/python3.8/site-packages/airflow/example_dags/example_time_delta_sensor_async.py took 0.123 seconds
[2025-09-18T07:38:34.420+0000] {processor.py:161} INFO - Started process (PID=303) to work on /home/airflow/.local/lib/python3.8/site-packages/airflow/example_dags/example_time_delta_sensor_async.py
[2025-09-18T07:38:34.427+0000] {processor.py:830} INFO - Processing file /home/airflow/.local/lib/python3.8/site-packages/airflow/example_dags/example_time_delta_sensor_async.py for tasks to queue
[2025-09-18T07:38:34.433+0000] {logging_mixin.py:188} INFO - [2025-09-18T07:38:34.432+0000] {dagbag.py:538} INFO - Filling up the DagBag from /home/airflow/.local/lib/python3.8/site-packages/airflow/example_dags/example_time_delta_sensor_async.py
[2025-09-18T07:38:34.462+0000] {processor.py:840} INFO - DAG(s) 'example_time_delta_sensor_async' retrieved from /home/airflow/.local/lib/python3.8/site-packages/airflow/example_dags/example_time_delta_sensor_async.py
[2025-09-18T07:38:34.529+0000] {logging_mixin.py:188} INFO - [2025-09-18T07:38:34.529+0000] {dag.py:3036} INFO - Sync 1 DAGs
[2025-09-18T07:38:34.572+0000] {logging_mixin.py:188} INFO - [2025-09-18T07:38:34.571+0000] {dag.py:3823} INFO - Setting next_dagrun for example_time_delta_sensor_async to None, run_after=None
[2025-09-18T07:38:34.632+0000] {processor.py:183} INFO - Processing /home/airflow/.local/lib/python3.8/site-packages/airflow/example_dags/example_time_delta_sensor_async.py took 0.220 seconds
[2025-09-18T07:39:04.723+0000] {processor.py:161} INFO - Started process (PID=357) to work on /home/airflow/.local/lib/python3.8/site-packages/airflow/example_dags/example_time_delta_sensor_async.py
[2025-09-18T07:39:04.725+0000] {processor.py:830} INFO - Processing file /home/airflow/.local/lib/python3.8/site-packages/airflow/example_dags/example_time_delta_sensor_async.py for tasks to queue
[2025-09-18T07:39:04.728+0000] {logging_mixin.py:188} INFO - [2025-09-18T07:39:04.727+0000] {dagbag.py:538} INFO - Filling up the DagBag from /home/airflow/.local/lib/python3.8/site-packages/airflow/example_dags/example_time_delta_sensor_async.py
[2025-09-18T07:39:04.737+0000] {processor.py:840} INFO - DAG(s) 'example_time_delta_sensor_async' retrieved from /home/airflow/.local/lib/python3.8/site-packages/airflow/example_dags/example_time_delta_sensor_async.py
[2025-09-18T07:39:04.773+0000] {logging_mixin.py:188} INFO - [2025-09-18T07:39:04.772+0000] {dag.py:3036} INFO - Sync 1 DAGs
[2025-09-18T07:39:04.795+0000] {logging_mixin.py:188} INFO - [2025-09-18T07:39:04.795+0000] {dag.py:3823} INFO - Setting next_dagrun for example_time_delta_sensor_async to None, run_after=None
[2025-09-18T07:39:04.829+0000] {processor.py:183} INFO - Processing /home/airflow/.local/lib/python3.8/site-packages/airflow/example_dags/example_time_delta_sensor_async.py took 0.112 seconds
[2025-09-18T07:39:35.121+0000] {processor.py:161} INFO - Started process (PID=412) to work on /home/airflow/.local/lib/python3.8/site-packages/airflow/example_dags/example_time_delta_sensor_async.py
[2025-09-18T07:39:35.123+0000] {processor.py:830} INFO - Processing file /home/airflow/.local/lib/python3.8/site-packages/airflow/example_dags/example_time_delta_sensor_async.py for tasks to queue
[2025-09-18T07:39:35.127+0000] {logging_mixin.py:188} INFO - [2025-09-18T07:39:35.126+0000] {dagbag.py:538} INFO - Filling up the DagBag from /home/airflow/.local/lib/python3.8/site-packages/airflow/example_dags/example_time_delta_sensor_async.py
[2025-09-18T07:39:35.138+0000] {processor.py:840} INFO - DAG(s) 'example_time_delta_sensor_async' retrieved from /home/airflow/.local/lib/python3.8/site-packages/airflow/example_dags/example_time_delta_sensor_async.py
[2025-09-18T07:39:35.183+0000] {logging_mixin.py:188} INFO - [2025-09-18T07:39:35.183+0000] {dag.py:3036} INFO - Sync 1 DAGs
[2025-09-18T07:39:35.206+0000] {logging_mixin.py:188} INFO - [2025-09-18T07:39:35.206+0000] {dag.py:3823} INFO - Setting next_dagrun for example_time_delta_sensor_async to None, run_after=None
[2025-09-18T07:39:35.243+0000] {processor.py:183} INFO - Processing /home/airflow/.local/lib/python3.8/site-packages/airflow/example_dags/example_time_delta_sensor_async.py took 0.127 seconds
[2025-09-18T07:40:05.531+0000] {processor.py:161} INFO - Started process (PID=467) to work on /home/airflow/.local/lib/python3.8/site-packages/airflow/example_dags/example_time_delta_sensor_async.py
[2025-09-18T07:40:05.533+0000] {processor.py:830} INFO - Processing file /home/airflow/.local/lib/python3.8/site-packages/airflow/example_dags/example_time_delta_sensor_async.py for tasks to queue
[2025-09-18T07:40:05.537+0000] {logging_mixin.py:188} INFO - [2025-09-18T07:40:05.536+0000] {dagbag.py:538} INFO - Filling up the DagBag from /home/airflow/.local/lib/python3.8/site-packages/airflow/example_dags/example_time_delta_sensor_async.py
[2025-09-18T07:40:05.547+0000] {processor.py:840} INFO - DAG(s) 'example_time_delta_sensor_async' retrieved from /home/airflow/.local/lib/python3.8/site-packages/airflow/example_dags/example_time_delta_sensor_async.py
[2025-09-18T07:40:05.583+0000] {logging_mixin.py:188} INFO - [2025-09-18T07:40:05.583+0000] {dag.py:3036} INFO - Sync 1 DAGs
[2025-09-18T07:40:05.608+0000] {logging_mixin.py:188} INFO - [2025-09-18T07:40:05.607+0000] {dag.py:3823} INFO - Setting next_dagrun for example_time_delta_sensor_async to None, run_after=None
[2025-09-18T07:40:05.653+0000] {processor.py:183} INFO - Processing /home/airflow/.local/lib/python3.8/site-packages/airflow/example_dags/example_time_delta_sensor_async.py took 0.130 seconds
[2025-09-18T07:40:35.797+0000] {processor.py:161} INFO - Started process (PID=523) to work on /home/airflow/.local/lib/python3.8/site-packages/airflow/example_dags/example_time_delta_sensor_async.py
[2025-09-18T07:40:35.799+0000] {processor.py:830} INFO - Processing file /home/airflow/.local/lib/python3.8/site-packages/airflow/example_dags/example_time_delta_sensor_async.py for tasks to queue
[2025-09-18T07:40:35.803+0000] {logging_mixin.py:188} INFO - [2025-09-18T07:40:35.802+0000] {dagbag.py:538} INFO - Filling up the DagBag from /home/airflow/.local/lib/python3.8/site-packages/airflow/example_dags/example_time_delta_sensor_async.py
[2025-09-18T07:40:35.812+0000] {processor.py:840} INFO - DAG(s) 'example_time_delta_sensor_async' retrieved from /home/airflow/.local/lib/python3.8/site-packages/airflow/example_dags/example_time_delta_sensor_async.py
[2025-09-18T07:40:35.850+0000] {logging_mixin.py:188} INFO - [2025-09-18T07:40:35.850+0000] {dag.py:3036} INFO - Sync 1 DAGs
[2025-09-18T07:40:35.877+0000] {logging_mixin.py:188} INFO - [2025-09-18T07:40:35.876+0000] {dag.py:3823} INFO - Setting next_dagrun for example_time_delta_sensor_async to None, run_after=None
[2025-09-18T07:40:35.915+0000] {processor.py:183} INFO - Processing /home/airflow/.local/lib/python3.8/site-packages/airflow/example_dags/example_time_delta_sensor_async.py took 0.123 seconds
[2025-09-18T07:41:06.391+0000] {processor.py:161} INFO - Started process (PID=578) to work on /home/airflow/.local/lib/python3.8/site-packages/airflow/example_dags/example_time_delta_sensor_async.py
[2025-09-18T07:41:06.394+0000] {processor.py:830} INFO - Processing file /home/airflow/.local/lib/python3.8/site-packages/airflow/example_dags/example_time_delta_sensor_async.py for tasks to queue
[2025-09-18T07:41:06.399+0000] {logging_mixin.py:188} INFO - [2025-09-18T07:41:06.398+0000] {dagbag.py:538} INFO - Filling up the DagBag from /home/airflow/.local/lib/python3.8/site-packages/airflow/example_dags/example_time_delta_sensor_async.py
[2025-09-18T07:41:06.411+0000] {processor.py:840} INFO - DAG(s) 'example_time_delta_sensor_async' retrieved from /home/airflow/.local/lib/python3.8/site-packages/airflow/example_dags/example_time_delta_sensor_async.py
[2025-09-18T07:41:06.465+0000] {logging_mixin.py:188} INFO - [2025-09-18T07:41:06.464+0000] {dag.py:3036} INFO - Sync 1 DAGs
[2025-09-18T07:41:06.503+0000] {logging_mixin.py:188} INFO - [2025-09-18T07:41:06.502+0000] {dag.py:3823} INFO - Setting next_dagrun for example_time_delta_sensor_async to None, run_after=None
[2025-09-18T07:41:06.552+0000] {processor.py:183} INFO - Processing /home/airflow/.local/lib/python3.8/site-packages/airflow/example_dags/example_time_delta_sensor_async.py took 0.168 seconds
[2025-09-18T07:41:37.217+0000] {processor.py:161} INFO - Started process (PID=633) to work on /home/airflow/.local/lib/python3.8/site-packages/airflow/example_dags/example_time_delta_sensor_async.py
[2025-09-18T07:41:37.220+0000] {processor.py:830} INFO - Processing file /home/airflow/.local/lib/python3.8/site-packages/airflow/example_dags/example_time_delta_sensor_async.py for tasks to queue
[2025-09-18T07:41:37.233+0000] {logging_mixin.py:188} INFO - [2025-09-18T07:41:37.230+0000] {dagbag.py:538} INFO - Filling up the DagBag from /home/airflow/.local/lib/python3.8/site-packages/airflow/example_dags/example_time_delta_sensor_async.py
[2025-09-18T07:41:37.250+0000] {processor.py:840} INFO - DAG(s) 'example_time_delta_sensor_async' retrieved from /home/airflow/.local/lib/python3.8/site-packages/airflow/example_dags/example_time_delta_sensor_async.py
[2025-09-18T07:41:37.316+0000] {logging_mixin.py:188} INFO - [2025-09-18T07:41:37.315+0000] {dag.py:3036} INFO - Sync 1 DAGs
[2025-09-18T07:41:37.356+0000] {logging_mixin.py:188} INFO - [2025-09-18T07:41:37.355+0000] {dag.py:3823} INFO - Setting next_dagrun for example_time_delta_sensor_async to None, run_after=None
[2025-09-18T07:41:37.446+0000] {processor.py:183} INFO - Processing /home/airflow/.local/lib/python3.8/site-packages/airflow/example_dags/example_time_delta_sensor_async.py took 0.235 seconds
[2025-09-18T07:42:07.718+0000] {processor.py:161} INFO - Started process (PID=688) to work on /home/airflow/.local/lib/python3.8/site-packages/airflow/example_dags/example_time_delta_sensor_async.py
[2025-09-18T07:42:07.720+0000] {processor.py:830} INFO - Processing file /home/airflow/.local/lib/python3.8/site-packages/airflow/example_dags/example_time_delta_sensor_async.py for tasks to queue
[2025-09-18T07:42:07.725+0000] {logging_mixin.py:188} INFO - [2025-09-18T07:42:07.724+0000] {dagbag.py:538} INFO - Filling up the DagBag from /home/airflow/.local/lib/python3.8/site-packages/airflow/example_dags/example_time_delta_sensor_async.py
[2025-09-18T07:42:07.735+0000] {processor.py:840} INFO - DAG(s) 'example_time_delta_sensor_async' retrieved from /home/airflow/.local/lib/python3.8/site-packages/airflow/example_dags/example_time_delta_sensor_async.py
[2025-09-18T07:42:07.785+0000] {logging_mixin.py:188} INFO - [2025-09-18T07:42:07.785+0000] {dag.py:3036} INFO - Sync 1 DAGs
[2025-09-18T07:42:07.814+0000] {logging_mixin.py:188} INFO - [2025-09-18T07:42:07.814+0000] {dag.py:3823} INFO - Setting next_dagrun for example_time_delta_sensor_async to None, run_after=None
[2025-09-18T07:42:07.867+0000] {processor.py:183} INFO - Processing /home/airflow/.local/lib/python3.8/site-packages/airflow/example_dags/example_time_delta_sensor_async.py took 0.155 seconds
[2025-09-18T07:42:38.381+0000] {processor.py:161} INFO - Started process (PID=743) to work on /home/airflow/.local/lib/python3.8/site-packages/airflow/example_dags/example_time_delta_sensor_async.py
[2025-09-18T07:42:38.383+0000] {processor.py:830} INFO - Processing file /home/airflow/.local/lib/python3.8/site-packages/airflow/example_dags/example_time_delta_sensor_async.py for tasks to queue
[2025-09-18T07:42:38.388+0000] {logging_mixin.py:188} INFO - [2025-09-18T07:42:38.388+0000] {dagbag.py:538} INFO - Filling up the DagBag from /home/airflow/.local/lib/python3.8/site-packages/airflow/example_dags/example_time_delta_sensor_async.py
[2025-09-18T07:42:38.399+0000] {processor.py:840} INFO - DAG(s) 'example_time_delta_sensor_async' retrieved from /home/airflow/.local/lib/python3.8/site-packages/airflow/example_dags/example_time_delta_sensor_async.py
[2025-09-18T07:42:38.447+0000] {logging_mixin.py:188} INFO - [2025-09-18T07:42:38.446+0000] {dag.py:3036} INFO - Sync 1 DAGs
[2025-09-18T07:42:38.481+0000] {logging_mixin.py:188} INFO - [2025-09-18T07:42:38.481+0000] {dag.py:3823} INFO - Setting next_dagrun for example_time_delta_sensor_async to None, run_after=None
[2025-09-18T07:42:38.530+0000] {processor.py:183} INFO - Processing /home/airflow/.local/lib/python3.8/site-packages/airflow/example_dags/example_time_delta_sensor_async.py took 0.158 seconds
[2025-09-18T07:43:08.956+0000] {processor.py:161} INFO - Started process (PID=798) to work on /home/airflow/.local/lib/python3.8/site-packages/airflow/example_dags/example_time_delta_sensor_async.py
[2025-09-18T07:43:08.958+0000] {processor.py:830} INFO - Processing file /home/airflow/.local/lib/python3.8/site-packages/airflow/example_dags/example_time_delta_sensor_async.py for tasks to queue
[2025-09-18T07:43:08.961+0000] {logging_mixin.py:188} INFO - [2025-09-18T07:43:08.961+0000] {dagbag.py:538} INFO - Filling up the DagBag from /home/airflow/.local/lib/python3.8/site-packages/airflow/example_dags/example_time_delta_sensor_async.py
[2025-09-18T07:43:08.969+0000] {processor.py:840} INFO - DAG(s) 'example_time_delta_sensor_async' retrieved from /home/airflow/.local/lib/python3.8/site-packages/airflow/example_dags/example_time_delta_sensor_async.py
[2025-09-18T07:43:09.005+0000] {logging_mixin.py:188} INFO - [2025-09-18T07:43:09.004+0000] {dag.py:3036} INFO - Sync 1 DAGs
[2025-09-18T07:43:09.027+0000] {logging_mixin.py:188} INFO - [2025-09-18T07:43:09.026+0000] {dag.py:3823} INFO - Setting next_dagrun for example_time_delta_sensor_async to None, run_after=None
[2025-09-18T07:43:09.065+0000] {processor.py:183} INFO - Processing /home/airflow/.local/lib/python3.8/site-packages/airflow/example_dags/example_time_delta_sensor_async.py took 0.116 seconds
[2025-09-18T07:43:39.256+0000] {processor.py:161} INFO - Started process (PID=853) to work on /home/airflow/.local/lib/python3.8/site-packages/airflow/example_dags/example_time_delta_sensor_async.py
[2025-09-18T07:43:39.258+0000] {processor.py:830} INFO - Processing file /home/airflow/.local/lib/python3.8/site-packages/airflow/example_dags/example_time_delta_sensor_async.py for tasks to queue
[2025-09-18T07:43:39.261+0000] {logging_mixin.py:188} INFO - [2025-09-18T07:43:39.261+0000] {dagbag.py:538} INFO - Filling up the DagBag from /home/airflow/.local/lib/python3.8/site-packages/airflow/example_dags/example_time_delta_sensor_async.py
[2025-09-18T07:43:39.270+0000] {processor.py:840} INFO - DAG(s) 'example_time_delta_sensor_async' retrieved from /home/airflow/.local/lib/python3.8/site-packages/airflow/example_dags/example_time_delta_sensor_async.py
[2025-09-18T07:43:39.310+0000] {logging_mixin.py:188} INFO - [2025-09-18T07:43:39.310+0000] {dag.py:3036} INFO - Sync 1 DAGs
[2025-09-18T07:43:39.337+0000] {logging_mixin.py:188} INFO - [2025-09-18T07:43:39.336+0000] {dag.py:3823} INFO - Setting next_dagrun for example_time_delta_sensor_async to None, run_after=None
[2025-09-18T07:43:39.373+0000] {processor.py:183} INFO - Processing /home/airflow/.local/lib/python3.8/site-packages/airflow/example_dags/example_time_delta_sensor_async.py took 0.123 seconds
[2025-09-18T07:44:09.655+0000] {processor.py:161} INFO - Started process (PID=914) to work on /home/airflow/.local/lib/python3.8/site-packages/airflow/example_dags/example_time_delta_sensor_async.py
[2025-09-18T07:44:09.665+0000] {processor.py:830} INFO - Processing file /home/airflow/.local/lib/python3.8/site-packages/airflow/example_dags/example_time_delta_sensor_async.py for tasks to queue
[2025-09-18T07:44:09.671+0000] {logging_mixin.py:188} INFO - [2025-09-18T07:44:09.670+0000] {dagbag.py:538} INFO - Filling up the DagBag from /home/airflow/.local/lib/python3.8/site-packages/airflow/example_dags/example_time_delta_sensor_async.py
[2025-09-18T07:44:09.683+0000] {processor.py:840} INFO - DAG(s) 'example_time_delta_sensor_async' retrieved from /home/airflow/.local/lib/python3.8/site-packages/airflow/example_dags/example_time_delta_sensor_async.py
[2025-09-18T07:44:09.742+0000] {logging_mixin.py:188} INFO - [2025-09-18T07:44:09.742+0000] {dag.py:3036} INFO - Sync 1 DAGs
[2025-09-18T07:44:09.810+0000] {logging_mixin.py:188} INFO - [2025-09-18T07:44:09.810+0000] {dag.py:3823} INFO - Setting next_dagrun for example_time_delta_sensor_async to None, run_after=None
[2025-09-18T07:44:09.929+0000] {processor.py:183} INFO - Processing /home/airflow/.local/lib/python3.8/site-packages/airflow/example_dags/example_time_delta_sensor_async.py took 0.285 seconds
[2025-09-18T07:44:40.098+0000] {processor.py:161} INFO - Started process (PID=969) to work on /home/airflow/.local/lib/python3.8/site-packages/airflow/example_dags/example_time_delta_sensor_async.py
[2025-09-18T07:44:40.101+0000] {processor.py:830} INFO - Processing file /home/airflow/.local/lib/python3.8/site-packages/airflow/example_dags/example_time_delta_sensor_async.py for tasks to queue
[2025-09-18T07:44:40.104+0000] {logging_mixin.py:188} INFO - [2025-09-18T07:44:40.104+0000] {dagbag.py:538} INFO - Filling up the DagBag from /home/airflow/.local/lib/python3.8/site-packages/airflow/example_dags/example_time_delta_sensor_async.py
[2025-09-18T07:44:40.113+0000] {processor.py:840} INFO - DAG(s) 'example_time_delta_sensor_async' retrieved from /home/airflow/.local/lib/python3.8/site-packages/airflow/example_dags/example_time_delta_sensor_async.py
[2025-09-18T07:44:40.151+0000] {logging_mixin.py:188} INFO - [2025-09-18T07:44:40.151+0000] {dag.py:3036} INFO - Sync 1 DAGs
[2025-09-18T07:44:40.178+0000] {logging_mixin.py:188} INFO - [2025-09-18T07:44:40.177+0000] {dag.py:3823} INFO - Setting next_dagrun for example_time_delta_sensor_async to None, run_after=None
[2025-09-18T07:44:40.230+0000] {processor.py:183} INFO - Processing /home/airflow/.local/lib/python3.8/site-packages/airflow/example_dags/example_time_delta_sensor_async.py took 0.139 seconds
[2025-09-18T07:45:11.750+0000] {processor.py:161} INFO - Started process (PID=1024) to work on /home/airflow/.local/lib/python3.8/site-packages/airflow/example_dags/example_time_delta_sensor_async.py
[2025-09-18T07:45:11.752+0000] {processor.py:830} INFO - Processing file /home/airflow/.local/lib/python3.8/site-packages/airflow/example_dags/example_time_delta_sensor_async.py for tasks to queue
[2025-09-18T07:45:11.757+0000] {logging_mixin.py:188} INFO - [2025-09-18T07:45:11.756+0000] {dagbag.py:538} INFO - Filling up the DagBag from /home/airflow/.local/lib/python3.8/site-packages/airflow/example_dags/example_time_delta_sensor_async.py
[2025-09-18T07:45:11.771+0000] {processor.py:840} INFO - DAG(s) 'example_time_delta_sensor_async' retrieved from /home/airflow/.local/lib/python3.8/site-packages/airflow/example_dags/example_time_delta_sensor_async.py
[2025-09-18T07:45:11.820+0000] {logging_mixin.py:188} INFO - [2025-09-18T07:45:11.820+0000] {dag.py:3036} INFO - Sync 1 DAGs
[2025-09-18T07:45:11.857+0000] {logging_mixin.py:188} INFO - [2025-09-18T07:45:11.857+0000] {dag.py:3823} INFO - Setting next_dagrun for example_time_delta_sensor_async to None, run_after=None
[2025-09-18T07:45:11.900+0000] {processor.py:183} INFO - Processing /home/airflow/.local/lib/python3.8/site-packages/airflow/example_dags/example_time_delta_sensor_async.py took 0.157 seconds
[2025-09-18T07:45:42.600+0000] {processor.py:161} INFO - Started process (PID=1079) to work on /home/airflow/.local/lib/python3.8/site-packages/airflow/example_dags/example_time_delta_sensor_async.py
[2025-09-18T07:45:42.602+0000] {processor.py:830} INFO - Processing file /home/airflow/.local/lib/python3.8/site-packages/airflow/example_dags/example_time_delta_sensor_async.py for tasks to queue
[2025-09-18T07:45:42.606+0000] {logging_mixin.py:188} INFO - [2025-09-18T07:45:42.605+0000] {dagbag.py:538} INFO - Filling up the DagBag from /home/airflow/.local/lib/python3.8/site-packages/airflow/example_dags/example_time_delta_sensor_async.py
[2025-09-18T07:45:42.616+0000] {processor.py:840} INFO - DAG(s) 'example_time_delta_sensor_async' retrieved from /home/airflow/.local/lib/python3.8/site-packages/airflow/example_dags/example_time_delta_sensor_async.py
[2025-09-18T07:45:42.663+0000] {logging_mixin.py:188} INFO - [2025-09-18T07:45:42.662+0000] {dag.py:3036} INFO - Sync 1 DAGs
[2025-09-18T07:45:42.697+0000] {logging_mixin.py:188} INFO - [2025-09-18T07:45:42.697+0000] {dag.py:3823} INFO - Setting next_dagrun for example_time_delta_sensor_async to None, run_after=None
[2025-09-18T07:45:42.741+0000] {processor.py:183} INFO - Processing /home/airflow/.local/lib/python3.8/site-packages/airflow/example_dags/example_time_delta_sensor_async.py took 0.147 seconds
[2025-09-18T07:46:13.150+0000] {processor.py:161} INFO - Started process (PID=1134) to work on /home/airflow/.local/lib/python3.8/site-packages/airflow/example_dags/example_time_delta_sensor_async.py
[2025-09-18T07:46:13.152+0000] {processor.py:830} INFO - Processing file /home/airflow/.local/lib/python3.8/site-packages/airflow/example_dags/example_time_delta_sensor_async.py for tasks to queue
[2025-09-18T07:46:13.155+0000] {logging_mixin.py:188} INFO - [2025-09-18T07:46:13.155+0000] {dagbag.py:538} INFO - Filling up the DagBag from /home/airflow/.local/lib/python3.8/site-packages/airflow/example_dags/example_time_delta_sensor_async.py
[2025-09-18T07:46:13.163+0000] {processor.py:840} INFO - DAG(s) 'example_time_delta_sensor_async' retrieved from /home/airflow/.local/lib/python3.8/site-packages/airflow/example_dags/example_time_delta_sensor_async.py
[2025-09-18T07:46:13.199+0000] {logging_mixin.py:188} INFO - [2025-09-18T07:46:13.198+0000] {dag.py:3036} INFO - Sync 1 DAGs
[2025-09-18T07:46:13.221+0000] {logging_mixin.py:188} INFO - [2025-09-18T07:46:13.221+0000] {dag.py:3823} INFO - Setting next_dagrun for example_time_delta_sensor_async to None, run_after=None
[2025-09-18T07:46:13.257+0000] {processor.py:183} INFO - Processing /home/airflow/.local/lib/python3.8/site-packages/airflow/example_dags/example_time_delta_sensor_async.py took 0.115 seconds
[2025-09-18T07:46:43.808+0000] {processor.py:161} INFO - Started process (PID=1189) to work on /home/airflow/.local/lib/python3.8/site-packages/airflow/example_dags/example_time_delta_sensor_async.py
[2025-09-18T07:46:43.811+0000] {processor.py:830} INFO - Processing file /home/airflow/.local/lib/python3.8/site-packages/airflow/example_dags/example_time_delta_sensor_async.py for tasks to queue
[2025-09-18T07:46:43.816+0000] {logging_mixin.py:188} INFO - [2025-09-18T07:46:43.815+0000] {dagbag.py:538} INFO - Filling up the DagBag from /home/airflow/.local/lib/python3.8/site-packages/airflow/example_dags/example_time_delta_sensor_async.py
[2025-09-18T07:46:43.827+0000] {processor.py:840} INFO - DAG(s) 'example_time_delta_sensor_async' retrieved from /home/airflow/.local/lib/python3.8/site-packages/airflow/example_dags/example_time_delta_sensor_async.py
[2025-09-18T07:46:43.874+0000] {logging_mixin.py:188} INFO - [2025-09-18T07:46:43.874+0000] {dag.py:3036} INFO - Sync 1 DAGs
[2025-09-18T07:46:43.905+0000] {logging_mixin.py:188} INFO - [2025-09-18T07:46:43.904+0000] {dag.py:3823} INFO - Setting next_dagrun for example_time_delta_sensor_async to None, run_after=None
[2025-09-18T07:46:43.949+0000] {processor.py:183} INFO - Processing /home/airflow/.local/lib/python3.8/site-packages/airflow/example_dags/example_time_delta_sensor_async.py took 0.148 seconds
[2025-09-18T07:47:14.604+0000] {processor.py:161} INFO - Started process (PID=1244) to work on /home/airflow/.local/lib/python3.8/site-packages/airflow/example_dags/example_time_delta_sensor_async.py
[2025-09-18T07:47:14.606+0000] {processor.py:830} INFO - Processing file /home/airflow/.local/lib/python3.8/site-packages/airflow/example_dags/example_time_delta_sensor_async.py for tasks to queue
[2025-09-18T07:47:14.609+0000] {logging_mixin.py:188} INFO - [2025-09-18T07:47:14.609+0000] {dagbag.py:538} INFO - Filling up the DagBag from /home/airflow/.local/lib/python3.8/site-packages/airflow/example_dags/example_time_delta_sensor_async.py
[2025-09-18T07:47:14.617+0000] {processor.py:840} INFO - DAG(s) 'example_time_delta_sensor_async' retrieved from /home/airflow/.local/lib/python3.8/site-packages/airflow/example_dags/example_time_delta_sensor_async.py
[2025-09-18T07:47:14.657+0000] {logging_mixin.py:188} INFO - [2025-09-18T07:47:14.656+0000] {dag.py:3036} INFO - Sync 1 DAGs
[2025-09-18T07:47:14.679+0000] {logging_mixin.py:188} INFO - [2025-09-18T07:47:14.678+0000] {dag.py:3823} INFO - Setting next_dagrun for example_time_delta_sensor_async to None, run_after=None
[2025-09-18T07:47:14.717+0000] {processor.py:183} INFO - Processing /home/airflow/.local/lib/python3.8/site-packages/airflow/example_dags/example_time_delta_sensor_async.py took 0.119 seconds
[2025-09-18T07:47:45.485+0000] {processor.py:161} INFO - Started process (PID=1300) to work on /home/airflow/.local/lib/python3.8/site-packages/airflow/example_dags/example_time_delta_sensor_async.py
[2025-09-18T07:47:45.486+0000] {processor.py:830} INFO - Processing file /home/airflow/.local/lib/python3.8/site-packages/airflow/example_dags/example_time_delta_sensor_async.py for tasks to queue
[2025-09-18T07:47:45.490+0000] {logging_mixin.py:188} INFO - [2025-09-18T07:47:45.489+0000] {dagbag.py:538} INFO - Filling up the DagBag from /home/airflow/.local/lib/python3.8/site-packages/airflow/example_dags/example_time_delta_sensor_async.py
[2025-09-18T07:47:45.498+0000] {processor.py:840} INFO - DAG(s) 'example_time_delta_sensor_async' retrieved from /home/airflow/.local/lib/python3.8/site-packages/airflow/example_dags/example_time_delta_sensor_async.py
[2025-09-18T07:47:45.535+0000] {logging_mixin.py:188} INFO - [2025-09-18T07:47:45.534+0000] {dag.py:3036} INFO - Sync 1 DAGs
[2025-09-18T07:47:45.564+0000] {logging_mixin.py:188} INFO - [2025-09-18T07:47:45.563+0000] {dag.py:3823} INFO - Setting next_dagrun for example_time_delta_sensor_async to None, run_after=None
[2025-09-18T07:47:45.601+0000] {processor.py:183} INFO - Processing /home/airflow/.local/lib/python3.8/site-packages/airflow/example_dags/example_time_delta_sensor_async.py took 0.123 seconds
[2025-09-18T07:48:16.593+0000] {processor.py:161} INFO - Started process (PID=1355) to work on /home/airflow/.local/lib/python3.8/site-packages/airflow/example_dags/example_time_delta_sensor_async.py
[2025-09-18T07:48:16.599+0000] {processor.py:830} INFO - Processing file /home/airflow/.local/lib/python3.8/site-packages/airflow/example_dags/example_time_delta_sensor_async.py for tasks to queue
[2025-09-18T07:48:16.604+0000] {logging_mixin.py:188} INFO - [2025-09-18T07:48:16.603+0000] {dagbag.py:538} INFO - Filling up the DagBag from /home/airflow/.local/lib/python3.8/site-packages/airflow/example_dags/example_time_delta_sensor_async.py
[2025-09-18T07:48:16.619+0000] {processor.py:840} INFO - DAG(s) 'example_time_delta_sensor_async' retrieved from /home/airflow/.local/lib/python3.8/site-packages/airflow/example_dags/example_time_delta_sensor_async.py
[2025-09-18T07:48:16.684+0000] {logging_mixin.py:188} INFO - [2025-09-18T07:48:16.684+0000] {dag.py:3036} INFO - Sync 1 DAGs
[2025-09-18T07:48:16.725+0000] {logging_mixin.py:188} INFO - [2025-09-18T07:48:16.724+0000] {dag.py:3823} INFO - Setting next_dagrun for example_time_delta_sensor_async to None, run_after=None
[2025-09-18T07:48:16.774+0000] {processor.py:183} INFO - Processing /home/airflow/.local/lib/python3.8/site-packages/airflow/example_dags/example_time_delta_sensor_async.py took 0.191 seconds
[2025-09-18T07:56:52.697+0000] {processor.py:161} INFO - Started process (PID=82) to work on /home/airflow/.local/lib/python3.8/site-packages/airflow/example_dags/example_time_delta_sensor_async.py
[2025-09-18T07:56:52.699+0000] {processor.py:830} INFO - Processing file /home/airflow/.local/lib/python3.8/site-packages/airflow/example_dags/example_time_delta_sensor_async.py for tasks to queue
[2025-09-18T07:56:52.703+0000] {logging_mixin.py:188} INFO - [2025-09-18T07:56:52.702+0000] {dagbag.py:538} INFO - Filling up the DagBag from /home/airflow/.local/lib/python3.8/site-packages/airflow/example_dags/example_time_delta_sensor_async.py
[2025-09-18T07:56:52.712+0000] {processor.py:840} INFO - DAG(s) 'example_time_delta_sensor_async' retrieved from /home/airflow/.local/lib/python3.8/site-packages/airflow/example_dags/example_time_delta_sensor_async.py
[2025-09-18T07:56:52.908+0000] {logging_mixin.py:188} INFO - [2025-09-18T07:56:52.907+0000] {override.py:1769} INFO - Created Permission View: can edit on DAG:example_time_delta_sensor_async
[2025-09-18T07:56:52.928+0000] {logging_mixin.py:188} INFO - [2025-09-18T07:56:52.928+0000] {override.py:1769} INFO - Created Permission View: can read on DAG:example_time_delta_sensor_async
[2025-09-18T07:56:52.947+0000] {logging_mixin.py:188} INFO - [2025-09-18T07:56:52.946+0000] {override.py:1769} INFO - Created Permission View: can delete on DAG:example_time_delta_sensor_async
[2025-09-18T07:56:52.948+0000] {logging_mixin.py:188} INFO - [2025-09-18T07:56:52.948+0000] {dag.py:3036} INFO - Sync 1 DAGs
[2025-09-18T07:56:52.968+0000] {logging_mixin.py:188} INFO - [2025-09-18T07:56:52.967+0000] {dag.py:3058} INFO - Creating ORM DAG for example_time_delta_sensor_async
[2025-09-18T07:56:52.969+0000] {logging_mixin.py:188} INFO - [2025-09-18T07:56:52.969+0000] {dag.py:3823} INFO - Setting next_dagrun for example_time_delta_sensor_async to None, run_after=None
[2025-09-18T07:56:53.000+0000] {processor.py:183} INFO - Processing /home/airflow/.local/lib/python3.8/site-packages/airflow/example_dags/example_time_delta_sensor_async.py took 0.309 seconds
[2025-09-18T07:57:27.066+0000] {processor.py:161} INFO - Started process (PID=137) to work on /home/airflow/.local/lib/python3.8/site-packages/airflow/example_dags/example_time_delta_sensor_async.py
[2025-09-18T07:57:27.069+0000] {processor.py:830} INFO - Processing file /home/airflow/.local/lib/python3.8/site-packages/airflow/example_dags/example_time_delta_sensor_async.py for tasks to queue
[2025-09-18T07:57:27.078+0000] {logging_mixin.py:188} INFO - [2025-09-18T07:57:27.077+0000] {dagbag.py:538} INFO - Filling up the DagBag from /home/airflow/.local/lib/python3.8/site-packages/airflow/example_dags/example_time_delta_sensor_async.py
[2025-09-18T07:57:27.091+0000] {processor.py:840} INFO - DAG(s) 'example_time_delta_sensor_async' retrieved from /home/airflow/.local/lib/python3.8/site-packages/airflow/example_dags/example_time_delta_sensor_async.py
[2025-09-18T07:57:27.159+0000] {logging_mixin.py:188} INFO - [2025-09-18T07:57:27.159+0000] {dag.py:3036} INFO - Sync 1 DAGs
[2025-09-18T07:57:27.189+0000] {logging_mixin.py:188} INFO - [2025-09-18T07:57:27.189+0000] {dag.py:3823} INFO - Setting next_dagrun for example_time_delta_sensor_async to None, run_after=None
[2025-09-18T07:57:27.232+0000] {processor.py:183} INFO - Processing /home/airflow/.local/lib/python3.8/site-packages/airflow/example_dags/example_time_delta_sensor_async.py took 0.174 seconds
[2025-09-18T07:57:57.925+0000] {processor.py:161} INFO - Started process (PID=199) to work on /home/airflow/.local/lib/python3.8/site-packages/airflow/example_dags/example_time_delta_sensor_async.py
[2025-09-18T07:57:57.927+0000] {processor.py:830} INFO - Processing file /home/airflow/.local/lib/python3.8/site-packages/airflow/example_dags/example_time_delta_sensor_async.py for tasks to queue
[2025-09-18T07:57:57.931+0000] {logging_mixin.py:188} INFO - [2025-09-18T07:57:57.931+0000] {dagbag.py:538} INFO - Filling up the DagBag from /home/airflow/.local/lib/python3.8/site-packages/airflow/example_dags/example_time_delta_sensor_async.py
[2025-09-18T07:57:57.942+0000] {processor.py:840} INFO - DAG(s) 'example_time_delta_sensor_async' retrieved from /home/airflow/.local/lib/python3.8/site-packages/airflow/example_dags/example_time_delta_sensor_async.py
[2025-09-18T07:57:57.984+0000] {logging_mixin.py:188} INFO - [2025-09-18T07:57:57.983+0000] {dag.py:3036} INFO - Sync 1 DAGs
[2025-09-18T07:57:58.018+0000] {logging_mixin.py:188} INFO - [2025-09-18T07:57:58.018+0000] {dag.py:3823} INFO - Setting next_dagrun for example_time_delta_sensor_async to None, run_after=None
[2025-09-18T07:57:58.063+0000] {processor.py:183} INFO - Processing /home/airflow/.local/lib/python3.8/site-packages/airflow/example_dags/example_time_delta_sensor_async.py took 0.150 seconds
[2025-09-18T09:46:55.586+0000] {processor.py:161} INFO - Started process (PID=82) to work on /home/airflow/.local/lib/python3.8/site-packages/airflow/example_dags/example_time_delta_sensor_async.py
[2025-09-18T09:46:55.589+0000] {processor.py:830} INFO - Processing file /home/airflow/.local/lib/python3.8/site-packages/airflow/example_dags/example_time_delta_sensor_async.py for tasks to queue
[2025-09-18T09:46:55.594+0000] {logging_mixin.py:188} INFO - [2025-09-18T09:46:55.593+0000] {dagbag.py:538} INFO - Filling up the DagBag from /home/airflow/.local/lib/python3.8/site-packages/airflow/example_dags/example_time_delta_sensor_async.py
[2025-09-18T09:46:55.605+0000] {processor.py:840} INFO - DAG(s) 'example_time_delta_sensor_async' retrieved from /home/airflow/.local/lib/python3.8/site-packages/airflow/example_dags/example_time_delta_sensor_async.py
[2025-09-18T09:46:55.802+0000] {logging_mixin.py:188} INFO - [2025-09-18T09:46:55.801+0000] {override.py:1769} INFO - Created Permission View: can delete on DAG:example_time_delta_sensor_async
[2025-09-18T09:46:55.824+0000] {logging_mixin.py:188} INFO - [2025-09-18T09:46:55.823+0000] {override.py:1769} INFO - Created Permission View: can edit on DAG:example_time_delta_sensor_async
[2025-09-18T09:46:55.837+0000] {logging_mixin.py:188} INFO - [2025-09-18T09:46:55.837+0000] {override.py:1769} INFO - Created Permission View: can read on DAG:example_time_delta_sensor_async
[2025-09-18T09:46:55.839+0000] {logging_mixin.py:188} INFO - [2025-09-18T09:46:55.838+0000] {dag.py:3036} INFO - Sync 1 DAGs
[2025-09-18T09:46:55.859+0000] {logging_mixin.py:188} INFO - [2025-09-18T09:46:55.858+0000] {dag.py:3058} INFO - Creating ORM DAG for example_time_delta_sensor_async
[2025-09-18T09:46:55.860+0000] {logging_mixin.py:188} INFO - [2025-09-18T09:46:55.860+0000] {dag.py:3823} INFO - Setting next_dagrun for example_time_delta_sensor_async to None, run_after=None
[2025-09-18T09:46:55.893+0000] {processor.py:183} INFO - Processing /home/airflow/.local/lib/python3.8/site-packages/airflow/example_dags/example_time_delta_sensor_async.py took 0.315 seconds
[2025-09-18T09:47:26.872+0000] {processor.py:161} INFO - Started process (PID=137) to work on /home/airflow/.local/lib/python3.8/site-packages/airflow/example_dags/example_time_delta_sensor_async.py
[2025-09-18T09:47:26.875+0000] {processor.py:830} INFO - Processing file /home/airflow/.local/lib/python3.8/site-packages/airflow/example_dags/example_time_delta_sensor_async.py for tasks to queue
[2025-09-18T09:47:26.879+0000] {logging_mixin.py:188} INFO - [2025-09-18T09:47:26.879+0000] {dagbag.py:538} INFO - Filling up the DagBag from /home/airflow/.local/lib/python3.8/site-packages/airflow/example_dags/example_time_delta_sensor_async.py
[2025-09-18T09:47:26.888+0000] {processor.py:840} INFO - DAG(s) 'example_time_delta_sensor_async' retrieved from /home/airflow/.local/lib/python3.8/site-packages/airflow/example_dags/example_time_delta_sensor_async.py
[2025-09-18T09:47:26.927+0000] {logging_mixin.py:188} INFO - [2025-09-18T09:47:26.927+0000] {dag.py:3036} INFO - Sync 1 DAGs
[2025-09-18T09:47:26.954+0000] {logging_mixin.py:188} INFO - [2025-09-18T09:47:26.954+0000] {dag.py:3823} INFO - Setting next_dagrun for example_time_delta_sensor_async to None, run_after=None
[2025-09-18T09:47:27.002+0000] {processor.py:183} INFO - Processing /home/airflow/.local/lib/python3.8/site-packages/airflow/example_dags/example_time_delta_sensor_async.py took 0.137 seconds
[2025-09-18T09:47:57.294+0000] {processor.py:161} INFO - Started process (PID=192) to work on /home/airflow/.local/lib/python3.8/site-packages/airflow/example_dags/example_time_delta_sensor_async.py
[2025-09-18T09:47:57.297+0000] {processor.py:830} INFO - Processing file /home/airflow/.local/lib/python3.8/site-packages/airflow/example_dags/example_time_delta_sensor_async.py for tasks to queue
[2025-09-18T09:47:57.301+0000] {logging_mixin.py:188} INFO - [2025-09-18T09:47:57.301+0000] {dagbag.py:538} INFO - Filling up the DagBag from /home/airflow/.local/lib/python3.8/site-packages/airflow/example_dags/example_time_delta_sensor_async.py
[2025-09-18T09:47:57.312+0000] {processor.py:840} INFO - DAG(s) 'example_time_delta_sensor_async' retrieved from /home/airflow/.local/lib/python3.8/site-packages/airflow/example_dags/example_time_delta_sensor_async.py
[2025-09-18T09:47:57.359+0000] {logging_mixin.py:188} INFO - [2025-09-18T09:47:57.359+0000] {dag.py:3036} INFO - Sync 1 DAGs
[2025-09-18T09:47:57.390+0000] {logging_mixin.py:188} INFO - [2025-09-18T09:47:57.389+0000] {dag.py:3823} INFO - Setting next_dagrun for example_time_delta_sensor_async to None, run_after=None
[2025-09-18T09:47:57.433+0000] {processor.py:183} INFO - Processing /home/airflow/.local/lib/python3.8/site-packages/airflow/example_dags/example_time_delta_sensor_async.py took 0.147 seconds
[2025-09-18T09:48:28.101+0000] {processor.py:161} INFO - Started process (PID=247) to work on /home/airflow/.local/lib/python3.8/site-packages/airflow/example_dags/example_time_delta_sensor_async.py
[2025-09-18T09:48:28.103+0000] {processor.py:830} INFO - Processing file /home/airflow/.local/lib/python3.8/site-packages/airflow/example_dags/example_time_delta_sensor_async.py for tasks to queue
[2025-09-18T09:48:28.107+0000] {logging_mixin.py:188} INFO - [2025-09-18T09:48:28.106+0000] {dagbag.py:538} INFO - Filling up the DagBag from /home/airflow/.local/lib/python3.8/site-packages/airflow/example_dags/example_time_delta_sensor_async.py
[2025-09-18T09:48:28.116+0000] {processor.py:840} INFO - DAG(s) 'example_time_delta_sensor_async' retrieved from /home/airflow/.local/lib/python3.8/site-packages/airflow/example_dags/example_time_delta_sensor_async.py
[2025-09-18T09:48:28.156+0000] {logging_mixin.py:188} INFO - [2025-09-18T09:48:28.156+0000] {dag.py:3036} INFO - Sync 1 DAGs
[2025-09-18T09:48:28.184+0000] {logging_mixin.py:188} INFO - [2025-09-18T09:48:28.184+0000] {dag.py:3823} INFO - Setting next_dagrun for example_time_delta_sensor_async to None, run_after=None
[2025-09-18T09:48:28.222+0000] {processor.py:183} INFO - Processing /home/airflow/.local/lib/python3.8/site-packages/airflow/example_dags/example_time_delta_sensor_async.py took 0.127 seconds
[2025-09-18T09:48:59.164+0000] {processor.py:161} INFO - Started process (PID=302) to work on /home/airflow/.local/lib/python3.8/site-packages/airflow/example_dags/example_time_delta_sensor_async.py
[2025-09-18T09:48:59.167+0000] {processor.py:830} INFO - Processing file /home/airflow/.local/lib/python3.8/site-packages/airflow/example_dags/example_time_delta_sensor_async.py for tasks to queue
[2025-09-18T09:48:59.171+0000] {logging_mixin.py:188} INFO - [2025-09-18T09:48:59.170+0000] {dagbag.py:538} INFO - Filling up the DagBag from /home/airflow/.local/lib/python3.8/site-packages/airflow/example_dags/example_time_delta_sensor_async.py
[2025-09-18T09:48:59.181+0000] {processor.py:840} INFO - DAG(s) 'example_time_delta_sensor_async' retrieved from /home/airflow/.local/lib/python3.8/site-packages/airflow/example_dags/example_time_delta_sensor_async.py
[2025-09-18T09:48:59.228+0000] {logging_mixin.py:188} INFO - [2025-09-18T09:48:59.227+0000] {dag.py:3036} INFO - Sync 1 DAGs
[2025-09-18T09:48:59.275+0000] {logging_mixin.py:188} INFO - [2025-09-18T09:48:59.274+0000] {dag.py:3823} INFO - Setting next_dagrun for example_time_delta_sensor_async to None, run_after=None
[2025-09-18T09:48:59.324+0000] {processor.py:183} INFO - Processing /home/airflow/.local/lib/python3.8/site-packages/airflow/example_dags/example_time_delta_sensor_async.py took 0.168 seconds
[2025-09-18T09:49:29.442+0000] {processor.py:161} INFO - Started process (PID=357) to work on /home/airflow/.local/lib/python3.8/site-packages/airflow/example_dags/example_time_delta_sensor_async.py
[2025-09-18T09:49:29.444+0000] {processor.py:830} INFO - Processing file /home/airflow/.local/lib/python3.8/site-packages/airflow/example_dags/example_time_delta_sensor_async.py for tasks to queue
[2025-09-18T09:49:29.448+0000] {logging_mixin.py:188} INFO - [2025-09-18T09:49:29.448+0000] {dagbag.py:538} INFO - Filling up the DagBag from /home/airflow/.local/lib/python3.8/site-packages/airflow/example_dags/example_time_delta_sensor_async.py
[2025-09-18T09:49:29.458+0000] {processor.py:840} INFO - DAG(s) 'example_time_delta_sensor_async' retrieved from /home/airflow/.local/lib/python3.8/site-packages/airflow/example_dags/example_time_delta_sensor_async.py
[2025-09-18T09:49:29.493+0000] {logging_mixin.py:188} INFO - [2025-09-18T09:49:29.493+0000] {dag.py:3036} INFO - Sync 1 DAGs
[2025-09-18T09:49:29.516+0000] {logging_mixin.py:188} INFO - [2025-09-18T09:49:29.515+0000] {dag.py:3823} INFO - Setting next_dagrun for example_time_delta_sensor_async to None, run_after=None
[2025-09-18T09:49:29.550+0000] {processor.py:183} INFO - Processing /home/airflow/.local/lib/python3.8/site-packages/airflow/example_dags/example_time_delta_sensor_async.py took 0.114 seconds
[2025-09-18T09:50:00.131+0000] {processor.py:161} INFO - Started process (PID=412) to work on /home/airflow/.local/lib/python3.8/site-packages/airflow/example_dags/example_time_delta_sensor_async.py
[2025-09-18T09:50:00.133+0000] {processor.py:830} INFO - Processing file /home/airflow/.local/lib/python3.8/site-packages/airflow/example_dags/example_time_delta_sensor_async.py for tasks to queue
[2025-09-18T09:50:00.136+0000] {logging_mixin.py:188} INFO - [2025-09-18T09:50:00.136+0000] {dagbag.py:538} INFO - Filling up the DagBag from /home/airflow/.local/lib/python3.8/site-packages/airflow/example_dags/example_time_delta_sensor_async.py
[2025-09-18T09:50:00.145+0000] {processor.py:840} INFO - DAG(s) 'example_time_delta_sensor_async' retrieved from /home/airflow/.local/lib/python3.8/site-packages/airflow/example_dags/example_time_delta_sensor_async.py
[2025-09-18T09:50:00.181+0000] {logging_mixin.py:188} INFO - [2025-09-18T09:50:00.181+0000] {dag.py:3036} INFO - Sync 1 DAGs
[2025-09-18T09:50:00.206+0000] {logging_mixin.py:188} INFO - [2025-09-18T09:50:00.205+0000] {dag.py:3823} INFO - Setting next_dagrun for example_time_delta_sensor_async to None, run_after=None
[2025-09-18T09:50:00.248+0000] {processor.py:183} INFO - Processing /home/airflow/.local/lib/python3.8/site-packages/airflow/example_dags/example_time_delta_sensor_async.py took 0.123 seconds
[2025-09-18T09:50:30.766+0000] {processor.py:161} INFO - Started process (PID=467) to work on /home/airflow/.local/lib/python3.8/site-packages/airflow/example_dags/example_time_delta_sensor_async.py
[2025-09-18T09:50:30.768+0000] {processor.py:830} INFO - Processing file /home/airflow/.local/lib/python3.8/site-packages/airflow/example_dags/example_time_delta_sensor_async.py for tasks to queue
[2025-09-18T09:50:30.774+0000] {logging_mixin.py:188} INFO - [2025-09-18T09:50:30.773+0000] {dagbag.py:538} INFO - Filling up the DagBag from /home/airflow/.local/lib/python3.8/site-packages/airflow/example_dags/example_time_delta_sensor_async.py
[2025-09-18T09:50:30.786+0000] {processor.py:840} INFO - DAG(s) 'example_time_delta_sensor_async' retrieved from /home/airflow/.local/lib/python3.8/site-packages/airflow/example_dags/example_time_delta_sensor_async.py
[2025-09-18T09:50:30.825+0000] {logging_mixin.py:188} INFO - [2025-09-18T09:50:30.825+0000] {dag.py:3036} INFO - Sync 1 DAGs
[2025-09-18T09:50:30.853+0000] {logging_mixin.py:188} INFO - [2025-09-18T09:50:30.853+0000] {dag.py:3823} INFO - Setting next_dagrun for example_time_delta_sensor_async to None, run_after=None
[2025-09-18T09:50:30.895+0000] {processor.py:183} INFO - Processing /home/airflow/.local/lib/python3.8/site-packages/airflow/example_dags/example_time_delta_sensor_async.py took 0.136 seconds
[2025-09-18T09:51:01.117+0000] {processor.py:161} INFO - Started process (PID=522) to work on /home/airflow/.local/lib/python3.8/site-packages/airflow/example_dags/example_time_delta_sensor_async.py
[2025-09-18T09:51:01.120+0000] {processor.py:830} INFO - Processing file /home/airflow/.local/lib/python3.8/site-packages/airflow/example_dags/example_time_delta_sensor_async.py for tasks to queue
[2025-09-18T09:51:01.123+0000] {logging_mixin.py:188} INFO - [2025-09-18T09:51:01.123+0000] {dagbag.py:538} INFO - Filling up the DagBag from /home/airflow/.local/lib/python3.8/site-packages/airflow/example_dags/example_time_delta_sensor_async.py
[2025-09-18T09:51:01.132+0000] {processor.py:840} INFO - DAG(s) 'example_time_delta_sensor_async' retrieved from /home/airflow/.local/lib/python3.8/site-packages/airflow/example_dags/example_time_delta_sensor_async.py
[2025-09-18T09:51:01.171+0000] {logging_mixin.py:188} INFO - [2025-09-18T09:51:01.170+0000] {dag.py:3036} INFO - Sync 1 DAGs
[2025-09-18T09:51:01.196+0000] {logging_mixin.py:188} INFO - [2025-09-18T09:51:01.195+0000] {dag.py:3823} INFO - Setting next_dagrun for example_time_delta_sensor_async to None, run_after=None
[2025-09-18T09:51:01.237+0000] {processor.py:183} INFO - Processing /home/airflow/.local/lib/python3.8/site-packages/airflow/example_dags/example_time_delta_sensor_async.py took 0.125 seconds
[2025-09-18T09:54:07.177+0000] {processor.py:161} INFO - Started process (PID=89) to work on /home/airflow/.local/lib/python3.8/site-packages/airflow/example_dags/example_time_delta_sensor_async.py
[2025-09-18T09:54:07.189+0000] {processor.py:830} INFO - Processing file /home/airflow/.local/lib/python3.8/site-packages/airflow/example_dags/example_time_delta_sensor_async.py for tasks to queue
[2025-09-18T09:54:07.200+0000] {logging_mixin.py:188} INFO - [2025-09-18T09:54:07.198+0000] {dagbag.py:538} INFO - Filling up the DagBag from /home/airflow/.local/lib/python3.8/site-packages/airflow/example_dags/example_time_delta_sensor_async.py
[2025-09-18T09:54:07.237+0000] {processor.py:840} INFO - DAG(s) 'example_time_delta_sensor_async' retrieved from /home/airflow/.local/lib/python3.8/site-packages/airflow/example_dags/example_time_delta_sensor_async.py
[2025-09-18T09:54:07.669+0000] {logging_mixin.py:188} INFO - [2025-09-18T09:54:07.668+0000] {override.py:1769} INFO - Created Permission View: can delete on DAG:example_time_delta_sensor_async
[2025-09-18T09:54:07.692+0000] {logging_mixin.py:188} INFO - [2025-09-18T09:54:07.691+0000] {override.py:1769} INFO - Created Permission View: can edit on DAG:example_time_delta_sensor_async
[2025-09-18T09:54:07.707+0000] {logging_mixin.py:188} INFO - [2025-09-18T09:54:07.706+0000] {override.py:1769} INFO - Created Permission View: can read on DAG:example_time_delta_sensor_async
[2025-09-18T09:54:07.708+0000] {logging_mixin.py:188} INFO - [2025-09-18T09:54:07.707+0000] {dag.py:3036} INFO - Sync 1 DAGs
[2025-09-18T09:54:07.735+0000] {logging_mixin.py:188} INFO - [2025-09-18T09:54:07.735+0000] {dag.py:3058} INFO - Creating ORM DAG for example_time_delta_sensor_async
[2025-09-18T09:54:07.739+0000] {logging_mixin.py:188} INFO - [2025-09-18T09:54:07.738+0000] {dag.py:3823} INFO - Setting next_dagrun for example_time_delta_sensor_async to None, run_after=None
[2025-09-18T09:54:07.788+0000] {processor.py:183} INFO - Processing /home/airflow/.local/lib/python3.8/site-packages/airflow/example_dags/example_time_delta_sensor_async.py took 0.618 seconds
[2025-09-18T09:54:38.132+0000] {processor.py:161} INFO - Started process (PID=145) to work on /home/airflow/.local/lib/python3.8/site-packages/airflow/example_dags/example_time_delta_sensor_async.py
[2025-09-18T09:54:38.136+0000] {processor.py:830} INFO - Processing file /home/airflow/.local/lib/python3.8/site-packages/airflow/example_dags/example_time_delta_sensor_async.py for tasks to queue
[2025-09-18T09:54:38.140+0000] {logging_mixin.py:188} INFO - [2025-09-18T09:54:38.139+0000] {dagbag.py:538} INFO - Filling up the DagBag from /home/airflow/.local/lib/python3.8/site-packages/airflow/example_dags/example_time_delta_sensor_async.py
[2025-09-18T09:54:38.153+0000] {processor.py:840} INFO - DAG(s) 'example_time_delta_sensor_async' retrieved from /home/airflow/.local/lib/python3.8/site-packages/airflow/example_dags/example_time_delta_sensor_async.py
[2025-09-18T09:54:38.192+0000] {logging_mixin.py:188} INFO - [2025-09-18T09:54:38.191+0000] {dag.py:3036} INFO - Sync 1 DAGs
[2025-09-18T09:54:38.221+0000] {logging_mixin.py:188} INFO - [2025-09-18T09:54:38.221+0000] {dag.py:3823} INFO - Setting next_dagrun for example_time_delta_sensor_async to None, run_after=None
[2025-09-18T09:54:38.256+0000] {processor.py:183} INFO - Processing /home/airflow/.local/lib/python3.8/site-packages/airflow/example_dags/example_time_delta_sensor_async.py took 0.133 seconds
[2025-09-18T09:55:08.904+0000] {processor.py:161} INFO - Started process (PID=200) to work on /home/airflow/.local/lib/python3.8/site-packages/airflow/example_dags/example_time_delta_sensor_async.py
[2025-09-18T09:55:08.907+0000] {processor.py:830} INFO - Processing file /home/airflow/.local/lib/python3.8/site-packages/airflow/example_dags/example_time_delta_sensor_async.py for tasks to queue
[2025-09-18T09:55:08.911+0000] {logging_mixin.py:188} INFO - [2025-09-18T09:55:08.910+0000] {dagbag.py:538} INFO - Filling up the DagBag from /home/airflow/.local/lib/python3.8/site-packages/airflow/example_dags/example_time_delta_sensor_async.py
[2025-09-18T09:55:08.922+0000] {processor.py:840} INFO - DAG(s) 'example_time_delta_sensor_async' retrieved from /home/airflow/.local/lib/python3.8/site-packages/airflow/example_dags/example_time_delta_sensor_async.py
[2025-09-18T09:55:08.968+0000] {logging_mixin.py:188} INFO - [2025-09-18T09:55:08.967+0000] {dag.py:3036} INFO - Sync 1 DAGs
[2025-09-18T09:55:08.994+0000] {logging_mixin.py:188} INFO - [2025-09-18T09:55:08.993+0000] {dag.py:3823} INFO - Setting next_dagrun for example_time_delta_sensor_async to None, run_after=None
[2025-09-18T09:55:09.036+0000] {processor.py:183} INFO - Processing /home/airflow/.local/lib/python3.8/site-packages/airflow/example_dags/example_time_delta_sensor_async.py took 0.139 seconds
[2025-09-18T09:55:39.346+0000] {processor.py:161} INFO - Started process (PID=255) to work on /home/airflow/.local/lib/python3.8/site-packages/airflow/example_dags/example_time_delta_sensor_async.py
[2025-09-18T09:55:39.352+0000] {processor.py:830} INFO - Processing file /home/airflow/.local/lib/python3.8/site-packages/airflow/example_dags/example_time_delta_sensor_async.py for tasks to queue
[2025-09-18T09:55:39.357+0000] {logging_mixin.py:188} INFO - [2025-09-18T09:55:39.357+0000] {dagbag.py:538} INFO - Filling up the DagBag from /home/airflow/.local/lib/python3.8/site-packages/airflow/example_dags/example_time_delta_sensor_async.py
[2025-09-18T09:55:39.376+0000] {processor.py:840} INFO - DAG(s) 'example_time_delta_sensor_async' retrieved from /home/airflow/.local/lib/python3.8/site-packages/airflow/example_dags/example_time_delta_sensor_async.py
[2025-09-18T09:55:39.423+0000] {logging_mixin.py:188} INFO - [2025-09-18T09:55:39.423+0000] {dag.py:3036} INFO - Sync 1 DAGs
[2025-09-18T09:55:39.449+0000] {logging_mixin.py:188} INFO - [2025-09-18T09:55:39.449+0000] {dag.py:3823} INFO - Setting next_dagrun for example_time_delta_sensor_async to None, run_after=None
[2025-09-18T09:55:39.489+0000] {processor.py:183} INFO - Processing /home/airflow/.local/lib/python3.8/site-packages/airflow/example_dags/example_time_delta_sensor_async.py took 0.154 seconds
[2025-09-18T09:56:10.354+0000] {processor.py:161} INFO - Started process (PID=310) to work on /home/airflow/.local/lib/python3.8/site-packages/airflow/example_dags/example_time_delta_sensor_async.py
[2025-09-18T09:56:10.357+0000] {processor.py:830} INFO - Processing file /home/airflow/.local/lib/python3.8/site-packages/airflow/example_dags/example_time_delta_sensor_async.py for tasks to queue
[2025-09-18T09:56:10.362+0000] {logging_mixin.py:188} INFO - [2025-09-18T09:56:10.361+0000] {dagbag.py:538} INFO - Filling up the DagBag from /home/airflow/.local/lib/python3.8/site-packages/airflow/example_dags/example_time_delta_sensor_async.py
[2025-09-18T09:56:10.372+0000] {processor.py:840} INFO - DAG(s) 'example_time_delta_sensor_async' retrieved from /home/airflow/.local/lib/python3.8/site-packages/airflow/example_dags/example_time_delta_sensor_async.py
[2025-09-18T09:56:10.415+0000] {logging_mixin.py:188} INFO - [2025-09-18T09:56:10.414+0000] {dag.py:3036} INFO - Sync 1 DAGs
[2025-09-18T09:56:10.441+0000] {logging_mixin.py:188} INFO - [2025-09-18T09:56:10.441+0000] {dag.py:3823} INFO - Setting next_dagrun for example_time_delta_sensor_async to None, run_after=None
[2025-09-18T09:56:10.481+0000] {processor.py:183} INFO - Processing /home/airflow/.local/lib/python3.8/site-packages/airflow/example_dags/example_time_delta_sensor_async.py took 0.134 seconds
[2025-09-18T09:56:40.823+0000] {processor.py:161} INFO - Started process (PID=365) to work on /home/airflow/.local/lib/python3.8/site-packages/airflow/example_dags/example_time_delta_sensor_async.py
[2025-09-18T09:56:40.830+0000] {processor.py:830} INFO - Processing file /home/airflow/.local/lib/python3.8/site-packages/airflow/example_dags/example_time_delta_sensor_async.py for tasks to queue
[2025-09-18T09:56:40.837+0000] {logging_mixin.py:188} INFO - [2025-09-18T09:56:40.836+0000] {dagbag.py:538} INFO - Filling up the DagBag from /home/airflow/.local/lib/python3.8/site-packages/airflow/example_dags/example_time_delta_sensor_async.py
[2025-09-18T09:56:40.854+0000] {processor.py:840} INFO - DAG(s) 'example_time_delta_sensor_async' retrieved from /home/airflow/.local/lib/python3.8/site-packages/airflow/example_dags/example_time_delta_sensor_async.py
[2025-09-18T09:56:40.912+0000] {logging_mixin.py:188} INFO - [2025-09-18T09:56:40.912+0000] {dag.py:3036} INFO - Sync 1 DAGs
[2025-09-18T09:56:40.972+0000] {logging_mixin.py:188} INFO - [2025-09-18T09:56:40.972+0000] {dag.py:3823} INFO - Setting next_dagrun for example_time_delta_sensor_async to None, run_after=None
[2025-09-18T09:56:41.031+0000] {processor.py:183} INFO - Processing /home/airflow/.local/lib/python3.8/site-packages/airflow/example_dags/example_time_delta_sensor_async.py took 0.219 seconds
[2025-09-18T09:57:11.240+0000] {processor.py:161} INFO - Started process (PID=420) to work on /home/airflow/.local/lib/python3.8/site-packages/airflow/example_dags/example_time_delta_sensor_async.py
[2025-09-18T09:57:11.242+0000] {processor.py:830} INFO - Processing file /home/airflow/.local/lib/python3.8/site-packages/airflow/example_dags/example_time_delta_sensor_async.py for tasks to queue
[2025-09-18T09:57:11.245+0000] {logging_mixin.py:188} INFO - [2025-09-18T09:57:11.245+0000] {dagbag.py:538} INFO - Filling up the DagBag from /home/airflow/.local/lib/python3.8/site-packages/airflow/example_dags/example_time_delta_sensor_async.py
[2025-09-18T09:57:11.253+0000] {processor.py:840} INFO - DAG(s) 'example_time_delta_sensor_async' retrieved from /home/airflow/.local/lib/python3.8/site-packages/airflow/example_dags/example_time_delta_sensor_async.py
[2025-09-18T09:57:11.289+0000] {logging_mixin.py:188} INFO - [2025-09-18T09:57:11.289+0000] {dag.py:3036} INFO - Sync 1 DAGs
[2025-09-18T09:57:11.312+0000] {logging_mixin.py:188} INFO - [2025-09-18T09:57:11.311+0000] {dag.py:3823} INFO - Setting next_dagrun for example_time_delta_sensor_async to None, run_after=None
[2025-09-18T09:57:11.351+0000] {processor.py:183} INFO - Processing /home/airflow/.local/lib/python3.8/site-packages/airflow/example_dags/example_time_delta_sensor_async.py took 0.116 seconds
[2025-09-18T09:57:41.453+0000] {processor.py:161} INFO - Started process (PID=475) to work on /home/airflow/.local/lib/python3.8/site-packages/airflow/example_dags/example_time_delta_sensor_async.py
[2025-09-18T09:57:41.455+0000] {processor.py:830} INFO - Processing file /home/airflow/.local/lib/python3.8/site-packages/airflow/example_dags/example_time_delta_sensor_async.py for tasks to queue
[2025-09-18T09:57:41.458+0000] {logging_mixin.py:188} INFO - [2025-09-18T09:57:41.458+0000] {dagbag.py:538} INFO - Filling up the DagBag from /home/airflow/.local/lib/python3.8/site-packages/airflow/example_dags/example_time_delta_sensor_async.py
[2025-09-18T09:57:41.467+0000] {processor.py:840} INFO - DAG(s) 'example_time_delta_sensor_async' retrieved from /home/airflow/.local/lib/python3.8/site-packages/airflow/example_dags/example_time_delta_sensor_async.py
[2025-09-18T09:57:41.504+0000] {logging_mixin.py:188} INFO - [2025-09-18T09:57:41.503+0000] {dag.py:3036} INFO - Sync 1 DAGs
[2025-09-18T09:57:41.526+0000] {logging_mixin.py:188} INFO - [2025-09-18T09:57:41.526+0000] {dag.py:3823} INFO - Setting next_dagrun for example_time_delta_sensor_async to None, run_after=None
[2025-09-18T09:57:41.566+0000] {processor.py:183} INFO - Processing /home/airflow/.local/lib/python3.8/site-packages/airflow/example_dags/example_time_delta_sensor_async.py took 0.119 seconds
[2025-09-18T09:58:11.633+0000] {processor.py:161} INFO - Started process (PID=530) to work on /home/airflow/.local/lib/python3.8/site-packages/airflow/example_dags/example_time_delta_sensor_async.py
[2025-09-18T09:58:11.635+0000] {processor.py:830} INFO - Processing file /home/airflow/.local/lib/python3.8/site-packages/airflow/example_dags/example_time_delta_sensor_async.py for tasks to queue
[2025-09-18T09:58:11.638+0000] {logging_mixin.py:188} INFO - [2025-09-18T09:58:11.637+0000] {dagbag.py:538} INFO - Filling up the DagBag from /home/airflow/.local/lib/python3.8/site-packages/airflow/example_dags/example_time_delta_sensor_async.py
[2025-09-18T09:58:11.647+0000] {processor.py:840} INFO - DAG(s) 'example_time_delta_sensor_async' retrieved from /home/airflow/.local/lib/python3.8/site-packages/airflow/example_dags/example_time_delta_sensor_async.py
[2025-09-18T09:58:11.681+0000] {logging_mixin.py:188} INFO - [2025-09-18T09:58:11.681+0000] {dag.py:3036} INFO - Sync 1 DAGs
[2025-09-18T09:58:11.704+0000] {logging_mixin.py:188} INFO - [2025-09-18T09:58:11.704+0000] {dag.py:3823} INFO - Setting next_dagrun for example_time_delta_sensor_async to None, run_after=None
[2025-09-18T09:58:11.743+0000] {processor.py:183} INFO - Processing /home/airflow/.local/lib/python3.8/site-packages/airflow/example_dags/example_time_delta_sensor_async.py took 0.116 seconds
[2025-09-18T09:58:42.628+0000] {processor.py:161} INFO - Started process (PID=585) to work on /home/airflow/.local/lib/python3.8/site-packages/airflow/example_dags/example_time_delta_sensor_async.py
[2025-09-18T09:58:42.630+0000] {processor.py:830} INFO - Processing file /home/airflow/.local/lib/python3.8/site-packages/airflow/example_dags/example_time_delta_sensor_async.py for tasks to queue
[2025-09-18T09:58:42.633+0000] {logging_mixin.py:188} INFO - [2025-09-18T09:58:42.633+0000] {dagbag.py:538} INFO - Filling up the DagBag from /home/airflow/.local/lib/python3.8/site-packages/airflow/example_dags/example_time_delta_sensor_async.py
[2025-09-18T09:58:42.642+0000] {processor.py:840} INFO - DAG(s) 'example_time_delta_sensor_async' retrieved from /home/airflow/.local/lib/python3.8/site-packages/airflow/example_dags/example_time_delta_sensor_async.py
[2025-09-18T09:58:42.677+0000] {logging_mixin.py:188} INFO - [2025-09-18T09:58:42.677+0000] {dag.py:3036} INFO - Sync 1 DAGs
[2025-09-18T09:58:42.700+0000] {logging_mixin.py:188} INFO - [2025-09-18T09:58:42.700+0000] {dag.py:3823} INFO - Setting next_dagrun for example_time_delta_sensor_async to None, run_after=None
[2025-09-18T09:58:42.734+0000] {processor.py:183} INFO - Processing /home/airflow/.local/lib/python3.8/site-packages/airflow/example_dags/example_time_delta_sensor_async.py took 0.114 seconds
[2025-09-18T09:59:13.137+0000] {processor.py:161} INFO - Started process (PID=640) to work on /home/airflow/.local/lib/python3.8/site-packages/airflow/example_dags/example_time_delta_sensor_async.py
[2025-09-18T09:59:13.139+0000] {processor.py:830} INFO - Processing file /home/airflow/.local/lib/python3.8/site-packages/airflow/example_dags/example_time_delta_sensor_async.py for tasks to queue
[2025-09-18T09:59:13.143+0000] {logging_mixin.py:188} INFO - [2025-09-18T09:59:13.142+0000] {dagbag.py:538} INFO - Filling up the DagBag from /home/airflow/.local/lib/python3.8/site-packages/airflow/example_dags/example_time_delta_sensor_async.py
[2025-09-18T09:59:13.153+0000] {processor.py:840} INFO - DAG(s) 'example_time_delta_sensor_async' retrieved from /home/airflow/.local/lib/python3.8/site-packages/airflow/example_dags/example_time_delta_sensor_async.py
[2025-09-18T09:59:13.187+0000] {logging_mixin.py:188} INFO - [2025-09-18T09:59:13.186+0000] {dag.py:3036} INFO - Sync 1 DAGs
[2025-09-18T09:59:13.210+0000] {logging_mixin.py:188} INFO - [2025-09-18T09:59:13.210+0000] {dag.py:3823} INFO - Setting next_dagrun for example_time_delta_sensor_async to None, run_after=None
[2025-09-18T09:59:13.247+0000] {processor.py:183} INFO - Processing /home/airflow/.local/lib/python3.8/site-packages/airflow/example_dags/example_time_delta_sensor_async.py took 0.115 seconds
[2025-09-18T09:59:44.113+0000] {processor.py:161} INFO - Started process (PID=695) to work on /home/airflow/.local/lib/python3.8/site-packages/airflow/example_dags/example_time_delta_sensor_async.py
[2025-09-18T09:59:44.115+0000] {processor.py:830} INFO - Processing file /home/airflow/.local/lib/python3.8/site-packages/airflow/example_dags/example_time_delta_sensor_async.py for tasks to queue
[2025-09-18T09:59:44.118+0000] {logging_mixin.py:188} INFO - [2025-09-18T09:59:44.118+0000] {dagbag.py:538} INFO - Filling up the DagBag from /home/airflow/.local/lib/python3.8/site-packages/airflow/example_dags/example_time_delta_sensor_async.py
[2025-09-18T09:59:44.127+0000] {processor.py:840} INFO - DAG(s) 'example_time_delta_sensor_async' retrieved from /home/airflow/.local/lib/python3.8/site-packages/airflow/example_dags/example_time_delta_sensor_async.py
[2025-09-18T09:59:44.162+0000] {logging_mixin.py:188} INFO - [2025-09-18T09:59:44.162+0000] {dag.py:3036} INFO - Sync 1 DAGs
[2025-09-18T09:59:44.185+0000] {logging_mixin.py:188} INFO - [2025-09-18T09:59:44.185+0000] {dag.py:3823} INFO - Setting next_dagrun for example_time_delta_sensor_async to None, run_after=None
[2025-09-18T09:59:44.220+0000] {processor.py:183} INFO - Processing /home/airflow/.local/lib/python3.8/site-packages/airflow/example_dags/example_time_delta_sensor_async.py took 0.112 seconds
[2025-09-18T10:00:15.033+0000] {processor.py:161} INFO - Started process (PID=750) to work on /home/airflow/.local/lib/python3.8/site-packages/airflow/example_dags/example_time_delta_sensor_async.py
[2025-09-18T10:00:15.038+0000] {processor.py:830} INFO - Processing file /home/airflow/.local/lib/python3.8/site-packages/airflow/example_dags/example_time_delta_sensor_async.py for tasks to queue
[2025-09-18T10:00:15.045+0000] {logging_mixin.py:188} INFO - [2025-09-18T10:00:15.044+0000] {dagbag.py:538} INFO - Filling up the DagBag from /home/airflow/.local/lib/python3.8/site-packages/airflow/example_dags/example_time_delta_sensor_async.py
[2025-09-18T10:00:15.057+0000] {processor.py:840} INFO - DAG(s) 'example_time_delta_sensor_async' retrieved from /home/airflow/.local/lib/python3.8/site-packages/airflow/example_dags/example_time_delta_sensor_async.py
[2025-09-18T10:00:15.114+0000] {logging_mixin.py:188} INFO - [2025-09-18T10:00:15.113+0000] {dag.py:3036} INFO - Sync 1 DAGs
[2025-09-18T10:00:15.161+0000] {logging_mixin.py:188} INFO - [2025-09-18T10:00:15.161+0000] {dag.py:3823} INFO - Setting next_dagrun for example_time_delta_sensor_async to None, run_after=None
[2025-09-18T10:00:15.247+0000] {processor.py:183} INFO - Processing /home/airflow/.local/lib/python3.8/site-packages/airflow/example_dags/example_time_delta_sensor_async.py took 0.225 seconds
[2025-09-18T10:00:45.634+0000] {processor.py:161} INFO - Started process (PID=805) to work on /home/airflow/.local/lib/python3.8/site-packages/airflow/example_dags/example_time_delta_sensor_async.py
[2025-09-18T10:00:45.636+0000] {processor.py:830} INFO - Processing file /home/airflow/.local/lib/python3.8/site-packages/airflow/example_dags/example_time_delta_sensor_async.py for tasks to queue
[2025-09-18T10:00:45.641+0000] {logging_mixin.py:188} INFO - [2025-09-18T10:00:45.640+0000] {dagbag.py:538} INFO - Filling up the DagBag from /home/airflow/.local/lib/python3.8/site-packages/airflow/example_dags/example_time_delta_sensor_async.py
[2025-09-18T10:00:45.654+0000] {processor.py:840} INFO - DAG(s) 'example_time_delta_sensor_async' retrieved from /home/airflow/.local/lib/python3.8/site-packages/airflow/example_dags/example_time_delta_sensor_async.py
[2025-09-18T10:00:45.705+0000] {logging_mixin.py:188} INFO - [2025-09-18T10:00:45.704+0000] {dag.py:3036} INFO - Sync 1 DAGs
[2025-09-18T10:00:45.736+0000] {logging_mixin.py:188} INFO - [2025-09-18T10:00:45.735+0000] {dag.py:3823} INFO - Setting next_dagrun for example_time_delta_sensor_async to None, run_after=None
[2025-09-18T10:00:45.778+0000] {processor.py:183} INFO - Processing /home/airflow/.local/lib/python3.8/site-packages/airflow/example_dags/example_time_delta_sensor_async.py took 0.155 seconds
[2025-09-18T10:01:16.505+0000] {processor.py:161} INFO - Started process (PID=860) to work on /home/airflow/.local/lib/python3.8/site-packages/airflow/example_dags/example_time_delta_sensor_async.py
[2025-09-18T10:01:16.506+0000] {processor.py:830} INFO - Processing file /home/airflow/.local/lib/python3.8/site-packages/airflow/example_dags/example_time_delta_sensor_async.py for tasks to queue
[2025-09-18T10:01:16.511+0000] {logging_mixin.py:188} INFO - [2025-09-18T10:01:16.510+0000] {dagbag.py:538} INFO - Filling up the DagBag from /home/airflow/.local/lib/python3.8/site-packages/airflow/example_dags/example_time_delta_sensor_async.py
[2025-09-18T10:01:16.520+0000] {processor.py:840} INFO - DAG(s) 'example_time_delta_sensor_async' retrieved from /home/airflow/.local/lib/python3.8/site-packages/airflow/example_dags/example_time_delta_sensor_async.py
[2025-09-18T10:01:16.554+0000] {logging_mixin.py:188} INFO - [2025-09-18T10:01:16.554+0000] {dag.py:3036} INFO - Sync 1 DAGs
[2025-09-18T10:01:16.578+0000] {logging_mixin.py:188} INFO - [2025-09-18T10:01:16.577+0000] {dag.py:3823} INFO - Setting next_dagrun for example_time_delta_sensor_async to None, run_after=None
[2025-09-18T10:01:16.627+0000] {processor.py:183} INFO - Processing /home/airflow/.local/lib/python3.8/site-packages/airflow/example_dags/example_time_delta_sensor_async.py took 0.129 seconds
[2025-09-18T10:01:47.526+0000] {processor.py:161} INFO - Started process (PID=915) to work on /home/airflow/.local/lib/python3.8/site-packages/airflow/example_dags/example_time_delta_sensor_async.py
[2025-09-18T10:01:47.528+0000] {processor.py:830} INFO - Processing file /home/airflow/.local/lib/python3.8/site-packages/airflow/example_dags/example_time_delta_sensor_async.py for tasks to queue
[2025-09-18T10:01:47.532+0000] {logging_mixin.py:188} INFO - [2025-09-18T10:01:47.531+0000] {dagbag.py:538} INFO - Filling up the DagBag from /home/airflow/.local/lib/python3.8/site-packages/airflow/example_dags/example_time_delta_sensor_async.py
[2025-09-18T10:01:47.543+0000] {processor.py:840} INFO - DAG(s) 'example_time_delta_sensor_async' retrieved from /home/airflow/.local/lib/python3.8/site-packages/airflow/example_dags/example_time_delta_sensor_async.py
[2025-09-18T10:01:47.581+0000] {logging_mixin.py:188} INFO - [2025-09-18T10:01:47.580+0000] {dag.py:3036} INFO - Sync 1 DAGs
[2025-09-18T10:01:47.608+0000] {logging_mixin.py:188} INFO - [2025-09-18T10:01:47.608+0000] {dag.py:3823} INFO - Setting next_dagrun for example_time_delta_sensor_async to None, run_after=None
[2025-09-18T10:01:47.648+0000] {processor.py:183} INFO - Processing /home/airflow/.local/lib/python3.8/site-packages/airflow/example_dags/example_time_delta_sensor_async.py took 0.131 seconds
[2025-09-18T10:02:17.880+0000] {processor.py:161} INFO - Started process (PID=970) to work on /home/airflow/.local/lib/python3.8/site-packages/airflow/example_dags/example_time_delta_sensor_async.py
[2025-09-18T10:02:17.884+0000] {processor.py:830} INFO - Processing file /home/airflow/.local/lib/python3.8/site-packages/airflow/example_dags/example_time_delta_sensor_async.py for tasks to queue
[2025-09-18T10:02:17.890+0000] {logging_mixin.py:188} INFO - [2025-09-18T10:02:17.889+0000] {dagbag.py:538} INFO - Filling up the DagBag from /home/airflow/.local/lib/python3.8/site-packages/airflow/example_dags/example_time_delta_sensor_async.py
[2025-09-18T10:02:17.899+0000] {processor.py:840} INFO - DAG(s) 'example_time_delta_sensor_async' retrieved from /home/airflow/.local/lib/python3.8/site-packages/airflow/example_dags/example_time_delta_sensor_async.py
[2025-09-18T10:02:17.943+0000] {logging_mixin.py:188} INFO - [2025-09-18T10:02:17.942+0000] {dag.py:3036} INFO - Sync 1 DAGs
[2025-09-18T10:02:17.970+0000] {logging_mixin.py:188} INFO - [2025-09-18T10:02:17.969+0000] {dag.py:3823} INFO - Setting next_dagrun for example_time_delta_sensor_async to None, run_after=None
[2025-09-18T10:02:18.012+0000] {processor.py:183} INFO - Processing /home/airflow/.local/lib/python3.8/site-packages/airflow/example_dags/example_time_delta_sensor_async.py took 0.140 seconds
[2025-09-18T10:02:48.544+0000] {processor.py:161} INFO - Started process (PID=1025) to work on /home/airflow/.local/lib/python3.8/site-packages/airflow/example_dags/example_time_delta_sensor_async.py
[2025-09-18T10:02:48.547+0000] {processor.py:830} INFO - Processing file /home/airflow/.local/lib/python3.8/site-packages/airflow/example_dags/example_time_delta_sensor_async.py for tasks to queue
[2025-09-18T10:02:48.551+0000] {logging_mixin.py:188} INFO - [2025-09-18T10:02:48.551+0000] {dagbag.py:538} INFO - Filling up the DagBag from /home/airflow/.local/lib/python3.8/site-packages/airflow/example_dags/example_time_delta_sensor_async.py
[2025-09-18T10:02:48.560+0000] {processor.py:840} INFO - DAG(s) 'example_time_delta_sensor_async' retrieved from /home/airflow/.local/lib/python3.8/site-packages/airflow/example_dags/example_time_delta_sensor_async.py
[2025-09-18T10:02:48.602+0000] {logging_mixin.py:188} INFO - [2025-09-18T10:02:48.601+0000] {dag.py:3036} INFO - Sync 1 DAGs
[2025-09-18T10:02:48.628+0000] {logging_mixin.py:188} INFO - [2025-09-18T10:02:48.628+0000] {dag.py:3823} INFO - Setting next_dagrun for example_time_delta_sensor_async to None, run_after=None
[2025-09-18T10:02:48.669+0000] {processor.py:183} INFO - Processing /home/airflow/.local/lib/python3.8/site-packages/airflow/example_dags/example_time_delta_sensor_async.py took 0.132 seconds
[2025-09-18T10:03:19.221+0000] {processor.py:161} INFO - Started process (PID=1080) to work on /home/airflow/.local/lib/python3.8/site-packages/airflow/example_dags/example_time_delta_sensor_async.py
[2025-09-18T10:03:19.223+0000] {processor.py:830} INFO - Processing file /home/airflow/.local/lib/python3.8/site-packages/airflow/example_dags/example_time_delta_sensor_async.py for tasks to queue
[2025-09-18T10:03:19.227+0000] {logging_mixin.py:188} INFO - [2025-09-18T10:03:19.226+0000] {dagbag.py:538} INFO - Filling up the DagBag from /home/airflow/.local/lib/python3.8/site-packages/airflow/example_dags/example_time_delta_sensor_async.py
[2025-09-18T10:03:19.236+0000] {processor.py:840} INFO - DAG(s) 'example_time_delta_sensor_async' retrieved from /home/airflow/.local/lib/python3.8/site-packages/airflow/example_dags/example_time_delta_sensor_async.py
[2025-09-18T10:03:19.279+0000] {logging_mixin.py:188} INFO - [2025-09-18T10:03:19.278+0000] {dag.py:3036} INFO - Sync 1 DAGs
[2025-09-18T10:03:19.302+0000] {logging_mixin.py:188} INFO - [2025-09-18T10:03:19.301+0000] {dag.py:3823} INFO - Setting next_dagrun for example_time_delta_sensor_async to None, run_after=None
[2025-09-18T10:03:19.340+0000] {processor.py:183} INFO - Processing /home/airflow/.local/lib/python3.8/site-packages/airflow/example_dags/example_time_delta_sensor_async.py took 0.125 seconds
[2025-09-18T10:03:49.716+0000] {processor.py:161} INFO - Started process (PID=1135) to work on /home/airflow/.local/lib/python3.8/site-packages/airflow/example_dags/example_time_delta_sensor_async.py
[2025-09-18T10:03:49.717+0000] {processor.py:830} INFO - Processing file /home/airflow/.local/lib/python3.8/site-packages/airflow/example_dags/example_time_delta_sensor_async.py for tasks to queue
[2025-09-18T10:03:49.721+0000] {logging_mixin.py:188} INFO - [2025-09-18T10:03:49.721+0000] {dagbag.py:538} INFO - Filling up the DagBag from /home/airflow/.local/lib/python3.8/site-packages/airflow/example_dags/example_time_delta_sensor_async.py
[2025-09-18T10:03:49.730+0000] {processor.py:840} INFO - DAG(s) 'example_time_delta_sensor_async' retrieved from /home/airflow/.local/lib/python3.8/site-packages/airflow/example_dags/example_time_delta_sensor_async.py
[2025-09-18T10:03:49.768+0000] {logging_mixin.py:188} INFO - [2025-09-18T10:03:49.768+0000] {dag.py:3036} INFO - Sync 1 DAGs
[2025-09-18T10:03:49.793+0000] {logging_mixin.py:188} INFO - [2025-09-18T10:03:49.793+0000] {dag.py:3823} INFO - Setting next_dagrun for example_time_delta_sensor_async to None, run_after=None
[2025-09-18T10:03:49.828+0000] {processor.py:183} INFO - Processing /home/airflow/.local/lib/python3.8/site-packages/airflow/example_dags/example_time_delta_sensor_async.py took 0.117 seconds
[2025-09-18T10:04:20.061+0000] {processor.py:161} INFO - Started process (PID=1190) to work on /home/airflow/.local/lib/python3.8/site-packages/airflow/example_dags/example_time_delta_sensor_async.py
[2025-09-18T10:04:20.063+0000] {processor.py:830} INFO - Processing file /home/airflow/.local/lib/python3.8/site-packages/airflow/example_dags/example_time_delta_sensor_async.py for tasks to queue
[2025-09-18T10:04:20.068+0000] {logging_mixin.py:188} INFO - [2025-09-18T10:04:20.067+0000] {dagbag.py:538} INFO - Filling up the DagBag from /home/airflow/.local/lib/python3.8/site-packages/airflow/example_dags/example_time_delta_sensor_async.py
[2025-09-18T10:04:20.078+0000] {processor.py:840} INFO - DAG(s) 'example_time_delta_sensor_async' retrieved from /home/airflow/.local/lib/python3.8/site-packages/airflow/example_dags/example_time_delta_sensor_async.py
[2025-09-18T10:04:20.116+0000] {logging_mixin.py:188} INFO - [2025-09-18T10:04:20.115+0000] {dag.py:3036} INFO - Sync 1 DAGs
[2025-09-18T10:04:20.141+0000] {logging_mixin.py:188} INFO - [2025-09-18T10:04:20.141+0000] {dag.py:3823} INFO - Setting next_dagrun for example_time_delta_sensor_async to None, run_after=None
[2025-09-18T10:04:20.179+0000] {processor.py:183} INFO - Processing /home/airflow/.local/lib/python3.8/site-packages/airflow/example_dags/example_time_delta_sensor_async.py took 0.128 seconds
[2025-09-18T10:04:50.505+0000] {processor.py:161} INFO - Started process (PID=1245) to work on /home/airflow/.local/lib/python3.8/site-packages/airflow/example_dags/example_time_delta_sensor_async.py
[2025-09-18T10:04:50.506+0000] {processor.py:830} INFO - Processing file /home/airflow/.local/lib/python3.8/site-packages/airflow/example_dags/example_time_delta_sensor_async.py for tasks to queue
[2025-09-18T10:04:50.511+0000] {logging_mixin.py:188} INFO - [2025-09-18T10:04:50.510+0000] {dagbag.py:538} INFO - Filling up the DagBag from /home/airflow/.local/lib/python3.8/site-packages/airflow/example_dags/example_time_delta_sensor_async.py
[2025-09-18T10:04:50.519+0000] {processor.py:840} INFO - DAG(s) 'example_time_delta_sensor_async' retrieved from /home/airflow/.local/lib/python3.8/site-packages/airflow/example_dags/example_time_delta_sensor_async.py
[2025-09-18T10:04:50.559+0000] {logging_mixin.py:188} INFO - [2025-09-18T10:04:50.559+0000] {dag.py:3036} INFO - Sync 1 DAGs
[2025-09-18T10:04:50.585+0000] {logging_mixin.py:188} INFO - [2025-09-18T10:04:50.585+0000] {dag.py:3823} INFO - Setting next_dagrun for example_time_delta_sensor_async to None, run_after=None
[2025-09-18T10:04:50.630+0000] {processor.py:183} INFO - Processing /home/airflow/.local/lib/python3.8/site-packages/airflow/example_dags/example_time_delta_sensor_async.py took 0.132 seconds
[2025-09-18T10:05:21.291+0000] {processor.py:161} INFO - Started process (PID=1300) to work on /home/airflow/.local/lib/python3.8/site-packages/airflow/example_dags/example_time_delta_sensor_async.py
[2025-09-18T10:05:21.293+0000] {processor.py:830} INFO - Processing file /home/airflow/.local/lib/python3.8/site-packages/airflow/example_dags/example_time_delta_sensor_async.py for tasks to queue
[2025-09-18T10:05:21.296+0000] {logging_mixin.py:188} INFO - [2025-09-18T10:05:21.295+0000] {dagbag.py:538} INFO - Filling up the DagBag from /home/airflow/.local/lib/python3.8/site-packages/airflow/example_dags/example_time_delta_sensor_async.py
[2025-09-18T10:05:21.307+0000] {processor.py:840} INFO - DAG(s) 'example_time_delta_sensor_async' retrieved from /home/airflow/.local/lib/python3.8/site-packages/airflow/example_dags/example_time_delta_sensor_async.py
[2025-09-18T10:05:21.345+0000] {logging_mixin.py:188} INFO - [2025-09-18T10:05:21.344+0000] {dag.py:3036} INFO - Sync 1 DAGs
[2025-09-18T10:05:21.371+0000] {logging_mixin.py:188} INFO - [2025-09-18T10:05:21.370+0000] {dag.py:3823} INFO - Setting next_dagrun for example_time_delta_sensor_async to None, run_after=None
[2025-09-18T10:05:21.408+0000] {processor.py:183} INFO - Processing /home/airflow/.local/lib/python3.8/site-packages/airflow/example_dags/example_time_delta_sensor_async.py took 0.123 seconds
