[2025-09-18T07:36:25.176+0000] {processor.py:161} INFO - Started process (PID=66) to work on /home/airflow/.local/lib/python3.8/site-packages/airflow/example_dags/example_short_circuit_decorator.py
[2025-09-18T07:36:25.179+0000] {processor.py:830} INFO - Processing file /home/airflow/.local/lib/python3.8/site-packages/airflow/example_dags/example_short_circuit_decorator.py for tasks to queue
[2025-09-18T07:36:25.184+0000] {logging_mixin.py:188} INFO - [2025-09-18T07:36:25.183+0000] {dagbag.py:538} INFO - Filling up the DagBag from /home/airflow/.local/lib/python3.8/site-packages/airflow/example_dags/example_short_circuit_decorator.py
[2025-09-18T07:36:25.222+0000] {processor.py:840} INFO - DAG(s) 'example_short_circuit_decorator' retrieved from /home/airflow/.local/lib/python3.8/site-packages/airflow/example_dags/example_short_circuit_decorator.py
[2025-09-18T07:36:25.497+0000] {logging_mixin.py:188} INFO - [2025-09-18T07:36:25.496+0000] {override.py:1769} INFO - Created Permission View: can read on DAG:example_short_circuit_decorator
[2025-09-18T07:36:25.522+0000] {logging_mixin.py:188} INFO - [2025-09-18T07:36:25.521+0000] {override.py:1769} INFO - Created Permission View: can delete on DAG:example_short_circuit_decorator
[2025-09-18T07:36:25.538+0000] {logging_mixin.py:188} INFO - [2025-09-18T07:36:25.537+0000] {override.py:1769} INFO - Created Permission View: can edit on DAG:example_short_circuit_decorator
[2025-09-18T07:36:25.539+0000] {logging_mixin.py:188} INFO - [2025-09-18T07:36:25.539+0000] {dag.py:3036} INFO - Sync 1 DAGs
[2025-09-18T07:36:25.561+0000] {logging_mixin.py:188} INFO - [2025-09-18T07:36:25.561+0000] {dag.py:3058} INFO - Creating ORM DAG for example_short_circuit_decorator
[2025-09-18T07:36:25.586+0000] {logging_mixin.py:188} INFO - [2025-09-18T07:36:25.585+0000] {dag.py:3823} INFO - Setting next_dagrun for example_short_circuit_decorator to 2025-09-17 00:00:00+00:00, run_after=2025-09-18 00:00:00+00:00
[2025-09-18T07:36:25.621+0000] {processor.py:183} INFO - Processing /home/airflow/.local/lib/python3.8/site-packages/airflow/example_dags/example_short_circuit_decorator.py took 0.454 seconds
[2025-09-18T07:36:55.858+0000] {processor.py:161} INFO - Started process (PID=121) to work on /home/airflow/.local/lib/python3.8/site-packages/airflow/example_dags/example_short_circuit_decorator.py
[2025-09-18T07:36:55.860+0000] {processor.py:830} INFO - Processing file /home/airflow/.local/lib/python3.8/site-packages/airflow/example_dags/example_short_circuit_decorator.py for tasks to queue
[2025-09-18T07:36:55.865+0000] {logging_mixin.py:188} INFO - [2025-09-18T07:36:55.864+0000] {dagbag.py:538} INFO - Filling up the DagBag from /home/airflow/.local/lib/python3.8/site-packages/airflow/example_dags/example_short_circuit_decorator.py
[2025-09-18T07:36:55.890+0000] {processor.py:840} INFO - DAG(s) 'example_short_circuit_decorator' retrieved from /home/airflow/.local/lib/python3.8/site-packages/airflow/example_dags/example_short_circuit_decorator.py
[2025-09-18T07:36:55.950+0000] {logging_mixin.py:188} INFO - [2025-09-18T07:36:55.950+0000] {dag.py:3036} INFO - Sync 1 DAGs
[2025-09-18T07:36:56.004+0000] {logging_mixin.py:188} INFO - [2025-09-18T07:36:56.003+0000] {dag.py:3823} INFO - Setting next_dagrun for example_short_circuit_decorator to 2025-09-17 00:00:00+00:00, run_after=2025-09-18 00:00:00+00:00
[2025-09-18T07:36:56.044+0000] {processor.py:183} INFO - Processing /home/airflow/.local/lib/python3.8/site-packages/airflow/example_dags/example_short_circuit_decorator.py took 0.194 seconds
[2025-09-18T07:37:26.592+0000] {processor.py:161} INFO - Started process (PID=176) to work on /home/airflow/.local/lib/python3.8/site-packages/airflow/example_dags/example_short_circuit_decorator.py
[2025-09-18T07:37:26.595+0000] {processor.py:830} INFO - Processing file /home/airflow/.local/lib/python3.8/site-packages/airflow/example_dags/example_short_circuit_decorator.py for tasks to queue
[2025-09-18T07:37:26.605+0000] {logging_mixin.py:188} INFO - [2025-09-18T07:37:26.604+0000] {dagbag.py:538} INFO - Filling up the DagBag from /home/airflow/.local/lib/python3.8/site-packages/airflow/example_dags/example_short_circuit_decorator.py
[2025-09-18T07:37:26.629+0000] {processor.py:840} INFO - DAG(s) 'example_short_circuit_decorator' retrieved from /home/airflow/.local/lib/python3.8/site-packages/airflow/example_dags/example_short_circuit_decorator.py
[2025-09-18T07:37:26.712+0000] {logging_mixin.py:188} INFO - [2025-09-18T07:37:26.712+0000] {dag.py:3036} INFO - Sync 1 DAGs
[2025-09-18T07:37:26.819+0000] {logging_mixin.py:188} INFO - [2025-09-18T07:37:26.818+0000] {dag.py:3823} INFO - Setting next_dagrun for example_short_circuit_decorator to 2025-09-17 00:00:00+00:00, run_after=2025-09-18 00:00:00+00:00
[2025-09-18T07:37:26.879+0000] {processor.py:183} INFO - Processing /home/airflow/.local/lib/python3.8/site-packages/airflow/example_dags/example_short_circuit_decorator.py took 0.297 seconds
[2025-09-18T07:37:57.636+0000] {processor.py:161} INFO - Started process (PID=231) to work on /home/airflow/.local/lib/python3.8/site-packages/airflow/example_dags/example_short_circuit_decorator.py
[2025-09-18T07:37:57.638+0000] {processor.py:830} INFO - Processing file /home/airflow/.local/lib/python3.8/site-packages/airflow/example_dags/example_short_circuit_decorator.py for tasks to queue
[2025-09-18T07:37:57.641+0000] {logging_mixin.py:188} INFO - [2025-09-18T07:37:57.641+0000] {dagbag.py:538} INFO - Filling up the DagBag from /home/airflow/.local/lib/python3.8/site-packages/airflow/example_dags/example_short_circuit_decorator.py
[2025-09-18T07:37:57.658+0000] {processor.py:840} INFO - DAG(s) 'example_short_circuit_decorator' retrieved from /home/airflow/.local/lib/python3.8/site-packages/airflow/example_dags/example_short_circuit_decorator.py
[2025-09-18T07:37:57.699+0000] {logging_mixin.py:188} INFO - [2025-09-18T07:37:57.699+0000] {dag.py:3036} INFO - Sync 1 DAGs
[2025-09-18T07:37:57.739+0000] {logging_mixin.py:188} INFO - [2025-09-18T07:37:57.738+0000] {dag.py:3823} INFO - Setting next_dagrun for example_short_circuit_decorator to 2025-09-17 00:00:00+00:00, run_after=2025-09-18 00:00:00+00:00
[2025-09-18T07:37:57.781+0000] {processor.py:183} INFO - Processing /home/airflow/.local/lib/python3.8/site-packages/airflow/example_dags/example_short_circuit_decorator.py took 0.150 seconds
[2025-09-18T07:38:27.855+0000] {processor.py:161} INFO - Started process (PID=286) to work on /home/airflow/.local/lib/python3.8/site-packages/airflow/example_dags/example_short_circuit_decorator.py
[2025-09-18T07:38:27.858+0000] {processor.py:830} INFO - Processing file /home/airflow/.local/lib/python3.8/site-packages/airflow/example_dags/example_short_circuit_decorator.py for tasks to queue
[2025-09-18T07:38:27.862+0000] {logging_mixin.py:188} INFO - [2025-09-18T07:38:27.861+0000] {dagbag.py:538} INFO - Filling up the DagBag from /home/airflow/.local/lib/python3.8/site-packages/airflow/example_dags/example_short_circuit_decorator.py
[2025-09-18T07:38:27.888+0000] {processor.py:840} INFO - DAG(s) 'example_short_circuit_decorator' retrieved from /home/airflow/.local/lib/python3.8/site-packages/airflow/example_dags/example_short_circuit_decorator.py
[2025-09-18T07:38:27.944+0000] {logging_mixin.py:188} INFO - [2025-09-18T07:38:27.944+0000] {dag.py:3036} INFO - Sync 1 DAGs
[2025-09-18T07:38:28.002+0000] {logging_mixin.py:188} INFO - [2025-09-18T07:38:28.002+0000] {dag.py:3823} INFO - Setting next_dagrun for example_short_circuit_decorator to 2025-09-17 00:00:00+00:00, run_after=2025-09-18 00:00:00+00:00
[2025-09-18T07:38:28.048+0000] {processor.py:183} INFO - Processing /home/airflow/.local/lib/python3.8/site-packages/airflow/example_dags/example_short_circuit_decorator.py took 0.201 seconds
[2025-09-18T07:38:58.245+0000] {processor.py:161} INFO - Started process (PID=340) to work on /home/airflow/.local/lib/python3.8/site-packages/airflow/example_dags/example_short_circuit_decorator.py
[2025-09-18T07:38:58.247+0000] {processor.py:830} INFO - Processing file /home/airflow/.local/lib/python3.8/site-packages/airflow/example_dags/example_short_circuit_decorator.py for tasks to queue
[2025-09-18T07:38:58.251+0000] {logging_mixin.py:188} INFO - [2025-09-18T07:38:58.250+0000] {dagbag.py:538} INFO - Filling up the DagBag from /home/airflow/.local/lib/python3.8/site-packages/airflow/example_dags/example_short_circuit_decorator.py
[2025-09-18T07:38:58.267+0000] {processor.py:840} INFO - DAG(s) 'example_short_circuit_decorator' retrieved from /home/airflow/.local/lib/python3.8/site-packages/airflow/example_dags/example_short_circuit_decorator.py
[2025-09-18T07:38:58.309+0000] {logging_mixin.py:188} INFO - [2025-09-18T07:38:58.309+0000] {dag.py:3036} INFO - Sync 1 DAGs
[2025-09-18T07:38:58.349+0000] {logging_mixin.py:188} INFO - [2025-09-18T07:38:58.348+0000] {dag.py:3823} INFO - Setting next_dagrun for example_short_circuit_decorator to 2025-09-17 00:00:00+00:00, run_after=2025-09-18 00:00:00+00:00
[2025-09-18T07:38:58.382+0000] {processor.py:183} INFO - Processing /home/airflow/.local/lib/python3.8/site-packages/airflow/example_dags/example_short_circuit_decorator.py took 0.143 seconds
[2025-09-18T07:39:28.851+0000] {processor.py:161} INFO - Started process (PID=395) to work on /home/airflow/.local/lib/python3.8/site-packages/airflow/example_dags/example_short_circuit_decorator.py
[2025-09-18T07:39:28.853+0000] {processor.py:830} INFO - Processing file /home/airflow/.local/lib/python3.8/site-packages/airflow/example_dags/example_short_circuit_decorator.py for tasks to queue
[2025-09-18T07:39:28.857+0000] {logging_mixin.py:188} INFO - [2025-09-18T07:39:28.857+0000] {dagbag.py:538} INFO - Filling up the DagBag from /home/airflow/.local/lib/python3.8/site-packages/airflow/example_dags/example_short_circuit_decorator.py
[2025-09-18T07:39:28.881+0000] {processor.py:840} INFO - DAG(s) 'example_short_circuit_decorator' retrieved from /home/airflow/.local/lib/python3.8/site-packages/airflow/example_dags/example_short_circuit_decorator.py
[2025-09-18T07:39:28.938+0000] {logging_mixin.py:188} INFO - [2025-09-18T07:39:28.937+0000] {dag.py:3036} INFO - Sync 1 DAGs
[2025-09-18T07:39:28.991+0000] {logging_mixin.py:188} INFO - [2025-09-18T07:39:28.990+0000] {dag.py:3823} INFO - Setting next_dagrun for example_short_circuit_decorator to 2025-09-17 00:00:00+00:00, run_after=2025-09-18 00:00:00+00:00
[2025-09-18T07:39:29.037+0000] {processor.py:183} INFO - Processing /home/airflow/.local/lib/python3.8/site-packages/airflow/example_dags/example_short_circuit_decorator.py took 0.195 seconds
[2025-09-18T07:39:59.889+0000] {processor.py:161} INFO - Started process (PID=450) to work on /home/airflow/.local/lib/python3.8/site-packages/airflow/example_dags/example_short_circuit_decorator.py
[2025-09-18T07:39:59.891+0000] {processor.py:830} INFO - Processing file /home/airflow/.local/lib/python3.8/site-packages/airflow/example_dags/example_short_circuit_decorator.py for tasks to queue
[2025-09-18T07:39:59.895+0000] {logging_mixin.py:188} INFO - [2025-09-18T07:39:59.894+0000] {dagbag.py:538} INFO - Filling up the DagBag from /home/airflow/.local/lib/python3.8/site-packages/airflow/example_dags/example_short_circuit_decorator.py
[2025-09-18T07:39:59.913+0000] {processor.py:840} INFO - DAG(s) 'example_short_circuit_decorator' retrieved from /home/airflow/.local/lib/python3.8/site-packages/airflow/example_dags/example_short_circuit_decorator.py
[2025-09-18T07:39:59.959+0000] {logging_mixin.py:188} INFO - [2025-09-18T07:39:59.959+0000] {dag.py:3036} INFO - Sync 1 DAGs
[2025-09-18T07:39:59.999+0000] {logging_mixin.py:188} INFO - [2025-09-18T07:39:59.999+0000] {dag.py:3823} INFO - Setting next_dagrun for example_short_circuit_decorator to 2025-09-17 00:00:00+00:00, run_after=2025-09-18 00:00:00+00:00
[2025-09-18T07:40:00.387+0000] {processor.py:183} INFO - Processing /home/airflow/.local/lib/python3.8/site-packages/airflow/example_dags/example_short_circuit_decorator.py took 0.503 seconds
[2025-09-18T07:40:30.988+0000] {processor.py:161} INFO - Started process (PID=506) to work on /home/airflow/.local/lib/python3.8/site-packages/airflow/example_dags/example_short_circuit_decorator.py
[2025-09-18T07:40:30.990+0000] {processor.py:830} INFO - Processing file /home/airflow/.local/lib/python3.8/site-packages/airflow/example_dags/example_short_circuit_decorator.py for tasks to queue
[2025-09-18T07:40:30.994+0000] {logging_mixin.py:188} INFO - [2025-09-18T07:40:30.993+0000] {dagbag.py:538} INFO - Filling up the DagBag from /home/airflow/.local/lib/python3.8/site-packages/airflow/example_dags/example_short_circuit_decorator.py
[2025-09-18T07:40:31.010+0000] {processor.py:840} INFO - DAG(s) 'example_short_circuit_decorator' retrieved from /home/airflow/.local/lib/python3.8/site-packages/airflow/example_dags/example_short_circuit_decorator.py
[2025-09-18T07:40:31.054+0000] {logging_mixin.py:188} INFO - [2025-09-18T07:40:31.053+0000] {dag.py:3036} INFO - Sync 1 DAGs
[2025-09-18T07:40:31.094+0000] {logging_mixin.py:188} INFO - [2025-09-18T07:40:31.093+0000] {dag.py:3823} INFO - Setting next_dagrun for example_short_circuit_decorator to 2025-09-17 00:00:00+00:00, run_after=2025-09-18 00:00:00+00:00
[2025-09-18T07:40:31.128+0000] {processor.py:183} INFO - Processing /home/airflow/.local/lib/python3.8/site-packages/airflow/example_dags/example_short_circuit_decorator.py took 0.146 seconds
[2025-09-18T07:41:01.720+0000] {processor.py:161} INFO - Started process (PID=561) to work on /home/airflow/.local/lib/python3.8/site-packages/airflow/example_dags/example_short_circuit_decorator.py
[2025-09-18T07:41:01.725+0000] {processor.py:830} INFO - Processing file /home/airflow/.local/lib/python3.8/site-packages/airflow/example_dags/example_short_circuit_decorator.py for tasks to queue
[2025-09-18T07:41:01.729+0000] {logging_mixin.py:188} INFO - [2025-09-18T07:41:01.729+0000] {dagbag.py:538} INFO - Filling up the DagBag from /home/airflow/.local/lib/python3.8/site-packages/airflow/example_dags/example_short_circuit_decorator.py
[2025-09-18T07:41:01.760+0000] {processor.py:840} INFO - DAG(s) 'example_short_circuit_decorator' retrieved from /home/airflow/.local/lib/python3.8/site-packages/airflow/example_dags/example_short_circuit_decorator.py
[2025-09-18T07:41:01.826+0000] {logging_mixin.py:188} INFO - [2025-09-18T07:41:01.826+0000] {dag.py:3036} INFO - Sync 1 DAGs
[2025-09-18T07:41:01.902+0000] {logging_mixin.py:188} INFO - [2025-09-18T07:41:01.901+0000] {dag.py:3823} INFO - Setting next_dagrun for example_short_circuit_decorator to 2025-09-17 00:00:00+00:00, run_after=2025-09-18 00:00:00+00:00
[2025-09-18T07:41:01.979+0000] {processor.py:183} INFO - Processing /home/airflow/.local/lib/python3.8/site-packages/airflow/example_dags/example_short_circuit_decorator.py took 0.273 seconds
[2025-09-18T07:41:32.611+0000] {processor.py:161} INFO - Started process (PID=616) to work on /home/airflow/.local/lib/python3.8/site-packages/airflow/example_dags/example_short_circuit_decorator.py
[2025-09-18T07:41:32.613+0000] {processor.py:830} INFO - Processing file /home/airflow/.local/lib/python3.8/site-packages/airflow/example_dags/example_short_circuit_decorator.py for tasks to queue
[2025-09-18T07:41:32.618+0000] {logging_mixin.py:188} INFO - [2025-09-18T07:41:32.617+0000] {dagbag.py:538} INFO - Filling up the DagBag from /home/airflow/.local/lib/python3.8/site-packages/airflow/example_dags/example_short_circuit_decorator.py
[2025-09-18T07:41:32.645+0000] {processor.py:840} INFO - DAG(s) 'example_short_circuit_decorator' retrieved from /home/airflow/.local/lib/python3.8/site-packages/airflow/example_dags/example_short_circuit_decorator.py
[2025-09-18T07:41:32.701+0000] {logging_mixin.py:188} INFO - [2025-09-18T07:41:32.701+0000] {dag.py:3036} INFO - Sync 1 DAGs
[2025-09-18T07:41:32.765+0000] {logging_mixin.py:188} INFO - [2025-09-18T07:41:32.765+0000] {dag.py:3823} INFO - Setting next_dagrun for example_short_circuit_decorator to 2025-09-17 00:00:00+00:00, run_after=2025-09-18 00:00:00+00:00
[2025-09-18T07:41:32.816+0000] {processor.py:183} INFO - Processing /home/airflow/.local/lib/python3.8/site-packages/airflow/example_dags/example_short_circuit_decorator.py took 0.213 seconds
[2025-09-18T07:42:03.568+0000] {processor.py:161} INFO - Started process (PID=671) to work on /home/airflow/.local/lib/python3.8/site-packages/airflow/example_dags/example_short_circuit_decorator.py
[2025-09-18T07:42:03.570+0000] {processor.py:830} INFO - Processing file /home/airflow/.local/lib/python3.8/site-packages/airflow/example_dags/example_short_circuit_decorator.py for tasks to queue
[2025-09-18T07:42:03.574+0000] {logging_mixin.py:188} INFO - [2025-09-18T07:42:03.573+0000] {dagbag.py:538} INFO - Filling up the DagBag from /home/airflow/.local/lib/python3.8/site-packages/airflow/example_dags/example_short_circuit_decorator.py
[2025-09-18T07:42:03.597+0000] {processor.py:840} INFO - DAG(s) 'example_short_circuit_decorator' retrieved from /home/airflow/.local/lib/python3.8/site-packages/airflow/example_dags/example_short_circuit_decorator.py
[2025-09-18T07:42:03.646+0000] {logging_mixin.py:188} INFO - [2025-09-18T07:42:03.645+0000] {dag.py:3036} INFO - Sync 1 DAGs
[2025-09-18T07:42:03.698+0000] {logging_mixin.py:188} INFO - [2025-09-18T07:42:03.697+0000] {dag.py:3823} INFO - Setting next_dagrun for example_short_circuit_decorator to 2025-09-17 00:00:00+00:00, run_after=2025-09-18 00:00:00+00:00
[2025-09-18T07:42:03.741+0000] {processor.py:183} INFO - Processing /home/airflow/.local/lib/python3.8/site-packages/airflow/example_dags/example_short_circuit_decorator.py took 0.181 seconds
[2025-09-18T07:42:34.296+0000] {processor.py:161} INFO - Started process (PID=726) to work on /home/airflow/.local/lib/python3.8/site-packages/airflow/example_dags/example_short_circuit_decorator.py
[2025-09-18T07:42:34.297+0000] {processor.py:830} INFO - Processing file /home/airflow/.local/lib/python3.8/site-packages/airflow/example_dags/example_short_circuit_decorator.py for tasks to queue
[2025-09-18T07:42:34.301+0000] {logging_mixin.py:188} INFO - [2025-09-18T07:42:34.301+0000] {dagbag.py:538} INFO - Filling up the DagBag from /home/airflow/.local/lib/python3.8/site-packages/airflow/example_dags/example_short_circuit_decorator.py
[2025-09-18T07:42:34.323+0000] {processor.py:840} INFO - DAG(s) 'example_short_circuit_decorator' retrieved from /home/airflow/.local/lib/python3.8/site-packages/airflow/example_dags/example_short_circuit_decorator.py
[2025-09-18T07:42:34.373+0000] {logging_mixin.py:188} INFO - [2025-09-18T07:42:34.373+0000] {dag.py:3036} INFO - Sync 1 DAGs
[2025-09-18T07:42:34.424+0000] {logging_mixin.py:188} INFO - [2025-09-18T07:42:34.423+0000] {dag.py:3823} INFO - Setting next_dagrun for example_short_circuit_decorator to 2025-09-17 00:00:00+00:00, run_after=2025-09-18 00:00:00+00:00
[2025-09-18T07:42:34.462+0000] {processor.py:183} INFO - Processing /home/airflow/.local/lib/python3.8/site-packages/airflow/example_dags/example_short_circuit_decorator.py took 0.173 seconds
[2025-09-18T07:43:05.166+0000] {processor.py:161} INFO - Started process (PID=781) to work on /home/airflow/.local/lib/python3.8/site-packages/airflow/example_dags/example_short_circuit_decorator.py
[2025-09-18T07:43:05.168+0000] {processor.py:830} INFO - Processing file /home/airflow/.local/lib/python3.8/site-packages/airflow/example_dags/example_short_circuit_decorator.py for tasks to queue
[2025-09-18T07:43:05.172+0000] {logging_mixin.py:188} INFO - [2025-09-18T07:43:05.172+0000] {dagbag.py:538} INFO - Filling up the DagBag from /home/airflow/.local/lib/python3.8/site-packages/airflow/example_dags/example_short_circuit_decorator.py
[2025-09-18T07:43:05.191+0000] {processor.py:840} INFO - DAG(s) 'example_short_circuit_decorator' retrieved from /home/airflow/.local/lib/python3.8/site-packages/airflow/example_dags/example_short_circuit_decorator.py
[2025-09-18T07:43:05.234+0000] {logging_mixin.py:188} INFO - [2025-09-18T07:43:05.234+0000] {dag.py:3036} INFO - Sync 1 DAGs
[2025-09-18T07:43:05.283+0000] {logging_mixin.py:188} INFO - [2025-09-18T07:43:05.283+0000] {dag.py:3823} INFO - Setting next_dagrun for example_short_circuit_decorator to 2025-09-17 00:00:00+00:00, run_after=2025-09-18 00:00:00+00:00
[2025-09-18T07:43:05.318+0000] {processor.py:183} INFO - Processing /home/airflow/.local/lib/python3.8/site-packages/airflow/example_dags/example_short_circuit_decorator.py took 0.160 seconds
[2025-09-18T07:43:36.075+0000] {processor.py:161} INFO - Started process (PID=836) to work on /home/airflow/.local/lib/python3.8/site-packages/airflow/example_dags/example_short_circuit_decorator.py
[2025-09-18T07:43:36.080+0000] {processor.py:830} INFO - Processing file /home/airflow/.local/lib/python3.8/site-packages/airflow/example_dags/example_short_circuit_decorator.py for tasks to queue
[2025-09-18T07:43:36.085+0000] {logging_mixin.py:188} INFO - [2025-09-18T07:43:36.084+0000] {dagbag.py:538} INFO - Filling up the DagBag from /home/airflow/.local/lib/python3.8/site-packages/airflow/example_dags/example_short_circuit_decorator.py
[2025-09-18T07:43:36.118+0000] {processor.py:840} INFO - DAG(s) 'example_short_circuit_decorator' retrieved from /home/airflow/.local/lib/python3.8/site-packages/airflow/example_dags/example_short_circuit_decorator.py
[2025-09-18T07:43:36.182+0000] {logging_mixin.py:188} INFO - [2025-09-18T07:43:36.182+0000] {dag.py:3036} INFO - Sync 1 DAGs
[2025-09-18T07:43:36.236+0000] {logging_mixin.py:188} INFO - [2025-09-18T07:43:36.235+0000] {dag.py:3823} INFO - Setting next_dagrun for example_short_circuit_decorator to 2025-09-17 00:00:00+00:00, run_after=2025-09-18 00:00:00+00:00
[2025-09-18T07:43:36.283+0000] {processor.py:183} INFO - Processing /home/airflow/.local/lib/python3.8/site-packages/airflow/example_dags/example_short_circuit_decorator.py took 0.218 seconds
[2025-09-18T07:44:06.522+0000] {processor.py:161} INFO - Started process (PID=891) to work on /home/airflow/.local/lib/python3.8/site-packages/airflow/example_dags/example_short_circuit_decorator.py
[2025-09-18T07:44:06.524+0000] {processor.py:830} INFO - Processing file /home/airflow/.local/lib/python3.8/site-packages/airflow/example_dags/example_short_circuit_decorator.py for tasks to queue
[2025-09-18T07:44:06.528+0000] {logging_mixin.py:188} INFO - [2025-09-18T07:44:06.527+0000] {dagbag.py:538} INFO - Filling up the DagBag from /home/airflow/.local/lib/python3.8/site-packages/airflow/example_dags/example_short_circuit_decorator.py
[2025-09-18T07:44:06.547+0000] {processor.py:840} INFO - DAG(s) 'example_short_circuit_decorator' retrieved from /home/airflow/.local/lib/python3.8/site-packages/airflow/example_dags/example_short_circuit_decorator.py
[2025-09-18T07:44:06.599+0000] {logging_mixin.py:188} INFO - [2025-09-18T07:44:06.598+0000] {dag.py:3036} INFO - Sync 1 DAGs
[2025-09-18T07:44:06.649+0000] {logging_mixin.py:188} INFO - [2025-09-18T07:44:06.649+0000] {dag.py:3823} INFO - Setting next_dagrun for example_short_circuit_decorator to 2025-09-17 00:00:00+00:00, run_after=2025-09-18 00:00:00+00:00
[2025-09-18T07:44:06.697+0000] {processor.py:183} INFO - Processing /home/airflow/.local/lib/python3.8/site-packages/airflow/example_dags/example_short_circuit_decorator.py took 0.182 seconds
[2025-09-18T07:44:37.172+0000] {processor.py:161} INFO - Started process (PID=946) to work on /home/airflow/.local/lib/python3.8/site-packages/airflow/example_dags/example_short_circuit_decorator.py
[2025-09-18T07:44:37.174+0000] {processor.py:830} INFO - Processing file /home/airflow/.local/lib/python3.8/site-packages/airflow/example_dags/example_short_circuit_decorator.py for tasks to queue
[2025-09-18T07:44:37.178+0000] {logging_mixin.py:188} INFO - [2025-09-18T07:44:37.177+0000] {dagbag.py:538} INFO - Filling up the DagBag from /home/airflow/.local/lib/python3.8/site-packages/airflow/example_dags/example_short_circuit_decorator.py
[2025-09-18T07:44:37.195+0000] {processor.py:840} INFO - DAG(s) 'example_short_circuit_decorator' retrieved from /home/airflow/.local/lib/python3.8/site-packages/airflow/example_dags/example_short_circuit_decorator.py
[2025-09-18T07:44:37.235+0000] {logging_mixin.py:188} INFO - [2025-09-18T07:44:37.235+0000] {dag.py:3036} INFO - Sync 1 DAGs
[2025-09-18T07:44:37.278+0000] {logging_mixin.py:188} INFO - [2025-09-18T07:44:37.277+0000] {dag.py:3823} INFO - Setting next_dagrun for example_short_circuit_decorator to 2025-09-17 00:00:00+00:00, run_after=2025-09-18 00:00:00+00:00
[2025-09-18T07:44:37.316+0000] {processor.py:183} INFO - Processing /home/airflow/.local/lib/python3.8/site-packages/airflow/example_dags/example_short_circuit_decorator.py took 0.150 seconds
[2025-09-18T07:45:08.167+0000] {processor.py:161} INFO - Started process (PID=1001) to work on /home/airflow/.local/lib/python3.8/site-packages/airflow/example_dags/example_short_circuit_decorator.py
[2025-09-18T07:45:08.169+0000] {processor.py:830} INFO - Processing file /home/airflow/.local/lib/python3.8/site-packages/airflow/example_dags/example_short_circuit_decorator.py for tasks to queue
[2025-09-18T07:45:08.173+0000] {logging_mixin.py:188} INFO - [2025-09-18T07:45:08.172+0000] {dagbag.py:538} INFO - Filling up the DagBag from /home/airflow/.local/lib/python3.8/site-packages/airflow/example_dags/example_short_circuit_decorator.py
[2025-09-18T07:45:08.196+0000] {processor.py:840} INFO - DAG(s) 'example_short_circuit_decorator' retrieved from /home/airflow/.local/lib/python3.8/site-packages/airflow/example_dags/example_short_circuit_decorator.py
[2025-09-18T07:45:08.254+0000] {logging_mixin.py:188} INFO - [2025-09-18T07:45:08.253+0000] {dag.py:3036} INFO - Sync 1 DAGs
[2025-09-18T07:45:08.313+0000] {logging_mixin.py:188} INFO - [2025-09-18T07:45:08.313+0000] {dag.py:3823} INFO - Setting next_dagrun for example_short_circuit_decorator to 2025-09-17 00:00:00+00:00, run_after=2025-09-18 00:00:00+00:00
[2025-09-18T07:45:08.362+0000] {processor.py:183} INFO - Processing /home/airflow/.local/lib/python3.8/site-packages/airflow/example_dags/example_short_circuit_decorator.py took 0.201 seconds
[2025-09-18T07:45:38.734+0000] {processor.py:161} INFO - Started process (PID=1056) to work on /home/airflow/.local/lib/python3.8/site-packages/airflow/example_dags/example_short_circuit_decorator.py
[2025-09-18T07:45:38.736+0000] {processor.py:830} INFO - Processing file /home/airflow/.local/lib/python3.8/site-packages/airflow/example_dags/example_short_circuit_decorator.py for tasks to queue
[2025-09-18T07:45:38.743+0000] {logging_mixin.py:188} INFO - [2025-09-18T07:45:38.742+0000] {dagbag.py:538} INFO - Filling up the DagBag from /home/airflow/.local/lib/python3.8/site-packages/airflow/example_dags/example_short_circuit_decorator.py
[2025-09-18T07:45:38.766+0000] {processor.py:840} INFO - DAG(s) 'example_short_circuit_decorator' retrieved from /home/airflow/.local/lib/python3.8/site-packages/airflow/example_dags/example_short_circuit_decorator.py
[2025-09-18T07:45:38.812+0000] {logging_mixin.py:188} INFO - [2025-09-18T07:45:38.812+0000] {dag.py:3036} INFO - Sync 1 DAGs
[2025-09-18T07:45:38.858+0000] {logging_mixin.py:188} INFO - [2025-09-18T07:45:38.858+0000] {dag.py:3823} INFO - Setting next_dagrun for example_short_circuit_decorator to 2025-09-17 00:00:00+00:00, run_after=2025-09-18 00:00:00+00:00
[2025-09-18T07:45:38.894+0000] {processor.py:183} INFO - Processing /home/airflow/.local/lib/python3.8/site-packages/airflow/example_dags/example_short_circuit_decorator.py took 0.168 seconds
[2025-09-18T07:46:09.547+0000] {processor.py:161} INFO - Started process (PID=1111) to work on /home/airflow/.local/lib/python3.8/site-packages/airflow/example_dags/example_short_circuit_decorator.py
[2025-09-18T07:46:09.549+0000] {processor.py:830} INFO - Processing file /home/airflow/.local/lib/python3.8/site-packages/airflow/example_dags/example_short_circuit_decorator.py for tasks to queue
[2025-09-18T07:46:09.553+0000] {logging_mixin.py:188} INFO - [2025-09-18T07:46:09.552+0000] {dagbag.py:538} INFO - Filling up the DagBag from /home/airflow/.local/lib/python3.8/site-packages/airflow/example_dags/example_short_circuit_decorator.py
[2025-09-18T07:46:09.569+0000] {processor.py:840} INFO - DAG(s) 'example_short_circuit_decorator' retrieved from /home/airflow/.local/lib/python3.8/site-packages/airflow/example_dags/example_short_circuit_decorator.py
[2025-09-18T07:46:09.612+0000] {logging_mixin.py:188} INFO - [2025-09-18T07:46:09.612+0000] {dag.py:3036} INFO - Sync 1 DAGs
[2025-09-18T07:46:09.654+0000] {logging_mixin.py:188} INFO - [2025-09-18T07:46:09.653+0000] {dag.py:3823} INFO - Setting next_dagrun for example_short_circuit_decorator to 2025-09-17 00:00:00+00:00, run_after=2025-09-18 00:00:00+00:00
[2025-09-18T07:46:09.705+0000] {processor.py:183} INFO - Processing /home/airflow/.local/lib/python3.8/site-packages/airflow/example_dags/example_short_circuit_decorator.py took 0.164 seconds
[2025-09-18T07:46:40.157+0000] {processor.py:161} INFO - Started process (PID=1172) to work on /home/airflow/.local/lib/python3.8/site-packages/airflow/example_dags/example_short_circuit_decorator.py
[2025-09-18T07:46:40.159+0000] {processor.py:830} INFO - Processing file /home/airflow/.local/lib/python3.8/site-packages/airflow/example_dags/example_short_circuit_decorator.py for tasks to queue
[2025-09-18T07:46:40.164+0000] {logging_mixin.py:188} INFO - [2025-09-18T07:46:40.163+0000] {dagbag.py:538} INFO - Filling up the DagBag from /home/airflow/.local/lib/python3.8/site-packages/airflow/example_dags/example_short_circuit_decorator.py
[2025-09-18T07:46:40.191+0000] {processor.py:840} INFO - DAG(s) 'example_short_circuit_decorator' retrieved from /home/airflow/.local/lib/python3.8/site-packages/airflow/example_dags/example_short_circuit_decorator.py
[2025-09-18T07:46:40.250+0000] {logging_mixin.py:188} INFO - [2025-09-18T07:46:40.250+0000] {dag.py:3036} INFO - Sync 1 DAGs
[2025-09-18T07:46:40.313+0000] {logging_mixin.py:188} INFO - [2025-09-18T07:46:40.313+0000] {dag.py:3823} INFO - Setting next_dagrun for example_short_circuit_decorator to 2025-09-17 00:00:00+00:00, run_after=2025-09-18 00:00:00+00:00
[2025-09-18T07:46:40.360+0000] {processor.py:183} INFO - Processing /home/airflow/.local/lib/python3.8/site-packages/airflow/example_dags/example_short_circuit_decorator.py took 0.209 seconds
[2025-09-18T07:47:10.934+0000] {processor.py:161} INFO - Started process (PID=1227) to work on /home/airflow/.local/lib/python3.8/site-packages/airflow/example_dags/example_short_circuit_decorator.py
[2025-09-18T07:47:10.936+0000] {processor.py:830} INFO - Processing file /home/airflow/.local/lib/python3.8/site-packages/airflow/example_dags/example_short_circuit_decorator.py for tasks to queue
[2025-09-18T07:47:10.940+0000] {logging_mixin.py:188} INFO - [2025-09-18T07:47:10.940+0000] {dagbag.py:538} INFO - Filling up the DagBag from /home/airflow/.local/lib/python3.8/site-packages/airflow/example_dags/example_short_circuit_decorator.py
[2025-09-18T07:47:10.957+0000] {processor.py:840} INFO - DAG(s) 'example_short_circuit_decorator' retrieved from /home/airflow/.local/lib/python3.8/site-packages/airflow/example_dags/example_short_circuit_decorator.py
[2025-09-18T07:47:10.998+0000] {logging_mixin.py:188} INFO - [2025-09-18T07:47:10.998+0000] {dag.py:3036} INFO - Sync 1 DAGs
[2025-09-18T07:47:11.040+0000] {logging_mixin.py:188} INFO - [2025-09-18T07:47:11.039+0000] {dag.py:3823} INFO - Setting next_dagrun for example_short_circuit_decorator to 2025-09-17 00:00:00+00:00, run_after=2025-09-18 00:00:00+00:00
[2025-09-18T07:47:11.074+0000] {processor.py:183} INFO - Processing /home/airflow/.local/lib/python3.8/site-packages/airflow/example_dags/example_short_circuit_decorator.py took 0.145 seconds
[2025-09-18T07:47:41.604+0000] {processor.py:161} INFO - Started process (PID=1283) to work on /home/airflow/.local/lib/python3.8/site-packages/airflow/example_dags/example_short_circuit_decorator.py
[2025-09-18T07:47:41.607+0000] {processor.py:830} INFO - Processing file /home/airflow/.local/lib/python3.8/site-packages/airflow/example_dags/example_short_circuit_decorator.py for tasks to queue
[2025-09-18T07:47:41.611+0000] {logging_mixin.py:188} INFO - [2025-09-18T07:47:41.611+0000] {dagbag.py:538} INFO - Filling up the DagBag from /home/airflow/.local/lib/python3.8/site-packages/airflow/example_dags/example_short_circuit_decorator.py
[2025-09-18T07:47:41.634+0000] {processor.py:840} INFO - DAG(s) 'example_short_circuit_decorator' retrieved from /home/airflow/.local/lib/python3.8/site-packages/airflow/example_dags/example_short_circuit_decorator.py
[2025-09-18T07:47:41.691+0000] {logging_mixin.py:188} INFO - [2025-09-18T07:47:41.691+0000] {dag.py:3036} INFO - Sync 1 DAGs
[2025-09-18T07:47:41.754+0000] {logging_mixin.py:188} INFO - [2025-09-18T07:47:41.753+0000] {dag.py:3823} INFO - Setting next_dagrun for example_short_circuit_decorator to 2025-09-17 00:00:00+00:00, run_after=2025-09-18 00:00:00+00:00
[2025-09-18T07:47:41.796+0000] {processor.py:183} INFO - Processing /home/airflow/.local/lib/python3.8/site-packages/airflow/example_dags/example_short_circuit_decorator.py took 0.203 seconds
[2025-09-18T07:48:12.106+0000] {processor.py:161} INFO - Started process (PID=1338) to work on /home/airflow/.local/lib/python3.8/site-packages/airflow/example_dags/example_short_circuit_decorator.py
[2025-09-18T07:48:12.108+0000] {processor.py:830} INFO - Processing file /home/airflow/.local/lib/python3.8/site-packages/airflow/example_dags/example_short_circuit_decorator.py for tasks to queue
[2025-09-18T07:48:12.113+0000] {logging_mixin.py:188} INFO - [2025-09-18T07:48:12.112+0000] {dagbag.py:538} INFO - Filling up the DagBag from /home/airflow/.local/lib/python3.8/site-packages/airflow/example_dags/example_short_circuit_decorator.py
[2025-09-18T07:48:12.133+0000] {processor.py:840} INFO - DAG(s) 'example_short_circuit_decorator' retrieved from /home/airflow/.local/lib/python3.8/site-packages/airflow/example_dags/example_short_circuit_decorator.py
[2025-09-18T07:48:12.179+0000] {logging_mixin.py:188} INFO - [2025-09-18T07:48:12.178+0000] {dag.py:3036} INFO - Sync 1 DAGs
[2025-09-18T07:48:12.225+0000] {logging_mixin.py:188} INFO - [2025-09-18T07:48:12.225+0000] {dag.py:3823} INFO - Setting next_dagrun for example_short_circuit_decorator to 2025-09-17 00:00:00+00:00, run_after=2025-09-18 00:00:00+00:00
[2025-09-18T07:48:12.293+0000] {processor.py:183} INFO - Processing /home/airflow/.local/lib/python3.8/site-packages/airflow/example_dags/example_short_circuit_decorator.py took 0.193 seconds
[2025-09-18T07:56:47.177+0000] {processor.py:161} INFO - Started process (PID=65) to work on /home/airflow/.local/lib/python3.8/site-packages/airflow/example_dags/example_short_circuit_decorator.py
[2025-09-18T07:56:47.185+0000] {processor.py:830} INFO - Processing file /home/airflow/.local/lib/python3.8/site-packages/airflow/example_dags/example_short_circuit_decorator.py for tasks to queue
[2025-09-18T07:56:47.190+0000] {logging_mixin.py:188} INFO - [2025-09-18T07:56:47.189+0000] {dagbag.py:538} INFO - Filling up the DagBag from /home/airflow/.local/lib/python3.8/site-packages/airflow/example_dags/example_short_circuit_decorator.py
[2025-09-18T07:56:47.221+0000] {processor.py:840} INFO - DAG(s) 'example_short_circuit_decorator' retrieved from /home/airflow/.local/lib/python3.8/site-packages/airflow/example_dags/example_short_circuit_decorator.py
[2025-09-18T07:56:47.593+0000] {logging_mixin.py:188} INFO - [2025-09-18T07:56:47.591+0000] {override.py:1769} INFO - Created Permission View: can edit on DAG:example_short_circuit_decorator
[2025-09-18T07:56:47.626+0000] {logging_mixin.py:188} INFO - [2025-09-18T07:56:47.626+0000] {override.py:1769} INFO - Created Permission View: can read on DAG:example_short_circuit_decorator
[2025-09-18T07:56:47.648+0000] {logging_mixin.py:188} INFO - [2025-09-18T07:56:47.647+0000] {override.py:1769} INFO - Created Permission View: can delete on DAG:example_short_circuit_decorator
[2025-09-18T07:56:47.660+0000] {logging_mixin.py:188} INFO - [2025-09-18T07:56:47.649+0000] {dag.py:3036} INFO - Sync 1 DAGs
[2025-09-18T07:56:47.707+0000] {logging_mixin.py:188} INFO - [2025-09-18T07:56:47.707+0000] {dag.py:3058} INFO - Creating ORM DAG for example_short_circuit_decorator
[2025-09-18T07:56:47.749+0000] {logging_mixin.py:188} INFO - [2025-09-18T07:56:47.749+0000] {dag.py:3823} INFO - Setting next_dagrun for example_short_circuit_decorator to 2025-09-17 00:00:00+00:00, run_after=2025-09-18 00:00:00+00:00
[2025-09-18T07:56:47.827+0000] {processor.py:183} INFO - Processing /home/airflow/.local/lib/python3.8/site-packages/airflow/example_dags/example_short_circuit_decorator.py took 0.657 seconds
[2025-09-18T07:57:24.003+0000] {processor.py:161} INFO - Started process (PID=120) to work on /home/airflow/.local/lib/python3.8/site-packages/airflow/example_dags/example_short_circuit_decorator.py
[2025-09-18T07:57:24.006+0000] {processor.py:830} INFO - Processing file /home/airflow/.local/lib/python3.8/site-packages/airflow/example_dags/example_short_circuit_decorator.py for tasks to queue
[2025-09-18T07:57:24.010+0000] {logging_mixin.py:188} INFO - [2025-09-18T07:57:24.009+0000] {dagbag.py:538} INFO - Filling up the DagBag from /home/airflow/.local/lib/python3.8/site-packages/airflow/example_dags/example_short_circuit_decorator.py
[2025-09-18T07:57:24.039+0000] {processor.py:840} INFO - DAG(s) 'example_short_circuit_decorator' retrieved from /home/airflow/.local/lib/python3.8/site-packages/airflow/example_dags/example_short_circuit_decorator.py
[2025-09-18T07:57:24.113+0000] {logging_mixin.py:188} INFO - [2025-09-18T07:57:24.113+0000] {dag.py:3036} INFO - Sync 1 DAGs
[2025-09-18T07:57:24.197+0000] {logging_mixin.py:188} INFO - [2025-09-18T07:57:24.196+0000] {dag.py:3823} INFO - Setting next_dagrun for example_short_circuit_decorator to 2025-09-17 00:00:00+00:00, run_after=2025-09-18 00:00:00+00:00
[2025-09-18T07:57:24.247+0000] {processor.py:183} INFO - Processing /home/airflow/.local/lib/python3.8/site-packages/airflow/example_dags/example_short_circuit_decorator.py took 0.252 seconds
[2025-09-18T07:57:54.954+0000] {processor.py:161} INFO - Started process (PID=176) to work on /home/airflow/.local/lib/python3.8/site-packages/airflow/example_dags/example_short_circuit_decorator.py
[2025-09-18T07:57:54.968+0000] {processor.py:830} INFO - Processing file /home/airflow/.local/lib/python3.8/site-packages/airflow/example_dags/example_short_circuit_decorator.py for tasks to queue
[2025-09-18T07:57:54.975+0000] {logging_mixin.py:188} INFO - [2025-09-18T07:57:54.973+0000] {dagbag.py:538} INFO - Filling up the DagBag from /home/airflow/.local/lib/python3.8/site-packages/airflow/example_dags/example_short_circuit_decorator.py
[2025-09-18T07:57:55.010+0000] {processor.py:840} INFO - DAG(s) 'example_short_circuit_decorator' retrieved from /home/airflow/.local/lib/python3.8/site-packages/airflow/example_dags/example_short_circuit_decorator.py
[2025-09-18T07:57:55.059+0000] {logging_mixin.py:188} INFO - [2025-09-18T07:57:55.058+0000] {dag.py:3036} INFO - Sync 1 DAGs
[2025-09-18T07:57:55.105+0000] {logging_mixin.py:188} INFO - [2025-09-18T07:57:55.104+0000] {dag.py:3823} INFO - Setting next_dagrun for example_short_circuit_decorator to 2025-09-17 00:00:00+00:00, run_after=2025-09-18 00:00:00+00:00
[2025-09-18T07:57:55.143+0000] {processor.py:183} INFO - Processing /home/airflow/.local/lib/python3.8/site-packages/airflow/example_dags/example_short_circuit_decorator.py took 0.197 seconds
[2025-09-18T09:46:51.344+0000] {processor.py:161} INFO - Started process (PID=65) to work on /home/airflow/.local/lib/python3.8/site-packages/airflow/example_dags/example_short_circuit_decorator.py
[2025-09-18T09:46:51.346+0000] {processor.py:830} INFO - Processing file /home/airflow/.local/lib/python3.8/site-packages/airflow/example_dags/example_short_circuit_decorator.py for tasks to queue
[2025-09-18T09:46:51.350+0000] {logging_mixin.py:188} INFO - [2025-09-18T09:46:51.350+0000] {dagbag.py:538} INFO - Filling up the DagBag from /home/airflow/.local/lib/python3.8/site-packages/airflow/example_dags/example_short_circuit_decorator.py
[2025-09-18T09:46:51.378+0000] {processor.py:840} INFO - DAG(s) 'example_short_circuit_decorator' retrieved from /home/airflow/.local/lib/python3.8/site-packages/airflow/example_dags/example_short_circuit_decorator.py
[2025-09-18T09:46:51.573+0000] {logging_mixin.py:188} INFO - [2025-09-18T09:46:51.572+0000] {override.py:1769} INFO - Created Permission View: can delete on DAG:example_short_circuit_decorator
[2025-09-18T09:46:51.592+0000] {logging_mixin.py:188} INFO - [2025-09-18T09:46:51.592+0000] {override.py:1769} INFO - Created Permission View: can edit on DAG:example_short_circuit_decorator
[2025-09-18T09:46:51.606+0000] {logging_mixin.py:188} INFO - [2025-09-18T09:46:51.605+0000] {override.py:1769} INFO - Created Permission View: can read on DAG:example_short_circuit_decorator
[2025-09-18T09:46:51.607+0000] {logging_mixin.py:188} INFO - [2025-09-18T09:46:51.607+0000] {dag.py:3036} INFO - Sync 1 DAGs
[2025-09-18T09:46:51.627+0000] {logging_mixin.py:188} INFO - [2025-09-18T09:46:51.627+0000] {dag.py:3058} INFO - Creating ORM DAG for example_short_circuit_decorator
[2025-09-18T09:46:51.651+0000] {logging_mixin.py:188} INFO - [2025-09-18T09:46:51.651+0000] {dag.py:3823} INFO - Setting next_dagrun for example_short_circuit_decorator to 2025-09-17 00:00:00+00:00, run_after=2025-09-18 00:00:00+00:00
[2025-09-18T09:46:51.690+0000] {processor.py:183} INFO - Processing /home/airflow/.local/lib/python3.8/site-packages/airflow/example_dags/example_short_circuit_decorator.py took 0.352 seconds
[2025-09-18T09:47:22.065+0000] {processor.py:161} INFO - Started process (PID=120) to work on /home/airflow/.local/lib/python3.8/site-packages/airflow/example_dags/example_short_circuit_decorator.py
[2025-09-18T09:47:22.068+0000] {processor.py:830} INFO - Processing file /home/airflow/.local/lib/python3.8/site-packages/airflow/example_dags/example_short_circuit_decorator.py for tasks to queue
[2025-09-18T09:47:22.071+0000] {logging_mixin.py:188} INFO - [2025-09-18T09:47:22.070+0000] {dagbag.py:538} INFO - Filling up the DagBag from /home/airflow/.local/lib/python3.8/site-packages/airflow/example_dags/example_short_circuit_decorator.py
[2025-09-18T09:47:22.095+0000] {processor.py:840} INFO - DAG(s) 'example_short_circuit_decorator' retrieved from /home/airflow/.local/lib/python3.8/site-packages/airflow/example_dags/example_short_circuit_decorator.py
[2025-09-18T09:47:22.140+0000] {logging_mixin.py:188} INFO - [2025-09-18T09:47:22.140+0000] {dag.py:3036} INFO - Sync 1 DAGs
[2025-09-18T09:47:22.193+0000] {logging_mixin.py:188} INFO - [2025-09-18T09:47:22.193+0000] {dag.py:3823} INFO - Setting next_dagrun for example_short_circuit_decorator to 2025-09-17 00:00:00+00:00, run_after=2025-09-18 00:00:00+00:00
[2025-09-18T09:47:22.231+0000] {processor.py:183} INFO - Processing /home/airflow/.local/lib/python3.8/site-packages/airflow/example_dags/example_short_circuit_decorator.py took 0.173 seconds
[2025-09-18T09:47:52.593+0000] {processor.py:161} INFO - Started process (PID=175) to work on /home/airflow/.local/lib/python3.8/site-packages/airflow/example_dags/example_short_circuit_decorator.py
[2025-09-18T09:47:52.598+0000] {processor.py:830} INFO - Processing file /home/airflow/.local/lib/python3.8/site-packages/airflow/example_dags/example_short_circuit_decorator.py for tasks to queue
[2025-09-18T09:47:52.606+0000] {logging_mixin.py:188} INFO - [2025-09-18T09:47:52.605+0000] {dagbag.py:538} INFO - Filling up the DagBag from /home/airflow/.local/lib/python3.8/site-packages/airflow/example_dags/example_short_circuit_decorator.py
[2025-09-18T09:47:52.633+0000] {processor.py:840} INFO - DAG(s) 'example_short_circuit_decorator' retrieved from /home/airflow/.local/lib/python3.8/site-packages/airflow/example_dags/example_short_circuit_decorator.py
[2025-09-18T09:47:52.686+0000] {logging_mixin.py:188} INFO - [2025-09-18T09:47:52.685+0000] {dag.py:3036} INFO - Sync 1 DAGs
[2025-09-18T09:47:52.743+0000] {logging_mixin.py:188} INFO - [2025-09-18T09:47:52.743+0000] {dag.py:3823} INFO - Setting next_dagrun for example_short_circuit_decorator to 2025-09-17 00:00:00+00:00, run_after=2025-09-18 00:00:00+00:00
[2025-09-18T09:47:52.782+0000] {processor.py:183} INFO - Processing /home/airflow/.local/lib/python3.8/site-packages/airflow/example_dags/example_short_circuit_decorator.py took 0.198 seconds
[2025-09-18T09:48:23.053+0000] {processor.py:161} INFO - Started process (PID=230) to work on /home/airflow/.local/lib/python3.8/site-packages/airflow/example_dags/example_short_circuit_decorator.py
[2025-09-18T09:48:23.055+0000] {processor.py:830} INFO - Processing file /home/airflow/.local/lib/python3.8/site-packages/airflow/example_dags/example_short_circuit_decorator.py for tasks to queue
[2025-09-18T09:48:23.058+0000] {logging_mixin.py:188} INFO - [2025-09-18T09:48:23.058+0000] {dagbag.py:538} INFO - Filling up the DagBag from /home/airflow/.local/lib/python3.8/site-packages/airflow/example_dags/example_short_circuit_decorator.py
[2025-09-18T09:48:23.075+0000] {processor.py:840} INFO - DAG(s) 'example_short_circuit_decorator' retrieved from /home/airflow/.local/lib/python3.8/site-packages/airflow/example_dags/example_short_circuit_decorator.py
[2025-09-18T09:48:23.118+0000] {logging_mixin.py:188} INFO - [2025-09-18T09:48:23.117+0000] {dag.py:3036} INFO - Sync 1 DAGs
[2025-09-18T09:48:23.164+0000] {logging_mixin.py:188} INFO - [2025-09-18T09:48:23.164+0000] {dag.py:3823} INFO - Setting next_dagrun for example_short_circuit_decorator to 2025-09-17 00:00:00+00:00, run_after=2025-09-18 00:00:00+00:00
[2025-09-18T09:48:23.201+0000] {processor.py:183} INFO - Processing /home/airflow/.local/lib/python3.8/site-packages/airflow/example_dags/example_short_circuit_decorator.py took 0.154 seconds
[2025-09-18T09:48:53.604+0000] {processor.py:161} INFO - Started process (PID=285) to work on /home/airflow/.local/lib/python3.8/site-packages/airflow/example_dags/example_short_circuit_decorator.py
[2025-09-18T09:48:53.607+0000] {processor.py:830} INFO - Processing file /home/airflow/.local/lib/python3.8/site-packages/airflow/example_dags/example_short_circuit_decorator.py for tasks to queue
[2025-09-18T09:48:53.618+0000] {logging_mixin.py:188} INFO - [2025-09-18T09:48:53.615+0000] {dagbag.py:538} INFO - Filling up the DagBag from /home/airflow/.local/lib/python3.8/site-packages/airflow/example_dags/example_short_circuit_decorator.py
[2025-09-18T09:48:53.639+0000] {processor.py:840} INFO - DAG(s) 'example_short_circuit_decorator' retrieved from /home/airflow/.local/lib/python3.8/site-packages/airflow/example_dags/example_short_circuit_decorator.py
[2025-09-18T09:48:53.685+0000] {logging_mixin.py:188} INFO - [2025-09-18T09:48:53.684+0000] {dag.py:3036} INFO - Sync 1 DAGs
[2025-09-18T09:48:53.736+0000] {logging_mixin.py:188} INFO - [2025-09-18T09:48:53.736+0000] {dag.py:3823} INFO - Setting next_dagrun for example_short_circuit_decorator to 2025-09-17 00:00:00+00:00, run_after=2025-09-18 00:00:00+00:00
[2025-09-18T09:48:53.792+0000] {processor.py:183} INFO - Processing /home/airflow/.local/lib/python3.8/site-packages/airflow/example_dags/example_short_circuit_decorator.py took 0.205 seconds
[2025-09-18T09:49:24.553+0000] {processor.py:161} INFO - Started process (PID=340) to work on /home/airflow/.local/lib/python3.8/site-packages/airflow/example_dags/example_short_circuit_decorator.py
[2025-09-18T09:49:24.555+0000] {processor.py:830} INFO - Processing file /home/airflow/.local/lib/python3.8/site-packages/airflow/example_dags/example_short_circuit_decorator.py for tasks to queue
[2025-09-18T09:49:24.559+0000] {logging_mixin.py:188} INFO - [2025-09-18T09:49:24.558+0000] {dagbag.py:538} INFO - Filling up the DagBag from /home/airflow/.local/lib/python3.8/site-packages/airflow/example_dags/example_short_circuit_decorator.py
[2025-09-18T09:49:24.576+0000] {processor.py:840} INFO - DAG(s) 'example_short_circuit_decorator' retrieved from /home/airflow/.local/lib/python3.8/site-packages/airflow/example_dags/example_short_circuit_decorator.py
[2025-09-18T09:49:24.618+0000] {logging_mixin.py:188} INFO - [2025-09-18T09:49:24.617+0000] {dag.py:3036} INFO - Sync 1 DAGs
[2025-09-18T09:49:24.660+0000] {logging_mixin.py:188} INFO - [2025-09-18T09:49:24.660+0000] {dag.py:3823} INFO - Setting next_dagrun for example_short_circuit_decorator to 2025-09-17 00:00:00+00:00, run_after=2025-09-18 00:00:00+00:00
[2025-09-18T09:49:24.700+0000] {processor.py:183} INFO - Processing /home/airflow/.local/lib/python3.8/site-packages/airflow/example_dags/example_short_circuit_decorator.py took 0.152 seconds
[2025-09-18T09:49:55.595+0000] {processor.py:161} INFO - Started process (PID=395) to work on /home/airflow/.local/lib/python3.8/site-packages/airflow/example_dags/example_short_circuit_decorator.py
[2025-09-18T09:49:55.600+0000] {processor.py:830} INFO - Processing file /home/airflow/.local/lib/python3.8/site-packages/airflow/example_dags/example_short_circuit_decorator.py for tasks to queue
[2025-09-18T09:49:55.605+0000] {logging_mixin.py:188} INFO - [2025-09-18T09:49:55.605+0000] {dagbag.py:538} INFO - Filling up the DagBag from /home/airflow/.local/lib/python3.8/site-packages/airflow/example_dags/example_short_circuit_decorator.py
[2025-09-18T09:49:55.643+0000] {processor.py:840} INFO - DAG(s) 'example_short_circuit_decorator' retrieved from /home/airflow/.local/lib/python3.8/site-packages/airflow/example_dags/example_short_circuit_decorator.py
[2025-09-18T09:49:55.714+0000] {logging_mixin.py:188} INFO - [2025-09-18T09:49:55.713+0000] {dag.py:3036} INFO - Sync 1 DAGs
[2025-09-18T09:49:55.764+0000] {logging_mixin.py:188} INFO - [2025-09-18T09:49:55.764+0000] {dag.py:3823} INFO - Setting next_dagrun for example_short_circuit_decorator to 2025-09-17 00:00:00+00:00, run_after=2025-09-18 00:00:00+00:00
[2025-09-18T09:49:55.817+0000] {processor.py:183} INFO - Processing /home/airflow/.local/lib/python3.8/site-packages/airflow/example_dags/example_short_circuit_decorator.py took 0.235 seconds
[2025-09-18T09:50:26.129+0000] {processor.py:161} INFO - Started process (PID=450) to work on /home/airflow/.local/lib/python3.8/site-packages/airflow/example_dags/example_short_circuit_decorator.py
[2025-09-18T09:50:26.131+0000] {processor.py:830} INFO - Processing file /home/airflow/.local/lib/python3.8/site-packages/airflow/example_dags/example_short_circuit_decorator.py for tasks to queue
[2025-09-18T09:50:26.135+0000] {logging_mixin.py:188} INFO - [2025-09-18T09:50:26.135+0000] {dagbag.py:538} INFO - Filling up the DagBag from /home/airflow/.local/lib/python3.8/site-packages/airflow/example_dags/example_short_circuit_decorator.py
[2025-09-18T09:50:26.156+0000] {processor.py:840} INFO - DAG(s) 'example_short_circuit_decorator' retrieved from /home/airflow/.local/lib/python3.8/site-packages/airflow/example_dags/example_short_circuit_decorator.py
[2025-09-18T09:50:26.204+0000] {logging_mixin.py:188} INFO - [2025-09-18T09:50:26.203+0000] {dag.py:3036} INFO - Sync 1 DAGs
[2025-09-18T09:50:26.246+0000] {logging_mixin.py:188} INFO - [2025-09-18T09:50:26.246+0000] {dag.py:3823} INFO - Setting next_dagrun for example_short_circuit_decorator to 2025-09-17 00:00:00+00:00, run_after=2025-09-18 00:00:00+00:00
[2025-09-18T09:50:26.284+0000] {processor.py:183} INFO - Processing /home/airflow/.local/lib/python3.8/site-packages/airflow/example_dags/example_short_circuit_decorator.py took 0.161 seconds
[2025-09-18T09:50:56.773+0000] {processor.py:161} INFO - Started process (PID=505) to work on /home/airflow/.local/lib/python3.8/site-packages/airflow/example_dags/example_short_circuit_decorator.py
[2025-09-18T09:50:56.776+0000] {processor.py:830} INFO - Processing file /home/airflow/.local/lib/python3.8/site-packages/airflow/example_dags/example_short_circuit_decorator.py for tasks to queue
[2025-09-18T09:50:56.780+0000] {logging_mixin.py:188} INFO - [2025-09-18T09:50:56.780+0000] {dagbag.py:538} INFO - Filling up the DagBag from /home/airflow/.local/lib/python3.8/site-packages/airflow/example_dags/example_short_circuit_decorator.py
[2025-09-18T09:50:56.801+0000] {processor.py:840} INFO - DAG(s) 'example_short_circuit_decorator' retrieved from /home/airflow/.local/lib/python3.8/site-packages/airflow/example_dags/example_short_circuit_decorator.py
[2025-09-18T09:50:56.850+0000] {logging_mixin.py:188} INFO - [2025-09-18T09:50:56.850+0000] {dag.py:3036} INFO - Sync 1 DAGs
[2025-09-18T09:50:56.894+0000] {logging_mixin.py:188} INFO - [2025-09-18T09:50:56.893+0000] {dag.py:3823} INFO - Setting next_dagrun for example_short_circuit_decorator to 2025-09-17 00:00:00+00:00, run_after=2025-09-18 00:00:00+00:00
[2025-09-18T09:50:56.934+0000] {processor.py:183} INFO - Processing /home/airflow/.local/lib/python3.8/site-packages/airflow/example_dags/example_short_circuit_decorator.py took 0.166 seconds
[2025-09-18T09:54:01.866+0000] {processor.py:161} INFO - Started process (PID=66) to work on /home/airflow/.local/lib/python3.8/site-packages/airflow/example_dags/example_short_circuit_decorator.py
[2025-09-18T09:54:01.868+0000] {processor.py:830} INFO - Processing file /home/airflow/.local/lib/python3.8/site-packages/airflow/example_dags/example_short_circuit_decorator.py for tasks to queue
[2025-09-18T09:54:01.872+0000] {logging_mixin.py:188} INFO - [2025-09-18T09:54:01.871+0000] {dagbag.py:538} INFO - Filling up the DagBag from /home/airflow/.local/lib/python3.8/site-packages/airflow/example_dags/example_short_circuit_decorator.py
[2025-09-18T09:54:01.905+0000] {processor.py:840} INFO - DAG(s) 'example_short_circuit_decorator' retrieved from /home/airflow/.local/lib/python3.8/site-packages/airflow/example_dags/example_short_circuit_decorator.py
[2025-09-18T09:54:02.126+0000] {logging_mixin.py:188} INFO - [2025-09-18T09:54:02.125+0000] {override.py:1769} INFO - Created Permission View: can delete on DAG:example_short_circuit_decorator
[2025-09-18T09:54:02.149+0000] {logging_mixin.py:188} INFO - [2025-09-18T09:54:02.148+0000] {override.py:1769} INFO - Created Permission View: can edit on DAG:example_short_circuit_decorator
[2025-09-18T09:54:02.168+0000] {logging_mixin.py:188} INFO - [2025-09-18T09:54:02.167+0000] {override.py:1769} INFO - Created Permission View: can read on DAG:example_short_circuit_decorator
[2025-09-18T09:54:02.169+0000] {logging_mixin.py:188} INFO - [2025-09-18T09:54:02.169+0000] {dag.py:3036} INFO - Sync 1 DAGs
[2025-09-18T09:54:02.196+0000] {logging_mixin.py:188} INFO - [2025-09-18T09:54:02.196+0000] {dag.py:3058} INFO - Creating ORM DAG for example_short_circuit_decorator
[2025-09-18T09:54:02.220+0000] {logging_mixin.py:188} INFO - [2025-09-18T09:54:02.219+0000] {dag.py:3823} INFO - Setting next_dagrun for example_short_circuit_decorator to 2025-09-17 00:00:00+00:00, run_after=2025-09-18 00:00:00+00:00
[2025-09-18T09:54:02.257+0000] {processor.py:183} INFO - Processing /home/airflow/.local/lib/python3.8/site-packages/airflow/example_dags/example_short_circuit_decorator.py took 0.399 seconds
[2025-09-18T09:54:32.431+0000] {processor.py:161} INFO - Started process (PID=121) to work on /home/airflow/.local/lib/python3.8/site-packages/airflow/example_dags/example_short_circuit_decorator.py
[2025-09-18T09:54:32.433+0000] {processor.py:830} INFO - Processing file /home/airflow/.local/lib/python3.8/site-packages/airflow/example_dags/example_short_circuit_decorator.py for tasks to queue
[2025-09-18T09:54:32.437+0000] {logging_mixin.py:188} INFO - [2025-09-18T09:54:32.437+0000] {dagbag.py:538} INFO - Filling up the DagBag from /home/airflow/.local/lib/python3.8/site-packages/airflow/example_dags/example_short_circuit_decorator.py
[2025-09-18T09:54:32.456+0000] {processor.py:840} INFO - DAG(s) 'example_short_circuit_decorator' retrieved from /home/airflow/.local/lib/python3.8/site-packages/airflow/example_dags/example_short_circuit_decorator.py
[2025-09-18T09:54:32.498+0000] {logging_mixin.py:188} INFO - [2025-09-18T09:54:32.498+0000] {dag.py:3036} INFO - Sync 1 DAGs
[2025-09-18T09:54:32.538+0000] {logging_mixin.py:188} INFO - [2025-09-18T09:54:32.538+0000] {dag.py:3823} INFO - Setting next_dagrun for example_short_circuit_decorator to 2025-09-17 00:00:00+00:00, run_after=2025-09-18 00:00:00+00:00
[2025-09-18T09:54:32.573+0000] {processor.py:183} INFO - Processing /home/airflow/.local/lib/python3.8/site-packages/airflow/example_dags/example_short_circuit_decorator.py took 0.148 seconds
[2025-09-18T09:55:02.810+0000] {processor.py:161} INFO - Started process (PID=177) to work on /home/airflow/.local/lib/python3.8/site-packages/airflow/example_dags/example_short_circuit_decorator.py
[2025-09-18T09:55:02.812+0000] {processor.py:830} INFO - Processing file /home/airflow/.local/lib/python3.8/site-packages/airflow/example_dags/example_short_circuit_decorator.py for tasks to queue
[2025-09-18T09:55:02.817+0000] {logging_mixin.py:188} INFO - [2025-09-18T09:55:02.816+0000] {dagbag.py:538} INFO - Filling up the DagBag from /home/airflow/.local/lib/python3.8/site-packages/airflow/example_dags/example_short_circuit_decorator.py
[2025-09-18T09:55:02.837+0000] {processor.py:840} INFO - DAG(s) 'example_short_circuit_decorator' retrieved from /home/airflow/.local/lib/python3.8/site-packages/airflow/example_dags/example_short_circuit_decorator.py
[2025-09-18T09:55:02.881+0000] {logging_mixin.py:188} INFO - [2025-09-18T09:55:02.880+0000] {dag.py:3036} INFO - Sync 1 DAGs
[2025-09-18T09:55:02.923+0000] {logging_mixin.py:188} INFO - [2025-09-18T09:55:02.922+0000] {dag.py:3823} INFO - Setting next_dagrun for example_short_circuit_decorator to 2025-09-17 00:00:00+00:00, run_after=2025-09-18 00:00:00+00:00
[2025-09-18T09:55:02.959+0000] {processor.py:183} INFO - Processing /home/airflow/.local/lib/python3.8/site-packages/airflow/example_dags/example_short_circuit_decorator.py took 0.156 seconds
[2025-09-18T09:55:33.343+0000] {processor.py:161} INFO - Started process (PID=232) to work on /home/airflow/.local/lib/python3.8/site-packages/airflow/example_dags/example_short_circuit_decorator.py
[2025-09-18T09:55:33.346+0000] {processor.py:830} INFO - Processing file /home/airflow/.local/lib/python3.8/site-packages/airflow/example_dags/example_short_circuit_decorator.py for tasks to queue
[2025-09-18T09:55:33.352+0000] {logging_mixin.py:188} INFO - [2025-09-18T09:55:33.351+0000] {dagbag.py:538} INFO - Filling up the DagBag from /home/airflow/.local/lib/python3.8/site-packages/airflow/example_dags/example_short_circuit_decorator.py
[2025-09-18T09:55:33.379+0000] {processor.py:840} INFO - DAG(s) 'example_short_circuit_decorator' retrieved from /home/airflow/.local/lib/python3.8/site-packages/airflow/example_dags/example_short_circuit_decorator.py
[2025-09-18T09:55:33.445+0000] {logging_mixin.py:188} INFO - [2025-09-18T09:55:33.444+0000] {dag.py:3036} INFO - Sync 1 DAGs
[2025-09-18T09:55:33.493+0000] {logging_mixin.py:188} INFO - [2025-09-18T09:55:33.492+0000] {dag.py:3823} INFO - Setting next_dagrun for example_short_circuit_decorator to 2025-09-17 00:00:00+00:00, run_after=2025-09-18 00:00:00+00:00
[2025-09-18T09:55:33.537+0000] {processor.py:183} INFO - Processing /home/airflow/.local/lib/python3.8/site-packages/airflow/example_dags/example_short_circuit_decorator.py took 0.205 seconds
[2025-09-18T09:56:03.930+0000] {processor.py:161} INFO - Started process (PID=287) to work on /home/airflow/.local/lib/python3.8/site-packages/airflow/example_dags/example_short_circuit_decorator.py
[2025-09-18T09:56:03.932+0000] {processor.py:830} INFO - Processing file /home/airflow/.local/lib/python3.8/site-packages/airflow/example_dags/example_short_circuit_decorator.py for tasks to queue
[2025-09-18T09:56:03.936+0000] {logging_mixin.py:188} INFO - [2025-09-18T09:56:03.936+0000] {dagbag.py:538} INFO - Filling up the DagBag from /home/airflow/.local/lib/python3.8/site-packages/airflow/example_dags/example_short_circuit_decorator.py
[2025-09-18T09:56:03.956+0000] {processor.py:840} INFO - DAG(s) 'example_short_circuit_decorator' retrieved from /home/airflow/.local/lib/python3.8/site-packages/airflow/example_dags/example_short_circuit_decorator.py
[2025-09-18T09:56:04.016+0000] {logging_mixin.py:188} INFO - [2025-09-18T09:56:04.015+0000] {dag.py:3036} INFO - Sync 1 DAGs
[2025-09-18T09:56:04.061+0000] {logging_mixin.py:188} INFO - [2025-09-18T09:56:04.060+0000] {dag.py:3823} INFO - Setting next_dagrun for example_short_circuit_decorator to 2025-09-17 00:00:00+00:00, run_after=2025-09-18 00:00:00+00:00
[2025-09-18T09:56:04.098+0000] {processor.py:183} INFO - Processing /home/airflow/.local/lib/python3.8/site-packages/airflow/example_dags/example_short_circuit_decorator.py took 0.175 seconds
[2025-09-18T09:56:34.269+0000] {processor.py:161} INFO - Started process (PID=342) to work on /home/airflow/.local/lib/python3.8/site-packages/airflow/example_dags/example_short_circuit_decorator.py
[2025-09-18T09:56:34.272+0000] {processor.py:830} INFO - Processing file /home/airflow/.local/lib/python3.8/site-packages/airflow/example_dags/example_short_circuit_decorator.py for tasks to queue
[2025-09-18T09:56:34.276+0000] {logging_mixin.py:188} INFO - [2025-09-18T09:56:34.275+0000] {dagbag.py:538} INFO - Filling up the DagBag from /home/airflow/.local/lib/python3.8/site-packages/airflow/example_dags/example_short_circuit_decorator.py
[2025-09-18T09:56:34.298+0000] {processor.py:840} INFO - DAG(s) 'example_short_circuit_decorator' retrieved from /home/airflow/.local/lib/python3.8/site-packages/airflow/example_dags/example_short_circuit_decorator.py
[2025-09-18T09:56:34.338+0000] {logging_mixin.py:188} INFO - [2025-09-18T09:56:34.338+0000] {dag.py:3036} INFO - Sync 1 DAGs
[2025-09-18T09:56:34.378+0000] {logging_mixin.py:188} INFO - [2025-09-18T09:56:34.378+0000] {dag.py:3823} INFO - Setting next_dagrun for example_short_circuit_decorator to 2025-09-17 00:00:00+00:00, run_after=2025-09-18 00:00:00+00:00
[2025-09-18T09:56:34.415+0000] {processor.py:183} INFO - Processing /home/airflow/.local/lib/python3.8/site-packages/airflow/example_dags/example_short_circuit_decorator.py took 0.151 seconds
[2025-09-18T09:57:05.050+0000] {processor.py:161} INFO - Started process (PID=397) to work on /home/airflow/.local/lib/python3.8/site-packages/airflow/example_dags/example_short_circuit_decorator.py
[2025-09-18T09:57:05.057+0000] {processor.py:830} INFO - Processing file /home/airflow/.local/lib/python3.8/site-packages/airflow/example_dags/example_short_circuit_decorator.py for tasks to queue
[2025-09-18T09:57:05.065+0000] {logging_mixin.py:188} INFO - [2025-09-18T09:57:05.065+0000] {dagbag.py:538} INFO - Filling up the DagBag from /home/airflow/.local/lib/python3.8/site-packages/airflow/example_dags/example_short_circuit_decorator.py
[2025-09-18T09:57:05.108+0000] {processor.py:840} INFO - DAG(s) 'example_short_circuit_decorator' retrieved from /home/airflow/.local/lib/python3.8/site-packages/airflow/example_dags/example_short_circuit_decorator.py
[2025-09-18T09:57:05.167+0000] {logging_mixin.py:188} INFO - [2025-09-18T09:57:05.166+0000] {dag.py:3036} INFO - Sync 1 DAGs
[2025-09-18T09:57:05.215+0000] {logging_mixin.py:188} INFO - [2025-09-18T09:57:05.214+0000] {dag.py:3823} INFO - Setting next_dagrun for example_short_circuit_decorator to 2025-09-17 00:00:00+00:00, run_after=2025-09-18 00:00:00+00:00
[2025-09-18T09:57:05.261+0000] {processor.py:183} INFO - Processing /home/airflow/.local/lib/python3.8/site-packages/airflow/example_dags/example_short_circuit_decorator.py took 0.220 seconds
[2025-09-18T09:57:35.551+0000] {processor.py:161} INFO - Started process (PID=452) to work on /home/airflow/.local/lib/python3.8/site-packages/airflow/example_dags/example_short_circuit_decorator.py
[2025-09-18T09:57:35.553+0000] {processor.py:830} INFO - Processing file /home/airflow/.local/lib/python3.8/site-packages/airflow/example_dags/example_short_circuit_decorator.py for tasks to queue
[2025-09-18T09:57:35.557+0000] {logging_mixin.py:188} INFO - [2025-09-18T09:57:35.556+0000] {dagbag.py:538} INFO - Filling up the DagBag from /home/airflow/.local/lib/python3.8/site-packages/airflow/example_dags/example_short_circuit_decorator.py
[2025-09-18T09:57:35.574+0000] {processor.py:840} INFO - DAG(s) 'example_short_circuit_decorator' retrieved from /home/airflow/.local/lib/python3.8/site-packages/airflow/example_dags/example_short_circuit_decorator.py
[2025-09-18T09:57:35.616+0000] {logging_mixin.py:188} INFO - [2025-09-18T09:57:35.615+0000] {dag.py:3036} INFO - Sync 1 DAGs
[2025-09-18T09:57:35.655+0000] {logging_mixin.py:188} INFO - [2025-09-18T09:57:35.655+0000] {dag.py:3823} INFO - Setting next_dagrun for example_short_circuit_decorator to 2025-09-17 00:00:00+00:00, run_after=2025-09-18 00:00:00+00:00
[2025-09-18T09:57:35.693+0000] {processor.py:183} INFO - Processing /home/airflow/.local/lib/python3.8/site-packages/airflow/example_dags/example_short_circuit_decorator.py took 0.147 seconds
[2025-09-18T09:58:06.671+0000] {processor.py:161} INFO - Started process (PID=507) to work on /home/airflow/.local/lib/python3.8/site-packages/airflow/example_dags/example_short_circuit_decorator.py
[2025-09-18T09:58:06.673+0000] {processor.py:830} INFO - Processing file /home/airflow/.local/lib/python3.8/site-packages/airflow/example_dags/example_short_circuit_decorator.py for tasks to queue
[2025-09-18T09:58:06.677+0000] {logging_mixin.py:188} INFO - [2025-09-18T09:58:06.677+0000] {dagbag.py:538} INFO - Filling up the DagBag from /home/airflow/.local/lib/python3.8/site-packages/airflow/example_dags/example_short_circuit_decorator.py
[2025-09-18T09:58:06.694+0000] {processor.py:840} INFO - DAG(s) 'example_short_circuit_decorator' retrieved from /home/airflow/.local/lib/python3.8/site-packages/airflow/example_dags/example_short_circuit_decorator.py
[2025-09-18T09:58:06.734+0000] {logging_mixin.py:188} INFO - [2025-09-18T09:58:06.734+0000] {dag.py:3036} INFO - Sync 1 DAGs
[2025-09-18T09:58:06.774+0000] {logging_mixin.py:188} INFO - [2025-09-18T09:58:06.773+0000] {dag.py:3823} INFO - Setting next_dagrun for example_short_circuit_decorator to 2025-09-17 00:00:00+00:00, run_after=2025-09-18 00:00:00+00:00
[2025-09-18T09:58:06.807+0000] {processor.py:183} INFO - Processing /home/airflow/.local/lib/python3.8/site-packages/airflow/example_dags/example_short_circuit_decorator.py took 0.142 seconds
[2025-09-18T09:58:36.936+0000] {processor.py:161} INFO - Started process (PID=562) to work on /home/airflow/.local/lib/python3.8/site-packages/airflow/example_dags/example_short_circuit_decorator.py
[2025-09-18T09:58:36.938+0000] {processor.py:830} INFO - Processing file /home/airflow/.local/lib/python3.8/site-packages/airflow/example_dags/example_short_circuit_decorator.py for tasks to queue
[2025-09-18T09:58:36.942+0000] {logging_mixin.py:188} INFO - [2025-09-18T09:58:36.942+0000] {dagbag.py:538} INFO - Filling up the DagBag from /home/airflow/.local/lib/python3.8/site-packages/airflow/example_dags/example_short_circuit_decorator.py
[2025-09-18T09:58:36.961+0000] {processor.py:840} INFO - DAG(s) 'example_short_circuit_decorator' retrieved from /home/airflow/.local/lib/python3.8/site-packages/airflow/example_dags/example_short_circuit_decorator.py
[2025-09-18T09:58:37.001+0000] {logging_mixin.py:188} INFO - [2025-09-18T09:58:37.000+0000] {dag.py:3036} INFO - Sync 1 DAGs
[2025-09-18T09:58:37.041+0000] {logging_mixin.py:188} INFO - [2025-09-18T09:58:37.040+0000] {dag.py:3823} INFO - Setting next_dagrun for example_short_circuit_decorator to 2025-09-17 00:00:00+00:00, run_after=2025-09-18 00:00:00+00:00
[2025-09-18T09:58:37.081+0000] {processor.py:183} INFO - Processing /home/airflow/.local/lib/python3.8/site-packages/airflow/example_dags/example_short_circuit_decorator.py took 0.150 seconds
[2025-09-18T09:59:07.354+0000] {processor.py:161} INFO - Started process (PID=617) to work on /home/airflow/.local/lib/python3.8/site-packages/airflow/example_dags/example_short_circuit_decorator.py
[2025-09-18T09:59:07.356+0000] {processor.py:830} INFO - Processing file /home/airflow/.local/lib/python3.8/site-packages/airflow/example_dags/example_short_circuit_decorator.py for tasks to queue
[2025-09-18T09:59:07.360+0000] {logging_mixin.py:188} INFO - [2025-09-18T09:59:07.359+0000] {dagbag.py:538} INFO - Filling up the DagBag from /home/airflow/.local/lib/python3.8/site-packages/airflow/example_dags/example_short_circuit_decorator.py
[2025-09-18T09:59:07.381+0000] {processor.py:840} INFO - DAG(s) 'example_short_circuit_decorator' retrieved from /home/airflow/.local/lib/python3.8/site-packages/airflow/example_dags/example_short_circuit_decorator.py
[2025-09-18T09:59:07.421+0000] {logging_mixin.py:188} INFO - [2025-09-18T09:59:07.421+0000] {dag.py:3036} INFO - Sync 1 DAGs
[2025-09-18T09:59:07.462+0000] {logging_mixin.py:188} INFO - [2025-09-18T09:59:07.462+0000] {dag.py:3823} INFO - Setting next_dagrun for example_short_circuit_decorator to 2025-09-17 00:00:00+00:00, run_after=2025-09-18 00:00:00+00:00
[2025-09-18T09:59:07.500+0000] {processor.py:183} INFO - Processing /home/airflow/.local/lib/python3.8/site-packages/airflow/example_dags/example_short_circuit_decorator.py took 0.152 seconds
[2025-09-18T09:59:38.341+0000] {processor.py:161} INFO - Started process (PID=678) to work on /home/airflow/.local/lib/python3.8/site-packages/airflow/example_dags/example_short_circuit_decorator.py
[2025-09-18T09:59:38.344+0000] {processor.py:830} INFO - Processing file /home/airflow/.local/lib/python3.8/site-packages/airflow/example_dags/example_short_circuit_decorator.py for tasks to queue
[2025-09-18T09:59:38.348+0000] {logging_mixin.py:188} INFO - [2025-09-18T09:59:38.348+0000] {dagbag.py:538} INFO - Filling up the DagBag from /home/airflow/.local/lib/python3.8/site-packages/airflow/example_dags/example_short_circuit_decorator.py
[2025-09-18T09:59:38.369+0000] {processor.py:840} INFO - DAG(s) 'example_short_circuit_decorator' retrieved from /home/airflow/.local/lib/python3.8/site-packages/airflow/example_dags/example_short_circuit_decorator.py
[2025-09-18T09:59:38.415+0000] {logging_mixin.py:188} INFO - [2025-09-18T09:59:38.415+0000] {dag.py:3036} INFO - Sync 1 DAGs
[2025-09-18T09:59:38.456+0000] {logging_mixin.py:188} INFO - [2025-09-18T09:59:38.456+0000] {dag.py:3823} INFO - Setting next_dagrun for example_short_circuit_decorator to 2025-09-17 00:00:00+00:00, run_after=2025-09-18 00:00:00+00:00
[2025-09-18T09:59:38.499+0000] {processor.py:183} INFO - Processing /home/airflow/.local/lib/python3.8/site-packages/airflow/example_dags/example_short_circuit_decorator.py took 0.165 seconds
[2025-09-18T10:00:09.235+0000] {processor.py:161} INFO - Started process (PID=733) to work on /home/airflow/.local/lib/python3.8/site-packages/airflow/example_dags/example_short_circuit_decorator.py
[2025-09-18T10:00:09.238+0000] {processor.py:830} INFO - Processing file /home/airflow/.local/lib/python3.8/site-packages/airflow/example_dags/example_short_circuit_decorator.py for tasks to queue
[2025-09-18T10:00:09.242+0000] {logging_mixin.py:188} INFO - [2025-09-18T10:00:09.241+0000] {dagbag.py:538} INFO - Filling up the DagBag from /home/airflow/.local/lib/python3.8/site-packages/airflow/example_dags/example_short_circuit_decorator.py
[2025-09-18T10:00:09.266+0000] {processor.py:840} INFO - DAG(s) 'example_short_circuit_decorator' retrieved from /home/airflow/.local/lib/python3.8/site-packages/airflow/example_dags/example_short_circuit_decorator.py
[2025-09-18T10:00:09.307+0000] {logging_mixin.py:188} INFO - [2025-09-18T10:00:09.306+0000] {dag.py:3036} INFO - Sync 1 DAGs
[2025-09-18T10:00:09.351+0000] {logging_mixin.py:188} INFO - [2025-09-18T10:00:09.350+0000] {dag.py:3823} INFO - Setting next_dagrun for example_short_circuit_decorator to 2025-09-17 00:00:00+00:00, run_after=2025-09-18 00:00:00+00:00
[2025-09-18T10:00:09.389+0000] {processor.py:183} INFO - Processing /home/airflow/.local/lib/python3.8/site-packages/airflow/example_dags/example_short_circuit_decorator.py took 0.162 seconds
[2025-09-18T10:00:39.820+0000] {processor.py:161} INFO - Started process (PID=788) to work on /home/airflow/.local/lib/python3.8/site-packages/airflow/example_dags/example_short_circuit_decorator.py
[2025-09-18T10:00:39.822+0000] {processor.py:830} INFO - Processing file /home/airflow/.local/lib/python3.8/site-packages/airflow/example_dags/example_short_circuit_decorator.py for tasks to queue
[2025-09-18T10:00:39.826+0000] {logging_mixin.py:188} INFO - [2025-09-18T10:00:39.825+0000] {dagbag.py:538} INFO - Filling up the DagBag from /home/airflow/.local/lib/python3.8/site-packages/airflow/example_dags/example_short_circuit_decorator.py
[2025-09-18T10:00:39.843+0000] {processor.py:840} INFO - DAG(s) 'example_short_circuit_decorator' retrieved from /home/airflow/.local/lib/python3.8/site-packages/airflow/example_dags/example_short_circuit_decorator.py
[2025-09-18T10:00:39.883+0000] {logging_mixin.py:188} INFO - [2025-09-18T10:00:39.882+0000] {dag.py:3036} INFO - Sync 1 DAGs
[2025-09-18T10:00:39.923+0000] {logging_mixin.py:188} INFO - [2025-09-18T10:00:39.922+0000] {dag.py:3823} INFO - Setting next_dagrun for example_short_circuit_decorator to 2025-09-17 00:00:00+00:00, run_after=2025-09-18 00:00:00+00:00
[2025-09-18T10:00:39.962+0000] {processor.py:183} INFO - Processing /home/airflow/.local/lib/python3.8/site-packages/airflow/example_dags/example_short_circuit_decorator.py took 0.147 seconds
[2025-09-18T10:01:10.666+0000] {processor.py:161} INFO - Started process (PID=843) to work on /home/airflow/.local/lib/python3.8/site-packages/airflow/example_dags/example_short_circuit_decorator.py
[2025-09-18T10:01:10.668+0000] {processor.py:830} INFO - Processing file /home/airflow/.local/lib/python3.8/site-packages/airflow/example_dags/example_short_circuit_decorator.py for tasks to queue
[2025-09-18T10:01:10.671+0000] {logging_mixin.py:188} INFO - [2025-09-18T10:01:10.670+0000] {dagbag.py:538} INFO - Filling up the DagBag from /home/airflow/.local/lib/python3.8/site-packages/airflow/example_dags/example_short_circuit_decorator.py
[2025-09-18T10:01:10.693+0000] {processor.py:840} INFO - DAG(s) 'example_short_circuit_decorator' retrieved from /home/airflow/.local/lib/python3.8/site-packages/airflow/example_dags/example_short_circuit_decorator.py
[2025-09-18T10:01:10.733+0000] {logging_mixin.py:188} INFO - [2025-09-18T10:01:10.732+0000] {dag.py:3036} INFO - Sync 1 DAGs
[2025-09-18T10:01:10.772+0000] {logging_mixin.py:188} INFO - [2025-09-18T10:01:10.772+0000] {dag.py:3823} INFO - Setting next_dagrun for example_short_circuit_decorator to 2025-09-17 00:00:00+00:00, run_after=2025-09-18 00:00:00+00:00
[2025-09-18T10:01:10.810+0000] {processor.py:183} INFO - Processing /home/airflow/.local/lib/python3.8/site-packages/airflow/example_dags/example_short_circuit_decorator.py took 0.151 seconds
[2025-09-18T10:01:41.064+0000] {processor.py:161} INFO - Started process (PID=898) to work on /home/airflow/.local/lib/python3.8/site-packages/airflow/example_dags/example_short_circuit_decorator.py
[2025-09-18T10:01:41.066+0000] {processor.py:830} INFO - Processing file /home/airflow/.local/lib/python3.8/site-packages/airflow/example_dags/example_short_circuit_decorator.py for tasks to queue
[2025-09-18T10:01:41.070+0000] {logging_mixin.py:188} INFO - [2025-09-18T10:01:41.069+0000] {dagbag.py:538} INFO - Filling up the DagBag from /home/airflow/.local/lib/python3.8/site-packages/airflow/example_dags/example_short_circuit_decorator.py
[2025-09-18T10:01:41.088+0000] {processor.py:840} INFO - DAG(s) 'example_short_circuit_decorator' retrieved from /home/airflow/.local/lib/python3.8/site-packages/airflow/example_dags/example_short_circuit_decorator.py
[2025-09-18T10:01:41.128+0000] {logging_mixin.py:188} INFO - [2025-09-18T10:01:41.128+0000] {dag.py:3036} INFO - Sync 1 DAGs
[2025-09-18T10:01:41.169+0000] {logging_mixin.py:188} INFO - [2025-09-18T10:01:41.168+0000] {dag.py:3823} INFO - Setting next_dagrun for example_short_circuit_decorator to 2025-09-17 00:00:00+00:00, run_after=2025-09-18 00:00:00+00:00
[2025-09-18T10:01:41.208+0000] {processor.py:183} INFO - Processing /home/airflow/.local/lib/python3.8/site-packages/airflow/example_dags/example_short_circuit_decorator.py took 0.151 seconds
[2025-09-18T10:02:11.836+0000] {processor.py:161} INFO - Started process (PID=953) to work on /home/airflow/.local/lib/python3.8/site-packages/airflow/example_dags/example_short_circuit_decorator.py
[2025-09-18T10:02:11.838+0000] {processor.py:830} INFO - Processing file /home/airflow/.local/lib/python3.8/site-packages/airflow/example_dags/example_short_circuit_decorator.py for tasks to queue
[2025-09-18T10:02:11.842+0000] {logging_mixin.py:188} INFO - [2025-09-18T10:02:11.842+0000] {dagbag.py:538} INFO - Filling up the DagBag from /home/airflow/.local/lib/python3.8/site-packages/airflow/example_dags/example_short_circuit_decorator.py
[2025-09-18T10:02:11.861+0000] {processor.py:840} INFO - DAG(s) 'example_short_circuit_decorator' retrieved from /home/airflow/.local/lib/python3.8/site-packages/airflow/example_dags/example_short_circuit_decorator.py
[2025-09-18T10:02:11.904+0000] {logging_mixin.py:188} INFO - [2025-09-18T10:02:11.904+0000] {dag.py:3036} INFO - Sync 1 DAGs
[2025-09-18T10:02:11.951+0000] {logging_mixin.py:188} INFO - [2025-09-18T10:02:11.951+0000] {dag.py:3823} INFO - Setting next_dagrun for example_short_circuit_decorator to 2025-09-17 00:00:00+00:00, run_after=2025-09-18 00:00:00+00:00
[2025-09-18T10:02:11.998+0000] {processor.py:183} INFO - Processing /home/airflow/.local/lib/python3.8/site-packages/airflow/example_dags/example_short_circuit_decorator.py took 0.169 seconds
[2025-09-18T10:02:42.550+0000] {processor.py:161} INFO - Started process (PID=1008) to work on /home/airflow/.local/lib/python3.8/site-packages/airflow/example_dags/example_short_circuit_decorator.py
[2025-09-18T10:02:42.553+0000] {processor.py:830} INFO - Processing file /home/airflow/.local/lib/python3.8/site-packages/airflow/example_dags/example_short_circuit_decorator.py for tasks to queue
[2025-09-18T10:02:42.556+0000] {logging_mixin.py:188} INFO - [2025-09-18T10:02:42.556+0000] {dagbag.py:538} INFO - Filling up the DagBag from /home/airflow/.local/lib/python3.8/site-packages/airflow/example_dags/example_short_circuit_decorator.py
[2025-09-18T10:02:42.578+0000] {processor.py:840} INFO - DAG(s) 'example_short_circuit_decorator' retrieved from /home/airflow/.local/lib/python3.8/site-packages/airflow/example_dags/example_short_circuit_decorator.py
[2025-09-18T10:02:42.626+0000] {logging_mixin.py:188} INFO - [2025-09-18T10:02:42.626+0000] {dag.py:3036} INFO - Sync 1 DAGs
[2025-09-18T10:02:42.670+0000] {logging_mixin.py:188} INFO - [2025-09-18T10:02:42.670+0000] {dag.py:3823} INFO - Setting next_dagrun for example_short_circuit_decorator to 2025-09-17 00:00:00+00:00, run_after=2025-09-18 00:00:00+00:00
[2025-09-18T10:02:42.713+0000] {processor.py:183} INFO - Processing /home/airflow/.local/lib/python3.8/site-packages/airflow/example_dags/example_short_circuit_decorator.py took 0.170 seconds
[2025-09-18T10:03:13.537+0000] {processor.py:161} INFO - Started process (PID=1063) to work on /home/airflow/.local/lib/python3.8/site-packages/airflow/example_dags/example_short_circuit_decorator.py
[2025-09-18T10:03:13.539+0000] {processor.py:830} INFO - Processing file /home/airflow/.local/lib/python3.8/site-packages/airflow/example_dags/example_short_circuit_decorator.py for tasks to queue
[2025-09-18T10:03:13.543+0000] {logging_mixin.py:188} INFO - [2025-09-18T10:03:13.542+0000] {dagbag.py:538} INFO - Filling up the DagBag from /home/airflow/.local/lib/python3.8/site-packages/airflow/example_dags/example_short_circuit_decorator.py
[2025-09-18T10:03:13.560+0000] {processor.py:840} INFO - DAG(s) 'example_short_circuit_decorator' retrieved from /home/airflow/.local/lib/python3.8/site-packages/airflow/example_dags/example_short_circuit_decorator.py
[2025-09-18T10:03:13.604+0000] {logging_mixin.py:188} INFO - [2025-09-18T10:03:13.603+0000] {dag.py:3036} INFO - Sync 1 DAGs
[2025-09-18T10:03:13.645+0000] {logging_mixin.py:188} INFO - [2025-09-18T10:03:13.645+0000] {dag.py:3823} INFO - Setting next_dagrun for example_short_circuit_decorator to 2025-09-17 00:00:00+00:00, run_after=2025-09-18 00:00:00+00:00
[2025-09-18T10:03:13.679+0000] {processor.py:183} INFO - Processing /home/airflow/.local/lib/python3.8/site-packages/airflow/example_dags/example_short_circuit_decorator.py took 0.149 seconds
[2025-09-18T10:03:43.993+0000] {processor.py:161} INFO - Started process (PID=1118) to work on /home/airflow/.local/lib/python3.8/site-packages/airflow/example_dags/example_short_circuit_decorator.py
[2025-09-18T10:03:43.995+0000] {processor.py:830} INFO - Processing file /home/airflow/.local/lib/python3.8/site-packages/airflow/example_dags/example_short_circuit_decorator.py for tasks to queue
[2025-09-18T10:03:43.999+0000] {logging_mixin.py:188} INFO - [2025-09-18T10:03:43.998+0000] {dagbag.py:538} INFO - Filling up the DagBag from /home/airflow/.local/lib/python3.8/site-packages/airflow/example_dags/example_short_circuit_decorator.py
[2025-09-18T10:03:44.023+0000] {processor.py:840} INFO - DAG(s) 'example_short_circuit_decorator' retrieved from /home/airflow/.local/lib/python3.8/site-packages/airflow/example_dags/example_short_circuit_decorator.py
[2025-09-18T10:03:44.064+0000] {logging_mixin.py:188} INFO - [2025-09-18T10:03:44.064+0000] {dag.py:3036} INFO - Sync 1 DAGs
[2025-09-18T10:03:44.108+0000] {logging_mixin.py:188} INFO - [2025-09-18T10:03:44.108+0000] {dag.py:3823} INFO - Setting next_dagrun for example_short_circuit_decorator to 2025-09-17 00:00:00+00:00, run_after=2025-09-18 00:00:00+00:00
[2025-09-18T10:03:44.149+0000] {processor.py:183} INFO - Processing /home/airflow/.local/lib/python3.8/site-packages/airflow/example_dags/example_short_circuit_decorator.py took 0.162 seconds
[2025-09-18T10:04:14.368+0000] {processor.py:161} INFO - Started process (PID=1173) to work on /home/airflow/.local/lib/python3.8/site-packages/airflow/example_dags/example_short_circuit_decorator.py
[2025-09-18T10:04:14.370+0000] {processor.py:830} INFO - Processing file /home/airflow/.local/lib/python3.8/site-packages/airflow/example_dags/example_short_circuit_decorator.py for tasks to queue
[2025-09-18T10:04:14.375+0000] {logging_mixin.py:188} INFO - [2025-09-18T10:04:14.374+0000] {dagbag.py:538} INFO - Filling up the DagBag from /home/airflow/.local/lib/python3.8/site-packages/airflow/example_dags/example_short_circuit_decorator.py
[2025-09-18T10:04:14.397+0000] {processor.py:840} INFO - DAG(s) 'example_short_circuit_decorator' retrieved from /home/airflow/.local/lib/python3.8/site-packages/airflow/example_dags/example_short_circuit_decorator.py
[2025-09-18T10:04:14.438+0000] {logging_mixin.py:188} INFO - [2025-09-18T10:04:14.437+0000] {dag.py:3036} INFO - Sync 1 DAGs
[2025-09-18T10:04:14.481+0000] {logging_mixin.py:188} INFO - [2025-09-18T10:04:14.481+0000] {dag.py:3823} INFO - Setting next_dagrun for example_short_circuit_decorator to 2025-09-17 00:00:00+00:00, run_after=2025-09-18 00:00:00+00:00
[2025-09-18T10:04:14.515+0000] {processor.py:183} INFO - Processing /home/airflow/.local/lib/python3.8/site-packages/airflow/example_dags/example_short_circuit_decorator.py took 0.154 seconds
[2025-09-18T10:04:44.787+0000] {processor.py:161} INFO - Started process (PID=1228) to work on /home/airflow/.local/lib/python3.8/site-packages/airflow/example_dags/example_short_circuit_decorator.py
[2025-09-18T10:04:44.791+0000] {processor.py:830} INFO - Processing file /home/airflow/.local/lib/python3.8/site-packages/airflow/example_dags/example_short_circuit_decorator.py for tasks to queue
[2025-09-18T10:04:44.795+0000] {logging_mixin.py:188} INFO - [2025-09-18T10:04:44.794+0000] {dagbag.py:538} INFO - Filling up the DagBag from /home/airflow/.local/lib/python3.8/site-packages/airflow/example_dags/example_short_circuit_decorator.py
[2025-09-18T10:04:44.813+0000] {processor.py:840} INFO - DAG(s) 'example_short_circuit_decorator' retrieved from /home/airflow/.local/lib/python3.8/site-packages/airflow/example_dags/example_short_circuit_decorator.py
[2025-09-18T10:04:44.854+0000] {logging_mixin.py:188} INFO - [2025-09-18T10:04:44.854+0000] {dag.py:3036} INFO - Sync 1 DAGs
[2025-09-18T10:04:44.897+0000] {logging_mixin.py:188} INFO - [2025-09-18T10:04:44.897+0000] {dag.py:3823} INFO - Setting next_dagrun for example_short_circuit_decorator to 2025-09-17 00:00:00+00:00, run_after=2025-09-18 00:00:00+00:00
[2025-09-18T10:04:44.934+0000] {processor.py:183} INFO - Processing /home/airflow/.local/lib/python3.8/site-packages/airflow/example_dags/example_short_circuit_decorator.py took 0.154 seconds
[2025-09-18T10:05:15.470+0000] {processor.py:161} INFO - Started process (PID=1283) to work on /home/airflow/.local/lib/python3.8/site-packages/airflow/example_dags/example_short_circuit_decorator.py
[2025-09-18T10:05:15.473+0000] {processor.py:830} INFO - Processing file /home/airflow/.local/lib/python3.8/site-packages/airflow/example_dags/example_short_circuit_decorator.py for tasks to queue
[2025-09-18T10:05:15.478+0000] {logging_mixin.py:188} INFO - [2025-09-18T10:05:15.477+0000] {dagbag.py:538} INFO - Filling up the DagBag from /home/airflow/.local/lib/python3.8/site-packages/airflow/example_dags/example_short_circuit_decorator.py
[2025-09-18T10:05:15.517+0000] {processor.py:840} INFO - DAG(s) 'example_short_circuit_decorator' retrieved from /home/airflow/.local/lib/python3.8/site-packages/airflow/example_dags/example_short_circuit_decorator.py
[2025-09-18T10:05:15.566+0000] {logging_mixin.py:188} INFO - [2025-09-18T10:05:15.565+0000] {dag.py:3036} INFO - Sync 1 DAGs
[2025-09-18T10:05:15.609+0000] {logging_mixin.py:188} INFO - [2025-09-18T10:05:15.609+0000] {dag.py:3823} INFO - Setting next_dagrun for example_short_circuit_decorator to 2025-09-17 00:00:00+00:00, run_after=2025-09-18 00:00:00+00:00
[2025-09-18T10:05:15.651+0000] {processor.py:183} INFO - Processing /home/airflow/.local/lib/python3.8/site-packages/airflow/example_dags/example_short_circuit_decorator.py took 0.190 seconds
