[2025-09-18T07:36:29.073+0000] {processor.py:161} INFO - Started process (PID=81) to work on /home/airflow/.local/lib/python3.8/site-packages/airflow/example_dags/example_setup_teardown_taskflow.py
[2025-09-18T07:36:29.075+0000] {processor.py:830} INFO - Processing file /home/airflow/.local/lib/python3.8/site-packages/airflow/example_dags/example_setup_teardown_taskflow.py for tasks to queue
[2025-09-18T07:36:29.078+0000] {logging_mixin.py:188} INFO - [2025-09-18T07:36:29.078+0000] {dagbag.py:538} INFO - Filling up the DagBag from /home/airflow/.local/lib/python3.8/site-packages/airflow/example_dags/example_setup_teardown_taskflow.py
[2025-09-18T07:36:29.097+0000] {processor.py:840} INFO - DAG(s) 'example_setup_teardown_taskflow' retrieved from /home/airflow/.local/lib/python3.8/site-packages/airflow/example_dags/example_setup_teardown_taskflow.py
[2025-09-18T07:36:29.367+0000] {logging_mixin.py:188} INFO - [2025-09-18T07:36:29.366+0000] {override.py:1769} INFO - Created Permission View: can read on DAG:example_setup_teardown_taskflow
[2025-09-18T07:36:29.393+0000] {logging_mixin.py:188} INFO - [2025-09-18T07:36:29.392+0000] {override.py:1769} INFO - Created Permission View: can delete on DAG:example_setup_teardown_taskflow
[2025-09-18T07:36:29.410+0000] {logging_mixin.py:188} INFO - [2025-09-18T07:36:29.409+0000] {override.py:1769} INFO - Created Permission View: can edit on DAG:example_setup_teardown_taskflow
[2025-09-18T07:36:29.411+0000] {logging_mixin.py:188} INFO - [2025-09-18T07:36:29.411+0000] {dag.py:3036} INFO - Sync 1 DAGs
[2025-09-18T07:36:29.435+0000] {logging_mixin.py:188} INFO - [2025-09-18T07:36:29.435+0000] {dag.py:3058} INFO - Creating ORM DAG for example_setup_teardown_taskflow
[2025-09-18T07:36:29.462+0000] {logging_mixin.py:188} INFO - [2025-09-18T07:36:29.462+0000] {dag.py:3823} INFO - Setting next_dagrun for example_setup_teardown_taskflow to 2025-09-17 00:00:00+00:00, run_after=2025-09-18 00:00:00+00:00
[2025-09-18T07:36:29.500+0000] {processor.py:183} INFO - Processing /home/airflow/.local/lib/python3.8/site-packages/airflow/example_dags/example_setup_teardown_taskflow.py took 0.434 seconds
[2025-09-18T07:36:59.724+0000] {processor.py:161} INFO - Started process (PID=136) to work on /home/airflow/.local/lib/python3.8/site-packages/airflow/example_dags/example_setup_teardown_taskflow.py
[2025-09-18T07:36:59.726+0000] {processor.py:830} INFO - Processing file /home/airflow/.local/lib/python3.8/site-packages/airflow/example_dags/example_setup_teardown_taskflow.py for tasks to queue
[2025-09-18T07:36:59.732+0000] {logging_mixin.py:188} INFO - [2025-09-18T07:36:59.731+0000] {dagbag.py:538} INFO - Filling up the DagBag from /home/airflow/.local/lib/python3.8/site-packages/airflow/example_dags/example_setup_teardown_taskflow.py
[2025-09-18T07:36:59.756+0000] {processor.py:840} INFO - DAG(s) 'example_setup_teardown_taskflow' retrieved from /home/airflow/.local/lib/python3.8/site-packages/airflow/example_dags/example_setup_teardown_taskflow.py
[2025-09-18T07:36:59.800+0000] {logging_mixin.py:188} INFO - [2025-09-18T07:36:59.800+0000] {dag.py:3036} INFO - Sync 1 DAGs
[2025-09-18T07:36:59.851+0000] {logging_mixin.py:188} INFO - [2025-09-18T07:36:59.851+0000] {dag.py:3823} INFO - Setting next_dagrun for example_setup_teardown_taskflow to 2025-09-17 00:00:00+00:00, run_after=2025-09-18 00:00:00+00:00
[2025-09-18T07:36:59.895+0000] {processor.py:183} INFO - Processing /home/airflow/.local/lib/python3.8/site-packages/airflow/example_dags/example_setup_teardown_taskflow.py took 0.179 seconds
[2025-09-18T07:37:30.589+0000] {processor.py:161} INFO - Started process (PID=191) to work on /home/airflow/.local/lib/python3.8/site-packages/airflow/example_dags/example_setup_teardown_taskflow.py
[2025-09-18T07:37:30.591+0000] {processor.py:830} INFO - Processing file /home/airflow/.local/lib/python3.8/site-packages/airflow/example_dags/example_setup_teardown_taskflow.py for tasks to queue
[2025-09-18T07:37:30.595+0000] {logging_mixin.py:188} INFO - [2025-09-18T07:37:30.594+0000] {dagbag.py:538} INFO - Filling up the DagBag from /home/airflow/.local/lib/python3.8/site-packages/airflow/example_dags/example_setup_teardown_taskflow.py
[2025-09-18T07:37:30.621+0000] {processor.py:840} INFO - DAG(s) 'example_setup_teardown_taskflow' retrieved from /home/airflow/.local/lib/python3.8/site-packages/airflow/example_dags/example_setup_teardown_taskflow.py
[2025-09-18T07:37:30.666+0000] {logging_mixin.py:188} INFO - [2025-09-18T07:37:30.665+0000] {dag.py:3036} INFO - Sync 1 DAGs
[2025-09-18T07:37:30.707+0000] {logging_mixin.py:188} INFO - [2025-09-18T07:37:30.707+0000] {dag.py:3823} INFO - Setting next_dagrun for example_setup_teardown_taskflow to 2025-09-17 00:00:00+00:00, run_after=2025-09-18 00:00:00+00:00
[2025-09-18T07:37:30.747+0000] {processor.py:183} INFO - Processing /home/airflow/.local/lib/python3.8/site-packages/airflow/example_dags/example_setup_teardown_taskflow.py took 0.166 seconds
[2025-09-18T07:38:01.482+0000] {processor.py:161} INFO - Started process (PID=246) to work on /home/airflow/.local/lib/python3.8/site-packages/airflow/example_dags/example_setup_teardown_taskflow.py
[2025-09-18T07:38:01.484+0000] {processor.py:830} INFO - Processing file /home/airflow/.local/lib/python3.8/site-packages/airflow/example_dags/example_setup_teardown_taskflow.py for tasks to queue
[2025-09-18T07:38:01.488+0000] {logging_mixin.py:188} INFO - [2025-09-18T07:38:01.487+0000] {dagbag.py:538} INFO - Filling up the DagBag from /home/airflow/.local/lib/python3.8/site-packages/airflow/example_dags/example_setup_teardown_taskflow.py
[2025-09-18T07:38:01.519+0000] {processor.py:840} INFO - DAG(s) 'example_setup_teardown_taskflow' retrieved from /home/airflow/.local/lib/python3.8/site-packages/airflow/example_dags/example_setup_teardown_taskflow.py
[2025-09-18T07:38:01.585+0000] {logging_mixin.py:188} INFO - [2025-09-18T07:38:01.584+0000] {dag.py:3036} INFO - Sync 1 DAGs
[2025-09-18T07:38:01.629+0000] {logging_mixin.py:188} INFO - [2025-09-18T07:38:01.628+0000] {dag.py:3823} INFO - Setting next_dagrun for example_setup_teardown_taskflow to 2025-09-17 00:00:00+00:00, run_after=2025-09-18 00:00:00+00:00
[2025-09-18T07:38:01.663+0000] {processor.py:183} INFO - Processing /home/airflow/.local/lib/python3.8/site-packages/airflow/example_dags/example_setup_teardown_taskflow.py took 0.205 seconds
[2025-09-18T07:38:33.996+0000] {processor.py:161} INFO - Started process (PID=301) to work on /home/airflow/.local/lib/python3.8/site-packages/airflow/example_dags/example_setup_teardown_taskflow.py
[2025-09-18T07:38:34.019+0000] {processor.py:830} INFO - Processing file /home/airflow/.local/lib/python3.8/site-packages/airflow/example_dags/example_setup_teardown_taskflow.py for tasks to queue
[2025-09-18T07:38:34.036+0000] {logging_mixin.py:188} INFO - [2025-09-18T07:38:34.035+0000] {dagbag.py:538} INFO - Filling up the DagBag from /home/airflow/.local/lib/python3.8/site-packages/airflow/example_dags/example_setup_teardown_taskflow.py
[2025-09-18T07:38:34.102+0000] {processor.py:840} INFO - DAG(s) 'example_setup_teardown_taskflow' retrieved from /home/airflow/.local/lib/python3.8/site-packages/airflow/example_dags/example_setup_teardown_taskflow.py
[2025-09-18T07:38:34.179+0000] {logging_mixin.py:188} INFO - [2025-09-18T07:38:34.178+0000] {dag.py:3036} INFO - Sync 1 DAGs
[2025-09-18T07:38:34.272+0000] {logging_mixin.py:188} INFO - [2025-09-18T07:38:34.272+0000] {dag.py:3823} INFO - Setting next_dagrun for example_setup_teardown_taskflow to 2025-09-17 00:00:00+00:00, run_after=2025-09-18 00:00:00+00:00
[2025-09-18T07:38:34.353+0000] {processor.py:183} INFO - Processing /home/airflow/.local/lib/python3.8/site-packages/airflow/example_dags/example_setup_teardown_taskflow.py took 0.390 seconds
[2025-09-18T07:39:04.567+0000] {processor.py:161} INFO - Started process (PID=355) to work on /home/airflow/.local/lib/python3.8/site-packages/airflow/example_dags/example_setup_teardown_taskflow.py
[2025-09-18T07:39:04.569+0000] {processor.py:830} INFO - Processing file /home/airflow/.local/lib/python3.8/site-packages/airflow/example_dags/example_setup_teardown_taskflow.py for tasks to queue
[2025-09-18T07:39:04.572+0000] {logging_mixin.py:188} INFO - [2025-09-18T07:39:04.572+0000] {dagbag.py:538} INFO - Filling up the DagBag from /home/airflow/.local/lib/python3.8/site-packages/airflow/example_dags/example_setup_teardown_taskflow.py
[2025-09-18T07:39:04.590+0000] {processor.py:840} INFO - DAG(s) 'example_setup_teardown_taskflow' retrieved from /home/airflow/.local/lib/python3.8/site-packages/airflow/example_dags/example_setup_teardown_taskflow.py
[2025-09-18T07:39:04.630+0000] {logging_mixin.py:188} INFO - [2025-09-18T07:39:04.629+0000] {dag.py:3036} INFO - Sync 1 DAGs
[2025-09-18T07:39:04.671+0000] {logging_mixin.py:188} INFO - [2025-09-18T07:39:04.670+0000] {dag.py:3823} INFO - Setting next_dagrun for example_setup_teardown_taskflow to 2025-09-17 00:00:00+00:00, run_after=2025-09-18 00:00:00+00:00
[2025-09-18T07:39:04.706+0000] {processor.py:183} INFO - Processing /home/airflow/.local/lib/python3.8/site-packages/airflow/example_dags/example_setup_teardown_taskflow.py took 0.145 seconds
[2025-09-18T07:39:34.905+0000] {processor.py:161} INFO - Started process (PID=410) to work on /home/airflow/.local/lib/python3.8/site-packages/airflow/example_dags/example_setup_teardown_taskflow.py
[2025-09-18T07:39:34.916+0000] {processor.py:830} INFO - Processing file /home/airflow/.local/lib/python3.8/site-packages/airflow/example_dags/example_setup_teardown_taskflow.py for tasks to queue
[2025-09-18T07:39:34.921+0000] {logging_mixin.py:188} INFO - [2025-09-18T07:39:34.920+0000] {dagbag.py:538} INFO - Filling up the DagBag from /home/airflow/.local/lib/python3.8/site-packages/airflow/example_dags/example_setup_teardown_taskflow.py
[2025-09-18T07:39:34.944+0000] {processor.py:840} INFO - DAG(s) 'example_setup_teardown_taskflow' retrieved from /home/airflow/.local/lib/python3.8/site-packages/airflow/example_dags/example_setup_teardown_taskflow.py
[2025-09-18T07:39:35.039+0000] {logging_mixin.py:188} INFO - [2025-09-18T07:39:35.039+0000] {dag.py:3036} INFO - Sync 1 DAGs
[2025-09-18T07:39:35.091+0000] {logging_mixin.py:188} INFO - [2025-09-18T07:39:35.091+0000] {dag.py:3823} INFO - Setting next_dagrun for example_setup_teardown_taskflow to 2025-09-17 00:00:00+00:00, run_after=2025-09-18 00:00:00+00:00
[2025-09-18T07:39:35.133+0000] {processor.py:183} INFO - Processing /home/airflow/.local/lib/python3.8/site-packages/airflow/example_dags/example_setup_teardown_taskflow.py took 0.234 seconds
[2025-09-18T07:40:05.349+0000] {processor.py:161} INFO - Started process (PID=465) to work on /home/airflow/.local/lib/python3.8/site-packages/airflow/example_dags/example_setup_teardown_taskflow.py
[2025-09-18T07:40:05.351+0000] {processor.py:830} INFO - Processing file /home/airflow/.local/lib/python3.8/site-packages/airflow/example_dags/example_setup_teardown_taskflow.py for tasks to queue
[2025-09-18T07:40:05.355+0000] {logging_mixin.py:188} INFO - [2025-09-18T07:40:05.354+0000] {dagbag.py:538} INFO - Filling up the DagBag from /home/airflow/.local/lib/python3.8/site-packages/airflow/example_dags/example_setup_teardown_taskflow.py
[2025-09-18T07:40:05.381+0000] {processor.py:840} INFO - DAG(s) 'example_setup_teardown_taskflow' retrieved from /home/airflow/.local/lib/python3.8/site-packages/airflow/example_dags/example_setup_teardown_taskflow.py
[2025-09-18T07:40:05.430+0000] {logging_mixin.py:188} INFO - [2025-09-18T07:40:05.430+0000] {dag.py:3036} INFO - Sync 1 DAGs
[2025-09-18T07:40:05.478+0000] {logging_mixin.py:188} INFO - [2025-09-18T07:40:05.478+0000] {dag.py:3823} INFO - Setting next_dagrun for example_setup_teardown_taskflow to 2025-09-17 00:00:00+00:00, run_after=2025-09-18 00:00:00+00:00
[2025-09-18T07:40:05.514+0000] {processor.py:183} INFO - Processing /home/airflow/.local/lib/python3.8/site-packages/airflow/example_dags/example_setup_teardown_taskflow.py took 0.177 seconds
[2025-09-18T07:40:35.576+0000] {processor.py:161} INFO - Started process (PID=521) to work on /home/airflow/.local/lib/python3.8/site-packages/airflow/example_dags/example_setup_teardown_taskflow.py
[2025-09-18T07:40:35.578+0000] {processor.py:830} INFO - Processing file /home/airflow/.local/lib/python3.8/site-packages/airflow/example_dags/example_setup_teardown_taskflow.py for tasks to queue
[2025-09-18T07:40:35.582+0000] {logging_mixin.py:188} INFO - [2025-09-18T07:40:35.581+0000] {dagbag.py:538} INFO - Filling up the DagBag from /home/airflow/.local/lib/python3.8/site-packages/airflow/example_dags/example_setup_teardown_taskflow.py
[2025-09-18T07:40:35.603+0000] {processor.py:840} INFO - DAG(s) 'example_setup_teardown_taskflow' retrieved from /home/airflow/.local/lib/python3.8/site-packages/airflow/example_dags/example_setup_teardown_taskflow.py
[2025-09-18T07:40:35.645+0000] {logging_mixin.py:188} INFO - [2025-09-18T07:40:35.644+0000] {dag.py:3036} INFO - Sync 1 DAGs
[2025-09-18T07:40:35.688+0000] {logging_mixin.py:188} INFO - [2025-09-18T07:40:35.687+0000] {dag.py:3823} INFO - Setting next_dagrun for example_setup_teardown_taskflow to 2025-09-17 00:00:00+00:00, run_after=2025-09-18 00:00:00+00:00
[2025-09-18T07:40:35.744+0000] {processor.py:183} INFO - Processing /home/airflow/.local/lib/python3.8/site-packages/airflow/example_dags/example_setup_teardown_taskflow.py took 0.173 seconds
[2025-09-18T07:41:06.158+0000] {processor.py:161} INFO - Started process (PID=576) to work on /home/airflow/.local/lib/python3.8/site-packages/airflow/example_dags/example_setup_teardown_taskflow.py
[2025-09-18T07:41:06.161+0000] {processor.py:830} INFO - Processing file /home/airflow/.local/lib/python3.8/site-packages/airflow/example_dags/example_setup_teardown_taskflow.py for tasks to queue
[2025-09-18T07:41:06.166+0000] {logging_mixin.py:188} INFO - [2025-09-18T07:41:06.166+0000] {dagbag.py:538} INFO - Filling up the DagBag from /home/airflow/.local/lib/python3.8/site-packages/airflow/example_dags/example_setup_teardown_taskflow.py
[2025-09-18T07:41:06.194+0000] {processor.py:840} INFO - DAG(s) 'example_setup_teardown_taskflow' retrieved from /home/airflow/.local/lib/python3.8/site-packages/airflow/example_dags/example_setup_teardown_taskflow.py
[2025-09-18T07:41:06.241+0000] {logging_mixin.py:188} INFO - [2025-09-18T07:41:06.240+0000] {dag.py:3036} INFO - Sync 1 DAGs
[2025-09-18T07:41:06.292+0000] {logging_mixin.py:188} INFO - [2025-09-18T07:41:06.292+0000] {dag.py:3823} INFO - Setting next_dagrun for example_setup_teardown_taskflow to 2025-09-17 00:00:00+00:00, run_after=2025-09-18 00:00:00+00:00
[2025-09-18T07:41:06.335+0000] {processor.py:183} INFO - Processing /home/airflow/.local/lib/python3.8/site-packages/airflow/example_dags/example_setup_teardown_taskflow.py took 0.183 seconds
[2025-09-18T07:41:36.821+0000] {processor.py:161} INFO - Started process (PID=631) to work on /home/airflow/.local/lib/python3.8/site-packages/airflow/example_dags/example_setup_teardown_taskflow.py
[2025-09-18T07:41:36.823+0000] {processor.py:830} INFO - Processing file /home/airflow/.local/lib/python3.8/site-packages/airflow/example_dags/example_setup_teardown_taskflow.py for tasks to queue
[2025-09-18T07:41:36.830+0000] {logging_mixin.py:188} INFO - [2025-09-18T07:41:36.829+0000] {dagbag.py:538} INFO - Filling up the DagBag from /home/airflow/.local/lib/python3.8/site-packages/airflow/example_dags/example_setup_teardown_taskflow.py
[2025-09-18T07:41:36.860+0000] {processor.py:840} INFO - DAG(s) 'example_setup_teardown_taskflow' retrieved from /home/airflow/.local/lib/python3.8/site-packages/airflow/example_dags/example_setup_teardown_taskflow.py
[2025-09-18T07:41:37.000+0000] {logging_mixin.py:188} INFO - [2025-09-18T07:41:36.998+0000] {dag.py:3036} INFO - Sync 1 DAGs
[2025-09-18T07:41:37.107+0000] {logging_mixin.py:188} INFO - [2025-09-18T07:41:37.107+0000] {dag.py:3823} INFO - Setting next_dagrun for example_setup_teardown_taskflow to 2025-09-17 00:00:00+00:00, run_after=2025-09-18 00:00:00+00:00
[2025-09-18T07:41:37.168+0000] {processor.py:183} INFO - Processing /home/airflow/.local/lib/python3.8/site-packages/airflow/example_dags/example_setup_teardown_taskflow.py took 0.361 seconds
[2025-09-18T07:42:07.461+0000] {processor.py:161} INFO - Started process (PID=686) to work on /home/airflow/.local/lib/python3.8/site-packages/airflow/example_dags/example_setup_teardown_taskflow.py
[2025-09-18T07:42:07.463+0000] {processor.py:830} INFO - Processing file /home/airflow/.local/lib/python3.8/site-packages/airflow/example_dags/example_setup_teardown_taskflow.py for tasks to queue
[2025-09-18T07:42:07.466+0000] {logging_mixin.py:188} INFO - [2025-09-18T07:42:07.466+0000] {dagbag.py:538} INFO - Filling up the DagBag from /home/airflow/.local/lib/python3.8/site-packages/airflow/example_dags/example_setup_teardown_taskflow.py
[2025-09-18T07:42:07.487+0000] {processor.py:840} INFO - DAG(s) 'example_setup_teardown_taskflow' retrieved from /home/airflow/.local/lib/python3.8/site-packages/airflow/example_dags/example_setup_teardown_taskflow.py
[2025-09-18T07:42:07.544+0000] {logging_mixin.py:188} INFO - [2025-09-18T07:42:07.543+0000] {dag.py:3036} INFO - Sync 1 DAGs
[2025-09-18T07:42:07.598+0000] {logging_mixin.py:188} INFO - [2025-09-18T07:42:07.597+0000] {dag.py:3823} INFO - Setting next_dagrun for example_setup_teardown_taskflow to 2025-09-17 00:00:00+00:00, run_after=2025-09-18 00:00:00+00:00
[2025-09-18T07:42:07.649+0000] {processor.py:183} INFO - Processing /home/airflow/.local/lib/python3.8/site-packages/airflow/example_dags/example_setup_teardown_taskflow.py took 0.196 seconds
[2025-09-18T07:42:38.118+0000] {processor.py:161} INFO - Started process (PID=741) to work on /home/airflow/.local/lib/python3.8/site-packages/airflow/example_dags/example_setup_teardown_taskflow.py
[2025-09-18T07:42:38.121+0000] {processor.py:830} INFO - Processing file /home/airflow/.local/lib/python3.8/site-packages/airflow/example_dags/example_setup_teardown_taskflow.py for tasks to queue
[2025-09-18T07:42:38.124+0000] {logging_mixin.py:188} INFO - [2025-09-18T07:42:38.124+0000] {dagbag.py:538} INFO - Filling up the DagBag from /home/airflow/.local/lib/python3.8/site-packages/airflow/example_dags/example_setup_teardown_taskflow.py
[2025-09-18T07:42:38.149+0000] {processor.py:840} INFO - DAG(s) 'example_setup_teardown_taskflow' retrieved from /home/airflow/.local/lib/python3.8/site-packages/airflow/example_dags/example_setup_teardown_taskflow.py
[2025-09-18T07:42:38.210+0000] {logging_mixin.py:188} INFO - [2025-09-18T07:42:38.209+0000] {dag.py:3036} INFO - Sync 1 DAGs
[2025-09-18T07:42:38.274+0000] {logging_mixin.py:188} INFO - [2025-09-18T07:42:38.273+0000] {dag.py:3823} INFO - Setting next_dagrun for example_setup_teardown_taskflow to 2025-09-17 00:00:00+00:00, run_after=2025-09-18 00:00:00+00:00
[2025-09-18T07:42:38.324+0000] {processor.py:183} INFO - Processing /home/airflow/.local/lib/python3.8/site-packages/airflow/example_dags/example_setup_teardown_taskflow.py took 0.213 seconds
[2025-09-18T07:43:08.751+0000] {processor.py:161} INFO - Started process (PID=796) to work on /home/airflow/.local/lib/python3.8/site-packages/airflow/example_dags/example_setup_teardown_taskflow.py
[2025-09-18T07:43:08.753+0000] {processor.py:830} INFO - Processing file /home/airflow/.local/lib/python3.8/site-packages/airflow/example_dags/example_setup_teardown_taskflow.py for tasks to queue
[2025-09-18T07:43:08.757+0000] {logging_mixin.py:188} INFO - [2025-09-18T07:43:08.756+0000] {dagbag.py:538} INFO - Filling up the DagBag from /home/airflow/.local/lib/python3.8/site-packages/airflow/example_dags/example_setup_teardown_taskflow.py
[2025-09-18T07:43:08.775+0000] {processor.py:840} INFO - DAG(s) 'example_setup_teardown_taskflow' retrieved from /home/airflow/.local/lib/python3.8/site-packages/airflow/example_dags/example_setup_teardown_taskflow.py
[2025-09-18T07:43:08.812+0000] {logging_mixin.py:188} INFO - [2025-09-18T07:43:08.812+0000] {dag.py:3036} INFO - Sync 1 DAGs
[2025-09-18T07:43:08.850+0000] {logging_mixin.py:188} INFO - [2025-09-18T07:43:08.850+0000] {dag.py:3823} INFO - Setting next_dagrun for example_setup_teardown_taskflow to 2025-09-17 00:00:00+00:00, run_after=2025-09-18 00:00:00+00:00
[2025-09-18T07:43:08.889+0000] {processor.py:183} INFO - Processing /home/airflow/.local/lib/python3.8/site-packages/airflow/example_dags/example_setup_teardown_taskflow.py took 0.143 seconds
[2025-09-18T07:43:39.057+0000] {processor.py:161} INFO - Started process (PID=851) to work on /home/airflow/.local/lib/python3.8/site-packages/airflow/example_dags/example_setup_teardown_taskflow.py
[2025-09-18T07:43:39.059+0000] {processor.py:830} INFO - Processing file /home/airflow/.local/lib/python3.8/site-packages/airflow/example_dags/example_setup_teardown_taskflow.py for tasks to queue
[2025-09-18T07:43:39.063+0000] {logging_mixin.py:188} INFO - [2025-09-18T07:43:39.062+0000] {dagbag.py:538} INFO - Filling up the DagBag from /home/airflow/.local/lib/python3.8/site-packages/airflow/example_dags/example_setup_teardown_taskflow.py
[2025-09-18T07:43:39.081+0000] {processor.py:840} INFO - DAG(s) 'example_setup_teardown_taskflow' retrieved from /home/airflow/.local/lib/python3.8/site-packages/airflow/example_dags/example_setup_teardown_taskflow.py
[2025-09-18T07:43:39.126+0000] {logging_mixin.py:188} INFO - [2025-09-18T07:43:39.126+0000] {dag.py:3036} INFO - Sync 1 DAGs
[2025-09-18T07:43:39.171+0000] {logging_mixin.py:188} INFO - [2025-09-18T07:43:39.170+0000] {dag.py:3823} INFO - Setting next_dagrun for example_setup_teardown_taskflow to 2025-09-17 00:00:00+00:00, run_after=2025-09-18 00:00:00+00:00
[2025-09-18T07:43:39.210+0000] {processor.py:183} INFO - Processing /home/airflow/.local/lib/python3.8/site-packages/airflow/example_dags/example_setup_teardown_taskflow.py took 0.160 seconds
[2025-09-18T07:44:09.349+0000] {processor.py:161} INFO - Started process (PID=906) to work on /home/airflow/.local/lib/python3.8/site-packages/airflow/example_dags/example_setup_teardown_taskflow.py
[2025-09-18T07:44:09.352+0000] {processor.py:830} INFO - Processing file /home/airflow/.local/lib/python3.8/site-packages/airflow/example_dags/example_setup_teardown_taskflow.py for tasks to queue
[2025-09-18T07:44:09.356+0000] {logging_mixin.py:188} INFO - [2025-09-18T07:44:09.355+0000] {dagbag.py:538} INFO - Filling up the DagBag from /home/airflow/.local/lib/python3.8/site-packages/airflow/example_dags/example_setup_teardown_taskflow.py
[2025-09-18T07:44:09.376+0000] {processor.py:840} INFO - DAG(s) 'example_setup_teardown_taskflow' retrieved from /home/airflow/.local/lib/python3.8/site-packages/airflow/example_dags/example_setup_teardown_taskflow.py
[2025-09-18T07:44:09.434+0000] {logging_mixin.py:188} INFO - [2025-09-18T07:44:09.433+0000] {dag.py:3036} INFO - Sync 1 DAGs
[2025-09-18T07:44:09.504+0000] {logging_mixin.py:188} INFO - [2025-09-18T07:44:09.503+0000] {dag.py:3823} INFO - Setting next_dagrun for example_setup_teardown_taskflow to 2025-09-17 00:00:00+00:00, run_after=2025-09-18 00:00:00+00:00
[2025-09-18T07:44:09.550+0000] {processor.py:183} INFO - Processing /home/airflow/.local/lib/python3.8/site-packages/airflow/example_dags/example_setup_teardown_taskflow.py took 0.208 seconds
[2025-09-18T07:44:39.839+0000] {processor.py:161} INFO - Started process (PID=967) to work on /home/airflow/.local/lib/python3.8/site-packages/airflow/example_dags/example_setup_teardown_taskflow.py
[2025-09-18T07:44:39.841+0000] {processor.py:830} INFO - Processing file /home/airflow/.local/lib/python3.8/site-packages/airflow/example_dags/example_setup_teardown_taskflow.py for tasks to queue
[2025-09-18T07:44:39.846+0000] {logging_mixin.py:188} INFO - [2025-09-18T07:44:39.845+0000] {dagbag.py:538} INFO - Filling up the DagBag from /home/airflow/.local/lib/python3.8/site-packages/airflow/example_dags/example_setup_teardown_taskflow.py
[2025-09-18T07:44:39.864+0000] {processor.py:840} INFO - DAG(s) 'example_setup_teardown_taskflow' retrieved from /home/airflow/.local/lib/python3.8/site-packages/airflow/example_dags/example_setup_teardown_taskflow.py
[2025-09-18T07:44:39.911+0000] {logging_mixin.py:188} INFO - [2025-09-18T07:44:39.910+0000] {dag.py:3036} INFO - Sync 1 DAGs
[2025-09-18T07:44:39.956+0000] {logging_mixin.py:188} INFO - [2025-09-18T07:44:39.956+0000] {dag.py:3823} INFO - Setting next_dagrun for example_setup_teardown_taskflow to 2025-09-17 00:00:00+00:00, run_after=2025-09-18 00:00:00+00:00
[2025-09-18T07:44:40.002+0000] {processor.py:183} INFO - Processing /home/airflow/.local/lib/python3.8/site-packages/airflow/example_dags/example_setup_teardown_taskflow.py took 0.169 seconds
[2025-09-18T07:45:11.434+0000] {processor.py:161} INFO - Started process (PID=1022) to work on /home/airflow/.local/lib/python3.8/site-packages/airflow/example_dags/example_setup_teardown_taskflow.py
[2025-09-18T07:45:11.437+0000] {processor.py:830} INFO - Processing file /home/airflow/.local/lib/python3.8/site-packages/airflow/example_dags/example_setup_teardown_taskflow.py for tasks to queue
[2025-09-18T07:45:11.442+0000] {logging_mixin.py:188} INFO - [2025-09-18T07:45:11.441+0000] {dagbag.py:538} INFO - Filling up the DagBag from /home/airflow/.local/lib/python3.8/site-packages/airflow/example_dags/example_setup_teardown_taskflow.py
[2025-09-18T07:45:11.478+0000] {processor.py:840} INFO - DAG(s) 'example_setup_teardown_taskflow' retrieved from /home/airflow/.local/lib/python3.8/site-packages/airflow/example_dags/example_setup_teardown_taskflow.py
[2025-09-18T07:45:11.544+0000] {logging_mixin.py:188} INFO - [2025-09-18T07:45:11.544+0000] {dag.py:3036} INFO - Sync 1 DAGs
[2025-09-18T07:45:11.627+0000] {logging_mixin.py:188} INFO - [2025-09-18T07:45:11.627+0000] {dag.py:3823} INFO - Setting next_dagrun for example_setup_teardown_taskflow to 2025-09-17 00:00:00+00:00, run_after=2025-09-18 00:00:00+00:00
[2025-09-18T07:45:11.676+0000] {processor.py:183} INFO - Processing /home/airflow/.local/lib/python3.8/site-packages/airflow/example_dags/example_setup_teardown_taskflow.py took 0.250 seconds
[2025-09-18T07:45:42.373+0000] {processor.py:161} INFO - Started process (PID=1077) to work on /home/airflow/.local/lib/python3.8/site-packages/airflow/example_dags/example_setup_teardown_taskflow.py
[2025-09-18T07:45:42.375+0000] {processor.py:830} INFO - Processing file /home/airflow/.local/lib/python3.8/site-packages/airflow/example_dags/example_setup_teardown_taskflow.py for tasks to queue
[2025-09-18T07:45:42.379+0000] {logging_mixin.py:188} INFO - [2025-09-18T07:45:42.378+0000] {dagbag.py:538} INFO - Filling up the DagBag from /home/airflow/.local/lib/python3.8/site-packages/airflow/example_dags/example_setup_teardown_taskflow.py
[2025-09-18T07:45:42.397+0000] {processor.py:840} INFO - DAG(s) 'example_setup_teardown_taskflow' retrieved from /home/airflow/.local/lib/python3.8/site-packages/airflow/example_dags/example_setup_teardown_taskflow.py
[2025-09-18T07:45:42.437+0000] {logging_mixin.py:188} INFO - [2025-09-18T07:45:42.437+0000] {dag.py:3036} INFO - Sync 1 DAGs
[2025-09-18T07:45:42.495+0000] {logging_mixin.py:188} INFO - [2025-09-18T07:45:42.494+0000] {dag.py:3823} INFO - Setting next_dagrun for example_setup_teardown_taskflow to 2025-09-17 00:00:00+00:00, run_after=2025-09-18 00:00:00+00:00
[2025-09-18T07:45:42.538+0000] {processor.py:183} INFO - Processing /home/airflow/.local/lib/python3.8/site-packages/airflow/example_dags/example_setup_teardown_taskflow.py took 0.173 seconds
[2025-09-18T07:46:12.964+0000] {processor.py:161} INFO - Started process (PID=1132) to work on /home/airflow/.local/lib/python3.8/site-packages/airflow/example_dags/example_setup_teardown_taskflow.py
[2025-09-18T07:46:12.966+0000] {processor.py:830} INFO - Processing file /home/airflow/.local/lib/python3.8/site-packages/airflow/example_dags/example_setup_teardown_taskflow.py for tasks to queue
[2025-09-18T07:46:12.969+0000] {logging_mixin.py:188} INFO - [2025-09-18T07:46:12.969+0000] {dagbag.py:538} INFO - Filling up the DagBag from /home/airflow/.local/lib/python3.8/site-packages/airflow/example_dags/example_setup_teardown_taskflow.py
[2025-09-18T07:46:12.987+0000] {processor.py:840} INFO - DAG(s) 'example_setup_teardown_taskflow' retrieved from /home/airflow/.local/lib/python3.8/site-packages/airflow/example_dags/example_setup_teardown_taskflow.py
[2025-09-18T07:46:13.027+0000] {logging_mixin.py:188} INFO - [2025-09-18T07:46:13.026+0000] {dag.py:3036} INFO - Sync 1 DAGs
[2025-09-18T07:46:13.065+0000] {logging_mixin.py:188} INFO - [2025-09-18T07:46:13.065+0000] {dag.py:3823} INFO - Setting next_dagrun for example_setup_teardown_taskflow to 2025-09-17 00:00:00+00:00, run_after=2025-09-18 00:00:00+00:00
[2025-09-18T07:46:13.101+0000] {processor.py:183} INFO - Processing /home/airflow/.local/lib/python3.8/site-packages/airflow/example_dags/example_setup_teardown_taskflow.py took 0.143 seconds
[2025-09-18T07:46:43.533+0000] {processor.py:161} INFO - Started process (PID=1187) to work on /home/airflow/.local/lib/python3.8/site-packages/airflow/example_dags/example_setup_teardown_taskflow.py
[2025-09-18T07:46:43.538+0000] {processor.py:830} INFO - Processing file /home/airflow/.local/lib/python3.8/site-packages/airflow/example_dags/example_setup_teardown_taskflow.py for tasks to queue
[2025-09-18T07:46:43.544+0000] {logging_mixin.py:188} INFO - [2025-09-18T07:46:43.543+0000] {dagbag.py:538} INFO - Filling up the DagBag from /home/airflow/.local/lib/python3.8/site-packages/airflow/example_dags/example_setup_teardown_taskflow.py
[2025-09-18T07:46:43.572+0000] {processor.py:840} INFO - DAG(s) 'example_setup_teardown_taskflow' retrieved from /home/airflow/.local/lib/python3.8/site-packages/airflow/example_dags/example_setup_teardown_taskflow.py
[2025-09-18T07:46:43.633+0000] {logging_mixin.py:188} INFO - [2025-09-18T07:46:43.633+0000] {dag.py:3036} INFO - Sync 1 DAGs
[2025-09-18T07:46:43.687+0000] {logging_mixin.py:188} INFO - [2025-09-18T07:46:43.687+0000] {dag.py:3823} INFO - Setting next_dagrun for example_setup_teardown_taskflow to 2025-09-17 00:00:00+00:00, run_after=2025-09-18 00:00:00+00:00
[2025-09-18T07:46:43.734+0000] {processor.py:183} INFO - Processing /home/airflow/.local/lib/python3.8/site-packages/airflow/example_dags/example_setup_teardown_taskflow.py took 0.210 seconds
[2025-09-18T07:47:14.409+0000] {processor.py:161} INFO - Started process (PID=1242) to work on /home/airflow/.local/lib/python3.8/site-packages/airflow/example_dags/example_setup_teardown_taskflow.py
[2025-09-18T07:47:14.411+0000] {processor.py:830} INFO - Processing file /home/airflow/.local/lib/python3.8/site-packages/airflow/example_dags/example_setup_teardown_taskflow.py for tasks to queue
[2025-09-18T07:47:14.414+0000] {logging_mixin.py:188} INFO - [2025-09-18T07:47:14.414+0000] {dagbag.py:538} INFO - Filling up the DagBag from /home/airflow/.local/lib/python3.8/site-packages/airflow/example_dags/example_setup_teardown_taskflow.py
[2025-09-18T07:47:14.432+0000] {processor.py:840} INFO - DAG(s) 'example_setup_teardown_taskflow' retrieved from /home/airflow/.local/lib/python3.8/site-packages/airflow/example_dags/example_setup_teardown_taskflow.py
[2025-09-18T07:47:14.469+0000] {logging_mixin.py:188} INFO - [2025-09-18T07:47:14.468+0000] {dag.py:3036} INFO - Sync 1 DAGs
[2025-09-18T07:47:14.510+0000] {logging_mixin.py:188} INFO - [2025-09-18T07:47:14.509+0000] {dag.py:3823} INFO - Setting next_dagrun for example_setup_teardown_taskflow to 2025-09-17 00:00:00+00:00, run_after=2025-09-18 00:00:00+00:00
[2025-09-18T07:47:14.549+0000] {processor.py:183} INFO - Processing /home/airflow/.local/lib/python3.8/site-packages/airflow/example_dags/example_setup_teardown_taskflow.py took 0.147 seconds
[2025-09-18T07:47:45.259+0000] {processor.py:161} INFO - Started process (PID=1298) to work on /home/airflow/.local/lib/python3.8/site-packages/airflow/example_dags/example_setup_teardown_taskflow.py
[2025-09-18T07:47:45.261+0000] {processor.py:830} INFO - Processing file /home/airflow/.local/lib/python3.8/site-packages/airflow/example_dags/example_setup_teardown_taskflow.py for tasks to queue
[2025-09-18T07:47:45.266+0000] {logging_mixin.py:188} INFO - [2025-09-18T07:47:45.264+0000] {dagbag.py:538} INFO - Filling up the DagBag from /home/airflow/.local/lib/python3.8/site-packages/airflow/example_dags/example_setup_teardown_taskflow.py
[2025-09-18T07:47:45.287+0000] {processor.py:840} INFO - DAG(s) 'example_setup_teardown_taskflow' retrieved from /home/airflow/.local/lib/python3.8/site-packages/airflow/example_dags/example_setup_teardown_taskflow.py
[2025-09-18T07:47:45.334+0000] {logging_mixin.py:188} INFO - [2025-09-18T07:47:45.333+0000] {dag.py:3036} INFO - Sync 1 DAGs
[2025-09-18T07:47:45.376+0000] {logging_mixin.py:188} INFO - [2025-09-18T07:47:45.376+0000] {dag.py:3823} INFO - Setting next_dagrun for example_setup_teardown_taskflow to 2025-09-17 00:00:00+00:00, run_after=2025-09-18 00:00:00+00:00
[2025-09-18T07:47:45.418+0000] {processor.py:183} INFO - Processing /home/airflow/.local/lib/python3.8/site-packages/airflow/example_dags/example_setup_teardown_taskflow.py took 0.165 seconds
[2025-09-18T07:48:16.240+0000] {processor.py:161} INFO - Started process (PID=1353) to work on /home/airflow/.local/lib/python3.8/site-packages/airflow/example_dags/example_setup_teardown_taskflow.py
[2025-09-18T07:48:16.245+0000] {processor.py:830} INFO - Processing file /home/airflow/.local/lib/python3.8/site-packages/airflow/example_dags/example_setup_teardown_taskflow.py for tasks to queue
[2025-09-18T07:48:16.252+0000] {logging_mixin.py:188} INFO - [2025-09-18T07:48:16.251+0000] {dagbag.py:538} INFO - Filling up the DagBag from /home/airflow/.local/lib/python3.8/site-packages/airflow/example_dags/example_setup_teardown_taskflow.py
[2025-09-18T07:48:16.285+0000] {processor.py:840} INFO - DAG(s) 'example_setup_teardown_taskflow' retrieved from /home/airflow/.local/lib/python3.8/site-packages/airflow/example_dags/example_setup_teardown_taskflow.py
[2025-09-18T07:48:16.358+0000] {logging_mixin.py:188} INFO - [2025-09-18T07:48:16.357+0000] {dag.py:3036} INFO - Sync 1 DAGs
[2025-09-18T07:48:16.436+0000] {logging_mixin.py:188} INFO - [2025-09-18T07:48:16.436+0000] {dag.py:3823} INFO - Setting next_dagrun for example_setup_teardown_taskflow to 2025-09-17 00:00:00+00:00, run_after=2025-09-18 00:00:00+00:00
[2025-09-18T07:48:16.500+0000] {processor.py:183} INFO - Processing /home/airflow/.local/lib/python3.8/site-packages/airflow/example_dags/example_setup_teardown_taskflow.py took 0.267 seconds
[2025-09-18T07:56:52.247+0000] {processor.py:161} INFO - Started process (PID=80) to work on /home/airflow/.local/lib/python3.8/site-packages/airflow/example_dags/example_setup_teardown_taskflow.py
[2025-09-18T07:56:52.250+0000] {processor.py:830} INFO - Processing file /home/airflow/.local/lib/python3.8/site-packages/airflow/example_dags/example_setup_teardown_taskflow.py for tasks to queue
[2025-09-18T07:56:52.253+0000] {logging_mixin.py:188} INFO - [2025-09-18T07:56:52.253+0000] {dagbag.py:538} INFO - Filling up the DagBag from /home/airflow/.local/lib/python3.8/site-packages/airflow/example_dags/example_setup_teardown_taskflow.py
[2025-09-18T07:56:52.275+0000] {processor.py:840} INFO - DAG(s) 'example_setup_teardown_taskflow' retrieved from /home/airflow/.local/lib/python3.8/site-packages/airflow/example_dags/example_setup_teardown_taskflow.py
[2025-09-18T07:56:52.501+0000] {logging_mixin.py:188} INFO - [2025-09-18T07:56:52.500+0000] {override.py:1769} INFO - Created Permission View: can edit on DAG:example_setup_teardown_taskflow
[2025-09-18T07:56:52.520+0000] {logging_mixin.py:188} INFO - [2025-09-18T07:56:52.519+0000] {override.py:1769} INFO - Created Permission View: can read on DAG:example_setup_teardown_taskflow
[2025-09-18T07:56:52.544+0000] {logging_mixin.py:188} INFO - [2025-09-18T07:56:52.543+0000] {override.py:1769} INFO - Created Permission View: can delete on DAG:example_setup_teardown_taskflow
[2025-09-18T07:56:52.545+0000] {logging_mixin.py:188} INFO - [2025-09-18T07:56:52.545+0000] {dag.py:3036} INFO - Sync 1 DAGs
[2025-09-18T07:56:52.568+0000] {logging_mixin.py:188} INFO - [2025-09-18T07:56:52.568+0000] {dag.py:3058} INFO - Creating ORM DAG for example_setup_teardown_taskflow
[2025-09-18T07:56:52.589+0000] {logging_mixin.py:188} INFO - [2025-09-18T07:56:52.588+0000] {dag.py:3823} INFO - Setting next_dagrun for example_setup_teardown_taskflow to 2025-09-17 00:00:00+00:00, run_after=2025-09-18 00:00:00+00:00
[2025-09-18T07:56:52.637+0000] {processor.py:183} INFO - Processing /home/airflow/.local/lib/python3.8/site-packages/airflow/example_dags/example_setup_teardown_taskflow.py took 0.395 seconds
[2025-09-18T07:57:26.838+0000] {processor.py:161} INFO - Started process (PID=135) to work on /home/airflow/.local/lib/python3.8/site-packages/airflow/example_dags/example_setup_teardown_taskflow.py
[2025-09-18T07:57:26.840+0000] {processor.py:830} INFO - Processing file /home/airflow/.local/lib/python3.8/site-packages/airflow/example_dags/example_setup_teardown_taskflow.py for tasks to queue
[2025-09-18T07:57:26.844+0000] {logging_mixin.py:188} INFO - [2025-09-18T07:57:26.843+0000] {dagbag.py:538} INFO - Filling up the DagBag from /home/airflow/.local/lib/python3.8/site-packages/airflow/example_dags/example_setup_teardown_taskflow.py
[2025-09-18T07:57:26.866+0000] {processor.py:840} INFO - DAG(s) 'example_setup_teardown_taskflow' retrieved from /home/airflow/.local/lib/python3.8/site-packages/airflow/example_dags/example_setup_teardown_taskflow.py
[2025-09-18T07:57:26.908+0000] {logging_mixin.py:188} INFO - [2025-09-18T07:57:26.908+0000] {dag.py:3036} INFO - Sync 1 DAGs
[2025-09-18T07:57:26.957+0000] {logging_mixin.py:188} INFO - [2025-09-18T07:57:26.957+0000] {dag.py:3823} INFO - Setting next_dagrun for example_setup_teardown_taskflow to 2025-09-17 00:00:00+00:00, run_after=2025-09-18 00:00:00+00:00
[2025-09-18T07:57:27.003+0000] {processor.py:183} INFO - Processing /home/airflow/.local/lib/python3.8/site-packages/airflow/example_dags/example_setup_teardown_taskflow.py took 0.173 seconds
[2025-09-18T07:57:57.696+0000] {processor.py:161} INFO - Started process (PID=197) to work on /home/airflow/.local/lib/python3.8/site-packages/airflow/example_dags/example_setup_teardown_taskflow.py
[2025-09-18T07:57:57.699+0000] {processor.py:830} INFO - Processing file /home/airflow/.local/lib/python3.8/site-packages/airflow/example_dags/example_setup_teardown_taskflow.py for tasks to queue
[2025-09-18T07:57:57.703+0000] {logging_mixin.py:188} INFO - [2025-09-18T07:57:57.702+0000] {dagbag.py:538} INFO - Filling up the DagBag from /home/airflow/.local/lib/python3.8/site-packages/airflow/example_dags/example_setup_teardown_taskflow.py
[2025-09-18T07:57:57.721+0000] {processor.py:840} INFO - DAG(s) 'example_setup_teardown_taskflow' retrieved from /home/airflow/.local/lib/python3.8/site-packages/airflow/example_dags/example_setup_teardown_taskflow.py
[2025-09-18T07:57:57.767+0000] {logging_mixin.py:188} INFO - [2025-09-18T07:57:57.766+0000] {dag.py:3036} INFO - Sync 1 DAGs
[2025-09-18T07:57:57.814+0000] {logging_mixin.py:188} INFO - [2025-09-18T07:57:57.814+0000] {dag.py:3823} INFO - Setting next_dagrun for example_setup_teardown_taskflow to 2025-09-17 00:00:00+00:00, run_after=2025-09-18 00:00:00+00:00
[2025-09-18T07:57:57.858+0000] {processor.py:183} INFO - Processing /home/airflow/.local/lib/python3.8/site-packages/airflow/example_dags/example_setup_teardown_taskflow.py took 0.169 seconds
[2025-09-18T09:46:55.134+0000] {processor.py:161} INFO - Started process (PID=80) to work on /home/airflow/.local/lib/python3.8/site-packages/airflow/example_dags/example_setup_teardown_taskflow.py
[2025-09-18T09:46:55.136+0000] {processor.py:830} INFO - Processing file /home/airflow/.local/lib/python3.8/site-packages/airflow/example_dags/example_setup_teardown_taskflow.py for tasks to queue
[2025-09-18T09:46:55.143+0000] {logging_mixin.py:188} INFO - [2025-09-18T09:46:55.139+0000] {dagbag.py:538} INFO - Filling up the DagBag from /home/airflow/.local/lib/python3.8/site-packages/airflow/example_dags/example_setup_teardown_taskflow.py
[2025-09-18T09:46:55.168+0000] {processor.py:840} INFO - DAG(s) 'example_setup_teardown_taskflow' retrieved from /home/airflow/.local/lib/python3.8/site-packages/airflow/example_dags/example_setup_teardown_taskflow.py
[2025-09-18T09:46:55.405+0000] {logging_mixin.py:188} INFO - [2025-09-18T09:46:55.404+0000] {override.py:1769} INFO - Created Permission View: can delete on DAG:example_setup_teardown_taskflow
[2025-09-18T09:46:55.432+0000] {logging_mixin.py:188} INFO - [2025-09-18T09:46:55.432+0000] {override.py:1769} INFO - Created Permission View: can edit on DAG:example_setup_teardown_taskflow
[2025-09-18T09:46:55.445+0000] {logging_mixin.py:188} INFO - [2025-09-18T09:46:55.444+0000] {override.py:1769} INFO - Created Permission View: can read on DAG:example_setup_teardown_taskflow
[2025-09-18T09:46:55.446+0000] {logging_mixin.py:188} INFO - [2025-09-18T09:46:55.446+0000] {dag.py:3036} INFO - Sync 1 DAGs
[2025-09-18T09:46:55.469+0000] {logging_mixin.py:188} INFO - [2025-09-18T09:46:55.469+0000] {dag.py:3058} INFO - Creating ORM DAG for example_setup_teardown_taskflow
[2025-09-18T09:46:55.491+0000] {logging_mixin.py:188} INFO - [2025-09-18T09:46:55.491+0000] {dag.py:3823} INFO - Setting next_dagrun for example_setup_teardown_taskflow to 2025-09-17 00:00:00+00:00, run_after=2025-09-18 00:00:00+00:00
[2025-09-18T09:46:55.527+0000] {processor.py:183} INFO - Processing /home/airflow/.local/lib/python3.8/site-packages/airflow/example_dags/example_setup_teardown_taskflow.py took 0.401 seconds
[2025-09-18T09:47:25.669+0000] {processor.py:161} INFO - Started process (PID=135) to work on /home/airflow/.local/lib/python3.8/site-packages/airflow/example_dags/example_setup_teardown_taskflow.py
[2025-09-18T09:47:25.671+0000] {processor.py:830} INFO - Processing file /home/airflow/.local/lib/python3.8/site-packages/airflow/example_dags/example_setup_teardown_taskflow.py for tasks to queue
[2025-09-18T09:47:25.675+0000] {logging_mixin.py:188} INFO - [2025-09-18T09:47:25.675+0000] {dagbag.py:538} INFO - Filling up the DagBag from /home/airflow/.local/lib/python3.8/site-packages/airflow/example_dags/example_setup_teardown_taskflow.py
[2025-09-18T09:47:25.694+0000] {processor.py:840} INFO - DAG(s) 'example_setup_teardown_taskflow' retrieved from /home/airflow/.local/lib/python3.8/site-packages/airflow/example_dags/example_setup_teardown_taskflow.py
[2025-09-18T09:47:25.734+0000] {logging_mixin.py:188} INFO - [2025-09-18T09:47:25.734+0000] {dag.py:3036} INFO - Sync 1 DAGs
[2025-09-18T09:47:25.783+0000] {logging_mixin.py:188} INFO - [2025-09-18T09:47:25.782+0000] {dag.py:3823} INFO - Setting next_dagrun for example_setup_teardown_taskflow to 2025-09-17 00:00:00+00:00, run_after=2025-09-18 00:00:00+00:00
[2025-09-18T09:47:25.823+0000] {processor.py:183} INFO - Processing /home/airflow/.local/lib/python3.8/site-packages/airflow/example_dags/example_setup_teardown_taskflow.py took 0.163 seconds
[2025-09-18T09:47:55.894+0000] {processor.py:161} INFO - Started process (PID=190) to work on /home/airflow/.local/lib/python3.8/site-packages/airflow/example_dags/example_setup_teardown_taskflow.py
[2025-09-18T09:47:55.896+0000] {processor.py:830} INFO - Processing file /home/airflow/.local/lib/python3.8/site-packages/airflow/example_dags/example_setup_teardown_taskflow.py for tasks to queue
[2025-09-18T09:47:55.902+0000] {logging_mixin.py:188} INFO - [2025-09-18T09:47:55.901+0000] {dagbag.py:538} INFO - Filling up the DagBag from /home/airflow/.local/lib/python3.8/site-packages/airflow/example_dags/example_setup_teardown_taskflow.py
[2025-09-18T09:47:55.925+0000] {processor.py:840} INFO - DAG(s) 'example_setup_teardown_taskflow' retrieved from /home/airflow/.local/lib/python3.8/site-packages/airflow/example_dags/example_setup_teardown_taskflow.py
[2025-09-18T09:47:56.027+0000] {logging_mixin.py:188} INFO - [2025-09-18T09:47:56.027+0000] {dag.py:3036} INFO - Sync 1 DAGs
[2025-09-18T09:47:56.136+0000] {logging_mixin.py:188} INFO - [2025-09-18T09:47:56.135+0000] {dag.py:3823} INFO - Setting next_dagrun for example_setup_teardown_taskflow to 2025-09-17 00:00:00+00:00, run_after=2025-09-18 00:00:00+00:00
[2025-09-18T09:47:56.210+0000] {processor.py:183} INFO - Processing /home/airflow/.local/lib/python3.8/site-packages/airflow/example_dags/example_setup_teardown_taskflow.py took 0.324 seconds
[2025-09-18T09:48:26.858+0000] {processor.py:161} INFO - Started process (PID=245) to work on /home/airflow/.local/lib/python3.8/site-packages/airflow/example_dags/example_setup_teardown_taskflow.py
[2025-09-18T09:48:26.860+0000] {processor.py:830} INFO - Processing file /home/airflow/.local/lib/python3.8/site-packages/airflow/example_dags/example_setup_teardown_taskflow.py for tasks to queue
[2025-09-18T09:48:26.865+0000] {logging_mixin.py:188} INFO - [2025-09-18T09:48:26.865+0000] {dagbag.py:538} INFO - Filling up the DagBag from /home/airflow/.local/lib/python3.8/site-packages/airflow/example_dags/example_setup_teardown_taskflow.py
[2025-09-18T09:48:26.894+0000] {processor.py:840} INFO - DAG(s) 'example_setup_teardown_taskflow' retrieved from /home/airflow/.local/lib/python3.8/site-packages/airflow/example_dags/example_setup_teardown_taskflow.py
[2025-09-18T09:48:26.956+0000] {logging_mixin.py:188} INFO - [2025-09-18T09:48:26.956+0000] {dag.py:3036} INFO - Sync 1 DAGs
[2025-09-18T09:48:27.002+0000] {logging_mixin.py:188} INFO - [2025-09-18T09:48:27.002+0000] {dag.py:3823} INFO - Setting next_dagrun for example_setup_teardown_taskflow to 2025-09-17 00:00:00+00:00, run_after=2025-09-18 00:00:00+00:00
[2025-09-18T09:48:27.041+0000] {processor.py:183} INFO - Processing /home/airflow/.local/lib/python3.8/site-packages/airflow/example_dags/example_setup_teardown_taskflow.py took 0.189 seconds
[2025-09-18T09:48:57.876+0000] {processor.py:161} INFO - Started process (PID=300) to work on /home/airflow/.local/lib/python3.8/site-packages/airflow/example_dags/example_setup_teardown_taskflow.py
[2025-09-18T09:48:57.879+0000] {processor.py:830} INFO - Processing file /home/airflow/.local/lib/python3.8/site-packages/airflow/example_dags/example_setup_teardown_taskflow.py for tasks to queue
[2025-09-18T09:48:57.884+0000] {logging_mixin.py:188} INFO - [2025-09-18T09:48:57.883+0000] {dagbag.py:538} INFO - Filling up the DagBag from /home/airflow/.local/lib/python3.8/site-packages/airflow/example_dags/example_setup_teardown_taskflow.py
[2025-09-18T09:48:57.912+0000] {processor.py:840} INFO - DAG(s) 'example_setup_teardown_taskflow' retrieved from /home/airflow/.local/lib/python3.8/site-packages/airflow/example_dags/example_setup_teardown_taskflow.py
[2025-09-18T09:48:57.974+0000] {logging_mixin.py:188} INFO - [2025-09-18T09:48:57.973+0000] {dag.py:3036} INFO - Sync 1 DAGs
[2025-09-18T09:48:58.038+0000] {logging_mixin.py:188} INFO - [2025-09-18T09:48:58.037+0000] {dag.py:3823} INFO - Setting next_dagrun for example_setup_teardown_taskflow to 2025-09-17 00:00:00+00:00, run_after=2025-09-18 00:00:00+00:00
[2025-09-18T09:48:58.089+0000] {processor.py:183} INFO - Processing /home/airflow/.local/lib/python3.8/site-packages/airflow/example_dags/example_setup_teardown_taskflow.py took 0.223 seconds
[2025-09-18T09:49:28.230+0000] {processor.py:161} INFO - Started process (PID=355) to work on /home/airflow/.local/lib/python3.8/site-packages/airflow/example_dags/example_setup_teardown_taskflow.py
[2025-09-18T09:49:28.232+0000] {processor.py:830} INFO - Processing file /home/airflow/.local/lib/python3.8/site-packages/airflow/example_dags/example_setup_teardown_taskflow.py for tasks to queue
[2025-09-18T09:49:28.235+0000] {logging_mixin.py:188} INFO - [2025-09-18T09:49:28.235+0000] {dagbag.py:538} INFO - Filling up the DagBag from /home/airflow/.local/lib/python3.8/site-packages/airflow/example_dags/example_setup_teardown_taskflow.py
[2025-09-18T09:49:28.253+0000] {processor.py:840} INFO - DAG(s) 'example_setup_teardown_taskflow' retrieved from /home/airflow/.local/lib/python3.8/site-packages/airflow/example_dags/example_setup_teardown_taskflow.py
[2025-09-18T09:49:28.295+0000] {logging_mixin.py:188} INFO - [2025-09-18T09:49:28.294+0000] {dag.py:3036} INFO - Sync 1 DAGs
[2025-09-18T09:49:28.344+0000] {logging_mixin.py:188} INFO - [2025-09-18T09:49:28.343+0000] {dag.py:3823} INFO - Setting next_dagrun for example_setup_teardown_taskflow to 2025-09-17 00:00:00+00:00, run_after=2025-09-18 00:00:00+00:00
[2025-09-18T09:49:28.380+0000] {processor.py:183} INFO - Processing /home/airflow/.local/lib/python3.8/site-packages/airflow/example_dags/example_setup_teardown_taskflow.py took 0.159 seconds
[2025-09-18T09:49:58.851+0000] {processor.py:161} INFO - Started process (PID=410) to work on /home/airflow/.local/lib/python3.8/site-packages/airflow/example_dags/example_setup_teardown_taskflow.py
[2025-09-18T09:49:58.854+0000] {processor.py:830} INFO - Processing file /home/airflow/.local/lib/python3.8/site-packages/airflow/example_dags/example_setup_teardown_taskflow.py for tasks to queue
[2025-09-18T09:49:58.859+0000] {logging_mixin.py:188} INFO - [2025-09-18T09:49:58.858+0000] {dagbag.py:538} INFO - Filling up the DagBag from /home/airflow/.local/lib/python3.8/site-packages/airflow/example_dags/example_setup_teardown_taskflow.py
[2025-09-18T09:49:58.889+0000] {processor.py:840} INFO - DAG(s) 'example_setup_teardown_taskflow' retrieved from /home/airflow/.local/lib/python3.8/site-packages/airflow/example_dags/example_setup_teardown_taskflow.py
[2025-09-18T09:49:58.953+0000] {logging_mixin.py:188} INFO - [2025-09-18T09:49:58.952+0000] {dag.py:3036} INFO - Sync 1 DAGs
[2025-09-18T09:49:59.017+0000] {logging_mixin.py:188} INFO - [2025-09-18T09:49:59.017+0000] {dag.py:3823} INFO - Setting next_dagrun for example_setup_teardown_taskflow to 2025-09-17 00:00:00+00:00, run_after=2025-09-18 00:00:00+00:00
[2025-09-18T09:49:59.066+0000] {processor.py:183} INFO - Processing /home/airflow/.local/lib/python3.8/site-packages/airflow/example_dags/example_setup_teardown_taskflow.py took 0.223 seconds
[2025-09-18T09:50:29.395+0000] {processor.py:161} INFO - Started process (PID=465) to work on /home/airflow/.local/lib/python3.8/site-packages/airflow/example_dags/example_setup_teardown_taskflow.py
[2025-09-18T09:50:29.408+0000] {processor.py:830} INFO - Processing file /home/airflow/.local/lib/python3.8/site-packages/airflow/example_dags/example_setup_teardown_taskflow.py for tasks to queue
[2025-09-18T09:50:29.418+0000] {logging_mixin.py:188} INFO - [2025-09-18T09:50:29.417+0000] {dagbag.py:538} INFO - Filling up the DagBag from /home/airflow/.local/lib/python3.8/site-packages/airflow/example_dags/example_setup_teardown_taskflow.py
[2025-09-18T09:50:29.477+0000] {processor.py:840} INFO - DAG(s) 'example_setup_teardown_taskflow' retrieved from /home/airflow/.local/lib/python3.8/site-packages/airflow/example_dags/example_setup_teardown_taskflow.py
[2025-09-18T09:50:29.580+0000] {logging_mixin.py:188} INFO - [2025-09-18T09:50:29.578+0000] {dag.py:3036} INFO - Sync 1 DAGs
[2025-09-18T09:50:29.648+0000] {logging_mixin.py:188} INFO - [2025-09-18T09:50:29.647+0000] {dag.py:3823} INFO - Setting next_dagrun for example_setup_teardown_taskflow to 2025-09-17 00:00:00+00:00, run_after=2025-09-18 00:00:00+00:00
[2025-09-18T09:50:29.692+0000] {processor.py:183} INFO - Processing /home/airflow/.local/lib/python3.8/site-packages/airflow/example_dags/example_setup_teardown_taskflow.py took 0.317 seconds
[2025-09-18T09:50:59.875+0000] {processor.py:161} INFO - Started process (PID=520) to work on /home/airflow/.local/lib/python3.8/site-packages/airflow/example_dags/example_setup_teardown_taskflow.py
[2025-09-18T09:50:59.878+0000] {processor.py:830} INFO - Processing file /home/airflow/.local/lib/python3.8/site-packages/airflow/example_dags/example_setup_teardown_taskflow.py for tasks to queue
[2025-09-18T09:50:59.882+0000] {logging_mixin.py:188} INFO - [2025-09-18T09:50:59.881+0000] {dagbag.py:538} INFO - Filling up the DagBag from /home/airflow/.local/lib/python3.8/site-packages/airflow/example_dags/example_setup_teardown_taskflow.py
[2025-09-18T09:50:59.905+0000] {processor.py:840} INFO - DAG(s) 'example_setup_teardown_taskflow' retrieved from /home/airflow/.local/lib/python3.8/site-packages/airflow/example_dags/example_setup_teardown_taskflow.py
[2025-09-18T09:50:59.965+0000] {logging_mixin.py:188} INFO - [2025-09-18T09:50:59.962+0000] {dag.py:3036} INFO - Sync 1 DAGs
[2025-09-18T09:51:00.038+0000] {logging_mixin.py:188} INFO - [2025-09-18T09:51:00.038+0000] {dag.py:3823} INFO - Setting next_dagrun for example_setup_teardown_taskflow to 2025-09-17 00:00:00+00:00, run_after=2025-09-18 00:00:00+00:00
[2025-09-18T09:51:00.089+0000] {processor.py:183} INFO - Processing /home/airflow/.local/lib/python3.8/site-packages/airflow/example_dags/example_setup_teardown_taskflow.py took 0.223 seconds
[2025-09-18T09:54:06.388+0000] {processor.py:161} INFO - Started process (PID=81) to work on /home/airflow/.local/lib/python3.8/site-packages/airflow/example_dags/example_setup_teardown_taskflow.py
[2025-09-18T09:54:06.391+0000] {processor.py:830} INFO - Processing file /home/airflow/.local/lib/python3.8/site-packages/airflow/example_dags/example_setup_teardown_taskflow.py for tasks to queue
[2025-09-18T09:54:06.396+0000] {logging_mixin.py:188} INFO - [2025-09-18T09:54:06.395+0000] {dagbag.py:538} INFO - Filling up the DagBag from /home/airflow/.local/lib/python3.8/site-packages/airflow/example_dags/example_setup_teardown_taskflow.py
[2025-09-18T09:54:06.422+0000] {processor.py:840} INFO - DAG(s) 'example_setup_teardown_taskflow' retrieved from /home/airflow/.local/lib/python3.8/site-packages/airflow/example_dags/example_setup_teardown_taskflow.py
[2025-09-18T09:54:06.738+0000] {logging_mixin.py:188} INFO - [2025-09-18T09:54:06.736+0000] {override.py:1769} INFO - Created Permission View: can delete on DAG:example_setup_teardown_taskflow
[2025-09-18T09:54:06.796+0000] {logging_mixin.py:188} INFO - [2025-09-18T09:54:06.795+0000] {override.py:1769} INFO - Created Permission View: can edit on DAG:example_setup_teardown_taskflow
[2025-09-18T09:54:06.822+0000] {logging_mixin.py:188} INFO - [2025-09-18T09:54:06.821+0000] {override.py:1769} INFO - Created Permission View: can read on DAG:example_setup_teardown_taskflow
[2025-09-18T09:54:06.825+0000] {logging_mixin.py:188} INFO - [2025-09-18T09:54:06.825+0000] {dag.py:3036} INFO - Sync 1 DAGs
[2025-09-18T09:54:06.905+0000] {logging_mixin.py:188} INFO - [2025-09-18T09:54:06.905+0000] {dag.py:3058} INFO - Creating ORM DAG for example_setup_teardown_taskflow
[2025-09-18T09:54:07.003+0000] {logging_mixin.py:188} INFO - [2025-09-18T09:54:07.003+0000] {dag.py:3823} INFO - Setting next_dagrun for example_setup_teardown_taskflow to 2025-09-17 00:00:00+00:00, run_after=2025-09-18 00:00:00+00:00
[2025-09-18T09:54:07.084+0000] {processor.py:183} INFO - Processing /home/airflow/.local/lib/python3.8/site-packages/airflow/example_dags/example_setup_teardown_taskflow.py took 0.705 seconds
[2025-09-18T09:54:37.920+0000] {processor.py:161} INFO - Started process (PID=143) to work on /home/airflow/.local/lib/python3.8/site-packages/airflow/example_dags/example_setup_teardown_taskflow.py
[2025-09-18T09:54:37.922+0000] {processor.py:830} INFO - Processing file /home/airflow/.local/lib/python3.8/site-packages/airflow/example_dags/example_setup_teardown_taskflow.py for tasks to queue
[2025-09-18T09:54:37.927+0000] {logging_mixin.py:188} INFO - [2025-09-18T09:54:37.926+0000] {dagbag.py:538} INFO - Filling up the DagBag from /home/airflow/.local/lib/python3.8/site-packages/airflow/example_dags/example_setup_teardown_taskflow.py
[2025-09-18T09:54:37.949+0000] {processor.py:840} INFO - DAG(s) 'example_setup_teardown_taskflow' retrieved from /home/airflow/.local/lib/python3.8/site-packages/airflow/example_dags/example_setup_teardown_taskflow.py
[2025-09-18T09:54:37.999+0000] {logging_mixin.py:188} INFO - [2025-09-18T09:54:37.998+0000] {dag.py:3036} INFO - Sync 1 DAGs
[2025-09-18T09:54:38.057+0000] {logging_mixin.py:188} INFO - [2025-09-18T09:54:38.056+0000] {dag.py:3823} INFO - Setting next_dagrun for example_setup_teardown_taskflow to 2025-09-17 00:00:00+00:00, run_after=2025-09-18 00:00:00+00:00
[2025-09-18T09:54:38.104+0000] {processor.py:183} INFO - Processing /home/airflow/.local/lib/python3.8/site-packages/airflow/example_dags/example_setup_teardown_taskflow.py took 0.190 seconds
[2025-09-18T09:55:08.721+0000] {processor.py:161} INFO - Started process (PID=198) to work on /home/airflow/.local/lib/python3.8/site-packages/airflow/example_dags/example_setup_teardown_taskflow.py
[2025-09-18T09:55:08.722+0000] {processor.py:830} INFO - Processing file /home/airflow/.local/lib/python3.8/site-packages/airflow/example_dags/example_setup_teardown_taskflow.py for tasks to queue
[2025-09-18T09:55:08.726+0000] {logging_mixin.py:188} INFO - [2025-09-18T09:55:08.726+0000] {dagbag.py:538} INFO - Filling up the DagBag from /home/airflow/.local/lib/python3.8/site-packages/airflow/example_dags/example_setup_teardown_taskflow.py
[2025-09-18T09:55:08.744+0000] {processor.py:840} INFO - DAG(s) 'example_setup_teardown_taskflow' retrieved from /home/airflow/.local/lib/python3.8/site-packages/airflow/example_dags/example_setup_teardown_taskflow.py
[2025-09-18T09:55:08.790+0000] {logging_mixin.py:188} INFO - [2025-09-18T09:55:08.790+0000] {dag.py:3036} INFO - Sync 1 DAGs
[2025-09-18T09:55:08.851+0000] {logging_mixin.py:188} INFO - [2025-09-18T09:55:08.851+0000] {dag.py:3823} INFO - Setting next_dagrun for example_setup_teardown_taskflow to 2025-09-17 00:00:00+00:00, run_after=2025-09-18 00:00:00+00:00
[2025-09-18T09:55:08.891+0000] {processor.py:183} INFO - Processing /home/airflow/.local/lib/python3.8/site-packages/airflow/example_dags/example_setup_teardown_taskflow.py took 0.177 seconds
[2025-09-18T09:55:39.113+0000] {processor.py:161} INFO - Started process (PID=253) to work on /home/airflow/.local/lib/python3.8/site-packages/airflow/example_dags/example_setup_teardown_taskflow.py
[2025-09-18T09:55:39.116+0000] {processor.py:830} INFO - Processing file /home/airflow/.local/lib/python3.8/site-packages/airflow/example_dags/example_setup_teardown_taskflow.py for tasks to queue
[2025-09-18T09:55:39.121+0000] {logging_mixin.py:188} INFO - [2025-09-18T09:55:39.121+0000] {dagbag.py:538} INFO - Filling up the DagBag from /home/airflow/.local/lib/python3.8/site-packages/airflow/example_dags/example_setup_teardown_taskflow.py
[2025-09-18T09:55:39.151+0000] {processor.py:840} INFO - DAG(s) 'example_setup_teardown_taskflow' retrieved from /home/airflow/.local/lib/python3.8/site-packages/airflow/example_dags/example_setup_teardown_taskflow.py
[2025-09-18T09:55:39.208+0000] {logging_mixin.py:188} INFO - [2025-09-18T09:55:39.208+0000] {dag.py:3036} INFO - Sync 1 DAGs
[2025-09-18T09:55:39.275+0000] {logging_mixin.py:188} INFO - [2025-09-18T09:55:39.275+0000] {dag.py:3823} INFO - Setting next_dagrun for example_setup_teardown_taskflow to 2025-09-17 00:00:00+00:00, run_after=2025-09-18 00:00:00+00:00
[2025-09-18T09:55:39.334+0000] {processor.py:183} INFO - Processing /home/airflow/.local/lib/python3.8/site-packages/airflow/example_dags/example_setup_teardown_taskflow.py took 0.231 seconds
[2025-09-18T09:56:10.165+0000] {processor.py:161} INFO - Started process (PID=308) to work on /home/airflow/.local/lib/python3.8/site-packages/airflow/example_dags/example_setup_teardown_taskflow.py
[2025-09-18T09:56:10.167+0000] {processor.py:830} INFO - Processing file /home/airflow/.local/lib/python3.8/site-packages/airflow/example_dags/example_setup_teardown_taskflow.py for tasks to queue
[2025-09-18T09:56:10.172+0000] {logging_mixin.py:188} INFO - [2025-09-18T09:56:10.171+0000] {dagbag.py:538} INFO - Filling up the DagBag from /home/airflow/.local/lib/python3.8/site-packages/airflow/example_dags/example_setup_teardown_taskflow.py
[2025-09-18T09:56:10.197+0000] {processor.py:840} INFO - DAG(s) 'example_setup_teardown_taskflow' retrieved from /home/airflow/.local/lib/python3.8/site-packages/airflow/example_dags/example_setup_teardown_taskflow.py
[2025-09-18T09:56:10.250+0000] {logging_mixin.py:188} INFO - [2025-09-18T09:56:10.250+0000] {dag.py:3036} INFO - Sync 1 DAGs
[2025-09-18T09:56:10.311+0000] {logging_mixin.py:188} INFO - [2025-09-18T09:56:10.309+0000] {dag.py:3823} INFO - Setting next_dagrun for example_setup_teardown_taskflow to 2025-09-17 00:00:00+00:00, run_after=2025-09-18 00:00:00+00:00
[2025-09-18T09:56:10.355+0000] {processor.py:183} INFO - Processing /home/airflow/.local/lib/python3.8/site-packages/airflow/example_dags/example_setup_teardown_taskflow.py took 0.198 seconds
[2025-09-18T09:56:40.599+0000] {processor.py:161} INFO - Started process (PID=363) to work on /home/airflow/.local/lib/python3.8/site-packages/airflow/example_dags/example_setup_teardown_taskflow.py
[2025-09-18T09:56:40.602+0000] {processor.py:830} INFO - Processing file /home/airflow/.local/lib/python3.8/site-packages/airflow/example_dags/example_setup_teardown_taskflow.py for tasks to queue
[2025-09-18T09:56:40.607+0000] {logging_mixin.py:188} INFO - [2025-09-18T09:56:40.606+0000] {dagbag.py:538} INFO - Filling up the DagBag from /home/airflow/.local/lib/python3.8/site-packages/airflow/example_dags/example_setup_teardown_taskflow.py
[2025-09-18T09:56:40.633+0000] {processor.py:840} INFO - DAG(s) 'example_setup_teardown_taskflow' retrieved from /home/airflow/.local/lib/python3.8/site-packages/airflow/example_dags/example_setup_teardown_taskflow.py
[2025-09-18T09:56:40.692+0000] {logging_mixin.py:188} INFO - [2025-09-18T09:56:40.691+0000] {dag.py:3036} INFO - Sync 1 DAGs
[2025-09-18T09:56:40.747+0000] {logging_mixin.py:188} INFO - [2025-09-18T09:56:40.747+0000] {dag.py:3823} INFO - Setting next_dagrun for example_setup_teardown_taskflow to 2025-09-17 00:00:00+00:00, run_after=2025-09-18 00:00:00+00:00
[2025-09-18T09:56:40.796+0000] {processor.py:183} INFO - Processing /home/airflow/.local/lib/python3.8/site-packages/airflow/example_dags/example_setup_teardown_taskflow.py took 0.206 seconds
[2025-09-18T09:57:11.041+0000] {processor.py:161} INFO - Started process (PID=419) to work on /home/airflow/.local/lib/python3.8/site-packages/airflow/example_dags/example_setup_teardown_taskflow.py
[2025-09-18T09:57:11.043+0000] {processor.py:830} INFO - Processing file /home/airflow/.local/lib/python3.8/site-packages/airflow/example_dags/example_setup_teardown_taskflow.py for tasks to queue
[2025-09-18T09:57:11.046+0000] {logging_mixin.py:188} INFO - [2025-09-18T09:57:11.046+0000] {dagbag.py:538} INFO - Filling up the DagBag from /home/airflow/.local/lib/python3.8/site-packages/airflow/example_dags/example_setup_teardown_taskflow.py
[2025-09-18T09:57:11.064+0000] {processor.py:840} INFO - DAG(s) 'example_setup_teardown_taskflow' retrieved from /home/airflow/.local/lib/python3.8/site-packages/airflow/example_dags/example_setup_teardown_taskflow.py
[2025-09-18T09:57:11.104+0000] {logging_mixin.py:188} INFO - [2025-09-18T09:57:11.103+0000] {dag.py:3036} INFO - Sync 1 DAGs
[2025-09-18T09:57:11.143+0000] {logging_mixin.py:188} INFO - [2025-09-18T09:57:11.142+0000] {dag.py:3823} INFO - Setting next_dagrun for example_setup_teardown_taskflow to 2025-09-17 00:00:00+00:00, run_after=2025-09-18 00:00:00+00:00
[2025-09-18T09:57:11.183+0000] {processor.py:183} INFO - Processing /home/airflow/.local/lib/python3.8/site-packages/airflow/example_dags/example_setup_teardown_taskflow.py took 0.147 seconds
[2025-09-18T09:57:41.266+0000] {processor.py:161} INFO - Started process (PID=474) to work on /home/airflow/.local/lib/python3.8/site-packages/airflow/example_dags/example_setup_teardown_taskflow.py
[2025-09-18T09:57:41.268+0000] {processor.py:830} INFO - Processing file /home/airflow/.local/lib/python3.8/site-packages/airflow/example_dags/example_setup_teardown_taskflow.py for tasks to queue
[2025-09-18T09:57:41.272+0000] {logging_mixin.py:188} INFO - [2025-09-18T09:57:41.271+0000] {dagbag.py:538} INFO - Filling up the DagBag from /home/airflow/.local/lib/python3.8/site-packages/airflow/example_dags/example_setup_teardown_taskflow.py
[2025-09-18T09:57:41.290+0000] {processor.py:840} INFO - DAG(s) 'example_setup_teardown_taskflow' retrieved from /home/airflow/.local/lib/python3.8/site-packages/airflow/example_dags/example_setup_teardown_taskflow.py
[2025-09-18T09:57:41.327+0000] {logging_mixin.py:188} INFO - [2025-09-18T09:57:41.327+0000] {dag.py:3036} INFO - Sync 1 DAGs
[2025-09-18T09:57:41.367+0000] {logging_mixin.py:188} INFO - [2025-09-18T09:57:41.366+0000] {dag.py:3823} INFO - Setting next_dagrun for example_setup_teardown_taskflow to 2025-09-17 00:00:00+00:00, run_after=2025-09-18 00:00:00+00:00
[2025-09-18T09:57:41.401+0000] {processor.py:183} INFO - Processing /home/airflow/.local/lib/python3.8/site-packages/airflow/example_dags/example_setup_teardown_taskflow.py took 0.141 seconds
[2025-09-18T09:58:11.467+0000] {processor.py:161} INFO - Started process (PID=528) to work on /home/airflow/.local/lib/python3.8/site-packages/airflow/example_dags/example_setup_teardown_taskflow.py
[2025-09-18T09:58:11.469+0000] {processor.py:830} INFO - Processing file /home/airflow/.local/lib/python3.8/site-packages/airflow/example_dags/example_setup_teardown_taskflow.py for tasks to queue
[2025-09-18T09:58:11.473+0000] {logging_mixin.py:188} INFO - [2025-09-18T09:58:11.473+0000] {dagbag.py:538} INFO - Filling up the DagBag from /home/airflow/.local/lib/python3.8/site-packages/airflow/example_dags/example_setup_teardown_taskflow.py
[2025-09-18T09:58:11.491+0000] {processor.py:840} INFO - DAG(s) 'example_setup_teardown_taskflow' retrieved from /home/airflow/.local/lib/python3.8/site-packages/airflow/example_dags/example_setup_teardown_taskflow.py
[2025-09-18T09:58:11.530+0000] {logging_mixin.py:188} INFO - [2025-09-18T09:58:11.530+0000] {dag.py:3036} INFO - Sync 1 DAGs
[2025-09-18T09:58:11.578+0000] {logging_mixin.py:188} INFO - [2025-09-18T09:58:11.577+0000] {dag.py:3823} INFO - Setting next_dagrun for example_setup_teardown_taskflow to 2025-09-17 00:00:00+00:00, run_after=2025-09-18 00:00:00+00:00
[2025-09-18T09:58:11.614+0000] {processor.py:183} INFO - Processing /home/airflow/.local/lib/python3.8/site-packages/airflow/example_dags/example_setup_teardown_taskflow.py took 0.153 seconds
[2025-09-18T09:58:42.469+0000] {processor.py:161} INFO - Started process (PID=583) to work on /home/airflow/.local/lib/python3.8/site-packages/airflow/example_dags/example_setup_teardown_taskflow.py
[2025-09-18T09:58:42.471+0000] {processor.py:830} INFO - Processing file /home/airflow/.local/lib/python3.8/site-packages/airflow/example_dags/example_setup_teardown_taskflow.py for tasks to queue
[2025-09-18T09:58:42.475+0000] {logging_mixin.py:188} INFO - [2025-09-18T09:58:42.474+0000] {dagbag.py:538} INFO - Filling up the DagBag from /home/airflow/.local/lib/python3.8/site-packages/airflow/example_dags/example_setup_teardown_taskflow.py
[2025-09-18T09:58:42.493+0000] {processor.py:840} INFO - DAG(s) 'example_setup_teardown_taskflow' retrieved from /home/airflow/.local/lib/python3.8/site-packages/airflow/example_dags/example_setup_teardown_taskflow.py
[2025-09-18T09:58:42.532+0000] {logging_mixin.py:188} INFO - [2025-09-18T09:58:42.532+0000] {dag.py:3036} INFO - Sync 1 DAGs
[2025-09-18T09:58:42.573+0000] {logging_mixin.py:188} INFO - [2025-09-18T09:58:42.573+0000] {dag.py:3823} INFO - Setting next_dagrun for example_setup_teardown_taskflow to 2025-09-17 00:00:00+00:00, run_after=2025-09-18 00:00:00+00:00
[2025-09-18T09:58:42.610+0000] {processor.py:183} INFO - Processing /home/airflow/.local/lib/python3.8/site-packages/airflow/example_dags/example_setup_teardown_taskflow.py took 0.149 seconds
[2025-09-18T09:59:12.981+0000] {processor.py:161} INFO - Started process (PID=638) to work on /home/airflow/.local/lib/python3.8/site-packages/airflow/example_dags/example_setup_teardown_taskflow.py
[2025-09-18T09:59:12.983+0000] {processor.py:830} INFO - Processing file /home/airflow/.local/lib/python3.8/site-packages/airflow/example_dags/example_setup_teardown_taskflow.py for tasks to queue
[2025-09-18T09:59:12.986+0000] {logging_mixin.py:188} INFO - [2025-09-18T09:59:12.986+0000] {dagbag.py:538} INFO - Filling up the DagBag from /home/airflow/.local/lib/python3.8/site-packages/airflow/example_dags/example_setup_teardown_taskflow.py
[2025-09-18T09:59:13.004+0000] {processor.py:840} INFO - DAG(s) 'example_setup_teardown_taskflow' retrieved from /home/airflow/.local/lib/python3.8/site-packages/airflow/example_dags/example_setup_teardown_taskflow.py
[2025-09-18T09:59:13.044+0000] {logging_mixin.py:188} INFO - [2025-09-18T09:59:13.044+0000] {dag.py:3036} INFO - Sync 1 DAGs
[2025-09-18T09:59:13.083+0000] {logging_mixin.py:188} INFO - [2025-09-18T09:59:13.083+0000] {dag.py:3823} INFO - Setting next_dagrun for example_setup_teardown_taskflow to 2025-09-17 00:00:00+00:00, run_after=2025-09-18 00:00:00+00:00
[2025-09-18T09:59:13.118+0000] {processor.py:183} INFO - Processing /home/airflow/.local/lib/python3.8/site-packages/airflow/example_dags/example_setup_teardown_taskflow.py took 0.143 seconds
[2025-09-18T09:59:43.956+0000] {processor.py:161} INFO - Started process (PID=693) to work on /home/airflow/.local/lib/python3.8/site-packages/airflow/example_dags/example_setup_teardown_taskflow.py
[2025-09-18T09:59:43.959+0000] {processor.py:830} INFO - Processing file /home/airflow/.local/lib/python3.8/site-packages/airflow/example_dags/example_setup_teardown_taskflow.py for tasks to queue
[2025-09-18T09:59:43.962+0000] {logging_mixin.py:188} INFO - [2025-09-18T09:59:43.962+0000] {dagbag.py:538} INFO - Filling up the DagBag from /home/airflow/.local/lib/python3.8/site-packages/airflow/example_dags/example_setup_teardown_taskflow.py
[2025-09-18T09:59:43.980+0000] {processor.py:840} INFO - DAG(s) 'example_setup_teardown_taskflow' retrieved from /home/airflow/.local/lib/python3.8/site-packages/airflow/example_dags/example_setup_teardown_taskflow.py
[2025-09-18T09:59:44.019+0000] {logging_mixin.py:188} INFO - [2025-09-18T09:59:44.018+0000] {dag.py:3036} INFO - Sync 1 DAGs
[2025-09-18T09:59:44.060+0000] {logging_mixin.py:188} INFO - [2025-09-18T09:59:44.060+0000] {dag.py:3823} INFO - Setting next_dagrun for example_setup_teardown_taskflow to 2025-09-17 00:00:00+00:00, run_after=2025-09-18 00:00:00+00:00
[2025-09-18T09:59:44.095+0000] {processor.py:183} INFO - Processing /home/airflow/.local/lib/python3.8/site-packages/airflow/example_dags/example_setup_teardown_taskflow.py took 0.145 seconds
[2025-09-18T10:00:14.827+0000] {processor.py:161} INFO - Started process (PID=748) to work on /home/airflow/.local/lib/python3.8/site-packages/airflow/example_dags/example_setup_teardown_taskflow.py
[2025-09-18T10:00:14.830+0000] {processor.py:830} INFO - Processing file /home/airflow/.local/lib/python3.8/site-packages/airflow/example_dags/example_setup_teardown_taskflow.py for tasks to queue
[2025-09-18T10:00:14.835+0000] {logging_mixin.py:188} INFO - [2025-09-18T10:00:14.834+0000] {dagbag.py:538} INFO - Filling up the DagBag from /home/airflow/.local/lib/python3.8/site-packages/airflow/example_dags/example_setup_teardown_taskflow.py
[2025-09-18T10:00:14.862+0000] {processor.py:840} INFO - DAG(s) 'example_setup_teardown_taskflow' retrieved from /home/airflow/.local/lib/python3.8/site-packages/airflow/example_dags/example_setup_teardown_taskflow.py
[2025-09-18T10:00:14.913+0000] {logging_mixin.py:188} INFO - [2025-09-18T10:00:14.912+0000] {dag.py:3036} INFO - Sync 1 DAGs
[2025-09-18T10:00:14.971+0000] {logging_mixin.py:188} INFO - [2025-09-18T10:00:14.970+0000] {dag.py:3823} INFO - Setting next_dagrun for example_setup_teardown_taskflow to 2025-09-17 00:00:00+00:00, run_after=2025-09-18 00:00:00+00:00
[2025-09-18T10:00:15.020+0000] {processor.py:183} INFO - Processing /home/airflow/.local/lib/python3.8/site-packages/airflow/example_dags/example_setup_teardown_taskflow.py took 0.200 seconds
[2025-09-18T10:00:45.430+0000] {processor.py:161} INFO - Started process (PID=803) to work on /home/airflow/.local/lib/python3.8/site-packages/airflow/example_dags/example_setup_teardown_taskflow.py
[2025-09-18T10:00:45.432+0000] {processor.py:830} INFO - Processing file /home/airflow/.local/lib/python3.8/site-packages/airflow/example_dags/example_setup_teardown_taskflow.py for tasks to queue
[2025-09-18T10:00:45.437+0000] {logging_mixin.py:188} INFO - [2025-09-18T10:00:45.436+0000] {dagbag.py:538} INFO - Filling up the DagBag from /home/airflow/.local/lib/python3.8/site-packages/airflow/example_dags/example_setup_teardown_taskflow.py
[2025-09-18T10:00:45.462+0000] {processor.py:840} INFO - DAG(s) 'example_setup_teardown_taskflow' retrieved from /home/airflow/.local/lib/python3.8/site-packages/airflow/example_dags/example_setup_teardown_taskflow.py
[2025-09-18T10:00:45.518+0000] {logging_mixin.py:188} INFO - [2025-09-18T10:00:45.518+0000] {dag.py:3036} INFO - Sync 1 DAGs
[2025-09-18T10:00:45.577+0000] {logging_mixin.py:188} INFO - [2025-09-18T10:00:45.576+0000] {dag.py:3823} INFO - Setting next_dagrun for example_setup_teardown_taskflow to 2025-09-17 00:00:00+00:00, run_after=2025-09-18 00:00:00+00:00
[2025-09-18T10:00:45.626+0000] {processor.py:183} INFO - Processing /home/airflow/.local/lib/python3.8/site-packages/airflow/example_dags/example_setup_teardown_taskflow.py took 0.204 seconds
[2025-09-18T10:01:16.340+0000] {processor.py:161} INFO - Started process (PID=858) to work on /home/airflow/.local/lib/python3.8/site-packages/airflow/example_dags/example_setup_teardown_taskflow.py
[2025-09-18T10:01:16.342+0000] {processor.py:830} INFO - Processing file /home/airflow/.local/lib/python3.8/site-packages/airflow/example_dags/example_setup_teardown_taskflow.py for tasks to queue
[2025-09-18T10:01:16.346+0000] {logging_mixin.py:188} INFO - [2025-09-18T10:01:16.345+0000] {dagbag.py:538} INFO - Filling up the DagBag from /home/airflow/.local/lib/python3.8/site-packages/airflow/example_dags/example_setup_teardown_taskflow.py
[2025-09-18T10:01:16.364+0000] {processor.py:840} INFO - DAG(s) 'example_setup_teardown_taskflow' retrieved from /home/airflow/.local/lib/python3.8/site-packages/airflow/example_dags/example_setup_teardown_taskflow.py
[2025-09-18T10:01:16.404+0000] {logging_mixin.py:188} INFO - [2025-09-18T10:01:16.404+0000] {dag.py:3036} INFO - Sync 1 DAGs
[2025-09-18T10:01:16.447+0000] {logging_mixin.py:188} INFO - [2025-09-18T10:01:16.447+0000] {dag.py:3823} INFO - Setting next_dagrun for example_setup_teardown_taskflow to 2025-09-17 00:00:00+00:00, run_after=2025-09-18 00:00:00+00:00
[2025-09-18T10:01:16.486+0000] {processor.py:183} INFO - Processing /home/airflow/.local/lib/python3.8/site-packages/airflow/example_dags/example_setup_teardown_taskflow.py took 0.151 seconds
[2025-09-18T10:01:47.313+0000] {processor.py:161} INFO - Started process (PID=913) to work on /home/airflow/.local/lib/python3.8/site-packages/airflow/example_dags/example_setup_teardown_taskflow.py
[2025-09-18T10:01:47.315+0000] {processor.py:830} INFO - Processing file /home/airflow/.local/lib/python3.8/site-packages/airflow/example_dags/example_setup_teardown_taskflow.py for tasks to queue
[2025-09-18T10:01:47.320+0000] {logging_mixin.py:188} INFO - [2025-09-18T10:01:47.319+0000] {dagbag.py:538} INFO - Filling up the DagBag from /home/airflow/.local/lib/python3.8/site-packages/airflow/example_dags/example_setup_teardown_taskflow.py
[2025-09-18T10:01:47.343+0000] {processor.py:840} INFO - DAG(s) 'example_setup_teardown_taskflow' retrieved from /home/airflow/.local/lib/python3.8/site-packages/airflow/example_dags/example_setup_teardown_taskflow.py
[2025-09-18T10:01:47.387+0000] {logging_mixin.py:188} INFO - [2025-09-18T10:01:47.386+0000] {dag.py:3036} INFO - Sync 1 DAGs
[2025-09-18T10:01:47.465+0000] {logging_mixin.py:188} INFO - [2025-09-18T10:01:47.464+0000] {dag.py:3823} INFO - Setting next_dagrun for example_setup_teardown_taskflow to 2025-09-17 00:00:00+00:00, run_after=2025-09-18 00:00:00+00:00
[2025-09-18T10:01:47.515+0000] {processor.py:183} INFO - Processing /home/airflow/.local/lib/python3.8/site-packages/airflow/example_dags/example_setup_teardown_taskflow.py took 0.212 seconds
[2025-09-18T10:02:17.684+0000] {processor.py:161} INFO - Started process (PID=968) to work on /home/airflow/.local/lib/python3.8/site-packages/airflow/example_dags/example_setup_teardown_taskflow.py
[2025-09-18T10:02:17.687+0000] {processor.py:830} INFO - Processing file /home/airflow/.local/lib/python3.8/site-packages/airflow/example_dags/example_setup_teardown_taskflow.py for tasks to queue
[2025-09-18T10:02:17.692+0000] {logging_mixin.py:188} INFO - [2025-09-18T10:02:17.691+0000] {dagbag.py:538} INFO - Filling up the DagBag from /home/airflow/.local/lib/python3.8/site-packages/airflow/example_dags/example_setup_teardown_taskflow.py
[2025-09-18T10:02:17.712+0000] {processor.py:840} INFO - DAG(s) 'example_setup_teardown_taskflow' retrieved from /home/airflow/.local/lib/python3.8/site-packages/airflow/example_dags/example_setup_teardown_taskflow.py
[2025-09-18T10:02:17.753+0000] {logging_mixin.py:188} INFO - [2025-09-18T10:02:17.753+0000] {dag.py:3036} INFO - Sync 1 DAGs
[2025-09-18T10:02:17.799+0000] {logging_mixin.py:188} INFO - [2025-09-18T10:02:17.798+0000] {dag.py:3823} INFO - Setting next_dagrun for example_setup_teardown_taskflow to 2025-09-17 00:00:00+00:00, run_after=2025-09-18 00:00:00+00:00
[2025-09-18T10:02:17.866+0000] {processor.py:183} INFO - Processing /home/airflow/.local/lib/python3.8/site-packages/airflow/example_dags/example_setup_teardown_taskflow.py took 0.189 seconds
[2025-09-18T10:02:48.372+0000] {processor.py:161} INFO - Started process (PID=1023) to work on /home/airflow/.local/lib/python3.8/site-packages/airflow/example_dags/example_setup_teardown_taskflow.py
[2025-09-18T10:02:48.374+0000] {processor.py:830} INFO - Processing file /home/airflow/.local/lib/python3.8/site-packages/airflow/example_dags/example_setup_teardown_taskflow.py for tasks to queue
[2025-09-18T10:02:48.378+0000] {logging_mixin.py:188} INFO - [2025-09-18T10:02:48.377+0000] {dagbag.py:538} INFO - Filling up the DagBag from /home/airflow/.local/lib/python3.8/site-packages/airflow/example_dags/example_setup_teardown_taskflow.py
[2025-09-18T10:02:48.396+0000] {processor.py:840} INFO - DAG(s) 'example_setup_teardown_taskflow' retrieved from /home/airflow/.local/lib/python3.8/site-packages/airflow/example_dags/example_setup_teardown_taskflow.py
[2025-09-18T10:02:48.441+0000] {logging_mixin.py:188} INFO - [2025-09-18T10:02:48.440+0000] {dag.py:3036} INFO - Sync 1 DAGs
[2025-09-18T10:02:48.487+0000] {logging_mixin.py:188} INFO - [2025-09-18T10:02:48.487+0000] {dag.py:3823} INFO - Setting next_dagrun for example_setup_teardown_taskflow to 2025-09-17 00:00:00+00:00, run_after=2025-09-18 00:00:00+00:00
[2025-09-18T10:02:48.531+0000] {processor.py:183} INFO - Processing /home/airflow/.local/lib/python3.8/site-packages/airflow/example_dags/example_setup_teardown_taskflow.py took 0.164 seconds
[2025-09-18T10:03:19.065+0000] {processor.py:161} INFO - Started process (PID=1078) to work on /home/airflow/.local/lib/python3.8/site-packages/airflow/example_dags/example_setup_teardown_taskflow.py
[2025-09-18T10:03:19.067+0000] {processor.py:830} INFO - Processing file /home/airflow/.local/lib/python3.8/site-packages/airflow/example_dags/example_setup_teardown_taskflow.py for tasks to queue
[2025-09-18T10:03:19.071+0000] {logging_mixin.py:188} INFO - [2025-09-18T10:03:19.070+0000] {dagbag.py:538} INFO - Filling up the DagBag from /home/airflow/.local/lib/python3.8/site-packages/airflow/example_dags/example_setup_teardown_taskflow.py
[2025-09-18T10:03:19.088+0000] {processor.py:840} INFO - DAG(s) 'example_setup_teardown_taskflow' retrieved from /home/airflow/.local/lib/python3.8/site-packages/airflow/example_dags/example_setup_teardown_taskflow.py
[2025-09-18T10:03:19.126+0000] {logging_mixin.py:188} INFO - [2025-09-18T10:03:19.126+0000] {dag.py:3036} INFO - Sync 1 DAGs
[2025-09-18T10:03:19.165+0000] {logging_mixin.py:188} INFO - [2025-09-18T10:03:19.165+0000] {dag.py:3823} INFO - Setting next_dagrun for example_setup_teardown_taskflow to 2025-09-17 00:00:00+00:00, run_after=2025-09-18 00:00:00+00:00
[2025-09-18T10:03:19.199+0000] {processor.py:183} INFO - Processing /home/airflow/.local/lib/python3.8/site-packages/airflow/example_dags/example_setup_teardown_taskflow.py took 0.140 seconds
[2025-09-18T10:03:49.557+0000] {processor.py:161} INFO - Started process (PID=1133) to work on /home/airflow/.local/lib/python3.8/site-packages/airflow/example_dags/example_setup_teardown_taskflow.py
[2025-09-18T10:03:49.559+0000] {processor.py:830} INFO - Processing file /home/airflow/.local/lib/python3.8/site-packages/airflow/example_dags/example_setup_teardown_taskflow.py for tasks to queue
[2025-09-18T10:03:49.563+0000] {logging_mixin.py:188} INFO - [2025-09-18T10:03:49.563+0000] {dagbag.py:538} INFO - Filling up the DagBag from /home/airflow/.local/lib/python3.8/site-packages/airflow/example_dags/example_setup_teardown_taskflow.py
[2025-09-18T10:03:49.581+0000] {processor.py:840} INFO - DAG(s) 'example_setup_teardown_taskflow' retrieved from /home/airflow/.local/lib/python3.8/site-packages/airflow/example_dags/example_setup_teardown_taskflow.py
[2025-09-18T10:03:49.621+0000] {logging_mixin.py:188} INFO - [2025-09-18T10:03:49.620+0000] {dag.py:3036} INFO - Sync 1 DAGs
[2025-09-18T10:03:49.663+0000] {logging_mixin.py:188} INFO - [2025-09-18T10:03:49.662+0000] {dag.py:3823} INFO - Setting next_dagrun for example_setup_teardown_taskflow to 2025-09-17 00:00:00+00:00, run_after=2025-09-18 00:00:00+00:00
[2025-09-18T10:03:49.698+0000] {processor.py:183} INFO - Processing /home/airflow/.local/lib/python3.8/site-packages/airflow/example_dags/example_setup_teardown_taskflow.py took 0.146 seconds
[2025-09-18T10:04:19.881+0000] {processor.py:161} INFO - Started process (PID=1188) to work on /home/airflow/.local/lib/python3.8/site-packages/airflow/example_dags/example_setup_teardown_taskflow.py
[2025-09-18T10:04:19.883+0000] {processor.py:830} INFO - Processing file /home/airflow/.local/lib/python3.8/site-packages/airflow/example_dags/example_setup_teardown_taskflow.py for tasks to queue
[2025-09-18T10:04:19.886+0000] {logging_mixin.py:188} INFO - [2025-09-18T10:04:19.886+0000] {dagbag.py:538} INFO - Filling up the DagBag from /home/airflow/.local/lib/python3.8/site-packages/airflow/example_dags/example_setup_teardown_taskflow.py
[2025-09-18T10:04:19.907+0000] {processor.py:840} INFO - DAG(s) 'example_setup_teardown_taskflow' retrieved from /home/airflow/.local/lib/python3.8/site-packages/airflow/example_dags/example_setup_teardown_taskflow.py
[2025-09-18T10:04:19.948+0000] {logging_mixin.py:188} INFO - [2025-09-18T10:04:19.947+0000] {dag.py:3036} INFO - Sync 1 DAGs
[2025-09-18T10:04:19.991+0000] {logging_mixin.py:188} INFO - [2025-09-18T10:04:19.991+0000] {dag.py:3823} INFO - Setting next_dagrun for example_setup_teardown_taskflow to 2025-09-17 00:00:00+00:00, run_after=2025-09-18 00:00:00+00:00
[2025-09-18T10:04:20.041+0000] {processor.py:183} INFO - Processing /home/airflow/.local/lib/python3.8/site-packages/airflow/example_dags/example_setup_teardown_taskflow.py took 0.166 seconds
[2025-09-18T10:04:50.325+0000] {processor.py:161} INFO - Started process (PID=1243) to work on /home/airflow/.local/lib/python3.8/site-packages/airflow/example_dags/example_setup_teardown_taskflow.py
[2025-09-18T10:04:50.328+0000] {processor.py:830} INFO - Processing file /home/airflow/.local/lib/python3.8/site-packages/airflow/example_dags/example_setup_teardown_taskflow.py for tasks to queue
[2025-09-18T10:04:50.331+0000] {logging_mixin.py:188} INFO - [2025-09-18T10:04:50.330+0000] {dagbag.py:538} INFO - Filling up the DagBag from /home/airflow/.local/lib/python3.8/site-packages/airflow/example_dags/example_setup_teardown_taskflow.py
[2025-09-18T10:04:50.352+0000] {processor.py:840} INFO - DAG(s) 'example_setup_teardown_taskflow' retrieved from /home/airflow/.local/lib/python3.8/site-packages/airflow/example_dags/example_setup_teardown_taskflow.py
[2025-09-18T10:04:50.397+0000] {logging_mixin.py:188} INFO - [2025-09-18T10:04:50.396+0000] {dag.py:3036} INFO - Sync 1 DAGs
[2025-09-18T10:04:50.442+0000] {logging_mixin.py:188} INFO - [2025-09-18T10:04:50.442+0000] {dag.py:3823} INFO - Setting next_dagrun for example_setup_teardown_taskflow to 2025-09-17 00:00:00+00:00, run_after=2025-09-18 00:00:00+00:00
[2025-09-18T10:04:50.483+0000] {processor.py:183} INFO - Processing /home/airflow/.local/lib/python3.8/site-packages/airflow/example_dags/example_setup_teardown_taskflow.py took 0.164 seconds
[2025-09-18T10:05:21.127+0000] {processor.py:161} INFO - Started process (PID=1298) to work on /home/airflow/.local/lib/python3.8/site-packages/airflow/example_dags/example_setup_teardown_taskflow.py
[2025-09-18T10:05:21.129+0000] {processor.py:830} INFO - Processing file /home/airflow/.local/lib/python3.8/site-packages/airflow/example_dags/example_setup_teardown_taskflow.py for tasks to queue
[2025-09-18T10:05:21.134+0000] {logging_mixin.py:188} INFO - [2025-09-18T10:05:21.133+0000] {dagbag.py:538} INFO - Filling up the DagBag from /home/airflow/.local/lib/python3.8/site-packages/airflow/example_dags/example_setup_teardown_taskflow.py
[2025-09-18T10:05:21.152+0000] {processor.py:840} INFO - DAG(s) 'example_setup_teardown_taskflow' retrieved from /home/airflow/.local/lib/python3.8/site-packages/airflow/example_dags/example_setup_teardown_taskflow.py
[2025-09-18T10:05:21.193+0000] {logging_mixin.py:188} INFO - [2025-09-18T10:05:21.193+0000] {dag.py:3036} INFO - Sync 1 DAGs
[2025-09-18T10:05:21.235+0000] {logging_mixin.py:188} INFO - [2025-09-18T10:05:21.234+0000] {dag.py:3823} INFO - Setting next_dagrun for example_setup_teardown_taskflow to 2025-09-17 00:00:00+00:00, run_after=2025-09-18 00:00:00+00:00
[2025-09-18T10:05:21.272+0000] {processor.py:183} INFO - Processing /home/airflow/.local/lib/python3.8/site-packages/airflow/example_dags/example_setup_teardown_taskflow.py took 0.152 seconds
