[2025-09-18T07:36:28.558+0000] {processor.py:161} INFO - Started process (PID=79) to work on /home/airflow/.local/lib/python3.8/site-packages/airflow/example_dags/example_params_ui_tutorial.py
[2025-09-18T07:36:28.561+0000] {processor.py:830} INFO - Processing file /home/airflow/.local/lib/python3.8/site-packages/airflow/example_dags/example_params_ui_tutorial.py for tasks to queue
[2025-09-18T07:36:28.564+0000] {logging_mixin.py:188} INFO - [2025-09-18T07:36:28.564+0000] {dagbag.py:538} INFO - Filling up the DagBag from /home/airflow/.local/lib/python3.8/site-packages/airflow/example_dags/example_params_ui_tutorial.py
[2025-09-18T07:36:28.588+0000] {processor.py:840} INFO - DAG(s) 'example_params_ui_tutorial' retrieved from /home/airflow/.local/lib/python3.8/site-packages/airflow/example_dags/example_params_ui_tutorial.py
[2025-09-18T07:36:28.883+0000] {logging_mixin.py:188} INFO - [2025-09-18T07:36:28.882+0000] {override.py:1769} INFO - Created Permission View: can read on DAG:example_params_ui_tutorial
[2025-09-18T07:36:28.906+0000] {logging_mixin.py:188} INFO - [2025-09-18T07:36:28.905+0000] {override.py:1769} INFO - Created Permission View: can delete on DAG:example_params_ui_tutorial
[2025-09-18T07:36:28.922+0000] {logging_mixin.py:188} INFO - [2025-09-18T07:36:28.921+0000] {override.py:1769} INFO - Created Permission View: can edit on DAG:example_params_ui_tutorial
[2025-09-18T07:36:28.923+0000] {logging_mixin.py:188} INFO - [2025-09-18T07:36:28.923+0000] {dag.py:3036} INFO - Sync 1 DAGs
[2025-09-18T07:36:28.949+0000] {logging_mixin.py:188} INFO - [2025-09-18T07:36:28.949+0000] {dag.py:3058} INFO - Creating ORM DAG for example_params_ui_tutorial
[2025-09-18T07:36:28.951+0000] {logging_mixin.py:188} INFO - [2025-09-18T07:36:28.951+0000] {dag.py:3823} INFO - Setting next_dagrun for example_params_ui_tutorial to None, run_after=None
[2025-09-18T07:36:29.011+0000] {processor.py:183} INFO - Processing /home/airflow/.local/lib/python3.8/site-packages/airflow/example_dags/example_params_ui_tutorial.py took 0.459 seconds
[2025-09-18T07:36:59.430+0000] {processor.py:161} INFO - Started process (PID=134) to work on /home/airflow/.local/lib/python3.8/site-packages/airflow/example_dags/example_params_ui_tutorial.py
[2025-09-18T07:36:59.432+0000] {processor.py:830} INFO - Processing file /home/airflow/.local/lib/python3.8/site-packages/airflow/example_dags/example_params_ui_tutorial.py for tasks to queue
[2025-09-18T07:36:59.436+0000] {logging_mixin.py:188} INFO - [2025-09-18T07:36:59.435+0000] {dagbag.py:538} INFO - Filling up the DagBag from /home/airflow/.local/lib/python3.8/site-packages/airflow/example_dags/example_params_ui_tutorial.py
[2025-09-18T07:36:59.461+0000] {processor.py:840} INFO - DAG(s) 'example_params_ui_tutorial' retrieved from /home/airflow/.local/lib/python3.8/site-packages/airflow/example_dags/example_params_ui_tutorial.py
[2025-09-18T07:36:59.603+0000] {logging_mixin.py:188} INFO - [2025-09-18T07:36:59.603+0000] {dag.py:3036} INFO - Sync 1 DAGs
[2025-09-18T07:36:59.629+0000] {logging_mixin.py:188} INFO - [2025-09-18T07:36:59.629+0000] {dag.py:3823} INFO - Setting next_dagrun for example_params_ui_tutorial to None, run_after=None
[2025-09-18T07:36:59.673+0000] {processor.py:183} INFO - Processing /home/airflow/.local/lib/python3.8/site-packages/airflow/example_dags/example_params_ui_tutorial.py took 0.251 seconds
[2025-09-18T07:37:30.253+0000] {processor.py:161} INFO - Started process (PID=189) to work on /home/airflow/.local/lib/python3.8/site-packages/airflow/example_dags/example_params_ui_tutorial.py
[2025-09-18T07:37:30.255+0000] {processor.py:830} INFO - Processing file /home/airflow/.local/lib/python3.8/site-packages/airflow/example_dags/example_params_ui_tutorial.py for tasks to queue
[2025-09-18T07:37:30.260+0000] {logging_mixin.py:188} INFO - [2025-09-18T07:37:30.259+0000] {dagbag.py:538} INFO - Filling up the DagBag from /home/airflow/.local/lib/python3.8/site-packages/airflow/example_dags/example_params_ui_tutorial.py
[2025-09-18T07:37:30.289+0000] {processor.py:840} INFO - DAG(s) 'example_params_ui_tutorial' retrieved from /home/airflow/.local/lib/python3.8/site-packages/airflow/example_dags/example_params_ui_tutorial.py
[2025-09-18T07:37:30.461+0000] {logging_mixin.py:188} INFO - [2025-09-18T07:37:30.460+0000] {dag.py:3036} INFO - Sync 1 DAGs
[2025-09-18T07:37:30.491+0000] {logging_mixin.py:188} INFO - [2025-09-18T07:37:30.490+0000] {dag.py:3823} INFO - Setting next_dagrun for example_params_ui_tutorial to None, run_after=None
[2025-09-18T07:37:30.535+0000] {processor.py:183} INFO - Processing /home/airflow/.local/lib/python3.8/site-packages/airflow/example_dags/example_params_ui_tutorial.py took 0.291 seconds
[2025-09-18T07:38:01.196+0000] {processor.py:161} INFO - Started process (PID=244) to work on /home/airflow/.local/lib/python3.8/site-packages/airflow/example_dags/example_params_ui_tutorial.py
[2025-09-18T07:38:01.201+0000] {processor.py:830} INFO - Processing file /home/airflow/.local/lib/python3.8/site-packages/airflow/example_dags/example_params_ui_tutorial.py for tasks to queue
[2025-09-18T07:38:01.207+0000] {logging_mixin.py:188} INFO - [2025-09-18T07:38:01.207+0000] {dagbag.py:538} INFO - Filling up the DagBag from /home/airflow/.local/lib/python3.8/site-packages/airflow/example_dags/example_params_ui_tutorial.py
[2025-09-18T07:38:01.240+0000] {processor.py:840} INFO - DAG(s) 'example_params_ui_tutorial' retrieved from /home/airflow/.local/lib/python3.8/site-packages/airflow/example_dags/example_params_ui_tutorial.py
[2025-09-18T07:38:01.391+0000] {logging_mixin.py:188} INFO - [2025-09-18T07:38:01.391+0000] {dag.py:3036} INFO - Sync 1 DAGs
[2025-09-18T07:38:01.424+0000] {logging_mixin.py:188} INFO - [2025-09-18T07:38:01.423+0000] {dag.py:3823} INFO - Setting next_dagrun for example_params_ui_tutorial to None, run_after=None
[2025-09-18T07:38:01.471+0000] {processor.py:183} INFO - Processing /home/airflow/.local/lib/python3.8/site-packages/airflow/example_dags/example_params_ui_tutorial.py took 0.315 seconds
[2025-09-18T07:38:33.157+0000] {processor.py:161} INFO - Started process (PID=299) to work on /home/airflow/.local/lib/python3.8/site-packages/airflow/example_dags/example_params_ui_tutorial.py
[2025-09-18T07:38:33.214+0000] {processor.py:830} INFO - Processing file /home/airflow/.local/lib/python3.8/site-packages/airflow/example_dags/example_params_ui_tutorial.py for tasks to queue
[2025-09-18T07:38:33.244+0000] {logging_mixin.py:188} INFO - [2025-09-18T07:38:33.243+0000] {dagbag.py:538} INFO - Filling up the DagBag from /home/airflow/.local/lib/python3.8/site-packages/airflow/example_dags/example_params_ui_tutorial.py
[2025-09-18T07:38:33.317+0000] {processor.py:840} INFO - DAG(s) 'example_params_ui_tutorial' retrieved from /home/airflow/.local/lib/python3.8/site-packages/airflow/example_dags/example_params_ui_tutorial.py
[2025-09-18T07:38:33.722+0000] {logging_mixin.py:188} INFO - [2025-09-18T07:38:33.721+0000] {dag.py:3036} INFO - Sync 1 DAGs
[2025-09-18T07:38:33.767+0000] {logging_mixin.py:188} INFO - [2025-09-18T07:38:33.766+0000] {dag.py:3823} INFO - Setting next_dagrun for example_params_ui_tutorial to None, run_after=None
[2025-09-18T07:38:33.859+0000] {processor.py:183} INFO - Processing /home/airflow/.local/lib/python3.8/site-packages/airflow/example_dags/example_params_ui_tutorial.py took 0.721 seconds
[2025-09-18T07:39:04.059+0000] {processor.py:161} INFO - Started process (PID=353) to work on /home/airflow/.local/lib/python3.8/site-packages/airflow/example_dags/example_params_ui_tutorial.py
[2025-09-18T07:39:04.061+0000] {processor.py:830} INFO - Processing file /home/airflow/.local/lib/python3.8/site-packages/airflow/example_dags/example_params_ui_tutorial.py for tasks to queue
[2025-09-18T07:39:04.065+0000] {logging_mixin.py:188} INFO - [2025-09-18T07:39:04.064+0000] {dagbag.py:538} INFO - Filling up the DagBag from /home/airflow/.local/lib/python3.8/site-packages/airflow/example_dags/example_params_ui_tutorial.py
[2025-09-18T07:39:04.086+0000] {processor.py:840} INFO - DAG(s) 'example_params_ui_tutorial' retrieved from /home/airflow/.local/lib/python3.8/site-packages/airflow/example_dags/example_params_ui_tutorial.py
[2025-09-18T07:39:04.261+0000] {logging_mixin.py:188} INFO - [2025-09-18T07:39:04.260+0000] {dag.py:3036} INFO - Sync 1 DAGs
[2025-09-18T07:39:04.284+0000] {logging_mixin.py:188} INFO - [2025-09-18T07:39:04.284+0000] {dag.py:3823} INFO - Setting next_dagrun for example_params_ui_tutorial to None, run_after=None
[2025-09-18T07:39:04.323+0000] {processor.py:183} INFO - Processing /home/airflow/.local/lib/python3.8/site-packages/airflow/example_dags/example_params_ui_tutorial.py took 0.271 seconds
[2025-09-18T07:39:34.409+0000] {processor.py:161} INFO - Started process (PID=408) to work on /home/airflow/.local/lib/python3.8/site-packages/airflow/example_dags/example_params_ui_tutorial.py
[2025-09-18T07:39:34.411+0000] {processor.py:830} INFO - Processing file /home/airflow/.local/lib/python3.8/site-packages/airflow/example_dags/example_params_ui_tutorial.py for tasks to queue
[2025-09-18T07:39:34.415+0000] {logging_mixin.py:188} INFO - [2025-09-18T07:39:34.415+0000] {dagbag.py:538} INFO - Filling up the DagBag from /home/airflow/.local/lib/python3.8/site-packages/airflow/example_dags/example_params_ui_tutorial.py
[2025-09-18T07:39:34.453+0000] {processor.py:840} INFO - DAG(s) 'example_params_ui_tutorial' retrieved from /home/airflow/.local/lib/python3.8/site-packages/airflow/example_dags/example_params_ui_tutorial.py
[2025-09-18T07:39:34.579+0000] {logging_mixin.py:188} INFO - [2025-09-18T07:39:34.578+0000] {dag.py:3036} INFO - Sync 1 DAGs
[2025-09-18T07:39:34.602+0000] {logging_mixin.py:188} INFO - [2025-09-18T07:39:34.602+0000] {dag.py:3823} INFO - Setting next_dagrun for example_params_ui_tutorial to None, run_after=None
[2025-09-18T07:39:34.637+0000] {processor.py:183} INFO - Processing /home/airflow/.local/lib/python3.8/site-packages/airflow/example_dags/example_params_ui_tutorial.py took 0.237 seconds
[2025-09-18T07:40:04.850+0000] {processor.py:161} INFO - Started process (PID=463) to work on /home/airflow/.local/lib/python3.8/site-packages/airflow/example_dags/example_params_ui_tutorial.py
[2025-09-18T07:40:04.852+0000] {processor.py:830} INFO - Processing file /home/airflow/.local/lib/python3.8/site-packages/airflow/example_dags/example_params_ui_tutorial.py for tasks to queue
[2025-09-18T07:40:04.855+0000] {logging_mixin.py:188} INFO - [2025-09-18T07:40:04.855+0000] {dagbag.py:538} INFO - Filling up the DagBag from /home/airflow/.local/lib/python3.8/site-packages/airflow/example_dags/example_params_ui_tutorial.py
[2025-09-18T07:40:04.878+0000] {processor.py:840} INFO - DAG(s) 'example_params_ui_tutorial' retrieved from /home/airflow/.local/lib/python3.8/site-packages/airflow/example_dags/example_params_ui_tutorial.py
[2025-09-18T07:40:04.993+0000] {logging_mixin.py:188} INFO - [2025-09-18T07:40:04.992+0000] {dag.py:3036} INFO - Sync 1 DAGs
[2025-09-18T07:40:05.017+0000] {logging_mixin.py:188} INFO - [2025-09-18T07:40:05.017+0000] {dag.py:3823} INFO - Setting next_dagrun for example_params_ui_tutorial to None, run_after=None
[2025-09-18T07:40:05.056+0000] {processor.py:183} INFO - Processing /home/airflow/.local/lib/python3.8/site-packages/airflow/example_dags/example_params_ui_tutorial.py took 0.212 seconds
[2025-09-18T07:40:35.342+0000] {processor.py:161} INFO - Started process (PID=519) to work on /home/airflow/.local/lib/python3.8/site-packages/airflow/example_dags/example_params_ui_tutorial.py
[2025-09-18T07:40:35.344+0000] {processor.py:830} INFO - Processing file /home/airflow/.local/lib/python3.8/site-packages/airflow/example_dags/example_params_ui_tutorial.py for tasks to queue
[2025-09-18T07:40:35.347+0000] {logging_mixin.py:188} INFO - [2025-09-18T07:40:35.347+0000] {dagbag.py:538} INFO - Filling up the DagBag from /home/airflow/.local/lib/python3.8/site-packages/airflow/example_dags/example_params_ui_tutorial.py
[2025-09-18T07:40:35.374+0000] {processor.py:840} INFO - DAG(s) 'example_params_ui_tutorial' retrieved from /home/airflow/.local/lib/python3.8/site-packages/airflow/example_dags/example_params_ui_tutorial.py
[2025-09-18T07:40:35.492+0000] {logging_mixin.py:188} INFO - [2025-09-18T07:40:35.492+0000] {dag.py:3036} INFO - Sync 1 DAGs
[2025-09-18T07:40:35.514+0000] {logging_mixin.py:188} INFO - [2025-09-18T07:40:35.514+0000] {dag.py:3823} INFO - Setting next_dagrun for example_params_ui_tutorial to None, run_after=None
[2025-09-18T07:40:35.549+0000] {processor.py:183} INFO - Processing /home/airflow/.local/lib/python3.8/site-packages/airflow/example_dags/example_params_ui_tutorial.py took 0.214 seconds
[2025-09-18T07:41:05.849+0000] {processor.py:161} INFO - Started process (PID=574) to work on /home/airflow/.local/lib/python3.8/site-packages/airflow/example_dags/example_params_ui_tutorial.py
[2025-09-18T07:41:05.851+0000] {processor.py:830} INFO - Processing file /home/airflow/.local/lib/python3.8/site-packages/airflow/example_dags/example_params_ui_tutorial.py for tasks to queue
[2025-09-18T07:41:05.856+0000] {logging_mixin.py:188} INFO - [2025-09-18T07:41:05.855+0000] {dagbag.py:538} INFO - Filling up the DagBag from /home/airflow/.local/lib/python3.8/site-packages/airflow/example_dags/example_params_ui_tutorial.py
[2025-09-18T07:41:05.884+0000] {processor.py:840} INFO - DAG(s) 'example_params_ui_tutorial' retrieved from /home/airflow/.local/lib/python3.8/site-packages/airflow/example_dags/example_params_ui_tutorial.py
[2025-09-18T07:41:06.025+0000] {logging_mixin.py:188} INFO - [2025-09-18T07:41:06.024+0000] {dag.py:3036} INFO - Sync 1 DAGs
[2025-09-18T07:41:06.055+0000] {logging_mixin.py:188} INFO - [2025-09-18T07:41:06.055+0000] {dag.py:3823} INFO - Setting next_dagrun for example_params_ui_tutorial to None, run_after=None
[2025-09-18T07:41:06.100+0000] {processor.py:183} INFO - Processing /home/airflow/.local/lib/python3.8/site-packages/airflow/example_dags/example_params_ui_tutorial.py took 0.258 seconds
[2025-09-18T07:41:36.203+0000] {processor.py:161} INFO - Started process (PID=629) to work on /home/airflow/.local/lib/python3.8/site-packages/airflow/example_dags/example_params_ui_tutorial.py
[2025-09-18T07:41:36.205+0000] {processor.py:830} INFO - Processing file /home/airflow/.local/lib/python3.8/site-packages/airflow/example_dags/example_params_ui_tutorial.py for tasks to queue
[2025-09-18T07:41:36.212+0000] {logging_mixin.py:188} INFO - [2025-09-18T07:41:36.211+0000] {dagbag.py:538} INFO - Filling up the DagBag from /home/airflow/.local/lib/python3.8/site-packages/airflow/example_dags/example_params_ui_tutorial.py
[2025-09-18T07:41:36.244+0000] {processor.py:840} INFO - DAG(s) 'example_params_ui_tutorial' retrieved from /home/airflow/.local/lib/python3.8/site-packages/airflow/example_dags/example_params_ui_tutorial.py
[2025-09-18T07:41:36.536+0000] {logging_mixin.py:188} INFO - [2025-09-18T07:41:36.535+0000] {dag.py:3036} INFO - Sync 1 DAGs
[2025-09-18T07:41:36.600+0000] {logging_mixin.py:188} INFO - [2025-09-18T07:41:36.600+0000] {dag.py:3823} INFO - Setting next_dagrun for example_params_ui_tutorial to None, run_after=None
[2025-09-18T07:41:36.679+0000] {processor.py:183} INFO - Processing /home/airflow/.local/lib/python3.8/site-packages/airflow/example_dags/example_params_ui_tutorial.py took 0.487 seconds
[2025-09-18T07:42:07.181+0000] {processor.py:161} INFO - Started process (PID=684) to work on /home/airflow/.local/lib/python3.8/site-packages/airflow/example_dags/example_params_ui_tutorial.py
[2025-09-18T07:42:07.183+0000] {processor.py:830} INFO - Processing file /home/airflow/.local/lib/python3.8/site-packages/airflow/example_dags/example_params_ui_tutorial.py for tasks to queue
[2025-09-18T07:42:07.188+0000] {logging_mixin.py:188} INFO - [2025-09-18T07:42:07.186+0000] {dagbag.py:538} INFO - Filling up the DagBag from /home/airflow/.local/lib/python3.8/site-packages/airflow/example_dags/example_params_ui_tutorial.py
[2025-09-18T07:42:07.223+0000] {processor.py:840} INFO - DAG(s) 'example_params_ui_tutorial' retrieved from /home/airflow/.local/lib/python3.8/site-packages/airflow/example_dags/example_params_ui_tutorial.py
[2025-09-18T07:42:07.366+0000] {logging_mixin.py:188} INFO - [2025-09-18T07:42:07.366+0000] {dag.py:3036} INFO - Sync 1 DAGs
[2025-09-18T07:42:07.395+0000] {logging_mixin.py:188} INFO - [2025-09-18T07:42:07.394+0000] {dag.py:3823} INFO - Setting next_dagrun for example_params_ui_tutorial to None, run_after=None
[2025-09-18T07:42:07.437+0000] {processor.py:183} INFO - Processing /home/airflow/.local/lib/python3.8/site-packages/airflow/example_dags/example_params_ui_tutorial.py took 0.265 seconds
[2025-09-18T07:42:37.869+0000] {processor.py:161} INFO - Started process (PID=739) to work on /home/airflow/.local/lib/python3.8/site-packages/airflow/example_dags/example_params_ui_tutorial.py
[2025-09-18T07:42:37.871+0000] {processor.py:830} INFO - Processing file /home/airflow/.local/lib/python3.8/site-packages/airflow/example_dags/example_params_ui_tutorial.py for tasks to queue
[2025-09-18T07:42:37.876+0000] {logging_mixin.py:188} INFO - [2025-09-18T07:42:37.875+0000] {dagbag.py:538} INFO - Filling up the DagBag from /home/airflow/.local/lib/python3.8/site-packages/airflow/example_dags/example_params_ui_tutorial.py
[2025-09-18T07:42:37.906+0000] {processor.py:840} INFO - DAG(s) 'example_params_ui_tutorial' retrieved from /home/airflow/.local/lib/python3.8/site-packages/airflow/example_dags/example_params_ui_tutorial.py
[2025-09-18T07:42:38.052+0000] {logging_mixin.py:188} INFO - [2025-09-18T07:42:38.051+0000] {dag.py:3036} INFO - Sync 1 DAGs
[2025-09-18T07:42:38.081+0000] {logging_mixin.py:188} INFO - [2025-09-18T07:42:38.081+0000] {dag.py:3823} INFO - Setting next_dagrun for example_params_ui_tutorial to None, run_after=None
[2025-09-18T07:42:38.125+0000] {processor.py:183} INFO - Processing /home/airflow/.local/lib/python3.8/site-packages/airflow/example_dags/example_params_ui_tutorial.py took 0.264 seconds
[2025-09-18T07:43:08.517+0000] {processor.py:161} INFO - Started process (PID=794) to work on /home/airflow/.local/lib/python3.8/site-packages/airflow/example_dags/example_params_ui_tutorial.py
[2025-09-18T07:43:08.519+0000] {processor.py:830} INFO - Processing file /home/airflow/.local/lib/python3.8/site-packages/airflow/example_dags/example_params_ui_tutorial.py for tasks to queue
[2025-09-18T07:43:08.524+0000] {logging_mixin.py:188} INFO - [2025-09-18T07:43:08.523+0000] {dagbag.py:538} INFO - Filling up the DagBag from /home/airflow/.local/lib/python3.8/site-packages/airflow/example_dags/example_params_ui_tutorial.py
[2025-09-18T07:43:08.551+0000] {processor.py:840} INFO - DAG(s) 'example_params_ui_tutorial' retrieved from /home/airflow/.local/lib/python3.8/site-packages/airflow/example_dags/example_params_ui_tutorial.py
[2025-09-18T07:43:08.682+0000] {logging_mixin.py:188} INFO - [2025-09-18T07:43:08.682+0000] {dag.py:3036} INFO - Sync 1 DAGs
[2025-09-18T07:43:08.704+0000] {logging_mixin.py:188} INFO - [2025-09-18T07:43:08.704+0000] {dag.py:3823} INFO - Setting next_dagrun for example_params_ui_tutorial to None, run_after=None
[2025-09-18T07:43:08.739+0000] {processor.py:183} INFO - Processing /home/airflow/.local/lib/python3.8/site-packages/airflow/example_dags/example_params_ui_tutorial.py took 0.229 seconds
[2025-09-18T07:43:38.873+0000] {processor.py:161} INFO - Started process (PID=849) to work on /home/airflow/.local/lib/python3.8/site-packages/airflow/example_dags/example_params_ui_tutorial.py
[2025-09-18T07:43:38.876+0000] {processor.py:830} INFO - Processing file /home/airflow/.local/lib/python3.8/site-packages/airflow/example_dags/example_params_ui_tutorial.py for tasks to queue
[2025-09-18T07:43:38.880+0000] {logging_mixin.py:188} INFO - [2025-09-18T07:43:38.879+0000] {dagbag.py:538} INFO - Filling up the DagBag from /home/airflow/.local/lib/python3.8/site-packages/airflow/example_dags/example_params_ui_tutorial.py
[2025-09-18T07:43:38.908+0000] {processor.py:840} INFO - DAG(s) 'example_params_ui_tutorial' retrieved from /home/airflow/.local/lib/python3.8/site-packages/airflow/example_dags/example_params_ui_tutorial.py
[2025-09-18T07:43:39.032+0000] {logging_mixin.py:188} INFO - [2025-09-18T07:43:39.031+0000] {dag.py:3036} INFO - Sync 1 DAGs
[2025-09-18T07:43:39.058+0000] {logging_mixin.py:188} INFO - [2025-09-18T07:43:39.058+0000] {dag.py:3823} INFO - Setting next_dagrun for example_params_ui_tutorial to None, run_after=None
[2025-09-18T07:43:39.098+0000] {processor.py:183} INFO - Processing /home/airflow/.local/lib/python3.8/site-packages/airflow/example_dags/example_params_ui_tutorial.py took 0.232 seconds
[2025-09-18T07:44:09.300+0000] {processor.py:161} INFO - Started process (PID=905) to work on /home/airflow/.local/lib/python3.8/site-packages/airflow/example_dags/example_params_ui_tutorial.py
[2025-09-18T07:44:09.308+0000] {processor.py:830} INFO - Processing file /home/airflow/.local/lib/python3.8/site-packages/airflow/example_dags/example_params_ui_tutorial.py for tasks to queue
[2025-09-18T07:44:09.314+0000] {logging_mixin.py:188} INFO - [2025-09-18T07:44:09.313+0000] {dagbag.py:538} INFO - Filling up the DagBag from /home/airflow/.local/lib/python3.8/site-packages/airflow/example_dags/example_params_ui_tutorial.py
[2025-09-18T07:44:09.340+0000] {processor.py:840} INFO - DAG(s) 'example_params_ui_tutorial' retrieved from /home/airflow/.local/lib/python3.8/site-packages/airflow/example_dags/example_params_ui_tutorial.py
[2025-09-18T07:44:09.508+0000] {logging_mixin.py:188} INFO - [2025-09-18T07:44:09.507+0000] {dag.py:3036} INFO - Sync 1 DAGs
[2025-09-18T07:44:09.541+0000] {logging_mixin.py:188} INFO - [2025-09-18T07:44:09.541+0000] {dag.py:3823} INFO - Setting next_dagrun for example_params_ui_tutorial to None, run_after=None
[2025-09-18T07:44:09.591+0000] {processor.py:183} INFO - Processing /home/airflow/.local/lib/python3.8/site-packages/airflow/example_dags/example_params_ui_tutorial.py took 0.300 seconds
[2025-09-18T07:44:39.810+0000] {processor.py:161} INFO - Started process (PID=966) to work on /home/airflow/.local/lib/python3.8/site-packages/airflow/example_dags/example_params_ui_tutorial.py
[2025-09-18T07:44:39.812+0000] {processor.py:830} INFO - Processing file /home/airflow/.local/lib/python3.8/site-packages/airflow/example_dags/example_params_ui_tutorial.py for tasks to queue
[2025-09-18T07:44:39.816+0000] {logging_mixin.py:188} INFO - [2025-09-18T07:44:39.816+0000] {dagbag.py:538} INFO - Filling up the DagBag from /home/airflow/.local/lib/python3.8/site-packages/airflow/example_dags/example_params_ui_tutorial.py
[2025-09-18T07:44:39.838+0000] {processor.py:840} INFO - DAG(s) 'example_params_ui_tutorial' retrieved from /home/airflow/.local/lib/python3.8/site-packages/airflow/example_dags/example_params_ui_tutorial.py
[2025-09-18T07:44:39.985+0000] {logging_mixin.py:188} INFO - [2025-09-18T07:44:39.984+0000] {dag.py:3036} INFO - Sync 1 DAGs
[2025-09-18T07:44:40.010+0000] {logging_mixin.py:188} INFO - [2025-09-18T07:44:40.009+0000] {dag.py:3823} INFO - Setting next_dagrun for example_params_ui_tutorial to None, run_after=None
[2025-09-18T07:44:40.049+0000] {processor.py:183} INFO - Processing /home/airflow/.local/lib/python3.8/site-packages/airflow/example_dags/example_params_ui_tutorial.py took 0.246 seconds
[2025-09-18T07:45:10.990+0000] {processor.py:161} INFO - Started process (PID=1020) to work on /home/airflow/.local/lib/python3.8/site-packages/airflow/example_dags/example_params_ui_tutorial.py
[2025-09-18T07:45:11.001+0000] {processor.py:830} INFO - Processing file /home/airflow/.local/lib/python3.8/site-packages/airflow/example_dags/example_params_ui_tutorial.py for tasks to queue
[2025-09-18T07:45:11.020+0000] {logging_mixin.py:188} INFO - [2025-09-18T07:45:11.019+0000] {dagbag.py:538} INFO - Filling up the DagBag from /home/airflow/.local/lib/python3.8/site-packages/airflow/example_dags/example_params_ui_tutorial.py
[2025-09-18T07:45:11.060+0000] {processor.py:840} INFO - DAG(s) 'example_params_ui_tutorial' retrieved from /home/airflow/.local/lib/python3.8/site-packages/airflow/example_dags/example_params_ui_tutorial.py
[2025-09-18T07:45:11.287+0000] {logging_mixin.py:188} INFO - [2025-09-18T07:45:11.286+0000] {dag.py:3036} INFO - Sync 1 DAGs
[2025-09-18T07:45:11.322+0000] {logging_mixin.py:188} INFO - [2025-09-18T07:45:11.322+0000] {dag.py:3823} INFO - Setting next_dagrun for example_params_ui_tutorial to None, run_after=None
[2025-09-18T07:45:11.376+0000] {processor.py:183} INFO - Processing /home/airflow/.local/lib/python3.8/site-packages/airflow/example_dags/example_params_ui_tutorial.py took 0.395 seconds
[2025-09-18T07:45:42.058+0000] {processor.py:161} INFO - Started process (PID=1075) to work on /home/airflow/.local/lib/python3.8/site-packages/airflow/example_dags/example_params_ui_tutorial.py
[2025-09-18T07:45:42.067+0000] {processor.py:830} INFO - Processing file /home/airflow/.local/lib/python3.8/site-packages/airflow/example_dags/example_params_ui_tutorial.py for tasks to queue
[2025-09-18T07:45:42.071+0000] {logging_mixin.py:188} INFO - [2025-09-18T07:45:42.070+0000] {dagbag.py:538} INFO - Filling up the DagBag from /home/airflow/.local/lib/python3.8/site-packages/airflow/example_dags/example_params_ui_tutorial.py
[2025-09-18T07:45:42.096+0000] {processor.py:840} INFO - DAG(s) 'example_params_ui_tutorial' retrieved from /home/airflow/.local/lib/python3.8/site-packages/airflow/example_dags/example_params_ui_tutorial.py
[2025-09-18T07:45:42.248+0000] {logging_mixin.py:188} INFO - [2025-09-18T07:45:42.248+0000] {dag.py:3036} INFO - Sync 1 DAGs
[2025-09-18T07:45:42.274+0000] {logging_mixin.py:188} INFO - [2025-09-18T07:45:42.273+0000] {dag.py:3823} INFO - Setting next_dagrun for example_params_ui_tutorial to None, run_after=None
[2025-09-18T07:45:42.318+0000] {processor.py:183} INFO - Processing /home/airflow/.local/lib/python3.8/site-packages/airflow/example_dags/example_params_ui_tutorial.py took 0.270 seconds
[2025-09-18T07:46:12.718+0000] {processor.py:161} INFO - Started process (PID=1130) to work on /home/airflow/.local/lib/python3.8/site-packages/airflow/example_dags/example_params_ui_tutorial.py
[2025-09-18T07:46:12.720+0000] {processor.py:830} INFO - Processing file /home/airflow/.local/lib/python3.8/site-packages/airflow/example_dags/example_params_ui_tutorial.py for tasks to queue
[2025-09-18T07:46:12.723+0000] {logging_mixin.py:188} INFO - [2025-09-18T07:46:12.723+0000] {dagbag.py:538} INFO - Filling up the DagBag from /home/airflow/.local/lib/python3.8/site-packages/airflow/example_dags/example_params_ui_tutorial.py
[2025-09-18T07:46:12.745+0000] {processor.py:840} INFO - DAG(s) 'example_params_ui_tutorial' retrieved from /home/airflow/.local/lib/python3.8/site-packages/airflow/example_dags/example_params_ui_tutorial.py
[2025-09-18T07:46:12.861+0000] {logging_mixin.py:188} INFO - [2025-09-18T07:46:12.860+0000] {dag.py:3036} INFO - Sync 1 DAGs
[2025-09-18T07:46:12.882+0000] {logging_mixin.py:188} INFO - [2025-09-18T07:46:12.882+0000] {dag.py:3823} INFO - Setting next_dagrun for example_params_ui_tutorial to None, run_after=None
[2025-09-18T07:46:12.918+0000] {processor.py:183} INFO - Processing /home/airflow/.local/lib/python3.8/site-packages/airflow/example_dags/example_params_ui_tutorial.py took 0.206 seconds
[2025-09-18T07:46:43.222+0000] {processor.py:161} INFO - Started process (PID=1185) to work on /home/airflow/.local/lib/python3.8/site-packages/airflow/example_dags/example_params_ui_tutorial.py
[2025-09-18T07:46:43.224+0000] {processor.py:830} INFO - Processing file /home/airflow/.local/lib/python3.8/site-packages/airflow/example_dags/example_params_ui_tutorial.py for tasks to queue
[2025-09-18T07:46:43.228+0000] {logging_mixin.py:188} INFO - [2025-09-18T07:46:43.227+0000] {dagbag.py:538} INFO - Filling up the DagBag from /home/airflow/.local/lib/python3.8/site-packages/airflow/example_dags/example_params_ui_tutorial.py
[2025-09-18T07:46:43.251+0000] {processor.py:840} INFO - DAG(s) 'example_params_ui_tutorial' retrieved from /home/airflow/.local/lib/python3.8/site-packages/airflow/example_dags/example_params_ui_tutorial.py
[2025-09-18T07:46:43.407+0000] {logging_mixin.py:188} INFO - [2025-09-18T07:46:43.406+0000] {dag.py:3036} INFO - Sync 1 DAGs
[2025-09-18T07:46:43.434+0000] {logging_mixin.py:188} INFO - [2025-09-18T07:46:43.433+0000] {dag.py:3823} INFO - Setting next_dagrun for example_params_ui_tutorial to None, run_after=None
[2025-09-18T07:46:43.476+0000] {processor.py:183} INFO - Processing /home/airflow/.local/lib/python3.8/site-packages/airflow/example_dags/example_params_ui_tutorial.py took 0.260 seconds
[2025-09-18T07:47:14.158+0000] {processor.py:161} INFO - Started process (PID=1240) to work on /home/airflow/.local/lib/python3.8/site-packages/airflow/example_dags/example_params_ui_tutorial.py
[2025-09-18T07:47:14.160+0000] {processor.py:830} INFO - Processing file /home/airflow/.local/lib/python3.8/site-packages/airflow/example_dags/example_params_ui_tutorial.py for tasks to queue
[2025-09-18T07:47:14.165+0000] {logging_mixin.py:188} INFO - [2025-09-18T07:47:14.164+0000] {dagbag.py:538} INFO - Filling up the DagBag from /home/airflow/.local/lib/python3.8/site-packages/airflow/example_dags/example_params_ui_tutorial.py
[2025-09-18T07:47:14.186+0000] {processor.py:840} INFO - DAG(s) 'example_params_ui_tutorial' retrieved from /home/airflow/.local/lib/python3.8/site-packages/airflow/example_dags/example_params_ui_tutorial.py
[2025-09-18T07:47:14.301+0000] {logging_mixin.py:188} INFO - [2025-09-18T07:47:14.300+0000] {dag.py:3036} INFO - Sync 1 DAGs
[2025-09-18T07:47:14.322+0000] {logging_mixin.py:188} INFO - [2025-09-18T07:47:14.322+0000] {dag.py:3823} INFO - Setting next_dagrun for example_params_ui_tutorial to None, run_after=None
[2025-09-18T07:47:14.361+0000] {processor.py:183} INFO - Processing /home/airflow/.local/lib/python3.8/site-packages/airflow/example_dags/example_params_ui_tutorial.py took 0.208 seconds
[2025-09-18T07:47:44.949+0000] {processor.py:161} INFO - Started process (PID=1296) to work on /home/airflow/.local/lib/python3.8/site-packages/airflow/example_dags/example_params_ui_tutorial.py
[2025-09-18T07:47:44.951+0000] {processor.py:830} INFO - Processing file /home/airflow/.local/lib/python3.8/site-packages/airflow/example_dags/example_params_ui_tutorial.py for tasks to queue
[2025-09-18T07:47:44.955+0000] {logging_mixin.py:188} INFO - [2025-09-18T07:47:44.954+0000] {dagbag.py:538} INFO - Filling up the DagBag from /home/airflow/.local/lib/python3.8/site-packages/airflow/example_dags/example_params_ui_tutorial.py
[2025-09-18T07:47:44.979+0000] {processor.py:840} INFO - DAG(s) 'example_params_ui_tutorial' retrieved from /home/airflow/.local/lib/python3.8/site-packages/airflow/example_dags/example_params_ui_tutorial.py
[2025-09-18T07:47:45.152+0000] {logging_mixin.py:188} INFO - [2025-09-18T07:47:45.151+0000] {dag.py:3036} INFO - Sync 1 DAGs
[2025-09-18T07:47:45.174+0000] {logging_mixin.py:188} INFO - [2025-09-18T07:47:45.173+0000] {dag.py:3823} INFO - Setting next_dagrun for example_params_ui_tutorial to None, run_after=None
[2025-09-18T07:47:45.213+0000] {processor.py:183} INFO - Processing /home/airflow/.local/lib/python3.8/site-packages/airflow/example_dags/example_params_ui_tutorial.py took 0.270 seconds
[2025-09-18T07:48:15.894+0000] {processor.py:161} INFO - Started process (PID=1351) to work on /home/airflow/.local/lib/python3.8/site-packages/airflow/example_dags/example_params_ui_tutorial.py
[2025-09-18T07:48:15.897+0000] {processor.py:830} INFO - Processing file /home/airflow/.local/lib/python3.8/site-packages/airflow/example_dags/example_params_ui_tutorial.py for tasks to queue
[2025-09-18T07:48:15.903+0000] {logging_mixin.py:188} INFO - [2025-09-18T07:48:15.902+0000] {dagbag.py:538} INFO - Filling up the DagBag from /home/airflow/.local/lib/python3.8/site-packages/airflow/example_dags/example_params_ui_tutorial.py
[2025-09-18T07:48:15.938+0000] {processor.py:840} INFO - DAG(s) 'example_params_ui_tutorial' retrieved from /home/airflow/.local/lib/python3.8/site-packages/airflow/example_dags/example_params_ui_tutorial.py
[2025-09-18T07:48:16.107+0000] {logging_mixin.py:188} INFO - [2025-09-18T07:48:16.106+0000] {dag.py:3036} INFO - Sync 1 DAGs
[2025-09-18T07:48:16.133+0000] {logging_mixin.py:188} INFO - [2025-09-18T07:48:16.132+0000] {dag.py:3823} INFO - Setting next_dagrun for example_params_ui_tutorial to None, run_after=None
[2025-09-18T07:48:16.181+0000] {processor.py:183} INFO - Processing /home/airflow/.local/lib/python3.8/site-packages/airflow/example_dags/example_params_ui_tutorial.py took 0.296 seconds
[2025-09-18T07:56:51.787+0000] {processor.py:161} INFO - Started process (PID=78) to work on /home/airflow/.local/lib/python3.8/site-packages/airflow/example_dags/example_params_ui_tutorial.py
[2025-09-18T07:56:51.806+0000] {processor.py:830} INFO - Processing file /home/airflow/.local/lib/python3.8/site-packages/airflow/example_dags/example_params_ui_tutorial.py for tasks to queue
[2025-09-18T07:56:51.810+0000] {logging_mixin.py:188} INFO - [2025-09-18T07:56:51.809+0000] {dagbag.py:538} INFO - Filling up the DagBag from /home/airflow/.local/lib/python3.8/site-packages/airflow/example_dags/example_params_ui_tutorial.py
[2025-09-18T07:56:51.841+0000] {processor.py:840} INFO - DAG(s) 'example_params_ui_tutorial' retrieved from /home/airflow/.local/lib/python3.8/site-packages/airflow/example_dags/example_params_ui_tutorial.py
[2025-09-18T07:56:52.118+0000] {logging_mixin.py:188} INFO - [2025-09-18T07:56:52.117+0000] {override.py:1769} INFO - Created Permission View: can edit on DAG:example_params_ui_tutorial
[2025-09-18T07:56:52.142+0000] {logging_mixin.py:188} INFO - [2025-09-18T07:56:52.141+0000] {override.py:1769} INFO - Created Permission View: can read on DAG:example_params_ui_tutorial
[2025-09-18T07:56:52.159+0000] {logging_mixin.py:188} INFO - [2025-09-18T07:56:52.158+0000] {override.py:1769} INFO - Created Permission View: can delete on DAG:example_params_ui_tutorial
[2025-09-18T07:56:52.160+0000] {logging_mixin.py:188} INFO - [2025-09-18T07:56:52.159+0000] {dag.py:3036} INFO - Sync 1 DAGs
[2025-09-18T07:56:52.184+0000] {logging_mixin.py:188} INFO - [2025-09-18T07:56:52.184+0000] {dag.py:3058} INFO - Creating ORM DAG for example_params_ui_tutorial
[2025-09-18T07:56:52.186+0000] {logging_mixin.py:188} INFO - [2025-09-18T07:56:52.186+0000] {dag.py:3823} INFO - Setting next_dagrun for example_params_ui_tutorial to None, run_after=None
[2025-09-18T07:56:52.221+0000] {processor.py:183} INFO - Processing /home/airflow/.local/lib/python3.8/site-packages/airflow/example_dags/example_params_ui_tutorial.py took 0.440 seconds
[2025-09-18T07:57:26.394+0000] {processor.py:161} INFO - Started process (PID=133) to work on /home/airflow/.local/lib/python3.8/site-packages/airflow/example_dags/example_params_ui_tutorial.py
[2025-09-18T07:57:26.399+0000] {processor.py:830} INFO - Processing file /home/airflow/.local/lib/python3.8/site-packages/airflow/example_dags/example_params_ui_tutorial.py for tasks to queue
[2025-09-18T07:57:26.409+0000] {logging_mixin.py:188} INFO - [2025-09-18T07:57:26.407+0000] {dagbag.py:538} INFO - Filling up the DagBag from /home/airflow/.local/lib/python3.8/site-packages/airflow/example_dags/example_params_ui_tutorial.py
[2025-09-18T07:57:26.458+0000] {processor.py:840} INFO - DAG(s) 'example_params_ui_tutorial' retrieved from /home/airflow/.local/lib/python3.8/site-packages/airflow/example_dags/example_params_ui_tutorial.py
[2025-09-18T07:57:26.680+0000] {logging_mixin.py:188} INFO - [2025-09-18T07:57:26.679+0000] {dag.py:3036} INFO - Sync 1 DAGs
[2025-09-18T07:57:26.713+0000] {logging_mixin.py:188} INFO - [2025-09-18T07:57:26.712+0000] {dag.py:3823} INFO - Setting next_dagrun for example_params_ui_tutorial to None, run_after=None
[2025-09-18T07:57:26.767+0000] {processor.py:183} INFO - Processing /home/airflow/.local/lib/python3.8/site-packages/airflow/example_dags/example_params_ui_tutorial.py took 0.399 seconds
[2025-09-18T07:57:57.463+0000] {processor.py:161} INFO - Started process (PID=195) to work on /home/airflow/.local/lib/python3.8/site-packages/airflow/example_dags/example_params_ui_tutorial.py
[2025-09-18T07:57:57.466+0000] {processor.py:830} INFO - Processing file /home/airflow/.local/lib/python3.8/site-packages/airflow/example_dags/example_params_ui_tutorial.py for tasks to queue
[2025-09-18T07:57:57.471+0000] {logging_mixin.py:188} INFO - [2025-09-18T07:57:57.471+0000] {dagbag.py:538} INFO - Filling up the DagBag from /home/airflow/.local/lib/python3.8/site-packages/airflow/example_dags/example_params_ui_tutorial.py
[2025-09-18T07:57:57.498+0000] {processor.py:840} INFO - DAG(s) 'example_params_ui_tutorial' retrieved from /home/airflow/.local/lib/python3.8/site-packages/airflow/example_dags/example_params_ui_tutorial.py
[2025-09-18T07:57:57.619+0000] {logging_mixin.py:188} INFO - [2025-09-18T07:57:57.618+0000] {dag.py:3036} INFO - Sync 1 DAGs
[2025-09-18T07:57:57.641+0000] {logging_mixin.py:188} INFO - [2025-09-18T07:57:57.640+0000] {dag.py:3823} INFO - Setting next_dagrun for example_params_ui_tutorial to None, run_after=None
[2025-09-18T07:57:57.684+0000] {processor.py:183} INFO - Processing /home/airflow/.local/lib/python3.8/site-packages/airflow/example_dags/example_params_ui_tutorial.py took 0.230 seconds
[2025-09-18T09:46:54.644+0000] {processor.py:161} INFO - Started process (PID=78) to work on /home/airflow/.local/lib/python3.8/site-packages/airflow/example_dags/example_params_ui_tutorial.py
[2025-09-18T09:46:54.646+0000] {processor.py:830} INFO - Processing file /home/airflow/.local/lib/python3.8/site-packages/airflow/example_dags/example_params_ui_tutorial.py for tasks to queue
[2025-09-18T09:46:54.650+0000] {logging_mixin.py:188} INFO - [2025-09-18T09:46:54.649+0000] {dagbag.py:538} INFO - Filling up the DagBag from /home/airflow/.local/lib/python3.8/site-packages/airflow/example_dags/example_params_ui_tutorial.py
[2025-09-18T09:46:54.682+0000] {processor.py:840} INFO - DAG(s) 'example_params_ui_tutorial' retrieved from /home/airflow/.local/lib/python3.8/site-packages/airflow/example_dags/example_params_ui_tutorial.py
[2025-09-18T09:46:54.990+0000] {logging_mixin.py:188} INFO - [2025-09-18T09:46:54.989+0000] {override.py:1769} INFO - Created Permission View: can delete on DAG:example_params_ui_tutorial
[2025-09-18T09:46:55.012+0000] {logging_mixin.py:188} INFO - [2025-09-18T09:46:55.011+0000] {override.py:1769} INFO - Created Permission View: can edit on DAG:example_params_ui_tutorial
[2025-09-18T09:46:55.028+0000] {logging_mixin.py:188} INFO - [2025-09-18T09:46:55.027+0000] {override.py:1769} INFO - Created Permission View: can read on DAG:example_params_ui_tutorial
[2025-09-18T09:46:55.029+0000] {logging_mixin.py:188} INFO - [2025-09-18T09:46:55.029+0000] {dag.py:3036} INFO - Sync 1 DAGs
[2025-09-18T09:46:55.053+0000] {logging_mixin.py:188} INFO - [2025-09-18T09:46:55.053+0000] {dag.py:3058} INFO - Creating ORM DAG for example_params_ui_tutorial
[2025-09-18T09:46:55.054+0000] {logging_mixin.py:188} INFO - [2025-09-18T09:46:55.054+0000] {dag.py:3823} INFO - Setting next_dagrun for example_params_ui_tutorial to None, run_after=None
[2025-09-18T09:46:55.088+0000] {processor.py:183} INFO - Processing /home/airflow/.local/lib/python3.8/site-packages/airflow/example_dags/example_params_ui_tutorial.py took 0.450 seconds
[2025-09-18T09:47:25.147+0000] {processor.py:161} INFO - Started process (PID=133) to work on /home/airflow/.local/lib/python3.8/site-packages/airflow/example_dags/example_params_ui_tutorial.py
[2025-09-18T09:47:25.149+0000] {processor.py:830} INFO - Processing file /home/airflow/.local/lib/python3.8/site-packages/airflow/example_dags/example_params_ui_tutorial.py for tasks to queue
[2025-09-18T09:47:25.153+0000] {logging_mixin.py:188} INFO - [2025-09-18T09:47:25.152+0000] {dagbag.py:538} INFO - Filling up the DagBag from /home/airflow/.local/lib/python3.8/site-packages/airflow/example_dags/example_params_ui_tutorial.py
[2025-09-18T09:47:25.176+0000] {processor.py:840} INFO - DAG(s) 'example_params_ui_tutorial' retrieved from /home/airflow/.local/lib/python3.8/site-packages/airflow/example_dags/example_params_ui_tutorial.py
[2025-09-18T09:47:25.314+0000] {logging_mixin.py:188} INFO - [2025-09-18T09:47:25.313+0000] {dag.py:3036} INFO - Sync 1 DAGs
[2025-09-18T09:47:25.342+0000] {logging_mixin.py:188} INFO - [2025-09-18T09:47:25.342+0000] {dag.py:3823} INFO - Setting next_dagrun for example_params_ui_tutorial to None, run_after=None
[2025-09-18T09:47:25.390+0000] {processor.py:183} INFO - Processing /home/airflow/.local/lib/python3.8/site-packages/airflow/example_dags/example_params_ui_tutorial.py took 0.250 seconds
[2025-09-18T09:47:55.483+0000] {processor.py:161} INFO - Started process (PID=188) to work on /home/airflow/.local/lib/python3.8/site-packages/airflow/example_dags/example_params_ui_tutorial.py
[2025-09-18T09:47:55.486+0000] {processor.py:830} INFO - Processing file /home/airflow/.local/lib/python3.8/site-packages/airflow/example_dags/example_params_ui_tutorial.py for tasks to queue
[2025-09-18T09:47:55.490+0000] {logging_mixin.py:188} INFO - [2025-09-18T09:47:55.489+0000] {dagbag.py:538} INFO - Filling up the DagBag from /home/airflow/.local/lib/python3.8/site-packages/airflow/example_dags/example_params_ui_tutorial.py
[2025-09-18T09:47:55.520+0000] {processor.py:840} INFO - DAG(s) 'example_params_ui_tutorial' retrieved from /home/airflow/.local/lib/python3.8/site-packages/airflow/example_dags/example_params_ui_tutorial.py
[2025-09-18T09:47:55.731+0000] {logging_mixin.py:188} INFO - [2025-09-18T09:47:55.731+0000] {dag.py:3036} INFO - Sync 1 DAGs
[2025-09-18T09:47:55.762+0000] {logging_mixin.py:188} INFO - [2025-09-18T09:47:55.762+0000] {dag.py:3823} INFO - Setting next_dagrun for example_params_ui_tutorial to None, run_after=None
[2025-09-18T09:47:55.821+0000] {processor.py:183} INFO - Processing /home/airflow/.local/lib/python3.8/site-packages/airflow/example_dags/example_params_ui_tutorial.py took 0.345 seconds
[2025-09-18T09:48:26.580+0000] {processor.py:161} INFO - Started process (PID=243) to work on /home/airflow/.local/lib/python3.8/site-packages/airflow/example_dags/example_params_ui_tutorial.py
[2025-09-18T09:48:26.583+0000] {processor.py:830} INFO - Processing file /home/airflow/.local/lib/python3.8/site-packages/airflow/example_dags/example_params_ui_tutorial.py for tasks to queue
[2025-09-18T09:48:26.586+0000] {logging_mixin.py:188} INFO - [2025-09-18T09:48:26.586+0000] {dagbag.py:538} INFO - Filling up the DagBag from /home/airflow/.local/lib/python3.8/site-packages/airflow/example_dags/example_params_ui_tutorial.py
[2025-09-18T09:48:26.609+0000] {processor.py:840} INFO - DAG(s) 'example_params_ui_tutorial' retrieved from /home/airflow/.local/lib/python3.8/site-packages/airflow/example_dags/example_params_ui_tutorial.py
[2025-09-18T09:48:26.840+0000] {logging_mixin.py:188} INFO - [2025-09-18T09:48:26.840+0000] {dag.py:3036} INFO - Sync 1 DAGs
[2025-09-18T09:48:26.874+0000] {logging_mixin.py:188} INFO - [2025-09-18T09:48:26.874+0000] {dag.py:3823} INFO - Setting next_dagrun for example_params_ui_tutorial to None, run_after=None
[2025-09-18T09:48:26.918+0000] {processor.py:183} INFO - Processing /home/airflow/.local/lib/python3.8/site-packages/airflow/example_dags/example_params_ui_tutorial.py took 0.347 seconds
[2025-09-18T09:48:57.585+0000] {processor.py:161} INFO - Started process (PID=298) to work on /home/airflow/.local/lib/python3.8/site-packages/airflow/example_dags/example_params_ui_tutorial.py
[2025-09-18T09:48:57.588+0000] {processor.py:830} INFO - Processing file /home/airflow/.local/lib/python3.8/site-packages/airflow/example_dags/example_params_ui_tutorial.py for tasks to queue
[2025-09-18T09:48:57.594+0000] {logging_mixin.py:188} INFO - [2025-09-18T09:48:57.592+0000] {dagbag.py:538} INFO - Filling up the DagBag from /home/airflow/.local/lib/python3.8/site-packages/airflow/example_dags/example_params_ui_tutorial.py
[2025-09-18T09:48:57.630+0000] {processor.py:840} INFO - DAG(s) 'example_params_ui_tutorial' retrieved from /home/airflow/.local/lib/python3.8/site-packages/airflow/example_dags/example_params_ui_tutorial.py
[2025-09-18T09:48:57.873+0000] {logging_mixin.py:188} INFO - [2025-09-18T09:48:57.873+0000] {dag.py:3036} INFO - Sync 1 DAGs
[2025-09-18T09:48:57.906+0000] {logging_mixin.py:188} INFO - [2025-09-18T09:48:57.905+0000] {dag.py:3823} INFO - Setting next_dagrun for example_params_ui_tutorial to None, run_after=None
[2025-09-18T09:48:57.966+0000] {processor.py:183} INFO - Processing /home/airflow/.local/lib/python3.8/site-packages/airflow/example_dags/example_params_ui_tutorial.py took 0.391 seconds
[2025-09-18T09:49:28.050+0000] {processor.py:161} INFO - Started process (PID=353) to work on /home/airflow/.local/lib/python3.8/site-packages/airflow/example_dags/example_params_ui_tutorial.py
[2025-09-18T09:49:28.052+0000] {processor.py:830} INFO - Processing file /home/airflow/.local/lib/python3.8/site-packages/airflow/example_dags/example_params_ui_tutorial.py for tasks to queue
[2025-09-18T09:49:28.056+0000] {logging_mixin.py:188} INFO - [2025-09-18T09:49:28.055+0000] {dagbag.py:538} INFO - Filling up the DagBag from /home/airflow/.local/lib/python3.8/site-packages/airflow/example_dags/example_params_ui_tutorial.py
[2025-09-18T09:49:28.078+0000] {processor.py:840} INFO - DAG(s) 'example_params_ui_tutorial' retrieved from /home/airflow/.local/lib/python3.8/site-packages/airflow/example_dags/example_params_ui_tutorial.py
[2025-09-18T09:49:28.222+0000] {logging_mixin.py:188} INFO - [2025-09-18T09:49:28.221+0000] {dag.py:3036} INFO - Sync 1 DAGs
[2025-09-18T09:49:28.245+0000] {logging_mixin.py:188} INFO - [2025-09-18T09:49:28.245+0000] {dag.py:3823} INFO - Setting next_dagrun for example_params_ui_tutorial to None, run_after=None
[2025-09-18T09:49:28.282+0000] {processor.py:183} INFO - Processing /home/airflow/.local/lib/python3.8/site-packages/airflow/example_dags/example_params_ui_tutorial.py took 0.237 seconds
[2025-09-18T09:49:58.652+0000] {processor.py:161} INFO - Started process (PID=408) to work on /home/airflow/.local/lib/python3.8/site-packages/airflow/example_dags/example_params_ui_tutorial.py
[2025-09-18T09:49:58.654+0000] {processor.py:830} INFO - Processing file /home/airflow/.local/lib/python3.8/site-packages/airflow/example_dags/example_params_ui_tutorial.py for tasks to queue
[2025-09-18T09:49:58.657+0000] {logging_mixin.py:188} INFO - [2025-09-18T09:49:58.657+0000] {dagbag.py:538} INFO - Filling up the DagBag from /home/airflow/.local/lib/python3.8/site-packages/airflow/example_dags/example_params_ui_tutorial.py
[2025-09-18T09:49:58.683+0000] {processor.py:840} INFO - DAG(s) 'example_params_ui_tutorial' retrieved from /home/airflow/.local/lib/python3.8/site-packages/airflow/example_dags/example_params_ui_tutorial.py
[2025-09-18T09:49:58.832+0000] {logging_mixin.py:188} INFO - [2025-09-18T09:49:58.831+0000] {dag.py:3036} INFO - Sync 1 DAGs
[2025-09-18T09:49:58.865+0000] {logging_mixin.py:188} INFO - [2025-09-18T09:49:58.864+0000] {dag.py:3823} INFO - Setting next_dagrun for example_params_ui_tutorial to None, run_after=None
[2025-09-18T09:49:58.919+0000] {processor.py:183} INFO - Processing /home/airflow/.local/lib/python3.8/site-packages/airflow/example_dags/example_params_ui_tutorial.py took 0.275 seconds
[2025-09-18T09:50:29.003+0000] {processor.py:161} INFO - Started process (PID=463) to work on /home/airflow/.local/lib/python3.8/site-packages/airflow/example_dags/example_params_ui_tutorial.py
[2025-09-18T09:50:29.005+0000] {processor.py:830} INFO - Processing file /home/airflow/.local/lib/python3.8/site-packages/airflow/example_dags/example_params_ui_tutorial.py for tasks to queue
[2025-09-18T09:50:29.008+0000] {logging_mixin.py:188} INFO - [2025-09-18T09:50:29.008+0000] {dagbag.py:538} INFO - Filling up the DagBag from /home/airflow/.local/lib/python3.8/site-packages/airflow/example_dags/example_params_ui_tutorial.py
[2025-09-18T09:50:29.035+0000] {processor.py:840} INFO - DAG(s) 'example_params_ui_tutorial' retrieved from /home/airflow/.local/lib/python3.8/site-packages/airflow/example_dags/example_params_ui_tutorial.py
[2025-09-18T09:50:29.320+0000] {logging_mixin.py:188} INFO - [2025-09-18T09:50:29.320+0000] {dag.py:3036} INFO - Sync 1 DAGs
[2025-09-18T09:50:29.391+0000] {logging_mixin.py:188} INFO - [2025-09-18T09:50:29.390+0000] {dag.py:3823} INFO - Setting next_dagrun for example_params_ui_tutorial to None, run_after=None
[2025-09-18T09:50:29.466+0000] {processor.py:183} INFO - Processing /home/airflow/.local/lib/python3.8/site-packages/airflow/example_dags/example_params_ui_tutorial.py took 0.469 seconds
[2025-09-18T09:50:59.584+0000] {processor.py:161} INFO - Started process (PID=519) to work on /home/airflow/.local/lib/python3.8/site-packages/airflow/example_dags/example_params_ui_tutorial.py
[2025-09-18T09:50:59.587+0000] {processor.py:830} INFO - Processing file /home/airflow/.local/lib/python3.8/site-packages/airflow/example_dags/example_params_ui_tutorial.py for tasks to queue
[2025-09-18T09:50:59.590+0000] {logging_mixin.py:188} INFO - [2025-09-18T09:50:59.589+0000] {dagbag.py:538} INFO - Filling up the DagBag from /home/airflow/.local/lib/python3.8/site-packages/airflow/example_dags/example_params_ui_tutorial.py
[2025-09-18T09:50:59.614+0000] {processor.py:840} INFO - DAG(s) 'example_params_ui_tutorial' retrieved from /home/airflow/.local/lib/python3.8/site-packages/airflow/example_dags/example_params_ui_tutorial.py
[2025-09-18T09:50:59.730+0000] {logging_mixin.py:188} INFO - [2025-09-18T09:50:59.730+0000] {dag.py:3036} INFO - Sync 1 DAGs
[2025-09-18T09:50:59.758+0000] {logging_mixin.py:188} INFO - [2025-09-18T09:50:59.758+0000] {dag.py:3823} INFO - Setting next_dagrun for example_params_ui_tutorial to None, run_after=None
[2025-09-18T09:50:59.806+0000] {processor.py:183} INFO - Processing /home/airflow/.local/lib/python3.8/site-packages/airflow/example_dags/example_params_ui_tutorial.py took 0.228 seconds
[2025-09-18T09:54:05.747+0000] {processor.py:161} INFO - Started process (PID=79) to work on /home/airflow/.local/lib/python3.8/site-packages/airflow/example_dags/example_params_ui_tutorial.py
[2025-09-18T09:54:05.749+0000] {processor.py:830} INFO - Processing file /home/airflow/.local/lib/python3.8/site-packages/airflow/example_dags/example_params_ui_tutorial.py for tasks to queue
[2025-09-18T09:54:05.753+0000] {logging_mixin.py:188} INFO - [2025-09-18T09:54:05.752+0000] {dagbag.py:538} INFO - Filling up the DagBag from /home/airflow/.local/lib/python3.8/site-packages/airflow/example_dags/example_params_ui_tutorial.py
[2025-09-18T09:54:05.790+0000] {processor.py:840} INFO - DAG(s) 'example_params_ui_tutorial' retrieved from /home/airflow/.local/lib/python3.8/site-packages/airflow/example_dags/example_params_ui_tutorial.py
[2025-09-18T09:54:06.146+0000] {logging_mixin.py:188} INFO - [2025-09-18T09:54:06.144+0000] {override.py:1769} INFO - Created Permission View: can delete on DAG:example_params_ui_tutorial
[2025-09-18T09:54:06.167+0000] {logging_mixin.py:188} INFO - [2025-09-18T09:54:06.166+0000] {override.py:1769} INFO - Created Permission View: can edit on DAG:example_params_ui_tutorial
[2025-09-18T09:54:06.188+0000] {logging_mixin.py:188} INFO - [2025-09-18T09:54:06.187+0000] {override.py:1769} INFO - Created Permission View: can read on DAG:example_params_ui_tutorial
[2025-09-18T09:54:06.190+0000] {logging_mixin.py:188} INFO - [2025-09-18T09:54:06.189+0000] {dag.py:3036} INFO - Sync 1 DAGs
[2025-09-18T09:54:06.239+0000] {logging_mixin.py:188} INFO - [2025-09-18T09:54:06.238+0000] {dag.py:3058} INFO - Creating ORM DAG for example_params_ui_tutorial
[2025-09-18T09:54:06.243+0000] {logging_mixin.py:188} INFO - [2025-09-18T09:54:06.242+0000] {dag.py:3823} INFO - Setting next_dagrun for example_params_ui_tutorial to None, run_after=None
[2025-09-18T09:54:06.294+0000] {processor.py:183} INFO - Processing /home/airflow/.local/lib/python3.8/site-packages/airflow/example_dags/example_params_ui_tutorial.py took 0.556 seconds
[2025-09-18T09:54:36.592+0000] {processor.py:161} INFO - Started process (PID=134) to work on /home/airflow/.local/lib/python3.8/site-packages/airflow/example_dags/example_params_ui_tutorial.py
[2025-09-18T09:54:36.594+0000] {processor.py:830} INFO - Processing file /home/airflow/.local/lib/python3.8/site-packages/airflow/example_dags/example_params_ui_tutorial.py for tasks to queue
[2025-09-18T09:54:36.599+0000] {logging_mixin.py:188} INFO - [2025-09-18T09:54:36.598+0000] {dagbag.py:538} INFO - Filling up the DagBag from /home/airflow/.local/lib/python3.8/site-packages/airflow/example_dags/example_params_ui_tutorial.py
[2025-09-18T09:54:36.646+0000] {processor.py:840} INFO - DAG(s) 'example_params_ui_tutorial' retrieved from /home/airflow/.local/lib/python3.8/site-packages/airflow/example_dags/example_params_ui_tutorial.py
[2025-09-18T09:54:36.878+0000] {logging_mixin.py:188} INFO - [2025-09-18T09:54:36.878+0000] {dag.py:3036} INFO - Sync 1 DAGs
[2025-09-18T09:54:36.919+0000] {logging_mixin.py:188} INFO - [2025-09-18T09:54:36.919+0000] {dag.py:3823} INFO - Setting next_dagrun for example_params_ui_tutorial to None, run_after=None
[2025-09-18T09:54:36.971+0000] {processor.py:183} INFO - Processing /home/airflow/.local/lib/python3.8/site-packages/airflow/example_dags/example_params_ui_tutorial.py took 0.388 seconds
[2025-09-18T09:55:07.387+0000] {processor.py:161} INFO - Started process (PID=196) to work on /home/airflow/.local/lib/python3.8/site-packages/airflow/example_dags/example_params_ui_tutorial.py
[2025-09-18T09:55:07.390+0000] {processor.py:830} INFO - Processing file /home/airflow/.local/lib/python3.8/site-packages/airflow/example_dags/example_params_ui_tutorial.py for tasks to queue
[2025-09-18T09:55:07.393+0000] {logging_mixin.py:188} INFO - [2025-09-18T09:55:07.393+0000] {dagbag.py:538} INFO - Filling up the DagBag from /home/airflow/.local/lib/python3.8/site-packages/airflow/example_dags/example_params_ui_tutorial.py
[2025-09-18T09:55:07.416+0000] {processor.py:840} INFO - DAG(s) 'example_params_ui_tutorial' retrieved from /home/airflow/.local/lib/python3.8/site-packages/airflow/example_dags/example_params_ui_tutorial.py
[2025-09-18T09:55:07.557+0000] {logging_mixin.py:188} INFO - [2025-09-18T09:55:07.556+0000] {dag.py:3036} INFO - Sync 1 DAGs
[2025-09-18T09:55:07.586+0000] {logging_mixin.py:188} INFO - [2025-09-18T09:55:07.584+0000] {dag.py:3823} INFO - Setting next_dagrun for example_params_ui_tutorial to None, run_after=None
[2025-09-18T09:55:07.635+0000] {processor.py:183} INFO - Processing /home/airflow/.local/lib/python3.8/site-packages/airflow/example_dags/example_params_ui_tutorial.py took 0.257 seconds
[2025-09-18T09:55:37.766+0000] {processor.py:161} INFO - Started process (PID=251) to work on /home/airflow/.local/lib/python3.8/site-packages/airflow/example_dags/example_params_ui_tutorial.py
[2025-09-18T09:55:37.768+0000] {processor.py:830} INFO - Processing file /home/airflow/.local/lib/python3.8/site-packages/airflow/example_dags/example_params_ui_tutorial.py for tasks to queue
[2025-09-18T09:55:37.773+0000] {logging_mixin.py:188} INFO - [2025-09-18T09:55:37.772+0000] {dagbag.py:538} INFO - Filling up the DagBag from /home/airflow/.local/lib/python3.8/site-packages/airflow/example_dags/example_params_ui_tutorial.py
[2025-09-18T09:55:37.801+0000] {processor.py:840} INFO - DAG(s) 'example_params_ui_tutorial' retrieved from /home/airflow/.local/lib/python3.8/site-packages/airflow/example_dags/example_params_ui_tutorial.py
[2025-09-18T09:55:37.952+0000] {logging_mixin.py:188} INFO - [2025-09-18T09:55:37.952+0000] {dag.py:3036} INFO - Sync 1 DAGs
[2025-09-18T09:55:37.995+0000] {logging_mixin.py:188} INFO - [2025-09-18T09:55:37.994+0000] {dag.py:3823} INFO - Setting next_dagrun for example_params_ui_tutorial to None, run_after=None
[2025-09-18T09:55:38.040+0000] {processor.py:183} INFO - Processing /home/airflow/.local/lib/python3.8/site-packages/airflow/example_dags/example_params_ui_tutorial.py took 0.281 seconds
[2025-09-18T09:56:08.634+0000] {processor.py:161} INFO - Started process (PID=306) to work on /home/airflow/.local/lib/python3.8/site-packages/airflow/example_dags/example_params_ui_tutorial.py
[2025-09-18T09:56:08.636+0000] {processor.py:830} INFO - Processing file /home/airflow/.local/lib/python3.8/site-packages/airflow/example_dags/example_params_ui_tutorial.py for tasks to queue
[2025-09-18T09:56:08.640+0000] {logging_mixin.py:188} INFO - [2025-09-18T09:56:08.640+0000] {dagbag.py:538} INFO - Filling up the DagBag from /home/airflow/.local/lib/python3.8/site-packages/airflow/example_dags/example_params_ui_tutorial.py
[2025-09-18T09:56:08.670+0000] {processor.py:840} INFO - DAG(s) 'example_params_ui_tutorial' retrieved from /home/airflow/.local/lib/python3.8/site-packages/airflow/example_dags/example_params_ui_tutorial.py
[2025-09-18T09:56:08.849+0000] {logging_mixin.py:188} INFO - [2025-09-18T09:56:08.849+0000] {dag.py:3036} INFO - Sync 1 DAGs
[2025-09-18T09:56:09.002+0000] {logging_mixin.py:188} INFO - [2025-09-18T09:56:09.001+0000] {dag.py:3823} INFO - Setting next_dagrun for example_params_ui_tutorial to None, run_after=None
[2025-09-18T09:56:09.091+0000] {processor.py:183} INFO - Processing /home/airflow/.local/lib/python3.8/site-packages/airflow/example_dags/example_params_ui_tutorial.py took 0.462 seconds
[2025-09-18T09:56:39.292+0000] {processor.py:161} INFO - Started process (PID=361) to work on /home/airflow/.local/lib/python3.8/site-packages/airflow/example_dags/example_params_ui_tutorial.py
[2025-09-18T09:56:39.295+0000] {processor.py:830} INFO - Processing file /home/airflow/.local/lib/python3.8/site-packages/airflow/example_dags/example_params_ui_tutorial.py for tasks to queue
[2025-09-18T09:56:39.299+0000] {logging_mixin.py:188} INFO - [2025-09-18T09:56:39.298+0000] {dagbag.py:538} INFO - Filling up the DagBag from /home/airflow/.local/lib/python3.8/site-packages/airflow/example_dags/example_params_ui_tutorial.py
[2025-09-18T09:56:39.322+0000] {processor.py:840} INFO - DAG(s) 'example_params_ui_tutorial' retrieved from /home/airflow/.local/lib/python3.8/site-packages/airflow/example_dags/example_params_ui_tutorial.py
[2025-09-18T09:56:39.442+0000] {logging_mixin.py:188} INFO - [2025-09-18T09:56:39.441+0000] {dag.py:3036} INFO - Sync 1 DAGs
[2025-09-18T09:56:39.466+0000] {logging_mixin.py:188} INFO - [2025-09-18T09:56:39.465+0000] {dag.py:3823} INFO - Setting next_dagrun for example_params_ui_tutorial to None, run_after=None
[2025-09-18T09:56:39.503+0000] {processor.py:183} INFO - Processing /home/airflow/.local/lib/python3.8/site-packages/airflow/example_dags/example_params_ui_tutorial.py took 0.217 seconds
[2025-09-18T09:57:09.587+0000] {processor.py:161} INFO - Started process (PID=416) to work on /home/airflow/.local/lib/python3.8/site-packages/airflow/example_dags/example_params_ui_tutorial.py
[2025-09-18T09:57:09.589+0000] {processor.py:830} INFO - Processing file /home/airflow/.local/lib/python3.8/site-packages/airflow/example_dags/example_params_ui_tutorial.py for tasks to queue
[2025-09-18T09:57:09.592+0000] {logging_mixin.py:188} INFO - [2025-09-18T09:57:09.591+0000] {dagbag.py:538} INFO - Filling up the DagBag from /home/airflow/.local/lib/python3.8/site-packages/airflow/example_dags/example_params_ui_tutorial.py
[2025-09-18T09:57:09.613+0000] {processor.py:840} INFO - DAG(s) 'example_params_ui_tutorial' retrieved from /home/airflow/.local/lib/python3.8/site-packages/airflow/example_dags/example_params_ui_tutorial.py
[2025-09-18T09:57:09.726+0000] {logging_mixin.py:188} INFO - [2025-09-18T09:57:09.725+0000] {dag.py:3036} INFO - Sync 1 DAGs
[2025-09-18T09:57:09.747+0000] {logging_mixin.py:188} INFO - [2025-09-18T09:57:09.746+0000] {dag.py:3823} INFO - Setting next_dagrun for example_params_ui_tutorial to None, run_after=None
[2025-09-18T09:57:09.784+0000] {processor.py:183} INFO - Processing /home/airflow/.local/lib/python3.8/site-packages/airflow/example_dags/example_params_ui_tutorial.py took 0.203 seconds
[2025-09-18T09:57:39.863+0000] {processor.py:161} INFO - Started process (PID=471) to work on /home/airflow/.local/lib/python3.8/site-packages/airflow/example_dags/example_params_ui_tutorial.py
[2025-09-18T09:57:39.865+0000] {processor.py:830} INFO - Processing file /home/airflow/.local/lib/python3.8/site-packages/airflow/example_dags/example_params_ui_tutorial.py for tasks to queue
[2025-09-18T09:57:39.869+0000] {logging_mixin.py:188} INFO - [2025-09-18T09:57:39.868+0000] {dagbag.py:538} INFO - Filling up the DagBag from /home/airflow/.local/lib/python3.8/site-packages/airflow/example_dags/example_params_ui_tutorial.py
[2025-09-18T09:57:39.891+0000] {processor.py:840} INFO - DAG(s) 'example_params_ui_tutorial' retrieved from /home/airflow/.local/lib/python3.8/site-packages/airflow/example_dags/example_params_ui_tutorial.py
[2025-09-18T09:57:40.013+0000] {logging_mixin.py:188} INFO - [2025-09-18T09:57:40.013+0000] {dag.py:3036} INFO - Sync 1 DAGs
[2025-09-18T09:57:40.036+0000] {logging_mixin.py:188} INFO - [2025-09-18T09:57:40.035+0000] {dag.py:3823} INFO - Setting next_dagrun for example_params_ui_tutorial to None, run_after=None
[2025-09-18T09:57:40.071+0000] {processor.py:183} INFO - Processing /home/airflow/.local/lib/python3.8/site-packages/airflow/example_dags/example_params_ui_tutorial.py took 0.214 seconds
[2025-09-18T09:58:10.182+0000] {processor.py:161} INFO - Started process (PID=526) to work on /home/airflow/.local/lib/python3.8/site-packages/airflow/example_dags/example_params_ui_tutorial.py
[2025-09-18T09:58:10.184+0000] {processor.py:830} INFO - Processing file /home/airflow/.local/lib/python3.8/site-packages/airflow/example_dags/example_params_ui_tutorial.py for tasks to queue
[2025-09-18T09:58:10.188+0000] {logging_mixin.py:188} INFO - [2025-09-18T09:58:10.187+0000] {dagbag.py:538} INFO - Filling up the DagBag from /home/airflow/.local/lib/python3.8/site-packages/airflow/example_dags/example_params_ui_tutorial.py
[2025-09-18T09:58:10.212+0000] {processor.py:840} INFO - DAG(s) 'example_params_ui_tutorial' retrieved from /home/airflow/.local/lib/python3.8/site-packages/airflow/example_dags/example_params_ui_tutorial.py
[2025-09-18T09:58:10.333+0000] {logging_mixin.py:188} INFO - [2025-09-18T09:58:10.333+0000] {dag.py:3036} INFO - Sync 1 DAGs
[2025-09-18T09:58:10.354+0000] {logging_mixin.py:188} INFO - [2025-09-18T09:58:10.354+0000] {dag.py:3823} INFO - Setting next_dagrun for example_params_ui_tutorial to None, run_after=None
[2025-09-18T09:58:10.391+0000] {processor.py:183} INFO - Processing /home/airflow/.local/lib/python3.8/site-packages/airflow/example_dags/example_params_ui_tutorial.py took 0.215 seconds
[2025-09-18T09:58:41.188+0000] {processor.py:161} INFO - Started process (PID=581) to work on /home/airflow/.local/lib/python3.8/site-packages/airflow/example_dags/example_params_ui_tutorial.py
[2025-09-18T09:58:41.190+0000] {processor.py:830} INFO - Processing file /home/airflow/.local/lib/python3.8/site-packages/airflow/example_dags/example_params_ui_tutorial.py for tasks to queue
[2025-09-18T09:58:41.193+0000] {logging_mixin.py:188} INFO - [2025-09-18T09:58:41.193+0000] {dagbag.py:538} INFO - Filling up the DagBag from /home/airflow/.local/lib/python3.8/site-packages/airflow/example_dags/example_params_ui_tutorial.py
[2025-09-18T09:58:41.216+0000] {processor.py:840} INFO - DAG(s) 'example_params_ui_tutorial' retrieved from /home/airflow/.local/lib/python3.8/site-packages/airflow/example_dags/example_params_ui_tutorial.py
[2025-09-18T09:58:41.333+0000] {logging_mixin.py:188} INFO - [2025-09-18T09:58:41.332+0000] {dag.py:3036} INFO - Sync 1 DAGs
[2025-09-18T09:58:41.354+0000] {logging_mixin.py:188} INFO - [2025-09-18T09:58:41.354+0000] {dag.py:3823} INFO - Setting next_dagrun for example_params_ui_tutorial to None, run_after=None
[2025-09-18T09:58:41.389+0000] {processor.py:183} INFO - Processing /home/airflow/.local/lib/python3.8/site-packages/airflow/example_dags/example_params_ui_tutorial.py took 0.207 seconds
[2025-09-18T09:59:11.625+0000] {processor.py:161} INFO - Started process (PID=636) to work on /home/airflow/.local/lib/python3.8/site-packages/airflow/example_dags/example_params_ui_tutorial.py
[2025-09-18T09:59:11.627+0000] {processor.py:830} INFO - Processing file /home/airflow/.local/lib/python3.8/site-packages/airflow/example_dags/example_params_ui_tutorial.py for tasks to queue
[2025-09-18T09:59:11.630+0000] {logging_mixin.py:188} INFO - [2025-09-18T09:59:11.630+0000] {dagbag.py:538} INFO - Filling up the DagBag from /home/airflow/.local/lib/python3.8/site-packages/airflow/example_dags/example_params_ui_tutorial.py
[2025-09-18T09:59:11.652+0000] {processor.py:840} INFO - DAG(s) 'example_params_ui_tutorial' retrieved from /home/airflow/.local/lib/python3.8/site-packages/airflow/example_dags/example_params_ui_tutorial.py
[2025-09-18T09:59:11.819+0000] {logging_mixin.py:188} INFO - [2025-09-18T09:59:11.819+0000] {dag.py:3036} INFO - Sync 1 DAGs
[2025-09-18T09:59:11.844+0000] {logging_mixin.py:188} INFO - [2025-09-18T09:59:11.844+0000] {dag.py:3823} INFO - Setting next_dagrun for example_params_ui_tutorial to None, run_after=None
[2025-09-18T09:59:11.901+0000] {processor.py:183} INFO - Processing /home/airflow/.local/lib/python3.8/site-packages/airflow/example_dags/example_params_ui_tutorial.py took 0.282 seconds
[2025-09-18T09:59:42.687+0000] {processor.py:161} INFO - Started process (PID=691) to work on /home/airflow/.local/lib/python3.8/site-packages/airflow/example_dags/example_params_ui_tutorial.py
[2025-09-18T09:59:42.689+0000] {processor.py:830} INFO - Processing file /home/airflow/.local/lib/python3.8/site-packages/airflow/example_dags/example_params_ui_tutorial.py for tasks to queue
[2025-09-18T09:59:42.693+0000] {logging_mixin.py:188} INFO - [2025-09-18T09:59:42.693+0000] {dagbag.py:538} INFO - Filling up the DagBag from /home/airflow/.local/lib/python3.8/site-packages/airflow/example_dags/example_params_ui_tutorial.py
[2025-09-18T09:59:42.715+0000] {processor.py:840} INFO - DAG(s) 'example_params_ui_tutorial' retrieved from /home/airflow/.local/lib/python3.8/site-packages/airflow/example_dags/example_params_ui_tutorial.py
[2025-09-18T09:59:42.831+0000] {logging_mixin.py:188} INFO - [2025-09-18T09:59:42.831+0000] {dag.py:3036} INFO - Sync 1 DAGs
[2025-09-18T09:59:42.855+0000] {logging_mixin.py:188} INFO - [2025-09-18T09:59:42.855+0000] {dag.py:3823} INFO - Setting next_dagrun for example_params_ui_tutorial to None, run_after=None
[2025-09-18T09:59:42.892+0000] {processor.py:183} INFO - Processing /home/airflow/.local/lib/python3.8/site-packages/airflow/example_dags/example_params_ui_tutorial.py took 0.211 seconds
[2025-09-18T10:00:13.538+0000] {processor.py:161} INFO - Started process (PID=746) to work on /home/airflow/.local/lib/python3.8/site-packages/airflow/example_dags/example_params_ui_tutorial.py
[2025-09-18T10:00:13.540+0000] {processor.py:830} INFO - Processing file /home/airflow/.local/lib/python3.8/site-packages/airflow/example_dags/example_params_ui_tutorial.py for tasks to queue
[2025-09-18T10:00:13.543+0000] {logging_mixin.py:188} INFO - [2025-09-18T10:00:13.543+0000] {dagbag.py:538} INFO - Filling up the DagBag from /home/airflow/.local/lib/python3.8/site-packages/airflow/example_dags/example_params_ui_tutorial.py
[2025-09-18T10:00:13.568+0000] {processor.py:840} INFO - DAG(s) 'example_params_ui_tutorial' retrieved from /home/airflow/.local/lib/python3.8/site-packages/airflow/example_dags/example_params_ui_tutorial.py
[2025-09-18T10:00:13.688+0000] {logging_mixin.py:188} INFO - [2025-09-18T10:00:13.688+0000] {dag.py:3036} INFO - Sync 1 DAGs
[2025-09-18T10:00:13.710+0000] {logging_mixin.py:188} INFO - [2025-09-18T10:00:13.709+0000] {dag.py:3823} INFO - Setting next_dagrun for example_params_ui_tutorial to None, run_after=None
[2025-09-18T10:00:13.746+0000] {processor.py:183} INFO - Processing /home/airflow/.local/lib/python3.8/site-packages/airflow/example_dags/example_params_ui_tutorial.py took 0.214 seconds
[2025-09-18T10:00:44.022+0000] {processor.py:161} INFO - Started process (PID=801) to work on /home/airflow/.local/lib/python3.8/site-packages/airflow/example_dags/example_params_ui_tutorial.py
[2025-09-18T10:00:44.025+0000] {processor.py:830} INFO - Processing file /home/airflow/.local/lib/python3.8/site-packages/airflow/example_dags/example_params_ui_tutorial.py for tasks to queue
[2025-09-18T10:00:44.030+0000] {logging_mixin.py:188} INFO - [2025-09-18T10:00:44.029+0000] {dagbag.py:538} INFO - Filling up the DagBag from /home/airflow/.local/lib/python3.8/site-packages/airflow/example_dags/example_params_ui_tutorial.py
[2025-09-18T10:00:44.064+0000] {processor.py:840} INFO - DAG(s) 'example_params_ui_tutorial' retrieved from /home/airflow/.local/lib/python3.8/site-packages/airflow/example_dags/example_params_ui_tutorial.py
[2025-09-18T10:00:44.282+0000] {logging_mixin.py:188} INFO - [2025-09-18T10:00:44.280+0000] {dag.py:3036} INFO - Sync 1 DAGs
[2025-09-18T10:00:44.314+0000] {logging_mixin.py:188} INFO - [2025-09-18T10:00:44.313+0000] {dag.py:3823} INFO - Setting next_dagrun for example_params_ui_tutorial to None, run_after=None
[2025-09-18T10:00:44.362+0000] {processor.py:183} INFO - Processing /home/airflow/.local/lib/python3.8/site-packages/airflow/example_dags/example_params_ui_tutorial.py took 0.350 seconds
[2025-09-18T10:01:14.917+0000] {processor.py:161} INFO - Started process (PID=856) to work on /home/airflow/.local/lib/python3.8/site-packages/airflow/example_dags/example_params_ui_tutorial.py
[2025-09-18T10:01:14.920+0000] {processor.py:830} INFO - Processing file /home/airflow/.local/lib/python3.8/site-packages/airflow/example_dags/example_params_ui_tutorial.py for tasks to queue
[2025-09-18T10:01:14.924+0000] {logging_mixin.py:188} INFO - [2025-09-18T10:01:14.924+0000] {dagbag.py:538} INFO - Filling up the DagBag from /home/airflow/.local/lib/python3.8/site-packages/airflow/example_dags/example_params_ui_tutorial.py
[2025-09-18T10:01:14.951+0000] {processor.py:840} INFO - DAG(s) 'example_params_ui_tutorial' retrieved from /home/airflow/.local/lib/python3.8/site-packages/airflow/example_dags/example_params_ui_tutorial.py
[2025-09-18T10:01:15.102+0000] {logging_mixin.py:188} INFO - [2025-09-18T10:01:15.101+0000] {dag.py:3036} INFO - Sync 1 DAGs
[2025-09-18T10:01:15.132+0000] {logging_mixin.py:188} INFO - [2025-09-18T10:01:15.132+0000] {dag.py:3823} INFO - Setting next_dagrun for example_params_ui_tutorial to None, run_after=None
[2025-09-18T10:01:15.233+0000] {processor.py:183} INFO - Processing /home/airflow/.local/lib/python3.8/site-packages/airflow/example_dags/example_params_ui_tutorial.py took 0.325 seconds
[2025-09-18T10:01:45.828+0000] {processor.py:161} INFO - Started process (PID=911) to work on /home/airflow/.local/lib/python3.8/site-packages/airflow/example_dags/example_params_ui_tutorial.py
[2025-09-18T10:01:45.832+0000] {processor.py:830} INFO - Processing file /home/airflow/.local/lib/python3.8/site-packages/airflow/example_dags/example_params_ui_tutorial.py for tasks to queue
[2025-09-18T10:01:45.839+0000] {logging_mixin.py:188} INFO - [2025-09-18T10:01:45.838+0000] {dagbag.py:538} INFO - Filling up the DagBag from /home/airflow/.local/lib/python3.8/site-packages/airflow/example_dags/example_params_ui_tutorial.py
[2025-09-18T10:01:45.883+0000] {processor.py:840} INFO - DAG(s) 'example_params_ui_tutorial' retrieved from /home/airflow/.local/lib/python3.8/site-packages/airflow/example_dags/example_params_ui_tutorial.py
[2025-09-18T10:01:46.146+0000] {logging_mixin.py:188} INFO - [2025-09-18T10:01:46.145+0000] {dag.py:3036} INFO - Sync 1 DAGs
[2025-09-18T10:01:46.182+0000] {logging_mixin.py:188} INFO - [2025-09-18T10:01:46.182+0000] {dag.py:3823} INFO - Setting next_dagrun for example_params_ui_tutorial to None, run_after=None
[2025-09-18T10:01:46.227+0000] {processor.py:183} INFO - Processing /home/airflow/.local/lib/python3.8/site-packages/airflow/example_dags/example_params_ui_tutorial.py took 0.409 seconds
[2025-09-18T10:02:16.473+0000] {processor.py:161} INFO - Started process (PID=966) to work on /home/airflow/.local/lib/python3.8/site-packages/airflow/example_dags/example_params_ui_tutorial.py
[2025-09-18T10:02:16.475+0000] {processor.py:830} INFO - Processing file /home/airflow/.local/lib/python3.8/site-packages/airflow/example_dags/example_params_ui_tutorial.py for tasks to queue
[2025-09-18T10:02:16.479+0000] {logging_mixin.py:188} INFO - [2025-09-18T10:02:16.478+0000] {dagbag.py:538} INFO - Filling up the DagBag from /home/airflow/.local/lib/python3.8/site-packages/airflow/example_dags/example_params_ui_tutorial.py
[2025-09-18T10:02:16.503+0000] {processor.py:840} INFO - DAG(s) 'example_params_ui_tutorial' retrieved from /home/airflow/.local/lib/python3.8/site-packages/airflow/example_dags/example_params_ui_tutorial.py
[2025-09-18T10:02:16.644+0000] {logging_mixin.py:188} INFO - [2025-09-18T10:02:16.644+0000] {dag.py:3036} INFO - Sync 1 DAGs
[2025-09-18T10:02:16.668+0000] {logging_mixin.py:188} INFO - [2025-09-18T10:02:16.667+0000] {dag.py:3823} INFO - Setting next_dagrun for example_params_ui_tutorial to None, run_after=None
[2025-09-18T10:02:16.715+0000] {processor.py:183} INFO - Processing /home/airflow/.local/lib/python3.8/site-packages/airflow/example_dags/example_params_ui_tutorial.py took 0.248 seconds
[2025-09-18T10:02:47.376+0000] {processor.py:161} INFO - Started process (PID=1022) to work on /home/airflow/.local/lib/python3.8/site-packages/airflow/example_dags/example_params_ui_tutorial.py
[2025-09-18T10:02:47.379+0000] {processor.py:830} INFO - Processing file /home/airflow/.local/lib/python3.8/site-packages/airflow/example_dags/example_params_ui_tutorial.py for tasks to queue
[2025-09-18T10:02:47.383+0000] {logging_mixin.py:188} INFO - [2025-09-18T10:02:47.382+0000] {dagbag.py:538} INFO - Filling up the DagBag from /home/airflow/.local/lib/python3.8/site-packages/airflow/example_dags/example_params_ui_tutorial.py
[2025-09-18T10:02:47.404+0000] {processor.py:840} INFO - DAG(s) 'example_params_ui_tutorial' retrieved from /home/airflow/.local/lib/python3.8/site-packages/airflow/example_dags/example_params_ui_tutorial.py
[2025-09-18T10:02:47.524+0000] {logging_mixin.py:188} INFO - [2025-09-18T10:02:47.523+0000] {dag.py:3036} INFO - Sync 1 DAGs
[2025-09-18T10:02:47.547+0000] {logging_mixin.py:188} INFO - [2025-09-18T10:02:47.547+0000] {dag.py:3823} INFO - Setting next_dagrun for example_params_ui_tutorial to None, run_after=None
[2025-09-18T10:02:47.589+0000] {processor.py:183} INFO - Processing /home/airflow/.local/lib/python3.8/site-packages/airflow/example_dags/example_params_ui_tutorial.py took 0.218 seconds
[2025-09-18T10:03:18.045+0000] {processor.py:161} INFO - Started process (PID=1077) to work on /home/airflow/.local/lib/python3.8/site-packages/airflow/example_dags/example_params_ui_tutorial.py
[2025-09-18T10:03:18.047+0000] {processor.py:830} INFO - Processing file /home/airflow/.local/lib/python3.8/site-packages/airflow/example_dags/example_params_ui_tutorial.py for tasks to queue
[2025-09-18T10:03:18.051+0000] {logging_mixin.py:188} INFO - [2025-09-18T10:03:18.050+0000] {dagbag.py:538} INFO - Filling up the DagBag from /home/airflow/.local/lib/python3.8/site-packages/airflow/example_dags/example_params_ui_tutorial.py
[2025-09-18T10:03:18.082+0000] {processor.py:840} INFO - DAG(s) 'example_params_ui_tutorial' retrieved from /home/airflow/.local/lib/python3.8/site-packages/airflow/example_dags/example_params_ui_tutorial.py
[2025-09-18T10:03:18.210+0000] {logging_mixin.py:188} INFO - [2025-09-18T10:03:18.209+0000] {dag.py:3036} INFO - Sync 1 DAGs
[2025-09-18T10:03:18.235+0000] {logging_mixin.py:188} INFO - [2025-09-18T10:03:18.234+0000] {dag.py:3823} INFO - Setting next_dagrun for example_params_ui_tutorial to None, run_after=None
[2025-09-18T10:03:18.281+0000] {processor.py:183} INFO - Processing /home/airflow/.local/lib/python3.8/site-packages/airflow/example_dags/example_params_ui_tutorial.py took 0.242 seconds
[2025-09-18T10:03:48.498+0000] {processor.py:161} INFO - Started process (PID=1132) to work on /home/airflow/.local/lib/python3.8/site-packages/airflow/example_dags/example_params_ui_tutorial.py
[2025-09-18T10:03:48.499+0000] {processor.py:830} INFO - Processing file /home/airflow/.local/lib/python3.8/site-packages/airflow/example_dags/example_params_ui_tutorial.py for tasks to queue
[2025-09-18T10:03:48.503+0000] {logging_mixin.py:188} INFO - [2025-09-18T10:03:48.503+0000] {dagbag.py:538} INFO - Filling up the DagBag from /home/airflow/.local/lib/python3.8/site-packages/airflow/example_dags/example_params_ui_tutorial.py
[2025-09-18T10:03:48.524+0000] {processor.py:840} INFO - DAG(s) 'example_params_ui_tutorial' retrieved from /home/airflow/.local/lib/python3.8/site-packages/airflow/example_dags/example_params_ui_tutorial.py
[2025-09-18T10:03:48.643+0000] {logging_mixin.py:188} INFO - [2025-09-18T10:03:48.643+0000] {dag.py:3036} INFO - Sync 1 DAGs
[2025-09-18T10:03:48.668+0000] {logging_mixin.py:188} INFO - [2025-09-18T10:03:48.667+0000] {dag.py:3823} INFO - Setting next_dagrun for example_params_ui_tutorial to None, run_after=None
[2025-09-18T10:03:48.706+0000] {processor.py:183} INFO - Processing /home/airflow/.local/lib/python3.8/site-packages/airflow/example_dags/example_params_ui_tutorial.py took 0.213 seconds
[2025-09-18T10:04:18.873+0000] {processor.py:161} INFO - Started process (PID=1187) to work on /home/airflow/.local/lib/python3.8/site-packages/airflow/example_dags/example_params_ui_tutorial.py
[2025-09-18T10:04:18.875+0000] {processor.py:830} INFO - Processing file /home/airflow/.local/lib/python3.8/site-packages/airflow/example_dags/example_params_ui_tutorial.py for tasks to queue
[2025-09-18T10:04:18.878+0000] {logging_mixin.py:188} INFO - [2025-09-18T10:04:18.878+0000] {dagbag.py:538} INFO - Filling up the DagBag from /home/airflow/.local/lib/python3.8/site-packages/airflow/example_dags/example_params_ui_tutorial.py
[2025-09-18T10:04:18.900+0000] {processor.py:840} INFO - DAG(s) 'example_params_ui_tutorial' retrieved from /home/airflow/.local/lib/python3.8/site-packages/airflow/example_dags/example_params_ui_tutorial.py
[2025-09-18T10:04:19.014+0000] {logging_mixin.py:188} INFO - [2025-09-18T10:04:19.014+0000] {dag.py:3036} INFO - Sync 1 DAGs
[2025-09-18T10:04:19.036+0000] {logging_mixin.py:188} INFO - [2025-09-18T10:04:19.036+0000] {dag.py:3823} INFO - Setting next_dagrun for example_params_ui_tutorial to None, run_after=None
[2025-09-18T10:04:19.076+0000] {processor.py:183} INFO - Processing /home/airflow/.local/lib/python3.8/site-packages/airflow/example_dags/example_params_ui_tutorial.py took 0.210 seconds
[2025-09-18T10:04:49.299+0000] {processor.py:161} INFO - Started process (PID=1242) to work on /home/airflow/.local/lib/python3.8/site-packages/airflow/example_dags/example_params_ui_tutorial.py
[2025-09-18T10:04:49.301+0000] {processor.py:830} INFO - Processing file /home/airflow/.local/lib/python3.8/site-packages/airflow/example_dags/example_params_ui_tutorial.py for tasks to queue
[2025-09-18T10:04:49.305+0000] {logging_mixin.py:188} INFO - [2025-09-18T10:04:49.304+0000] {dagbag.py:538} INFO - Filling up the DagBag from /home/airflow/.local/lib/python3.8/site-packages/airflow/example_dags/example_params_ui_tutorial.py
[2025-09-18T10:04:49.328+0000] {processor.py:840} INFO - DAG(s) 'example_params_ui_tutorial' retrieved from /home/airflow/.local/lib/python3.8/site-packages/airflow/example_dags/example_params_ui_tutorial.py
[2025-09-18T10:04:49.451+0000] {logging_mixin.py:188} INFO - [2025-09-18T10:04:49.451+0000] {dag.py:3036} INFO - Sync 1 DAGs
[2025-09-18T10:04:49.474+0000] {logging_mixin.py:188} INFO - [2025-09-18T10:04:49.473+0000] {dag.py:3823} INFO - Setting next_dagrun for example_params_ui_tutorial to None, run_after=None
[2025-09-18T10:04:49.514+0000] {processor.py:183} INFO - Processing /home/airflow/.local/lib/python3.8/site-packages/airflow/example_dags/example_params_ui_tutorial.py took 0.220 seconds
[2025-09-18T10:05:20.097+0000] {processor.py:161} INFO - Started process (PID=1297) to work on /home/airflow/.local/lib/python3.8/site-packages/airflow/example_dags/example_params_ui_tutorial.py
[2025-09-18T10:05:20.099+0000] {processor.py:830} INFO - Processing file /home/airflow/.local/lib/python3.8/site-packages/airflow/example_dags/example_params_ui_tutorial.py for tasks to queue
[2025-09-18T10:05:20.102+0000] {logging_mixin.py:188} INFO - [2025-09-18T10:05:20.102+0000] {dagbag.py:538} INFO - Filling up the DagBag from /home/airflow/.local/lib/python3.8/site-packages/airflow/example_dags/example_params_ui_tutorial.py
[2025-09-18T10:05:20.125+0000] {processor.py:840} INFO - DAG(s) 'example_params_ui_tutorial' retrieved from /home/airflow/.local/lib/python3.8/site-packages/airflow/example_dags/example_params_ui_tutorial.py
[2025-09-18T10:05:20.247+0000] {logging_mixin.py:188} INFO - [2025-09-18T10:05:20.247+0000] {dag.py:3036} INFO - Sync 1 DAGs
[2025-09-18T10:05:20.270+0000] {logging_mixin.py:188} INFO - [2025-09-18T10:05:20.270+0000] {dag.py:3823} INFO - Setting next_dagrun for example_params_ui_tutorial to None, run_after=None
[2025-09-18T10:05:20.306+0000] {processor.py:183} INFO - Processing /home/airflow/.local/lib/python3.8/site-packages/airflow/example_dags/example_params_ui_tutorial.py took 0.214 seconds
