[2025-09-18T07:36:27.334+0000] {processor.py:161} INFO - Started process (PID=73) to work on /home/airflow/.local/lib/python3.8/site-packages/airflow/example_dags/example_python_operator.py
[2025-09-18T07:36:27.336+0000] {processor.py:830} INFO - Processing file /home/airflow/.local/lib/python3.8/site-packages/airflow/example_dags/example_python_operator.py for tasks to queue
[2025-09-18T07:36:27.339+0000] {logging_mixin.py:188} INFO - [2025-09-18T07:36:27.339+0000] {dagbag.py:538} INFO - Filling up the DagBag from /home/airflow/.local/lib/python3.8/site-packages/airflow/example_dags/example_python_operator.py
[2025-09-18T07:36:27.369+0000] {processor.py:840} INFO - DAG(s) 'example_python_operator' retrieved from /home/airflow/.local/lib/python3.8/site-packages/airflow/example_dags/example_python_operator.py
[2025-09-18T07:36:27.576+0000] {logging_mixin.py:188} INFO - [2025-09-18T07:36:27.575+0000] {override.py:1769} INFO - Created Permission View: can read on DAG:example_python_operator
[2025-09-18T07:36:27.595+0000] {logging_mixin.py:188} INFO - [2025-09-18T07:36:27.595+0000] {override.py:1769} INFO - Created Permission View: can delete on DAG:example_python_operator
[2025-09-18T07:36:27.610+0000] {logging_mixin.py:188} INFO - [2025-09-18T07:36:27.609+0000] {override.py:1769} INFO - Created Permission View: can edit on DAG:example_python_operator
[2025-09-18T07:36:27.611+0000] {logging_mixin.py:188} INFO - [2025-09-18T07:36:27.611+0000] {dag.py:3036} INFO - Sync 1 DAGs
[2025-09-18T07:36:27.634+0000] {logging_mixin.py:188} INFO - [2025-09-18T07:36:27.633+0000] {dag.py:3058} INFO - Creating ORM DAG for example_python_operator
[2025-09-18T07:36:27.636+0000] {logging_mixin.py:188} INFO - [2025-09-18T07:36:27.635+0000] {dag.py:3823} INFO - Setting next_dagrun for example_python_operator to None, run_after=None
[2025-09-18T07:36:27.672+0000] {processor.py:183} INFO - Processing /home/airflow/.local/lib/python3.8/site-packages/airflow/example_dags/example_python_operator.py took 0.346 seconds
[2025-09-18T07:36:57.769+0000] {processor.py:161} INFO - Started process (PID=128) to work on /home/airflow/.local/lib/python3.8/site-packages/airflow/example_dags/example_python_operator.py
[2025-09-18T07:36:57.771+0000] {processor.py:830} INFO - Processing file /home/airflow/.local/lib/python3.8/site-packages/airflow/example_dags/example_python_operator.py for tasks to queue
[2025-09-18T07:36:57.775+0000] {logging_mixin.py:188} INFO - [2025-09-18T07:36:57.774+0000] {dagbag.py:538} INFO - Filling up the DagBag from /home/airflow/.local/lib/python3.8/site-packages/airflow/example_dags/example_python_operator.py
[2025-09-18T07:36:57.801+0000] {processor.py:840} INFO - DAG(s) 'example_python_operator' retrieved from /home/airflow/.local/lib/python3.8/site-packages/airflow/example_dags/example_python_operator.py
[2025-09-18T07:36:57.847+0000] {logging_mixin.py:188} INFO - [2025-09-18T07:36:57.846+0000] {dag.py:3036} INFO - Sync 1 DAGs
[2025-09-18T07:36:57.873+0000] {logging_mixin.py:188} INFO - [2025-09-18T07:36:57.873+0000] {dag.py:3823} INFO - Setting next_dagrun for example_python_operator to None, run_after=None
[2025-09-18T07:36:57.915+0000] {processor.py:183} INFO - Processing /home/airflow/.local/lib/python3.8/site-packages/airflow/example_dags/example_python_operator.py took 0.152 seconds
[2025-09-18T07:37:28.613+0000] {processor.py:161} INFO - Started process (PID=183) to work on /home/airflow/.local/lib/python3.8/site-packages/airflow/example_dags/example_python_operator.py
[2025-09-18T07:37:28.616+0000] {processor.py:830} INFO - Processing file /home/airflow/.local/lib/python3.8/site-packages/airflow/example_dags/example_python_operator.py for tasks to queue
[2025-09-18T07:37:28.621+0000] {logging_mixin.py:188} INFO - [2025-09-18T07:37:28.620+0000] {dagbag.py:538} INFO - Filling up the DagBag from /home/airflow/.local/lib/python3.8/site-packages/airflow/example_dags/example_python_operator.py
[2025-09-18T07:37:28.644+0000] {processor.py:840} INFO - DAG(s) 'example_python_operator' retrieved from /home/airflow/.local/lib/python3.8/site-packages/airflow/example_dags/example_python_operator.py
[2025-09-18T07:37:28.695+0000] {logging_mixin.py:188} INFO - [2025-09-18T07:37:28.694+0000] {dag.py:3036} INFO - Sync 1 DAGs
[2025-09-18T07:37:28.726+0000] {logging_mixin.py:188} INFO - [2025-09-18T07:37:28.725+0000] {dag.py:3823} INFO - Setting next_dagrun for example_python_operator to None, run_after=None
[2025-09-18T07:37:28.773+0000] {processor.py:183} INFO - Processing /home/airflow/.local/lib/python3.8/site-packages/airflow/example_dags/example_python_operator.py took 0.166 seconds
[2025-09-18T07:37:59.496+0000] {processor.py:161} INFO - Started process (PID=238) to work on /home/airflow/.local/lib/python3.8/site-packages/airflow/example_dags/example_python_operator.py
[2025-09-18T07:37:59.498+0000] {processor.py:830} INFO - Processing file /home/airflow/.local/lib/python3.8/site-packages/airflow/example_dags/example_python_operator.py for tasks to queue
[2025-09-18T07:37:59.502+0000] {logging_mixin.py:188} INFO - [2025-09-18T07:37:59.501+0000] {dagbag.py:538} INFO - Filling up the DagBag from /home/airflow/.local/lib/python3.8/site-packages/airflow/example_dags/example_python_operator.py
[2025-09-18T07:37:59.523+0000] {processor.py:840} INFO - DAG(s) 'example_python_operator' retrieved from /home/airflow/.local/lib/python3.8/site-packages/airflow/example_dags/example_python_operator.py
[2025-09-18T07:37:59.566+0000] {logging_mixin.py:188} INFO - [2025-09-18T07:37:59.565+0000] {dag.py:3036} INFO - Sync 1 DAGs
[2025-09-18T07:37:59.596+0000] {logging_mixin.py:188} INFO - [2025-09-18T07:37:59.595+0000] {dag.py:3823} INFO - Setting next_dagrun for example_python_operator to None, run_after=None
[2025-09-18T07:37:59.637+0000] {processor.py:183} INFO - Processing /home/airflow/.local/lib/python3.8/site-packages/airflow/example_dags/example_python_operator.py took 0.148 seconds
[2025-09-18T07:38:30.231+0000] {processor.py:161} INFO - Started process (PID=293) to work on /home/airflow/.local/lib/python3.8/site-packages/airflow/example_dags/example_python_operator.py
[2025-09-18T07:38:30.235+0000] {processor.py:830} INFO - Processing file /home/airflow/.local/lib/python3.8/site-packages/airflow/example_dags/example_python_operator.py for tasks to queue
[2025-09-18T07:38:30.242+0000] {logging_mixin.py:188} INFO - [2025-09-18T07:38:30.242+0000] {dagbag.py:538} INFO - Filling up the DagBag from /home/airflow/.local/lib/python3.8/site-packages/airflow/example_dags/example_python_operator.py
[2025-09-18T07:38:30.295+0000] {processor.py:840} INFO - DAG(s) 'example_python_operator' retrieved from /home/airflow/.local/lib/python3.8/site-packages/airflow/example_dags/example_python_operator.py
[2025-09-18T07:38:30.366+0000] {logging_mixin.py:188} INFO - [2025-09-18T07:38:30.365+0000] {dag.py:3036} INFO - Sync 1 DAGs
[2025-09-18T07:38:30.415+0000] {logging_mixin.py:188} INFO - [2025-09-18T07:38:30.415+0000] {dag.py:3823} INFO - Setting next_dagrun for example_python_operator to None, run_after=None
[2025-09-18T07:38:30.523+0000] {processor.py:183} INFO - Processing /home/airflow/.local/lib/python3.8/site-packages/airflow/example_dags/example_python_operator.py took 0.302 seconds
[2025-09-18T07:39:00.937+0000] {processor.py:161} INFO - Started process (PID=347) to work on /home/airflow/.local/lib/python3.8/site-packages/airflow/example_dags/example_python_operator.py
[2025-09-18T07:39:00.939+0000] {processor.py:830} INFO - Processing file /home/airflow/.local/lib/python3.8/site-packages/airflow/example_dags/example_python_operator.py for tasks to queue
[2025-09-18T07:39:00.942+0000] {logging_mixin.py:188} INFO - [2025-09-18T07:39:00.942+0000] {dagbag.py:538} INFO - Filling up the DagBag from /home/airflow/.local/lib/python3.8/site-packages/airflow/example_dags/example_python_operator.py
[2025-09-18T07:39:00.963+0000] {processor.py:840} INFO - DAG(s) 'example_python_operator' retrieved from /home/airflow/.local/lib/python3.8/site-packages/airflow/example_dags/example_python_operator.py
[2025-09-18T07:39:01.012+0000] {logging_mixin.py:188} INFO - [2025-09-18T07:39:01.012+0000] {dag.py:3036} INFO - Sync 1 DAGs
[2025-09-18T07:39:01.064+0000] {logging_mixin.py:188} INFO - [2025-09-18T07:39:01.064+0000] {dag.py:3823} INFO - Setting next_dagrun for example_python_operator to None, run_after=None
[2025-09-18T07:39:01.120+0000] {processor.py:183} INFO - Processing /home/airflow/.local/lib/python3.8/site-packages/airflow/example_dags/example_python_operator.py took 0.189 seconds
[2025-09-18T07:39:31.664+0000] {processor.py:161} INFO - Started process (PID=402) to work on /home/airflow/.local/lib/python3.8/site-packages/airflow/example_dags/example_python_operator.py
[2025-09-18T07:39:31.666+0000] {processor.py:830} INFO - Processing file /home/airflow/.local/lib/python3.8/site-packages/airflow/example_dags/example_python_operator.py for tasks to queue
[2025-09-18T07:39:31.670+0000] {logging_mixin.py:188} INFO - [2025-09-18T07:39:31.670+0000] {dagbag.py:538} INFO - Filling up the DagBag from /home/airflow/.local/lib/python3.8/site-packages/airflow/example_dags/example_python_operator.py
[2025-09-18T07:39:31.697+0000] {processor.py:840} INFO - DAG(s) 'example_python_operator' retrieved from /home/airflow/.local/lib/python3.8/site-packages/airflow/example_dags/example_python_operator.py
[2025-09-18T07:39:31.749+0000] {logging_mixin.py:188} INFO - [2025-09-18T07:39:31.749+0000] {dag.py:3036} INFO - Sync 1 DAGs
[2025-09-18T07:39:31.777+0000] {logging_mixin.py:188} INFO - [2025-09-18T07:39:31.776+0000] {dag.py:3823} INFO - Setting next_dagrun for example_python_operator to None, run_after=None
[2025-09-18T07:39:31.828+0000] {processor.py:183} INFO - Processing /home/airflow/.local/lib/python3.8/site-packages/airflow/example_dags/example_python_operator.py took 0.171 seconds
[2025-09-18T07:40:01.991+0000] {processor.py:161} INFO - Started process (PID=457) to work on /home/airflow/.local/lib/python3.8/site-packages/airflow/example_dags/example_python_operator.py
[2025-09-18T07:40:01.993+0000] {processor.py:830} INFO - Processing file /home/airflow/.local/lib/python3.8/site-packages/airflow/example_dags/example_python_operator.py for tasks to queue
[2025-09-18T07:40:01.997+0000] {logging_mixin.py:188} INFO - [2025-09-18T07:40:01.996+0000] {dagbag.py:538} INFO - Filling up the DagBag from /home/airflow/.local/lib/python3.8/site-packages/airflow/example_dags/example_python_operator.py
[2025-09-18T07:40:02.017+0000] {processor.py:840} INFO - DAG(s) 'example_python_operator' retrieved from /home/airflow/.local/lib/python3.8/site-packages/airflow/example_dags/example_python_operator.py
[2025-09-18T07:40:02.059+0000] {logging_mixin.py:188} INFO - [2025-09-18T07:40:02.058+0000] {dag.py:3036} INFO - Sync 1 DAGs
[2025-09-18T07:40:02.083+0000] {logging_mixin.py:188} INFO - [2025-09-18T07:40:02.083+0000] {dag.py:3823} INFO - Setting next_dagrun for example_python_operator to None, run_after=None
[2025-09-18T07:40:02.121+0000] {processor.py:183} INFO - Processing /home/airflow/.local/lib/python3.8/site-packages/airflow/example_dags/example_python_operator.py took 0.137 seconds
[2025-09-18T07:40:32.716+0000] {processor.py:161} INFO - Started process (PID=513) to work on /home/airflow/.local/lib/python3.8/site-packages/airflow/example_dags/example_python_operator.py
[2025-09-18T07:40:32.718+0000] {processor.py:830} INFO - Processing file /home/airflow/.local/lib/python3.8/site-packages/airflow/example_dags/example_python_operator.py for tasks to queue
[2025-09-18T07:40:32.725+0000] {logging_mixin.py:188} INFO - [2025-09-18T07:40:32.724+0000] {dagbag.py:538} INFO - Filling up the DagBag from /home/airflow/.local/lib/python3.8/site-packages/airflow/example_dags/example_python_operator.py
[2025-09-18T07:40:32.749+0000] {processor.py:840} INFO - DAG(s) 'example_python_operator' retrieved from /home/airflow/.local/lib/python3.8/site-packages/airflow/example_dags/example_python_operator.py
[2025-09-18T07:40:32.792+0000] {logging_mixin.py:188} INFO - [2025-09-18T07:40:32.792+0000] {dag.py:3036} INFO - Sync 1 DAGs
[2025-09-18T07:40:32.818+0000] {logging_mixin.py:188} INFO - [2025-09-18T07:40:32.817+0000] {dag.py:3823} INFO - Setting next_dagrun for example_python_operator to None, run_after=None
[2025-09-18T07:40:32.871+0000] {processor.py:183} INFO - Processing /home/airflow/.local/lib/python3.8/site-packages/airflow/example_dags/example_python_operator.py took 0.161 seconds
[2025-09-18T07:41:03.963+0000] {processor.py:161} INFO - Started process (PID=568) to work on /home/airflow/.local/lib/python3.8/site-packages/airflow/example_dags/example_python_operator.py
[2025-09-18T07:41:03.965+0000] {processor.py:830} INFO - Processing file /home/airflow/.local/lib/python3.8/site-packages/airflow/example_dags/example_python_operator.py for tasks to queue
[2025-09-18T07:41:03.970+0000] {logging_mixin.py:188} INFO - [2025-09-18T07:41:03.969+0000] {dagbag.py:538} INFO - Filling up the DagBag from /home/airflow/.local/lib/python3.8/site-packages/airflow/example_dags/example_python_operator.py
[2025-09-18T07:41:04.000+0000] {processor.py:840} INFO - DAG(s) 'example_python_operator' retrieved from /home/airflow/.local/lib/python3.8/site-packages/airflow/example_dags/example_python_operator.py
[2025-09-18T07:41:04.054+0000] {logging_mixin.py:188} INFO - [2025-09-18T07:41:04.054+0000] {dag.py:3036} INFO - Sync 1 DAGs
[2025-09-18T07:41:04.087+0000] {logging_mixin.py:188} INFO - [2025-09-18T07:41:04.086+0000] {dag.py:3823} INFO - Setting next_dagrun for example_python_operator to None, run_after=None
[2025-09-18T07:41:04.219+0000] {processor.py:183} INFO - Processing /home/airflow/.local/lib/python3.8/site-packages/airflow/example_dags/example_python_operator.py took 0.264 seconds
[2025-09-18T07:41:34.388+0000] {processor.py:161} INFO - Started process (PID=623) to work on /home/airflow/.local/lib/python3.8/site-packages/airflow/example_dags/example_python_operator.py
[2025-09-18T07:41:34.391+0000] {processor.py:830} INFO - Processing file /home/airflow/.local/lib/python3.8/site-packages/airflow/example_dags/example_python_operator.py for tasks to queue
[2025-09-18T07:41:34.396+0000] {logging_mixin.py:188} INFO - [2025-09-18T07:41:34.395+0000] {dagbag.py:538} INFO - Filling up the DagBag from /home/airflow/.local/lib/python3.8/site-packages/airflow/example_dags/example_python_operator.py
[2025-09-18T07:41:34.433+0000] {processor.py:840} INFO - DAG(s) 'example_python_operator' retrieved from /home/airflow/.local/lib/python3.8/site-packages/airflow/example_dags/example_python_operator.py
[2025-09-18T07:41:34.494+0000] {logging_mixin.py:188} INFO - [2025-09-18T07:41:34.493+0000] {dag.py:3036} INFO - Sync 1 DAGs
[2025-09-18T07:41:34.522+0000] {logging_mixin.py:188} INFO - [2025-09-18T07:41:34.522+0000] {dag.py:3823} INFO - Setting next_dagrun for example_python_operator to None, run_after=None
[2025-09-18T07:41:34.571+0000] {processor.py:183} INFO - Processing /home/airflow/.local/lib/python3.8/site-packages/airflow/example_dags/example_python_operator.py took 0.191 seconds
[2025-09-18T07:42:05.351+0000] {processor.py:161} INFO - Started process (PID=678) to work on /home/airflow/.local/lib/python3.8/site-packages/airflow/example_dags/example_python_operator.py
[2025-09-18T07:42:05.353+0000] {processor.py:830} INFO - Processing file /home/airflow/.local/lib/python3.8/site-packages/airflow/example_dags/example_python_operator.py for tasks to queue
[2025-09-18T07:42:05.359+0000] {logging_mixin.py:188} INFO - [2025-09-18T07:42:05.357+0000] {dagbag.py:538} INFO - Filling up the DagBag from /home/airflow/.local/lib/python3.8/site-packages/airflow/example_dags/example_python_operator.py
[2025-09-18T07:42:05.382+0000] {processor.py:840} INFO - DAG(s) 'example_python_operator' retrieved from /home/airflow/.local/lib/python3.8/site-packages/airflow/example_dags/example_python_operator.py
[2025-09-18T07:42:05.429+0000] {logging_mixin.py:188} INFO - [2025-09-18T07:42:05.428+0000] {dag.py:3036} INFO - Sync 1 DAGs
[2025-09-18T07:42:05.457+0000] {logging_mixin.py:188} INFO - [2025-09-18T07:42:05.455+0000] {dag.py:3823} INFO - Setting next_dagrun for example_python_operator to None, run_after=None
[2025-09-18T07:42:05.506+0000] {processor.py:183} INFO - Processing /home/airflow/.local/lib/python3.8/site-packages/airflow/example_dags/example_python_operator.py took 0.161 seconds
[2025-09-18T07:42:36.101+0000] {processor.py:161} INFO - Started process (PID=733) to work on /home/airflow/.local/lib/python3.8/site-packages/airflow/example_dags/example_python_operator.py
[2025-09-18T07:42:36.103+0000] {processor.py:830} INFO - Processing file /home/airflow/.local/lib/python3.8/site-packages/airflow/example_dags/example_python_operator.py for tasks to queue
[2025-09-18T07:42:36.109+0000] {logging_mixin.py:188} INFO - [2025-09-18T07:42:36.108+0000] {dagbag.py:538} INFO - Filling up the DagBag from /home/airflow/.local/lib/python3.8/site-packages/airflow/example_dags/example_python_operator.py
[2025-09-18T07:42:36.137+0000] {processor.py:840} INFO - DAG(s) 'example_python_operator' retrieved from /home/airflow/.local/lib/python3.8/site-packages/airflow/example_dags/example_python_operator.py
[2025-09-18T07:42:36.189+0000] {logging_mixin.py:188} INFO - [2025-09-18T07:42:36.188+0000] {dag.py:3036} INFO - Sync 1 DAGs
[2025-09-18T07:42:36.224+0000] {logging_mixin.py:188} INFO - [2025-09-18T07:42:36.224+0000] {dag.py:3823} INFO - Setting next_dagrun for example_python_operator to None, run_after=None
[2025-09-18T07:42:36.275+0000] {processor.py:183} INFO - Processing /home/airflow/.local/lib/python3.8/site-packages/airflow/example_dags/example_python_operator.py took 0.182 seconds
[2025-09-18T07:43:06.857+0000] {processor.py:161} INFO - Started process (PID=788) to work on /home/airflow/.local/lib/python3.8/site-packages/airflow/example_dags/example_python_operator.py
[2025-09-18T07:43:06.859+0000] {processor.py:830} INFO - Processing file /home/airflow/.local/lib/python3.8/site-packages/airflow/example_dags/example_python_operator.py for tasks to queue
[2025-09-18T07:43:06.862+0000] {logging_mixin.py:188} INFO - [2025-09-18T07:43:06.862+0000] {dagbag.py:538} INFO - Filling up the DagBag from /home/airflow/.local/lib/python3.8/site-packages/airflow/example_dags/example_python_operator.py
[2025-09-18T07:43:06.882+0000] {processor.py:840} INFO - DAG(s) 'example_python_operator' retrieved from /home/airflow/.local/lib/python3.8/site-packages/airflow/example_dags/example_python_operator.py
[2025-09-18T07:43:06.922+0000] {logging_mixin.py:188} INFO - [2025-09-18T07:43:06.922+0000] {dag.py:3036} INFO - Sync 1 DAGs
[2025-09-18T07:43:06.944+0000] {logging_mixin.py:188} INFO - [2025-09-18T07:43:06.944+0000] {dag.py:3823} INFO - Setting next_dagrun for example_python_operator to None, run_after=None
[2025-09-18T07:43:06.982+0000] {processor.py:183} INFO - Processing /home/airflow/.local/lib/python3.8/site-packages/airflow/example_dags/example_python_operator.py took 0.131 seconds
[2025-09-18T07:43:37.969+0000] {processor.py:161} INFO - Started process (PID=843) to work on /home/airflow/.local/lib/python3.8/site-packages/airflow/example_dags/example_python_operator.py
[2025-09-18T07:43:37.971+0000] {processor.py:830} INFO - Processing file /home/airflow/.local/lib/python3.8/site-packages/airflow/example_dags/example_python_operator.py for tasks to queue
[2025-09-18T07:43:37.977+0000] {logging_mixin.py:188} INFO - [2025-09-18T07:43:37.976+0000] {dagbag.py:538} INFO - Filling up the DagBag from /home/airflow/.local/lib/python3.8/site-packages/airflow/example_dags/example_python_operator.py
[2025-09-18T07:43:37.998+0000] {processor.py:840} INFO - DAG(s) 'example_python_operator' retrieved from /home/airflow/.local/lib/python3.8/site-packages/airflow/example_dags/example_python_operator.py
[2025-09-18T07:43:38.050+0000] {logging_mixin.py:188} INFO - [2025-09-18T07:43:38.049+0000] {dag.py:3036} INFO - Sync 1 DAGs
[2025-09-18T07:43:38.085+0000] {logging_mixin.py:188} INFO - [2025-09-18T07:43:38.085+0000] {dag.py:3823} INFO - Setting next_dagrun for example_python_operator to None, run_after=None
[2025-09-18T07:43:38.137+0000] {processor.py:183} INFO - Processing /home/airflow/.local/lib/python3.8/site-packages/airflow/example_dags/example_python_operator.py took 0.173 seconds
[2025-09-18T07:44:08.234+0000] {processor.py:161} INFO - Started process (PID=898) to work on /home/airflow/.local/lib/python3.8/site-packages/airflow/example_dags/example_python_operator.py
[2025-09-18T07:44:08.236+0000] {processor.py:830} INFO - Processing file /home/airflow/.local/lib/python3.8/site-packages/airflow/example_dags/example_python_operator.py for tasks to queue
[2025-09-18T07:44:08.239+0000] {logging_mixin.py:188} INFO - [2025-09-18T07:44:08.239+0000] {dagbag.py:538} INFO - Filling up the DagBag from /home/airflow/.local/lib/python3.8/site-packages/airflow/example_dags/example_python_operator.py
[2025-09-18T07:44:08.260+0000] {processor.py:840} INFO - DAG(s) 'example_python_operator' retrieved from /home/airflow/.local/lib/python3.8/site-packages/airflow/example_dags/example_python_operator.py
[2025-09-18T07:44:08.304+0000] {logging_mixin.py:188} INFO - [2025-09-18T07:44:08.303+0000] {dag.py:3036} INFO - Sync 1 DAGs
[2025-09-18T07:44:08.329+0000] {logging_mixin.py:188} INFO - [2025-09-18T07:44:08.329+0000] {dag.py:3823} INFO - Setting next_dagrun for example_python_operator to None, run_after=None
[2025-09-18T07:44:08.372+0000] {processor.py:183} INFO - Processing /home/airflow/.local/lib/python3.8/site-packages/airflow/example_dags/example_python_operator.py took 0.145 seconds
[2025-09-18T07:44:38.989+0000] {processor.py:161} INFO - Started process (PID=953) to work on /home/airflow/.local/lib/python3.8/site-packages/airflow/example_dags/example_python_operator.py
[2025-09-18T07:44:38.991+0000] {processor.py:830} INFO - Processing file /home/airflow/.local/lib/python3.8/site-packages/airflow/example_dags/example_python_operator.py for tasks to queue
[2025-09-18T07:44:38.995+0000] {logging_mixin.py:188} INFO - [2025-09-18T07:44:38.994+0000] {dagbag.py:538} INFO - Filling up the DagBag from /home/airflow/.local/lib/python3.8/site-packages/airflow/example_dags/example_python_operator.py
[2025-09-18T07:44:39.023+0000] {processor.py:840} INFO - DAG(s) 'example_python_operator' retrieved from /home/airflow/.local/lib/python3.8/site-packages/airflow/example_dags/example_python_operator.py
[2025-09-18T07:44:39.066+0000] {logging_mixin.py:188} INFO - [2025-09-18T07:44:39.065+0000] {dag.py:3036} INFO - Sync 1 DAGs
[2025-09-18T07:44:39.090+0000] {logging_mixin.py:188} INFO - [2025-09-18T07:44:39.089+0000] {dag.py:3823} INFO - Setting next_dagrun for example_python_operator to None, run_after=None
[2025-09-18T07:44:39.133+0000] {processor.py:183} INFO - Processing /home/airflow/.local/lib/python3.8/site-packages/airflow/example_dags/example_python_operator.py took 0.151 seconds
[2025-09-18T07:45:10.088+0000] {processor.py:161} INFO - Started process (PID=1014) to work on /home/airflow/.local/lib/python3.8/site-packages/airflow/example_dags/example_python_operator.py
[2025-09-18T07:45:10.091+0000] {processor.py:830} INFO - Processing file /home/airflow/.local/lib/python3.8/site-packages/airflow/example_dags/example_python_operator.py for tasks to queue
[2025-09-18T07:45:10.094+0000] {logging_mixin.py:188} INFO - [2025-09-18T07:45:10.094+0000] {dagbag.py:538} INFO - Filling up the DagBag from /home/airflow/.local/lib/python3.8/site-packages/airflow/example_dags/example_python_operator.py
[2025-09-18T07:45:10.118+0000] {processor.py:840} INFO - DAG(s) 'example_python_operator' retrieved from /home/airflow/.local/lib/python3.8/site-packages/airflow/example_dags/example_python_operator.py
[2025-09-18T07:45:10.171+0000] {logging_mixin.py:188} INFO - [2025-09-18T07:45:10.170+0000] {dag.py:3036} INFO - Sync 1 DAGs
[2025-09-18T07:45:10.202+0000] {logging_mixin.py:188} INFO - [2025-09-18T07:45:10.202+0000] {dag.py:3823} INFO - Setting next_dagrun for example_python_operator to None, run_after=None
[2025-09-18T07:45:10.245+0000] {processor.py:183} INFO - Processing /home/airflow/.local/lib/python3.8/site-packages/airflow/example_dags/example_python_operator.py took 0.165 seconds
[2025-09-18T07:45:40.492+0000] {processor.py:161} INFO - Started process (PID=1069) to work on /home/airflow/.local/lib/python3.8/site-packages/airflow/example_dags/example_python_operator.py
[2025-09-18T07:45:40.494+0000] {processor.py:830} INFO - Processing file /home/airflow/.local/lib/python3.8/site-packages/airflow/example_dags/example_python_operator.py for tasks to queue
[2025-09-18T07:45:40.498+0000] {logging_mixin.py:188} INFO - [2025-09-18T07:45:40.497+0000] {dagbag.py:538} INFO - Filling up the DagBag from /home/airflow/.local/lib/python3.8/site-packages/airflow/example_dags/example_python_operator.py
[2025-09-18T07:45:40.518+0000] {processor.py:840} INFO - DAG(s) 'example_python_operator' retrieved from /home/airflow/.local/lib/python3.8/site-packages/airflow/example_dags/example_python_operator.py
[2025-09-18T07:45:40.559+0000] {logging_mixin.py:188} INFO - [2025-09-18T07:45:40.558+0000] {dag.py:3036} INFO - Sync 1 DAGs
[2025-09-18T07:45:40.590+0000] {logging_mixin.py:188} INFO - [2025-09-18T07:45:40.589+0000] {dag.py:3823} INFO - Setting next_dagrun for example_python_operator to None, run_after=None
[2025-09-18T07:45:40.629+0000] {processor.py:183} INFO - Processing /home/airflow/.local/lib/python3.8/site-packages/airflow/example_dags/example_python_operator.py took 0.142 seconds
[2025-09-18T07:46:11.211+0000] {processor.py:161} INFO - Started process (PID=1124) to work on /home/airflow/.local/lib/python3.8/site-packages/airflow/example_dags/example_python_operator.py
[2025-09-18T07:46:11.213+0000] {processor.py:830} INFO - Processing file /home/airflow/.local/lib/python3.8/site-packages/airflow/example_dags/example_python_operator.py for tasks to queue
[2025-09-18T07:46:11.217+0000] {logging_mixin.py:188} INFO - [2025-09-18T07:46:11.216+0000] {dagbag.py:538} INFO - Filling up the DagBag from /home/airflow/.local/lib/python3.8/site-packages/airflow/example_dags/example_python_operator.py
[2025-09-18T07:46:11.238+0000] {processor.py:840} INFO - DAG(s) 'example_python_operator' retrieved from /home/airflow/.local/lib/python3.8/site-packages/airflow/example_dags/example_python_operator.py
[2025-09-18T07:46:11.278+0000] {logging_mixin.py:188} INFO - [2025-09-18T07:46:11.277+0000] {dag.py:3036} INFO - Sync 1 DAGs
[2025-09-18T07:46:11.302+0000] {logging_mixin.py:188} INFO - [2025-09-18T07:46:11.301+0000] {dag.py:3823} INFO - Setting next_dagrun for example_python_operator to None, run_after=None
[2025-09-18T07:46:11.336+0000] {processor.py:183} INFO - Processing /home/airflow/.local/lib/python3.8/site-packages/airflow/example_dags/example_python_operator.py took 0.131 seconds
[2025-09-18T07:46:42.096+0000] {processor.py:161} INFO - Started process (PID=1179) to work on /home/airflow/.local/lib/python3.8/site-packages/airflow/example_dags/example_python_operator.py
[2025-09-18T07:46:42.099+0000] {processor.py:830} INFO - Processing file /home/airflow/.local/lib/python3.8/site-packages/airflow/example_dags/example_python_operator.py for tasks to queue
[2025-09-18T07:46:42.105+0000] {logging_mixin.py:188} INFO - [2025-09-18T07:46:42.104+0000] {dagbag.py:538} INFO - Filling up the DagBag from /home/airflow/.local/lib/python3.8/site-packages/airflow/example_dags/example_python_operator.py
[2025-09-18T07:46:42.147+0000] {processor.py:840} INFO - DAG(s) 'example_python_operator' retrieved from /home/airflow/.local/lib/python3.8/site-packages/airflow/example_dags/example_python_operator.py
[2025-09-18T07:46:42.220+0000] {logging_mixin.py:188} INFO - [2025-09-18T07:46:42.219+0000] {dag.py:3036} INFO - Sync 1 DAGs
[2025-09-18T07:46:42.327+0000] {logging_mixin.py:188} INFO - [2025-09-18T07:46:42.326+0000] {dag.py:3823} INFO - Setting next_dagrun for example_python_operator to None, run_after=None
[2025-09-18T07:46:42.387+0000] {processor.py:183} INFO - Processing /home/airflow/.local/lib/python3.8/site-packages/airflow/example_dags/example_python_operator.py took 0.308 seconds
[2025-09-18T07:47:12.609+0000] {processor.py:161} INFO - Started process (PID=1234) to work on /home/airflow/.local/lib/python3.8/site-packages/airflow/example_dags/example_python_operator.py
[2025-09-18T07:47:12.611+0000] {processor.py:830} INFO - Processing file /home/airflow/.local/lib/python3.8/site-packages/airflow/example_dags/example_python_operator.py for tasks to queue
[2025-09-18T07:47:12.615+0000] {logging_mixin.py:188} INFO - [2025-09-18T07:47:12.614+0000] {dagbag.py:538} INFO - Filling up the DagBag from /home/airflow/.local/lib/python3.8/site-packages/airflow/example_dags/example_python_operator.py
[2025-09-18T07:47:12.634+0000] {processor.py:840} INFO - DAG(s) 'example_python_operator' retrieved from /home/airflow/.local/lib/python3.8/site-packages/airflow/example_dags/example_python_operator.py
[2025-09-18T07:47:12.674+0000] {logging_mixin.py:188} INFO - [2025-09-18T07:47:12.673+0000] {dag.py:3036} INFO - Sync 1 DAGs
[2025-09-18T07:47:12.696+0000] {logging_mixin.py:188} INFO - [2025-09-18T07:47:12.696+0000] {dag.py:3823} INFO - Setting next_dagrun for example_python_operator to None, run_after=None
[2025-09-18T07:47:12.732+0000] {processor.py:183} INFO - Processing /home/airflow/.local/lib/python3.8/site-packages/airflow/example_dags/example_python_operator.py took 0.129 seconds
[2025-09-18T07:47:43.371+0000] {processor.py:161} INFO - Started process (PID=1290) to work on /home/airflow/.local/lib/python3.8/site-packages/airflow/example_dags/example_python_operator.py
[2025-09-18T07:47:43.373+0000] {processor.py:830} INFO - Processing file /home/airflow/.local/lib/python3.8/site-packages/airflow/example_dags/example_python_operator.py for tasks to queue
[2025-09-18T07:47:43.376+0000] {logging_mixin.py:188} INFO - [2025-09-18T07:47:43.376+0000] {dagbag.py:538} INFO - Filling up the DagBag from /home/airflow/.local/lib/python3.8/site-packages/airflow/example_dags/example_python_operator.py
[2025-09-18T07:47:43.396+0000] {processor.py:840} INFO - DAG(s) 'example_python_operator' retrieved from /home/airflow/.local/lib/python3.8/site-packages/airflow/example_dags/example_python_operator.py
[2025-09-18T07:47:43.436+0000] {logging_mixin.py:188} INFO - [2025-09-18T07:47:43.436+0000] {dag.py:3036} INFO - Sync 1 DAGs
[2025-09-18T07:47:43.461+0000] {logging_mixin.py:188} INFO - [2025-09-18T07:47:43.460+0000] {dag.py:3823} INFO - Setting next_dagrun for example_python_operator to None, run_after=None
[2025-09-18T07:47:43.496+0000] {processor.py:183} INFO - Processing /home/airflow/.local/lib/python3.8/site-packages/airflow/example_dags/example_python_operator.py took 0.131 seconds
[2025-09-18T07:48:14.117+0000] {processor.py:161} INFO - Started process (PID=1345) to work on /home/airflow/.local/lib/python3.8/site-packages/airflow/example_dags/example_python_operator.py
[2025-09-18T07:48:14.119+0000] {processor.py:830} INFO - Processing file /home/airflow/.local/lib/python3.8/site-packages/airflow/example_dags/example_python_operator.py for tasks to queue
[2025-09-18T07:48:14.123+0000] {logging_mixin.py:188} INFO - [2025-09-18T07:48:14.122+0000] {dagbag.py:538} INFO - Filling up the DagBag from /home/airflow/.local/lib/python3.8/site-packages/airflow/example_dags/example_python_operator.py
[2025-09-18T07:48:14.151+0000] {processor.py:840} INFO - DAG(s) 'example_python_operator' retrieved from /home/airflow/.local/lib/python3.8/site-packages/airflow/example_dags/example_python_operator.py
[2025-09-18T07:48:14.206+0000] {logging_mixin.py:188} INFO - [2025-09-18T07:48:14.206+0000] {dag.py:3036} INFO - Sync 1 DAGs
[2025-09-18T07:48:14.244+0000] {logging_mixin.py:188} INFO - [2025-09-18T07:48:14.244+0000] {dag.py:3823} INFO - Setting next_dagrun for example_python_operator to None, run_after=None
[2025-09-18T07:48:14.289+0000] {processor.py:183} INFO - Processing /home/airflow/.local/lib/python3.8/site-packages/airflow/example_dags/example_python_operator.py took 0.181 seconds
[2025-09-18T07:56:49.907+0000] {processor.py:161} INFO - Started process (PID=72) to work on /home/airflow/.local/lib/python3.8/site-packages/airflow/example_dags/example_python_operator.py
[2025-09-18T07:56:49.909+0000] {processor.py:830} INFO - Processing file /home/airflow/.local/lib/python3.8/site-packages/airflow/example_dags/example_python_operator.py for tasks to queue
[2025-09-18T07:56:49.914+0000] {logging_mixin.py:188} INFO - [2025-09-18T07:56:49.913+0000] {dagbag.py:538} INFO - Filling up the DagBag from /home/airflow/.local/lib/python3.8/site-packages/airflow/example_dags/example_python_operator.py
[2025-09-18T07:56:49.953+0000] {processor.py:840} INFO - DAG(s) 'example_python_operator' retrieved from /home/airflow/.local/lib/python3.8/site-packages/airflow/example_dags/example_python_operator.py
[2025-09-18T07:56:50.227+0000] {logging_mixin.py:188} INFO - [2025-09-18T07:56:50.226+0000] {override.py:1769} INFO - Created Permission View: can edit on DAG:example_python_operator
[2025-09-18T07:56:50.250+0000] {logging_mixin.py:188} INFO - [2025-09-18T07:56:50.249+0000] {override.py:1769} INFO - Created Permission View: can read on DAG:example_python_operator
[2025-09-18T07:56:50.279+0000] {logging_mixin.py:188} INFO - [2025-09-18T07:56:50.278+0000] {override.py:1769} INFO - Created Permission View: can delete on DAG:example_python_operator
[2025-09-18T07:56:50.282+0000] {logging_mixin.py:188} INFO - [2025-09-18T07:56:50.282+0000] {dag.py:3036} INFO - Sync 1 DAGs
[2025-09-18T07:56:50.316+0000] {logging_mixin.py:188} INFO - [2025-09-18T07:56:50.315+0000] {dag.py:3058} INFO - Creating ORM DAG for example_python_operator
[2025-09-18T07:56:50.319+0000] {logging_mixin.py:188} INFO - [2025-09-18T07:56:50.318+0000] {dag.py:3823} INFO - Setting next_dagrun for example_python_operator to None, run_after=None
[2025-09-18T07:56:50.384+0000] {processor.py:183} INFO - Processing /home/airflow/.local/lib/python3.8/site-packages/airflow/example_dags/example_python_operator.py took 0.485 seconds
[2025-09-18T07:57:25.376+0000] {processor.py:161} INFO - Started process (PID=127) to work on /home/airflow/.local/lib/python3.8/site-packages/airflow/example_dags/example_python_operator.py
[2025-09-18T07:57:25.378+0000] {processor.py:830} INFO - Processing file /home/airflow/.local/lib/python3.8/site-packages/airflow/example_dags/example_python_operator.py for tasks to queue
[2025-09-18T07:57:25.393+0000] {logging_mixin.py:188} INFO - [2025-09-18T07:57:25.387+0000] {dagbag.py:538} INFO - Filling up the DagBag from /home/airflow/.local/lib/python3.8/site-packages/airflow/example_dags/example_python_operator.py
[2025-09-18T07:57:25.461+0000] {processor.py:840} INFO - DAG(s) 'example_python_operator' retrieved from /home/airflow/.local/lib/python3.8/site-packages/airflow/example_dags/example_python_operator.py
[2025-09-18T07:57:25.530+0000] {logging_mixin.py:188} INFO - [2025-09-18T07:57:25.530+0000] {dag.py:3036} INFO - Sync 1 DAGs
[2025-09-18T07:57:25.563+0000] {logging_mixin.py:188} INFO - [2025-09-18T07:57:25.562+0000] {dag.py:3823} INFO - Setting next_dagrun for example_python_operator to None, run_after=None
[2025-09-18T07:57:25.611+0000] {processor.py:183} INFO - Processing /home/airflow/.local/lib/python3.8/site-packages/airflow/example_dags/example_python_operator.py took 0.244 seconds
[2025-09-18T07:57:55.864+0000] {processor.py:161} INFO - Started process (PID=183) to work on /home/airflow/.local/lib/python3.8/site-packages/airflow/example_dags/example_python_operator.py
[2025-09-18T07:57:55.866+0000] {processor.py:830} INFO - Processing file /home/airflow/.local/lib/python3.8/site-packages/airflow/example_dags/example_python_operator.py for tasks to queue
[2025-09-18T07:57:55.870+0000] {logging_mixin.py:188} INFO - [2025-09-18T07:57:55.870+0000] {dagbag.py:538} INFO - Filling up the DagBag from /home/airflow/.local/lib/python3.8/site-packages/airflow/example_dags/example_python_operator.py
[2025-09-18T07:57:55.889+0000] {processor.py:840} INFO - DAG(s) 'example_python_operator' retrieved from /home/airflow/.local/lib/python3.8/site-packages/airflow/example_dags/example_python_operator.py
[2025-09-18T07:57:55.929+0000] {logging_mixin.py:188} INFO - [2025-09-18T07:57:55.929+0000] {dag.py:3036} INFO - Sync 1 DAGs
[2025-09-18T07:57:55.953+0000] {logging_mixin.py:188} INFO - [2025-09-18T07:57:55.952+0000] {dag.py:3823} INFO - Setting next_dagrun for example_python_operator to None, run_after=None
[2025-09-18T07:57:55.986+0000] {processor.py:183} INFO - Processing /home/airflow/.local/lib/python3.8/site-packages/airflow/example_dags/example_python_operator.py took 0.128 seconds
[2025-09-18T09:46:53.031+0000] {processor.py:161} INFO - Started process (PID=72) to work on /home/airflow/.local/lib/python3.8/site-packages/airflow/example_dags/example_python_operator.py
[2025-09-18T09:46:53.036+0000] {processor.py:830} INFO - Processing file /home/airflow/.local/lib/python3.8/site-packages/airflow/example_dags/example_python_operator.py for tasks to queue
[2025-09-18T09:46:53.040+0000] {logging_mixin.py:188} INFO - [2025-09-18T09:46:53.040+0000] {dagbag.py:538} INFO - Filling up the DagBag from /home/airflow/.local/lib/python3.8/site-packages/airflow/example_dags/example_python_operator.py
[2025-09-18T09:46:53.067+0000] {processor.py:840} INFO - DAG(s) 'example_python_operator' retrieved from /home/airflow/.local/lib/python3.8/site-packages/airflow/example_dags/example_python_operator.py
[2025-09-18T09:46:53.290+0000] {logging_mixin.py:188} INFO - [2025-09-18T09:46:53.289+0000] {override.py:1769} INFO - Created Permission View: can delete on DAG:example_python_operator
[2025-09-18T09:46:53.311+0000] {logging_mixin.py:188} INFO - [2025-09-18T09:46:53.311+0000] {override.py:1769} INFO - Created Permission View: can edit on DAG:example_python_operator
[2025-09-18T09:46:53.324+0000] {logging_mixin.py:188} INFO - [2025-09-18T09:46:53.324+0000] {override.py:1769} INFO - Created Permission View: can read on DAG:example_python_operator
[2025-09-18T09:46:53.326+0000] {logging_mixin.py:188} INFO - [2025-09-18T09:46:53.325+0000] {dag.py:3036} INFO - Sync 1 DAGs
[2025-09-18T09:46:53.347+0000] {logging_mixin.py:188} INFO - [2025-09-18T09:46:53.346+0000] {dag.py:3058} INFO - Creating ORM DAG for example_python_operator
[2025-09-18T09:46:53.348+0000] {logging_mixin.py:188} INFO - [2025-09-18T09:46:53.348+0000] {dag.py:3823} INFO - Setting next_dagrun for example_python_operator to None, run_after=None
[2025-09-18T09:46:53.384+0000] {processor.py:183} INFO - Processing /home/airflow/.local/lib/python3.8/site-packages/airflow/example_dags/example_python_operator.py took 0.365 seconds
[2025-09-18T09:47:24.013+0000] {processor.py:161} INFO - Started process (PID=127) to work on /home/airflow/.local/lib/python3.8/site-packages/airflow/example_dags/example_python_operator.py
[2025-09-18T09:47:24.015+0000] {processor.py:830} INFO - Processing file /home/airflow/.local/lib/python3.8/site-packages/airflow/example_dags/example_python_operator.py for tasks to queue
[2025-09-18T09:47:24.019+0000] {logging_mixin.py:188} INFO - [2025-09-18T09:47:24.019+0000] {dagbag.py:538} INFO - Filling up the DagBag from /home/airflow/.local/lib/python3.8/site-packages/airflow/example_dags/example_python_operator.py
[2025-09-18T09:47:24.045+0000] {processor.py:840} INFO - DAG(s) 'example_python_operator' retrieved from /home/airflow/.local/lib/python3.8/site-packages/airflow/example_dags/example_python_operator.py
[2025-09-18T09:47:24.088+0000] {logging_mixin.py:188} INFO - [2025-09-18T09:47:24.087+0000] {dag.py:3036} INFO - Sync 1 DAGs
[2025-09-18T09:47:24.114+0000] {logging_mixin.py:188} INFO - [2025-09-18T09:47:24.114+0000] {dag.py:3823} INFO - Setting next_dagrun for example_python_operator to None, run_after=None
[2025-09-18T09:47:24.152+0000] {processor.py:183} INFO - Processing /home/airflow/.local/lib/python3.8/site-packages/airflow/example_dags/example_python_operator.py took 0.147 seconds
[2025-09-18T09:47:54.346+0000] {processor.py:161} INFO - Started process (PID=182) to work on /home/airflow/.local/lib/python3.8/site-packages/airflow/example_dags/example_python_operator.py
[2025-09-18T09:47:54.348+0000] {processor.py:830} INFO - Processing file /home/airflow/.local/lib/python3.8/site-packages/airflow/example_dags/example_python_operator.py for tasks to queue
[2025-09-18T09:47:54.352+0000] {logging_mixin.py:188} INFO - [2025-09-18T09:47:54.351+0000] {dagbag.py:538} INFO - Filling up the DagBag from /home/airflow/.local/lib/python3.8/site-packages/airflow/example_dags/example_python_operator.py
[2025-09-18T09:47:54.377+0000] {processor.py:840} INFO - DAG(s) 'example_python_operator' retrieved from /home/airflow/.local/lib/python3.8/site-packages/airflow/example_dags/example_python_operator.py
[2025-09-18T09:47:54.421+0000] {logging_mixin.py:188} INFO - [2025-09-18T09:47:54.421+0000] {dag.py:3036} INFO - Sync 1 DAGs
[2025-09-18T09:47:54.453+0000] {logging_mixin.py:188} INFO - [2025-09-18T09:47:54.452+0000] {dag.py:3823} INFO - Setting next_dagrun for example_python_operator to None, run_after=None
[2025-09-18T09:47:54.493+0000] {processor.py:183} INFO - Processing /home/airflow/.local/lib/python3.8/site-packages/airflow/example_dags/example_python_operator.py took 0.155 seconds
[2025-09-18T09:48:24.793+0000] {processor.py:161} INFO - Started process (PID=237) to work on /home/airflow/.local/lib/python3.8/site-packages/airflow/example_dags/example_python_operator.py
[2025-09-18T09:48:24.795+0000] {processor.py:830} INFO - Processing file /home/airflow/.local/lib/python3.8/site-packages/airflow/example_dags/example_python_operator.py for tasks to queue
[2025-09-18T09:48:24.799+0000] {logging_mixin.py:188} INFO - [2025-09-18T09:48:24.799+0000] {dagbag.py:538} INFO - Filling up the DagBag from /home/airflow/.local/lib/python3.8/site-packages/airflow/example_dags/example_python_operator.py
[2025-09-18T09:48:24.820+0000] {processor.py:840} INFO - DAG(s) 'example_python_operator' retrieved from /home/airflow/.local/lib/python3.8/site-packages/airflow/example_dags/example_python_operator.py
[2025-09-18T09:48:24.870+0000] {logging_mixin.py:188} INFO - [2025-09-18T09:48:24.869+0000] {dag.py:3036} INFO - Sync 1 DAGs
[2025-09-18T09:48:24.897+0000] {logging_mixin.py:188} INFO - [2025-09-18T09:48:24.897+0000] {dag.py:3823} INFO - Setting next_dagrun for example_python_operator to None, run_after=None
[2025-09-18T09:48:24.939+0000] {processor.py:183} INFO - Processing /home/airflow/.local/lib/python3.8/site-packages/airflow/example_dags/example_python_operator.py took 0.155 seconds
[2025-09-18T09:48:55.548+0000] {processor.py:161} INFO - Started process (PID=292) to work on /home/airflow/.local/lib/python3.8/site-packages/airflow/example_dags/example_python_operator.py
[2025-09-18T09:48:55.550+0000] {processor.py:830} INFO - Processing file /home/airflow/.local/lib/python3.8/site-packages/airflow/example_dags/example_python_operator.py for tasks to queue
[2025-09-18T09:48:55.554+0000] {logging_mixin.py:188} INFO - [2025-09-18T09:48:55.553+0000] {dagbag.py:538} INFO - Filling up the DagBag from /home/airflow/.local/lib/python3.8/site-packages/airflow/example_dags/example_python_operator.py
[2025-09-18T09:48:55.586+0000] {processor.py:840} INFO - DAG(s) 'example_python_operator' retrieved from /home/airflow/.local/lib/python3.8/site-packages/airflow/example_dags/example_python_operator.py
[2025-09-18T09:48:55.656+0000] {logging_mixin.py:188} INFO - [2025-09-18T09:48:55.655+0000] {dag.py:3036} INFO - Sync 1 DAGs
[2025-09-18T09:48:55.693+0000] {logging_mixin.py:188} INFO - [2025-09-18T09:48:55.693+0000] {dag.py:3823} INFO - Setting next_dagrun for example_python_operator to None, run_after=None
[2025-09-18T09:48:55.750+0000] {processor.py:183} INFO - Processing /home/airflow/.local/lib/python3.8/site-packages/airflow/example_dags/example_python_operator.py took 0.210 seconds
[2025-09-18T09:49:26.374+0000] {processor.py:161} INFO - Started process (PID=347) to work on /home/airflow/.local/lib/python3.8/site-packages/airflow/example_dags/example_python_operator.py
[2025-09-18T09:49:26.376+0000] {processor.py:830} INFO - Processing file /home/airflow/.local/lib/python3.8/site-packages/airflow/example_dags/example_python_operator.py for tasks to queue
[2025-09-18T09:49:26.380+0000] {logging_mixin.py:188} INFO - [2025-09-18T09:49:26.380+0000] {dagbag.py:538} INFO - Filling up the DagBag from /home/airflow/.local/lib/python3.8/site-packages/airflow/example_dags/example_python_operator.py
[2025-09-18T09:49:26.400+0000] {processor.py:840} INFO - DAG(s) 'example_python_operator' retrieved from /home/airflow/.local/lib/python3.8/site-packages/airflow/example_dags/example_python_operator.py
[2025-09-18T09:49:26.443+0000] {logging_mixin.py:188} INFO - [2025-09-18T09:49:26.443+0000] {dag.py:3036} INFO - Sync 1 DAGs
[2025-09-18T09:49:26.469+0000] {logging_mixin.py:188} INFO - [2025-09-18T09:49:26.469+0000] {dag.py:3823} INFO - Setting next_dagrun for example_python_operator to None, run_after=None
[2025-09-18T09:49:26.502+0000] {processor.py:183} INFO - Processing /home/airflow/.local/lib/python3.8/site-packages/airflow/example_dags/example_python_operator.py took 0.134 seconds
[2025-09-18T09:49:56.665+0000] {processor.py:161} INFO - Started process (PID=402) to work on /home/airflow/.local/lib/python3.8/site-packages/airflow/example_dags/example_python_operator.py
[2025-09-18T09:49:56.668+0000] {processor.py:830} INFO - Processing file /home/airflow/.local/lib/python3.8/site-packages/airflow/example_dags/example_python_operator.py for tasks to queue
[2025-09-18T09:49:56.672+0000] {logging_mixin.py:188} INFO - [2025-09-18T09:49:56.672+0000] {dagbag.py:538} INFO - Filling up the DagBag from /home/airflow/.local/lib/python3.8/site-packages/airflow/example_dags/example_python_operator.py
[2025-09-18T09:49:56.698+0000] {processor.py:840} INFO - DAG(s) 'example_python_operator' retrieved from /home/airflow/.local/lib/python3.8/site-packages/airflow/example_dags/example_python_operator.py
[2025-09-18T09:49:56.748+0000] {logging_mixin.py:188} INFO - [2025-09-18T09:49:56.748+0000] {dag.py:3036} INFO - Sync 1 DAGs
[2025-09-18T09:49:56.781+0000] {logging_mixin.py:188} INFO - [2025-09-18T09:49:56.781+0000] {dag.py:3823} INFO - Setting next_dagrun for example_python_operator to None, run_after=None
[2025-09-18T09:49:56.831+0000] {processor.py:183} INFO - Processing /home/airflow/.local/lib/python3.8/site-packages/airflow/example_dags/example_python_operator.py took 0.176 seconds
[2025-09-18T09:50:26.895+0000] {processor.py:161} INFO - Started process (PID=456) to work on /home/airflow/.local/lib/python3.8/site-packages/airflow/example_dags/example_python_operator.py
[2025-09-18T09:50:26.898+0000] {processor.py:830} INFO - Processing file /home/airflow/.local/lib/python3.8/site-packages/airflow/example_dags/example_python_operator.py for tasks to queue
[2025-09-18T09:50:26.902+0000] {logging_mixin.py:188} INFO - [2025-09-18T09:50:26.901+0000] {dagbag.py:538} INFO - Filling up the DagBag from /home/airflow/.local/lib/python3.8/site-packages/airflow/example_dags/example_python_operator.py
[2025-09-18T09:50:26.922+0000] {processor.py:840} INFO - DAG(s) 'example_python_operator' retrieved from /home/airflow/.local/lib/python3.8/site-packages/airflow/example_dags/example_python_operator.py
[2025-09-18T09:50:26.971+0000] {logging_mixin.py:188} INFO - [2025-09-18T09:50:26.970+0000] {dag.py:3036} INFO - Sync 1 DAGs
[2025-09-18T09:50:27.006+0000] {logging_mixin.py:188} INFO - [2025-09-18T09:50:27.005+0000] {dag.py:3823} INFO - Setting next_dagrun for example_python_operator to None, run_after=None
[2025-09-18T09:50:27.048+0000] {processor.py:183} INFO - Processing /home/airflow/.local/lib/python3.8/site-packages/airflow/example_dags/example_python_operator.py took 0.159 seconds
[2025-09-18T09:50:57.370+0000] {processor.py:161} INFO - Started process (PID=511) to work on /home/airflow/.local/lib/python3.8/site-packages/airflow/example_dags/example_python_operator.py
[2025-09-18T09:50:57.372+0000] {processor.py:830} INFO - Processing file /home/airflow/.local/lib/python3.8/site-packages/airflow/example_dags/example_python_operator.py for tasks to queue
[2025-09-18T09:50:57.376+0000] {logging_mixin.py:188} INFO - [2025-09-18T09:50:57.376+0000] {dagbag.py:538} INFO - Filling up the DagBag from /home/airflow/.local/lib/python3.8/site-packages/airflow/example_dags/example_python_operator.py
[2025-09-18T09:50:57.397+0000] {processor.py:840} INFO - DAG(s) 'example_python_operator' retrieved from /home/airflow/.local/lib/python3.8/site-packages/airflow/example_dags/example_python_operator.py
[2025-09-18T09:50:57.438+0000] {logging_mixin.py:188} INFO - [2025-09-18T09:50:57.438+0000] {dag.py:3036} INFO - Sync 1 DAGs
[2025-09-18T09:50:57.464+0000] {logging_mixin.py:188} INFO - [2025-09-18T09:50:57.464+0000] {dag.py:3823} INFO - Setting next_dagrun for example_python_operator to None, run_after=None
[2025-09-18T09:50:57.504+0000] {processor.py:183} INFO - Processing /home/airflow/.local/lib/python3.8/site-packages/airflow/example_dags/example_python_operator.py took 0.140 seconds
[2025-09-18T09:54:03.986+0000] {processor.py:161} INFO - Started process (PID=73) to work on /home/airflow/.local/lib/python3.8/site-packages/airflow/example_dags/example_python_operator.py
[2025-09-18T09:54:03.989+0000] {processor.py:830} INFO - Processing file /home/airflow/.local/lib/python3.8/site-packages/airflow/example_dags/example_python_operator.py for tasks to queue
[2025-09-18T09:54:03.995+0000] {logging_mixin.py:188} INFO - [2025-09-18T09:54:03.994+0000] {dagbag.py:538} INFO - Filling up the DagBag from /home/airflow/.local/lib/python3.8/site-packages/airflow/example_dags/example_python_operator.py
[2025-09-18T09:54:04.037+0000] {processor.py:840} INFO - DAG(s) 'example_python_operator' retrieved from /home/airflow/.local/lib/python3.8/site-packages/airflow/example_dags/example_python_operator.py
[2025-09-18T09:54:04.494+0000] {logging_mixin.py:188} INFO - [2025-09-18T09:54:04.493+0000] {override.py:1769} INFO - Created Permission View: can delete on DAG:example_python_operator
[2025-09-18T09:54:04.518+0000] {logging_mixin.py:188} INFO - [2025-09-18T09:54:04.517+0000] {override.py:1769} INFO - Created Permission View: can edit on DAG:example_python_operator
[2025-09-18T09:54:04.533+0000] {logging_mixin.py:188} INFO - [2025-09-18T09:54:04.532+0000] {override.py:1769} INFO - Created Permission View: can read on DAG:example_python_operator
[2025-09-18T09:54:04.534+0000] {logging_mixin.py:188} INFO - [2025-09-18T09:54:04.534+0000] {dag.py:3036} INFO - Sync 1 DAGs
[2025-09-18T09:54:04.557+0000] {logging_mixin.py:188} INFO - [2025-09-18T09:54:04.556+0000] {dag.py:3058} INFO - Creating ORM DAG for example_python_operator
[2025-09-18T09:54:04.559+0000] {logging_mixin.py:188} INFO - [2025-09-18T09:54:04.559+0000] {dag.py:3823} INFO - Setting next_dagrun for example_python_operator to None, run_after=None
[2025-09-18T09:54:04.603+0000] {processor.py:183} INFO - Processing /home/airflow/.local/lib/python3.8/site-packages/airflow/example_dags/example_python_operator.py took 0.626 seconds
[2025-09-18T09:54:35.420+0000] {processor.py:161} INFO - Started process (PID=128) to work on /home/airflow/.local/lib/python3.8/site-packages/airflow/example_dags/example_python_operator.py
[2025-09-18T09:54:35.422+0000] {processor.py:830} INFO - Processing file /home/airflow/.local/lib/python3.8/site-packages/airflow/example_dags/example_python_operator.py for tasks to queue
[2025-09-18T09:54:35.426+0000] {logging_mixin.py:188} INFO - [2025-09-18T09:54:35.425+0000] {dagbag.py:538} INFO - Filling up the DagBag from /home/airflow/.local/lib/python3.8/site-packages/airflow/example_dags/example_python_operator.py
[2025-09-18T09:54:35.446+0000] {processor.py:840} INFO - DAG(s) 'example_python_operator' retrieved from /home/airflow/.local/lib/python3.8/site-packages/airflow/example_dags/example_python_operator.py
[2025-09-18T09:54:35.490+0000] {logging_mixin.py:188} INFO - [2025-09-18T09:54:35.489+0000] {dag.py:3036} INFO - Sync 1 DAGs
[2025-09-18T09:54:35.514+0000] {logging_mixin.py:188} INFO - [2025-09-18T09:54:35.513+0000] {dag.py:3823} INFO - Setting next_dagrun for example_python_operator to None, run_after=None
[2025-09-18T09:54:35.549+0000] {processor.py:183} INFO - Processing /home/airflow/.local/lib/python3.8/site-packages/airflow/example_dags/example_python_operator.py took 0.135 seconds
[2025-09-18T09:55:05.639+0000] {processor.py:161} INFO - Started process (PID=184) to work on /home/airflow/.local/lib/python3.8/site-packages/airflow/example_dags/example_python_operator.py
[2025-09-18T09:55:05.642+0000] {processor.py:830} INFO - Processing file /home/airflow/.local/lib/python3.8/site-packages/airflow/example_dags/example_python_operator.py for tasks to queue
[2025-09-18T09:55:05.646+0000] {logging_mixin.py:188} INFO - [2025-09-18T09:55:05.645+0000] {dagbag.py:538} INFO - Filling up the DagBag from /home/airflow/.local/lib/python3.8/site-packages/airflow/example_dags/example_python_operator.py
[2025-09-18T09:55:05.670+0000] {processor.py:840} INFO - DAG(s) 'example_python_operator' retrieved from /home/airflow/.local/lib/python3.8/site-packages/airflow/example_dags/example_python_operator.py
[2025-09-18T09:55:05.713+0000] {logging_mixin.py:188} INFO - [2025-09-18T09:55:05.713+0000] {dag.py:3036} INFO - Sync 1 DAGs
[2025-09-18T09:55:05.740+0000] {logging_mixin.py:188} INFO - [2025-09-18T09:55:05.740+0000] {dag.py:3823} INFO - Setting next_dagrun for example_python_operator to None, run_after=None
[2025-09-18T09:55:05.778+0000] {processor.py:183} INFO - Processing /home/airflow/.local/lib/python3.8/site-packages/airflow/example_dags/example_python_operator.py took 0.146 seconds
[2025-09-18T09:55:36.232+0000] {processor.py:161} INFO - Started process (PID=239) to work on /home/airflow/.local/lib/python3.8/site-packages/airflow/example_dags/example_python_operator.py
[2025-09-18T09:55:36.234+0000] {processor.py:830} INFO - Processing file /home/airflow/.local/lib/python3.8/site-packages/airflow/example_dags/example_python_operator.py for tasks to queue
[2025-09-18T09:55:36.239+0000] {logging_mixin.py:188} INFO - [2025-09-18T09:55:36.238+0000] {dagbag.py:538} INFO - Filling up the DagBag from /home/airflow/.local/lib/python3.8/site-packages/airflow/example_dags/example_python_operator.py
[2025-09-18T09:55:36.263+0000] {processor.py:840} INFO - DAG(s) 'example_python_operator' retrieved from /home/airflow/.local/lib/python3.8/site-packages/airflow/example_dags/example_python_operator.py
[2025-09-18T09:55:36.310+0000] {logging_mixin.py:188} INFO - [2025-09-18T09:55:36.310+0000] {dag.py:3036} INFO - Sync 1 DAGs
[2025-09-18T09:55:36.341+0000] {logging_mixin.py:188} INFO - [2025-09-18T09:55:36.340+0000] {dag.py:3823} INFO - Setting next_dagrun for example_python_operator to None, run_after=None
[2025-09-18T09:55:36.384+0000] {processor.py:183} INFO - Processing /home/airflow/.local/lib/python3.8/site-packages/airflow/example_dags/example_python_operator.py took 0.159 seconds
[2025-09-18T09:56:07.019+0000] {processor.py:161} INFO - Started process (PID=300) to work on /home/airflow/.local/lib/python3.8/site-packages/airflow/example_dags/example_python_operator.py
[2025-09-18T09:56:07.023+0000] {processor.py:830} INFO - Processing file /home/airflow/.local/lib/python3.8/site-packages/airflow/example_dags/example_python_operator.py for tasks to queue
[2025-09-18T09:56:07.029+0000] {logging_mixin.py:188} INFO - [2025-09-18T09:56:07.028+0000] {dagbag.py:538} INFO - Filling up the DagBag from /home/airflow/.local/lib/python3.8/site-packages/airflow/example_dags/example_python_operator.py
[2025-09-18T09:56:07.068+0000] {processor.py:840} INFO - DAG(s) 'example_python_operator' retrieved from /home/airflow/.local/lib/python3.8/site-packages/airflow/example_dags/example_python_operator.py
[2025-09-18T09:56:07.129+0000] {logging_mixin.py:188} INFO - [2025-09-18T09:56:07.128+0000] {dag.py:3036} INFO - Sync 1 DAGs
[2025-09-18T09:56:07.186+0000] {logging_mixin.py:188} INFO - [2025-09-18T09:56:07.186+0000] {dag.py:3823} INFO - Setting next_dagrun for example_python_operator to None, run_after=None
[2025-09-18T09:56:07.234+0000] {processor.py:183} INFO - Processing /home/airflow/.local/lib/python3.8/site-packages/airflow/example_dags/example_python_operator.py took 0.224 seconds
[2025-09-18T09:56:37.296+0000] {processor.py:161} INFO - Started process (PID=355) to work on /home/airflow/.local/lib/python3.8/site-packages/airflow/example_dags/example_python_operator.py
[2025-09-18T09:56:37.299+0000] {processor.py:830} INFO - Processing file /home/airflow/.local/lib/python3.8/site-packages/airflow/example_dags/example_python_operator.py for tasks to queue
[2025-09-18T09:56:37.302+0000] {logging_mixin.py:188} INFO - [2025-09-18T09:56:37.302+0000] {dagbag.py:538} INFO - Filling up the DagBag from /home/airflow/.local/lib/python3.8/site-packages/airflow/example_dags/example_python_operator.py
[2025-09-18T09:56:37.323+0000] {processor.py:840} INFO - DAG(s) 'example_python_operator' retrieved from /home/airflow/.local/lib/python3.8/site-packages/airflow/example_dags/example_python_operator.py
[2025-09-18T09:56:37.364+0000] {logging_mixin.py:188} INFO - [2025-09-18T09:56:37.363+0000] {dag.py:3036} INFO - Sync 1 DAGs
[2025-09-18T09:56:37.386+0000] {logging_mixin.py:188} INFO - [2025-09-18T09:56:37.386+0000] {dag.py:3823} INFO - Setting next_dagrun for example_python_operator to None, run_after=None
[2025-09-18T09:56:37.426+0000] {processor.py:183} INFO - Processing /home/airflow/.local/lib/python3.8/site-packages/airflow/example_dags/example_python_operator.py took 0.135 seconds
[2025-09-18T09:57:07.718+0000] {processor.py:161} INFO - Started process (PID=410) to work on /home/airflow/.local/lib/python3.8/site-packages/airflow/example_dags/example_python_operator.py
[2025-09-18T09:57:07.720+0000] {processor.py:830} INFO - Processing file /home/airflow/.local/lib/python3.8/site-packages/airflow/example_dags/example_python_operator.py for tasks to queue
[2025-09-18T09:57:07.723+0000] {logging_mixin.py:188} INFO - [2025-09-18T09:57:07.723+0000] {dagbag.py:538} INFO - Filling up the DagBag from /home/airflow/.local/lib/python3.8/site-packages/airflow/example_dags/example_python_operator.py
[2025-09-18T09:57:07.744+0000] {processor.py:840} INFO - DAG(s) 'example_python_operator' retrieved from /home/airflow/.local/lib/python3.8/site-packages/airflow/example_dags/example_python_operator.py
[2025-09-18T09:57:07.784+0000] {logging_mixin.py:188} INFO - [2025-09-18T09:57:07.784+0000] {dag.py:3036} INFO - Sync 1 DAGs
[2025-09-18T09:57:07.807+0000] {logging_mixin.py:188} INFO - [2025-09-18T09:57:07.807+0000] {dag.py:3823} INFO - Setting next_dagrun for example_python_operator to None, run_after=None
[2025-09-18T09:57:07.858+0000] {processor.py:183} INFO - Processing /home/airflow/.local/lib/python3.8/site-packages/airflow/example_dags/example_python_operator.py took 0.146 seconds
[2025-09-18T09:57:38.275+0000] {processor.py:161} INFO - Started process (PID=465) to work on /home/airflow/.local/lib/python3.8/site-packages/airflow/example_dags/example_python_operator.py
[2025-09-18T09:57:38.277+0000] {processor.py:830} INFO - Processing file /home/airflow/.local/lib/python3.8/site-packages/airflow/example_dags/example_python_operator.py for tasks to queue
[2025-09-18T09:57:38.281+0000] {logging_mixin.py:188} INFO - [2025-09-18T09:57:38.281+0000] {dagbag.py:538} INFO - Filling up the DagBag from /home/airflow/.local/lib/python3.8/site-packages/airflow/example_dags/example_python_operator.py
[2025-09-18T09:57:38.301+0000] {processor.py:840} INFO - DAG(s) 'example_python_operator' retrieved from /home/airflow/.local/lib/python3.8/site-packages/airflow/example_dags/example_python_operator.py
[2025-09-18T09:57:38.350+0000] {logging_mixin.py:188} INFO - [2025-09-18T09:57:38.350+0000] {dag.py:3036} INFO - Sync 1 DAGs
[2025-09-18T09:57:38.381+0000] {logging_mixin.py:188} INFO - [2025-09-18T09:57:38.381+0000] {dag.py:3823} INFO - Setting next_dagrun for example_python_operator to None, run_after=None
[2025-09-18T09:57:38.427+0000] {processor.py:183} INFO - Processing /home/airflow/.local/lib/python3.8/site-packages/airflow/example_dags/example_python_operator.py took 0.158 seconds
[2025-09-18T09:58:08.731+0000] {processor.py:161} INFO - Started process (PID=520) to work on /home/airflow/.local/lib/python3.8/site-packages/airflow/example_dags/example_python_operator.py
[2025-09-18T09:58:08.733+0000] {processor.py:830} INFO - Processing file /home/airflow/.local/lib/python3.8/site-packages/airflow/example_dags/example_python_operator.py for tasks to queue
[2025-09-18T09:58:08.736+0000] {logging_mixin.py:188} INFO - [2025-09-18T09:58:08.736+0000] {dagbag.py:538} INFO - Filling up the DagBag from /home/airflow/.local/lib/python3.8/site-packages/airflow/example_dags/example_python_operator.py
[2025-09-18T09:58:08.760+0000] {processor.py:840} INFO - DAG(s) 'example_python_operator' retrieved from /home/airflow/.local/lib/python3.8/site-packages/airflow/example_dags/example_python_operator.py
[2025-09-18T09:58:08.797+0000] {logging_mixin.py:188} INFO - [2025-09-18T09:58:08.797+0000] {dag.py:3036} INFO - Sync 1 DAGs
[2025-09-18T09:58:08.820+0000] {logging_mixin.py:188} INFO - [2025-09-18T09:58:08.819+0000] {dag.py:3823} INFO - Setting next_dagrun for example_python_operator to None, run_after=None
[2025-09-18T09:58:08.854+0000] {processor.py:183} INFO - Processing /home/airflow/.local/lib/python3.8/site-packages/airflow/example_dags/example_python_operator.py took 0.129 seconds
[2025-09-18T09:58:39.674+0000] {processor.py:161} INFO - Started process (PID=575) to work on /home/airflow/.local/lib/python3.8/site-packages/airflow/example_dags/example_python_operator.py
[2025-09-18T09:58:39.676+0000] {processor.py:830} INFO - Processing file /home/airflow/.local/lib/python3.8/site-packages/airflow/example_dags/example_python_operator.py for tasks to queue
[2025-09-18T09:58:39.680+0000] {logging_mixin.py:188} INFO - [2025-09-18T09:58:39.679+0000] {dagbag.py:538} INFO - Filling up the DagBag from /home/airflow/.local/lib/python3.8/site-packages/airflow/example_dags/example_python_operator.py
[2025-09-18T09:58:39.700+0000] {processor.py:840} INFO - DAG(s) 'example_python_operator' retrieved from /home/airflow/.local/lib/python3.8/site-packages/airflow/example_dags/example_python_operator.py
[2025-09-18T09:58:39.741+0000] {logging_mixin.py:188} INFO - [2025-09-18T09:58:39.740+0000] {dag.py:3036} INFO - Sync 1 DAGs
[2025-09-18T09:58:39.764+0000] {logging_mixin.py:188} INFO - [2025-09-18T09:58:39.764+0000] {dag.py:3823} INFO - Setting next_dagrun for example_python_operator to None, run_after=None
[2025-09-18T09:58:39.799+0000] {processor.py:183} INFO - Processing /home/airflow/.local/lib/python3.8/site-packages/airflow/example_dags/example_python_operator.py took 0.130 seconds
[2025-09-18T09:59:10.024+0000] {processor.py:161} INFO - Started process (PID=630) to work on /home/airflow/.local/lib/python3.8/site-packages/airflow/example_dags/example_python_operator.py
[2025-09-18T09:59:10.026+0000] {processor.py:830} INFO - Processing file /home/airflow/.local/lib/python3.8/site-packages/airflow/example_dags/example_python_operator.py for tasks to queue
[2025-09-18T09:59:10.030+0000] {logging_mixin.py:188} INFO - [2025-09-18T09:59:10.029+0000] {dagbag.py:538} INFO - Filling up the DagBag from /home/airflow/.local/lib/python3.8/site-packages/airflow/example_dags/example_python_operator.py
[2025-09-18T09:59:10.049+0000] {processor.py:840} INFO - DAG(s) 'example_python_operator' retrieved from /home/airflow/.local/lib/python3.8/site-packages/airflow/example_dags/example_python_operator.py
[2025-09-18T09:59:10.090+0000] {logging_mixin.py:188} INFO - [2025-09-18T09:59:10.090+0000] {dag.py:3036} INFO - Sync 1 DAGs
[2025-09-18T09:59:10.117+0000] {logging_mixin.py:188} INFO - [2025-09-18T09:59:10.117+0000] {dag.py:3823} INFO - Setting next_dagrun for example_python_operator to None, run_after=None
[2025-09-18T09:59:10.154+0000] {processor.py:183} INFO - Processing /home/airflow/.local/lib/python3.8/site-packages/airflow/example_dags/example_python_operator.py took 0.135 seconds
[2025-09-18T09:59:41.040+0000] {processor.py:161} INFO - Started process (PID=685) to work on /home/airflow/.local/lib/python3.8/site-packages/airflow/example_dags/example_python_operator.py
[2025-09-18T09:59:41.042+0000] {processor.py:830} INFO - Processing file /home/airflow/.local/lib/python3.8/site-packages/airflow/example_dags/example_python_operator.py for tasks to queue
[2025-09-18T09:59:41.047+0000] {logging_mixin.py:188} INFO - [2025-09-18T09:59:41.046+0000] {dagbag.py:538} INFO - Filling up the DagBag from /home/airflow/.local/lib/python3.8/site-packages/airflow/example_dags/example_python_operator.py
[2025-09-18T09:59:41.073+0000] {processor.py:840} INFO - DAG(s) 'example_python_operator' retrieved from /home/airflow/.local/lib/python3.8/site-packages/airflow/example_dags/example_python_operator.py
[2025-09-18T09:59:41.126+0000] {logging_mixin.py:188} INFO - [2025-09-18T09:59:41.126+0000] {dag.py:3036} INFO - Sync 1 DAGs
[2025-09-18T09:59:41.162+0000] {logging_mixin.py:188} INFO - [2025-09-18T09:59:41.162+0000] {dag.py:3823} INFO - Setting next_dagrun for example_python_operator to None, run_after=None
[2025-09-18T09:59:41.209+0000] {processor.py:183} INFO - Processing /home/airflow/.local/lib/python3.8/site-packages/airflow/example_dags/example_python_operator.py took 0.177 seconds
[2025-09-18T10:00:11.924+0000] {processor.py:161} INFO - Started process (PID=740) to work on /home/airflow/.local/lib/python3.8/site-packages/airflow/example_dags/example_python_operator.py
[2025-09-18T10:00:11.926+0000] {processor.py:830} INFO - Processing file /home/airflow/.local/lib/python3.8/site-packages/airflow/example_dags/example_python_operator.py for tasks to queue
[2025-09-18T10:00:11.931+0000] {logging_mixin.py:188} INFO - [2025-09-18T10:00:11.930+0000] {dagbag.py:538} INFO - Filling up the DagBag from /home/airflow/.local/lib/python3.8/site-packages/airflow/example_dags/example_python_operator.py
[2025-09-18T10:00:11.962+0000] {processor.py:840} INFO - DAG(s) 'example_python_operator' retrieved from /home/airflow/.local/lib/python3.8/site-packages/airflow/example_dags/example_python_operator.py
[2025-09-18T10:00:12.014+0000] {logging_mixin.py:188} INFO - [2025-09-18T10:00:12.014+0000] {dag.py:3036} INFO - Sync 1 DAGs
[2025-09-18T10:00:12.043+0000] {logging_mixin.py:188} INFO - [2025-09-18T10:00:12.042+0000] {dag.py:3823} INFO - Setting next_dagrun for example_python_operator to None, run_after=None
[2025-09-18T10:00:12.088+0000] {processor.py:183} INFO - Processing /home/airflow/.local/lib/python3.8/site-packages/airflow/example_dags/example_python_operator.py took 0.171 seconds
[2025-09-18T10:00:42.752+0000] {processor.py:161} INFO - Started process (PID=795) to work on /home/airflow/.local/lib/python3.8/site-packages/airflow/example_dags/example_python_operator.py
[2025-09-18T10:00:42.846+0000] {processor.py:830} INFO - Processing file /home/airflow/.local/lib/python3.8/site-packages/airflow/example_dags/example_python_operator.py for tasks to queue
[2025-09-18T10:00:42.852+0000] {logging_mixin.py:188} INFO - [2025-09-18T10:00:42.851+0000] {dagbag.py:538} INFO - Filling up the DagBag from /home/airflow/.local/lib/python3.8/site-packages/airflow/example_dags/example_python_operator.py
[2025-09-18T10:00:42.891+0000] {processor.py:840} INFO - DAG(s) 'example_python_operator' retrieved from /home/airflow/.local/lib/python3.8/site-packages/airflow/example_dags/example_python_operator.py
[2025-09-18T10:00:42.976+0000] {logging_mixin.py:188} INFO - [2025-09-18T10:00:42.975+0000] {dag.py:3036} INFO - Sync 1 DAGs
[2025-09-18T10:00:43.035+0000] {logging_mixin.py:188} INFO - [2025-09-18T10:00:43.034+0000] {dag.py:3823} INFO - Setting next_dagrun for example_python_operator to None, run_after=None
[2025-09-18T10:00:43.113+0000] {processor.py:183} INFO - Processing /home/airflow/.local/lib/python3.8/site-packages/airflow/example_dags/example_python_operator.py took 0.370 seconds
[2025-09-18T10:01:13.329+0000] {processor.py:161} INFO - Started process (PID=850) to work on /home/airflow/.local/lib/python3.8/site-packages/airflow/example_dags/example_python_operator.py
[2025-09-18T10:01:13.331+0000] {processor.py:830} INFO - Processing file /home/airflow/.local/lib/python3.8/site-packages/airflow/example_dags/example_python_operator.py for tasks to queue
[2025-09-18T10:01:13.334+0000] {logging_mixin.py:188} INFO - [2025-09-18T10:01:13.334+0000] {dagbag.py:538} INFO - Filling up the DagBag from /home/airflow/.local/lib/python3.8/site-packages/airflow/example_dags/example_python_operator.py
[2025-09-18T10:01:13.359+0000] {processor.py:840} INFO - DAG(s) 'example_python_operator' retrieved from /home/airflow/.local/lib/python3.8/site-packages/airflow/example_dags/example_python_operator.py
[2025-09-18T10:01:13.400+0000] {logging_mixin.py:188} INFO - [2025-09-18T10:01:13.400+0000] {dag.py:3036} INFO - Sync 1 DAGs
[2025-09-18T10:01:13.425+0000] {logging_mixin.py:188} INFO - [2025-09-18T10:01:13.424+0000] {dag.py:3823} INFO - Setting next_dagrun for example_python_operator to None, run_after=None
[2025-09-18T10:01:13.461+0000] {processor.py:183} INFO - Processing /home/airflow/.local/lib/python3.8/site-packages/airflow/example_dags/example_python_operator.py took 0.140 seconds
[2025-09-18T10:01:43.808+0000] {processor.py:161} INFO - Started process (PID=905) to work on /home/airflow/.local/lib/python3.8/site-packages/airflow/example_dags/example_python_operator.py
[2025-09-18T10:01:43.810+0000] {processor.py:830} INFO - Processing file /home/airflow/.local/lib/python3.8/site-packages/airflow/example_dags/example_python_operator.py for tasks to queue
[2025-09-18T10:01:43.813+0000] {logging_mixin.py:188} INFO - [2025-09-18T10:01:43.813+0000] {dagbag.py:538} INFO - Filling up the DagBag from /home/airflow/.local/lib/python3.8/site-packages/airflow/example_dags/example_python_operator.py
[2025-09-18T10:01:43.832+0000] {processor.py:840} INFO - DAG(s) 'example_python_operator' retrieved from /home/airflow/.local/lib/python3.8/site-packages/airflow/example_dags/example_python_operator.py
[2025-09-18T10:01:43.873+0000] {logging_mixin.py:188} INFO - [2025-09-18T10:01:43.872+0000] {dag.py:3036} INFO - Sync 1 DAGs
[2025-09-18T10:01:43.896+0000] {logging_mixin.py:188} INFO - [2025-09-18T10:01:43.895+0000] {dag.py:3823} INFO - Setting next_dagrun for example_python_operator to None, run_after=None
[2025-09-18T10:01:43.930+0000] {processor.py:183} INFO - Processing /home/airflow/.local/lib/python3.8/site-packages/airflow/example_dags/example_python_operator.py took 0.128 seconds
[2025-09-18T10:02:14.591+0000] {processor.py:161} INFO - Started process (PID=960) to work on /home/airflow/.local/lib/python3.8/site-packages/airflow/example_dags/example_python_operator.py
[2025-09-18T10:02:14.593+0000] {processor.py:830} INFO - Processing file /home/airflow/.local/lib/python3.8/site-packages/airflow/example_dags/example_python_operator.py for tasks to queue
[2025-09-18T10:02:14.596+0000] {logging_mixin.py:188} INFO - [2025-09-18T10:02:14.596+0000] {dagbag.py:538} INFO - Filling up the DagBag from /home/airflow/.local/lib/python3.8/site-packages/airflow/example_dags/example_python_operator.py
[2025-09-18T10:02:14.618+0000] {processor.py:840} INFO - DAG(s) 'example_python_operator' retrieved from /home/airflow/.local/lib/python3.8/site-packages/airflow/example_dags/example_python_operator.py
[2025-09-18T10:02:14.661+0000] {logging_mixin.py:188} INFO - [2025-09-18T10:02:14.660+0000] {dag.py:3036} INFO - Sync 1 DAGs
[2025-09-18T10:02:14.688+0000] {logging_mixin.py:188} INFO - [2025-09-18T10:02:14.688+0000] {dag.py:3823} INFO - Setting next_dagrun for example_python_operator to None, run_after=None
[2025-09-18T10:02:14.726+0000] {processor.py:183} INFO - Processing /home/airflow/.local/lib/python3.8/site-packages/airflow/example_dags/example_python_operator.py took 0.142 seconds
[2025-09-18T10:02:45.548+0000] {processor.py:161} INFO - Started process (PID=1015) to work on /home/airflow/.local/lib/python3.8/site-packages/airflow/example_dags/example_python_operator.py
[2025-09-18T10:02:45.550+0000] {processor.py:830} INFO - Processing file /home/airflow/.local/lib/python3.8/site-packages/airflow/example_dags/example_python_operator.py for tasks to queue
[2025-09-18T10:02:45.554+0000] {logging_mixin.py:188} INFO - [2025-09-18T10:02:45.553+0000] {dagbag.py:538} INFO - Filling up the DagBag from /home/airflow/.local/lib/python3.8/site-packages/airflow/example_dags/example_python_operator.py
[2025-09-18T10:02:45.575+0000] {processor.py:840} INFO - DAG(s) 'example_python_operator' retrieved from /home/airflow/.local/lib/python3.8/site-packages/airflow/example_dags/example_python_operator.py
[2025-09-18T10:02:45.624+0000] {logging_mixin.py:188} INFO - [2025-09-18T10:02:45.623+0000] {dag.py:3036} INFO - Sync 1 DAGs
[2025-09-18T10:02:45.653+0000] {logging_mixin.py:188} INFO - [2025-09-18T10:02:45.653+0000] {dag.py:3823} INFO - Setting next_dagrun for example_python_operator to None, run_after=None
[2025-09-18T10:02:45.698+0000] {processor.py:183} INFO - Processing /home/airflow/.local/lib/python3.8/site-packages/airflow/example_dags/example_python_operator.py took 0.157 seconds
[2025-09-18T10:03:16.272+0000] {processor.py:161} INFO - Started process (PID=1070) to work on /home/airflow/.local/lib/python3.8/site-packages/airflow/example_dags/example_python_operator.py
[2025-09-18T10:03:16.274+0000] {processor.py:830} INFO - Processing file /home/airflow/.local/lib/python3.8/site-packages/airflow/example_dags/example_python_operator.py for tasks to queue
[2025-09-18T10:03:16.278+0000] {logging_mixin.py:188} INFO - [2025-09-18T10:03:16.278+0000] {dagbag.py:538} INFO - Filling up the DagBag from /home/airflow/.local/lib/python3.8/site-packages/airflow/example_dags/example_python_operator.py
[2025-09-18T10:03:16.298+0000] {processor.py:840} INFO - DAG(s) 'example_python_operator' retrieved from /home/airflow/.local/lib/python3.8/site-packages/airflow/example_dags/example_python_operator.py
[2025-09-18T10:03:16.339+0000] {logging_mixin.py:188} INFO - [2025-09-18T10:03:16.339+0000] {dag.py:3036} INFO - Sync 1 DAGs
[2025-09-18T10:03:16.361+0000] {logging_mixin.py:188} INFO - [2025-09-18T10:03:16.361+0000] {dag.py:3823} INFO - Setting next_dagrun for example_python_operator to None, run_after=None
[2025-09-18T10:03:16.395+0000] {processor.py:183} INFO - Processing /home/airflow/.local/lib/python3.8/site-packages/airflow/example_dags/example_python_operator.py took 0.131 seconds
[2025-09-18T10:03:46.697+0000] {processor.py:161} INFO - Started process (PID=1125) to work on /home/airflow/.local/lib/python3.8/site-packages/airflow/example_dags/example_python_operator.py
[2025-09-18T10:03:46.699+0000] {processor.py:830} INFO - Processing file /home/airflow/.local/lib/python3.8/site-packages/airflow/example_dags/example_python_operator.py for tasks to queue
[2025-09-18T10:03:46.703+0000] {logging_mixin.py:188} INFO - [2025-09-18T10:03:46.702+0000] {dagbag.py:538} INFO - Filling up the DagBag from /home/airflow/.local/lib/python3.8/site-packages/airflow/example_dags/example_python_operator.py
[2025-09-18T10:03:46.722+0000] {processor.py:840} INFO - DAG(s) 'example_python_operator' retrieved from /home/airflow/.local/lib/python3.8/site-packages/airflow/example_dags/example_python_operator.py
[2025-09-18T10:03:46.762+0000] {logging_mixin.py:188} INFO - [2025-09-18T10:03:46.762+0000] {dag.py:3036} INFO - Sync 1 DAGs
[2025-09-18T10:03:46.784+0000] {logging_mixin.py:188} INFO - [2025-09-18T10:03:46.784+0000] {dag.py:3823} INFO - Setting next_dagrun for example_python_operator to None, run_after=None
[2025-09-18T10:03:46.821+0000] {processor.py:183} INFO - Processing /home/airflow/.local/lib/python3.8/site-packages/airflow/example_dags/example_python_operator.py took 0.130 seconds
[2025-09-18T10:04:17.082+0000] {processor.py:161} INFO - Started process (PID=1180) to work on /home/airflow/.local/lib/python3.8/site-packages/airflow/example_dags/example_python_operator.py
[2025-09-18T10:04:17.084+0000] {processor.py:830} INFO - Processing file /home/airflow/.local/lib/python3.8/site-packages/airflow/example_dags/example_python_operator.py for tasks to queue
[2025-09-18T10:04:17.088+0000] {logging_mixin.py:188} INFO - [2025-09-18T10:04:17.087+0000] {dagbag.py:538} INFO - Filling up the DagBag from /home/airflow/.local/lib/python3.8/site-packages/airflow/example_dags/example_python_operator.py
[2025-09-18T10:04:17.109+0000] {processor.py:840} INFO - DAG(s) 'example_python_operator' retrieved from /home/airflow/.local/lib/python3.8/site-packages/airflow/example_dags/example_python_operator.py
[2025-09-18T10:04:17.153+0000] {logging_mixin.py:188} INFO - [2025-09-18T10:04:17.153+0000] {dag.py:3036} INFO - Sync 1 DAGs
[2025-09-18T10:04:17.181+0000] {logging_mixin.py:188} INFO - [2025-09-18T10:04:17.181+0000] {dag.py:3823} INFO - Setting next_dagrun for example_python_operator to None, run_after=None
[2025-09-18T10:04:17.222+0000] {processor.py:183} INFO - Processing /home/airflow/.local/lib/python3.8/site-packages/airflow/example_dags/example_python_operator.py took 0.147 seconds
[2025-09-18T10:04:47.527+0000] {processor.py:161} INFO - Started process (PID=1235) to work on /home/airflow/.local/lib/python3.8/site-packages/airflow/example_dags/example_python_operator.py
[2025-09-18T10:04:47.529+0000] {processor.py:830} INFO - Processing file /home/airflow/.local/lib/python3.8/site-packages/airflow/example_dags/example_python_operator.py for tasks to queue
[2025-09-18T10:04:47.533+0000] {logging_mixin.py:188} INFO - [2025-09-18T10:04:47.532+0000] {dagbag.py:538} INFO - Filling up the DagBag from /home/airflow/.local/lib/python3.8/site-packages/airflow/example_dags/example_python_operator.py
[2025-09-18T10:04:47.559+0000] {processor.py:840} INFO - DAG(s) 'example_python_operator' retrieved from /home/airflow/.local/lib/python3.8/site-packages/airflow/example_dags/example_python_operator.py
[2025-09-18T10:04:47.604+0000] {logging_mixin.py:188} INFO - [2025-09-18T10:04:47.604+0000] {dag.py:3036} INFO - Sync 1 DAGs
[2025-09-18T10:04:47.633+0000] {logging_mixin.py:188} INFO - [2025-09-18T10:04:47.632+0000] {dag.py:3823} INFO - Setting next_dagrun for example_python_operator to None, run_after=None
[2025-09-18T10:04:47.674+0000] {processor.py:183} INFO - Processing /home/airflow/.local/lib/python3.8/site-packages/airflow/example_dags/example_python_operator.py took 0.154 seconds
[2025-09-18T10:05:18.280+0000] {processor.py:161} INFO - Started process (PID=1290) to work on /home/airflow/.local/lib/python3.8/site-packages/airflow/example_dags/example_python_operator.py
[2025-09-18T10:05:18.283+0000] {processor.py:830} INFO - Processing file /home/airflow/.local/lib/python3.8/site-packages/airflow/example_dags/example_python_operator.py for tasks to queue
[2025-09-18T10:05:18.287+0000] {logging_mixin.py:188} INFO - [2025-09-18T10:05:18.286+0000] {dagbag.py:538} INFO - Filling up the DagBag from /home/airflow/.local/lib/python3.8/site-packages/airflow/example_dags/example_python_operator.py
[2025-09-18T10:05:18.311+0000] {processor.py:840} INFO - DAG(s) 'example_python_operator' retrieved from /home/airflow/.local/lib/python3.8/site-packages/airflow/example_dags/example_python_operator.py
[2025-09-18T10:05:18.356+0000] {logging_mixin.py:188} INFO - [2025-09-18T10:05:18.356+0000] {dag.py:3036} INFO - Sync 1 DAGs
[2025-09-18T10:05:18.385+0000] {logging_mixin.py:188} INFO - [2025-09-18T10:05:18.384+0000] {dag.py:3823} INFO - Setting next_dagrun for example_python_operator to None, run_after=None
[2025-09-18T10:05:18.425+0000] {processor.py:183} INFO - Processing /home/airflow/.local/lib/python3.8/site-packages/airflow/example_dags/example_python_operator.py took 0.151 seconds
