[2025-09-18T07:36:23.536+0000] {processor.py:161} INFO - Started process (PID=61) to work on /home/airflow/.local/lib/python3.8/site-packages/airflow/example_dags/example_xcomargs.py
[2025-09-18T07:36:23.538+0000] {processor.py:830} INFO - Processing file /home/airflow/.local/lib/python3.8/site-packages/airflow/example_dags/example_xcomargs.py for tasks to queue
[2025-09-18T07:36:23.543+0000] {logging_mixin.py:188} INFO - [2025-09-18T07:36:23.542+0000] {dagbag.py:538} INFO - Filling up the DagBag from /home/airflow/.local/lib/python3.8/site-packages/airflow/example_dags/example_xcomargs.py
[2025-09-18T07:36:23.569+0000] {processor.py:840} INFO - DAG(s) 'example_xcom_args_with_operators', 'example_xcom_args' retrieved from /home/airflow/.local/lib/python3.8/site-packages/airflow/example_dags/example_xcomargs.py
[2025-09-18T07:36:23.818+0000] {logging_mixin.py:188} INFO - [2025-09-18T07:36:23.817+0000] {override.py:1769} INFO - Created Permission View: can read on DAG:example_xcom_args_with_operators
[2025-09-18T07:36:23.842+0000] {logging_mixin.py:188} INFO - [2025-09-18T07:36:23.841+0000] {override.py:1769} INFO - Created Permission View: can delete on DAG:example_xcom_args_with_operators
[2025-09-18T07:36:23.857+0000] {logging_mixin.py:188} INFO - [2025-09-18T07:36:23.856+0000] {override.py:1769} INFO - Created Permission View: can edit on DAG:example_xcom_args_with_operators
[2025-09-18T07:36:23.886+0000] {logging_mixin.py:188} INFO - [2025-09-18T07:36:23.885+0000] {override.py:1769} INFO - Created Permission View: can read on DAG:example_xcom_args
[2025-09-18T07:36:23.901+0000] {logging_mixin.py:188} INFO - [2025-09-18T07:36:23.900+0000] {override.py:1769} INFO - Created Permission View: can delete on DAG:example_xcom_args
[2025-09-18T07:36:23.916+0000] {logging_mixin.py:188} INFO - [2025-09-18T07:36:23.915+0000] {override.py:1769} INFO - Created Permission View: can edit on DAG:example_xcom_args
[2025-09-18T07:36:23.917+0000] {logging_mixin.py:188} INFO - [2025-09-18T07:36:23.917+0000] {dag.py:3036} INFO - Sync 2 DAGs
[2025-09-18T07:36:23.948+0000] {logging_mixin.py:188} INFO - [2025-09-18T07:36:23.947+0000] {dag.py:3058} INFO - Creating ORM DAG for example_xcom_args
[2025-09-18T07:36:23.949+0000] {logging_mixin.py:188} INFO - [2025-09-18T07:36:23.949+0000] {dag.py:3058} INFO - Creating ORM DAG for example_xcom_args_with_operators
[2025-09-18T07:36:23.951+0000] {logging_mixin.py:188} INFO - [2025-09-18T07:36:23.951+0000] {dag.py:3823} INFO - Setting next_dagrun for example_xcom_args to None, run_after=None
[2025-09-18T07:36:23.953+0000] {logging_mixin.py:188} INFO - [2025-09-18T07:36:23.953+0000] {dag.py:3823} INFO - Setting next_dagrun for example_xcom_args_with_operators to None, run_after=None
[2025-09-18T07:36:23.994+0000] {processor.py:183} INFO - Processing /home/airflow/.local/lib/python3.8/site-packages/airflow/example_dags/example_xcomargs.py took 0.465 seconds
[2025-09-18T07:36:54.110+0000] {processor.py:161} INFO - Started process (PID=116) to work on /home/airflow/.local/lib/python3.8/site-packages/airflow/example_dags/example_xcomargs.py
[2025-09-18T07:36:54.112+0000] {processor.py:830} INFO - Processing file /home/airflow/.local/lib/python3.8/site-packages/airflow/example_dags/example_xcomargs.py for tasks to queue
[2025-09-18T07:36:54.116+0000] {logging_mixin.py:188} INFO - [2025-09-18T07:36:54.116+0000] {dagbag.py:538} INFO - Filling up the DagBag from /home/airflow/.local/lib/python3.8/site-packages/airflow/example_dags/example_xcomargs.py
[2025-09-18T07:36:54.135+0000] {processor.py:840} INFO - DAG(s) 'example_xcom_args', 'example_xcom_args_with_operators' retrieved from /home/airflow/.local/lib/python3.8/site-packages/airflow/example_dags/example_xcomargs.py
[2025-09-18T07:36:54.191+0000] {logging_mixin.py:188} INFO - [2025-09-18T07:36:54.191+0000] {dag.py:3036} INFO - Sync 2 DAGs
[2025-09-18T07:36:54.221+0000] {logging_mixin.py:188} INFO - [2025-09-18T07:36:54.220+0000] {dag.py:3823} INFO - Setting next_dagrun for example_xcom_args to None, run_after=None
[2025-09-18T07:36:54.228+0000] {logging_mixin.py:188} INFO - [2025-09-18T07:36:54.228+0000] {dag.py:3823} INFO - Setting next_dagrun for example_xcom_args_with_operators to None, run_after=None
[2025-09-18T07:36:54.280+0000] {processor.py:183} INFO - Processing /home/airflow/.local/lib/python3.8/site-packages/airflow/example_dags/example_xcomargs.py took 0.179 seconds
[2025-09-18T07:37:24.909+0000] {processor.py:161} INFO - Started process (PID=171) to work on /home/airflow/.local/lib/python3.8/site-packages/airflow/example_dags/example_xcomargs.py
[2025-09-18T07:37:24.911+0000] {processor.py:830} INFO - Processing file /home/airflow/.local/lib/python3.8/site-packages/airflow/example_dags/example_xcomargs.py for tasks to queue
[2025-09-18T07:37:24.922+0000] {logging_mixin.py:188} INFO - [2025-09-18T07:37:24.921+0000] {dagbag.py:538} INFO - Filling up the DagBag from /home/airflow/.local/lib/python3.8/site-packages/airflow/example_dags/example_xcomargs.py
[2025-09-18T07:37:24.946+0000] {processor.py:840} INFO - DAG(s) 'example_xcom_args_with_operators', 'example_xcom_args' retrieved from /home/airflow/.local/lib/python3.8/site-packages/airflow/example_dags/example_xcomargs.py
[2025-09-18T07:37:24.997+0000] {logging_mixin.py:188} INFO - [2025-09-18T07:37:24.997+0000] {dag.py:3036} INFO - Sync 2 DAGs
[2025-09-18T07:37:25.025+0000] {logging_mixin.py:188} INFO - [2025-09-18T07:37:25.025+0000] {dag.py:3823} INFO - Setting next_dagrun for example_xcom_args to None, run_after=None
[2025-09-18T07:37:25.037+0000] {logging_mixin.py:188} INFO - [2025-09-18T07:37:25.036+0000] {dag.py:3823} INFO - Setting next_dagrun for example_xcom_args_with_operators to None, run_after=None
[2025-09-18T07:37:25.100+0000] {processor.py:183} INFO - Processing /home/airflow/.local/lib/python3.8/site-packages/airflow/example_dags/example_xcomargs.py took 0.199 seconds
[2025-09-18T07:37:55.235+0000] {processor.py:161} INFO - Started process (PID=226) to work on /home/airflow/.local/lib/python3.8/site-packages/airflow/example_dags/example_xcomargs.py
[2025-09-18T07:37:55.237+0000] {processor.py:830} INFO - Processing file /home/airflow/.local/lib/python3.8/site-packages/airflow/example_dags/example_xcomargs.py for tasks to queue
[2025-09-18T07:37:55.241+0000] {logging_mixin.py:188} INFO - [2025-09-18T07:37:55.240+0000] {dagbag.py:538} INFO - Filling up the DagBag from /home/airflow/.local/lib/python3.8/site-packages/airflow/example_dags/example_xcomargs.py
[2025-09-18T07:37:55.255+0000] {processor.py:840} INFO - DAG(s) 'example_xcom_args_with_operators', 'example_xcom_args' retrieved from /home/airflow/.local/lib/python3.8/site-packages/airflow/example_dags/example_xcomargs.py
[2025-09-18T07:37:55.298+0000] {logging_mixin.py:188} INFO - [2025-09-18T07:37:55.297+0000] {dag.py:3036} INFO - Sync 2 DAGs
[2025-09-18T07:37:55.323+0000] {logging_mixin.py:188} INFO - [2025-09-18T07:37:55.322+0000] {dag.py:3823} INFO - Setting next_dagrun for example_xcom_args to None, run_after=None
[2025-09-18T07:37:55.329+0000] {logging_mixin.py:188} INFO - [2025-09-18T07:37:55.329+0000] {dag.py:3823} INFO - Setting next_dagrun for example_xcom_args_with_operators to None, run_after=None
[2025-09-18T07:37:55.360+0000] {processor.py:183} INFO - Processing /home/airflow/.local/lib/python3.8/site-packages/airflow/example_dags/example_xcomargs.py took 0.131 seconds
[2025-09-18T07:38:26.715+0000] {processor.py:161} INFO - Started process (PID=281) to work on /home/airflow/.local/lib/python3.8/site-packages/airflow/example_dags/example_xcomargs.py
[2025-09-18T07:38:26.718+0000] {processor.py:830} INFO - Processing file /home/airflow/.local/lib/python3.8/site-packages/airflow/example_dags/example_xcomargs.py for tasks to queue
[2025-09-18T07:38:26.722+0000] {logging_mixin.py:188} INFO - [2025-09-18T07:38:26.722+0000] {dagbag.py:538} INFO - Filling up the DagBag from /home/airflow/.local/lib/python3.8/site-packages/airflow/example_dags/example_xcomargs.py
[2025-09-18T07:38:26.753+0000] {processor.py:840} INFO - DAG(s) 'example_xcom_args_with_operators', 'example_xcom_args' retrieved from /home/airflow/.local/lib/python3.8/site-packages/airflow/example_dags/example_xcomargs.py
[2025-09-18T07:38:26.902+0000] {logging_mixin.py:188} INFO - [2025-09-18T07:38:26.902+0000] {dag.py:3036} INFO - Sync 2 DAGs
[2025-09-18T07:38:26.961+0000] {logging_mixin.py:188} INFO - [2025-09-18T07:38:26.960+0000] {dag.py:3823} INFO - Setting next_dagrun for example_xcom_args to None, run_after=None
[2025-09-18T07:38:26.973+0000] {logging_mixin.py:188} INFO - [2025-09-18T07:38:26.971+0000] {dag.py:3823} INFO - Setting next_dagrun for example_xcom_args_with_operators to None, run_after=None
[2025-09-18T07:38:27.033+0000] {processor.py:183} INFO - Processing /home/airflow/.local/lib/python3.8/site-packages/airflow/example_dags/example_xcomargs.py took 0.328 seconds
[2025-09-18T07:38:57.512+0000] {processor.py:161} INFO - Started process (PID=335) to work on /home/airflow/.local/lib/python3.8/site-packages/airflow/example_dags/example_xcomargs.py
[2025-09-18T07:38:57.514+0000] {processor.py:830} INFO - Processing file /home/airflow/.local/lib/python3.8/site-packages/airflow/example_dags/example_xcomargs.py for tasks to queue
[2025-09-18T07:38:57.518+0000] {logging_mixin.py:188} INFO - [2025-09-18T07:38:57.517+0000] {dagbag.py:538} INFO - Filling up the DagBag from /home/airflow/.local/lib/python3.8/site-packages/airflow/example_dags/example_xcomargs.py
[2025-09-18T07:38:57.533+0000] {processor.py:840} INFO - DAG(s) 'example_xcom_args_with_operators', 'example_xcom_args' retrieved from /home/airflow/.local/lib/python3.8/site-packages/airflow/example_dags/example_xcomargs.py
[2025-09-18T07:38:57.580+0000] {logging_mixin.py:188} INFO - [2025-09-18T07:38:57.580+0000] {dag.py:3036} INFO - Sync 2 DAGs
[2025-09-18T07:38:57.607+0000] {logging_mixin.py:188} INFO - [2025-09-18T07:38:57.607+0000] {dag.py:3823} INFO - Setting next_dagrun for example_xcom_args to None, run_after=None
[2025-09-18T07:38:57.615+0000] {logging_mixin.py:188} INFO - [2025-09-18T07:38:57.614+0000] {dag.py:3823} INFO - Setting next_dagrun for example_xcom_args_with_operators to None, run_after=None
[2025-09-18T07:38:57.664+0000] {processor.py:183} INFO - Processing /home/airflow/.local/lib/python3.8/site-packages/airflow/example_dags/example_xcomargs.py took 0.157 seconds
[2025-09-18T07:39:28.175+0000] {processor.py:161} INFO - Started process (PID=390) to work on /home/airflow/.local/lib/python3.8/site-packages/airflow/example_dags/example_xcomargs.py
[2025-09-18T07:39:28.178+0000] {processor.py:830} INFO - Processing file /home/airflow/.local/lib/python3.8/site-packages/airflow/example_dags/example_xcomargs.py for tasks to queue
[2025-09-18T07:39:28.182+0000] {logging_mixin.py:188} INFO - [2025-09-18T07:39:28.182+0000] {dagbag.py:538} INFO - Filling up the DagBag from /home/airflow/.local/lib/python3.8/site-packages/airflow/example_dags/example_xcomargs.py
[2025-09-18T07:39:28.202+0000] {processor.py:840} INFO - DAG(s) 'example_xcom_args_with_operators', 'example_xcom_args' retrieved from /home/airflow/.local/lib/python3.8/site-packages/airflow/example_dags/example_xcomargs.py
[2025-09-18T07:39:28.264+0000] {logging_mixin.py:188} INFO - [2025-09-18T07:39:28.263+0000] {dag.py:3036} INFO - Sync 2 DAGs
[2025-09-18T07:39:28.304+0000] {logging_mixin.py:188} INFO - [2025-09-18T07:39:28.304+0000] {dag.py:3823} INFO - Setting next_dagrun for example_xcom_args to None, run_after=None
[2025-09-18T07:39:28.314+0000] {logging_mixin.py:188} INFO - [2025-09-18T07:39:28.314+0000] {dag.py:3823} INFO - Setting next_dagrun for example_xcom_args_with_operators to None, run_after=None
[2025-09-18T07:39:28.351+0000] {processor.py:183} INFO - Processing /home/airflow/.local/lib/python3.8/site-packages/airflow/example_dags/example_xcomargs.py took 0.182 seconds
[2025-09-18T07:39:59.187+0000] {processor.py:161} INFO - Started process (PID=445) to work on /home/airflow/.local/lib/python3.8/site-packages/airflow/example_dags/example_xcomargs.py
[2025-09-18T07:39:59.189+0000] {processor.py:830} INFO - Processing file /home/airflow/.local/lib/python3.8/site-packages/airflow/example_dags/example_xcomargs.py for tasks to queue
[2025-09-18T07:39:59.194+0000] {logging_mixin.py:188} INFO - [2025-09-18T07:39:59.193+0000] {dagbag.py:538} INFO - Filling up the DagBag from /home/airflow/.local/lib/python3.8/site-packages/airflow/example_dags/example_xcomargs.py
[2025-09-18T07:39:59.211+0000] {processor.py:840} INFO - DAG(s) 'example_xcom_args', 'example_xcom_args_with_operators' retrieved from /home/airflow/.local/lib/python3.8/site-packages/airflow/example_dags/example_xcomargs.py
[2025-09-18T07:39:59.257+0000] {logging_mixin.py:188} INFO - [2025-09-18T07:39:59.256+0000] {dag.py:3036} INFO - Sync 2 DAGs
[2025-09-18T07:39:59.283+0000] {logging_mixin.py:188} INFO - [2025-09-18T07:39:59.283+0000] {dag.py:3823} INFO - Setting next_dagrun for example_xcom_args to None, run_after=None
[2025-09-18T07:39:59.291+0000] {logging_mixin.py:188} INFO - [2025-09-18T07:39:59.291+0000] {dag.py:3823} INFO - Setting next_dagrun for example_xcom_args_with_operators to None, run_after=None
[2025-09-18T07:39:59.351+0000] {processor.py:183} INFO - Processing /home/airflow/.local/lib/python3.8/site-packages/airflow/example_dags/example_xcomargs.py took 0.170 seconds
[2025-09-18T07:40:29.565+0000] {processor.py:161} INFO - Started process (PID=501) to work on /home/airflow/.local/lib/python3.8/site-packages/airflow/example_dags/example_xcomargs.py
[2025-09-18T07:40:29.567+0000] {processor.py:830} INFO - Processing file /home/airflow/.local/lib/python3.8/site-packages/airflow/example_dags/example_xcomargs.py for tasks to queue
[2025-09-18T07:40:29.571+0000] {logging_mixin.py:188} INFO - [2025-09-18T07:40:29.571+0000] {dagbag.py:538} INFO - Filling up the DagBag from /home/airflow/.local/lib/python3.8/site-packages/airflow/example_dags/example_xcomargs.py
[2025-09-18T07:40:29.590+0000] {processor.py:840} INFO - DAG(s) 'example_xcom_args', 'example_xcom_args_with_operators' retrieved from /home/airflow/.local/lib/python3.8/site-packages/airflow/example_dags/example_xcomargs.py
[2025-09-18T07:40:29.637+0000] {logging_mixin.py:188} INFO - [2025-09-18T07:40:29.637+0000] {dag.py:3036} INFO - Sync 2 DAGs
[2025-09-18T07:40:29.664+0000] {logging_mixin.py:188} INFO - [2025-09-18T07:40:29.664+0000] {dag.py:3823} INFO - Setting next_dagrun for example_xcom_args to None, run_after=None
[2025-09-18T07:40:29.672+0000] {logging_mixin.py:188} INFO - [2025-09-18T07:40:29.672+0000] {dag.py:3823} INFO - Setting next_dagrun for example_xcom_args_with_operators to None, run_after=None
[2025-09-18T07:40:29.715+0000] {processor.py:183} INFO - Processing /home/airflow/.local/lib/python3.8/site-packages/airflow/example_dags/example_xcomargs.py took 0.156 seconds
[2025-09-18T07:41:00.483+0000] {processor.py:161} INFO - Started process (PID=556) to work on /home/airflow/.local/lib/python3.8/site-packages/airflow/example_dags/example_xcomargs.py
[2025-09-18T07:41:00.485+0000] {processor.py:830} INFO - Processing file /home/airflow/.local/lib/python3.8/site-packages/airflow/example_dags/example_xcomargs.py for tasks to queue
[2025-09-18T07:41:00.490+0000] {logging_mixin.py:188} INFO - [2025-09-18T07:41:00.489+0000] {dagbag.py:538} INFO - Filling up the DagBag from /home/airflow/.local/lib/python3.8/site-packages/airflow/example_dags/example_xcomargs.py
[2025-09-18T07:41:00.512+0000] {processor.py:840} INFO - DAG(s) 'example_xcom_args_with_operators', 'example_xcom_args' retrieved from /home/airflow/.local/lib/python3.8/site-packages/airflow/example_dags/example_xcomargs.py
[2025-09-18T07:41:00.589+0000] {logging_mixin.py:188} INFO - [2025-09-18T07:41:00.588+0000] {dag.py:3036} INFO - Sync 2 DAGs
[2025-09-18T07:41:00.627+0000] {logging_mixin.py:188} INFO - [2025-09-18T07:41:00.626+0000] {dag.py:3823} INFO - Setting next_dagrun for example_xcom_args to None, run_after=None
[2025-09-18T07:41:00.645+0000] {logging_mixin.py:188} INFO - [2025-09-18T07:41:00.644+0000] {dag.py:3823} INFO - Setting next_dagrun for example_xcom_args_with_operators to None, run_after=None
[2025-09-18T07:41:00.692+0000] {processor.py:183} INFO - Processing /home/airflow/.local/lib/python3.8/site-packages/airflow/example_dags/example_xcomargs.py took 0.219 seconds
[2025-09-18T07:41:31.111+0000] {processor.py:161} INFO - Started process (PID=611) to work on /home/airflow/.local/lib/python3.8/site-packages/airflow/example_dags/example_xcomargs.py
[2025-09-18T07:41:31.112+0000] {processor.py:830} INFO - Processing file /home/airflow/.local/lib/python3.8/site-packages/airflow/example_dags/example_xcomargs.py for tasks to queue
[2025-09-18T07:41:31.116+0000] {logging_mixin.py:188} INFO - [2025-09-18T07:41:31.115+0000] {dagbag.py:538} INFO - Filling up the DagBag from /home/airflow/.local/lib/python3.8/site-packages/airflow/example_dags/example_xcomargs.py
[2025-09-18T07:41:31.133+0000] {processor.py:840} INFO - DAG(s) 'example_xcom_args_with_operators', 'example_xcom_args' retrieved from /home/airflow/.local/lib/python3.8/site-packages/airflow/example_dags/example_xcomargs.py
[2025-09-18T07:41:31.178+0000] {logging_mixin.py:188} INFO - [2025-09-18T07:41:31.177+0000] {dag.py:3036} INFO - Sync 2 DAGs
[2025-09-18T07:41:31.204+0000] {logging_mixin.py:188} INFO - [2025-09-18T07:41:31.203+0000] {dag.py:3823} INFO - Setting next_dagrun for example_xcom_args to None, run_after=None
[2025-09-18T07:41:31.214+0000] {logging_mixin.py:188} INFO - [2025-09-18T07:41:31.213+0000] {dag.py:3823} INFO - Setting next_dagrun for example_xcom_args_with_operators to None, run_after=None
[2025-09-18T07:41:31.252+0000] {processor.py:183} INFO - Processing /home/airflow/.local/lib/python3.8/site-packages/airflow/example_dags/example_xcomargs.py took 0.147 seconds
[2025-09-18T07:42:02.076+0000] {processor.py:161} INFO - Started process (PID=666) to work on /home/airflow/.local/lib/python3.8/site-packages/airflow/example_dags/example_xcomargs.py
[2025-09-18T07:42:02.078+0000] {processor.py:830} INFO - Processing file /home/airflow/.local/lib/python3.8/site-packages/airflow/example_dags/example_xcomargs.py for tasks to queue
[2025-09-18T07:42:02.082+0000] {logging_mixin.py:188} INFO - [2025-09-18T07:42:02.081+0000] {dagbag.py:538} INFO - Filling up the DagBag from /home/airflow/.local/lib/python3.8/site-packages/airflow/example_dags/example_xcomargs.py
[2025-09-18T07:42:02.099+0000] {processor.py:840} INFO - DAG(s) 'example_xcom_args', 'example_xcom_args_with_operators' retrieved from /home/airflow/.local/lib/python3.8/site-packages/airflow/example_dags/example_xcomargs.py
[2025-09-18T07:42:02.146+0000] {logging_mixin.py:188} INFO - [2025-09-18T07:42:02.146+0000] {dag.py:3036} INFO - Sync 2 DAGs
[2025-09-18T07:42:02.172+0000] {logging_mixin.py:188} INFO - [2025-09-18T07:42:02.172+0000] {dag.py:3823} INFO - Setting next_dagrun for example_xcom_args to None, run_after=None
[2025-09-18T07:42:02.181+0000] {logging_mixin.py:188} INFO - [2025-09-18T07:42:02.181+0000] {dag.py:3823} INFO - Setting next_dagrun for example_xcom_args_with_operators to None, run_after=None
[2025-09-18T07:42:02.220+0000] {processor.py:183} INFO - Processing /home/airflow/.local/lib/python3.8/site-packages/airflow/example_dags/example_xcomargs.py took 0.152 seconds
[2025-09-18T07:42:32.558+0000] {processor.py:161} INFO - Started process (PID=721) to work on /home/airflow/.local/lib/python3.8/site-packages/airflow/example_dags/example_xcomargs.py
[2025-09-18T07:42:32.560+0000] {processor.py:830} INFO - Processing file /home/airflow/.local/lib/python3.8/site-packages/airflow/example_dags/example_xcomargs.py for tasks to queue
[2025-09-18T07:42:32.565+0000] {logging_mixin.py:188} INFO - [2025-09-18T07:42:32.564+0000] {dagbag.py:538} INFO - Filling up the DagBag from /home/airflow/.local/lib/python3.8/site-packages/airflow/example_dags/example_xcomargs.py
[2025-09-18T07:42:32.584+0000] {processor.py:840} INFO - DAG(s) 'example_xcom_args_with_operators', 'example_xcom_args' retrieved from /home/airflow/.local/lib/python3.8/site-packages/airflow/example_dags/example_xcomargs.py
[2025-09-18T07:42:32.669+0000] {logging_mixin.py:188} INFO - [2025-09-18T07:42:32.669+0000] {dag.py:3036} INFO - Sync 2 DAGs
[2025-09-18T07:42:32.709+0000] {logging_mixin.py:188} INFO - [2025-09-18T07:42:32.709+0000] {dag.py:3823} INFO - Setting next_dagrun for example_xcom_args to None, run_after=None
[2025-09-18T07:42:32.721+0000] {logging_mixin.py:188} INFO - [2025-09-18T07:42:32.720+0000] {dag.py:3823} INFO - Setting next_dagrun for example_xcom_args_with_operators to None, run_after=None
[2025-09-18T07:42:32.772+0000] {processor.py:183} INFO - Processing /home/airflow/.local/lib/python3.8/site-packages/airflow/example_dags/example_xcomargs.py took 0.220 seconds
[2025-09-18T07:43:03.824+0000] {processor.py:161} INFO - Started process (PID=776) to work on /home/airflow/.local/lib/python3.8/site-packages/airflow/example_dags/example_xcomargs.py
[2025-09-18T07:43:03.826+0000] {processor.py:830} INFO - Processing file /home/airflow/.local/lib/python3.8/site-packages/airflow/example_dags/example_xcomargs.py for tasks to queue
[2025-09-18T07:43:03.830+0000] {logging_mixin.py:188} INFO - [2025-09-18T07:43:03.830+0000] {dagbag.py:538} INFO - Filling up the DagBag from /home/airflow/.local/lib/python3.8/site-packages/airflow/example_dags/example_xcomargs.py
[2025-09-18T07:43:03.845+0000] {processor.py:840} INFO - DAG(s) 'example_xcom_args', 'example_xcom_args_with_operators' retrieved from /home/airflow/.local/lib/python3.8/site-packages/airflow/example_dags/example_xcomargs.py
[2025-09-18T07:43:03.888+0000] {logging_mixin.py:188} INFO - [2025-09-18T07:43:03.888+0000] {dag.py:3036} INFO - Sync 2 DAGs
[2025-09-18T07:43:03.912+0000] {logging_mixin.py:188} INFO - [2025-09-18T07:43:03.911+0000] {dag.py:3823} INFO - Setting next_dagrun for example_xcom_args to None, run_after=None
[2025-09-18T07:43:03.919+0000] {logging_mixin.py:188} INFO - [2025-09-18T07:43:03.919+0000] {dag.py:3823} INFO - Setting next_dagrun for example_xcom_args_with_operators to None, run_after=None
[2025-09-18T07:43:03.955+0000] {processor.py:183} INFO - Processing /home/airflow/.local/lib/python3.8/site-packages/airflow/example_dags/example_xcomargs.py took 0.137 seconds
[2025-09-18T07:43:34.643+0000] {processor.py:161} INFO - Started process (PID=831) to work on /home/airflow/.local/lib/python3.8/site-packages/airflow/example_dags/example_xcomargs.py
[2025-09-18T07:43:34.646+0000] {processor.py:830} INFO - Processing file /home/airflow/.local/lib/python3.8/site-packages/airflow/example_dags/example_xcomargs.py for tasks to queue
[2025-09-18T07:43:34.651+0000] {logging_mixin.py:188} INFO - [2025-09-18T07:43:34.651+0000] {dagbag.py:538} INFO - Filling up the DagBag from /home/airflow/.local/lib/python3.8/site-packages/airflow/example_dags/example_xcomargs.py
[2025-09-18T07:43:34.680+0000] {processor.py:840} INFO - DAG(s) 'example_xcom_args', 'example_xcom_args_with_operators' retrieved from /home/airflow/.local/lib/python3.8/site-packages/airflow/example_dags/example_xcomargs.py
[2025-09-18T07:43:34.741+0000] {logging_mixin.py:188} INFO - [2025-09-18T07:43:34.741+0000] {dag.py:3036} INFO - Sync 2 DAGs
[2025-09-18T07:43:34.770+0000] {logging_mixin.py:188} INFO - [2025-09-18T07:43:34.769+0000] {dag.py:3823} INFO - Setting next_dagrun for example_xcom_args to None, run_after=None
[2025-09-18T07:43:34.780+0000] {logging_mixin.py:188} INFO - [2025-09-18T07:43:34.780+0000] {dag.py:3823} INFO - Setting next_dagrun for example_xcom_args_with_operators to None, run_after=None
[2025-09-18T07:43:34.823+0000] {processor.py:183} INFO - Processing /home/airflow/.local/lib/python3.8/site-packages/airflow/example_dags/example_xcomargs.py took 0.190 seconds
[2025-09-18T07:44:05.255+0000] {processor.py:161} INFO - Started process (PID=886) to work on /home/airflow/.local/lib/python3.8/site-packages/airflow/example_dags/example_xcomargs.py
[2025-09-18T07:44:05.257+0000] {processor.py:830} INFO - Processing file /home/airflow/.local/lib/python3.8/site-packages/airflow/example_dags/example_xcomargs.py for tasks to queue
[2025-09-18T07:44:05.261+0000] {logging_mixin.py:188} INFO - [2025-09-18T07:44:05.260+0000] {dagbag.py:538} INFO - Filling up the DagBag from /home/airflow/.local/lib/python3.8/site-packages/airflow/example_dags/example_xcomargs.py
[2025-09-18T07:44:05.278+0000] {processor.py:840} INFO - DAG(s) 'example_xcom_args_with_operators', 'example_xcom_args' retrieved from /home/airflow/.local/lib/python3.8/site-packages/airflow/example_dags/example_xcomargs.py
[2025-09-18T07:44:05.327+0000] {logging_mixin.py:188} INFO - [2025-09-18T07:44:05.326+0000] {dag.py:3036} INFO - Sync 2 DAGs
[2025-09-18T07:44:05.349+0000] {logging_mixin.py:188} INFO - [2025-09-18T07:44:05.349+0000] {dag.py:3823} INFO - Setting next_dagrun for example_xcom_args to None, run_after=None
[2025-09-18T07:44:05.356+0000] {logging_mixin.py:188} INFO - [2025-09-18T07:44:05.356+0000] {dag.py:3823} INFO - Setting next_dagrun for example_xcom_args_with_operators to None, run_after=None
[2025-09-18T07:44:05.392+0000] {processor.py:183} INFO - Processing /home/airflow/.local/lib/python3.8/site-packages/airflow/example_dags/example_xcomargs.py took 0.143 seconds
[2025-09-18T07:44:35.918+0000] {processor.py:161} INFO - Started process (PID=941) to work on /home/airflow/.local/lib/python3.8/site-packages/airflow/example_dags/example_xcomargs.py
[2025-09-18T07:44:35.920+0000] {processor.py:830} INFO - Processing file /home/airflow/.local/lib/python3.8/site-packages/airflow/example_dags/example_xcomargs.py for tasks to queue
[2025-09-18T07:44:35.926+0000] {logging_mixin.py:188} INFO - [2025-09-18T07:44:35.925+0000] {dagbag.py:538} INFO - Filling up the DagBag from /home/airflow/.local/lib/python3.8/site-packages/airflow/example_dags/example_xcomargs.py
[2025-09-18T07:44:35.951+0000] {processor.py:840} INFO - DAG(s) 'example_xcom_args_with_operators', 'example_xcom_args' retrieved from /home/airflow/.local/lib/python3.8/site-packages/airflow/example_dags/example_xcomargs.py
[2025-09-18T07:44:36.002+0000] {logging_mixin.py:188} INFO - [2025-09-18T07:44:36.001+0000] {dag.py:3036} INFO - Sync 2 DAGs
[2025-09-18T07:44:36.030+0000] {logging_mixin.py:188} INFO - [2025-09-18T07:44:36.029+0000] {dag.py:3823} INFO - Setting next_dagrun for example_xcom_args to None, run_after=None
[2025-09-18T07:44:36.037+0000] {logging_mixin.py:188} INFO - [2025-09-18T07:44:36.036+0000] {dag.py:3823} INFO - Setting next_dagrun for example_xcom_args_with_operators to None, run_after=None
[2025-09-18T07:44:36.071+0000] {processor.py:183} INFO - Processing /home/airflow/.local/lib/python3.8/site-packages/airflow/example_dags/example_xcomargs.py took 0.158 seconds
[2025-09-18T07:45:06.325+0000] {processor.py:161} INFO - Started process (PID=996) to work on /home/airflow/.local/lib/python3.8/site-packages/airflow/example_dags/example_xcomargs.py
[2025-09-18T07:45:06.327+0000] {processor.py:830} INFO - Processing file /home/airflow/.local/lib/python3.8/site-packages/airflow/example_dags/example_xcomargs.py for tasks to queue
[2025-09-18T07:45:06.331+0000] {logging_mixin.py:188} INFO - [2025-09-18T07:45:06.330+0000] {dagbag.py:538} INFO - Filling up the DagBag from /home/airflow/.local/lib/python3.8/site-packages/airflow/example_dags/example_xcomargs.py
[2025-09-18T07:45:06.352+0000] {processor.py:840} INFO - DAG(s) 'example_xcom_args', 'example_xcom_args_with_operators' retrieved from /home/airflow/.local/lib/python3.8/site-packages/airflow/example_dags/example_xcomargs.py
[2025-09-18T07:45:06.412+0000] {logging_mixin.py:188} INFO - [2025-09-18T07:45:06.411+0000] {dag.py:3036} INFO - Sync 2 DAGs
[2025-09-18T07:45:06.443+0000] {logging_mixin.py:188} INFO - [2025-09-18T07:45:06.443+0000] {dag.py:3823} INFO - Setting next_dagrun for example_xcom_args to None, run_after=None
[2025-09-18T07:45:06.454+0000] {logging_mixin.py:188} INFO - [2025-09-18T07:45:06.453+0000] {dag.py:3823} INFO - Setting next_dagrun for example_xcom_args_with_operators to None, run_after=None
[2025-09-18T07:45:06.506+0000] {processor.py:183} INFO - Processing /home/airflow/.local/lib/python3.8/site-packages/airflow/example_dags/example_xcomargs.py took 0.188 seconds
[2025-09-18T07:45:36.730+0000] {processor.py:161} INFO - Started process (PID=1050) to work on /home/airflow/.local/lib/python3.8/site-packages/airflow/example_dags/example_xcomargs.py
[2025-09-18T07:45:36.732+0000] {processor.py:830} INFO - Processing file /home/airflow/.local/lib/python3.8/site-packages/airflow/example_dags/example_xcomargs.py for tasks to queue
[2025-09-18T07:45:36.735+0000] {logging_mixin.py:188} INFO - [2025-09-18T07:45:36.735+0000] {dagbag.py:538} INFO - Filling up the DagBag from /home/airflow/.local/lib/python3.8/site-packages/airflow/example_dags/example_xcomargs.py
[2025-09-18T07:45:36.751+0000] {processor.py:840} INFO - DAG(s) 'example_xcom_args_with_operators', 'example_xcom_args' retrieved from /home/airflow/.local/lib/python3.8/site-packages/airflow/example_dags/example_xcomargs.py
[2025-09-18T07:45:36.798+0000] {logging_mixin.py:188} INFO - [2025-09-18T07:45:36.797+0000] {dag.py:3036} INFO - Sync 2 DAGs
[2025-09-18T07:45:36.822+0000] {logging_mixin.py:188} INFO - [2025-09-18T07:45:36.822+0000] {dag.py:3823} INFO - Setting next_dagrun for example_xcom_args to None, run_after=None
[2025-09-18T07:45:36.830+0000] {logging_mixin.py:188} INFO - [2025-09-18T07:45:36.829+0000] {dag.py:3823} INFO - Setting next_dagrun for example_xcom_args_with_operators to None, run_after=None
[2025-09-18T07:45:36.867+0000] {processor.py:183} INFO - Processing /home/airflow/.local/lib/python3.8/site-packages/airflow/example_dags/example_xcomargs.py took 0.143 seconds
[2025-09-18T07:46:07.098+0000] {processor.py:161} INFO - Started process (PID=1105) to work on /home/airflow/.local/lib/python3.8/site-packages/airflow/example_dags/example_xcomargs.py
[2025-09-18T07:46:07.100+0000] {processor.py:830} INFO - Processing file /home/airflow/.local/lib/python3.8/site-packages/airflow/example_dags/example_xcomargs.py for tasks to queue
[2025-09-18T07:46:07.103+0000] {logging_mixin.py:188} INFO - [2025-09-18T07:46:07.103+0000] {dagbag.py:538} INFO - Filling up the DagBag from /home/airflow/.local/lib/python3.8/site-packages/airflow/example_dags/example_xcomargs.py
[2025-09-18T07:46:07.119+0000] {processor.py:840} INFO - DAG(s) 'example_xcom_args_with_operators', 'example_xcom_args' retrieved from /home/airflow/.local/lib/python3.8/site-packages/airflow/example_dags/example_xcomargs.py
[2025-09-18T07:46:07.162+0000] {logging_mixin.py:188} INFO - [2025-09-18T07:46:07.162+0000] {dag.py:3036} INFO - Sync 2 DAGs
[2025-09-18T07:46:07.188+0000] {logging_mixin.py:188} INFO - [2025-09-18T07:46:07.187+0000] {dag.py:3823} INFO - Setting next_dagrun for example_xcom_args to None, run_after=None
[2025-09-18T07:46:07.195+0000] {logging_mixin.py:188} INFO - [2025-09-18T07:46:07.195+0000] {dag.py:3823} INFO - Setting next_dagrun for example_xcom_args_with_operators to None, run_after=None
[2025-09-18T07:46:07.227+0000] {processor.py:183} INFO - Processing /home/airflow/.local/lib/python3.8/site-packages/airflow/example_dags/example_xcomargs.py took 0.136 seconds
[2025-09-18T07:46:37.310+0000] {processor.py:161} INFO - Started process (PID=1160) to work on /home/airflow/.local/lib/python3.8/site-packages/airflow/example_dags/example_xcomargs.py
[2025-09-18T07:46:37.312+0000] {processor.py:830} INFO - Processing file /home/airflow/.local/lib/python3.8/site-packages/airflow/example_dags/example_xcomargs.py for tasks to queue
[2025-09-18T07:46:37.317+0000] {logging_mixin.py:188} INFO - [2025-09-18T07:46:37.316+0000] {dagbag.py:538} INFO - Filling up the DagBag from /home/airflow/.local/lib/python3.8/site-packages/airflow/example_dags/example_xcomargs.py
[2025-09-18T07:46:37.335+0000] {processor.py:840} INFO - DAG(s) 'example_xcom_args_with_operators', 'example_xcom_args' retrieved from /home/airflow/.local/lib/python3.8/site-packages/airflow/example_dags/example_xcomargs.py
[2025-09-18T07:46:37.395+0000] {logging_mixin.py:188} INFO - [2025-09-18T07:46:37.395+0000] {dag.py:3036} INFO - Sync 2 DAGs
[2025-09-18T07:46:37.428+0000] {logging_mixin.py:188} INFO - [2025-09-18T07:46:37.428+0000] {dag.py:3823} INFO - Setting next_dagrun for example_xcom_args to None, run_after=None
[2025-09-18T07:46:37.437+0000] {logging_mixin.py:188} INFO - [2025-09-18T07:46:37.436+0000] {dag.py:3823} INFO - Setting next_dagrun for example_xcom_args_with_operators to None, run_after=None
[2025-09-18T07:46:37.478+0000] {processor.py:183} INFO - Processing /home/airflow/.local/lib/python3.8/site-packages/airflow/example_dags/example_xcomargs.py took 0.177 seconds
[2025-09-18T07:47:08.294+0000] {processor.py:161} INFO - Started process (PID=1215) to work on /home/airflow/.local/lib/python3.8/site-packages/airflow/example_dags/example_xcomargs.py
[2025-09-18T07:47:08.301+0000] {processor.py:830} INFO - Processing file /home/airflow/.local/lib/python3.8/site-packages/airflow/example_dags/example_xcomargs.py for tasks to queue
[2025-09-18T07:47:08.307+0000] {logging_mixin.py:188} INFO - [2025-09-18T07:47:08.307+0000] {dagbag.py:538} INFO - Filling up the DagBag from /home/airflow/.local/lib/python3.8/site-packages/airflow/example_dags/example_xcomargs.py
[2025-09-18T07:47:08.326+0000] {processor.py:840} INFO - DAG(s) 'example_xcom_args_with_operators', 'example_xcom_args' retrieved from /home/airflow/.local/lib/python3.8/site-packages/airflow/example_dags/example_xcomargs.py
[2025-09-18T07:47:08.378+0000] {logging_mixin.py:188} INFO - [2025-09-18T07:47:08.378+0000] {dag.py:3036} INFO - Sync 2 DAGs
[2025-09-18T07:47:08.401+0000] {logging_mixin.py:188} INFO - [2025-09-18T07:47:08.401+0000] {dag.py:3823} INFO - Setting next_dagrun for example_xcom_args to None, run_after=None
[2025-09-18T07:47:08.409+0000] {logging_mixin.py:188} INFO - [2025-09-18T07:47:08.409+0000] {dag.py:3823} INFO - Setting next_dagrun for example_xcom_args_with_operators to None, run_after=None
[2025-09-18T07:47:08.447+0000] {processor.py:183} INFO - Processing /home/airflow/.local/lib/python3.8/site-packages/airflow/example_dags/example_xcomargs.py took 0.162 seconds
[2025-09-18T07:47:38.799+0000] {processor.py:161} INFO - Started process (PID=1270) to work on /home/airflow/.local/lib/python3.8/site-packages/airflow/example_dags/example_xcomargs.py
[2025-09-18T07:47:38.801+0000] {processor.py:830} INFO - Processing file /home/airflow/.local/lib/python3.8/site-packages/airflow/example_dags/example_xcomargs.py for tasks to queue
[2025-09-18T07:47:38.806+0000] {logging_mixin.py:188} INFO - [2025-09-18T07:47:38.805+0000] {dagbag.py:538} INFO - Filling up the DagBag from /home/airflow/.local/lib/python3.8/site-packages/airflow/example_dags/example_xcomargs.py
[2025-09-18T07:47:38.823+0000] {processor.py:840} INFO - DAG(s) 'example_xcom_args_with_operators', 'example_xcom_args' retrieved from /home/airflow/.local/lib/python3.8/site-packages/airflow/example_dags/example_xcomargs.py
[2025-09-18T07:47:38.875+0000] {logging_mixin.py:188} INFO - [2025-09-18T07:47:38.875+0000] {dag.py:3036} INFO - Sync 2 DAGs
[2025-09-18T07:47:38.916+0000] {logging_mixin.py:188} INFO - [2025-09-18T07:47:38.915+0000] {dag.py:3823} INFO - Setting next_dagrun for example_xcom_args to None, run_after=None
[2025-09-18T07:47:38.927+0000] {logging_mixin.py:188} INFO - [2025-09-18T07:47:38.927+0000] {dag.py:3823} INFO - Setting next_dagrun for example_xcom_args_with_operators to None, run_after=None
[2025-09-18T07:47:38.970+0000] {processor.py:183} INFO - Processing /home/airflow/.local/lib/python3.8/site-packages/airflow/example_dags/example_xcomargs.py took 0.179 seconds
[2025-09-18T07:48:09.453+0000] {processor.py:161} INFO - Started process (PID=1326) to work on /home/airflow/.local/lib/python3.8/site-packages/airflow/example_dags/example_xcomargs.py
[2025-09-18T07:48:09.455+0000] {processor.py:830} INFO - Processing file /home/airflow/.local/lib/python3.8/site-packages/airflow/example_dags/example_xcomargs.py for tasks to queue
[2025-09-18T07:48:09.458+0000] {logging_mixin.py:188} INFO - [2025-09-18T07:48:09.458+0000] {dagbag.py:538} INFO - Filling up the DagBag from /home/airflow/.local/lib/python3.8/site-packages/airflow/example_dags/example_xcomargs.py
[2025-09-18T07:48:09.473+0000] {processor.py:840} INFO - DAG(s) 'example_xcom_args', 'example_xcom_args_with_operators' retrieved from /home/airflow/.local/lib/python3.8/site-packages/airflow/example_dags/example_xcomargs.py
[2025-09-18T07:48:09.518+0000] {logging_mixin.py:188} INFO - [2025-09-18T07:48:09.518+0000] {dag.py:3036} INFO - Sync 2 DAGs
[2025-09-18T07:48:09.542+0000] {logging_mixin.py:188} INFO - [2025-09-18T07:48:09.541+0000] {dag.py:3823} INFO - Setting next_dagrun for example_xcom_args to None, run_after=None
[2025-09-18T07:48:09.549+0000] {logging_mixin.py:188} INFO - [2025-09-18T07:48:09.548+0000] {dag.py:3823} INFO - Setting next_dagrun for example_xcom_args_with_operators to None, run_after=None
[2025-09-18T07:48:09.584+0000] {processor.py:183} INFO - Processing /home/airflow/.local/lib/python3.8/site-packages/airflow/example_dags/example_xcomargs.py took 0.137 seconds
[2025-09-18T07:48:40.199+0000] {processor.py:161} INFO - Started process (PID=1381) to work on /home/airflow/.local/lib/python3.8/site-packages/airflow/example_dags/example_xcomargs.py
[2025-09-18T07:48:40.202+0000] {processor.py:830} INFO - Processing file /home/airflow/.local/lib/python3.8/site-packages/airflow/example_dags/example_xcomargs.py for tasks to queue
[2025-09-18T07:48:40.210+0000] {logging_mixin.py:188} INFO - [2025-09-18T07:48:40.206+0000] {dagbag.py:538} INFO - Filling up the DagBag from /home/airflow/.local/lib/python3.8/site-packages/airflow/example_dags/example_xcomargs.py
[2025-09-18T07:48:40.241+0000] {processor.py:840} INFO - DAG(s) 'example_xcom_args', 'example_xcom_args_with_operators' retrieved from /home/airflow/.local/lib/python3.8/site-packages/airflow/example_dags/example_xcomargs.py
[2025-09-18T07:48:40.300+0000] {logging_mixin.py:188} INFO - [2025-09-18T07:48:40.300+0000] {dag.py:3036} INFO - Sync 2 DAGs
[2025-09-18T07:48:40.343+0000] {logging_mixin.py:188} INFO - [2025-09-18T07:48:40.341+0000] {dag.py:3823} INFO - Setting next_dagrun for example_xcom_args to None, run_after=None
[2025-09-18T07:48:40.354+0000] {logging_mixin.py:188} INFO - [2025-09-18T07:48:40.354+0000] {dag.py:3823} INFO - Setting next_dagrun for example_xcom_args_with_operators to None, run_after=None
[2025-09-18T07:48:40.421+0000] {processor.py:183} INFO - Processing /home/airflow/.local/lib/python3.8/site-packages/airflow/example_dags/example_xcomargs.py took 0.235 seconds
[2025-09-18T07:56:45.714+0000] {processor.py:161} INFO - Started process (PID=60) to work on /home/airflow/.local/lib/python3.8/site-packages/airflow/example_dags/example_xcomargs.py
[2025-09-18T07:56:45.717+0000] {processor.py:830} INFO - Processing file /home/airflow/.local/lib/python3.8/site-packages/airflow/example_dags/example_xcomargs.py for tasks to queue
[2025-09-18T07:56:45.720+0000] {logging_mixin.py:188} INFO - [2025-09-18T07:56:45.720+0000] {dagbag.py:538} INFO - Filling up the DagBag from /home/airflow/.local/lib/python3.8/site-packages/airflow/example_dags/example_xcomargs.py
[2025-09-18T07:56:45.746+0000] {processor.py:840} INFO - DAG(s) 'example_xcom_args_with_operators', 'example_xcom_args' retrieved from /home/airflow/.local/lib/python3.8/site-packages/airflow/example_dags/example_xcomargs.py
[2025-09-18T07:56:46.030+0000] {logging_mixin.py:188} INFO - [2025-09-18T07:56:46.028+0000] {override.py:1769} INFO - Created Permission View: can edit on DAG:example_xcom_args_with_operators
[2025-09-18T07:56:46.055+0000] {logging_mixin.py:188} INFO - [2025-09-18T07:56:46.055+0000] {override.py:1769} INFO - Created Permission View: can read on DAG:example_xcom_args_with_operators
[2025-09-18T07:56:46.070+0000] {logging_mixin.py:188} INFO - [2025-09-18T07:56:46.070+0000] {override.py:1769} INFO - Created Permission View: can delete on DAG:example_xcom_args_with_operators
[2025-09-18T07:56:46.103+0000] {logging_mixin.py:188} INFO - [2025-09-18T07:56:46.103+0000] {override.py:1769} INFO - Created Permission View: can edit on DAG:example_xcom_args
[2025-09-18T07:56:46.122+0000] {logging_mixin.py:188} INFO - [2025-09-18T07:56:46.121+0000] {override.py:1769} INFO - Created Permission View: can read on DAG:example_xcom_args
[2025-09-18T07:56:46.140+0000] {logging_mixin.py:188} INFO - [2025-09-18T07:56:46.139+0000] {override.py:1769} INFO - Created Permission View: can delete on DAG:example_xcom_args
[2025-09-18T07:56:46.141+0000] {logging_mixin.py:188} INFO - [2025-09-18T07:56:46.140+0000] {dag.py:3036} INFO - Sync 2 DAGs
[2025-09-18T07:56:46.163+0000] {logging_mixin.py:188} INFO - [2025-09-18T07:56:46.163+0000] {dag.py:3058} INFO - Creating ORM DAG for example_xcom_args_with_operators
[2025-09-18T07:56:46.165+0000] {logging_mixin.py:188} INFO - [2025-09-18T07:56:46.165+0000] {dag.py:3058} INFO - Creating ORM DAG for example_xcom_args
[2025-09-18T07:56:46.167+0000] {logging_mixin.py:188} INFO - [2025-09-18T07:56:46.167+0000] {dag.py:3823} INFO - Setting next_dagrun for example_xcom_args to None, run_after=None
[2025-09-18T07:56:46.169+0000] {logging_mixin.py:188} INFO - [2025-09-18T07:56:46.169+0000] {dag.py:3823} INFO - Setting next_dagrun for example_xcom_args_with_operators to None, run_after=None
[2025-09-18T07:56:46.216+0000] {processor.py:183} INFO - Processing /home/airflow/.local/lib/python3.8/site-packages/airflow/example_dags/example_xcomargs.py took 0.510 seconds
[2025-09-18T07:57:23.223+0000] {processor.py:161} INFO - Started process (PID=115) to work on /home/airflow/.local/lib/python3.8/site-packages/airflow/example_dags/example_xcomargs.py
[2025-09-18T07:57:23.228+0000] {processor.py:830} INFO - Processing file /home/airflow/.local/lib/python3.8/site-packages/airflow/example_dags/example_xcomargs.py for tasks to queue
[2025-09-18T07:57:23.234+0000] {logging_mixin.py:188} INFO - [2025-09-18T07:57:23.234+0000] {dagbag.py:538} INFO - Filling up the DagBag from /home/airflow/.local/lib/python3.8/site-packages/airflow/example_dags/example_xcomargs.py
[2025-09-18T07:57:23.264+0000] {processor.py:840} INFO - DAG(s) 'example_xcom_args_with_operators', 'example_xcom_args' retrieved from /home/airflow/.local/lib/python3.8/site-packages/airflow/example_dags/example_xcomargs.py
[2025-09-18T07:57:23.338+0000] {logging_mixin.py:188} INFO - [2025-09-18T07:57:23.337+0000] {dag.py:3036} INFO - Sync 2 DAGs
[2025-09-18T07:57:23.387+0000] {logging_mixin.py:188} INFO - [2025-09-18T07:57:23.386+0000] {dag.py:3823} INFO - Setting next_dagrun for example_xcom_args to None, run_after=None
[2025-09-18T07:57:23.399+0000] {logging_mixin.py:188} INFO - [2025-09-18T07:57:23.399+0000] {dag.py:3823} INFO - Setting next_dagrun for example_xcom_args_with_operators to None, run_after=None
[2025-09-18T07:57:23.456+0000] {processor.py:183} INFO - Processing /home/airflow/.local/lib/python3.8/site-packages/airflow/example_dags/example_xcomargs.py took 0.242 seconds
[2025-09-18T07:57:54.273+0000] {processor.py:161} INFO - Started process (PID=171) to work on /home/airflow/.local/lib/python3.8/site-packages/airflow/example_dags/example_xcomargs.py
[2025-09-18T07:57:54.275+0000] {processor.py:830} INFO - Processing file /home/airflow/.local/lib/python3.8/site-packages/airflow/example_dags/example_xcomargs.py for tasks to queue
[2025-09-18T07:57:54.278+0000] {logging_mixin.py:188} INFO - [2025-09-18T07:57:54.278+0000] {dagbag.py:538} INFO - Filling up the DagBag from /home/airflow/.local/lib/python3.8/site-packages/airflow/example_dags/example_xcomargs.py
[2025-09-18T07:57:54.293+0000] {processor.py:840} INFO - DAG(s) 'example_xcom_args', 'example_xcom_args_with_operators' retrieved from /home/airflow/.local/lib/python3.8/site-packages/airflow/example_dags/example_xcomargs.py
[2025-09-18T07:57:54.342+0000] {logging_mixin.py:188} INFO - [2025-09-18T07:57:54.342+0000] {dag.py:3036} INFO - Sync 2 DAGs
[2025-09-18T07:57:54.368+0000] {logging_mixin.py:188} INFO - [2025-09-18T07:57:54.368+0000] {dag.py:3823} INFO - Setting next_dagrun for example_xcom_args to None, run_after=None
[2025-09-18T07:57:54.376+0000] {logging_mixin.py:188} INFO - [2025-09-18T07:57:54.376+0000] {dag.py:3823} INFO - Setting next_dagrun for example_xcom_args_with_operators to None, run_after=None
[2025-09-18T07:57:54.412+0000] {processor.py:183} INFO - Processing /home/airflow/.local/lib/python3.8/site-packages/airflow/example_dags/example_xcomargs.py took 0.145 seconds
[2025-09-18T09:46:49.941+0000] {processor.py:161} INFO - Started process (PID=60) to work on /home/airflow/.local/lib/python3.8/site-packages/airflow/example_dags/example_xcomargs.py
[2025-09-18T09:46:49.944+0000] {processor.py:830} INFO - Processing file /home/airflow/.local/lib/python3.8/site-packages/airflow/example_dags/example_xcomargs.py for tasks to queue
[2025-09-18T09:46:49.948+0000] {logging_mixin.py:188} INFO - [2025-09-18T09:46:49.947+0000] {dagbag.py:538} INFO - Filling up the DagBag from /home/airflow/.local/lib/python3.8/site-packages/airflow/example_dags/example_xcomargs.py
[2025-09-18T09:46:49.975+0000] {processor.py:840} INFO - DAG(s) 'example_xcom_args', 'example_xcom_args_with_operators' retrieved from /home/airflow/.local/lib/python3.8/site-packages/airflow/example_dags/example_xcomargs.py
[2025-09-18T09:46:50.178+0000] {logging_mixin.py:188} INFO - [2025-09-18T09:46:50.177+0000] {override.py:1769} INFO - Created Permission View: can delete on DAG:example_xcom_args
[2025-09-18T09:46:50.200+0000] {logging_mixin.py:188} INFO - [2025-09-18T09:46:50.200+0000] {override.py:1769} INFO - Created Permission View: can edit on DAG:example_xcom_args
[2025-09-18T09:46:50.214+0000] {logging_mixin.py:188} INFO - [2025-09-18T09:46:50.214+0000] {override.py:1769} INFO - Created Permission View: can read on DAG:example_xcom_args
[2025-09-18T09:46:50.242+0000] {logging_mixin.py:188} INFO - [2025-09-18T09:46:50.242+0000] {override.py:1769} INFO - Created Permission View: can delete on DAG:example_xcom_args_with_operators
[2025-09-18T09:46:50.257+0000] {logging_mixin.py:188} INFO - [2025-09-18T09:46:50.257+0000] {override.py:1769} INFO - Created Permission View: can edit on DAG:example_xcom_args_with_operators
[2025-09-18T09:46:50.273+0000] {logging_mixin.py:188} INFO - [2025-09-18T09:46:50.272+0000] {override.py:1769} INFO - Created Permission View: can read on DAG:example_xcom_args_with_operators
[2025-09-18T09:46:50.274+0000] {logging_mixin.py:188} INFO - [2025-09-18T09:46:50.273+0000] {dag.py:3036} INFO - Sync 2 DAGs
[2025-09-18T09:46:50.295+0000] {logging_mixin.py:188} INFO - [2025-09-18T09:46:50.294+0000] {dag.py:3058} INFO - Creating ORM DAG for example_xcom_args_with_operators
[2025-09-18T09:46:50.297+0000] {logging_mixin.py:188} INFO - [2025-09-18T09:46:50.296+0000] {dag.py:3058} INFO - Creating ORM DAG for example_xcom_args
[2025-09-18T09:46:50.298+0000] {logging_mixin.py:188} INFO - [2025-09-18T09:46:50.298+0000] {dag.py:3823} INFO - Setting next_dagrun for example_xcom_args to None, run_after=None
[2025-09-18T09:46:50.300+0000] {logging_mixin.py:188} INFO - [2025-09-18T09:46:50.299+0000] {dag.py:3823} INFO - Setting next_dagrun for example_xcom_args_with_operators to None, run_after=None
[2025-09-18T09:46:50.338+0000] {processor.py:183} INFO - Processing /home/airflow/.local/lib/python3.8/site-packages/airflow/example_dags/example_xcomargs.py took 0.403 seconds
[2025-09-18T09:47:20.444+0000] {processor.py:161} INFO - Started process (PID=115) to work on /home/airflow/.local/lib/python3.8/site-packages/airflow/example_dags/example_xcomargs.py
[2025-09-18T09:47:20.447+0000] {processor.py:830} INFO - Processing file /home/airflow/.local/lib/python3.8/site-packages/airflow/example_dags/example_xcomargs.py for tasks to queue
[2025-09-18T09:47:20.450+0000] {logging_mixin.py:188} INFO - [2025-09-18T09:47:20.450+0000] {dagbag.py:538} INFO - Filling up the DagBag from /home/airflow/.local/lib/python3.8/site-packages/airflow/example_dags/example_xcomargs.py
[2025-09-18T09:47:20.482+0000] {processor.py:840} INFO - DAG(s) 'example_xcom_args', 'example_xcom_args_with_operators' retrieved from /home/airflow/.local/lib/python3.8/site-packages/airflow/example_dags/example_xcomargs.py
[2025-09-18T09:47:20.544+0000] {logging_mixin.py:188} INFO - [2025-09-18T09:47:20.544+0000] {dag.py:3036} INFO - Sync 2 DAGs
[2025-09-18T09:47:20.578+0000] {logging_mixin.py:188} INFO - [2025-09-18T09:47:20.577+0000] {dag.py:3823} INFO - Setting next_dagrun for example_xcom_args to None, run_after=None
[2025-09-18T09:47:20.589+0000] {logging_mixin.py:188} INFO - [2025-09-18T09:47:20.588+0000] {dag.py:3823} INFO - Setting next_dagrun for example_xcom_args_with_operators to None, run_after=None
[2025-09-18T09:47:20.637+0000] {processor.py:183} INFO - Processing /home/airflow/.local/lib/python3.8/site-packages/airflow/example_dags/example_xcomargs.py took 0.201 seconds
[2025-09-18T09:47:50.999+0000] {processor.py:161} INFO - Started process (PID=170) to work on /home/airflow/.local/lib/python3.8/site-packages/airflow/example_dags/example_xcomargs.py
[2025-09-18T09:47:51.001+0000] {processor.py:830} INFO - Processing file /home/airflow/.local/lib/python3.8/site-packages/airflow/example_dags/example_xcomargs.py for tasks to queue
[2025-09-18T09:47:51.006+0000] {logging_mixin.py:188} INFO - [2025-09-18T09:47:51.005+0000] {dagbag.py:538} INFO - Filling up the DagBag from /home/airflow/.local/lib/python3.8/site-packages/airflow/example_dags/example_xcomargs.py
[2025-09-18T09:47:51.030+0000] {processor.py:840} INFO - DAG(s) 'example_xcom_args', 'example_xcom_args_with_operators' retrieved from /home/airflow/.local/lib/python3.8/site-packages/airflow/example_dags/example_xcomargs.py
[2025-09-18T09:47:51.084+0000] {logging_mixin.py:188} INFO - [2025-09-18T09:47:51.084+0000] {dag.py:3036} INFO - Sync 2 DAGs
[2025-09-18T09:47:51.145+0000] {logging_mixin.py:188} INFO - [2025-09-18T09:47:51.144+0000] {dag.py:3823} INFO - Setting next_dagrun for example_xcom_args to None, run_after=None
[2025-09-18T09:47:51.161+0000] {logging_mixin.py:188} INFO - [2025-09-18T09:47:51.161+0000] {dag.py:3823} INFO - Setting next_dagrun for example_xcom_args_with_operators to None, run_after=None
[2025-09-18T09:47:51.202+0000] {processor.py:183} INFO - Processing /home/airflow/.local/lib/python3.8/site-packages/airflow/example_dags/example_xcomargs.py took 0.212 seconds
[2025-09-18T09:48:21.538+0000] {processor.py:161} INFO - Started process (PID=225) to work on /home/airflow/.local/lib/python3.8/site-packages/airflow/example_dags/example_xcomargs.py
[2025-09-18T09:48:21.539+0000] {processor.py:830} INFO - Processing file /home/airflow/.local/lib/python3.8/site-packages/airflow/example_dags/example_xcomargs.py for tasks to queue
[2025-09-18T09:48:21.543+0000] {logging_mixin.py:188} INFO - [2025-09-18T09:48:21.542+0000] {dagbag.py:538} INFO - Filling up the DagBag from /home/airflow/.local/lib/python3.8/site-packages/airflow/example_dags/example_xcomargs.py
[2025-09-18T09:48:21.559+0000] {processor.py:840} INFO - DAG(s) 'example_xcom_args_with_operators', 'example_xcom_args' retrieved from /home/airflow/.local/lib/python3.8/site-packages/airflow/example_dags/example_xcomargs.py
[2025-09-18T09:48:21.607+0000] {logging_mixin.py:188} INFO - [2025-09-18T09:48:21.607+0000] {dag.py:3036} INFO - Sync 2 DAGs
[2025-09-18T09:48:21.644+0000] {logging_mixin.py:188} INFO - [2025-09-18T09:48:21.643+0000] {dag.py:3823} INFO - Setting next_dagrun for example_xcom_args to None, run_after=None
[2025-09-18T09:48:21.655+0000] {logging_mixin.py:188} INFO - [2025-09-18T09:48:21.654+0000] {dag.py:3823} INFO - Setting next_dagrun for example_xcom_args_with_operators to None, run_after=None
[2025-09-18T09:48:21.702+0000] {processor.py:183} INFO - Processing /home/airflow/.local/lib/python3.8/site-packages/airflow/example_dags/example_xcomargs.py took 0.170 seconds
[2025-09-18T09:48:52.629+0000] {processor.py:161} INFO - Started process (PID=280) to work on /home/airflow/.local/lib/python3.8/site-packages/airflow/example_dags/example_xcomargs.py
[2025-09-18T09:48:52.631+0000] {processor.py:830} INFO - Processing file /home/airflow/.local/lib/python3.8/site-packages/airflow/example_dags/example_xcomargs.py for tasks to queue
[2025-09-18T09:48:52.635+0000] {logging_mixin.py:188} INFO - [2025-09-18T09:48:52.635+0000] {dagbag.py:538} INFO - Filling up the DagBag from /home/airflow/.local/lib/python3.8/site-packages/airflow/example_dags/example_xcomargs.py
[2025-09-18T09:48:52.652+0000] {processor.py:840} INFO - DAG(s) 'example_xcom_args', 'example_xcom_args_with_operators' retrieved from /home/airflow/.local/lib/python3.8/site-packages/airflow/example_dags/example_xcomargs.py
[2025-09-18T09:48:52.697+0000] {logging_mixin.py:188} INFO - [2025-09-18T09:48:52.696+0000] {dag.py:3036} INFO - Sync 2 DAGs
[2025-09-18T09:48:52.731+0000] {logging_mixin.py:188} INFO - [2025-09-18T09:48:52.731+0000] {dag.py:3823} INFO - Setting next_dagrun for example_xcom_args to None, run_after=None
[2025-09-18T09:48:52.741+0000] {logging_mixin.py:188} INFO - [2025-09-18T09:48:52.740+0000] {dag.py:3823} INFO - Setting next_dagrun for example_xcom_args_with_operators to None, run_after=None
[2025-09-18T09:48:52.793+0000] {processor.py:183} INFO - Processing /home/airflow/.local/lib/python3.8/site-packages/airflow/example_dags/example_xcomargs.py took 0.173 seconds
[2025-09-18T09:49:23.065+0000] {processor.py:161} INFO - Started process (PID=335) to work on /home/airflow/.local/lib/python3.8/site-packages/airflow/example_dags/example_xcomargs.py
[2025-09-18T09:49:23.068+0000] {processor.py:830} INFO - Processing file /home/airflow/.local/lib/python3.8/site-packages/airflow/example_dags/example_xcomargs.py for tasks to queue
[2025-09-18T09:49:23.072+0000] {logging_mixin.py:188} INFO - [2025-09-18T09:49:23.071+0000] {dagbag.py:538} INFO - Filling up the DagBag from /home/airflow/.local/lib/python3.8/site-packages/airflow/example_dags/example_xcomargs.py
[2025-09-18T09:49:23.088+0000] {processor.py:840} INFO - DAG(s) 'example_xcom_args', 'example_xcom_args_with_operators' retrieved from /home/airflow/.local/lib/python3.8/site-packages/airflow/example_dags/example_xcomargs.py
[2025-09-18T09:49:23.136+0000] {logging_mixin.py:188} INFO - [2025-09-18T09:49:23.135+0000] {dag.py:3036} INFO - Sync 2 DAGs
[2025-09-18T09:49:23.162+0000] {logging_mixin.py:188} INFO - [2025-09-18T09:49:23.161+0000] {dag.py:3823} INFO - Setting next_dagrun for example_xcom_args to None, run_after=None
[2025-09-18T09:49:23.169+0000] {logging_mixin.py:188} INFO - [2025-09-18T09:49:23.168+0000] {dag.py:3823} INFO - Setting next_dagrun for example_xcom_args_with_operators to None, run_after=None
[2025-09-18T09:49:23.204+0000] {processor.py:183} INFO - Processing /home/airflow/.local/lib/python3.8/site-packages/airflow/example_dags/example_xcomargs.py took 0.147 seconds
[2025-09-18T09:49:53.685+0000] {processor.py:161} INFO - Started process (PID=390) to work on /home/airflow/.local/lib/python3.8/site-packages/airflow/example_dags/example_xcomargs.py
[2025-09-18T09:49:53.688+0000] {processor.py:830} INFO - Processing file /home/airflow/.local/lib/python3.8/site-packages/airflow/example_dags/example_xcomargs.py for tasks to queue
[2025-09-18T09:49:53.693+0000] {logging_mixin.py:188} INFO - [2025-09-18T09:49:53.693+0000] {dagbag.py:538} INFO - Filling up the DagBag from /home/airflow/.local/lib/python3.8/site-packages/airflow/example_dags/example_xcomargs.py
[2025-09-18T09:49:53.713+0000] {processor.py:840} INFO - DAG(s) 'example_xcom_args', 'example_xcom_args_with_operators' retrieved from /home/airflow/.local/lib/python3.8/site-packages/airflow/example_dags/example_xcomargs.py
[2025-09-18T09:49:53.769+0000] {logging_mixin.py:188} INFO - [2025-09-18T09:49:53.769+0000] {dag.py:3036} INFO - Sync 2 DAGs
[2025-09-18T09:49:53.799+0000] {logging_mixin.py:188} INFO - [2025-09-18T09:49:53.798+0000] {dag.py:3823} INFO - Setting next_dagrun for example_xcom_args to None, run_after=None
[2025-09-18T09:49:53.807+0000] {logging_mixin.py:188} INFO - [2025-09-18T09:49:53.806+0000] {dag.py:3823} INFO - Setting next_dagrun for example_xcom_args_with_operators to None, run_after=None
[2025-09-18T09:49:53.846+0000] {processor.py:183} INFO - Processing /home/airflow/.local/lib/python3.8/site-packages/airflow/example_dags/example_xcomargs.py took 0.168 seconds
[2025-09-18T09:50:23.917+0000] {processor.py:161} INFO - Started process (PID=444) to work on /home/airflow/.local/lib/python3.8/site-packages/airflow/example_dags/example_xcomargs.py
[2025-09-18T09:50:23.919+0000] {processor.py:830} INFO - Processing file /home/airflow/.local/lib/python3.8/site-packages/airflow/example_dags/example_xcomargs.py for tasks to queue
[2025-09-18T09:50:23.923+0000] {logging_mixin.py:188} INFO - [2025-09-18T09:50:23.922+0000] {dagbag.py:538} INFO - Filling up the DagBag from /home/airflow/.local/lib/python3.8/site-packages/airflow/example_dags/example_xcomargs.py
[2025-09-18T09:50:23.938+0000] {processor.py:840} INFO - DAG(s) 'example_xcom_args_with_operators', 'example_xcom_args' retrieved from /home/airflow/.local/lib/python3.8/site-packages/airflow/example_dags/example_xcomargs.py
[2025-09-18T09:50:23.981+0000] {logging_mixin.py:188} INFO - [2025-09-18T09:50:23.980+0000] {dag.py:3036} INFO - Sync 2 DAGs
[2025-09-18T09:50:24.005+0000] {logging_mixin.py:188} INFO - [2025-09-18T09:50:24.005+0000] {dag.py:3823} INFO - Setting next_dagrun for example_xcom_args to None, run_after=None
[2025-09-18T09:50:24.012+0000] {logging_mixin.py:188} INFO - [2025-09-18T09:50:24.011+0000] {dag.py:3823} INFO - Setting next_dagrun for example_xcom_args_with_operators to None, run_after=None
[2025-09-18T09:50:24.048+0000] {processor.py:183} INFO - Processing /home/airflow/.local/lib/python3.8/site-packages/airflow/example_dags/example_xcomargs.py took 0.137 seconds
[2025-09-18T09:50:54.174+0000] {processor.py:161} INFO - Started process (PID=499) to work on /home/airflow/.local/lib/python3.8/site-packages/airflow/example_dags/example_xcomargs.py
[2025-09-18T09:50:54.175+0000] {processor.py:830} INFO - Processing file /home/airflow/.local/lib/python3.8/site-packages/airflow/example_dags/example_xcomargs.py for tasks to queue
[2025-09-18T09:50:54.180+0000] {logging_mixin.py:188} INFO - [2025-09-18T09:50:54.179+0000] {dagbag.py:538} INFO - Filling up the DagBag from /home/airflow/.local/lib/python3.8/site-packages/airflow/example_dags/example_xcomargs.py
[2025-09-18T09:50:54.194+0000] {processor.py:840} INFO - DAG(s) 'example_xcom_args', 'example_xcom_args_with_operators' retrieved from /home/airflow/.local/lib/python3.8/site-packages/airflow/example_dags/example_xcomargs.py
[2025-09-18T09:50:54.240+0000] {logging_mixin.py:188} INFO - [2025-09-18T09:50:54.240+0000] {dag.py:3036} INFO - Sync 2 DAGs
[2025-09-18T09:50:54.266+0000] {logging_mixin.py:188} INFO - [2025-09-18T09:50:54.266+0000] {dag.py:3823} INFO - Setting next_dagrun for example_xcom_args to None, run_after=None
[2025-09-18T09:50:54.273+0000] {logging_mixin.py:188} INFO - [2025-09-18T09:50:54.272+0000] {dag.py:3823} INFO - Setting next_dagrun for example_xcom_args_with_operators to None, run_after=None
[2025-09-18T09:50:54.305+0000] {processor.py:183} INFO - Processing /home/airflow/.local/lib/python3.8/site-packages/airflow/example_dags/example_xcomargs.py took 0.137 seconds
[2025-09-18T09:53:59.966+0000] {processor.py:161} INFO - Started process (PID=61) to work on /home/airflow/.local/lib/python3.8/site-packages/airflow/example_dags/example_xcomargs.py
[2025-09-18T09:53:59.969+0000] {processor.py:830} INFO - Processing file /home/airflow/.local/lib/python3.8/site-packages/airflow/example_dags/example_xcomargs.py for tasks to queue
[2025-09-18T09:53:59.973+0000] {logging_mixin.py:188} INFO - [2025-09-18T09:53:59.973+0000] {dagbag.py:538} INFO - Filling up the DagBag from /home/airflow/.local/lib/python3.8/site-packages/airflow/example_dags/example_xcomargs.py
[2025-09-18T09:53:59.998+0000] {processor.py:840} INFO - DAG(s) 'example_xcom_args', 'example_xcom_args_with_operators' retrieved from /home/airflow/.local/lib/python3.8/site-packages/airflow/example_dags/example_xcomargs.py
[2025-09-18T09:54:00.432+0000] {logging_mixin.py:188} INFO - [2025-09-18T09:54:00.431+0000] {override.py:1769} INFO - Created Permission View: can delete on DAG:example_xcom_args
[2025-09-18T09:54:00.459+0000] {logging_mixin.py:188} INFO - [2025-09-18T09:54:00.459+0000] {override.py:1769} INFO - Created Permission View: can edit on DAG:example_xcom_args
[2025-09-18T09:54:00.474+0000] {logging_mixin.py:188} INFO - [2025-09-18T09:54:00.474+0000] {override.py:1769} INFO - Created Permission View: can read on DAG:example_xcom_args
[2025-09-18T09:54:00.522+0000] {logging_mixin.py:188} INFO - [2025-09-18T09:54:00.522+0000] {override.py:1769} INFO - Created Permission View: can delete on DAG:example_xcom_args_with_operators
[2025-09-18T09:54:00.551+0000] {logging_mixin.py:188} INFO - [2025-09-18T09:54:00.550+0000] {override.py:1769} INFO - Created Permission View: can edit on DAG:example_xcom_args_with_operators
[2025-09-18T09:54:00.582+0000] {logging_mixin.py:188} INFO - [2025-09-18T09:54:00.581+0000] {override.py:1769} INFO - Created Permission View: can read on DAG:example_xcom_args_with_operators
[2025-09-18T09:54:00.583+0000] {logging_mixin.py:188} INFO - [2025-09-18T09:54:00.583+0000] {dag.py:3036} INFO - Sync 2 DAGs
[2025-09-18T09:54:00.618+0000] {logging_mixin.py:188} INFO - [2025-09-18T09:54:00.617+0000] {dag.py:3058} INFO - Creating ORM DAG for example_xcom_args_with_operators
[2025-09-18T09:54:00.620+0000] {logging_mixin.py:188} INFO - [2025-09-18T09:54:00.619+0000] {dag.py:3058} INFO - Creating ORM DAG for example_xcom_args
[2025-09-18T09:54:00.622+0000] {logging_mixin.py:188} INFO - [2025-09-18T09:54:00.621+0000] {dag.py:3823} INFO - Setting next_dagrun for example_xcom_args to None, run_after=None
[2025-09-18T09:54:00.623+0000] {logging_mixin.py:188} INFO - [2025-09-18T09:54:00.623+0000] {dag.py:3823} INFO - Setting next_dagrun for example_xcom_args_with_operators to None, run_after=None
[2025-09-18T09:54:00.666+0000] {processor.py:183} INFO - Processing /home/airflow/.local/lib/python3.8/site-packages/airflow/example_dags/example_xcomargs.py took 0.711 seconds
[2025-09-18T09:54:31.537+0000] {processor.py:161} INFO - Started process (PID=116) to work on /home/airflow/.local/lib/python3.8/site-packages/airflow/example_dags/example_xcomargs.py
[2025-09-18T09:54:31.538+0000] {processor.py:830} INFO - Processing file /home/airflow/.local/lib/python3.8/site-packages/airflow/example_dags/example_xcomargs.py for tasks to queue
[2025-09-18T09:54:31.542+0000] {logging_mixin.py:188} INFO - [2025-09-18T09:54:31.542+0000] {dagbag.py:538} INFO - Filling up the DagBag from /home/airflow/.local/lib/python3.8/site-packages/airflow/example_dags/example_xcomargs.py
[2025-09-18T09:54:31.559+0000] {processor.py:840} INFO - DAG(s) 'example_xcom_args_with_operators', 'example_xcom_args' retrieved from /home/airflow/.local/lib/python3.8/site-packages/airflow/example_dags/example_xcomargs.py
[2025-09-18T09:54:31.604+0000] {logging_mixin.py:188} INFO - [2025-09-18T09:54:31.603+0000] {dag.py:3036} INFO - Sync 2 DAGs
[2025-09-18T09:54:31.634+0000] {logging_mixin.py:188} INFO - [2025-09-18T09:54:31.634+0000] {dag.py:3823} INFO - Setting next_dagrun for example_xcom_args to None, run_after=None
[2025-09-18T09:54:31.643+0000] {logging_mixin.py:188} INFO - [2025-09-18T09:54:31.643+0000] {dag.py:3823} INFO - Setting next_dagrun for example_xcom_args_with_operators to None, run_after=None
[2025-09-18T09:54:31.678+0000] {processor.py:183} INFO - Processing /home/airflow/.local/lib/python3.8/site-packages/airflow/example_dags/example_xcomargs.py took 0.148 seconds
[2025-09-18T09:55:01.966+0000] {processor.py:161} INFO - Started process (PID=172) to work on /home/airflow/.local/lib/python3.8/site-packages/airflow/example_dags/example_xcomargs.py
[2025-09-18T09:55:01.968+0000] {processor.py:830} INFO - Processing file /home/airflow/.local/lib/python3.8/site-packages/airflow/example_dags/example_xcomargs.py for tasks to queue
[2025-09-18T09:55:01.973+0000] {logging_mixin.py:188} INFO - [2025-09-18T09:55:01.972+0000] {dagbag.py:538} INFO - Filling up the DagBag from /home/airflow/.local/lib/python3.8/site-packages/airflow/example_dags/example_xcomargs.py
[2025-09-18T09:55:01.993+0000] {processor.py:840} INFO - DAG(s) 'example_xcom_args', 'example_xcom_args_with_operators' retrieved from /home/airflow/.local/lib/python3.8/site-packages/airflow/example_dags/example_xcomargs.py
[2025-09-18T09:55:02.044+0000] {logging_mixin.py:188} INFO - [2025-09-18T09:55:02.044+0000] {dag.py:3036} INFO - Sync 2 DAGs
[2025-09-18T09:55:02.073+0000] {logging_mixin.py:188} INFO - [2025-09-18T09:55:02.073+0000] {dag.py:3823} INFO - Setting next_dagrun for example_xcom_args to None, run_after=None
[2025-09-18T09:55:02.082+0000] {logging_mixin.py:188} INFO - [2025-09-18T09:55:02.082+0000] {dag.py:3823} INFO - Setting next_dagrun for example_xcom_args_with_operators to None, run_after=None
[2025-09-18T09:55:02.124+0000] {processor.py:183} INFO - Processing /home/airflow/.local/lib/python3.8/site-packages/airflow/example_dags/example_xcomargs.py took 0.168 seconds
[2025-09-18T09:55:32.299+0000] {processor.py:161} INFO - Started process (PID=227) to work on /home/airflow/.local/lib/python3.8/site-packages/airflow/example_dags/example_xcomargs.py
[2025-09-18T09:55:32.301+0000] {processor.py:830} INFO - Processing file /home/airflow/.local/lib/python3.8/site-packages/airflow/example_dags/example_xcomargs.py for tasks to queue
[2025-09-18T09:55:32.305+0000] {logging_mixin.py:188} INFO - [2025-09-18T09:55:32.305+0000] {dagbag.py:538} INFO - Filling up the DagBag from /home/airflow/.local/lib/python3.8/site-packages/airflow/example_dags/example_xcomargs.py
[2025-09-18T09:55:32.326+0000] {processor.py:840} INFO - DAG(s) 'example_xcom_args_with_operators', 'example_xcom_args' retrieved from /home/airflow/.local/lib/python3.8/site-packages/airflow/example_dags/example_xcomargs.py
[2025-09-18T09:55:32.391+0000] {logging_mixin.py:188} INFO - [2025-09-18T09:55:32.390+0000] {dag.py:3036} INFO - Sync 2 DAGs
[2025-09-18T09:55:32.428+0000] {logging_mixin.py:188} INFO - [2025-09-18T09:55:32.428+0000] {dag.py:3823} INFO - Setting next_dagrun for example_xcom_args to None, run_after=None
[2025-09-18T09:55:32.438+0000] {logging_mixin.py:188} INFO - [2025-09-18T09:55:32.437+0000] {dag.py:3823} INFO - Setting next_dagrun for example_xcom_args_with_operators to None, run_after=None
[2025-09-18T09:55:32.512+0000] {processor.py:183} INFO - Processing /home/airflow/.local/lib/python3.8/site-packages/airflow/example_dags/example_xcomargs.py took 0.220 seconds
[2025-09-18T09:56:03.308+0000] {processor.py:161} INFO - Started process (PID=282) to work on /home/airflow/.local/lib/python3.8/site-packages/airflow/example_dags/example_xcomargs.py
[2025-09-18T09:56:03.310+0000] {processor.py:830} INFO - Processing file /home/airflow/.local/lib/python3.8/site-packages/airflow/example_dags/example_xcomargs.py for tasks to queue
[2025-09-18T09:56:03.315+0000] {logging_mixin.py:188} INFO - [2025-09-18T09:56:03.314+0000] {dagbag.py:538} INFO - Filling up the DagBag from /home/airflow/.local/lib/python3.8/site-packages/airflow/example_dags/example_xcomargs.py
[2025-09-18T09:56:03.331+0000] {processor.py:840} INFO - DAG(s) 'example_xcom_args_with_operators', 'example_xcom_args' retrieved from /home/airflow/.local/lib/python3.8/site-packages/airflow/example_dags/example_xcomargs.py
[2025-09-18T09:56:03.374+0000] {logging_mixin.py:188} INFO - [2025-09-18T09:56:03.374+0000] {dag.py:3036} INFO - Sync 2 DAGs
[2025-09-18T09:56:03.402+0000] {logging_mixin.py:188} INFO - [2025-09-18T09:56:03.401+0000] {dag.py:3823} INFO - Setting next_dagrun for example_xcom_args to None, run_after=None
[2025-09-18T09:56:03.409+0000] {logging_mixin.py:188} INFO - [2025-09-18T09:56:03.408+0000] {dag.py:3823} INFO - Setting next_dagrun for example_xcom_args_with_operators to None, run_after=None
[2025-09-18T09:56:03.447+0000] {processor.py:183} INFO - Processing /home/airflow/.local/lib/python3.8/site-packages/airflow/example_dags/example_xcomargs.py took 0.145 seconds
[2025-09-18T09:56:33.661+0000] {processor.py:161} INFO - Started process (PID=337) to work on /home/airflow/.local/lib/python3.8/site-packages/airflow/example_dags/example_xcomargs.py
[2025-09-18T09:56:33.668+0000] {processor.py:830} INFO - Processing file /home/airflow/.local/lib/python3.8/site-packages/airflow/example_dags/example_xcomargs.py for tasks to queue
[2025-09-18T09:56:33.672+0000] {logging_mixin.py:188} INFO - [2025-09-18T09:56:33.672+0000] {dagbag.py:538} INFO - Filling up the DagBag from /home/airflow/.local/lib/python3.8/site-packages/airflow/example_dags/example_xcomargs.py
[2025-09-18T09:56:33.687+0000] {processor.py:840} INFO - DAG(s) 'example_xcom_args_with_operators', 'example_xcom_args' retrieved from /home/airflow/.local/lib/python3.8/site-packages/airflow/example_dags/example_xcomargs.py
[2025-09-18T09:56:33.736+0000] {logging_mixin.py:188} INFO - [2025-09-18T09:56:33.736+0000] {dag.py:3036} INFO - Sync 2 DAGs
[2025-09-18T09:56:33.765+0000] {logging_mixin.py:188} INFO - [2025-09-18T09:56:33.765+0000] {dag.py:3823} INFO - Setting next_dagrun for example_xcom_args to None, run_after=None
[2025-09-18T09:56:33.774+0000] {logging_mixin.py:188} INFO - [2025-09-18T09:56:33.774+0000] {dag.py:3823} INFO - Setting next_dagrun for example_xcom_args_with_operators to None, run_after=None
[2025-09-18T09:56:33.812+0000] {processor.py:183} INFO - Processing /home/airflow/.local/lib/python3.8/site-packages/airflow/example_dags/example_xcomargs.py took 0.157 seconds
[2025-09-18T09:57:04.394+0000] {processor.py:161} INFO - Started process (PID=392) to work on /home/airflow/.local/lib/python3.8/site-packages/airflow/example_dags/example_xcomargs.py
[2025-09-18T09:57:04.396+0000] {processor.py:830} INFO - Processing file /home/airflow/.local/lib/python3.8/site-packages/airflow/example_dags/example_xcomargs.py for tasks to queue
[2025-09-18T09:57:04.400+0000] {logging_mixin.py:188} INFO - [2025-09-18T09:57:04.399+0000] {dagbag.py:538} INFO - Filling up the DagBag from /home/airflow/.local/lib/python3.8/site-packages/airflow/example_dags/example_xcomargs.py
[2025-09-18T09:57:04.415+0000] {processor.py:840} INFO - DAG(s) 'example_xcom_args', 'example_xcom_args_with_operators' retrieved from /home/airflow/.local/lib/python3.8/site-packages/airflow/example_dags/example_xcomargs.py
[2025-09-18T09:57:04.464+0000] {logging_mixin.py:188} INFO - [2025-09-18T09:57:04.464+0000] {dag.py:3036} INFO - Sync 2 DAGs
[2025-09-18T09:57:04.488+0000] {logging_mixin.py:188} INFO - [2025-09-18T09:57:04.487+0000] {dag.py:3823} INFO - Setting next_dagrun for example_xcom_args to None, run_after=None
[2025-09-18T09:57:04.494+0000] {logging_mixin.py:188} INFO - [2025-09-18T09:57:04.494+0000] {dag.py:3823} INFO - Setting next_dagrun for example_xcom_args_with_operators to None, run_after=None
[2025-09-18T09:57:04.530+0000] {processor.py:183} INFO - Processing /home/airflow/.local/lib/python3.8/site-packages/airflow/example_dags/example_xcomargs.py took 0.142 seconds
[2025-09-18T09:57:34.851+0000] {processor.py:161} INFO - Started process (PID=447) to work on /home/airflow/.local/lib/python3.8/site-packages/airflow/example_dags/example_xcomargs.py
[2025-09-18T09:57:34.854+0000] {processor.py:830} INFO - Processing file /home/airflow/.local/lib/python3.8/site-packages/airflow/example_dags/example_xcomargs.py for tasks to queue
[2025-09-18T09:57:34.859+0000] {logging_mixin.py:188} INFO - [2025-09-18T09:57:34.858+0000] {dagbag.py:538} INFO - Filling up the DagBag from /home/airflow/.local/lib/python3.8/site-packages/airflow/example_dags/example_xcomargs.py
[2025-09-18T09:57:34.879+0000] {processor.py:840} INFO - DAG(s) 'example_xcom_args', 'example_xcom_args_with_operators' retrieved from /home/airflow/.local/lib/python3.8/site-packages/airflow/example_dags/example_xcomargs.py
[2025-09-18T09:57:34.947+0000] {logging_mixin.py:188} INFO - [2025-09-18T09:57:34.946+0000] {dag.py:3036} INFO - Sync 2 DAGs
[2025-09-18T09:57:34.975+0000] {logging_mixin.py:188} INFO - [2025-09-18T09:57:34.975+0000] {dag.py:3823} INFO - Setting next_dagrun for example_xcom_args to None, run_after=None
[2025-09-18T09:57:34.989+0000] {logging_mixin.py:188} INFO - [2025-09-18T09:57:34.988+0000] {dag.py:3823} INFO - Setting next_dagrun for example_xcom_args_with_operators to None, run_after=None
[2025-09-18T09:57:35.056+0000] {processor.py:183} INFO - Processing /home/airflow/.local/lib/python3.8/site-packages/airflow/example_dags/example_xcomargs.py took 0.214 seconds
[2025-09-18T09:58:05.280+0000] {processor.py:161} INFO - Started process (PID=503) to work on /home/airflow/.local/lib/python3.8/site-packages/airflow/example_dags/example_xcomargs.py
[2025-09-18T09:58:05.282+0000] {processor.py:830} INFO - Processing file /home/airflow/.local/lib/python3.8/site-packages/airflow/example_dags/example_xcomargs.py for tasks to queue
[2025-09-18T09:58:05.285+0000] {logging_mixin.py:188} INFO - [2025-09-18T09:58:05.285+0000] {dagbag.py:538} INFO - Filling up the DagBag from /home/airflow/.local/lib/python3.8/site-packages/airflow/example_dags/example_xcomargs.py
[2025-09-18T09:58:05.302+0000] {processor.py:840} INFO - DAG(s) 'example_xcom_args', 'example_xcom_args_with_operators' retrieved from /home/airflow/.local/lib/python3.8/site-packages/airflow/example_dags/example_xcomargs.py
[2025-09-18T09:58:05.348+0000] {logging_mixin.py:188} INFO - [2025-09-18T09:58:05.347+0000] {dag.py:3036} INFO - Sync 2 DAGs
[2025-09-18T09:58:05.374+0000] {logging_mixin.py:188} INFO - [2025-09-18T09:58:05.374+0000] {dag.py:3823} INFO - Setting next_dagrun for example_xcom_args to None, run_after=None
[2025-09-18T09:58:05.381+0000] {logging_mixin.py:188} INFO - [2025-09-18T09:58:05.381+0000] {dag.py:3823} INFO - Setting next_dagrun for example_xcom_args_with_operators to None, run_after=None
[2025-09-18T09:58:05.419+0000] {processor.py:183} INFO - Processing /home/airflow/.local/lib/python3.8/site-packages/airflow/example_dags/example_xcomargs.py took 0.146 seconds
[2025-09-18T09:58:35.553+0000] {processor.py:161} INFO - Started process (PID=557) to work on /home/airflow/.local/lib/python3.8/site-packages/airflow/example_dags/example_xcomargs.py
[2025-09-18T09:58:35.555+0000] {processor.py:830} INFO - Processing file /home/airflow/.local/lib/python3.8/site-packages/airflow/example_dags/example_xcomargs.py for tasks to queue
[2025-09-18T09:58:35.560+0000] {logging_mixin.py:188} INFO - [2025-09-18T09:58:35.560+0000] {dagbag.py:538} INFO - Filling up the DagBag from /home/airflow/.local/lib/python3.8/site-packages/airflow/example_dags/example_xcomargs.py
[2025-09-18T09:58:35.576+0000] {processor.py:840} INFO - DAG(s) 'example_xcom_args', 'example_xcom_args_with_operators' retrieved from /home/airflow/.local/lib/python3.8/site-packages/airflow/example_dags/example_xcomargs.py
[2025-09-18T09:58:35.619+0000] {logging_mixin.py:188} INFO - [2025-09-18T09:58:35.619+0000] {dag.py:3036} INFO - Sync 2 DAGs
[2025-09-18T09:58:35.644+0000] {logging_mixin.py:188} INFO - [2025-09-18T09:58:35.644+0000] {dag.py:3823} INFO - Setting next_dagrun for example_xcom_args to None, run_after=None
[2025-09-18T09:58:35.651+0000] {logging_mixin.py:188} INFO - [2025-09-18T09:58:35.651+0000] {dag.py:3823} INFO - Setting next_dagrun for example_xcom_args_with_operators to None, run_after=None
[2025-09-18T09:58:35.688+0000] {processor.py:183} INFO - Processing /home/airflow/.local/lib/python3.8/site-packages/airflow/example_dags/example_xcomargs.py took 0.146 seconds
[2025-09-18T09:59:05.803+0000] {processor.py:161} INFO - Started process (PID=612) to work on /home/airflow/.local/lib/python3.8/site-packages/airflow/example_dags/example_xcomargs.py
[2025-09-18T09:59:05.805+0000] {processor.py:830} INFO - Processing file /home/airflow/.local/lib/python3.8/site-packages/airflow/example_dags/example_xcomargs.py for tasks to queue
[2025-09-18T09:59:05.808+0000] {logging_mixin.py:188} INFO - [2025-09-18T09:59:05.807+0000] {dagbag.py:538} INFO - Filling up the DagBag from /home/airflow/.local/lib/python3.8/site-packages/airflow/example_dags/example_xcomargs.py
[2025-09-18T09:59:05.823+0000] {processor.py:840} INFO - DAG(s) 'example_xcom_args_with_operators', 'example_xcom_args' retrieved from /home/airflow/.local/lib/python3.8/site-packages/airflow/example_dags/example_xcomargs.py
[2025-09-18T09:59:05.868+0000] {logging_mixin.py:188} INFO - [2025-09-18T09:59:05.867+0000] {dag.py:3036} INFO - Sync 2 DAGs
[2025-09-18T09:59:05.893+0000] {logging_mixin.py:188} INFO - [2025-09-18T09:59:05.893+0000] {dag.py:3823} INFO - Setting next_dagrun for example_xcom_args to None, run_after=None
[2025-09-18T09:59:05.902+0000] {logging_mixin.py:188} INFO - [2025-09-18T09:59:05.901+0000] {dag.py:3823} INFO - Setting next_dagrun for example_xcom_args_with_operators to None, run_after=None
[2025-09-18T09:59:05.936+0000] {processor.py:183} INFO - Processing /home/airflow/.local/lib/python3.8/site-packages/airflow/example_dags/example_xcomargs.py took 0.140 seconds
[2025-09-18T09:59:36.775+0000] {processor.py:161} INFO - Started process (PID=667) to work on /home/airflow/.local/lib/python3.8/site-packages/airflow/example_dags/example_xcomargs.py
[2025-09-18T09:59:36.777+0000] {processor.py:830} INFO - Processing file /home/airflow/.local/lib/python3.8/site-packages/airflow/example_dags/example_xcomargs.py for tasks to queue
[2025-09-18T09:59:36.781+0000] {logging_mixin.py:188} INFO - [2025-09-18T09:59:36.781+0000] {dagbag.py:538} INFO - Filling up the DagBag from /home/airflow/.local/lib/python3.8/site-packages/airflow/example_dags/example_xcomargs.py
[2025-09-18T09:59:36.796+0000] {processor.py:840} INFO - DAG(s) 'example_xcom_args_with_operators', 'example_xcom_args' retrieved from /home/airflow/.local/lib/python3.8/site-packages/airflow/example_dags/example_xcomargs.py
[2025-09-18T09:59:36.841+0000] {logging_mixin.py:188} INFO - [2025-09-18T09:59:36.841+0000] {dag.py:3036} INFO - Sync 2 DAGs
[2025-09-18T09:59:36.865+0000] {logging_mixin.py:188} INFO - [2025-09-18T09:59:36.865+0000] {dag.py:3823} INFO - Setting next_dagrun for example_xcom_args to None, run_after=None
[2025-09-18T09:59:36.872+0000] {logging_mixin.py:188} INFO - [2025-09-18T09:59:36.872+0000] {dag.py:3823} INFO - Setting next_dagrun for example_xcom_args_with_operators to None, run_after=None
[2025-09-18T09:59:36.908+0000] {processor.py:183} INFO - Processing /home/airflow/.local/lib/python3.8/site-packages/airflow/example_dags/example_xcomargs.py took 0.139 seconds
[2025-09-18T10:00:07.692+0000] {processor.py:161} INFO - Started process (PID=728) to work on /home/airflow/.local/lib/python3.8/site-packages/airflow/example_dags/example_xcomargs.py
[2025-09-18T10:00:07.694+0000] {processor.py:830} INFO - Processing file /home/airflow/.local/lib/python3.8/site-packages/airflow/example_dags/example_xcomargs.py for tasks to queue
[2025-09-18T10:00:07.699+0000] {logging_mixin.py:188} INFO - [2025-09-18T10:00:07.698+0000] {dagbag.py:538} INFO - Filling up the DagBag from /home/airflow/.local/lib/python3.8/site-packages/airflow/example_dags/example_xcomargs.py
[2025-09-18T10:00:07.715+0000] {processor.py:840} INFO - DAG(s) 'example_xcom_args', 'example_xcom_args_with_operators' retrieved from /home/airflow/.local/lib/python3.8/site-packages/airflow/example_dags/example_xcomargs.py
[2025-09-18T10:00:07.766+0000] {logging_mixin.py:188} INFO - [2025-09-18T10:00:07.766+0000] {dag.py:3036} INFO - Sync 2 DAGs
[2025-09-18T10:00:07.798+0000] {logging_mixin.py:188} INFO - [2025-09-18T10:00:07.798+0000] {dag.py:3823} INFO - Setting next_dagrun for example_xcom_args to None, run_after=None
[2025-09-18T10:00:07.808+0000] {logging_mixin.py:188} INFO - [2025-09-18T10:00:07.807+0000] {dag.py:3823} INFO - Setting next_dagrun for example_xcom_args_with_operators to None, run_after=None
[2025-09-18T10:00:07.855+0000] {processor.py:183} INFO - Processing /home/airflow/.local/lib/python3.8/site-packages/airflow/example_dags/example_xcomargs.py took 0.169 seconds
[2025-09-18T10:00:38.227+0000] {processor.py:161} INFO - Started process (PID=783) to work on /home/airflow/.local/lib/python3.8/site-packages/airflow/example_dags/example_xcomargs.py
[2025-09-18T10:00:38.229+0000] {processor.py:830} INFO - Processing file /home/airflow/.local/lib/python3.8/site-packages/airflow/example_dags/example_xcomargs.py for tasks to queue
[2025-09-18T10:00:38.234+0000] {logging_mixin.py:188} INFO - [2025-09-18T10:00:38.233+0000] {dagbag.py:538} INFO - Filling up the DagBag from /home/airflow/.local/lib/python3.8/site-packages/airflow/example_dags/example_xcomargs.py
[2025-09-18T10:00:38.257+0000] {processor.py:840} INFO - DAG(s) 'example_xcom_args_with_operators', 'example_xcom_args' retrieved from /home/airflow/.local/lib/python3.8/site-packages/airflow/example_dags/example_xcomargs.py
[2025-09-18T10:00:38.308+0000] {logging_mixin.py:188} INFO - [2025-09-18T10:00:38.307+0000] {dag.py:3036} INFO - Sync 2 DAGs
[2025-09-18T10:00:38.337+0000] {logging_mixin.py:188} INFO - [2025-09-18T10:00:38.337+0000] {dag.py:3823} INFO - Setting next_dagrun for example_xcom_args to None, run_after=None
[2025-09-18T10:00:38.344+0000] {logging_mixin.py:188} INFO - [2025-09-18T10:00:38.343+0000] {dag.py:3823} INFO - Setting next_dagrun for example_xcom_args_with_operators to None, run_after=None
[2025-09-18T10:00:38.376+0000] {processor.py:183} INFO - Processing /home/airflow/.local/lib/python3.8/site-packages/airflow/example_dags/example_xcomargs.py took 0.167 seconds
[2025-09-18T10:01:09.100+0000] {processor.py:161} INFO - Started process (PID=838) to work on /home/airflow/.local/lib/python3.8/site-packages/airflow/example_dags/example_xcomargs.py
[2025-09-18T10:01:09.102+0000] {processor.py:830} INFO - Processing file /home/airflow/.local/lib/python3.8/site-packages/airflow/example_dags/example_xcomargs.py for tasks to queue
[2025-09-18T10:01:09.105+0000] {logging_mixin.py:188} INFO - [2025-09-18T10:01:09.105+0000] {dagbag.py:538} INFO - Filling up the DagBag from /home/airflow/.local/lib/python3.8/site-packages/airflow/example_dags/example_xcomargs.py
[2025-09-18T10:01:09.120+0000] {processor.py:840} INFO - DAG(s) 'example_xcom_args_with_operators', 'example_xcom_args' retrieved from /home/airflow/.local/lib/python3.8/site-packages/airflow/example_dags/example_xcomargs.py
[2025-09-18T10:01:09.167+0000] {logging_mixin.py:188} INFO - [2025-09-18T10:01:09.166+0000] {dag.py:3036} INFO - Sync 2 DAGs
[2025-09-18T10:01:09.193+0000] {logging_mixin.py:188} INFO - [2025-09-18T10:01:09.192+0000] {dag.py:3823} INFO - Setting next_dagrun for example_xcom_args to None, run_after=None
[2025-09-18T10:01:09.202+0000] {logging_mixin.py:188} INFO - [2025-09-18T10:01:09.202+0000] {dag.py:3823} INFO - Setting next_dagrun for example_xcom_args_with_operators to None, run_after=None
[2025-09-18T10:01:09.240+0000] {processor.py:183} INFO - Processing /home/airflow/.local/lib/python3.8/site-packages/airflow/example_dags/example_xcomargs.py took 0.145 seconds
[2025-09-18T10:01:39.511+0000] {processor.py:161} INFO - Started process (PID=893) to work on /home/airflow/.local/lib/python3.8/site-packages/airflow/example_dags/example_xcomargs.py
[2025-09-18T10:01:39.513+0000] {processor.py:830} INFO - Processing file /home/airflow/.local/lib/python3.8/site-packages/airflow/example_dags/example_xcomargs.py for tasks to queue
[2025-09-18T10:01:39.516+0000] {logging_mixin.py:188} INFO - [2025-09-18T10:01:39.516+0000] {dagbag.py:538} INFO - Filling up the DagBag from /home/airflow/.local/lib/python3.8/site-packages/airflow/example_dags/example_xcomargs.py
[2025-09-18T10:01:39.531+0000] {processor.py:840} INFO - DAG(s) 'example_xcom_args_with_operators', 'example_xcom_args' retrieved from /home/airflow/.local/lib/python3.8/site-packages/airflow/example_dags/example_xcomargs.py
[2025-09-18T10:01:39.576+0000] {logging_mixin.py:188} INFO - [2025-09-18T10:01:39.575+0000] {dag.py:3036} INFO - Sync 2 DAGs
[2025-09-18T10:01:39.599+0000] {logging_mixin.py:188} INFO - [2025-09-18T10:01:39.599+0000] {dag.py:3823} INFO - Setting next_dagrun for example_xcom_args to None, run_after=None
[2025-09-18T10:01:39.606+0000] {logging_mixin.py:188} INFO - [2025-09-18T10:01:39.606+0000] {dag.py:3823} INFO - Setting next_dagrun for example_xcom_args_with_operators to None, run_after=None
[2025-09-18T10:01:39.643+0000] {processor.py:183} INFO - Processing /home/airflow/.local/lib/python3.8/site-packages/airflow/example_dags/example_xcomargs.py took 0.138 seconds
[2025-09-18T10:02:09.727+0000] {processor.py:161} INFO - Started process (PID=947) to work on /home/airflow/.local/lib/python3.8/site-packages/airflow/example_dags/example_xcomargs.py
[2025-09-18T10:02:09.730+0000] {processor.py:830} INFO - Processing file /home/airflow/.local/lib/python3.8/site-packages/airflow/example_dags/example_xcomargs.py for tasks to queue
[2025-09-18T10:02:09.733+0000] {logging_mixin.py:188} INFO - [2025-09-18T10:02:09.733+0000] {dagbag.py:538} INFO - Filling up the DagBag from /home/airflow/.local/lib/python3.8/site-packages/airflow/example_dags/example_xcomargs.py
[2025-09-18T10:02:09.750+0000] {processor.py:840} INFO - DAG(s) 'example_xcom_args', 'example_xcom_args_with_operators' retrieved from /home/airflow/.local/lib/python3.8/site-packages/airflow/example_dags/example_xcomargs.py
[2025-09-18T10:02:09.801+0000] {logging_mixin.py:188} INFO - [2025-09-18T10:02:09.799+0000] {dag.py:3036} INFO - Sync 2 DAGs
[2025-09-18T10:02:09.826+0000] {logging_mixin.py:188} INFO - [2025-09-18T10:02:09.826+0000] {dag.py:3823} INFO - Setting next_dagrun for example_xcom_args to None, run_after=None
[2025-09-18T10:02:09.833+0000] {logging_mixin.py:188} INFO - [2025-09-18T10:02:09.832+0000] {dag.py:3823} INFO - Setting next_dagrun for example_xcom_args_with_operators to None, run_after=None
[2025-09-18T10:02:09.866+0000] {processor.py:183} INFO - Processing /home/airflow/.local/lib/python3.8/site-packages/airflow/example_dags/example_xcomargs.py took 0.144 seconds
[2025-09-18T10:02:40.427+0000] {processor.py:161} INFO - Started process (PID=1002) to work on /home/airflow/.local/lib/python3.8/site-packages/airflow/example_dags/example_xcomargs.py
[2025-09-18T10:02:40.431+0000] {processor.py:830} INFO - Processing file /home/airflow/.local/lib/python3.8/site-packages/airflow/example_dags/example_xcomargs.py for tasks to queue
[2025-09-18T10:02:40.435+0000] {logging_mixin.py:188} INFO - [2025-09-18T10:02:40.435+0000] {dagbag.py:538} INFO - Filling up the DagBag from /home/airflow/.local/lib/python3.8/site-packages/airflow/example_dags/example_xcomargs.py
[2025-09-18T10:02:40.452+0000] {processor.py:840} INFO - DAG(s) 'example_xcom_args', 'example_xcom_args_with_operators' retrieved from /home/airflow/.local/lib/python3.8/site-packages/airflow/example_dags/example_xcomargs.py
[2025-09-18T10:02:40.500+0000] {logging_mixin.py:188} INFO - [2025-09-18T10:02:40.499+0000] {dag.py:3036} INFO - Sync 2 DAGs
[2025-09-18T10:02:40.525+0000] {logging_mixin.py:188} INFO - [2025-09-18T10:02:40.525+0000] {dag.py:3823} INFO - Setting next_dagrun for example_xcom_args to None, run_after=None
[2025-09-18T10:02:40.533+0000] {logging_mixin.py:188} INFO - [2025-09-18T10:02:40.533+0000] {dag.py:3823} INFO - Setting next_dagrun for example_xcom_args_with_operators to None, run_after=None
[2025-09-18T10:02:40.570+0000] {processor.py:183} INFO - Processing /home/airflow/.local/lib/python3.8/site-packages/airflow/example_dags/example_xcomargs.py took 0.149 seconds
[2025-09-18T10:03:10.924+0000] {processor.py:161} INFO - Started process (PID=1057) to work on /home/airflow/.local/lib/python3.8/site-packages/airflow/example_dags/example_xcomargs.py
[2025-09-18T10:03:10.926+0000] {processor.py:830} INFO - Processing file /home/airflow/.local/lib/python3.8/site-packages/airflow/example_dags/example_xcomargs.py for tasks to queue
[2025-09-18T10:03:10.929+0000] {logging_mixin.py:188} INFO - [2025-09-18T10:03:10.929+0000] {dagbag.py:538} INFO - Filling up the DagBag from /home/airflow/.local/lib/python3.8/site-packages/airflow/example_dags/example_xcomargs.py
[2025-09-18T10:03:10.945+0000] {processor.py:840} INFO - DAG(s) 'example_xcom_args_with_operators', 'example_xcom_args' retrieved from /home/airflow/.local/lib/python3.8/site-packages/airflow/example_dags/example_xcomargs.py
[2025-09-18T10:03:10.987+0000] {logging_mixin.py:188} INFO - [2025-09-18T10:03:10.987+0000] {dag.py:3036} INFO - Sync 2 DAGs
[2025-09-18T10:03:11.013+0000] {logging_mixin.py:188} INFO - [2025-09-18T10:03:11.013+0000] {dag.py:3823} INFO - Setting next_dagrun for example_xcom_args to None, run_after=None
[2025-09-18T10:03:11.023+0000] {logging_mixin.py:188} INFO - [2025-09-18T10:03:11.023+0000] {dag.py:3823} INFO - Setting next_dagrun for example_xcom_args_with_operators to None, run_after=None
[2025-09-18T10:03:11.053+0000] {processor.py:183} INFO - Processing /home/airflow/.local/lib/python3.8/site-packages/airflow/example_dags/example_xcomargs.py took 0.135 seconds
[2025-09-18T10:03:41.238+0000] {processor.py:161} INFO - Started process (PID=1112) to work on /home/airflow/.local/lib/python3.8/site-packages/airflow/example_dags/example_xcomargs.py
[2025-09-18T10:03:41.240+0000] {processor.py:830} INFO - Processing file /home/airflow/.local/lib/python3.8/site-packages/airflow/example_dags/example_xcomargs.py for tasks to queue
[2025-09-18T10:03:41.244+0000] {logging_mixin.py:188} INFO - [2025-09-18T10:03:41.243+0000] {dagbag.py:538} INFO - Filling up the DagBag from /home/airflow/.local/lib/python3.8/site-packages/airflow/example_dags/example_xcomargs.py
[2025-09-18T10:03:41.260+0000] {processor.py:840} INFO - DAG(s) 'example_xcom_args', 'example_xcom_args_with_operators' retrieved from /home/airflow/.local/lib/python3.8/site-packages/airflow/example_dags/example_xcomargs.py
[2025-09-18T10:03:41.309+0000] {logging_mixin.py:188} INFO - [2025-09-18T10:03:41.308+0000] {dag.py:3036} INFO - Sync 2 DAGs
[2025-09-18T10:03:41.334+0000] {logging_mixin.py:188} INFO - [2025-09-18T10:03:41.333+0000] {dag.py:3823} INFO - Setting next_dagrun for example_xcom_args to None, run_after=None
[2025-09-18T10:03:41.343+0000] {logging_mixin.py:188} INFO - [2025-09-18T10:03:41.343+0000] {dag.py:3823} INFO - Setting next_dagrun for example_xcom_args_with_operators to None, run_after=None
[2025-09-18T10:03:41.377+0000] {processor.py:183} INFO - Processing /home/airflow/.local/lib/python3.8/site-packages/airflow/example_dags/example_xcomargs.py took 0.147 seconds
[2025-09-18T10:04:11.521+0000] {processor.py:161} INFO - Started process (PID=1167) to work on /home/airflow/.local/lib/python3.8/site-packages/airflow/example_dags/example_xcomargs.py
[2025-09-18T10:04:11.524+0000] {processor.py:830} INFO - Processing file /home/airflow/.local/lib/python3.8/site-packages/airflow/example_dags/example_xcomargs.py for tasks to queue
[2025-09-18T10:04:11.527+0000] {logging_mixin.py:188} INFO - [2025-09-18T10:04:11.527+0000] {dagbag.py:538} INFO - Filling up the DagBag from /home/airflow/.local/lib/python3.8/site-packages/airflow/example_dags/example_xcomargs.py
[2025-09-18T10:04:11.551+0000] {processor.py:840} INFO - DAG(s) 'example_xcom_args', 'example_xcom_args_with_operators' retrieved from /home/airflow/.local/lib/python3.8/site-packages/airflow/example_dags/example_xcomargs.py
[2025-09-18T10:04:11.608+0000] {logging_mixin.py:188} INFO - [2025-09-18T10:04:11.607+0000] {dag.py:3036} INFO - Sync 2 DAGs
[2025-09-18T10:04:11.634+0000] {logging_mixin.py:188} INFO - [2025-09-18T10:04:11.634+0000] {dag.py:3823} INFO - Setting next_dagrun for example_xcom_args to None, run_after=None
[2025-09-18T10:04:11.643+0000] {logging_mixin.py:188} INFO - [2025-09-18T10:04:11.642+0000] {dag.py:3823} INFO - Setting next_dagrun for example_xcom_args_with_operators to None, run_after=None
[2025-09-18T10:04:11.683+0000] {processor.py:183} INFO - Processing /home/airflow/.local/lib/python3.8/site-packages/airflow/example_dags/example_xcomargs.py took 0.171 seconds
[2025-09-18T10:04:42.006+0000] {processor.py:161} INFO - Started process (PID=1222) to work on /home/airflow/.local/lib/python3.8/site-packages/airflow/example_dags/example_xcomargs.py
[2025-09-18T10:04:42.009+0000] {processor.py:830} INFO - Processing file /home/airflow/.local/lib/python3.8/site-packages/airflow/example_dags/example_xcomargs.py for tasks to queue
[2025-09-18T10:04:42.012+0000] {logging_mixin.py:188} INFO - [2025-09-18T10:04:42.011+0000] {dagbag.py:538} INFO - Filling up the DagBag from /home/airflow/.local/lib/python3.8/site-packages/airflow/example_dags/example_xcomargs.py
[2025-09-18T10:04:42.028+0000] {processor.py:840} INFO - DAG(s) 'example_xcom_args', 'example_xcom_args_with_operators' retrieved from /home/airflow/.local/lib/python3.8/site-packages/airflow/example_dags/example_xcomargs.py
[2025-09-18T10:04:42.074+0000] {logging_mixin.py:188} INFO - [2025-09-18T10:04:42.073+0000] {dag.py:3036} INFO - Sync 2 DAGs
[2025-09-18T10:04:42.101+0000] {logging_mixin.py:188} INFO - [2025-09-18T10:04:42.100+0000] {dag.py:3823} INFO - Setting next_dagrun for example_xcom_args to None, run_after=None
[2025-09-18T10:04:42.109+0000] {logging_mixin.py:188} INFO - [2025-09-18T10:04:42.108+0000] {dag.py:3823} INFO - Setting next_dagrun for example_xcom_args_with_operators to None, run_after=None
[2025-09-18T10:04:42.145+0000] {processor.py:183} INFO - Processing /home/airflow/.local/lib/python3.8/site-packages/airflow/example_dags/example_xcomargs.py took 0.145 seconds
[2025-09-18T10:05:12.421+0000] {processor.py:161} INFO - Started process (PID=1277) to work on /home/airflow/.local/lib/python3.8/site-packages/airflow/example_dags/example_xcomargs.py
[2025-09-18T10:05:12.423+0000] {processor.py:830} INFO - Processing file /home/airflow/.local/lib/python3.8/site-packages/airflow/example_dags/example_xcomargs.py for tasks to queue
[2025-09-18T10:05:12.426+0000] {logging_mixin.py:188} INFO - [2025-09-18T10:05:12.426+0000] {dagbag.py:538} INFO - Filling up the DagBag from /home/airflow/.local/lib/python3.8/site-packages/airflow/example_dags/example_xcomargs.py
[2025-09-18T10:05:12.442+0000] {processor.py:840} INFO - DAG(s) 'example_xcom_args_with_operators', 'example_xcom_args' retrieved from /home/airflow/.local/lib/python3.8/site-packages/airflow/example_dags/example_xcomargs.py
[2025-09-18T10:05:12.484+0000] {logging_mixin.py:188} INFO - [2025-09-18T10:05:12.484+0000] {dag.py:3036} INFO - Sync 2 DAGs
[2025-09-18T10:05:12.508+0000] {logging_mixin.py:188} INFO - [2025-09-18T10:05:12.508+0000] {dag.py:3823} INFO - Setting next_dagrun for example_xcom_args to None, run_after=None
[2025-09-18T10:05:12.515+0000] {logging_mixin.py:188} INFO - [2025-09-18T10:05:12.515+0000] {dag.py:3823} INFO - Setting next_dagrun for example_xcom_args_with_operators to None, run_after=None
[2025-09-18T10:05:12.551+0000] {processor.py:183} INFO - Processing /home/airflow/.local/lib/python3.8/site-packages/airflow/example_dags/example_xcomargs.py took 0.137 seconds
