[2025-09-18T07:36:21.173+0000] {processor.py:161} INFO - Started process (PID=54) to work on /home/airflow/.local/lib/python3.8/site-packages/airflow/example_dags/example_short_circuit_operator.py
[2025-09-18T07:36:21.188+0000] {processor.py:830} INFO - Processing file /home/airflow/.local/lib/python3.8/site-packages/airflow/example_dags/example_short_circuit_operator.py for tasks to queue
[2025-09-18T07:36:21.218+0000] {logging_mixin.py:188} INFO - [2025-09-18T07:36:21.215+0000] {dagbag.py:538} INFO - Filling up the DagBag from /home/airflow/.local/lib/python3.8/site-packages/airflow/example_dags/example_short_circuit_operator.py
[2025-09-18T07:36:21.306+0000] {processor.py:840} INFO - DAG(s) 'example_short_circuit_operator' retrieved from /home/airflow/.local/lib/python3.8/site-packages/airflow/example_dags/example_short_circuit_operator.py
[2025-09-18T07:36:21.706+0000] {logging_mixin.py:188} INFO - [2025-09-18T07:36:21.704+0000] {override.py:1769} INFO - Created Permission View: can read on DAG:example_short_circuit_operator
[2025-09-18T07:36:21.737+0000] {logging_mixin.py:188} INFO - [2025-09-18T07:36:21.736+0000] {override.py:1769} INFO - Created Permission View: can delete on DAG:example_short_circuit_operator
[2025-09-18T07:36:21.756+0000] {logging_mixin.py:188} INFO - [2025-09-18T07:36:21.755+0000] {override.py:1769} INFO - Created Permission View: can edit on DAG:example_short_circuit_operator
[2025-09-18T07:36:21.757+0000] {logging_mixin.py:188} INFO - [2025-09-18T07:36:21.757+0000] {dag.py:3036} INFO - Sync 1 DAGs
[2025-09-18T07:36:21.814+0000] {logging_mixin.py:188} INFO - [2025-09-18T07:36:21.814+0000] {dag.py:3058} INFO - Creating ORM DAG for example_short_circuit_operator
[2025-09-18T07:36:21.864+0000] {logging_mixin.py:188} INFO - [2025-09-18T07:36:21.863+0000] {dag.py:3823} INFO - Setting next_dagrun for example_short_circuit_operator to 2025-09-17 00:00:00+00:00, run_after=2025-09-18 00:00:00+00:00
[2025-09-18T07:36:21.915+0000] {processor.py:183} INFO - Processing /home/airflow/.local/lib/python3.8/site-packages/airflow/example_dags/example_short_circuit_operator.py took 0.880 seconds
[2025-09-18T07:36:52.198+0000] {processor.py:161} INFO - Started process (PID=109) to work on /home/airflow/.local/lib/python3.8/site-packages/airflow/example_dags/example_short_circuit_operator.py
[2025-09-18T07:36:52.200+0000] {processor.py:830} INFO - Processing file /home/airflow/.local/lib/python3.8/site-packages/airflow/example_dags/example_short_circuit_operator.py for tasks to queue
[2025-09-18T07:36:52.205+0000] {logging_mixin.py:188} INFO - [2025-09-18T07:36:52.203+0000] {dagbag.py:538} INFO - Filling up the DagBag from /home/airflow/.local/lib/python3.8/site-packages/airflow/example_dags/example_short_circuit_operator.py
[2025-09-18T07:36:52.240+0000] {processor.py:840} INFO - DAG(s) 'example_short_circuit_operator' retrieved from /home/airflow/.local/lib/python3.8/site-packages/airflow/example_dags/example_short_circuit_operator.py
[2025-09-18T07:36:52.293+0000] {logging_mixin.py:188} INFO - [2025-09-18T07:36:52.292+0000] {dag.py:3036} INFO - Sync 1 DAGs
[2025-09-18T07:36:52.360+0000] {logging_mixin.py:188} INFO - [2025-09-18T07:36:52.359+0000] {dag.py:3823} INFO - Setting next_dagrun for example_short_circuit_operator to 2025-09-17 00:00:00+00:00, run_after=2025-09-18 00:00:00+00:00
[2025-09-18T07:36:52.425+0000] {processor.py:183} INFO - Processing /home/airflow/.local/lib/python3.8/site-packages/airflow/example_dags/example_short_circuit_operator.py took 0.237 seconds
[2025-09-18T07:37:22.512+0000] {processor.py:161} INFO - Started process (PID=163) to work on /home/airflow/.local/lib/python3.8/site-packages/airflow/example_dags/example_short_circuit_operator.py
[2025-09-18T07:37:22.514+0000] {processor.py:830} INFO - Processing file /home/airflow/.local/lib/python3.8/site-packages/airflow/example_dags/example_short_circuit_operator.py for tasks to queue
[2025-09-18T07:37:22.518+0000] {logging_mixin.py:188} INFO - [2025-09-18T07:37:22.517+0000] {dagbag.py:538} INFO - Filling up the DagBag from /home/airflow/.local/lib/python3.8/site-packages/airflow/example_dags/example_short_circuit_operator.py
[2025-09-18T07:37:22.533+0000] {processor.py:840} INFO - DAG(s) 'example_short_circuit_operator' retrieved from /home/airflow/.local/lib/python3.8/site-packages/airflow/example_dags/example_short_circuit_operator.py
[2025-09-18T07:37:22.586+0000] {logging_mixin.py:188} INFO - [2025-09-18T07:37:22.585+0000] {dag.py:3036} INFO - Sync 1 DAGs
[2025-09-18T07:37:22.643+0000] {logging_mixin.py:188} INFO - [2025-09-18T07:37:22.643+0000] {dag.py:3823} INFO - Setting next_dagrun for example_short_circuit_operator to 2025-09-17 00:00:00+00:00, run_after=2025-09-18 00:00:00+00:00
[2025-09-18T07:37:22.693+0000] {processor.py:183} INFO - Processing /home/airflow/.local/lib/python3.8/site-packages/airflow/example_dags/example_short_circuit_operator.py took 0.188 seconds
[2025-09-18T07:37:53.154+0000] {processor.py:161} INFO - Started process (PID=218) to work on /home/airflow/.local/lib/python3.8/site-packages/airflow/example_dags/example_short_circuit_operator.py
[2025-09-18T07:37:53.156+0000] {processor.py:830} INFO - Processing file /home/airflow/.local/lib/python3.8/site-packages/airflow/example_dags/example_short_circuit_operator.py for tasks to queue
[2025-09-18T07:37:53.159+0000] {logging_mixin.py:188} INFO - [2025-09-18T07:37:53.159+0000] {dagbag.py:538} INFO - Filling up the DagBag from /home/airflow/.local/lib/python3.8/site-packages/airflow/example_dags/example_short_circuit_operator.py
[2025-09-18T07:37:53.173+0000] {processor.py:840} INFO - DAG(s) 'example_short_circuit_operator' retrieved from /home/airflow/.local/lib/python3.8/site-packages/airflow/example_dags/example_short_circuit_operator.py
[2025-09-18T07:37:53.218+0000] {logging_mixin.py:188} INFO - [2025-09-18T07:37:53.217+0000] {dag.py:3036} INFO - Sync 1 DAGs
[2025-09-18T07:37:53.256+0000] {logging_mixin.py:188} INFO - [2025-09-18T07:37:53.256+0000] {dag.py:3823} INFO - Setting next_dagrun for example_short_circuit_operator to 2025-09-17 00:00:00+00:00, run_after=2025-09-18 00:00:00+00:00
[2025-09-18T07:37:53.292+0000] {processor.py:183} INFO - Processing /home/airflow/.local/lib/python3.8/site-packages/airflow/example_dags/example_short_circuit_operator.py took 0.144 seconds
[2025-09-18T07:38:24.574+0000] {processor.py:161} INFO - Started process (PID=274) to work on /home/airflow/.local/lib/python3.8/site-packages/airflow/example_dags/example_short_circuit_operator.py
[2025-09-18T07:38:24.577+0000] {processor.py:830} INFO - Processing file /home/airflow/.local/lib/python3.8/site-packages/airflow/example_dags/example_short_circuit_operator.py for tasks to queue
[2025-09-18T07:38:24.586+0000] {logging_mixin.py:188} INFO - [2025-09-18T07:38:24.585+0000] {dagbag.py:538} INFO - Filling up the DagBag from /home/airflow/.local/lib/python3.8/site-packages/airflow/example_dags/example_short_circuit_operator.py
[2025-09-18T07:38:24.617+0000] {processor.py:840} INFO - DAG(s) 'example_short_circuit_operator' retrieved from /home/airflow/.local/lib/python3.8/site-packages/airflow/example_dags/example_short_circuit_operator.py
[2025-09-18T07:38:24.732+0000] {logging_mixin.py:188} INFO - [2025-09-18T07:38:24.732+0000] {dag.py:3036} INFO - Sync 1 DAGs
[2025-09-18T07:38:24.836+0000] {logging_mixin.py:188} INFO - [2025-09-18T07:38:24.836+0000] {dag.py:3823} INFO - Setting next_dagrun for example_short_circuit_operator to 2025-09-17 00:00:00+00:00, run_after=2025-09-18 00:00:00+00:00
[2025-09-18T07:38:25.035+0000] {processor.py:183} INFO - Processing /home/airflow/.local/lib/python3.8/site-packages/airflow/example_dags/example_short_circuit_operator.py took 0.478 seconds
[2025-09-18T07:38:55.939+0000] {processor.py:161} INFO - Started process (PID=328) to work on /home/airflow/.local/lib/python3.8/site-packages/airflow/example_dags/example_short_circuit_operator.py
[2025-09-18T07:38:55.946+0000] {processor.py:830} INFO - Processing file /home/airflow/.local/lib/python3.8/site-packages/airflow/example_dags/example_short_circuit_operator.py for tasks to queue
[2025-09-18T07:38:55.950+0000] {logging_mixin.py:188} INFO - [2025-09-18T07:38:55.949+0000] {dagbag.py:538} INFO - Filling up the DagBag from /home/airflow/.local/lib/python3.8/site-packages/airflow/example_dags/example_short_circuit_operator.py
[2025-09-18T07:38:55.964+0000] {processor.py:840} INFO - DAG(s) 'example_short_circuit_operator' retrieved from /home/airflow/.local/lib/python3.8/site-packages/airflow/example_dags/example_short_circuit_operator.py
[2025-09-18T07:38:56.032+0000] {logging_mixin.py:188} INFO - [2025-09-18T07:38:56.032+0000] {dag.py:3036} INFO - Sync 1 DAGs
[2025-09-18T07:38:56.076+0000] {logging_mixin.py:188} INFO - [2025-09-18T07:38:56.076+0000] {dag.py:3823} INFO - Setting next_dagrun for example_short_circuit_operator to 2025-09-17 00:00:00+00:00, run_after=2025-09-18 00:00:00+00:00
[2025-09-18T07:38:56.122+0000] {processor.py:183} INFO - Processing /home/airflow/.local/lib/python3.8/site-packages/airflow/example_dags/example_short_circuit_operator.py took 0.188 seconds
[2025-09-18T07:39:26.584+0000] {processor.py:161} INFO - Started process (PID=382) to work on /home/airflow/.local/lib/python3.8/site-packages/airflow/example_dags/example_short_circuit_operator.py
[2025-09-18T07:39:26.586+0000] {processor.py:830} INFO - Processing file /home/airflow/.local/lib/python3.8/site-packages/airflow/example_dags/example_short_circuit_operator.py for tasks to queue
[2025-09-18T07:39:26.590+0000] {logging_mixin.py:188} INFO - [2025-09-18T07:39:26.590+0000] {dagbag.py:538} INFO - Filling up the DagBag from /home/airflow/.local/lib/python3.8/site-packages/airflow/example_dags/example_short_circuit_operator.py
[2025-09-18T07:39:26.607+0000] {processor.py:840} INFO - DAG(s) 'example_short_circuit_operator' retrieved from /home/airflow/.local/lib/python3.8/site-packages/airflow/example_dags/example_short_circuit_operator.py
[2025-09-18T07:39:26.655+0000] {logging_mixin.py:188} INFO - [2025-09-18T07:39:26.654+0000] {dag.py:3036} INFO - Sync 1 DAGs
[2025-09-18T07:39:26.698+0000] {logging_mixin.py:188} INFO - [2025-09-18T07:39:26.698+0000] {dag.py:3823} INFO - Setting next_dagrun for example_short_circuit_operator to 2025-09-17 00:00:00+00:00, run_after=2025-09-18 00:00:00+00:00
[2025-09-18T07:39:26.747+0000] {processor.py:183} INFO - Processing /home/airflow/.local/lib/python3.8/site-packages/airflow/example_dags/example_short_circuit_operator.py took 0.170 seconds
[2025-09-18T07:39:57.159+0000] {processor.py:161} INFO - Started process (PID=437) to work on /home/airflow/.local/lib/python3.8/site-packages/airflow/example_dags/example_short_circuit_operator.py
[2025-09-18T07:39:57.166+0000] {processor.py:830} INFO - Processing file /home/airflow/.local/lib/python3.8/site-packages/airflow/example_dags/example_short_circuit_operator.py for tasks to queue
[2025-09-18T07:39:57.176+0000] {logging_mixin.py:188} INFO - [2025-09-18T07:39:57.175+0000] {dagbag.py:538} INFO - Filling up the DagBag from /home/airflow/.local/lib/python3.8/site-packages/airflow/example_dags/example_short_circuit_operator.py
[2025-09-18T07:39:57.217+0000] {processor.py:840} INFO - DAG(s) 'example_short_circuit_operator' retrieved from /home/airflow/.local/lib/python3.8/site-packages/airflow/example_dags/example_short_circuit_operator.py
[2025-09-18T07:39:57.316+0000] {logging_mixin.py:188} INFO - [2025-09-18T07:39:57.316+0000] {dag.py:3036} INFO - Sync 1 DAGs
[2025-09-18T07:39:57.447+0000] {logging_mixin.py:188} INFO - [2025-09-18T07:39:57.446+0000] {dag.py:3823} INFO - Setting next_dagrun for example_short_circuit_operator to 2025-09-17 00:00:00+00:00, run_after=2025-09-18 00:00:00+00:00
[2025-09-18T07:39:57.557+0000] {processor.py:183} INFO - Processing /home/airflow/.local/lib/python3.8/site-packages/airflow/example_dags/example_short_circuit_operator.py took 0.407 seconds
[2025-09-18T07:40:28.408+0000] {processor.py:161} INFO - Started process (PID=493) to work on /home/airflow/.local/lib/python3.8/site-packages/airflow/example_dags/example_short_circuit_operator.py
[2025-09-18T07:40:28.410+0000] {processor.py:830} INFO - Processing file /home/airflow/.local/lib/python3.8/site-packages/airflow/example_dags/example_short_circuit_operator.py for tasks to queue
[2025-09-18T07:40:28.414+0000] {logging_mixin.py:188} INFO - [2025-09-18T07:40:28.413+0000] {dagbag.py:538} INFO - Filling up the DagBag from /home/airflow/.local/lib/python3.8/site-packages/airflow/example_dags/example_short_circuit_operator.py
[2025-09-18T07:40:28.429+0000] {processor.py:840} INFO - DAG(s) 'example_short_circuit_operator' retrieved from /home/airflow/.local/lib/python3.8/site-packages/airflow/example_dags/example_short_circuit_operator.py
[2025-09-18T07:40:28.473+0000] {logging_mixin.py:188} INFO - [2025-09-18T07:40:28.473+0000] {dag.py:3036} INFO - Sync 1 DAGs
[2025-09-18T07:40:28.519+0000] {logging_mixin.py:188} INFO - [2025-09-18T07:40:28.519+0000] {dag.py:3823} INFO - Setting next_dagrun for example_short_circuit_operator to 2025-09-17 00:00:00+00:00, run_after=2025-09-18 00:00:00+00:00
[2025-09-18T07:40:28.557+0000] {processor.py:183} INFO - Processing /home/airflow/.local/lib/python3.8/site-packages/airflow/example_dags/example_short_circuit_operator.py took 0.154 seconds
[2025-09-18T07:40:58.749+0000] {processor.py:161} INFO - Started process (PID=548) to work on /home/airflow/.local/lib/python3.8/site-packages/airflow/example_dags/example_short_circuit_operator.py
[2025-09-18T07:40:58.752+0000] {processor.py:830} INFO - Processing file /home/airflow/.local/lib/python3.8/site-packages/airflow/example_dags/example_short_circuit_operator.py for tasks to queue
[2025-09-18T07:40:58.756+0000] {logging_mixin.py:188} INFO - [2025-09-18T07:40:58.756+0000] {dagbag.py:538} INFO - Filling up the DagBag from /home/airflow/.local/lib/python3.8/site-packages/airflow/example_dags/example_short_circuit_operator.py
[2025-09-18T07:40:58.782+0000] {processor.py:840} INFO - DAG(s) 'example_short_circuit_operator' retrieved from /home/airflow/.local/lib/python3.8/site-packages/airflow/example_dags/example_short_circuit_operator.py
[2025-09-18T07:40:58.845+0000] {logging_mixin.py:188} INFO - [2025-09-18T07:40:58.844+0000] {dag.py:3036} INFO - Sync 1 DAGs
[2025-09-18T07:40:58.905+0000] {logging_mixin.py:188} INFO - [2025-09-18T07:40:58.904+0000] {dag.py:3823} INFO - Setting next_dagrun for example_short_circuit_operator to 2025-09-17 00:00:00+00:00, run_after=2025-09-18 00:00:00+00:00
[2025-09-18T07:40:58.957+0000] {processor.py:183} INFO - Processing /home/airflow/.local/lib/python3.8/site-packages/airflow/example_dags/example_short_circuit_operator.py took 0.216 seconds
[2025-09-18T07:41:29.022+0000] {processor.py:161} INFO - Started process (PID=603) to work on /home/airflow/.local/lib/python3.8/site-packages/airflow/example_dags/example_short_circuit_operator.py
[2025-09-18T07:41:29.024+0000] {processor.py:830} INFO - Processing file /home/airflow/.local/lib/python3.8/site-packages/airflow/example_dags/example_short_circuit_operator.py for tasks to queue
[2025-09-18T07:41:29.028+0000] {logging_mixin.py:188} INFO - [2025-09-18T07:41:29.028+0000] {dagbag.py:538} INFO - Filling up the DagBag from /home/airflow/.local/lib/python3.8/site-packages/airflow/example_dags/example_short_circuit_operator.py
[2025-09-18T07:41:29.042+0000] {processor.py:840} INFO - DAG(s) 'example_short_circuit_operator' retrieved from /home/airflow/.local/lib/python3.8/site-packages/airflow/example_dags/example_short_circuit_operator.py
[2025-09-18T07:41:29.087+0000] {logging_mixin.py:188} INFO - [2025-09-18T07:41:29.087+0000] {dag.py:3036} INFO - Sync 1 DAGs
[2025-09-18T07:41:29.136+0000] {logging_mixin.py:188} INFO - [2025-09-18T07:41:29.136+0000] {dag.py:3823} INFO - Setting next_dagrun for example_short_circuit_operator to 2025-09-17 00:00:00+00:00, run_after=2025-09-18 00:00:00+00:00
[2025-09-18T07:41:29.173+0000] {processor.py:183} INFO - Processing /home/airflow/.local/lib/python3.8/site-packages/airflow/example_dags/example_short_circuit_operator.py took 0.158 seconds
[2025-09-18T07:42:00.068+0000] {processor.py:161} INFO - Started process (PID=658) to work on /home/airflow/.local/lib/python3.8/site-packages/airflow/example_dags/example_short_circuit_operator.py
[2025-09-18T07:42:00.072+0000] {processor.py:830} INFO - Processing file /home/airflow/.local/lib/python3.8/site-packages/airflow/example_dags/example_short_circuit_operator.py for tasks to queue
[2025-09-18T07:42:00.078+0000] {logging_mixin.py:188} INFO - [2025-09-18T07:42:00.077+0000] {dagbag.py:538} INFO - Filling up the DagBag from /home/airflow/.local/lib/python3.8/site-packages/airflow/example_dags/example_short_circuit_operator.py
[2025-09-18T07:42:00.096+0000] {processor.py:840} INFO - DAG(s) 'example_short_circuit_operator' retrieved from /home/airflow/.local/lib/python3.8/site-packages/airflow/example_dags/example_short_circuit_operator.py
[2025-09-18T07:42:00.153+0000] {logging_mixin.py:188} INFO - [2025-09-18T07:42:00.153+0000] {dag.py:3036} INFO - Sync 1 DAGs
[2025-09-18T07:42:00.207+0000] {logging_mixin.py:188} INFO - [2025-09-18T07:42:00.207+0000] {dag.py:3823} INFO - Setting next_dagrun for example_short_circuit_operator to 2025-09-17 00:00:00+00:00, run_after=2025-09-18 00:00:00+00:00
[2025-09-18T07:42:00.254+0000] {processor.py:183} INFO - Processing /home/airflow/.local/lib/python3.8/site-packages/airflow/example_dags/example_short_circuit_operator.py took 0.194 seconds
[2025-09-18T07:42:30.395+0000] {processor.py:161} INFO - Started process (PID=713) to work on /home/airflow/.local/lib/python3.8/site-packages/airflow/example_dags/example_short_circuit_operator.py
[2025-09-18T07:42:30.397+0000] {processor.py:830} INFO - Processing file /home/airflow/.local/lib/python3.8/site-packages/airflow/example_dags/example_short_circuit_operator.py for tasks to queue
[2025-09-18T07:42:30.400+0000] {logging_mixin.py:188} INFO - [2025-09-18T07:42:30.399+0000] {dagbag.py:538} INFO - Filling up the DagBag from /home/airflow/.local/lib/python3.8/site-packages/airflow/example_dags/example_short_circuit_operator.py
[2025-09-18T07:42:30.413+0000] {processor.py:840} INFO - DAG(s) 'example_short_circuit_operator' retrieved from /home/airflow/.local/lib/python3.8/site-packages/airflow/example_dags/example_short_circuit_operator.py
[2025-09-18T07:42:30.454+0000] {logging_mixin.py:188} INFO - [2025-09-18T07:42:30.453+0000] {dag.py:3036} INFO - Sync 1 DAGs
[2025-09-18T07:42:30.494+0000] {logging_mixin.py:188} INFO - [2025-09-18T07:42:30.493+0000] {dag.py:3823} INFO - Setting next_dagrun for example_short_circuit_operator to 2025-09-17 00:00:00+00:00, run_after=2025-09-18 00:00:00+00:00
[2025-09-18T07:42:30.530+0000] {processor.py:183} INFO - Processing /home/airflow/.local/lib/python3.8/site-packages/airflow/example_dags/example_short_circuit_operator.py took 0.141 seconds
[2025-09-18T07:43:00.687+0000] {processor.py:161} INFO - Started process (PID=768) to work on /home/airflow/.local/lib/python3.8/site-packages/airflow/example_dags/example_short_circuit_operator.py
[2025-09-18T07:43:00.689+0000] {processor.py:830} INFO - Processing file /home/airflow/.local/lib/python3.8/site-packages/airflow/example_dags/example_short_circuit_operator.py for tasks to queue
[2025-09-18T07:43:00.693+0000] {logging_mixin.py:188} INFO - [2025-09-18T07:43:00.692+0000] {dagbag.py:538} INFO - Filling up the DagBag from /home/airflow/.local/lib/python3.8/site-packages/airflow/example_dags/example_short_circuit_operator.py
[2025-09-18T07:43:00.706+0000] {processor.py:840} INFO - DAG(s) 'example_short_circuit_operator' retrieved from /home/airflow/.local/lib/python3.8/site-packages/airflow/example_dags/example_short_circuit_operator.py
[2025-09-18T07:43:00.748+0000] {logging_mixin.py:188} INFO - [2025-09-18T07:43:00.748+0000] {dag.py:3036} INFO - Sync 1 DAGs
[2025-09-18T07:43:00.790+0000] {logging_mixin.py:188} INFO - [2025-09-18T07:43:00.790+0000] {dag.py:3823} INFO - Setting next_dagrun for example_short_circuit_operator to 2025-09-17 00:00:00+00:00, run_after=2025-09-18 00:00:00+00:00
[2025-09-18T07:43:00.828+0000] {processor.py:183} INFO - Processing /home/airflow/.local/lib/python3.8/site-packages/airflow/example_dags/example_short_circuit_operator.py took 0.146 seconds
[2025-09-18T07:43:30.956+0000] {processor.py:161} INFO - Started process (PID=823) to work on /home/airflow/.local/lib/python3.8/site-packages/airflow/example_dags/example_short_circuit_operator.py
[2025-09-18T07:43:30.958+0000] {processor.py:830} INFO - Processing file /home/airflow/.local/lib/python3.8/site-packages/airflow/example_dags/example_short_circuit_operator.py for tasks to queue
[2025-09-18T07:43:30.962+0000] {logging_mixin.py:188} INFO - [2025-09-18T07:43:30.961+0000] {dagbag.py:538} INFO - Filling up the DagBag from /home/airflow/.local/lib/python3.8/site-packages/airflow/example_dags/example_short_circuit_operator.py
[2025-09-18T07:43:30.978+0000] {processor.py:840} INFO - DAG(s) 'example_short_circuit_operator' retrieved from /home/airflow/.local/lib/python3.8/site-packages/airflow/example_dags/example_short_circuit_operator.py
[2025-09-18T07:43:31.027+0000] {logging_mixin.py:188} INFO - [2025-09-18T07:43:31.026+0000] {dag.py:3036} INFO - Sync 1 DAGs
[2025-09-18T07:43:31.083+0000] {logging_mixin.py:188} INFO - [2025-09-18T07:43:31.082+0000] {dag.py:3823} INFO - Setting next_dagrun for example_short_circuit_operator to 2025-09-17 00:00:00+00:00, run_after=2025-09-18 00:00:00+00:00
[2025-09-18T07:43:31.125+0000] {processor.py:183} INFO - Processing /home/airflow/.local/lib/python3.8/site-packages/airflow/example_dags/example_short_circuit_operator.py took 0.175 seconds
[2025-09-18T07:44:01.855+0000] {processor.py:161} INFO - Started process (PID=878) to work on /home/airflow/.local/lib/python3.8/site-packages/airflow/example_dags/example_short_circuit_operator.py
[2025-09-18T07:44:01.857+0000] {processor.py:830} INFO - Processing file /home/airflow/.local/lib/python3.8/site-packages/airflow/example_dags/example_short_circuit_operator.py for tasks to queue
[2025-09-18T07:44:01.861+0000] {logging_mixin.py:188} INFO - [2025-09-18T07:44:01.861+0000] {dagbag.py:538} INFO - Filling up the DagBag from /home/airflow/.local/lib/python3.8/site-packages/airflow/example_dags/example_short_circuit_operator.py
[2025-09-18T07:44:01.876+0000] {processor.py:840} INFO - DAG(s) 'example_short_circuit_operator' retrieved from /home/airflow/.local/lib/python3.8/site-packages/airflow/example_dags/example_short_circuit_operator.py
[2025-09-18T07:44:01.923+0000] {logging_mixin.py:188} INFO - [2025-09-18T07:44:01.922+0000] {dag.py:3036} INFO - Sync 1 DAGs
[2025-09-18T07:44:01.968+0000] {logging_mixin.py:188} INFO - [2025-09-18T07:44:01.968+0000] {dag.py:3823} INFO - Setting next_dagrun for example_short_circuit_operator to 2025-09-17 00:00:00+00:00, run_after=2025-09-18 00:00:00+00:00
[2025-09-18T07:44:02.012+0000] {processor.py:183} INFO - Processing /home/airflow/.local/lib/python3.8/site-packages/airflow/example_dags/example_short_circuit_operator.py took 0.164 seconds
[2025-09-18T07:44:32.413+0000] {processor.py:161} INFO - Started process (PID=933) to work on /home/airflow/.local/lib/python3.8/site-packages/airflow/example_dags/example_short_circuit_operator.py
[2025-09-18T07:44:32.416+0000] {processor.py:830} INFO - Processing file /home/airflow/.local/lib/python3.8/site-packages/airflow/example_dags/example_short_circuit_operator.py for tasks to queue
[2025-09-18T07:44:32.421+0000] {logging_mixin.py:188} INFO - [2025-09-18T07:44:32.420+0000] {dagbag.py:538} INFO - Filling up the DagBag from /home/airflow/.local/lib/python3.8/site-packages/airflow/example_dags/example_short_circuit_operator.py
[2025-09-18T07:44:32.436+0000] {processor.py:840} INFO - DAG(s) 'example_short_circuit_operator' retrieved from /home/airflow/.local/lib/python3.8/site-packages/airflow/example_dags/example_short_circuit_operator.py
[2025-09-18T07:44:32.483+0000] {logging_mixin.py:188} INFO - [2025-09-18T07:44:32.482+0000] {dag.py:3036} INFO - Sync 1 DAGs
[2025-09-18T07:44:32.540+0000] {logging_mixin.py:188} INFO - [2025-09-18T07:44:32.540+0000] {dag.py:3823} INFO - Setting next_dagrun for example_short_circuit_operator to 2025-09-17 00:00:00+00:00, run_after=2025-09-18 00:00:00+00:00
[2025-09-18T07:44:32.580+0000] {processor.py:183} INFO - Processing /home/airflow/.local/lib/python3.8/site-packages/airflow/example_dags/example_short_circuit_operator.py took 0.173 seconds
[2025-09-18T07:45:03.239+0000] {processor.py:161} INFO - Started process (PID=988) to work on /home/airflow/.local/lib/python3.8/site-packages/airflow/example_dags/example_short_circuit_operator.py
[2025-09-18T07:45:03.242+0000] {processor.py:830} INFO - Processing file /home/airflow/.local/lib/python3.8/site-packages/airflow/example_dags/example_short_circuit_operator.py for tasks to queue
[2025-09-18T07:45:03.249+0000] {logging_mixin.py:188} INFO - [2025-09-18T07:45:03.248+0000] {dagbag.py:538} INFO - Filling up the DagBag from /home/airflow/.local/lib/python3.8/site-packages/airflow/example_dags/example_short_circuit_operator.py
[2025-09-18T07:45:03.274+0000] {processor.py:840} INFO - DAG(s) 'example_short_circuit_operator' retrieved from /home/airflow/.local/lib/python3.8/site-packages/airflow/example_dags/example_short_circuit_operator.py
[2025-09-18T07:45:03.344+0000] {logging_mixin.py:188} INFO - [2025-09-18T07:45:03.343+0000] {dag.py:3036} INFO - Sync 1 DAGs
[2025-09-18T07:45:03.405+0000] {logging_mixin.py:188} INFO - [2025-09-18T07:45:03.405+0000] {dag.py:3823} INFO - Setting next_dagrun for example_short_circuit_operator to 2025-09-17 00:00:00+00:00, run_after=2025-09-18 00:00:00+00:00
[2025-09-18T07:45:03.466+0000] {processor.py:183} INFO - Processing /home/airflow/.local/lib/python3.8/site-packages/airflow/example_dags/example_short_circuit_operator.py took 0.238 seconds
[2025-09-18T07:45:33.713+0000] {processor.py:161} INFO - Started process (PID=1043) to work on /home/airflow/.local/lib/python3.8/site-packages/airflow/example_dags/example_short_circuit_operator.py
[2025-09-18T07:45:33.715+0000] {processor.py:830} INFO - Processing file /home/airflow/.local/lib/python3.8/site-packages/airflow/example_dags/example_short_circuit_operator.py for tasks to queue
[2025-09-18T07:45:33.719+0000] {logging_mixin.py:188} INFO - [2025-09-18T07:45:33.718+0000] {dagbag.py:538} INFO - Filling up the DagBag from /home/airflow/.local/lib/python3.8/site-packages/airflow/example_dags/example_short_circuit_operator.py
[2025-09-18T07:45:33.732+0000] {processor.py:840} INFO - DAG(s) 'example_short_circuit_operator' retrieved from /home/airflow/.local/lib/python3.8/site-packages/airflow/example_dags/example_short_circuit_operator.py
[2025-09-18T07:45:33.774+0000] {logging_mixin.py:188} INFO - [2025-09-18T07:45:33.774+0000] {dag.py:3036} INFO - Sync 1 DAGs
[2025-09-18T07:45:33.815+0000] {logging_mixin.py:188} INFO - [2025-09-18T07:45:33.815+0000] {dag.py:3823} INFO - Setting next_dagrun for example_short_circuit_operator to 2025-09-17 00:00:00+00:00, run_after=2025-09-18 00:00:00+00:00
[2025-09-18T07:45:33.852+0000] {processor.py:183} INFO - Processing /home/airflow/.local/lib/python3.8/site-packages/airflow/example_dags/example_short_circuit_operator.py took 0.145 seconds
[2025-09-18T07:46:04.226+0000] {processor.py:161} INFO - Started process (PID=1098) to work on /home/airflow/.local/lib/python3.8/site-packages/airflow/example_dags/example_short_circuit_operator.py
[2025-09-18T07:46:04.229+0000] {processor.py:830} INFO - Processing file /home/airflow/.local/lib/python3.8/site-packages/airflow/example_dags/example_short_circuit_operator.py for tasks to queue
[2025-09-18T07:46:04.233+0000] {logging_mixin.py:188} INFO - [2025-09-18T07:46:04.232+0000] {dagbag.py:538} INFO - Filling up the DagBag from /home/airflow/.local/lib/python3.8/site-packages/airflow/example_dags/example_short_circuit_operator.py
[2025-09-18T07:46:04.250+0000] {processor.py:840} INFO - DAG(s) 'example_short_circuit_operator' retrieved from /home/airflow/.local/lib/python3.8/site-packages/airflow/example_dags/example_short_circuit_operator.py
[2025-09-18T07:46:04.299+0000] {logging_mixin.py:188} INFO - [2025-09-18T07:46:04.298+0000] {dag.py:3036} INFO - Sync 1 DAGs
[2025-09-18T07:46:04.342+0000] {logging_mixin.py:188} INFO - [2025-09-18T07:46:04.341+0000] {dag.py:3823} INFO - Setting next_dagrun for example_short_circuit_operator to 2025-09-17 00:00:00+00:00, run_after=2025-09-18 00:00:00+00:00
[2025-09-18T07:46:04.387+0000] {processor.py:183} INFO - Processing /home/airflow/.local/lib/python3.8/site-packages/airflow/example_dags/example_short_circuit_operator.py took 0.166 seconds
[2025-09-18T07:46:34.502+0000] {processor.py:161} INFO - Started process (PID=1153) to work on /home/airflow/.local/lib/python3.8/site-packages/airflow/example_dags/example_short_circuit_operator.py
[2025-09-18T07:46:34.504+0000] {processor.py:830} INFO - Processing file /home/airflow/.local/lib/python3.8/site-packages/airflow/example_dags/example_short_circuit_operator.py for tasks to queue
[2025-09-18T07:46:34.508+0000] {logging_mixin.py:188} INFO - [2025-09-18T07:46:34.507+0000] {dagbag.py:538} INFO - Filling up the DagBag from /home/airflow/.local/lib/python3.8/site-packages/airflow/example_dags/example_short_circuit_operator.py
[2025-09-18T07:46:34.523+0000] {processor.py:840} INFO - DAG(s) 'example_short_circuit_operator' retrieved from /home/airflow/.local/lib/python3.8/site-packages/airflow/example_dags/example_short_circuit_operator.py
[2025-09-18T07:46:34.571+0000] {logging_mixin.py:188} INFO - [2025-09-18T07:46:34.571+0000] {dag.py:3036} INFO - Sync 1 DAGs
[2025-09-18T07:46:34.616+0000] {logging_mixin.py:188} INFO - [2025-09-18T07:46:34.616+0000] {dag.py:3823} INFO - Setting next_dagrun for example_short_circuit_operator to 2025-09-17 00:00:00+00:00, run_after=2025-09-18 00:00:00+00:00
[2025-09-18T07:46:34.653+0000] {processor.py:183} INFO - Processing /home/airflow/.local/lib/python3.8/site-packages/airflow/example_dags/example_short_circuit_operator.py took 0.158 seconds
[2025-09-18T07:47:05.539+0000] {processor.py:161} INFO - Started process (PID=1208) to work on /home/airflow/.local/lib/python3.8/site-packages/airflow/example_dags/example_short_circuit_operator.py
[2025-09-18T07:47:05.541+0000] {processor.py:830} INFO - Processing file /home/airflow/.local/lib/python3.8/site-packages/airflow/example_dags/example_short_circuit_operator.py for tasks to queue
[2025-09-18T07:47:05.545+0000] {logging_mixin.py:188} INFO - [2025-09-18T07:47:05.545+0000] {dagbag.py:538} INFO - Filling up the DagBag from /home/airflow/.local/lib/python3.8/site-packages/airflow/example_dags/example_short_circuit_operator.py
[2025-09-18T07:47:05.565+0000] {processor.py:840} INFO - DAG(s) 'example_short_circuit_operator' retrieved from /home/airflow/.local/lib/python3.8/site-packages/airflow/example_dags/example_short_circuit_operator.py
[2025-09-18T07:47:05.623+0000] {logging_mixin.py:188} INFO - [2025-09-18T07:47:05.623+0000] {dag.py:3036} INFO - Sync 1 DAGs
[2025-09-18T07:47:05.692+0000] {logging_mixin.py:188} INFO - [2025-09-18T07:47:05.691+0000] {dag.py:3823} INFO - Setting next_dagrun for example_short_circuit_operator to 2025-09-17 00:00:00+00:00, run_after=2025-09-18 00:00:00+00:00
[2025-09-18T07:47:05.734+0000] {processor.py:183} INFO - Processing /home/airflow/.local/lib/python3.8/site-packages/airflow/example_dags/example_short_circuit_operator.py took 0.203 seconds
[2025-09-18T07:47:36.065+0000] {processor.py:161} INFO - Started process (PID=1263) to work on /home/airflow/.local/lib/python3.8/site-packages/airflow/example_dags/example_short_circuit_operator.py
[2025-09-18T07:47:36.069+0000] {processor.py:830} INFO - Processing file /home/airflow/.local/lib/python3.8/site-packages/airflow/example_dags/example_short_circuit_operator.py for tasks to queue
[2025-09-18T07:47:36.074+0000] {logging_mixin.py:188} INFO - [2025-09-18T07:47:36.073+0000] {dagbag.py:538} INFO - Filling up the DagBag from /home/airflow/.local/lib/python3.8/site-packages/airflow/example_dags/example_short_circuit_operator.py
[2025-09-18T07:47:36.091+0000] {processor.py:840} INFO - DAG(s) 'example_short_circuit_operator' retrieved from /home/airflow/.local/lib/python3.8/site-packages/airflow/example_dags/example_short_circuit_operator.py
[2025-09-18T07:47:36.150+0000] {logging_mixin.py:188} INFO - [2025-09-18T07:47:36.150+0000] {dag.py:3036} INFO - Sync 1 DAGs
[2025-09-18T07:47:36.208+0000] {logging_mixin.py:188} INFO - [2025-09-18T07:47:36.207+0000] {dag.py:3823} INFO - Setting next_dagrun for example_short_circuit_operator to 2025-09-17 00:00:00+00:00, run_after=2025-09-18 00:00:00+00:00
[2025-09-18T07:47:36.255+0000] {processor.py:183} INFO - Processing /home/airflow/.local/lib/python3.8/site-packages/airflow/example_dags/example_short_circuit_operator.py took 0.197 seconds
[2025-09-18T07:48:06.942+0000] {processor.py:161} INFO - Started process (PID=1319) to work on /home/airflow/.local/lib/python3.8/site-packages/airflow/example_dags/example_short_circuit_operator.py
[2025-09-18T07:48:06.944+0000] {processor.py:830} INFO - Processing file /home/airflow/.local/lib/python3.8/site-packages/airflow/example_dags/example_short_circuit_operator.py for tasks to queue
[2025-09-18T07:48:06.949+0000] {logging_mixin.py:188} INFO - [2025-09-18T07:48:06.948+0000] {dagbag.py:538} INFO - Filling up the DagBag from /home/airflow/.local/lib/python3.8/site-packages/airflow/example_dags/example_short_circuit_operator.py
[2025-09-18T07:48:06.962+0000] {processor.py:840} INFO - DAG(s) 'example_short_circuit_operator' retrieved from /home/airflow/.local/lib/python3.8/site-packages/airflow/example_dags/example_short_circuit_operator.py
[2025-09-18T07:48:07.006+0000] {logging_mixin.py:188} INFO - [2025-09-18T07:48:07.006+0000] {dag.py:3036} INFO - Sync 1 DAGs
[2025-09-18T07:48:07.049+0000] {logging_mixin.py:188} INFO - [2025-09-18T07:48:07.049+0000] {dag.py:3823} INFO - Setting next_dagrun for example_short_circuit_operator to 2025-09-17 00:00:00+00:00, run_after=2025-09-18 00:00:00+00:00
[2025-09-18T07:48:07.090+0000] {processor.py:183} INFO - Processing /home/airflow/.local/lib/python3.8/site-packages/airflow/example_dags/example_short_circuit_operator.py took 0.155 seconds
[2025-09-18T07:48:37.585+0000] {processor.py:161} INFO - Started process (PID=1374) to work on /home/airflow/.local/lib/python3.8/site-packages/airflow/example_dags/example_short_circuit_operator.py
[2025-09-18T07:48:37.587+0000] {processor.py:830} INFO - Processing file /home/airflow/.local/lib/python3.8/site-packages/airflow/example_dags/example_short_circuit_operator.py for tasks to queue
[2025-09-18T07:48:37.591+0000] {logging_mixin.py:188} INFO - [2025-09-18T07:48:37.591+0000] {dagbag.py:538} INFO - Filling up the DagBag from /home/airflow/.local/lib/python3.8/site-packages/airflow/example_dags/example_short_circuit_operator.py
[2025-09-18T07:48:37.605+0000] {processor.py:840} INFO - DAG(s) 'example_short_circuit_operator' retrieved from /home/airflow/.local/lib/python3.8/site-packages/airflow/example_dags/example_short_circuit_operator.py
[2025-09-18T07:48:37.646+0000] {logging_mixin.py:188} INFO - [2025-09-18T07:48:37.646+0000] {dag.py:3036} INFO - Sync 1 DAGs
[2025-09-18T07:48:37.686+0000] {logging_mixin.py:188} INFO - [2025-09-18T07:48:37.686+0000] {dag.py:3823} INFO - Setting next_dagrun for example_short_circuit_operator to 2025-09-17 00:00:00+00:00, run_after=2025-09-18 00:00:00+00:00
[2025-09-18T07:48:37.725+0000] {processor.py:183} INFO - Processing /home/airflow/.local/lib/python3.8/site-packages/airflow/example_dags/example_short_circuit_operator.py took 0.145 seconds
[2025-09-18T07:56:43.326+0000] {processor.py:161} INFO - Started process (PID=53) to work on /home/airflow/.local/lib/python3.8/site-packages/airflow/example_dags/example_short_circuit_operator.py
[2025-09-18T07:56:43.328+0000] {processor.py:830} INFO - Processing file /home/airflow/.local/lib/python3.8/site-packages/airflow/example_dags/example_short_circuit_operator.py for tasks to queue
[2025-09-18T07:56:43.333+0000] {logging_mixin.py:188} INFO - [2025-09-18T07:56:43.332+0000] {dagbag.py:538} INFO - Filling up the DagBag from /home/airflow/.local/lib/python3.8/site-packages/airflow/example_dags/example_short_circuit_operator.py
[2025-09-18T07:56:43.357+0000] {processor.py:840} INFO - DAG(s) 'example_short_circuit_operator' retrieved from /home/airflow/.local/lib/python3.8/site-packages/airflow/example_dags/example_short_circuit_operator.py
[2025-09-18T07:56:43.695+0000] {logging_mixin.py:188} INFO - [2025-09-18T07:56:43.693+0000] {override.py:1769} INFO - Created Permission View: can edit on DAG:example_short_circuit_operator
[2025-09-18T07:56:43.749+0000] {logging_mixin.py:188} INFO - [2025-09-18T07:56:43.748+0000] {override.py:1769} INFO - Created Permission View: can read on DAG:example_short_circuit_operator
[2025-09-18T07:56:43.765+0000] {logging_mixin.py:188} INFO - [2025-09-18T07:56:43.764+0000] {override.py:1769} INFO - Created Permission View: can delete on DAG:example_short_circuit_operator
[2025-09-18T07:56:43.767+0000] {logging_mixin.py:188} INFO - [2025-09-18T07:56:43.766+0000] {dag.py:3036} INFO - Sync 1 DAGs
[2025-09-18T07:56:43.812+0000] {logging_mixin.py:188} INFO - [2025-09-18T07:56:43.812+0000] {dag.py:3058} INFO - Creating ORM DAG for example_short_circuit_operator
[2025-09-18T07:56:43.856+0000] {logging_mixin.py:188} INFO - [2025-09-18T07:56:43.856+0000] {dag.py:3823} INFO - Setting next_dagrun for example_short_circuit_operator to 2025-09-17 00:00:00+00:00, run_after=2025-09-18 00:00:00+00:00
[2025-09-18T07:56:43.954+0000] {processor.py:183} INFO - Processing /home/airflow/.local/lib/python3.8/site-packages/airflow/example_dags/example_short_circuit_operator.py took 0.638 seconds
[2025-09-18T07:57:21.563+0000] {processor.py:161} INFO - Started process (PID=108) to work on /home/airflow/.local/lib/python3.8/site-packages/airflow/example_dags/example_short_circuit_operator.py
[2025-09-18T07:57:21.573+0000] {processor.py:830} INFO - Processing file /home/airflow/.local/lib/python3.8/site-packages/airflow/example_dags/example_short_circuit_operator.py for tasks to queue
[2025-09-18T07:57:21.582+0000] {logging_mixin.py:188} INFO - [2025-09-18T07:57:21.581+0000] {dagbag.py:538} INFO - Filling up the DagBag from /home/airflow/.local/lib/python3.8/site-packages/airflow/example_dags/example_short_circuit_operator.py
[2025-09-18T07:57:21.615+0000] {processor.py:840} INFO - DAG(s) 'example_short_circuit_operator' retrieved from /home/airflow/.local/lib/python3.8/site-packages/airflow/example_dags/example_short_circuit_operator.py
[2025-09-18T07:57:21.688+0000] {logging_mixin.py:188} INFO - [2025-09-18T07:57:21.687+0000] {dag.py:3036} INFO - Sync 1 DAGs
[2025-09-18T07:57:21.772+0000] {logging_mixin.py:188} INFO - [2025-09-18T07:57:21.772+0000] {dag.py:3823} INFO - Setting next_dagrun for example_short_circuit_operator to 2025-09-17 00:00:00+00:00, run_after=2025-09-18 00:00:00+00:00
[2025-09-18T07:57:21.857+0000] {processor.py:183} INFO - Processing /home/airflow/.local/lib/python3.8/site-packages/airflow/example_dags/example_short_circuit_operator.py took 0.313 seconds
[2025-09-18T07:57:52.746+0000] {processor.py:161} INFO - Started process (PID=164) to work on /home/airflow/.local/lib/python3.8/site-packages/airflow/example_dags/example_short_circuit_operator.py
[2025-09-18T07:57:52.748+0000] {processor.py:830} INFO - Processing file /home/airflow/.local/lib/python3.8/site-packages/airflow/example_dags/example_short_circuit_operator.py for tasks to queue
[2025-09-18T07:57:52.753+0000] {logging_mixin.py:188} INFO - [2025-09-18T07:57:52.753+0000] {dagbag.py:538} INFO - Filling up the DagBag from /home/airflow/.local/lib/python3.8/site-packages/airflow/example_dags/example_short_circuit_operator.py
[2025-09-18T07:57:52.773+0000] {processor.py:840} INFO - DAG(s) 'example_short_circuit_operator' retrieved from /home/airflow/.local/lib/python3.8/site-packages/airflow/example_dags/example_short_circuit_operator.py
[2025-09-18T07:57:52.994+0000] {logging_mixin.py:188} INFO - [2025-09-18T07:57:52.994+0000] {dag.py:3036} INFO - Sync 1 DAGs
[2025-09-18T07:57:53.059+0000] {logging_mixin.py:188} INFO - [2025-09-18T07:57:53.058+0000] {dag.py:3823} INFO - Setting next_dagrun for example_short_circuit_operator to 2025-09-17 00:00:00+00:00, run_after=2025-09-18 00:00:00+00:00
[2025-09-18T07:57:53.122+0000] {processor.py:183} INFO - Processing /home/airflow/.local/lib/python3.8/site-packages/airflow/example_dags/example_short_circuit_operator.py took 0.383 seconds
[2025-09-18T09:46:48.263+0000] {processor.py:161} INFO - Started process (PID=53) to work on /home/airflow/.local/lib/python3.8/site-packages/airflow/example_dags/example_short_circuit_operator.py
[2025-09-18T09:46:48.265+0000] {processor.py:830} INFO - Processing file /home/airflow/.local/lib/python3.8/site-packages/airflow/example_dags/example_short_circuit_operator.py for tasks to queue
[2025-09-18T09:46:48.268+0000] {logging_mixin.py:188} INFO - [2025-09-18T09:46:48.267+0000] {dagbag.py:538} INFO - Filling up the DagBag from /home/airflow/.local/lib/python3.8/site-packages/airflow/example_dags/example_short_circuit_operator.py
[2025-09-18T09:46:48.293+0000] {processor.py:840} INFO - DAG(s) 'example_short_circuit_operator' retrieved from /home/airflow/.local/lib/python3.8/site-packages/airflow/example_dags/example_short_circuit_operator.py
[2025-09-18T09:46:48.532+0000] {logging_mixin.py:188} INFO - [2025-09-18T09:46:48.531+0000] {override.py:1769} INFO - Created Permission View: can delete on DAG:example_short_circuit_operator
[2025-09-18T09:46:48.553+0000] {logging_mixin.py:188} INFO - [2025-09-18T09:46:48.552+0000] {override.py:1769} INFO - Created Permission View: can edit on DAG:example_short_circuit_operator
[2025-09-18T09:46:48.566+0000] {logging_mixin.py:188} INFO - [2025-09-18T09:46:48.566+0000] {override.py:1769} INFO - Created Permission View: can read on DAG:example_short_circuit_operator
[2025-09-18T09:46:48.568+0000] {logging_mixin.py:188} INFO - [2025-09-18T09:46:48.568+0000] {dag.py:3036} INFO - Sync 1 DAGs
[2025-09-18T09:46:48.598+0000] {logging_mixin.py:188} INFO - [2025-09-18T09:46:48.598+0000] {dag.py:3058} INFO - Creating ORM DAG for example_short_circuit_operator
[2025-09-18T09:46:48.621+0000] {logging_mixin.py:188} INFO - [2025-09-18T09:46:48.620+0000] {dag.py:3823} INFO - Setting next_dagrun for example_short_circuit_operator to 2025-09-17 00:00:00+00:00, run_after=2025-09-18 00:00:00+00:00
[2025-09-18T09:46:48.652+0000] {processor.py:183} INFO - Processing /home/airflow/.local/lib/python3.8/site-packages/airflow/example_dags/example_short_circuit_operator.py took 0.397 seconds
[2025-09-18T09:47:18.721+0000] {processor.py:161} INFO - Started process (PID=108) to work on /home/airflow/.local/lib/python3.8/site-packages/airflow/example_dags/example_short_circuit_operator.py
[2025-09-18T09:47:18.723+0000] {processor.py:830} INFO - Processing file /home/airflow/.local/lib/python3.8/site-packages/airflow/example_dags/example_short_circuit_operator.py for tasks to queue
[2025-09-18T09:47:18.728+0000] {logging_mixin.py:188} INFO - [2025-09-18T09:47:18.727+0000] {dagbag.py:538} INFO - Filling up the DagBag from /home/airflow/.local/lib/python3.8/site-packages/airflow/example_dags/example_short_circuit_operator.py
[2025-09-18T09:47:18.750+0000] {processor.py:840} INFO - DAG(s) 'example_short_circuit_operator' retrieved from /home/airflow/.local/lib/python3.8/site-packages/airflow/example_dags/example_short_circuit_operator.py
[2025-09-18T09:47:18.800+0000] {logging_mixin.py:188} INFO - [2025-09-18T09:47:18.799+0000] {dag.py:3036} INFO - Sync 1 DAGs
[2025-09-18T09:47:18.851+0000] {logging_mixin.py:188} INFO - [2025-09-18T09:47:18.851+0000] {dag.py:3823} INFO - Setting next_dagrun for example_short_circuit_operator to 2025-09-17 00:00:00+00:00, run_after=2025-09-18 00:00:00+00:00
[2025-09-18T09:47:18.891+0000] {processor.py:183} INFO - Processing /home/airflow/.local/lib/python3.8/site-packages/airflow/example_dags/example_short_circuit_operator.py took 0.179 seconds
[2025-09-18T09:47:49.664+0000] {processor.py:161} INFO - Started process (PID=162) to work on /home/airflow/.local/lib/python3.8/site-packages/airflow/example_dags/example_short_circuit_operator.py
[2025-09-18T09:47:49.666+0000] {processor.py:830} INFO - Processing file /home/airflow/.local/lib/python3.8/site-packages/airflow/example_dags/example_short_circuit_operator.py for tasks to queue
[2025-09-18T09:47:49.669+0000] {logging_mixin.py:188} INFO - [2025-09-18T09:47:49.668+0000] {dagbag.py:538} INFO - Filling up the DagBag from /home/airflow/.local/lib/python3.8/site-packages/airflow/example_dags/example_short_circuit_operator.py
[2025-09-18T09:47:49.687+0000] {processor.py:840} INFO - DAG(s) 'example_short_circuit_operator' retrieved from /home/airflow/.local/lib/python3.8/site-packages/airflow/example_dags/example_short_circuit_operator.py
[2025-09-18T09:47:49.733+0000] {logging_mixin.py:188} INFO - [2025-09-18T09:47:49.732+0000] {dag.py:3036} INFO - Sync 1 DAGs
[2025-09-18T09:47:49.776+0000] {logging_mixin.py:188} INFO - [2025-09-18T09:47:49.775+0000] {dag.py:3823} INFO - Setting next_dagrun for example_short_circuit_operator to 2025-09-17 00:00:00+00:00, run_after=2025-09-18 00:00:00+00:00
[2025-09-18T09:47:49.816+0000] {processor.py:183} INFO - Processing /home/airflow/.local/lib/python3.8/site-packages/airflow/example_dags/example_short_circuit_operator.py took 0.160 seconds
[2025-09-18T09:48:20.239+0000] {processor.py:161} INFO - Started process (PID=217) to work on /home/airflow/.local/lib/python3.8/site-packages/airflow/example_dags/example_short_circuit_operator.py
[2025-09-18T09:48:20.241+0000] {processor.py:830} INFO - Processing file /home/airflow/.local/lib/python3.8/site-packages/airflow/example_dags/example_short_circuit_operator.py for tasks to queue
[2025-09-18T09:48:20.244+0000] {logging_mixin.py:188} INFO - [2025-09-18T09:48:20.244+0000] {dagbag.py:538} INFO - Filling up the DagBag from /home/airflow/.local/lib/python3.8/site-packages/airflow/example_dags/example_short_circuit_operator.py
[2025-09-18T09:48:20.257+0000] {processor.py:840} INFO - DAG(s) 'example_short_circuit_operator' retrieved from /home/airflow/.local/lib/python3.8/site-packages/airflow/example_dags/example_short_circuit_operator.py
[2025-09-18T09:48:20.299+0000] {logging_mixin.py:188} INFO - [2025-09-18T09:48:20.299+0000] {dag.py:3036} INFO - Sync 1 DAGs
[2025-09-18T09:48:20.339+0000] {logging_mixin.py:188} INFO - [2025-09-18T09:48:20.339+0000] {dag.py:3823} INFO - Setting next_dagrun for example_short_circuit_operator to 2025-09-17 00:00:00+00:00, run_after=2025-09-18 00:00:00+00:00
[2025-09-18T09:48:20.375+0000] {processor.py:183} INFO - Processing /home/airflow/.local/lib/python3.8/site-packages/airflow/example_dags/example_short_circuit_operator.py took 0.141 seconds
[2025-09-18T09:48:50.600+0000] {processor.py:161} INFO - Started process (PID=272) to work on /home/airflow/.local/lib/python3.8/site-packages/airflow/example_dags/example_short_circuit_operator.py
[2025-09-18T09:48:50.602+0000] {processor.py:830} INFO - Processing file /home/airflow/.local/lib/python3.8/site-packages/airflow/example_dags/example_short_circuit_operator.py for tasks to queue
[2025-09-18T09:48:50.607+0000] {logging_mixin.py:188} INFO - [2025-09-18T09:48:50.606+0000] {dagbag.py:538} INFO - Filling up the DagBag from /home/airflow/.local/lib/python3.8/site-packages/airflow/example_dags/example_short_circuit_operator.py
[2025-09-18T09:48:50.625+0000] {processor.py:840} INFO - DAG(s) 'example_short_circuit_operator' retrieved from /home/airflow/.local/lib/python3.8/site-packages/airflow/example_dags/example_short_circuit_operator.py
[2025-09-18T09:48:50.680+0000] {logging_mixin.py:188} INFO - [2025-09-18T09:48:50.679+0000] {dag.py:3036} INFO - Sync 1 DAGs
[2025-09-18T09:48:50.727+0000] {logging_mixin.py:188} INFO - [2025-09-18T09:48:50.726+0000] {dag.py:3823} INFO - Setting next_dagrun for example_short_circuit_operator to 2025-09-17 00:00:00+00:00, run_after=2025-09-18 00:00:00+00:00
[2025-09-18T09:48:50.772+0000] {processor.py:183} INFO - Processing /home/airflow/.local/lib/python3.8/site-packages/airflow/example_dags/example_short_circuit_operator.py took 0.180 seconds
[2025-09-18T09:49:20.995+0000] {processor.py:161} INFO - Started process (PID=327) to work on /home/airflow/.local/lib/python3.8/site-packages/airflow/example_dags/example_short_circuit_operator.py
[2025-09-18T09:49:20.997+0000] {processor.py:830} INFO - Processing file /home/airflow/.local/lib/python3.8/site-packages/airflow/example_dags/example_short_circuit_operator.py for tasks to queue
[2025-09-18T09:49:21.000+0000] {logging_mixin.py:188} INFO - [2025-09-18T09:49:21.000+0000] {dagbag.py:538} INFO - Filling up the DagBag from /home/airflow/.local/lib/python3.8/site-packages/airflow/example_dags/example_short_circuit_operator.py
[2025-09-18T09:49:21.014+0000] {processor.py:840} INFO - DAG(s) 'example_short_circuit_operator' retrieved from /home/airflow/.local/lib/python3.8/site-packages/airflow/example_dags/example_short_circuit_operator.py
[2025-09-18T09:49:21.055+0000] {logging_mixin.py:188} INFO - [2025-09-18T09:49:21.055+0000] {dag.py:3036} INFO - Sync 1 DAGs
[2025-09-18T09:49:21.096+0000] {logging_mixin.py:188} INFO - [2025-09-18T09:49:21.096+0000] {dag.py:3823} INFO - Setting next_dagrun for example_short_circuit_operator to 2025-09-17 00:00:00+00:00, run_after=2025-09-18 00:00:00+00:00
[2025-09-18T09:49:21.135+0000] {processor.py:183} INFO - Processing /home/airflow/.local/lib/python3.8/site-packages/airflow/example_dags/example_short_circuit_operator.py took 0.147 seconds
[2025-09-18T09:49:51.607+0000] {processor.py:161} INFO - Started process (PID=382) to work on /home/airflow/.local/lib/python3.8/site-packages/airflow/example_dags/example_short_circuit_operator.py
[2025-09-18T09:49:51.609+0000] {processor.py:830} INFO - Processing file /home/airflow/.local/lib/python3.8/site-packages/airflow/example_dags/example_short_circuit_operator.py for tasks to queue
[2025-09-18T09:49:51.613+0000] {logging_mixin.py:188} INFO - [2025-09-18T09:49:51.612+0000] {dagbag.py:538} INFO - Filling up the DagBag from /home/airflow/.local/lib/python3.8/site-packages/airflow/example_dags/example_short_circuit_operator.py
[2025-09-18T09:49:51.631+0000] {processor.py:840} INFO - DAG(s) 'example_short_circuit_operator' retrieved from /home/airflow/.local/lib/python3.8/site-packages/airflow/example_dags/example_short_circuit_operator.py
[2025-09-18T09:49:51.683+0000] {logging_mixin.py:188} INFO - [2025-09-18T09:49:51.682+0000] {dag.py:3036} INFO - Sync 1 DAGs
[2025-09-18T09:49:51.731+0000] {logging_mixin.py:188} INFO - [2025-09-18T09:49:51.731+0000] {dag.py:3823} INFO - Setting next_dagrun for example_short_circuit_operator to 2025-09-17 00:00:00+00:00, run_after=2025-09-18 00:00:00+00:00
[2025-09-18T09:49:51.769+0000] {processor.py:183} INFO - Processing /home/airflow/.local/lib/python3.8/site-packages/airflow/example_dags/example_short_circuit_operator.py took 0.171 seconds
[2025-09-18T09:50:21.861+0000] {processor.py:161} INFO - Started process (PID=437) to work on /home/airflow/.local/lib/python3.8/site-packages/airflow/example_dags/example_short_circuit_operator.py
[2025-09-18T09:50:21.863+0000] {processor.py:830} INFO - Processing file /home/airflow/.local/lib/python3.8/site-packages/airflow/example_dags/example_short_circuit_operator.py for tasks to queue
[2025-09-18T09:50:21.867+0000] {logging_mixin.py:188} INFO - [2025-09-18T09:50:21.867+0000] {dagbag.py:538} INFO - Filling up the DagBag from /home/airflow/.local/lib/python3.8/site-packages/airflow/example_dags/example_short_circuit_operator.py
[2025-09-18T09:50:21.881+0000] {processor.py:840} INFO - DAG(s) 'example_short_circuit_operator' retrieved from /home/airflow/.local/lib/python3.8/site-packages/airflow/example_dags/example_short_circuit_operator.py
[2025-09-18T09:50:21.926+0000] {logging_mixin.py:188} INFO - [2025-09-18T09:50:21.925+0000] {dag.py:3036} INFO - Sync 1 DAGs
[2025-09-18T09:50:21.970+0000] {logging_mixin.py:188} INFO - [2025-09-18T09:50:21.970+0000] {dag.py:3823} INFO - Setting next_dagrun for example_short_circuit_operator to 2025-09-17 00:00:00+00:00, run_after=2025-09-18 00:00:00+00:00
[2025-09-18T09:50:22.010+0000] {processor.py:183} INFO - Processing /home/airflow/.local/lib/python3.8/site-packages/airflow/example_dags/example_short_circuit_operator.py took 0.154 seconds
[2025-09-18T09:50:52.542+0000] {processor.py:161} INFO - Started process (PID=492) to work on /home/airflow/.local/lib/python3.8/site-packages/airflow/example_dags/example_short_circuit_operator.py
[2025-09-18T09:50:52.544+0000] {processor.py:830} INFO - Processing file /home/airflow/.local/lib/python3.8/site-packages/airflow/example_dags/example_short_circuit_operator.py for tasks to queue
[2025-09-18T09:50:52.547+0000] {logging_mixin.py:188} INFO - [2025-09-18T09:50:52.547+0000] {dagbag.py:538} INFO - Filling up the DagBag from /home/airflow/.local/lib/python3.8/site-packages/airflow/example_dags/example_short_circuit_operator.py
[2025-09-18T09:50:52.562+0000] {processor.py:840} INFO - DAG(s) 'example_short_circuit_operator' retrieved from /home/airflow/.local/lib/python3.8/site-packages/airflow/example_dags/example_short_circuit_operator.py
[2025-09-18T09:50:52.605+0000] {logging_mixin.py:188} INFO - [2025-09-18T09:50:52.604+0000] {dag.py:3036} INFO - Sync 1 DAGs
[2025-09-18T09:50:52.648+0000] {logging_mixin.py:188} INFO - [2025-09-18T09:50:52.647+0000] {dag.py:3823} INFO - Setting next_dagrun for example_short_circuit_operator to 2025-09-17 00:00:00+00:00, run_after=2025-09-18 00:00:00+00:00
[2025-09-18T09:50:52.682+0000] {processor.py:183} INFO - Processing /home/airflow/.local/lib/python3.8/site-packages/airflow/example_dags/example_short_circuit_operator.py took 0.146 seconds
[2025-09-18T09:53:55.918+0000] {processor.py:161} INFO - Started process (PID=54) to work on /home/airflow/.local/lib/python3.8/site-packages/airflow/example_dags/example_short_circuit_operator.py
[2025-09-18T09:53:55.921+0000] {processor.py:830} INFO - Processing file /home/airflow/.local/lib/python3.8/site-packages/airflow/example_dags/example_short_circuit_operator.py for tasks to queue
[2025-09-18T09:53:55.926+0000] {logging_mixin.py:188} INFO - [2025-09-18T09:53:55.925+0000] {dagbag.py:538} INFO - Filling up the DagBag from /home/airflow/.local/lib/python3.8/site-packages/airflow/example_dags/example_short_circuit_operator.py
[2025-09-18T09:53:56.026+0000] {processor.py:840} INFO - DAG(s) 'example_short_circuit_operator' retrieved from /home/airflow/.local/lib/python3.8/site-packages/airflow/example_dags/example_short_circuit_operator.py
[2025-09-18T09:53:57.109+0000] {logging_mixin.py:188} INFO - [2025-09-18T09:53:57.105+0000] {override.py:1769} INFO - Created Permission View: can delete on DAG:example_short_circuit_operator
[2025-09-18T09:53:57.168+0000] {logging_mixin.py:188} INFO - [2025-09-18T09:53:57.167+0000] {override.py:1769} INFO - Created Permission View: can edit on DAG:example_short_circuit_operator
[2025-09-18T09:53:57.200+0000] {logging_mixin.py:188} INFO - [2025-09-18T09:53:57.199+0000] {override.py:1769} INFO - Created Permission View: can read on DAG:example_short_circuit_operator
[2025-09-18T09:53:57.202+0000] {logging_mixin.py:188} INFO - [2025-09-18T09:53:57.202+0000] {dag.py:3036} INFO - Sync 1 DAGs
[2025-09-18T09:53:57.262+0000] {logging_mixin.py:188} INFO - [2025-09-18T09:53:57.261+0000] {dag.py:3058} INFO - Creating ORM DAG for example_short_circuit_operator
[2025-09-18T09:53:57.318+0000] {logging_mixin.py:188} INFO - [2025-09-18T09:53:57.317+0000] {dag.py:3823} INFO - Setting next_dagrun for example_short_circuit_operator to 2025-09-17 00:00:00+00:00, run_after=2025-09-18 00:00:00+00:00
[2025-09-18T09:53:57.374+0000] {processor.py:183} INFO - Processing /home/airflow/.local/lib/python3.8/site-packages/airflow/example_dags/example_short_circuit_operator.py took 1.472 seconds
[2025-09-18T09:54:27.744+0000] {processor.py:161} INFO - Started process (PID=109) to work on /home/airflow/.local/lib/python3.8/site-packages/airflow/example_dags/example_short_circuit_operator.py
[2025-09-18T09:54:27.746+0000] {processor.py:830} INFO - Processing file /home/airflow/.local/lib/python3.8/site-packages/airflow/example_dags/example_short_circuit_operator.py for tasks to queue
[2025-09-18T09:54:27.749+0000] {logging_mixin.py:188} INFO - [2025-09-18T09:54:27.749+0000] {dagbag.py:538} INFO - Filling up the DagBag from /home/airflow/.local/lib/python3.8/site-packages/airflow/example_dags/example_short_circuit_operator.py
[2025-09-18T09:54:27.763+0000] {processor.py:840} INFO - DAG(s) 'example_short_circuit_operator' retrieved from /home/airflow/.local/lib/python3.8/site-packages/airflow/example_dags/example_short_circuit_operator.py
[2025-09-18T09:54:27.814+0000] {logging_mixin.py:188} INFO - [2025-09-18T09:54:27.813+0000] {dag.py:3036} INFO - Sync 1 DAGs
[2025-09-18T09:54:27.857+0000] {logging_mixin.py:188} INFO - [2025-09-18T09:54:27.856+0000] {dag.py:3823} INFO - Setting next_dagrun for example_short_circuit_operator to 2025-09-17 00:00:00+00:00, run_after=2025-09-18 00:00:00+00:00
[2025-09-18T09:54:27.900+0000] {processor.py:183} INFO - Processing /home/airflow/.local/lib/python3.8/site-packages/airflow/example_dags/example_short_circuit_operator.py took 0.162 seconds
[2025-09-18T09:54:58.101+0000] {processor.py:161} INFO - Started process (PID=165) to work on /home/airflow/.local/lib/python3.8/site-packages/airflow/example_dags/example_short_circuit_operator.py
[2025-09-18T09:54:58.104+0000] {processor.py:830} INFO - Processing file /home/airflow/.local/lib/python3.8/site-packages/airflow/example_dags/example_short_circuit_operator.py for tasks to queue
[2025-09-18T09:54:58.126+0000] {logging_mixin.py:188} INFO - [2025-09-18T09:54:58.125+0000] {dagbag.py:538} INFO - Filling up the DagBag from /home/airflow/.local/lib/python3.8/site-packages/airflow/example_dags/example_short_circuit_operator.py
[2025-09-18T09:54:58.151+0000] {processor.py:840} INFO - DAG(s) 'example_short_circuit_operator' retrieved from /home/airflow/.local/lib/python3.8/site-packages/airflow/example_dags/example_short_circuit_operator.py
[2025-09-18T09:54:58.242+0000] {logging_mixin.py:188} INFO - [2025-09-18T09:54:58.242+0000] {dag.py:3036} INFO - Sync 1 DAGs
[2025-09-18T09:54:58.315+0000] {logging_mixin.py:188} INFO - [2025-09-18T09:54:58.315+0000] {dag.py:3823} INFO - Setting next_dagrun for example_short_circuit_operator to 2025-09-17 00:00:00+00:00, run_after=2025-09-18 00:00:00+00:00
[2025-09-18T09:54:58.360+0000] {processor.py:183} INFO - Processing /home/airflow/.local/lib/python3.8/site-packages/airflow/example_dags/example_short_circuit_operator.py took 0.266 seconds
[2025-09-18T09:55:28.964+0000] {processor.py:161} INFO - Started process (PID=220) to work on /home/airflow/.local/lib/python3.8/site-packages/airflow/example_dags/example_short_circuit_operator.py
[2025-09-18T09:55:28.966+0000] {processor.py:830} INFO - Processing file /home/airflow/.local/lib/python3.8/site-packages/airflow/example_dags/example_short_circuit_operator.py for tasks to queue
[2025-09-18T09:55:28.970+0000] {logging_mixin.py:188} INFO - [2025-09-18T09:55:28.969+0000] {dagbag.py:538} INFO - Filling up the DagBag from /home/airflow/.local/lib/python3.8/site-packages/airflow/example_dags/example_short_circuit_operator.py
[2025-09-18T09:55:28.985+0000] {processor.py:840} INFO - DAG(s) 'example_short_circuit_operator' retrieved from /home/airflow/.local/lib/python3.8/site-packages/airflow/example_dags/example_short_circuit_operator.py
[2025-09-18T09:55:29.036+0000] {logging_mixin.py:188} INFO - [2025-09-18T09:55:29.035+0000] {dag.py:3036} INFO - Sync 1 DAGs
[2025-09-18T09:55:29.077+0000] {logging_mixin.py:188} INFO - [2025-09-18T09:55:29.077+0000] {dag.py:3823} INFO - Setting next_dagrun for example_short_circuit_operator to 2025-09-17 00:00:00+00:00, run_after=2025-09-18 00:00:00+00:00
[2025-09-18T09:55:29.120+0000] {processor.py:183} INFO - Processing /home/airflow/.local/lib/python3.8/site-packages/airflow/example_dags/example_short_circuit_operator.py took 0.163 seconds
[2025-09-18T09:55:59.925+0000] {processor.py:161} INFO - Started process (PID=275) to work on /home/airflow/.local/lib/python3.8/site-packages/airflow/example_dags/example_short_circuit_operator.py
[2025-09-18T09:55:59.927+0000] {processor.py:830} INFO - Processing file /home/airflow/.local/lib/python3.8/site-packages/airflow/example_dags/example_short_circuit_operator.py for tasks to queue
[2025-09-18T09:55:59.931+0000] {logging_mixin.py:188} INFO - [2025-09-18T09:55:59.930+0000] {dagbag.py:538} INFO - Filling up the DagBag from /home/airflow/.local/lib/python3.8/site-packages/airflow/example_dags/example_short_circuit_operator.py
[2025-09-18T09:55:59.946+0000] {processor.py:840} INFO - DAG(s) 'example_short_circuit_operator' retrieved from /home/airflow/.local/lib/python3.8/site-packages/airflow/example_dags/example_short_circuit_operator.py
[2025-09-18T09:55:59.995+0000] {logging_mixin.py:188} INFO - [2025-09-18T09:55:59.995+0000] {dag.py:3036} INFO - Sync 1 DAGs
[2025-09-18T09:56:00.056+0000] {logging_mixin.py:188} INFO - [2025-09-18T09:56:00.056+0000] {dag.py:3823} INFO - Setting next_dagrun for example_short_circuit_operator to 2025-09-17 00:00:00+00:00, run_after=2025-09-18 00:00:00+00:00
[2025-09-18T09:56:00.101+0000] {processor.py:183} INFO - Processing /home/airflow/.local/lib/python3.8/site-packages/airflow/example_dags/example_short_circuit_operator.py took 0.183 seconds
[2025-09-18T09:56:30.786+0000] {processor.py:161} INFO - Started process (PID=330) to work on /home/airflow/.local/lib/python3.8/site-packages/airflow/example_dags/example_short_circuit_operator.py
[2025-09-18T09:56:30.789+0000] {processor.py:830} INFO - Processing file /home/airflow/.local/lib/python3.8/site-packages/airflow/example_dags/example_short_circuit_operator.py for tasks to queue
[2025-09-18T09:56:30.792+0000] {logging_mixin.py:188} INFO - [2025-09-18T09:56:30.792+0000] {dagbag.py:538} INFO - Filling up the DagBag from /home/airflow/.local/lib/python3.8/site-packages/airflow/example_dags/example_short_circuit_operator.py
[2025-09-18T09:56:30.808+0000] {processor.py:840} INFO - DAG(s) 'example_short_circuit_operator' retrieved from /home/airflow/.local/lib/python3.8/site-packages/airflow/example_dags/example_short_circuit_operator.py
[2025-09-18T09:56:30.855+0000] {logging_mixin.py:188} INFO - [2025-09-18T09:56:30.855+0000] {dag.py:3036} INFO - Sync 1 DAGs
[2025-09-18T09:56:30.897+0000] {logging_mixin.py:188} INFO - [2025-09-18T09:56:30.897+0000] {dag.py:3823} INFO - Setting next_dagrun for example_short_circuit_operator to 2025-09-17 00:00:00+00:00, run_after=2025-09-18 00:00:00+00:00
[2025-09-18T09:56:30.935+0000] {processor.py:183} INFO - Processing /home/airflow/.local/lib/python3.8/site-packages/airflow/example_dags/example_short_circuit_operator.py took 0.158 seconds
[2025-09-18T09:57:01.489+0000] {processor.py:161} INFO - Started process (PID=385) to work on /home/airflow/.local/lib/python3.8/site-packages/airflow/example_dags/example_short_circuit_operator.py
[2025-09-18T09:57:01.491+0000] {processor.py:830} INFO - Processing file /home/airflow/.local/lib/python3.8/site-packages/airflow/example_dags/example_short_circuit_operator.py for tasks to queue
[2025-09-18T09:57:01.494+0000] {logging_mixin.py:188} INFO - [2025-09-18T09:57:01.494+0000] {dagbag.py:538} INFO - Filling up the DagBag from /home/airflow/.local/lib/python3.8/site-packages/airflow/example_dags/example_short_circuit_operator.py
[2025-09-18T09:57:01.507+0000] {processor.py:840} INFO - DAG(s) 'example_short_circuit_operator' retrieved from /home/airflow/.local/lib/python3.8/site-packages/airflow/example_dags/example_short_circuit_operator.py
[2025-09-18T09:57:01.549+0000] {logging_mixin.py:188} INFO - [2025-09-18T09:57:01.548+0000] {dag.py:3036} INFO - Sync 1 DAGs
[2025-09-18T09:57:01.590+0000] {logging_mixin.py:188} INFO - [2025-09-18T09:57:01.589+0000] {dag.py:3823} INFO - Setting next_dagrun for example_short_circuit_operator to 2025-09-17 00:00:00+00:00, run_after=2025-09-18 00:00:00+00:00
[2025-09-18T09:57:01.632+0000] {processor.py:183} INFO - Processing /home/airflow/.local/lib/python3.8/site-packages/airflow/example_dags/example_short_circuit_operator.py took 0.148 seconds
[2025-09-18T09:57:31.825+0000] {processor.py:161} INFO - Started process (PID=439) to work on /home/airflow/.local/lib/python3.8/site-packages/airflow/example_dags/example_short_circuit_operator.py
[2025-09-18T09:57:31.827+0000] {processor.py:830} INFO - Processing file /home/airflow/.local/lib/python3.8/site-packages/airflow/example_dags/example_short_circuit_operator.py for tasks to queue
[2025-09-18T09:57:31.831+0000] {logging_mixin.py:188} INFO - [2025-09-18T09:57:31.830+0000] {dagbag.py:538} INFO - Filling up the DagBag from /home/airflow/.local/lib/python3.8/site-packages/airflow/example_dags/example_short_circuit_operator.py
[2025-09-18T09:57:31.844+0000] {processor.py:840} INFO - DAG(s) 'example_short_circuit_operator' retrieved from /home/airflow/.local/lib/python3.8/site-packages/airflow/example_dags/example_short_circuit_operator.py
[2025-09-18T09:57:31.884+0000] {logging_mixin.py:188} INFO - [2025-09-18T09:57:31.884+0000] {dag.py:3036} INFO - Sync 1 DAGs
[2025-09-18T09:57:31.923+0000] {logging_mixin.py:188} INFO - [2025-09-18T09:57:31.923+0000] {dag.py:3823} INFO - Setting next_dagrun for example_short_circuit_operator to 2025-09-17 00:00:00+00:00, run_after=2025-09-18 00:00:00+00:00
[2025-09-18T09:57:31.961+0000] {processor.py:183} INFO - Processing /home/airflow/.local/lib/python3.8/site-packages/airflow/example_dags/example_short_circuit_operator.py took 0.141 seconds
[2025-09-18T09:58:02.174+0000] {processor.py:161} INFO - Started process (PID=494) to work on /home/airflow/.local/lib/python3.8/site-packages/airflow/example_dags/example_short_circuit_operator.py
[2025-09-18T09:58:02.176+0000] {processor.py:830} INFO - Processing file /home/airflow/.local/lib/python3.8/site-packages/airflow/example_dags/example_short_circuit_operator.py for tasks to queue
[2025-09-18T09:58:02.179+0000] {logging_mixin.py:188} INFO - [2025-09-18T09:58:02.179+0000] {dagbag.py:538} INFO - Filling up the DagBag from /home/airflow/.local/lib/python3.8/site-packages/airflow/example_dags/example_short_circuit_operator.py
[2025-09-18T09:58:02.192+0000] {processor.py:840} INFO - DAG(s) 'example_short_circuit_operator' retrieved from /home/airflow/.local/lib/python3.8/site-packages/airflow/example_dags/example_short_circuit_operator.py
[2025-09-18T09:58:02.235+0000] {logging_mixin.py:188} INFO - [2025-09-18T09:58:02.235+0000] {dag.py:3036} INFO - Sync 1 DAGs
[2025-09-18T09:58:02.289+0000] {logging_mixin.py:188} INFO - [2025-09-18T09:58:02.288+0000] {dag.py:3823} INFO - Setting next_dagrun for example_short_circuit_operator to 2025-09-17 00:00:00+00:00, run_after=2025-09-18 00:00:00+00:00
[2025-09-18T09:58:02.334+0000] {processor.py:183} INFO - Processing /home/airflow/.local/lib/python3.8/site-packages/airflow/example_dags/example_short_circuit_operator.py took 0.164 seconds
[2025-09-18T09:58:32.989+0000] {processor.py:161} INFO - Started process (PID=549) to work on /home/airflow/.local/lib/python3.8/site-packages/airflow/example_dags/example_short_circuit_operator.py
[2025-09-18T09:58:32.991+0000] {processor.py:830} INFO - Processing file /home/airflow/.local/lib/python3.8/site-packages/airflow/example_dags/example_short_circuit_operator.py for tasks to queue
[2025-09-18T09:58:32.994+0000] {logging_mixin.py:188} INFO - [2025-09-18T09:58:32.994+0000] {dagbag.py:538} INFO - Filling up the DagBag from /home/airflow/.local/lib/python3.8/site-packages/airflow/example_dags/example_short_circuit_operator.py
[2025-09-18T09:58:33.007+0000] {processor.py:840} INFO - DAG(s) 'example_short_circuit_operator' retrieved from /home/airflow/.local/lib/python3.8/site-packages/airflow/example_dags/example_short_circuit_operator.py
[2025-09-18T09:58:33.049+0000] {logging_mixin.py:188} INFO - [2025-09-18T09:58:33.048+0000] {dag.py:3036} INFO - Sync 1 DAGs
[2025-09-18T09:58:33.090+0000] {logging_mixin.py:188} INFO - [2025-09-18T09:58:33.089+0000] {dag.py:3823} INFO - Setting next_dagrun for example_short_circuit_operator to 2025-09-17 00:00:00+00:00, run_after=2025-09-18 00:00:00+00:00
[2025-09-18T09:58:33.132+0000] {processor.py:183} INFO - Processing /home/airflow/.local/lib/python3.8/site-packages/airflow/example_dags/example_short_circuit_operator.py took 0.149 seconds
[2025-09-18T09:59:03.573+0000] {processor.py:161} INFO - Started process (PID=604) to work on /home/airflow/.local/lib/python3.8/site-packages/airflow/example_dags/example_short_circuit_operator.py
[2025-09-18T09:59:03.576+0000] {processor.py:830} INFO - Processing file /home/airflow/.local/lib/python3.8/site-packages/airflow/example_dags/example_short_circuit_operator.py for tasks to queue
[2025-09-18T09:59:03.580+0000] {logging_mixin.py:188} INFO - [2025-09-18T09:59:03.579+0000] {dagbag.py:538} INFO - Filling up the DagBag from /home/airflow/.local/lib/python3.8/site-packages/airflow/example_dags/example_short_circuit_operator.py
[2025-09-18T09:59:03.601+0000] {processor.py:840} INFO - DAG(s) 'example_short_circuit_operator' retrieved from /home/airflow/.local/lib/python3.8/site-packages/airflow/example_dags/example_short_circuit_operator.py
[2025-09-18T09:59:03.644+0000] {logging_mixin.py:188} INFO - [2025-09-18T09:59:03.644+0000] {dag.py:3036} INFO - Sync 1 DAGs
[2025-09-18T09:59:03.685+0000] {logging_mixin.py:188} INFO - [2025-09-18T09:59:03.684+0000] {dag.py:3823} INFO - Setting next_dagrun for example_short_circuit_operator to 2025-09-17 00:00:00+00:00, run_after=2025-09-18 00:00:00+00:00
[2025-09-18T09:59:03.726+0000] {processor.py:183} INFO - Processing /home/airflow/.local/lib/python3.8/site-packages/airflow/example_dags/example_short_circuit_operator.py took 0.160 seconds
[2025-09-18T09:59:33.830+0000] {processor.py:161} INFO - Started process (PID=659) to work on /home/airflow/.local/lib/python3.8/site-packages/airflow/example_dags/example_short_circuit_operator.py
[2025-09-18T09:59:33.832+0000] {processor.py:830} INFO - Processing file /home/airflow/.local/lib/python3.8/site-packages/airflow/example_dags/example_short_circuit_operator.py for tasks to queue
[2025-09-18T09:59:33.836+0000] {logging_mixin.py:188} INFO - [2025-09-18T09:59:33.836+0000] {dagbag.py:538} INFO - Filling up the DagBag from /home/airflow/.local/lib/python3.8/site-packages/airflow/example_dags/example_short_circuit_operator.py
[2025-09-18T09:59:33.850+0000] {processor.py:840} INFO - DAG(s) 'example_short_circuit_operator' retrieved from /home/airflow/.local/lib/python3.8/site-packages/airflow/example_dags/example_short_circuit_operator.py
[2025-09-18T09:59:33.893+0000] {logging_mixin.py:188} INFO - [2025-09-18T09:59:33.892+0000] {dag.py:3036} INFO - Sync 1 DAGs
[2025-09-18T09:59:33.944+0000] {logging_mixin.py:188} INFO - [2025-09-18T09:59:33.943+0000] {dag.py:3823} INFO - Setting next_dagrun for example_short_circuit_operator to 2025-09-17 00:00:00+00:00, run_after=2025-09-18 00:00:00+00:00
[2025-09-18T09:59:33.987+0000] {processor.py:183} INFO - Processing /home/airflow/.local/lib/python3.8/site-packages/airflow/example_dags/example_short_circuit_operator.py took 0.163 seconds
[2025-09-18T10:00:04.641+0000] {processor.py:161} INFO - Started process (PID=714) to work on /home/airflow/.local/lib/python3.8/site-packages/airflow/example_dags/example_short_circuit_operator.py
[2025-09-18T10:00:04.643+0000] {processor.py:830} INFO - Processing file /home/airflow/.local/lib/python3.8/site-packages/airflow/example_dags/example_short_circuit_operator.py for tasks to queue
[2025-09-18T10:00:04.647+0000] {logging_mixin.py:188} INFO - [2025-09-18T10:00:04.646+0000] {dagbag.py:538} INFO - Filling up the DagBag from /home/airflow/.local/lib/python3.8/site-packages/airflow/example_dags/example_short_circuit_operator.py
[2025-09-18T10:00:04.660+0000] {processor.py:840} INFO - DAG(s) 'example_short_circuit_operator' retrieved from /home/airflow/.local/lib/python3.8/site-packages/airflow/example_dags/example_short_circuit_operator.py
[2025-09-18T10:00:04.702+0000] {logging_mixin.py:188} INFO - [2025-09-18T10:00:04.701+0000] {dag.py:3036} INFO - Sync 1 DAGs
[2025-09-18T10:00:04.743+0000] {logging_mixin.py:188} INFO - [2025-09-18T10:00:04.743+0000] {dag.py:3823} INFO - Setting next_dagrun for example_short_circuit_operator to 2025-09-17 00:00:00+00:00, run_after=2025-09-18 00:00:00+00:00
[2025-09-18T10:00:04.779+0000] {processor.py:183} INFO - Processing /home/airflow/.local/lib/python3.8/site-packages/airflow/example_dags/example_short_circuit_operator.py took 0.142 seconds
[2025-09-18T10:00:35.048+0000] {processor.py:161} INFO - Started process (PID=769) to work on /home/airflow/.local/lib/python3.8/site-packages/airflow/example_dags/example_short_circuit_operator.py
[2025-09-18T10:00:35.052+0000] {processor.py:830} INFO - Processing file /home/airflow/.local/lib/python3.8/site-packages/airflow/example_dags/example_short_circuit_operator.py for tasks to queue
[2025-09-18T10:00:35.056+0000] {logging_mixin.py:188} INFO - [2025-09-18T10:00:35.055+0000] {dagbag.py:538} INFO - Filling up the DagBag from /home/airflow/.local/lib/python3.8/site-packages/airflow/example_dags/example_short_circuit_operator.py
[2025-09-18T10:00:35.071+0000] {processor.py:840} INFO - DAG(s) 'example_short_circuit_operator' retrieved from /home/airflow/.local/lib/python3.8/site-packages/airflow/example_dags/example_short_circuit_operator.py
[2025-09-18T10:00:35.146+0000] {logging_mixin.py:188} INFO - [2025-09-18T10:00:35.145+0000] {dag.py:3036} INFO - Sync 1 DAGs
[2025-09-18T10:00:35.255+0000] {logging_mixin.py:188} INFO - [2025-09-18T10:00:35.254+0000] {dag.py:3823} INFO - Setting next_dagrun for example_short_circuit_operator to 2025-09-17 00:00:00+00:00, run_after=2025-09-18 00:00:00+00:00
[2025-09-18T10:00:35.315+0000] {processor.py:183} INFO - Processing /home/airflow/.local/lib/python3.8/site-packages/airflow/example_dags/example_short_circuit_operator.py took 0.272 seconds
[2025-09-18T10:01:06.259+0000] {processor.py:161} INFO - Started process (PID=824) to work on /home/airflow/.local/lib/python3.8/site-packages/airflow/example_dags/example_short_circuit_operator.py
[2025-09-18T10:01:06.261+0000] {processor.py:830} INFO - Processing file /home/airflow/.local/lib/python3.8/site-packages/airflow/example_dags/example_short_circuit_operator.py for tasks to queue
[2025-09-18T10:01:06.265+0000] {logging_mixin.py:188} INFO - [2025-09-18T10:01:06.264+0000] {dagbag.py:538} INFO - Filling up the DagBag from /home/airflow/.local/lib/python3.8/site-packages/airflow/example_dags/example_short_circuit_operator.py
[2025-09-18T10:01:06.278+0000] {processor.py:840} INFO - DAG(s) 'example_short_circuit_operator' retrieved from /home/airflow/.local/lib/python3.8/site-packages/airflow/example_dags/example_short_circuit_operator.py
[2025-09-18T10:01:06.321+0000] {logging_mixin.py:188} INFO - [2025-09-18T10:01:06.320+0000] {dag.py:3036} INFO - Sync 1 DAGs
[2025-09-18T10:01:06.361+0000] {logging_mixin.py:188} INFO - [2025-09-18T10:01:06.361+0000] {dag.py:3823} INFO - Setting next_dagrun for example_short_circuit_operator to 2025-09-17 00:00:00+00:00, run_after=2025-09-18 00:00:00+00:00
[2025-09-18T10:01:06.400+0000] {processor.py:183} INFO - Processing /home/airflow/.local/lib/python3.8/site-packages/airflow/example_dags/example_short_circuit_operator.py took 0.147 seconds
[2025-09-18T10:01:36.668+0000] {processor.py:161} INFO - Started process (PID=879) to work on /home/airflow/.local/lib/python3.8/site-packages/airflow/example_dags/example_short_circuit_operator.py
[2025-09-18T10:01:36.670+0000] {processor.py:830} INFO - Processing file /home/airflow/.local/lib/python3.8/site-packages/airflow/example_dags/example_short_circuit_operator.py for tasks to queue
[2025-09-18T10:01:36.674+0000] {logging_mixin.py:188} INFO - [2025-09-18T10:01:36.674+0000] {dagbag.py:538} INFO - Filling up the DagBag from /home/airflow/.local/lib/python3.8/site-packages/airflow/example_dags/example_short_circuit_operator.py
[2025-09-18T10:01:36.687+0000] {processor.py:840} INFO - DAG(s) 'example_short_circuit_operator' retrieved from /home/airflow/.local/lib/python3.8/site-packages/airflow/example_dags/example_short_circuit_operator.py
[2025-09-18T10:01:36.729+0000] {logging_mixin.py:188} INFO - [2025-09-18T10:01:36.729+0000] {dag.py:3036} INFO - Sync 1 DAGs
[2025-09-18T10:01:36.769+0000] {logging_mixin.py:188} INFO - [2025-09-18T10:01:36.769+0000] {dag.py:3823} INFO - Setting next_dagrun for example_short_circuit_operator to 2025-09-17 00:00:00+00:00, run_after=2025-09-18 00:00:00+00:00
[2025-09-18T10:01:36.807+0000] {processor.py:183} INFO - Processing /home/airflow/.local/lib/python3.8/site-packages/airflow/example_dags/example_short_circuit_operator.py took 0.145 seconds
[2025-09-18T10:02:07.013+0000] {processor.py:161} INFO - Started process (PID=934) to work on /home/airflow/.local/lib/python3.8/site-packages/airflow/example_dags/example_short_circuit_operator.py
[2025-09-18T10:02:07.016+0000] {processor.py:830} INFO - Processing file /home/airflow/.local/lib/python3.8/site-packages/airflow/example_dags/example_short_circuit_operator.py for tasks to queue
[2025-09-18T10:02:07.020+0000] {logging_mixin.py:188} INFO - [2025-09-18T10:02:07.019+0000] {dagbag.py:538} INFO - Filling up the DagBag from /home/airflow/.local/lib/python3.8/site-packages/airflow/example_dags/example_short_circuit_operator.py
[2025-09-18T10:02:07.034+0000] {processor.py:840} INFO - DAG(s) 'example_short_circuit_operator' retrieved from /home/airflow/.local/lib/python3.8/site-packages/airflow/example_dags/example_short_circuit_operator.py
[2025-09-18T10:02:07.082+0000] {logging_mixin.py:188} INFO - [2025-09-18T10:02:07.082+0000] {dag.py:3036} INFO - Sync 1 DAGs
[2025-09-18T10:02:07.124+0000] {logging_mixin.py:188} INFO - [2025-09-18T10:02:07.124+0000] {dag.py:3823} INFO - Setting next_dagrun for example_short_circuit_operator to 2025-09-17 00:00:00+00:00, run_after=2025-09-18 00:00:00+00:00
[2025-09-18T10:02:07.175+0000] {processor.py:183} INFO - Processing /home/airflow/.local/lib/python3.8/site-packages/airflow/example_dags/example_short_circuit_operator.py took 0.167 seconds
[2025-09-18T10:02:37.658+0000] {processor.py:161} INFO - Started process (PID=989) to work on /home/airflow/.local/lib/python3.8/site-packages/airflow/example_dags/example_short_circuit_operator.py
[2025-09-18T10:02:37.660+0000] {processor.py:830} INFO - Processing file /home/airflow/.local/lib/python3.8/site-packages/airflow/example_dags/example_short_circuit_operator.py for tasks to queue
[2025-09-18T10:02:37.664+0000] {logging_mixin.py:188} INFO - [2025-09-18T10:02:37.663+0000] {dagbag.py:538} INFO - Filling up the DagBag from /home/airflow/.local/lib/python3.8/site-packages/airflow/example_dags/example_short_circuit_operator.py
[2025-09-18T10:02:37.682+0000] {processor.py:840} INFO - DAG(s) 'example_short_circuit_operator' retrieved from /home/airflow/.local/lib/python3.8/site-packages/airflow/example_dags/example_short_circuit_operator.py
[2025-09-18T10:02:37.739+0000] {logging_mixin.py:188} INFO - [2025-09-18T10:02:37.739+0000] {dag.py:3036} INFO - Sync 1 DAGs
[2025-09-18T10:02:37.794+0000] {logging_mixin.py:188} INFO - [2025-09-18T10:02:37.793+0000] {dag.py:3823} INFO - Setting next_dagrun for example_short_circuit_operator to 2025-09-17 00:00:00+00:00, run_after=2025-09-18 00:00:00+00:00
[2025-09-18T10:02:37.842+0000] {processor.py:183} INFO - Processing /home/airflow/.local/lib/python3.8/site-packages/airflow/example_dags/example_short_circuit_operator.py took 0.190 seconds
[2025-09-18T10:03:08.285+0000] {processor.py:161} INFO - Started process (PID=1050) to work on /home/airflow/.local/lib/python3.8/site-packages/airflow/example_dags/example_short_circuit_operator.py
[2025-09-18T10:03:08.287+0000] {processor.py:830} INFO - Processing file /home/airflow/.local/lib/python3.8/site-packages/airflow/example_dags/example_short_circuit_operator.py for tasks to queue
[2025-09-18T10:03:08.291+0000] {logging_mixin.py:188} INFO - [2025-09-18T10:03:08.290+0000] {dagbag.py:538} INFO - Filling up the DagBag from /home/airflow/.local/lib/python3.8/site-packages/airflow/example_dags/example_short_circuit_operator.py
[2025-09-18T10:03:08.305+0000] {processor.py:840} INFO - DAG(s) 'example_short_circuit_operator' retrieved from /home/airflow/.local/lib/python3.8/site-packages/airflow/example_dags/example_short_circuit_operator.py
[2025-09-18T10:03:08.347+0000] {logging_mixin.py:188} INFO - [2025-09-18T10:03:08.347+0000] {dag.py:3036} INFO - Sync 1 DAGs
[2025-09-18T10:03:08.392+0000] {logging_mixin.py:188} INFO - [2025-09-18T10:03:08.391+0000] {dag.py:3823} INFO - Setting next_dagrun for example_short_circuit_operator to 2025-09-17 00:00:00+00:00, run_after=2025-09-18 00:00:00+00:00
[2025-09-18T10:03:08.433+0000] {processor.py:183} INFO - Processing /home/airflow/.local/lib/python3.8/site-packages/airflow/example_dags/example_short_circuit_operator.py took 0.154 seconds
[2025-09-18T10:03:38.597+0000] {processor.py:161} INFO - Started process (PID=1105) to work on /home/airflow/.local/lib/python3.8/site-packages/airflow/example_dags/example_short_circuit_operator.py
[2025-09-18T10:03:38.599+0000] {processor.py:830} INFO - Processing file /home/airflow/.local/lib/python3.8/site-packages/airflow/example_dags/example_short_circuit_operator.py for tasks to queue
[2025-09-18T10:03:38.602+0000] {logging_mixin.py:188} INFO - [2025-09-18T10:03:38.601+0000] {dagbag.py:538} INFO - Filling up the DagBag from /home/airflow/.local/lib/python3.8/site-packages/airflow/example_dags/example_short_circuit_operator.py
[2025-09-18T10:03:38.615+0000] {processor.py:840} INFO - DAG(s) 'example_short_circuit_operator' retrieved from /home/airflow/.local/lib/python3.8/site-packages/airflow/example_dags/example_short_circuit_operator.py
[2025-09-18T10:03:38.659+0000] {logging_mixin.py:188} INFO - [2025-09-18T10:03:38.659+0000] {dag.py:3036} INFO - Sync 1 DAGs
[2025-09-18T10:03:38.700+0000] {logging_mixin.py:188} INFO - [2025-09-18T10:03:38.699+0000] {dag.py:3823} INFO - Setting next_dagrun for example_short_circuit_operator to 2025-09-17 00:00:00+00:00, run_after=2025-09-18 00:00:00+00:00
[2025-09-18T10:03:38.743+0000] {processor.py:183} INFO - Processing /home/airflow/.local/lib/python3.8/site-packages/airflow/example_dags/example_short_circuit_operator.py took 0.152 seconds
[2025-09-18T10:04:08.806+0000] {processor.py:161} INFO - Started process (PID=1160) to work on /home/airflow/.local/lib/python3.8/site-packages/airflow/example_dags/example_short_circuit_operator.py
[2025-09-18T10:04:08.808+0000] {processor.py:830} INFO - Processing file /home/airflow/.local/lib/python3.8/site-packages/airflow/example_dags/example_short_circuit_operator.py for tasks to queue
[2025-09-18T10:04:08.812+0000] {logging_mixin.py:188} INFO - [2025-09-18T10:04:08.812+0000] {dagbag.py:538} INFO - Filling up the DagBag from /home/airflow/.local/lib/python3.8/site-packages/airflow/example_dags/example_short_circuit_operator.py
[2025-09-18T10:04:08.827+0000] {processor.py:840} INFO - DAG(s) 'example_short_circuit_operator' retrieved from /home/airflow/.local/lib/python3.8/site-packages/airflow/example_dags/example_short_circuit_operator.py
[2025-09-18T10:04:08.870+0000] {logging_mixin.py:188} INFO - [2025-09-18T10:04:08.869+0000] {dag.py:3036} INFO - Sync 1 DAGs
[2025-09-18T10:04:08.911+0000] {logging_mixin.py:188} INFO - [2025-09-18T10:04:08.910+0000] {dag.py:3823} INFO - Setting next_dagrun for example_short_circuit_operator to 2025-09-17 00:00:00+00:00, run_after=2025-09-18 00:00:00+00:00
[2025-09-18T10:04:08.950+0000] {processor.py:183} INFO - Processing /home/airflow/.local/lib/python3.8/site-packages/airflow/example_dags/example_short_circuit_operator.py took 0.150 seconds
[2025-09-18T10:04:39.364+0000] {processor.py:161} INFO - Started process (PID=1215) to work on /home/airflow/.local/lib/python3.8/site-packages/airflow/example_dags/example_short_circuit_operator.py
[2025-09-18T10:04:39.366+0000] {processor.py:830} INFO - Processing file /home/airflow/.local/lib/python3.8/site-packages/airflow/example_dags/example_short_circuit_operator.py for tasks to queue
[2025-09-18T10:04:39.370+0000] {logging_mixin.py:188} INFO - [2025-09-18T10:04:39.370+0000] {dagbag.py:538} INFO - Filling up the DagBag from /home/airflow/.local/lib/python3.8/site-packages/airflow/example_dags/example_short_circuit_operator.py
[2025-09-18T10:04:39.385+0000] {processor.py:840} INFO - DAG(s) 'example_short_circuit_operator' retrieved from /home/airflow/.local/lib/python3.8/site-packages/airflow/example_dags/example_short_circuit_operator.py
[2025-09-18T10:04:39.431+0000] {logging_mixin.py:188} INFO - [2025-09-18T10:04:39.431+0000] {dag.py:3036} INFO - Sync 1 DAGs
[2025-09-18T10:04:39.472+0000] {logging_mixin.py:188} INFO - [2025-09-18T10:04:39.472+0000] {dag.py:3823} INFO - Setting next_dagrun for example_short_circuit_operator to 2025-09-17 00:00:00+00:00, run_after=2025-09-18 00:00:00+00:00
[2025-09-18T10:04:39.513+0000] {processor.py:183} INFO - Processing /home/airflow/.local/lib/python3.8/site-packages/airflow/example_dags/example_short_circuit_operator.py took 0.154 seconds
[2025-09-18T10:05:09.807+0000] {processor.py:161} INFO - Started process (PID=1270) to work on /home/airflow/.local/lib/python3.8/site-packages/airflow/example_dags/example_short_circuit_operator.py
[2025-09-18T10:05:09.809+0000] {processor.py:830} INFO - Processing file /home/airflow/.local/lib/python3.8/site-packages/airflow/example_dags/example_short_circuit_operator.py for tasks to queue
[2025-09-18T10:05:09.812+0000] {logging_mixin.py:188} INFO - [2025-09-18T10:05:09.812+0000] {dagbag.py:538} INFO - Filling up the DagBag from /home/airflow/.local/lib/python3.8/site-packages/airflow/example_dags/example_short_circuit_operator.py
[2025-09-18T10:05:09.828+0000] {processor.py:840} INFO - DAG(s) 'example_short_circuit_operator' retrieved from /home/airflow/.local/lib/python3.8/site-packages/airflow/example_dags/example_short_circuit_operator.py
[2025-09-18T10:05:09.873+0000] {logging_mixin.py:188} INFO - [2025-09-18T10:05:09.873+0000] {dag.py:3036} INFO - Sync 1 DAGs
[2025-09-18T10:05:09.912+0000] {logging_mixin.py:188} INFO - [2025-09-18T10:05:09.912+0000] {dag.py:3823} INFO - Setting next_dagrun for example_short_circuit_operator to 2025-09-17 00:00:00+00:00, run_after=2025-09-18 00:00:00+00:00
[2025-09-18T10:05:09.948+0000] {processor.py:183} INFO - Processing /home/airflow/.local/lib/python3.8/site-packages/airflow/example_dags/example_short_circuit_operator.py took 0.148 seconds
