[2025-09-18T07:36:26.911+0000] {processor.py:161} INFO - Started process (PID=72) to work on /home/airflow/.local/lib/python3.8/site-packages/airflow/example_dags/example_task_group_decorator.py
[2025-09-18T07:36:26.913+0000] {processor.py:830} INFO - Processing file /home/airflow/.local/lib/python3.8/site-packages/airflow/example_dags/example_task_group_decorator.py for tasks to queue
[2025-09-18T07:36:26.916+0000] {logging_mixin.py:188} INFO - [2025-09-18T07:36:26.916+0000] {dagbag.py:538} INFO - Filling up the DagBag from /home/airflow/.local/lib/python3.8/site-packages/airflow/example_dags/example_task_group_decorator.py
[2025-09-18T07:36:26.951+0000] {processor.py:840} INFO - DAG(s) 'example_task_group_decorator' retrieved from /home/airflow/.local/lib/python3.8/site-packages/airflow/example_dags/example_task_group_decorator.py
[2025-09-18T07:36:27.151+0000] {logging_mixin.py:188} INFO - [2025-09-18T07:36:27.150+0000] {override.py:1769} INFO - Created Permission View: can read on DAG:example_task_group_decorator
[2025-09-18T07:36:27.172+0000] {logging_mixin.py:188} INFO - [2025-09-18T07:36:27.171+0000] {override.py:1769} INFO - Created Permission View: can delete on DAG:example_task_group_decorator
[2025-09-18T07:36:27.186+0000] {logging_mixin.py:188} INFO - [2025-09-18T07:36:27.186+0000] {override.py:1769} INFO - Created Permission View: can edit on DAG:example_task_group_decorator
[2025-09-18T07:36:27.188+0000] {logging_mixin.py:188} INFO - [2025-09-18T07:36:27.187+0000] {dag.py:3036} INFO - Sync 1 DAGs
[2025-09-18T07:36:27.209+0000] {logging_mixin.py:188} INFO - [2025-09-18T07:36:27.208+0000] {dag.py:3058} INFO - Creating ORM DAG for example_task_group_decorator
[2025-09-18T07:36:27.228+0000] {logging_mixin.py:188} INFO - [2025-09-18T07:36:27.228+0000] {dag.py:3823} INFO - Setting next_dagrun for example_task_group_decorator to 2025-09-17 00:00:00+00:00, run_after=2025-09-18 00:00:00+00:00
[2025-09-18T07:36:27.267+0000] {processor.py:183} INFO - Processing /home/airflow/.local/lib/python3.8/site-packages/airflow/example_dags/example_task_group_decorator.py took 0.363 seconds
[2025-09-18T07:36:57.592+0000] {processor.py:161} INFO - Started process (PID=127) to work on /home/airflow/.local/lib/python3.8/site-packages/airflow/example_dags/example_task_group_decorator.py
[2025-09-18T07:36:57.595+0000] {processor.py:830} INFO - Processing file /home/airflow/.local/lib/python3.8/site-packages/airflow/example_dags/example_task_group_decorator.py for tasks to queue
[2025-09-18T07:36:57.599+0000] {logging_mixin.py:188} INFO - [2025-09-18T07:36:57.598+0000] {dagbag.py:538} INFO - Filling up the DagBag from /home/airflow/.local/lib/python3.8/site-packages/airflow/example_dags/example_task_group_decorator.py
[2025-09-18T07:36:57.630+0000] {processor.py:840} INFO - DAG(s) 'example_task_group_decorator' retrieved from /home/airflow/.local/lib/python3.8/site-packages/airflow/example_dags/example_task_group_decorator.py
[2025-09-18T07:36:57.683+0000] {logging_mixin.py:188} INFO - [2025-09-18T07:36:57.683+0000] {dag.py:3036} INFO - Sync 1 DAGs
[2025-09-18T07:36:57.736+0000] {logging_mixin.py:188} INFO - [2025-09-18T07:36:57.735+0000] {dag.py:3823} INFO - Setting next_dagrun for example_task_group_decorator to 2025-09-17 00:00:00+00:00, run_after=2025-09-18 00:00:00+00:00
[2025-09-18T07:36:57.778+0000] {processor.py:183} INFO - Processing /home/airflow/.local/lib/python3.8/site-packages/airflow/example_dags/example_task_group_decorator.py took 0.195 seconds
[2025-09-18T07:37:28.443+0000] {processor.py:161} INFO - Started process (PID=182) to work on /home/airflow/.local/lib/python3.8/site-packages/airflow/example_dags/example_task_group_decorator.py
[2025-09-18T07:37:28.445+0000] {processor.py:830} INFO - Processing file /home/airflow/.local/lib/python3.8/site-packages/airflow/example_dags/example_task_group_decorator.py for tasks to queue
[2025-09-18T07:37:28.449+0000] {logging_mixin.py:188} INFO - [2025-09-18T07:37:28.448+0000] {dagbag.py:538} INFO - Filling up the DagBag from /home/airflow/.local/lib/python3.8/site-packages/airflow/example_dags/example_task_group_decorator.py
[2025-09-18T07:37:28.479+0000] {processor.py:840} INFO - DAG(s) 'example_task_group_decorator' retrieved from /home/airflow/.local/lib/python3.8/site-packages/airflow/example_dags/example_task_group_decorator.py
[2025-09-18T07:37:28.528+0000] {logging_mixin.py:188} INFO - [2025-09-18T07:37:28.527+0000] {dag.py:3036} INFO - Sync 1 DAGs
[2025-09-18T07:37:28.577+0000] {logging_mixin.py:188} INFO - [2025-09-18T07:37:28.577+0000] {dag.py:3823} INFO - Setting next_dagrun for example_task_group_decorator to 2025-09-17 00:00:00+00:00, run_after=2025-09-18 00:00:00+00:00
[2025-09-18T07:37:28.621+0000] {processor.py:183} INFO - Processing /home/airflow/.local/lib/python3.8/site-packages/airflow/example_dags/example_task_group_decorator.py took 0.185 seconds
[2025-09-18T07:37:59.334+0000] {processor.py:161} INFO - Started process (PID=237) to work on /home/airflow/.local/lib/python3.8/site-packages/airflow/example_dags/example_task_group_decorator.py
[2025-09-18T07:37:59.336+0000] {processor.py:830} INFO - Processing file /home/airflow/.local/lib/python3.8/site-packages/airflow/example_dags/example_task_group_decorator.py for tasks to queue
[2025-09-18T07:37:59.340+0000] {logging_mixin.py:188} INFO - [2025-09-18T07:37:59.339+0000] {dagbag.py:538} INFO - Filling up the DagBag from /home/airflow/.local/lib/python3.8/site-packages/airflow/example_dags/example_task_group_decorator.py
[2025-09-18T07:37:59.370+0000] {processor.py:840} INFO - DAG(s) 'example_task_group_decorator' retrieved from /home/airflow/.local/lib/python3.8/site-packages/airflow/example_dags/example_task_group_decorator.py
[2025-09-18T07:37:59.414+0000] {logging_mixin.py:188} INFO - [2025-09-18T07:37:59.413+0000] {dag.py:3036} INFO - Sync 1 DAGs
[2025-09-18T07:37:59.456+0000] {logging_mixin.py:188} INFO - [2025-09-18T07:37:59.456+0000] {dag.py:3823} INFO - Setting next_dagrun for example_task_group_decorator to 2025-09-17 00:00:00+00:00, run_after=2025-09-18 00:00:00+00:00
[2025-09-18T07:37:59.494+0000] {processor.py:183} INFO - Processing /home/airflow/.local/lib/python3.8/site-packages/airflow/example_dags/example_task_group_decorator.py took 0.165 seconds
[2025-09-18T07:38:30.134+0000] {processor.py:161} INFO - Started process (PID=292) to work on /home/airflow/.local/lib/python3.8/site-packages/airflow/example_dags/example_task_group_decorator.py
[2025-09-18T07:38:30.137+0000] {processor.py:830} INFO - Processing file /home/airflow/.local/lib/python3.8/site-packages/airflow/example_dags/example_task_group_decorator.py for tasks to queue
[2025-09-18T07:38:30.142+0000] {logging_mixin.py:188} INFO - [2025-09-18T07:38:30.141+0000] {dagbag.py:538} INFO - Filling up the DagBag from /home/airflow/.local/lib/python3.8/site-packages/airflow/example_dags/example_task_group_decorator.py
[2025-09-18T07:38:30.195+0000] {processor.py:840} INFO - DAG(s) 'example_task_group_decorator' retrieved from /home/airflow/.local/lib/python3.8/site-packages/airflow/example_dags/example_task_group_decorator.py
[2025-09-18T07:38:30.264+0000] {logging_mixin.py:188} INFO - [2025-09-18T07:38:30.264+0000] {dag.py:3036} INFO - Sync 1 DAGs
[2025-09-18T07:38:30.342+0000] {logging_mixin.py:188} INFO - [2025-09-18T07:38:30.341+0000] {dag.py:3823} INFO - Setting next_dagrun for example_task_group_decorator to 2025-09-17 00:00:00+00:00, run_after=2025-09-18 00:00:00+00:00
[2025-09-18T07:38:30.400+0000] {processor.py:183} INFO - Processing /home/airflow/.local/lib/python3.8/site-packages/airflow/example_dags/example_task_group_decorator.py took 0.279 seconds
[2025-09-18T07:39:00.856+0000] {processor.py:161} INFO - Started process (PID=346) to work on /home/airflow/.local/lib/python3.8/site-packages/airflow/example_dags/example_task_group_decorator.py
[2025-09-18T07:39:00.859+0000] {processor.py:830} INFO - Processing file /home/airflow/.local/lib/python3.8/site-packages/airflow/example_dags/example_task_group_decorator.py for tasks to queue
[2025-09-18T07:39:00.862+0000] {logging_mixin.py:188} INFO - [2025-09-18T07:39:00.861+0000] {dagbag.py:538} INFO - Filling up the DagBag from /home/airflow/.local/lib/python3.8/site-packages/airflow/example_dags/example_task_group_decorator.py
[2025-09-18T07:39:00.891+0000] {processor.py:840} INFO - DAG(s) 'example_task_group_decorator' retrieved from /home/airflow/.local/lib/python3.8/site-packages/airflow/example_dags/example_task_group_decorator.py
[2025-09-18T07:39:00.938+0000] {logging_mixin.py:188} INFO - [2025-09-18T07:39:00.937+0000] {dag.py:3036} INFO - Sync 1 DAGs
[2025-09-18T07:39:00.978+0000] {logging_mixin.py:188} INFO - [2025-09-18T07:39:00.977+0000] {dag.py:3823} INFO - Setting next_dagrun for example_task_group_decorator to 2025-09-17 00:00:00+00:00, run_after=2025-09-18 00:00:00+00:00
[2025-09-18T07:39:01.038+0000] {processor.py:183} INFO - Processing /home/airflow/.local/lib/python3.8/site-packages/airflow/example_dags/example_task_group_decorator.py took 0.188 seconds
[2025-09-18T07:39:31.566+0000] {processor.py:161} INFO - Started process (PID=401) to work on /home/airflow/.local/lib/python3.8/site-packages/airflow/example_dags/example_task_group_decorator.py
[2025-09-18T07:39:31.568+0000] {processor.py:830} INFO - Processing file /home/airflow/.local/lib/python3.8/site-packages/airflow/example_dags/example_task_group_decorator.py for tasks to queue
[2025-09-18T07:39:31.572+0000] {logging_mixin.py:188} INFO - [2025-09-18T07:39:31.571+0000] {dagbag.py:538} INFO - Filling up the DagBag from /home/airflow/.local/lib/python3.8/site-packages/airflow/example_dags/example_task_group_decorator.py
[2025-09-18T07:39:31.607+0000] {processor.py:840} INFO - DAG(s) 'example_task_group_decorator' retrieved from /home/airflow/.local/lib/python3.8/site-packages/airflow/example_dags/example_task_group_decorator.py
[2025-09-18T07:39:31.664+0000] {logging_mixin.py:188} INFO - [2025-09-18T07:39:31.664+0000] {dag.py:3036} INFO - Sync 1 DAGs
[2025-09-18T07:39:31.714+0000] {logging_mixin.py:188} INFO - [2025-09-18T07:39:31.714+0000] {dag.py:3823} INFO - Setting next_dagrun for example_task_group_decorator to 2025-09-17 00:00:00+00:00, run_after=2025-09-18 00:00:00+00:00
[2025-09-18T07:39:31.755+0000] {processor.py:183} INFO - Processing /home/airflow/.local/lib/python3.8/site-packages/airflow/example_dags/example_task_group_decorator.py took 0.197 seconds
[2025-09-18T07:40:01.904+0000] {processor.py:161} INFO - Started process (PID=456) to work on /home/airflow/.local/lib/python3.8/site-packages/airflow/example_dags/example_task_group_decorator.py
[2025-09-18T07:40:01.906+0000] {processor.py:830} INFO - Processing file /home/airflow/.local/lib/python3.8/site-packages/airflow/example_dags/example_task_group_decorator.py for tasks to queue
[2025-09-18T07:40:01.911+0000] {logging_mixin.py:188} INFO - [2025-09-18T07:40:01.910+0000] {dagbag.py:538} INFO - Filling up the DagBag from /home/airflow/.local/lib/python3.8/site-packages/airflow/example_dags/example_task_group_decorator.py
[2025-09-18T07:40:01.940+0000] {processor.py:840} INFO - DAG(s) 'example_task_group_decorator' retrieved from /home/airflow/.local/lib/python3.8/site-packages/airflow/example_dags/example_task_group_decorator.py
[2025-09-18T07:40:01.995+0000] {logging_mixin.py:188} INFO - [2025-09-18T07:40:01.994+0000] {dag.py:3036} INFO - Sync 1 DAGs
[2025-09-18T07:40:02.037+0000] {logging_mixin.py:188} INFO - [2025-09-18T07:40:02.036+0000] {dag.py:3823} INFO - Setting next_dagrun for example_task_group_decorator to 2025-09-17 00:00:00+00:00, run_after=2025-09-18 00:00:00+00:00
[2025-09-18T07:40:02.080+0000] {processor.py:183} INFO - Processing /home/airflow/.local/lib/python3.8/site-packages/airflow/example_dags/example_task_group_decorator.py took 0.182 seconds
[2025-09-18T07:40:32.623+0000] {processor.py:161} INFO - Started process (PID=512) to work on /home/airflow/.local/lib/python3.8/site-packages/airflow/example_dags/example_task_group_decorator.py
[2025-09-18T07:40:32.626+0000] {processor.py:830} INFO - Processing file /home/airflow/.local/lib/python3.8/site-packages/airflow/example_dags/example_task_group_decorator.py for tasks to queue
[2025-09-18T07:40:32.630+0000] {logging_mixin.py:188} INFO - [2025-09-18T07:40:32.629+0000] {dagbag.py:538} INFO - Filling up the DagBag from /home/airflow/.local/lib/python3.8/site-packages/airflow/example_dags/example_task_group_decorator.py
[2025-09-18T07:40:32.668+0000] {processor.py:840} INFO - DAG(s) 'example_task_group_decorator' retrieved from /home/airflow/.local/lib/python3.8/site-packages/airflow/example_dags/example_task_group_decorator.py
[2025-09-18T07:40:32.725+0000] {logging_mixin.py:188} INFO - [2025-09-18T07:40:32.725+0000] {dag.py:3036} INFO - Sync 1 DAGs
[2025-09-18T07:40:32.773+0000] {logging_mixin.py:188} INFO - [2025-09-18T07:40:32.772+0000] {dag.py:3823} INFO - Setting next_dagrun for example_task_group_decorator to 2025-09-17 00:00:00+00:00, run_after=2025-09-18 00:00:00+00:00
[2025-09-18T07:40:32.816+0000] {processor.py:183} INFO - Processing /home/airflow/.local/lib/python3.8/site-packages/airflow/example_dags/example_task_group_decorator.py took 0.201 seconds
[2025-09-18T07:41:03.853+0000] {processor.py:161} INFO - Started process (PID=567) to work on /home/airflow/.local/lib/python3.8/site-packages/airflow/example_dags/example_task_group_decorator.py
[2025-09-18T07:41:03.855+0000] {processor.py:830} INFO - Processing file /home/airflow/.local/lib/python3.8/site-packages/airflow/example_dags/example_task_group_decorator.py for tasks to queue
[2025-09-18T07:41:03.861+0000] {logging_mixin.py:188} INFO - [2025-09-18T07:41:03.860+0000] {dagbag.py:538} INFO - Filling up the DagBag from /home/airflow/.local/lib/python3.8/site-packages/airflow/example_dags/example_task_group_decorator.py
[2025-09-18T07:41:03.905+0000] {processor.py:840} INFO - DAG(s) 'example_task_group_decorator' retrieved from /home/airflow/.local/lib/python3.8/site-packages/airflow/example_dags/example_task_group_decorator.py
[2025-09-18T07:41:03.967+0000] {logging_mixin.py:188} INFO - [2025-09-18T07:41:03.967+0000] {dag.py:3036} INFO - Sync 1 DAGs
[2025-09-18T07:41:04.019+0000] {logging_mixin.py:188} INFO - [2025-09-18T07:41:04.018+0000] {dag.py:3823} INFO - Setting next_dagrun for example_task_group_decorator to 2025-09-17 00:00:00+00:00, run_after=2025-09-18 00:00:00+00:00
[2025-09-18T07:41:04.070+0000] {processor.py:183} INFO - Processing /home/airflow/.local/lib/python3.8/site-packages/airflow/example_dags/example_task_group_decorator.py took 0.226 seconds
[2025-09-18T07:41:34.284+0000] {processor.py:161} INFO - Started process (PID=622) to work on /home/airflow/.local/lib/python3.8/site-packages/airflow/example_dags/example_task_group_decorator.py
[2025-09-18T07:41:34.286+0000] {processor.py:830} INFO - Processing file /home/airflow/.local/lib/python3.8/site-packages/airflow/example_dags/example_task_group_decorator.py for tasks to queue
[2025-09-18T07:41:34.289+0000] {logging_mixin.py:188} INFO - [2025-09-18T07:41:34.289+0000] {dagbag.py:538} INFO - Filling up the DagBag from /home/airflow/.local/lib/python3.8/site-packages/airflow/example_dags/example_task_group_decorator.py
[2025-09-18T07:41:34.322+0000] {processor.py:840} INFO - DAG(s) 'example_task_group_decorator' retrieved from /home/airflow/.local/lib/python3.8/site-packages/airflow/example_dags/example_task_group_decorator.py
[2025-09-18T07:41:34.402+0000] {logging_mixin.py:188} INFO - [2025-09-18T07:41:34.402+0000] {dag.py:3036} INFO - Sync 1 DAGs
[2025-09-18T07:41:34.478+0000] {logging_mixin.py:188} INFO - [2025-09-18T07:41:34.477+0000] {dag.py:3823} INFO - Setting next_dagrun for example_task_group_decorator to 2025-09-17 00:00:00+00:00, run_after=2025-09-18 00:00:00+00:00
[2025-09-18T07:41:34.515+0000] {processor.py:183} INFO - Processing /home/airflow/.local/lib/python3.8/site-packages/airflow/example_dags/example_task_group_decorator.py took 0.237 seconds
[2025-09-18T07:42:05.253+0000] {processor.py:161} INFO - Started process (PID=677) to work on /home/airflow/.local/lib/python3.8/site-packages/airflow/example_dags/example_task_group_decorator.py
[2025-09-18T07:42:05.255+0000] {processor.py:830} INFO - Processing file /home/airflow/.local/lib/python3.8/site-packages/airflow/example_dags/example_task_group_decorator.py for tasks to queue
[2025-09-18T07:42:05.260+0000] {logging_mixin.py:188} INFO - [2025-09-18T07:42:05.259+0000] {dagbag.py:538} INFO - Filling up the DagBag from /home/airflow/.local/lib/python3.8/site-packages/airflow/example_dags/example_task_group_decorator.py
[2025-09-18T07:42:05.293+0000] {processor.py:840} INFO - DAG(s) 'example_task_group_decorator' retrieved from /home/airflow/.local/lib/python3.8/site-packages/airflow/example_dags/example_task_group_decorator.py
[2025-09-18T07:42:05.345+0000] {logging_mixin.py:188} INFO - [2025-09-18T07:42:05.345+0000] {dag.py:3036} INFO - Sync 1 DAGs
[2025-09-18T07:42:05.399+0000] {logging_mixin.py:188} INFO - [2025-09-18T07:42:05.398+0000] {dag.py:3823} INFO - Setting next_dagrun for example_task_group_decorator to 2025-09-17 00:00:00+00:00, run_after=2025-09-18 00:00:00+00:00
[2025-09-18T07:42:05.445+0000] {processor.py:183} INFO - Processing /home/airflow/.local/lib/python3.8/site-packages/airflow/example_dags/example_task_group_decorator.py took 0.198 seconds
[2025-09-18T07:42:35.993+0000] {processor.py:161} INFO - Started process (PID=732) to work on /home/airflow/.local/lib/python3.8/site-packages/airflow/example_dags/example_task_group_decorator.py
[2025-09-18T07:42:35.996+0000] {processor.py:830} INFO - Processing file /home/airflow/.local/lib/python3.8/site-packages/airflow/example_dags/example_task_group_decorator.py for tasks to queue
[2025-09-18T07:42:36.001+0000] {logging_mixin.py:188} INFO - [2025-09-18T07:42:36.000+0000] {dagbag.py:538} INFO - Filling up the DagBag from /home/airflow/.local/lib/python3.8/site-packages/airflow/example_dags/example_task_group_decorator.py
[2025-09-18T07:42:36.040+0000] {processor.py:840} INFO - DAG(s) 'example_task_group_decorator' retrieved from /home/airflow/.local/lib/python3.8/site-packages/airflow/example_dags/example_task_group_decorator.py
[2025-09-18T07:42:36.097+0000] {logging_mixin.py:188} INFO - [2025-09-18T07:42:36.097+0000] {dag.py:3036} INFO - Sync 1 DAGs
[2025-09-18T07:42:36.156+0000] {logging_mixin.py:188} INFO - [2025-09-18T07:42:36.155+0000] {dag.py:3823} INFO - Setting next_dagrun for example_task_group_decorator to 2025-09-17 00:00:00+00:00, run_after=2025-09-18 00:00:00+00:00
[2025-09-18T07:42:36.203+0000] {processor.py:183} INFO - Processing /home/airflow/.local/lib/python3.8/site-packages/airflow/example_dags/example_task_group_decorator.py took 0.218 seconds
[2025-09-18T07:43:06.783+0000] {processor.py:161} INFO - Started process (PID=787) to work on /home/airflow/.local/lib/python3.8/site-packages/airflow/example_dags/example_task_group_decorator.py
[2025-09-18T07:43:06.785+0000] {processor.py:830} INFO - Processing file /home/airflow/.local/lib/python3.8/site-packages/airflow/example_dags/example_task_group_decorator.py for tasks to queue
[2025-09-18T07:43:06.788+0000] {logging_mixin.py:188} INFO - [2025-09-18T07:43:06.788+0000] {dagbag.py:538} INFO - Filling up the DagBag from /home/airflow/.local/lib/python3.8/site-packages/airflow/example_dags/example_task_group_decorator.py
[2025-09-18T07:43:06.818+0000] {processor.py:840} INFO - DAG(s) 'example_task_group_decorator' retrieved from /home/airflow/.local/lib/python3.8/site-packages/airflow/example_dags/example_task_group_decorator.py
[2025-09-18T07:43:06.863+0000] {logging_mixin.py:188} INFO - [2025-09-18T07:43:06.862+0000] {dag.py:3036} INFO - Sync 1 DAGs
[2025-09-18T07:43:06.902+0000] {logging_mixin.py:188} INFO - [2025-09-18T07:43:06.901+0000] {dag.py:3823} INFO - Setting next_dagrun for example_task_group_decorator to 2025-09-17 00:00:00+00:00, run_after=2025-09-18 00:00:00+00:00
[2025-09-18T07:43:06.940+0000] {processor.py:183} INFO - Processing /home/airflow/.local/lib/python3.8/site-packages/airflow/example_dags/example_task_group_decorator.py took 0.163 seconds
[2025-09-18T07:43:37.872+0000] {processor.py:161} INFO - Started process (PID=842) to work on /home/airflow/.local/lib/python3.8/site-packages/airflow/example_dags/example_task_group_decorator.py
[2025-09-18T07:43:37.874+0000] {processor.py:830} INFO - Processing file /home/airflow/.local/lib/python3.8/site-packages/airflow/example_dags/example_task_group_decorator.py for tasks to queue
[2025-09-18T07:43:37.879+0000] {logging_mixin.py:188} INFO - [2025-09-18T07:43:37.878+0000] {dagbag.py:538} INFO - Filling up the DagBag from /home/airflow/.local/lib/python3.8/site-packages/airflow/example_dags/example_task_group_decorator.py
[2025-09-18T07:43:37.920+0000] {processor.py:840} INFO - DAG(s) 'example_task_group_decorator' retrieved from /home/airflow/.local/lib/python3.8/site-packages/airflow/example_dags/example_task_group_decorator.py
[2025-09-18T07:43:37.980+0000] {logging_mixin.py:188} INFO - [2025-09-18T07:43:37.979+0000] {dag.py:3036} INFO - Sync 1 DAGs
[2025-09-18T07:43:38.028+0000] {logging_mixin.py:188} INFO - [2025-09-18T07:43:38.028+0000] {dag.py:3823} INFO - Setting next_dagrun for example_task_group_decorator to 2025-09-17 00:00:00+00:00, run_after=2025-09-18 00:00:00+00:00
[2025-09-18T07:43:38.079+0000] {processor.py:183} INFO - Processing /home/airflow/.local/lib/python3.8/site-packages/airflow/example_dags/example_task_group_decorator.py took 0.215 seconds
[2025-09-18T07:44:08.152+0000] {processor.py:161} INFO - Started process (PID=897) to work on /home/airflow/.local/lib/python3.8/site-packages/airflow/example_dags/example_task_group_decorator.py
[2025-09-18T07:44:08.154+0000] {processor.py:830} INFO - Processing file /home/airflow/.local/lib/python3.8/site-packages/airflow/example_dags/example_task_group_decorator.py for tasks to queue
[2025-09-18T07:44:08.158+0000] {logging_mixin.py:188} INFO - [2025-09-18T07:44:08.158+0000] {dagbag.py:538} INFO - Filling up the DagBag from /home/airflow/.local/lib/python3.8/site-packages/airflow/example_dags/example_task_group_decorator.py
[2025-09-18T07:44:08.188+0000] {processor.py:840} INFO - DAG(s) 'example_task_group_decorator' retrieved from /home/airflow/.local/lib/python3.8/site-packages/airflow/example_dags/example_task_group_decorator.py
[2025-09-18T07:44:08.239+0000] {logging_mixin.py:188} INFO - [2025-09-18T07:44:08.239+0000] {dag.py:3036} INFO - Sync 1 DAGs
[2025-09-18T07:44:08.288+0000] {logging_mixin.py:188} INFO - [2025-09-18T07:44:08.287+0000] {dag.py:3823} INFO - Setting next_dagrun for example_task_group_decorator to 2025-09-17 00:00:00+00:00, run_after=2025-09-18 00:00:00+00:00
[2025-09-18T07:44:08.323+0000] {processor.py:183} INFO - Processing /home/airflow/.local/lib/python3.8/site-packages/airflow/example_dags/example_task_group_decorator.py took 0.178 seconds
[2025-09-18T07:44:38.892+0000] {processor.py:161} INFO - Started process (PID=952) to work on /home/airflow/.local/lib/python3.8/site-packages/airflow/example_dags/example_task_group_decorator.py
[2025-09-18T07:44:38.893+0000] {processor.py:830} INFO - Processing file /home/airflow/.local/lib/python3.8/site-packages/airflow/example_dags/example_task_group_decorator.py for tasks to queue
[2025-09-18T07:44:38.897+0000] {logging_mixin.py:188} INFO - [2025-09-18T07:44:38.897+0000] {dagbag.py:538} INFO - Filling up the DagBag from /home/airflow/.local/lib/python3.8/site-packages/airflow/example_dags/example_task_group_decorator.py
[2025-09-18T07:44:38.931+0000] {processor.py:840} INFO - DAG(s) 'example_task_group_decorator' retrieved from /home/airflow/.local/lib/python3.8/site-packages/airflow/example_dags/example_task_group_decorator.py
[2025-09-18T07:44:38.986+0000] {logging_mixin.py:188} INFO - [2025-09-18T07:44:38.986+0000] {dag.py:3036} INFO - Sync 1 DAGs
[2025-09-18T07:44:39.037+0000] {logging_mixin.py:188} INFO - [2025-09-18T07:44:39.037+0000] {dag.py:3823} INFO - Setting next_dagrun for example_task_group_decorator to 2025-09-17 00:00:00+00:00, run_after=2025-09-18 00:00:00+00:00
[2025-09-18T07:44:39.077+0000] {processor.py:183} INFO - Processing /home/airflow/.local/lib/python3.8/site-packages/airflow/example_dags/example_task_group_decorator.py took 0.191 seconds
[2025-09-18T07:45:09.963+0000] {processor.py:161} INFO - Started process (PID=1013) to work on /home/airflow/.local/lib/python3.8/site-packages/airflow/example_dags/example_task_group_decorator.py
[2025-09-18T07:45:09.965+0000] {processor.py:830} INFO - Processing file /home/airflow/.local/lib/python3.8/site-packages/airflow/example_dags/example_task_group_decorator.py for tasks to queue
[2025-09-18T07:45:09.970+0000] {logging_mixin.py:188} INFO - [2025-09-18T07:45:09.969+0000] {dagbag.py:538} INFO - Filling up the DagBag from /home/airflow/.local/lib/python3.8/site-packages/airflow/example_dags/example_task_group_decorator.py
[2025-09-18T07:45:10.008+0000] {processor.py:840} INFO - DAG(s) 'example_task_group_decorator' retrieved from /home/airflow/.local/lib/python3.8/site-packages/airflow/example_dags/example_task_group_decorator.py
[2025-09-18T07:45:10.068+0000] {logging_mixin.py:188} INFO - [2025-09-18T07:45:10.068+0000] {dag.py:3036} INFO - Sync 1 DAGs
[2025-09-18T07:45:10.123+0000] {logging_mixin.py:188} INFO - [2025-09-18T07:45:10.123+0000] {dag.py:3823} INFO - Setting next_dagrun for example_task_group_decorator to 2025-09-17 00:00:00+00:00, run_after=2025-09-18 00:00:00+00:00
[2025-09-18T07:45:10.170+0000] {processor.py:183} INFO - Processing /home/airflow/.local/lib/python3.8/site-packages/airflow/example_dags/example_task_group_decorator.py took 0.215 seconds
[2025-09-18T07:45:40.386+0000] {processor.py:161} INFO - Started process (PID=1068) to work on /home/airflow/.local/lib/python3.8/site-packages/airflow/example_dags/example_task_group_decorator.py
[2025-09-18T07:45:40.389+0000] {processor.py:830} INFO - Processing file /home/airflow/.local/lib/python3.8/site-packages/airflow/example_dags/example_task_group_decorator.py for tasks to queue
[2025-09-18T07:45:40.394+0000] {logging_mixin.py:188} INFO - [2025-09-18T07:45:40.393+0000] {dagbag.py:538} INFO - Filling up the DagBag from /home/airflow/.local/lib/python3.8/site-packages/airflow/example_dags/example_task_group_decorator.py
[2025-09-18T07:45:40.434+0000] {processor.py:840} INFO - DAG(s) 'example_task_group_decorator' retrieved from /home/airflow/.local/lib/python3.8/site-packages/airflow/example_dags/example_task_group_decorator.py
[2025-09-18T07:45:40.488+0000] {logging_mixin.py:188} INFO - [2025-09-18T07:45:40.488+0000] {dag.py:3036} INFO - Sync 1 DAGs
[2025-09-18T07:45:40.531+0000] {logging_mixin.py:188} INFO - [2025-09-18T07:45:40.531+0000] {dag.py:3823} INFO - Setting next_dagrun for example_task_group_decorator to 2025-09-17 00:00:00+00:00, run_after=2025-09-18 00:00:00+00:00
[2025-09-18T07:45:40.572+0000] {processor.py:183} INFO - Processing /home/airflow/.local/lib/python3.8/site-packages/airflow/example_dags/example_task_group_decorator.py took 0.193 seconds
[2025-09-18T07:46:11.128+0000] {processor.py:161} INFO - Started process (PID=1123) to work on /home/airflow/.local/lib/python3.8/site-packages/airflow/example_dags/example_task_group_decorator.py
[2025-09-18T07:46:11.130+0000] {processor.py:830} INFO - Processing file /home/airflow/.local/lib/python3.8/site-packages/airflow/example_dags/example_task_group_decorator.py for tasks to queue
[2025-09-18T07:46:11.134+0000] {logging_mixin.py:188} INFO - [2025-09-18T07:46:11.134+0000] {dagbag.py:538} INFO - Filling up the DagBag from /home/airflow/.local/lib/python3.8/site-packages/airflow/example_dags/example_task_group_decorator.py
[2025-09-18T07:46:11.162+0000] {processor.py:840} INFO - DAG(s) 'example_task_group_decorator' retrieved from /home/airflow/.local/lib/python3.8/site-packages/airflow/example_dags/example_task_group_decorator.py
[2025-09-18T07:46:11.208+0000] {logging_mixin.py:188} INFO - [2025-09-18T07:46:11.208+0000] {dag.py:3036} INFO - Sync 1 DAGs
[2025-09-18T07:46:11.251+0000] {logging_mixin.py:188} INFO - [2025-09-18T07:46:11.250+0000] {dag.py:3823} INFO - Setting next_dagrun for example_task_group_decorator to 2025-09-17 00:00:00+00:00, run_after=2025-09-18 00:00:00+00:00
[2025-09-18T07:46:11.283+0000] {processor.py:183} INFO - Processing /home/airflow/.local/lib/python3.8/site-packages/airflow/example_dags/example_task_group_decorator.py took 0.160 seconds
[2025-09-18T07:46:41.968+0000] {processor.py:161} INFO - Started process (PID=1178) to work on /home/airflow/.local/lib/python3.8/site-packages/airflow/example_dags/example_task_group_decorator.py
[2025-09-18T07:46:41.971+0000] {processor.py:830} INFO - Processing file /home/airflow/.local/lib/python3.8/site-packages/airflow/example_dags/example_task_group_decorator.py for tasks to queue
[2025-09-18T07:46:41.981+0000] {logging_mixin.py:188} INFO - [2025-09-18T07:46:41.979+0000] {dagbag.py:538} INFO - Filling up the DagBag from /home/airflow/.local/lib/python3.8/site-packages/airflow/example_dags/example_task_group_decorator.py
[2025-09-18T07:46:42.023+0000] {processor.py:840} INFO - DAG(s) 'example_task_group_decorator' retrieved from /home/airflow/.local/lib/python3.8/site-packages/airflow/example_dags/example_task_group_decorator.py
[2025-09-18T07:46:42.098+0000] {logging_mixin.py:188} INFO - [2025-09-18T07:46:42.097+0000] {dag.py:3036} INFO - Sync 1 DAGs
[2025-09-18T07:46:42.170+0000] {logging_mixin.py:188} INFO - [2025-09-18T07:46:42.170+0000] {dag.py:3823} INFO - Setting next_dagrun for example_task_group_decorator to 2025-09-17 00:00:00+00:00, run_after=2025-09-18 00:00:00+00:00
[2025-09-18T07:46:42.271+0000] {processor.py:183} INFO - Processing /home/airflow/.local/lib/python3.8/site-packages/airflow/example_dags/example_task_group_decorator.py took 0.312 seconds
[2025-09-18T07:47:12.528+0000] {processor.py:161} INFO - Started process (PID=1233) to work on /home/airflow/.local/lib/python3.8/site-packages/airflow/example_dags/example_task_group_decorator.py
[2025-09-18T07:47:12.530+0000] {processor.py:830} INFO - Processing file /home/airflow/.local/lib/python3.8/site-packages/airflow/example_dags/example_task_group_decorator.py for tasks to queue
[2025-09-18T07:47:12.533+0000] {logging_mixin.py:188} INFO - [2025-09-18T07:47:12.533+0000] {dagbag.py:538} INFO - Filling up the DagBag from /home/airflow/.local/lib/python3.8/site-packages/airflow/example_dags/example_task_group_decorator.py
[2025-09-18T07:47:12.560+0000] {processor.py:840} INFO - DAG(s) 'example_task_group_decorator' retrieved from /home/airflow/.local/lib/python3.8/site-packages/airflow/example_dags/example_task_group_decorator.py
[2025-09-18T07:47:12.607+0000] {logging_mixin.py:188} INFO - [2025-09-18T07:47:12.607+0000] {dag.py:3036} INFO - Sync 1 DAGs
[2025-09-18T07:47:12.646+0000] {logging_mixin.py:188} INFO - [2025-09-18T07:47:12.646+0000] {dag.py:3823} INFO - Setting next_dagrun for example_task_group_decorator to 2025-09-17 00:00:00+00:00, run_after=2025-09-18 00:00:00+00:00
[2025-09-18T07:47:12.685+0000] {processor.py:183} INFO - Processing /home/airflow/.local/lib/python3.8/site-packages/airflow/example_dags/example_task_group_decorator.py took 0.164 seconds
[2025-09-18T07:47:43.265+0000] {processor.py:161} INFO - Started process (PID=1289) to work on /home/airflow/.local/lib/python3.8/site-packages/airflow/example_dags/example_task_group_decorator.py
[2025-09-18T07:47:43.267+0000] {processor.py:830} INFO - Processing file /home/airflow/.local/lib/python3.8/site-packages/airflow/example_dags/example_task_group_decorator.py for tasks to queue
[2025-09-18T07:47:43.271+0000] {logging_mixin.py:188} INFO - [2025-09-18T07:47:43.271+0000] {dagbag.py:538} INFO - Filling up the DagBag from /home/airflow/.local/lib/python3.8/site-packages/airflow/example_dags/example_task_group_decorator.py
[2025-09-18T07:47:43.302+0000] {processor.py:840} INFO - DAG(s) 'example_task_group_decorator' retrieved from /home/airflow/.local/lib/python3.8/site-packages/airflow/example_dags/example_task_group_decorator.py
[2025-09-18T07:47:43.349+0000] {logging_mixin.py:188} INFO - [2025-09-18T07:47:43.349+0000] {dag.py:3036} INFO - Sync 1 DAGs
[2025-09-18T07:47:43.391+0000] {logging_mixin.py:188} INFO - [2025-09-18T07:47:43.390+0000] {dag.py:3823} INFO - Setting next_dagrun for example_task_group_decorator to 2025-09-17 00:00:00+00:00, run_after=2025-09-18 00:00:00+00:00
[2025-09-18T07:47:43.424+0000] {processor.py:183} INFO - Processing /home/airflow/.local/lib/python3.8/site-packages/airflow/example_dags/example_task_group_decorator.py took 0.166 seconds
[2025-09-18T07:48:13.990+0000] {processor.py:161} INFO - Started process (PID=1344) to work on /home/airflow/.local/lib/python3.8/site-packages/airflow/example_dags/example_task_group_decorator.py
[2025-09-18T07:48:13.992+0000] {processor.py:830} INFO - Processing file /home/airflow/.local/lib/python3.8/site-packages/airflow/example_dags/example_task_group_decorator.py for tasks to queue
[2025-09-18T07:48:13.997+0000] {logging_mixin.py:188} INFO - [2025-09-18T07:48:13.997+0000] {dagbag.py:538} INFO - Filling up the DagBag from /home/airflow/.local/lib/python3.8/site-packages/airflow/example_dags/example_task_group_decorator.py
[2025-09-18T07:48:14.035+0000] {processor.py:840} INFO - DAG(s) 'example_task_group_decorator' retrieved from /home/airflow/.local/lib/python3.8/site-packages/airflow/example_dags/example_task_group_decorator.py
[2025-09-18T07:48:14.100+0000] {logging_mixin.py:188} INFO - [2025-09-18T07:48:14.100+0000] {dag.py:3036} INFO - Sync 1 DAGs
[2025-09-18T07:48:14.150+0000] {logging_mixin.py:188} INFO - [2025-09-18T07:48:14.150+0000] {dag.py:3823} INFO - Setting next_dagrun for example_task_group_decorator to 2025-09-17 00:00:00+00:00, run_after=2025-09-18 00:00:00+00:00
[2025-09-18T07:48:14.198+0000] {processor.py:183} INFO - Processing /home/airflow/.local/lib/python3.8/site-packages/airflow/example_dags/example_task_group_decorator.py took 0.215 seconds
[2025-09-18T07:56:49.320+0000] {processor.py:161} INFO - Started process (PID=71) to work on /home/airflow/.local/lib/python3.8/site-packages/airflow/example_dags/example_task_group_decorator.py
[2025-09-18T07:56:49.323+0000] {processor.py:830} INFO - Processing file /home/airflow/.local/lib/python3.8/site-packages/airflow/example_dags/example_task_group_decorator.py for tasks to queue
[2025-09-18T07:56:49.334+0000] {logging_mixin.py:188} INFO - [2025-09-18T07:56:49.329+0000] {dagbag.py:538} INFO - Filling up the DagBag from /home/airflow/.local/lib/python3.8/site-packages/airflow/example_dags/example_task_group_decorator.py
[2025-09-18T07:56:49.415+0000] {processor.py:840} INFO - DAG(s) 'example_task_group_decorator' retrieved from /home/airflow/.local/lib/python3.8/site-packages/airflow/example_dags/example_task_group_decorator.py
[2025-09-18T07:56:49.825+0000] {logging_mixin.py:188} INFO - [2025-09-18T07:56:49.824+0000] {override.py:1769} INFO - Created Permission View: can edit on DAG:example_task_group_decorator
[2025-09-18T07:56:49.848+0000] {logging_mixin.py:188} INFO - [2025-09-18T07:56:49.848+0000] {override.py:1769} INFO - Created Permission View: can read on DAG:example_task_group_decorator
[2025-09-18T07:56:49.870+0000] {logging_mixin.py:188} INFO - [2025-09-18T07:56:49.869+0000] {override.py:1769} INFO - Created Permission View: can delete on DAG:example_task_group_decorator
[2025-09-18T07:56:49.872+0000] {logging_mixin.py:188} INFO - [2025-09-18T07:56:49.871+0000] {dag.py:3036} INFO - Sync 1 DAGs
[2025-09-18T07:56:49.907+0000] {logging_mixin.py:188} INFO - [2025-09-18T07:56:49.906+0000] {dag.py:3058} INFO - Creating ORM DAG for example_task_group_decorator
[2025-09-18T07:56:49.928+0000] {logging_mixin.py:188} INFO - [2025-09-18T07:56:49.928+0000] {dag.py:3823} INFO - Setting next_dagrun for example_task_group_decorator to 2025-09-17 00:00:00+00:00, run_after=2025-09-18 00:00:00+00:00
[2025-09-18T07:56:49.977+0000] {processor.py:183} INFO - Processing /home/airflow/.local/lib/python3.8/site-packages/airflow/example_dags/example_task_group_decorator.py took 0.674 seconds
[2025-09-18T07:57:25.082+0000] {processor.py:161} INFO - Started process (PID=126) to work on /home/airflow/.local/lib/python3.8/site-packages/airflow/example_dags/example_task_group_decorator.py
[2025-09-18T07:57:25.084+0000] {processor.py:830} INFO - Processing file /home/airflow/.local/lib/python3.8/site-packages/airflow/example_dags/example_task_group_decorator.py for tasks to queue
[2025-09-18T07:57:25.091+0000] {logging_mixin.py:188} INFO - [2025-09-18T07:57:25.090+0000] {dagbag.py:538} INFO - Filling up the DagBag from /home/airflow/.local/lib/python3.8/site-packages/airflow/example_dags/example_task_group_decorator.py
[2025-09-18T07:57:25.133+0000] {processor.py:840} INFO - DAG(s) 'example_task_group_decorator' retrieved from /home/airflow/.local/lib/python3.8/site-packages/airflow/example_dags/example_task_group_decorator.py
[2025-09-18T07:57:25.208+0000] {logging_mixin.py:188} INFO - [2025-09-18T07:57:25.208+0000] {dag.py:3036} INFO - Sync 1 DAGs
[2025-09-18T07:57:25.306+0000] {logging_mixin.py:188} INFO - [2025-09-18T07:57:25.304+0000] {dag.py:3823} INFO - Setting next_dagrun for example_task_group_decorator to 2025-09-17 00:00:00+00:00, run_after=2025-09-18 00:00:00+00:00
[2025-09-18T07:57:25.370+0000] {processor.py:183} INFO - Processing /home/airflow/.local/lib/python3.8/site-packages/airflow/example_dags/example_task_group_decorator.py took 0.296 seconds
[2025-09-18T07:57:55.742+0000] {processor.py:161} INFO - Started process (PID=182) to work on /home/airflow/.local/lib/python3.8/site-packages/airflow/example_dags/example_task_group_decorator.py
[2025-09-18T07:57:55.744+0000] {processor.py:830} INFO - Processing file /home/airflow/.local/lib/python3.8/site-packages/airflow/example_dags/example_task_group_decorator.py for tasks to queue
[2025-09-18T07:57:55.748+0000] {logging_mixin.py:188} INFO - [2025-09-18T07:57:55.747+0000] {dagbag.py:538} INFO - Filling up the DagBag from /home/airflow/.local/lib/python3.8/site-packages/airflow/example_dags/example_task_group_decorator.py
[2025-09-18T07:57:55.775+0000] {processor.py:840} INFO - DAG(s) 'example_task_group_decorator' retrieved from /home/airflow/.local/lib/python3.8/site-packages/airflow/example_dags/example_task_group_decorator.py
[2025-09-18T07:57:55.825+0000] {logging_mixin.py:188} INFO - [2025-09-18T07:57:55.824+0000] {dag.py:3036} INFO - Sync 1 DAGs
[2025-09-18T07:57:55.873+0000] {logging_mixin.py:188} INFO - [2025-09-18T07:57:55.872+0000] {dag.py:3823} INFO - Setting next_dagrun for example_task_group_decorator to 2025-09-17 00:00:00+00:00, run_after=2025-09-18 00:00:00+00:00
[2025-09-18T07:57:55.907+0000] {processor.py:183} INFO - Processing /home/airflow/.local/lib/python3.8/site-packages/airflow/example_dags/example_task_group_decorator.py took 0.171 seconds
[2025-09-18T09:46:52.985+0000] {processor.py:161} INFO - Started process (PID=71) to work on /home/airflow/.local/lib/python3.8/site-packages/airflow/example_dags/example_task_group_decorator.py
[2025-09-18T09:46:52.987+0000] {processor.py:830} INFO - Processing file /home/airflow/.local/lib/python3.8/site-packages/airflow/example_dags/example_task_group_decorator.py for tasks to queue
[2025-09-18T09:46:52.991+0000] {logging_mixin.py:188} INFO - [2025-09-18T09:46:52.990+0000] {dagbag.py:538} INFO - Filling up the DagBag from /home/airflow/.local/lib/python3.8/site-packages/airflow/example_dags/example_task_group_decorator.py
[2025-09-18T09:46:53.031+0000] {processor.py:840} INFO - DAG(s) 'example_task_group_decorator' retrieved from /home/airflow/.local/lib/python3.8/site-packages/airflow/example_dags/example_task_group_decorator.py
[2025-09-18T09:46:53.256+0000] {logging_mixin.py:188} INFO - [2025-09-18T09:46:53.255+0000] {override.py:1769} INFO - Created Permission View: can delete on DAG:example_task_group_decorator
[2025-09-18T09:46:53.280+0000] {logging_mixin.py:188} INFO - [2025-09-18T09:46:53.279+0000] {override.py:1769} INFO - Created Permission View: can edit on DAG:example_task_group_decorator
[2025-09-18T09:46:53.294+0000] {logging_mixin.py:188} INFO - [2025-09-18T09:46:53.294+0000] {override.py:1769} INFO - Created Permission View: can read on DAG:example_task_group_decorator
[2025-09-18T09:46:53.296+0000] {logging_mixin.py:188} INFO - [2025-09-18T09:46:53.295+0000] {dag.py:3036} INFO - Sync 1 DAGs
[2025-09-18T09:46:53.318+0000] {logging_mixin.py:188} INFO - [2025-09-18T09:46:53.318+0000] {dag.py:3058} INFO - Creating ORM DAG for example_task_group_decorator
[2025-09-18T09:46:53.336+0000] {logging_mixin.py:188} INFO - [2025-09-18T09:46:53.335+0000] {dag.py:3823} INFO - Setting next_dagrun for example_task_group_decorator to 2025-09-17 00:00:00+00:00, run_after=2025-09-18 00:00:00+00:00
[2025-09-18T09:46:53.373+0000] {processor.py:183} INFO - Processing /home/airflow/.local/lib/python3.8/site-packages/airflow/example_dags/example_task_group_decorator.py took 0.396 seconds
[2025-09-18T09:47:23.775+0000] {processor.py:161} INFO - Started process (PID=126) to work on /home/airflow/.local/lib/python3.8/site-packages/airflow/example_dags/example_task_group_decorator.py
[2025-09-18T09:47:23.778+0000] {processor.py:830} INFO - Processing file /home/airflow/.local/lib/python3.8/site-packages/airflow/example_dags/example_task_group_decorator.py for tasks to queue
[2025-09-18T09:47:23.782+0000] {logging_mixin.py:188} INFO - [2025-09-18T09:47:23.781+0000] {dagbag.py:538} INFO - Filling up the DagBag from /home/airflow/.local/lib/python3.8/site-packages/airflow/example_dags/example_task_group_decorator.py
[2025-09-18T09:47:23.810+0000] {processor.py:840} INFO - DAG(s) 'example_task_group_decorator' retrieved from /home/airflow/.local/lib/python3.8/site-packages/airflow/example_dags/example_task_group_decorator.py
[2025-09-18T09:47:23.857+0000] {logging_mixin.py:188} INFO - [2025-09-18T09:47:23.857+0000] {dag.py:3036} INFO - Sync 1 DAGs
[2025-09-18T09:47:23.904+0000] {logging_mixin.py:188} INFO - [2025-09-18T09:47:23.904+0000] {dag.py:3823} INFO - Setting next_dagrun for example_task_group_decorator to 2025-09-17 00:00:00+00:00, run_after=2025-09-18 00:00:00+00:00
[2025-09-18T09:47:23.946+0000] {processor.py:183} INFO - Processing /home/airflow/.local/lib/python3.8/site-packages/airflow/example_dags/example_task_group_decorator.py took 0.179 seconds
[2025-09-18T09:47:54.314+0000] {processor.py:161} INFO - Started process (PID=181) to work on /home/airflow/.local/lib/python3.8/site-packages/airflow/example_dags/example_task_group_decorator.py
[2025-09-18T09:47:54.316+0000] {processor.py:830} INFO - Processing file /home/airflow/.local/lib/python3.8/site-packages/airflow/example_dags/example_task_group_decorator.py for tasks to queue
[2025-09-18T09:47:54.321+0000] {logging_mixin.py:188} INFO - [2025-09-18T09:47:54.320+0000] {dagbag.py:538} INFO - Filling up the DagBag from /home/airflow/.local/lib/python3.8/site-packages/airflow/example_dags/example_task_group_decorator.py
[2025-09-18T09:47:54.362+0000] {processor.py:840} INFO - DAG(s) 'example_task_group_decorator' retrieved from /home/airflow/.local/lib/python3.8/site-packages/airflow/example_dags/example_task_group_decorator.py
[2025-09-18T09:47:54.414+0000] {logging_mixin.py:188} INFO - [2025-09-18T09:47:54.413+0000] {dag.py:3036} INFO - Sync 1 DAGs
[2025-09-18T09:47:54.463+0000] {logging_mixin.py:188} INFO - [2025-09-18T09:47:54.462+0000] {dag.py:3823} INFO - Setting next_dagrun for example_task_group_decorator to 2025-09-17 00:00:00+00:00, run_after=2025-09-18 00:00:00+00:00
[2025-09-18T09:47:54.503+0000] {processor.py:183} INFO - Processing /home/airflow/.local/lib/python3.8/site-packages/airflow/example_dags/example_task_group_decorator.py took 0.197 seconds
[2025-09-18T09:48:24.759+0000] {processor.py:161} INFO - Started process (PID=236) to work on /home/airflow/.local/lib/python3.8/site-packages/airflow/example_dags/example_task_group_decorator.py
[2025-09-18T09:48:24.763+0000] {processor.py:830} INFO - Processing file /home/airflow/.local/lib/python3.8/site-packages/airflow/example_dags/example_task_group_decorator.py for tasks to queue
[2025-09-18T09:48:24.768+0000] {logging_mixin.py:188} INFO - [2025-09-18T09:48:24.767+0000] {dagbag.py:538} INFO - Filling up the DagBag from /home/airflow/.local/lib/python3.8/site-packages/airflow/example_dags/example_task_group_decorator.py
[2025-09-18T09:48:24.809+0000] {processor.py:840} INFO - DAG(s) 'example_task_group_decorator' retrieved from /home/airflow/.local/lib/python3.8/site-packages/airflow/example_dags/example_task_group_decorator.py
[2025-09-18T09:48:24.866+0000] {logging_mixin.py:188} INFO - [2025-09-18T09:48:24.866+0000] {dag.py:3036} INFO - Sync 1 DAGs
[2025-09-18T09:48:24.919+0000] {logging_mixin.py:188} INFO - [2025-09-18T09:48:24.919+0000] {dag.py:3823} INFO - Setting next_dagrun for example_task_group_decorator to 2025-09-17 00:00:00+00:00, run_after=2025-09-18 00:00:00+00:00
[2025-09-18T09:48:24.954+0000] {processor.py:183} INFO - Processing /home/airflow/.local/lib/python3.8/site-packages/airflow/example_dags/example_task_group_decorator.py took 0.213 seconds
[2025-09-18T09:48:55.307+0000] {processor.py:161} INFO - Started process (PID=291) to work on /home/airflow/.local/lib/python3.8/site-packages/airflow/example_dags/example_task_group_decorator.py
[2025-09-18T09:48:55.308+0000] {processor.py:830} INFO - Processing file /home/airflow/.local/lib/python3.8/site-packages/airflow/example_dags/example_task_group_decorator.py for tasks to queue
[2025-09-18T09:48:55.313+0000] {logging_mixin.py:188} INFO - [2025-09-18T09:48:55.312+0000] {dagbag.py:538} INFO - Filling up the DagBag from /home/airflow/.local/lib/python3.8/site-packages/airflow/example_dags/example_task_group_decorator.py
[2025-09-18T09:48:55.347+0000] {processor.py:840} INFO - DAG(s) 'example_task_group_decorator' retrieved from /home/airflow/.local/lib/python3.8/site-packages/airflow/example_dags/example_task_group_decorator.py
[2025-09-18T09:48:55.394+0000] {logging_mixin.py:188} INFO - [2025-09-18T09:48:55.394+0000] {dag.py:3036} INFO - Sync 1 DAGs
[2025-09-18T09:48:55.439+0000] {logging_mixin.py:188} INFO - [2025-09-18T09:48:55.438+0000] {dag.py:3823} INFO - Setting next_dagrun for example_task_group_decorator to 2025-09-17 00:00:00+00:00, run_after=2025-09-18 00:00:00+00:00
[2025-09-18T09:48:55.475+0000] {processor.py:183} INFO - Processing /home/airflow/.local/lib/python3.8/site-packages/airflow/example_dags/example_task_group_decorator.py took 0.174 seconds
[2025-09-18T09:49:26.156+0000] {processor.py:161} INFO - Started process (PID=346) to work on /home/airflow/.local/lib/python3.8/site-packages/airflow/example_dags/example_task_group_decorator.py
[2025-09-18T09:49:26.159+0000] {processor.py:830} INFO - Processing file /home/airflow/.local/lib/python3.8/site-packages/airflow/example_dags/example_task_group_decorator.py for tasks to queue
[2025-09-18T09:49:26.162+0000] {logging_mixin.py:188} INFO - [2025-09-18T09:49:26.162+0000] {dagbag.py:538} INFO - Filling up the DagBag from /home/airflow/.local/lib/python3.8/site-packages/airflow/example_dags/example_task_group_decorator.py
[2025-09-18T09:49:26.189+0000] {processor.py:840} INFO - DAG(s) 'example_task_group_decorator' retrieved from /home/airflow/.local/lib/python3.8/site-packages/airflow/example_dags/example_task_group_decorator.py
[2025-09-18T09:49:26.234+0000] {logging_mixin.py:188} INFO - [2025-09-18T09:49:26.234+0000] {dag.py:3036} INFO - Sync 1 DAGs
[2025-09-18T09:49:26.272+0000] {logging_mixin.py:188} INFO - [2025-09-18T09:49:26.272+0000] {dag.py:3823} INFO - Setting next_dagrun for example_task_group_decorator to 2025-09-17 00:00:00+00:00, run_after=2025-09-18 00:00:00+00:00
[2025-09-18T09:49:26.314+0000] {processor.py:183} INFO - Processing /home/airflow/.local/lib/python3.8/site-packages/airflow/example_dags/example_task_group_decorator.py took 0.163 seconds
[2025-09-18T09:49:56.665+0000] {processor.py:161} INFO - Started process (PID=401) to work on /home/airflow/.local/lib/python3.8/site-packages/airflow/example_dags/example_task_group_decorator.py
[2025-09-18T09:49:56.668+0000] {processor.py:830} INFO - Processing file /home/airflow/.local/lib/python3.8/site-packages/airflow/example_dags/example_task_group_decorator.py for tasks to queue
[2025-09-18T09:49:56.672+0000] {logging_mixin.py:188} INFO - [2025-09-18T09:49:56.671+0000] {dagbag.py:538} INFO - Filling up the DagBag from /home/airflow/.local/lib/python3.8/site-packages/airflow/example_dags/example_task_group_decorator.py
[2025-09-18T09:49:56.716+0000] {processor.py:840} INFO - DAG(s) 'example_task_group_decorator' retrieved from /home/airflow/.local/lib/python3.8/site-packages/airflow/example_dags/example_task_group_decorator.py
[2025-09-18T09:49:56.775+0000] {logging_mixin.py:188} INFO - [2025-09-18T09:49:56.774+0000] {dag.py:3036} INFO - Sync 1 DAGs
[2025-09-18T09:49:56.836+0000] {logging_mixin.py:188} INFO - [2025-09-18T09:49:56.836+0000] {dag.py:3823} INFO - Setting next_dagrun for example_task_group_decorator to 2025-09-17 00:00:00+00:00, run_after=2025-09-18 00:00:00+00:00
[2025-09-18T09:49:56.889+0000] {processor.py:183} INFO - Processing /home/airflow/.local/lib/python3.8/site-packages/airflow/example_dags/example_task_group_decorator.py took 0.235 seconds
[2025-09-18T09:50:27.119+0000] {processor.py:161} INFO - Started process (PID=457) to work on /home/airflow/.local/lib/python3.8/site-packages/airflow/example_dags/example_task_group_decorator.py
[2025-09-18T09:50:27.121+0000] {processor.py:830} INFO - Processing file /home/airflow/.local/lib/python3.8/site-packages/airflow/example_dags/example_task_group_decorator.py for tasks to queue
[2025-09-18T09:50:27.125+0000] {logging_mixin.py:188} INFO - [2025-09-18T09:50:27.124+0000] {dagbag.py:538} INFO - Filling up the DagBag from /home/airflow/.local/lib/python3.8/site-packages/airflow/example_dags/example_task_group_decorator.py
[2025-09-18T09:50:27.156+0000] {processor.py:840} INFO - DAG(s) 'example_task_group_decorator' retrieved from /home/airflow/.local/lib/python3.8/site-packages/airflow/example_dags/example_task_group_decorator.py
[2025-09-18T09:50:27.207+0000] {logging_mixin.py:188} INFO - [2025-09-18T09:50:27.207+0000] {dag.py:3036} INFO - Sync 1 DAGs
[2025-09-18T09:50:27.253+0000] {logging_mixin.py:188} INFO - [2025-09-18T09:50:27.253+0000] {dag.py:3823} INFO - Setting next_dagrun for example_task_group_decorator to 2025-09-17 00:00:00+00:00, run_after=2025-09-18 00:00:00+00:00
[2025-09-18T09:50:27.294+0000] {processor.py:183} INFO - Processing /home/airflow/.local/lib/python3.8/site-packages/airflow/example_dags/example_task_group_decorator.py took 0.183 seconds
[2025-09-18T09:50:57.502+0000] {processor.py:161} INFO - Started process (PID=512) to work on /home/airflow/.local/lib/python3.8/site-packages/airflow/example_dags/example_task_group_decorator.py
[2025-09-18T09:50:57.505+0000] {processor.py:830} INFO - Processing file /home/airflow/.local/lib/python3.8/site-packages/airflow/example_dags/example_task_group_decorator.py for tasks to queue
[2025-09-18T09:50:57.509+0000] {logging_mixin.py:188} INFO - [2025-09-18T09:50:57.508+0000] {dagbag.py:538} INFO - Filling up the DagBag from /home/airflow/.local/lib/python3.8/site-packages/airflow/example_dags/example_task_group_decorator.py
[2025-09-18T09:50:57.544+0000] {processor.py:840} INFO - DAG(s) 'example_task_group_decorator' retrieved from /home/airflow/.local/lib/python3.8/site-packages/airflow/example_dags/example_task_group_decorator.py
[2025-09-18T09:50:57.592+0000] {logging_mixin.py:188} INFO - [2025-09-18T09:50:57.591+0000] {dag.py:3036} INFO - Sync 1 DAGs
[2025-09-18T09:50:57.638+0000] {logging_mixin.py:188} INFO - [2025-09-18T09:50:57.637+0000] {dag.py:3823} INFO - Setting next_dagrun for example_task_group_decorator to 2025-09-17 00:00:00+00:00, run_after=2025-09-18 00:00:00+00:00
[2025-09-18T09:50:57.680+0000] {processor.py:183} INFO - Processing /home/airflow/.local/lib/python3.8/site-packages/airflow/example_dags/example_task_group_decorator.py took 0.183 seconds
[2025-09-18T09:54:03.504+0000] {processor.py:161} INFO - Started process (PID=72) to work on /home/airflow/.local/lib/python3.8/site-packages/airflow/example_dags/example_task_group_decorator.py
[2025-09-18T09:54:03.508+0000] {processor.py:830} INFO - Processing file /home/airflow/.local/lib/python3.8/site-packages/airflow/example_dags/example_task_group_decorator.py for tasks to queue
[2025-09-18T09:54:03.517+0000] {logging_mixin.py:188} INFO - [2025-09-18T09:54:03.516+0000] {dagbag.py:538} INFO - Filling up the DagBag from /home/airflow/.local/lib/python3.8/site-packages/airflow/example_dags/example_task_group_decorator.py
[2025-09-18T09:54:03.565+0000] {processor.py:840} INFO - DAG(s) 'example_task_group_decorator' retrieved from /home/airflow/.local/lib/python3.8/site-packages/airflow/example_dags/example_task_group_decorator.py
[2025-09-18T09:54:03.886+0000] {logging_mixin.py:188} INFO - [2025-09-18T09:54:03.885+0000] {override.py:1769} INFO - Created Permission View: can delete on DAG:example_task_group_decorator
[2025-09-18T09:54:03.911+0000] {logging_mixin.py:188} INFO - [2025-09-18T09:54:03.910+0000] {override.py:1769} INFO - Created Permission View: can edit on DAG:example_task_group_decorator
[2025-09-18T09:54:03.932+0000] {logging_mixin.py:188} INFO - [2025-09-18T09:54:03.931+0000] {override.py:1769} INFO - Created Permission View: can read on DAG:example_task_group_decorator
[2025-09-18T09:54:03.941+0000] {logging_mixin.py:188} INFO - [2025-09-18T09:54:03.940+0000] {dag.py:3036} INFO - Sync 1 DAGs
[2025-09-18T09:54:03.991+0000] {logging_mixin.py:188} INFO - [2025-09-18T09:54:03.990+0000] {dag.py:3058} INFO - Creating ORM DAG for example_task_group_decorator
[2025-09-18T09:54:04.018+0000] {logging_mixin.py:188} INFO - [2025-09-18T09:54:04.018+0000] {dag.py:3823} INFO - Setting next_dagrun for example_task_group_decorator to 2025-09-17 00:00:00+00:00, run_after=2025-09-18 00:00:00+00:00
[2025-09-18T09:54:04.075+0000] {processor.py:183} INFO - Processing /home/airflow/.local/lib/python3.8/site-packages/airflow/example_dags/example_task_group_decorator.py took 0.586 seconds
[2025-09-18T09:54:34.170+0000] {processor.py:161} INFO - Started process (PID=127) to work on /home/airflow/.local/lib/python3.8/site-packages/airflow/example_dags/example_task_group_decorator.py
[2025-09-18T09:54:34.172+0000] {processor.py:830} INFO - Processing file /home/airflow/.local/lib/python3.8/site-packages/airflow/example_dags/example_task_group_decorator.py for tasks to queue
[2025-09-18T09:54:34.177+0000] {logging_mixin.py:188} INFO - [2025-09-18T09:54:34.176+0000] {dagbag.py:538} INFO - Filling up the DagBag from /home/airflow/.local/lib/python3.8/site-packages/airflow/example_dags/example_task_group_decorator.py
[2025-09-18T09:54:34.211+0000] {processor.py:840} INFO - DAG(s) 'example_task_group_decorator' retrieved from /home/airflow/.local/lib/python3.8/site-packages/airflow/example_dags/example_task_group_decorator.py
[2025-09-18T09:54:34.283+0000] {logging_mixin.py:188} INFO - [2025-09-18T09:54:34.283+0000] {dag.py:3036} INFO - Sync 1 DAGs
[2025-09-18T09:54:34.343+0000] {logging_mixin.py:188} INFO - [2025-09-18T09:54:34.342+0000] {dag.py:3823} INFO - Setting next_dagrun for example_task_group_decorator to 2025-09-17 00:00:00+00:00, run_after=2025-09-18 00:00:00+00:00
[2025-09-18T09:54:34.390+0000] {processor.py:183} INFO - Processing /home/airflow/.local/lib/python3.8/site-packages/airflow/example_dags/example_task_group_decorator.py took 0.226 seconds
[2025-09-18T09:55:04.631+0000] {processor.py:161} INFO - Started process (PID=183) to work on /home/airflow/.local/lib/python3.8/site-packages/airflow/example_dags/example_task_group_decorator.py
[2025-09-18T09:55:04.633+0000] {processor.py:830} INFO - Processing file /home/airflow/.local/lib/python3.8/site-packages/airflow/example_dags/example_task_group_decorator.py for tasks to queue
[2025-09-18T09:55:04.639+0000] {logging_mixin.py:188} INFO - [2025-09-18T09:55:04.638+0000] {dagbag.py:538} INFO - Filling up the DagBag from /home/airflow/.local/lib/python3.8/site-packages/airflow/example_dags/example_task_group_decorator.py
[2025-09-18T09:55:04.677+0000] {processor.py:840} INFO - DAG(s) 'example_task_group_decorator' retrieved from /home/airflow/.local/lib/python3.8/site-packages/airflow/example_dags/example_task_group_decorator.py
[2025-09-18T09:55:04.738+0000] {logging_mixin.py:188} INFO - [2025-09-18T09:55:04.737+0000] {dag.py:3036} INFO - Sync 1 DAGs
[2025-09-18T09:55:04.795+0000] {logging_mixin.py:188} INFO - [2025-09-18T09:55:04.795+0000] {dag.py:3823} INFO - Setting next_dagrun for example_task_group_decorator to 2025-09-17 00:00:00+00:00, run_after=2025-09-18 00:00:00+00:00
[2025-09-18T09:55:04.852+0000] {processor.py:183} INFO - Processing /home/airflow/.local/lib/python3.8/site-packages/airflow/example_dags/example_task_group_decorator.py took 0.229 seconds
[2025-09-18T09:55:35.127+0000] {processor.py:161} INFO - Started process (PID=238) to work on /home/airflow/.local/lib/python3.8/site-packages/airflow/example_dags/example_task_group_decorator.py
[2025-09-18T09:55:35.130+0000] {processor.py:830} INFO - Processing file /home/airflow/.local/lib/python3.8/site-packages/airflow/example_dags/example_task_group_decorator.py for tasks to queue
[2025-09-18T09:55:35.135+0000] {logging_mixin.py:188} INFO - [2025-09-18T09:55:35.134+0000] {dagbag.py:538} INFO - Filling up the DagBag from /home/airflow/.local/lib/python3.8/site-packages/airflow/example_dags/example_task_group_decorator.py
[2025-09-18T09:55:35.191+0000] {processor.py:840} INFO - DAG(s) 'example_task_group_decorator' retrieved from /home/airflow/.local/lib/python3.8/site-packages/airflow/example_dags/example_task_group_decorator.py
[2025-09-18T09:55:35.260+0000] {logging_mixin.py:188} INFO - [2025-09-18T09:55:35.260+0000] {dag.py:3036} INFO - Sync 1 DAGs
[2025-09-18T09:55:35.319+0000] {logging_mixin.py:188} INFO - [2025-09-18T09:55:35.319+0000] {dag.py:3823} INFO - Setting next_dagrun for example_task_group_decorator to 2025-09-17 00:00:00+00:00, run_after=2025-09-18 00:00:00+00:00
[2025-09-18T09:55:35.355+0000] {processor.py:183} INFO - Processing /home/airflow/.local/lib/python3.8/site-packages/airflow/example_dags/example_task_group_decorator.py took 0.274 seconds
[2025-09-18T09:56:05.878+0000] {processor.py:161} INFO - Started process (PID=293) to work on /home/airflow/.local/lib/python3.8/site-packages/airflow/example_dags/example_task_group_decorator.py
[2025-09-18T09:56:05.880+0000] {processor.py:830} INFO - Processing file /home/airflow/.local/lib/python3.8/site-packages/airflow/example_dags/example_task_group_decorator.py for tasks to queue
[2025-09-18T09:56:05.884+0000] {logging_mixin.py:188} INFO - [2025-09-18T09:56:05.884+0000] {dagbag.py:538} INFO - Filling up the DagBag from /home/airflow/.local/lib/python3.8/site-packages/airflow/example_dags/example_task_group_decorator.py
[2025-09-18T09:56:05.928+0000] {processor.py:840} INFO - DAG(s) 'example_task_group_decorator' retrieved from /home/airflow/.local/lib/python3.8/site-packages/airflow/example_dags/example_task_group_decorator.py
[2025-09-18T09:56:06.002+0000] {logging_mixin.py:188} INFO - [2025-09-18T09:56:06.001+0000] {dag.py:3036} INFO - Sync 1 DAGs
[2025-09-18T09:56:06.053+0000] {logging_mixin.py:188} INFO - [2025-09-18T09:56:06.052+0000] {dag.py:3823} INFO - Setting next_dagrun for example_task_group_decorator to 2025-09-17 00:00:00+00:00, run_after=2025-09-18 00:00:00+00:00
[2025-09-18T09:56:06.095+0000] {processor.py:183} INFO - Processing /home/airflow/.local/lib/python3.8/site-packages/airflow/example_dags/example_task_group_decorator.py took 0.225 seconds
[2025-09-18T09:56:37.046+0000] {processor.py:161} INFO - Started process (PID=348) to work on /home/airflow/.local/lib/python3.8/site-packages/airflow/example_dags/example_task_group_decorator.py
[2025-09-18T09:56:37.050+0000] {processor.py:830} INFO - Processing file /home/airflow/.local/lib/python3.8/site-packages/airflow/example_dags/example_task_group_decorator.py for tasks to queue
[2025-09-18T09:56:37.058+0000] {logging_mixin.py:188} INFO - [2025-09-18T09:56:37.057+0000] {dagbag.py:538} INFO - Filling up the DagBag from /home/airflow/.local/lib/python3.8/site-packages/airflow/example_dags/example_task_group_decorator.py
[2025-09-18T09:56:37.103+0000] {processor.py:840} INFO - DAG(s) 'example_task_group_decorator' retrieved from /home/airflow/.local/lib/python3.8/site-packages/airflow/example_dags/example_task_group_decorator.py
[2025-09-18T09:56:37.149+0000] {logging_mixin.py:188} INFO - [2025-09-18T09:56:37.149+0000] {dag.py:3036} INFO - Sync 1 DAGs
[2025-09-18T09:56:37.192+0000] {logging_mixin.py:188} INFO - [2025-09-18T09:56:37.191+0000] {dag.py:3823} INFO - Setting next_dagrun for example_task_group_decorator to 2025-09-17 00:00:00+00:00, run_after=2025-09-18 00:00:00+00:00
[2025-09-18T09:56:37.232+0000] {processor.py:183} INFO - Processing /home/airflow/.local/lib/python3.8/site-packages/airflow/example_dags/example_task_group_decorator.py took 0.199 seconds
[2025-09-18T09:57:07.642+0000] {processor.py:161} INFO - Started process (PID=409) to work on /home/airflow/.local/lib/python3.8/site-packages/airflow/example_dags/example_task_group_decorator.py
[2025-09-18T09:57:07.644+0000] {processor.py:830} INFO - Processing file /home/airflow/.local/lib/python3.8/site-packages/airflow/example_dags/example_task_group_decorator.py for tasks to queue
[2025-09-18T09:57:07.649+0000] {logging_mixin.py:188} INFO - [2025-09-18T09:57:07.648+0000] {dagbag.py:538} INFO - Filling up the DagBag from /home/airflow/.local/lib/python3.8/site-packages/airflow/example_dags/example_task_group_decorator.py
[2025-09-18T09:57:07.681+0000] {processor.py:840} INFO - DAG(s) 'example_task_group_decorator' retrieved from /home/airflow/.local/lib/python3.8/site-packages/airflow/example_dags/example_task_group_decorator.py
[2025-09-18T09:57:07.728+0000] {logging_mixin.py:188} INFO - [2025-09-18T09:57:07.727+0000] {dag.py:3036} INFO - Sync 1 DAGs
[2025-09-18T09:57:07.771+0000] {logging_mixin.py:188} INFO - [2025-09-18T09:57:07.770+0000] {dag.py:3823} INFO - Setting next_dagrun for example_task_group_decorator to 2025-09-17 00:00:00+00:00, run_after=2025-09-18 00:00:00+00:00
[2025-09-18T09:57:07.822+0000] {processor.py:183} INFO - Processing /home/airflow/.local/lib/python3.8/site-packages/airflow/example_dags/example_task_group_decorator.py took 0.187 seconds
[2025-09-18T09:57:38.196+0000] {processor.py:161} INFO - Started process (PID=464) to work on /home/airflow/.local/lib/python3.8/site-packages/airflow/example_dags/example_task_group_decorator.py
[2025-09-18T09:57:38.198+0000] {processor.py:830} INFO - Processing file /home/airflow/.local/lib/python3.8/site-packages/airflow/example_dags/example_task_group_decorator.py for tasks to queue
[2025-09-18T09:57:38.201+0000] {logging_mixin.py:188} INFO - [2025-09-18T09:57:38.201+0000] {dagbag.py:538} INFO - Filling up the DagBag from /home/airflow/.local/lib/python3.8/site-packages/airflow/example_dags/example_task_group_decorator.py
[2025-09-18T09:57:38.233+0000] {processor.py:840} INFO - DAG(s) 'example_task_group_decorator' retrieved from /home/airflow/.local/lib/python3.8/site-packages/airflow/example_dags/example_task_group_decorator.py
[2025-09-18T09:57:38.279+0000] {logging_mixin.py:188} INFO - [2025-09-18T09:57:38.279+0000] {dag.py:3036} INFO - Sync 1 DAGs
[2025-09-18T09:57:38.319+0000] {logging_mixin.py:188} INFO - [2025-09-18T09:57:38.319+0000] {dag.py:3823} INFO - Setting next_dagrun for example_task_group_decorator to 2025-09-17 00:00:00+00:00, run_after=2025-09-18 00:00:00+00:00
[2025-09-18T09:57:38.370+0000] {processor.py:183} INFO - Processing /home/airflow/.local/lib/python3.8/site-packages/airflow/example_dags/example_task_group_decorator.py took 0.181 seconds
[2025-09-18T09:58:08.563+0000] {processor.py:161} INFO - Started process (PID=519) to work on /home/airflow/.local/lib/python3.8/site-packages/airflow/example_dags/example_task_group_decorator.py
[2025-09-18T09:58:08.564+0000] {processor.py:830} INFO - Processing file /home/airflow/.local/lib/python3.8/site-packages/airflow/example_dags/example_task_group_decorator.py for tasks to queue
[2025-09-18T09:58:08.568+0000] {logging_mixin.py:188} INFO - [2025-09-18T09:58:08.567+0000] {dagbag.py:538} INFO - Filling up the DagBag from /home/airflow/.local/lib/python3.8/site-packages/airflow/example_dags/example_task_group_decorator.py
[2025-09-18T09:58:08.597+0000] {processor.py:840} INFO - DAG(s) 'example_task_group_decorator' retrieved from /home/airflow/.local/lib/python3.8/site-packages/airflow/example_dags/example_task_group_decorator.py
[2025-09-18T09:58:08.648+0000] {logging_mixin.py:188} INFO - [2025-09-18T09:58:08.648+0000] {dag.py:3036} INFO - Sync 1 DAGs
[2025-09-18T09:58:08.689+0000] {logging_mixin.py:188} INFO - [2025-09-18T09:58:08.689+0000] {dag.py:3823} INFO - Setting next_dagrun for example_task_group_decorator to 2025-09-17 00:00:00+00:00, run_after=2025-09-18 00:00:00+00:00
[2025-09-18T09:58:08.725+0000] {processor.py:183} INFO - Processing /home/airflow/.local/lib/python3.8/site-packages/airflow/example_dags/example_task_group_decorator.py took 0.168 seconds
[2025-09-18T09:58:39.581+0000] {processor.py:161} INFO - Started process (PID=574) to work on /home/airflow/.local/lib/python3.8/site-packages/airflow/example_dags/example_task_group_decorator.py
[2025-09-18T09:58:39.583+0000] {processor.py:830} INFO - Processing file /home/airflow/.local/lib/python3.8/site-packages/airflow/example_dags/example_task_group_decorator.py for tasks to queue
[2025-09-18T09:58:39.587+0000] {logging_mixin.py:188} INFO - [2025-09-18T09:58:39.587+0000] {dagbag.py:538} INFO - Filling up the DagBag from /home/airflow/.local/lib/python3.8/site-packages/airflow/example_dags/example_task_group_decorator.py
[2025-09-18T09:58:39.615+0000] {processor.py:840} INFO - DAG(s) 'example_task_group_decorator' retrieved from /home/airflow/.local/lib/python3.8/site-packages/airflow/example_dags/example_task_group_decorator.py
[2025-09-18T09:58:39.666+0000] {logging_mixin.py:188} INFO - [2025-09-18T09:58:39.666+0000] {dag.py:3036} INFO - Sync 1 DAGs
[2025-09-18T09:58:39.707+0000] {logging_mixin.py:188} INFO - [2025-09-18T09:58:39.706+0000] {dag.py:3823} INFO - Setting next_dagrun for example_task_group_decorator to 2025-09-17 00:00:00+00:00, run_after=2025-09-18 00:00:00+00:00
[2025-09-18T09:58:39.741+0000] {processor.py:183} INFO - Processing /home/airflow/.local/lib/python3.8/site-packages/airflow/example_dags/example_task_group_decorator.py took 0.166 seconds
[2025-09-18T09:59:09.934+0000] {processor.py:161} INFO - Started process (PID=629) to work on /home/airflow/.local/lib/python3.8/site-packages/airflow/example_dags/example_task_group_decorator.py
[2025-09-18T09:59:09.936+0000] {processor.py:830} INFO - Processing file /home/airflow/.local/lib/python3.8/site-packages/airflow/example_dags/example_task_group_decorator.py for tasks to queue
[2025-09-18T09:59:09.940+0000] {logging_mixin.py:188} INFO - [2025-09-18T09:59:09.939+0000] {dagbag.py:538} INFO - Filling up the DagBag from /home/airflow/.local/lib/python3.8/site-packages/airflow/example_dags/example_task_group_decorator.py
[2025-09-18T09:59:09.969+0000] {processor.py:840} INFO - DAG(s) 'example_task_group_decorator' retrieved from /home/airflow/.local/lib/python3.8/site-packages/airflow/example_dags/example_task_group_decorator.py
[2025-09-18T09:59:10.015+0000] {logging_mixin.py:188} INFO - [2025-09-18T09:59:10.015+0000] {dag.py:3036} INFO - Sync 1 DAGs
[2025-09-18T09:59:10.055+0000] {logging_mixin.py:188} INFO - [2025-09-18T09:59:10.055+0000] {dag.py:3823} INFO - Setting next_dagrun for example_task_group_decorator to 2025-09-17 00:00:00+00:00, run_after=2025-09-18 00:00:00+00:00
[2025-09-18T09:59:10.095+0000] {processor.py:183} INFO - Processing /home/airflow/.local/lib/python3.8/site-packages/airflow/example_dags/example_task_group_decorator.py took 0.167 seconds
[2025-09-18T09:59:40.940+0000] {processor.py:161} INFO - Started process (PID=684) to work on /home/airflow/.local/lib/python3.8/site-packages/airflow/example_dags/example_task_group_decorator.py
[2025-09-18T09:59:40.942+0000] {processor.py:830} INFO - Processing file /home/airflow/.local/lib/python3.8/site-packages/airflow/example_dags/example_task_group_decorator.py for tasks to queue
[2025-09-18T09:59:40.946+0000] {logging_mixin.py:188} INFO - [2025-09-18T09:59:40.945+0000] {dagbag.py:538} INFO - Filling up the DagBag from /home/airflow/.local/lib/python3.8/site-packages/airflow/example_dags/example_task_group_decorator.py
[2025-09-18T09:59:40.973+0000] {processor.py:840} INFO - DAG(s) 'example_task_group_decorator' retrieved from /home/airflow/.local/lib/python3.8/site-packages/airflow/example_dags/example_task_group_decorator.py
[2025-09-18T09:59:41.037+0000] {logging_mixin.py:188} INFO - [2025-09-18T09:59:41.036+0000] {dag.py:3036} INFO - Sync 1 DAGs
[2025-09-18T09:59:41.092+0000] {logging_mixin.py:188} INFO - [2025-09-18T09:59:41.092+0000] {dag.py:3823} INFO - Setting next_dagrun for example_task_group_decorator to 2025-09-17 00:00:00+00:00, run_after=2025-09-18 00:00:00+00:00
[2025-09-18T09:59:41.145+0000] {processor.py:183} INFO - Processing /home/airflow/.local/lib/python3.8/site-packages/airflow/example_dags/example_task_group_decorator.py took 0.210 seconds
[2025-09-18T10:00:11.838+0000] {processor.py:161} INFO - Started process (PID=739) to work on /home/airflow/.local/lib/python3.8/site-packages/airflow/example_dags/example_task_group_decorator.py
[2025-09-18T10:00:11.840+0000] {processor.py:830} INFO - Processing file /home/airflow/.local/lib/python3.8/site-packages/airflow/example_dags/example_task_group_decorator.py for tasks to queue
[2025-09-18T10:00:11.843+0000] {logging_mixin.py:188} INFO - [2025-09-18T10:00:11.842+0000] {dagbag.py:538} INFO - Filling up the DagBag from /home/airflow/.local/lib/python3.8/site-packages/airflow/example_dags/example_task_group_decorator.py
[2025-09-18T10:00:11.871+0000] {processor.py:840} INFO - DAG(s) 'example_task_group_decorator' retrieved from /home/airflow/.local/lib/python3.8/site-packages/airflow/example_dags/example_task_group_decorator.py
[2025-09-18T10:00:11.926+0000] {logging_mixin.py:188} INFO - [2025-09-18T10:00:11.925+0000] {dag.py:3036} INFO - Sync 1 DAGs
[2025-09-18T10:00:11.979+0000] {logging_mixin.py:188} INFO - [2025-09-18T10:00:11.979+0000] {dag.py:3823} INFO - Setting next_dagrun for example_task_group_decorator to 2025-09-17 00:00:00+00:00, run_after=2025-09-18 00:00:00+00:00
[2025-09-18T10:00:12.020+0000] {processor.py:183} INFO - Processing /home/airflow/.local/lib/python3.8/site-packages/airflow/example_dags/example_task_group_decorator.py took 0.189 seconds
[2025-09-18T10:00:42.633+0000] {processor.py:161} INFO - Started process (PID=794) to work on /home/airflow/.local/lib/python3.8/site-packages/airflow/example_dags/example_task_group_decorator.py
[2025-09-18T10:00:42.637+0000] {processor.py:830} INFO - Processing file /home/airflow/.local/lib/python3.8/site-packages/airflow/example_dags/example_task_group_decorator.py for tasks to queue
[2025-09-18T10:00:42.642+0000] {logging_mixin.py:188} INFO - [2025-09-18T10:00:42.641+0000] {dagbag.py:538} INFO - Filling up the DagBag from /home/airflow/.local/lib/python3.8/site-packages/airflow/example_dags/example_task_group_decorator.py
[2025-09-18T10:00:42.688+0000] {processor.py:840} INFO - DAG(s) 'example_task_group_decorator' retrieved from /home/airflow/.local/lib/python3.8/site-packages/airflow/example_dags/example_task_group_decorator.py
[2025-09-18T10:00:42.764+0000] {logging_mixin.py:188} INFO - [2025-09-18T10:00:42.764+0000] {dag.py:3036} INFO - Sync 1 DAGs
[2025-09-18T10:00:42.924+0000] {logging_mixin.py:188} INFO - [2025-09-18T10:00:42.923+0000] {dag.py:3823} INFO - Setting next_dagrun for example_task_group_decorator to 2025-09-17 00:00:00+00:00, run_after=2025-09-18 00:00:00+00:00
[2025-09-18T10:00:43.000+0000] {processor.py:183} INFO - Processing /home/airflow/.local/lib/python3.8/site-packages/airflow/example_dags/example_task_group_decorator.py took 0.377 seconds
[2025-09-18T10:01:13.252+0000] {processor.py:161} INFO - Started process (PID=849) to work on /home/airflow/.local/lib/python3.8/site-packages/airflow/example_dags/example_task_group_decorator.py
[2025-09-18T10:01:13.254+0000] {processor.py:830} INFO - Processing file /home/airflow/.local/lib/python3.8/site-packages/airflow/example_dags/example_task_group_decorator.py for tasks to queue
[2025-09-18T10:01:13.257+0000] {logging_mixin.py:188} INFO - [2025-09-18T10:01:13.257+0000] {dagbag.py:538} INFO - Filling up the DagBag from /home/airflow/.local/lib/python3.8/site-packages/airflow/example_dags/example_task_group_decorator.py
[2025-09-18T10:01:13.287+0000] {processor.py:840} INFO - DAG(s) 'example_task_group_decorator' retrieved from /home/airflow/.local/lib/python3.8/site-packages/airflow/example_dags/example_task_group_decorator.py
[2025-09-18T10:01:13.336+0000] {logging_mixin.py:188} INFO - [2025-09-18T10:01:13.335+0000] {dag.py:3036} INFO - Sync 1 DAGs
[2025-09-18T10:01:13.382+0000] {logging_mixin.py:188} INFO - [2025-09-18T10:01:13.382+0000] {dag.py:3823} INFO - Setting next_dagrun for example_task_group_decorator to 2025-09-17 00:00:00+00:00, run_after=2025-09-18 00:00:00+00:00
[2025-09-18T10:01:13.416+0000] {processor.py:183} INFO - Processing /home/airflow/.local/lib/python3.8/site-packages/airflow/example_dags/example_task_group_decorator.py took 0.170 seconds
[2025-09-18T10:01:43.723+0000] {processor.py:161} INFO - Started process (PID=904) to work on /home/airflow/.local/lib/python3.8/site-packages/airflow/example_dags/example_task_group_decorator.py
[2025-09-18T10:01:43.725+0000] {processor.py:830} INFO - Processing file /home/airflow/.local/lib/python3.8/site-packages/airflow/example_dags/example_task_group_decorator.py for tasks to queue
[2025-09-18T10:01:43.729+0000] {logging_mixin.py:188} INFO - [2025-09-18T10:01:43.729+0000] {dagbag.py:538} INFO - Filling up the DagBag from /home/airflow/.local/lib/python3.8/site-packages/airflow/example_dags/example_task_group_decorator.py
[2025-09-18T10:01:43.757+0000] {processor.py:840} INFO - DAG(s) 'example_task_group_decorator' retrieved from /home/airflow/.local/lib/python3.8/site-packages/airflow/example_dags/example_task_group_decorator.py
[2025-09-18T10:01:43.802+0000] {logging_mixin.py:188} INFO - [2025-09-18T10:01:43.802+0000] {dag.py:3036} INFO - Sync 1 DAGs
[2025-09-18T10:01:43.842+0000] {logging_mixin.py:188} INFO - [2025-09-18T10:01:43.842+0000] {dag.py:3823} INFO - Setting next_dagrun for example_task_group_decorator to 2025-09-17 00:00:00+00:00, run_after=2025-09-18 00:00:00+00:00
[2025-09-18T10:01:43.881+0000] {processor.py:183} INFO - Processing /home/airflow/.local/lib/python3.8/site-packages/airflow/example_dags/example_task_group_decorator.py took 0.163 seconds
[2025-09-18T10:02:14.488+0000] {processor.py:161} INFO - Started process (PID=959) to work on /home/airflow/.local/lib/python3.8/site-packages/airflow/example_dags/example_task_group_decorator.py
[2025-09-18T10:02:14.490+0000] {processor.py:830} INFO - Processing file /home/airflow/.local/lib/python3.8/site-packages/airflow/example_dags/example_task_group_decorator.py for tasks to queue
[2025-09-18T10:02:14.493+0000] {logging_mixin.py:188} INFO - [2025-09-18T10:02:14.493+0000] {dagbag.py:538} INFO - Filling up the DagBag from /home/airflow/.local/lib/python3.8/site-packages/airflow/example_dags/example_task_group_decorator.py
[2025-09-18T10:02:14.526+0000] {processor.py:840} INFO - DAG(s) 'example_task_group_decorator' retrieved from /home/airflow/.local/lib/python3.8/site-packages/airflow/example_dags/example_task_group_decorator.py
[2025-09-18T10:02:14.577+0000] {logging_mixin.py:188} INFO - [2025-09-18T10:02:14.576+0000] {dag.py:3036} INFO - Sync 1 DAGs
[2025-09-18T10:02:14.622+0000] {logging_mixin.py:188} INFO - [2025-09-18T10:02:14.622+0000] {dag.py:3823} INFO - Setting next_dagrun for example_task_group_decorator to 2025-09-17 00:00:00+00:00, run_after=2025-09-18 00:00:00+00:00
[2025-09-18T10:02:14.671+0000] {processor.py:183} INFO - Processing /home/airflow/.local/lib/python3.8/site-packages/airflow/example_dags/example_task_group_decorator.py took 0.190 seconds
[2025-09-18T10:02:45.285+0000] {processor.py:161} INFO - Started process (PID=1014) to work on /home/airflow/.local/lib/python3.8/site-packages/airflow/example_dags/example_task_group_decorator.py
[2025-09-18T10:02:45.288+0000] {processor.py:830} INFO - Processing file /home/airflow/.local/lib/python3.8/site-packages/airflow/example_dags/example_task_group_decorator.py for tasks to queue
[2025-09-18T10:02:45.299+0000] {logging_mixin.py:188} INFO - [2025-09-18T10:02:45.293+0000] {dagbag.py:538} INFO - Filling up the DagBag from /home/airflow/.local/lib/python3.8/site-packages/airflow/example_dags/example_task_group_decorator.py
[2025-09-18T10:02:45.383+0000] {processor.py:840} INFO - DAG(s) 'example_task_group_decorator' retrieved from /home/airflow/.local/lib/python3.8/site-packages/airflow/example_dags/example_task_group_decorator.py
[2025-09-18T10:02:45.518+0000] {logging_mixin.py:188} INFO - [2025-09-18T10:02:45.517+0000] {dag.py:3036} INFO - Sync 1 DAGs
[2025-09-18T10:02:45.567+0000] {logging_mixin.py:188} INFO - [2025-09-18T10:02:45.567+0000] {dag.py:3823} INFO - Setting next_dagrun for example_task_group_decorator to 2025-09-17 00:00:00+00:00, run_after=2025-09-18 00:00:00+00:00
[2025-09-18T10:02:45.615+0000] {processor.py:183} INFO - Processing /home/airflow/.local/lib/python3.8/site-packages/airflow/example_dags/example_task_group_decorator.py took 0.341 seconds
[2025-09-18T10:03:16.185+0000] {processor.py:161} INFO - Started process (PID=1069) to work on /home/airflow/.local/lib/python3.8/site-packages/airflow/example_dags/example_task_group_decorator.py
[2025-09-18T10:03:16.187+0000] {processor.py:830} INFO - Processing file /home/airflow/.local/lib/python3.8/site-packages/airflow/example_dags/example_task_group_decorator.py for tasks to queue
[2025-09-18T10:03:16.192+0000] {logging_mixin.py:188} INFO - [2025-09-18T10:03:16.191+0000] {dagbag.py:538} INFO - Filling up the DagBag from /home/airflow/.local/lib/python3.8/site-packages/airflow/example_dags/example_task_group_decorator.py
[2025-09-18T10:03:16.221+0000] {processor.py:840} INFO - DAG(s) 'example_task_group_decorator' retrieved from /home/airflow/.local/lib/python3.8/site-packages/airflow/example_dags/example_task_group_decorator.py
[2025-09-18T10:03:16.279+0000] {logging_mixin.py:188} INFO - [2025-09-18T10:03:16.279+0000] {dag.py:3036} INFO - Sync 1 DAGs
[2025-09-18T10:03:16.320+0000] {logging_mixin.py:188} INFO - [2025-09-18T10:03:16.319+0000] {dag.py:3823} INFO - Setting next_dagrun for example_task_group_decorator to 2025-09-17 00:00:00+00:00, run_after=2025-09-18 00:00:00+00:00
[2025-09-18T10:03:16.357+0000] {processor.py:183} INFO - Processing /home/airflow/.local/lib/python3.8/site-packages/airflow/example_dags/example_task_group_decorator.py took 0.178 seconds
[2025-09-18T10:03:46.619+0000] {processor.py:161} INFO - Started process (PID=1124) to work on /home/airflow/.local/lib/python3.8/site-packages/airflow/example_dags/example_task_group_decorator.py
[2025-09-18T10:03:46.621+0000] {processor.py:830} INFO - Processing file /home/airflow/.local/lib/python3.8/site-packages/airflow/example_dags/example_task_group_decorator.py for tasks to queue
[2025-09-18T10:03:46.625+0000] {logging_mixin.py:188} INFO - [2025-09-18T10:03:46.624+0000] {dagbag.py:538} INFO - Filling up the DagBag from /home/airflow/.local/lib/python3.8/site-packages/airflow/example_dags/example_task_group_decorator.py
[2025-09-18T10:03:46.652+0000] {processor.py:840} INFO - DAG(s) 'example_task_group_decorator' retrieved from /home/airflow/.local/lib/python3.8/site-packages/airflow/example_dags/example_task_group_decorator.py
[2025-09-18T10:03:46.703+0000] {logging_mixin.py:188} INFO - [2025-09-18T10:03:46.702+0000] {dag.py:3036} INFO - Sync 1 DAGs
[2025-09-18T10:03:46.743+0000] {logging_mixin.py:188} INFO - [2025-09-18T10:03:46.743+0000] {dag.py:3823} INFO - Setting next_dagrun for example_task_group_decorator to 2025-09-17 00:00:00+00:00, run_after=2025-09-18 00:00:00+00:00
[2025-09-18T10:03:46.781+0000] {processor.py:183} INFO - Processing /home/airflow/.local/lib/python3.8/site-packages/airflow/example_dags/example_task_group_decorator.py took 0.170 seconds
[2025-09-18T10:04:16.991+0000] {processor.py:161} INFO - Started process (PID=1179) to work on /home/airflow/.local/lib/python3.8/site-packages/airflow/example_dags/example_task_group_decorator.py
[2025-09-18T10:04:16.993+0000] {processor.py:830} INFO - Processing file /home/airflow/.local/lib/python3.8/site-packages/airflow/example_dags/example_task_group_decorator.py for tasks to queue
[2025-09-18T10:04:16.997+0000] {logging_mixin.py:188} INFO - [2025-09-18T10:04:16.996+0000] {dagbag.py:538} INFO - Filling up the DagBag from /home/airflow/.local/lib/python3.8/site-packages/airflow/example_dags/example_task_group_decorator.py
[2025-09-18T10:04:17.026+0000] {processor.py:840} INFO - DAG(s) 'example_task_group_decorator' retrieved from /home/airflow/.local/lib/python3.8/site-packages/airflow/example_dags/example_task_group_decorator.py
[2025-09-18T10:04:17.076+0000] {logging_mixin.py:188} INFO - [2025-09-18T10:04:17.076+0000] {dag.py:3036} INFO - Sync 1 DAGs
[2025-09-18T10:04:17.120+0000] {logging_mixin.py:188} INFO - [2025-09-18T10:04:17.120+0000] {dag.py:3823} INFO - Setting next_dagrun for example_task_group_decorator to 2025-09-17 00:00:00+00:00, run_after=2025-09-18 00:00:00+00:00
[2025-09-18T10:04:17.155+0000] {processor.py:183} INFO - Processing /home/airflow/.local/lib/python3.8/site-packages/airflow/example_dags/example_task_group_decorator.py took 0.171 seconds
[2025-09-18T10:04:47.427+0000] {processor.py:161} INFO - Started process (PID=1234) to work on /home/airflow/.local/lib/python3.8/site-packages/airflow/example_dags/example_task_group_decorator.py
[2025-09-18T10:04:47.429+0000] {processor.py:830} INFO - Processing file /home/airflow/.local/lib/python3.8/site-packages/airflow/example_dags/example_task_group_decorator.py for tasks to queue
[2025-09-18T10:04:47.433+0000] {logging_mixin.py:188} INFO - [2025-09-18T10:04:47.432+0000] {dagbag.py:538} INFO - Filling up the DagBag from /home/airflow/.local/lib/python3.8/site-packages/airflow/example_dags/example_task_group_decorator.py
[2025-09-18T10:04:47.465+0000] {processor.py:840} INFO - DAG(s) 'example_task_group_decorator' retrieved from /home/airflow/.local/lib/python3.8/site-packages/airflow/example_dags/example_task_group_decorator.py
[2025-09-18T10:04:47.514+0000] {logging_mixin.py:188} INFO - [2025-09-18T10:04:47.514+0000] {dag.py:3036} INFO - Sync 1 DAGs
[2025-09-18T10:04:47.561+0000] {logging_mixin.py:188} INFO - [2025-09-18T10:04:47.561+0000] {dag.py:3823} INFO - Setting next_dagrun for example_task_group_decorator to 2025-09-17 00:00:00+00:00, run_after=2025-09-18 00:00:00+00:00
[2025-09-18T10:04:47.599+0000] {processor.py:183} INFO - Processing /home/airflow/.local/lib/python3.8/site-packages/airflow/example_dags/example_task_group_decorator.py took 0.179 seconds
[2025-09-18T10:05:18.179+0000] {processor.py:161} INFO - Started process (PID=1289) to work on /home/airflow/.local/lib/python3.8/site-packages/airflow/example_dags/example_task_group_decorator.py
[2025-09-18T10:05:18.181+0000] {processor.py:830} INFO - Processing file /home/airflow/.local/lib/python3.8/site-packages/airflow/example_dags/example_task_group_decorator.py for tasks to queue
[2025-09-18T10:05:18.185+0000] {logging_mixin.py:188} INFO - [2025-09-18T10:05:18.184+0000] {dagbag.py:538} INFO - Filling up the DagBag from /home/airflow/.local/lib/python3.8/site-packages/airflow/example_dags/example_task_group_decorator.py
[2025-09-18T10:05:18.235+0000] {processor.py:840} INFO - DAG(s) 'example_task_group_decorator' retrieved from /home/airflow/.local/lib/python3.8/site-packages/airflow/example_dags/example_task_group_decorator.py
[2025-09-18T10:05:18.302+0000] {logging_mixin.py:188} INFO - [2025-09-18T10:05:18.302+0000] {dag.py:3036} INFO - Sync 1 DAGs
[2025-09-18T10:05:18.346+0000] {logging_mixin.py:188} INFO - [2025-09-18T10:05:18.345+0000] {dag.py:3823} INFO - Setting next_dagrun for example_task_group_decorator to 2025-09-17 00:00:00+00:00, run_after=2025-09-18 00:00:00+00:00
[2025-09-18T10:05:18.389+0000] {processor.py:183} INFO - Processing /home/airflow/.local/lib/python3.8/site-packages/airflow/example_dags/example_task_group_decorator.py took 0.219 seconds
