[2025-09-18T07:36:18.896+0000] {processor.py:161} INFO - Started process (PID=51) to work on /home/airflow/.local/lib/python3.8/site-packages/airflow/example_dags/example_branch_day_of_week_operator.py
[2025-09-18T07:36:18.898+0000] {processor.py:830} INFO - Processing file /home/airflow/.local/lib/python3.8/site-packages/airflow/example_dags/example_branch_day_of_week_operator.py for tasks to queue
[2025-09-18T07:36:18.903+0000] {logging_mixin.py:188} INFO - [2025-09-18T07:36:18.902+0000] {dagbag.py:538} INFO - Filling up the DagBag from /home/airflow/.local/lib/python3.8/site-packages/airflow/example_dags/example_branch_day_of_week_operator.py
[2025-09-18T07:36:18.929+0000] {processor.py:840} INFO - DAG(s) 'example_weekday_branch_operator' retrieved from /home/airflow/.local/lib/python3.8/site-packages/airflow/example_dags/example_branch_day_of_week_operator.py
[2025-09-18T07:36:19.234+0000] {logging_mixin.py:188} INFO - [2025-09-18T07:36:19.232+0000] {override.py:1769} INFO - Created Permission View: can read on DAG:example_weekday_branch_operator
[2025-09-18T07:36:19.261+0000] {logging_mixin.py:188} INFO - [2025-09-18T07:36:19.260+0000] {override.py:1769} INFO - Created Permission View: can delete on DAG:example_weekday_branch_operator
[2025-09-18T07:36:19.305+0000] {logging_mixin.py:188} INFO - [2025-09-18T07:36:19.304+0000] {override.py:1769} INFO - Created Permission View: can edit on DAG:example_weekday_branch_operator
[2025-09-18T07:36:19.307+0000] {logging_mixin.py:188} INFO - [2025-09-18T07:36:19.307+0000] {dag.py:3036} INFO - Sync 1 DAGs
[2025-09-18T07:36:19.345+0000] {logging_mixin.py:188} INFO - [2025-09-18T07:36:19.343+0000] {dag.py:3058} INFO - Creating ORM DAG for example_weekday_branch_operator
[2025-09-18T07:36:19.385+0000] {logging_mixin.py:188} INFO - [2025-09-18T07:36:19.385+0000] {dag.py:3823} INFO - Setting next_dagrun for example_weekday_branch_operator to 2025-09-17 00:00:00+00:00, run_after=2025-09-18 00:00:00+00:00
[2025-09-18T07:36:19.433+0000] {processor.py:183} INFO - Processing /home/airflow/.local/lib/python3.8/site-packages/airflow/example_dags/example_branch_day_of_week_operator.py took 0.544 seconds
[2025-09-18T07:36:49.870+0000] {processor.py:161} INFO - Started process (PID=106) to work on /home/airflow/.local/lib/python3.8/site-packages/airflow/example_dags/example_branch_day_of_week_operator.py
[2025-09-18T07:36:49.873+0000] {processor.py:830} INFO - Processing file /home/airflow/.local/lib/python3.8/site-packages/airflow/example_dags/example_branch_day_of_week_operator.py for tasks to queue
[2025-09-18T07:36:49.878+0000] {logging_mixin.py:188} INFO - [2025-09-18T07:36:49.877+0000] {dagbag.py:538} INFO - Filling up the DagBag from /home/airflow/.local/lib/python3.8/site-packages/airflow/example_dags/example_branch_day_of_week_operator.py
[2025-09-18T07:36:49.898+0000] {processor.py:840} INFO - DAG(s) 'example_weekday_branch_operator' retrieved from /home/airflow/.local/lib/python3.8/site-packages/airflow/example_dags/example_branch_day_of_week_operator.py
[2025-09-18T07:36:49.945+0000] {logging_mixin.py:188} INFO - [2025-09-18T07:36:49.945+0000] {dag.py:3036} INFO - Sync 1 DAGs
[2025-09-18T07:36:50.009+0000] {logging_mixin.py:188} INFO - [2025-09-18T07:36:50.008+0000] {dag.py:3823} INFO - Setting next_dagrun for example_weekday_branch_operator to 2025-09-17 00:00:00+00:00, run_after=2025-09-18 00:00:00+00:00
[2025-09-18T07:36:50.072+0000] {processor.py:183} INFO - Processing /home/airflow/.local/lib/python3.8/site-packages/airflow/example_dags/example_branch_day_of_week_operator.py took 0.210 seconds
[2025-09-18T07:37:20.422+0000] {processor.py:161} INFO - Started process (PID=161) to work on /home/airflow/.local/lib/python3.8/site-packages/airflow/example_dags/example_branch_day_of_week_operator.py
[2025-09-18T07:37:20.424+0000] {processor.py:830} INFO - Processing file /home/airflow/.local/lib/python3.8/site-packages/airflow/example_dags/example_branch_day_of_week_operator.py for tasks to queue
[2025-09-18T07:37:20.429+0000] {logging_mixin.py:188} INFO - [2025-09-18T07:37:20.428+0000] {dagbag.py:538} INFO - Filling up the DagBag from /home/airflow/.local/lib/python3.8/site-packages/airflow/example_dags/example_branch_day_of_week_operator.py
[2025-09-18T07:37:20.446+0000] {processor.py:840} INFO - DAG(s) 'example_weekday_branch_operator' retrieved from /home/airflow/.local/lib/python3.8/site-packages/airflow/example_dags/example_branch_day_of_week_operator.py
[2025-09-18T07:37:20.485+0000] {logging_mixin.py:188} INFO - [2025-09-18T07:37:20.485+0000] {dag.py:3036} INFO - Sync 1 DAGs
[2025-09-18T07:37:20.531+0000] {logging_mixin.py:188} INFO - [2025-09-18T07:37:20.530+0000] {dag.py:3823} INFO - Setting next_dagrun for example_weekday_branch_operator to 2025-09-17 00:00:00+00:00, run_after=2025-09-18 00:00:00+00:00
[2025-09-18T07:37:20.567+0000] {processor.py:183} INFO - Processing /home/airflow/.local/lib/python3.8/site-packages/airflow/example_dags/example_branch_day_of_week_operator.py took 0.153 seconds
[2025-09-18T07:37:51.082+0000] {processor.py:161} INFO - Started process (PID=216) to work on /home/airflow/.local/lib/python3.8/site-packages/airflow/example_dags/example_branch_day_of_week_operator.py
[2025-09-18T07:37:51.084+0000] {processor.py:830} INFO - Processing file /home/airflow/.local/lib/python3.8/site-packages/airflow/example_dags/example_branch_day_of_week_operator.py for tasks to queue
[2025-09-18T07:37:51.087+0000] {logging_mixin.py:188} INFO - [2025-09-18T07:37:51.087+0000] {dagbag.py:538} INFO - Filling up the DagBag from /home/airflow/.local/lib/python3.8/site-packages/airflow/example_dags/example_branch_day_of_week_operator.py
[2025-09-18T07:37:51.101+0000] {processor.py:840} INFO - DAG(s) 'example_weekday_branch_operator' retrieved from /home/airflow/.local/lib/python3.8/site-packages/airflow/example_dags/example_branch_day_of_week_operator.py
[2025-09-18T07:37:51.138+0000] {logging_mixin.py:188} INFO - [2025-09-18T07:37:51.138+0000] {dag.py:3036} INFO - Sync 1 DAGs
[2025-09-18T07:37:51.178+0000] {logging_mixin.py:188} INFO - [2025-09-18T07:37:51.178+0000] {dag.py:3823} INFO - Setting next_dagrun for example_weekday_branch_operator to 2025-09-17 00:00:00+00:00, run_after=2025-09-18 00:00:00+00:00
[2025-09-18T07:37:51.216+0000] {processor.py:183} INFO - Processing /home/airflow/.local/lib/python3.8/site-packages/airflow/example_dags/example_branch_day_of_week_operator.py took 0.140 seconds
[2025-09-18T07:38:21.915+0000] {processor.py:161} INFO - Started process (PID=271) to work on /home/airflow/.local/lib/python3.8/site-packages/airflow/example_dags/example_branch_day_of_week_operator.py
[2025-09-18T07:38:21.919+0000] {processor.py:830} INFO - Processing file /home/airflow/.local/lib/python3.8/site-packages/airflow/example_dags/example_branch_day_of_week_operator.py for tasks to queue
[2025-09-18T07:38:21.927+0000] {logging_mixin.py:188} INFO - [2025-09-18T07:38:21.926+0000] {dagbag.py:538} INFO - Filling up the DagBag from /home/airflow/.local/lib/python3.8/site-packages/airflow/example_dags/example_branch_day_of_week_operator.py
[2025-09-18T07:38:21.966+0000] {processor.py:840} INFO - DAG(s) 'example_weekday_branch_operator' retrieved from /home/airflow/.local/lib/python3.8/site-packages/airflow/example_dags/example_branch_day_of_week_operator.py
[2025-09-18T07:38:22.028+0000] {logging_mixin.py:188} INFO - [2025-09-18T07:38:22.027+0000] {dag.py:3036} INFO - Sync 1 DAGs
[2025-09-18T07:38:22.105+0000] {logging_mixin.py:188} INFO - [2025-09-18T07:38:22.105+0000] {dag.py:3823} INFO - Setting next_dagrun for example_weekday_branch_operator to 2025-09-17 00:00:00+00:00, run_after=2025-09-18 00:00:00+00:00
[2025-09-18T07:38:22.163+0000] {processor.py:183} INFO - Processing /home/airflow/.local/lib/python3.8/site-packages/airflow/example_dags/example_branch_day_of_week_operator.py took 0.255 seconds
[2025-09-18T07:38:52.728+0000] {processor.py:161} INFO - Started process (PID=325) to work on /home/airflow/.local/lib/python3.8/site-packages/airflow/example_dags/example_branch_day_of_week_operator.py
[2025-09-18T07:38:52.730+0000] {processor.py:830} INFO - Processing file /home/airflow/.local/lib/python3.8/site-packages/airflow/example_dags/example_branch_day_of_week_operator.py for tasks to queue
[2025-09-18T07:38:52.734+0000] {logging_mixin.py:188} INFO - [2025-09-18T07:38:52.734+0000] {dagbag.py:538} INFO - Filling up the DagBag from /home/airflow/.local/lib/python3.8/site-packages/airflow/example_dags/example_branch_day_of_week_operator.py
[2025-09-18T07:38:52.750+0000] {processor.py:840} INFO - DAG(s) 'example_weekday_branch_operator' retrieved from /home/airflow/.local/lib/python3.8/site-packages/airflow/example_dags/example_branch_day_of_week_operator.py
[2025-09-18T07:38:52.787+0000] {logging_mixin.py:188} INFO - [2025-09-18T07:38:52.787+0000] {dag.py:3036} INFO - Sync 1 DAGs
[2025-09-18T07:38:52.831+0000] {logging_mixin.py:188} INFO - [2025-09-18T07:38:52.831+0000] {dag.py:3823} INFO - Setting next_dagrun for example_weekday_branch_operator to 2025-09-17 00:00:00+00:00, run_after=2025-09-18 00:00:00+00:00
[2025-09-18T07:38:52.871+0000] {processor.py:183} INFO - Processing /home/airflow/.local/lib/python3.8/site-packages/airflow/example_dags/example_branch_day_of_week_operator.py took 0.149 seconds
[2025-09-18T07:39:23.325+0000] {processor.py:161} INFO - Started process (PID=380) to work on /home/airflow/.local/lib/python3.8/site-packages/airflow/example_dags/example_branch_day_of_week_operator.py
[2025-09-18T07:39:23.328+0000] {processor.py:830} INFO - Processing file /home/airflow/.local/lib/python3.8/site-packages/airflow/example_dags/example_branch_day_of_week_operator.py for tasks to queue
[2025-09-18T07:39:23.332+0000] {logging_mixin.py:188} INFO - [2025-09-18T07:39:23.331+0000] {dagbag.py:538} INFO - Filling up the DagBag from /home/airflow/.local/lib/python3.8/site-packages/airflow/example_dags/example_branch_day_of_week_operator.py
[2025-09-18T07:39:23.352+0000] {processor.py:840} INFO - DAG(s) 'example_weekday_branch_operator' retrieved from /home/airflow/.local/lib/python3.8/site-packages/airflow/example_dags/example_branch_day_of_week_operator.py
[2025-09-18T07:39:23.402+0000] {logging_mixin.py:188} INFO - [2025-09-18T07:39:23.402+0000] {dag.py:3036} INFO - Sync 1 DAGs
[2025-09-18T07:39:23.458+0000] {logging_mixin.py:188} INFO - [2025-09-18T07:39:23.457+0000] {dag.py:3823} INFO - Setting next_dagrun for example_weekday_branch_operator to 2025-09-17 00:00:00+00:00, run_after=2025-09-18 00:00:00+00:00
[2025-09-18T07:39:23.502+0000] {processor.py:183} INFO - Processing /home/airflow/.local/lib/python3.8/site-packages/airflow/example_dags/example_branch_day_of_week_operator.py took 0.184 seconds
[2025-09-18T07:39:53.857+0000] {processor.py:161} INFO - Started process (PID=435) to work on /home/airflow/.local/lib/python3.8/site-packages/airflow/example_dags/example_branch_day_of_week_operator.py
[2025-09-18T07:39:53.861+0000] {processor.py:830} INFO - Processing file /home/airflow/.local/lib/python3.8/site-packages/airflow/example_dags/example_branch_day_of_week_operator.py for tasks to queue
[2025-09-18T07:39:53.865+0000] {logging_mixin.py:188} INFO - [2025-09-18T07:39:53.865+0000] {dagbag.py:538} INFO - Filling up the DagBag from /home/airflow/.local/lib/python3.8/site-packages/airflow/example_dags/example_branch_day_of_week_operator.py
[2025-09-18T07:39:53.885+0000] {processor.py:840} INFO - DAG(s) 'example_weekday_branch_operator' retrieved from /home/airflow/.local/lib/python3.8/site-packages/airflow/example_dags/example_branch_day_of_week_operator.py
[2025-09-18T07:39:53.926+0000] {logging_mixin.py:188} INFO - [2025-09-18T07:39:53.925+0000] {dag.py:3036} INFO - Sync 1 DAGs
[2025-09-18T07:39:53.983+0000] {logging_mixin.py:188} INFO - [2025-09-18T07:39:53.982+0000] {dag.py:3823} INFO - Setting next_dagrun for example_weekday_branch_operator to 2025-09-17 00:00:00+00:00, run_after=2025-09-18 00:00:00+00:00
[2025-09-18T07:39:54.031+0000] {processor.py:183} INFO - Processing /home/airflow/.local/lib/python3.8/site-packages/airflow/example_dags/example_branch_day_of_week_operator.py took 0.182 seconds
[2025-09-18T07:40:24.132+0000] {processor.py:161} INFO - Started process (PID=491) to work on /home/airflow/.local/lib/python3.8/site-packages/airflow/example_dags/example_branch_day_of_week_operator.py
[2025-09-18T07:40:24.135+0000] {processor.py:830} INFO - Processing file /home/airflow/.local/lib/python3.8/site-packages/airflow/example_dags/example_branch_day_of_week_operator.py for tasks to queue
[2025-09-18T07:40:24.141+0000] {logging_mixin.py:188} INFO - [2025-09-18T07:40:24.140+0000] {dagbag.py:538} INFO - Filling up the DagBag from /home/airflow/.local/lib/python3.8/site-packages/airflow/example_dags/example_branch_day_of_week_operator.py
[2025-09-18T07:40:24.161+0000] {processor.py:840} INFO - DAG(s) 'example_weekday_branch_operator' retrieved from /home/airflow/.local/lib/python3.8/site-packages/airflow/example_dags/example_branch_day_of_week_operator.py
[2025-09-18T07:40:24.212+0000] {logging_mixin.py:188} INFO - [2025-09-18T07:40:24.211+0000] {dag.py:3036} INFO - Sync 1 DAGs
[2025-09-18T07:40:24.258+0000] {logging_mixin.py:188} INFO - [2025-09-18T07:40:24.258+0000] {dag.py:3823} INFO - Setting next_dagrun for example_weekday_branch_operator to 2025-09-17 00:00:00+00:00, run_after=2025-09-18 00:00:00+00:00
[2025-09-18T07:40:24.298+0000] {processor.py:183} INFO - Processing /home/airflow/.local/lib/python3.8/site-packages/airflow/example_dags/example_branch_day_of_week_operator.py took 0.174 seconds
[2025-09-18T07:40:54.449+0000] {processor.py:161} INFO - Started process (PID=546) to work on /home/airflow/.local/lib/python3.8/site-packages/airflow/example_dags/example_branch_day_of_week_operator.py
[2025-09-18T07:40:54.452+0000] {processor.py:830} INFO - Processing file /home/airflow/.local/lib/python3.8/site-packages/airflow/example_dags/example_branch_day_of_week_operator.py for tasks to queue
[2025-09-18T07:40:54.461+0000] {logging_mixin.py:188} INFO - [2025-09-18T07:40:54.460+0000] {dagbag.py:538} INFO - Filling up the DagBag from /home/airflow/.local/lib/python3.8/site-packages/airflow/example_dags/example_branch_day_of_week_operator.py
[2025-09-18T07:40:54.493+0000] {processor.py:840} INFO - DAG(s) 'example_weekday_branch_operator' retrieved from /home/airflow/.local/lib/python3.8/site-packages/airflow/example_dags/example_branch_day_of_week_operator.py
[2025-09-18T07:40:54.545+0000] {logging_mixin.py:188} INFO - [2025-09-18T07:40:54.544+0000] {dag.py:3036} INFO - Sync 1 DAGs
[2025-09-18T07:40:54.603+0000] {logging_mixin.py:188} INFO - [2025-09-18T07:40:54.603+0000] {dag.py:3823} INFO - Setting next_dagrun for example_weekday_branch_operator to 2025-09-17 00:00:00+00:00, run_after=2025-09-18 00:00:00+00:00
[2025-09-18T07:40:54.650+0000] {processor.py:183} INFO - Processing /home/airflow/.local/lib/python3.8/site-packages/airflow/example_dags/example_branch_day_of_week_operator.py took 0.211 seconds
[2025-09-18T07:41:24.779+0000] {processor.py:161} INFO - Started process (PID=601) to work on /home/airflow/.local/lib/python3.8/site-packages/airflow/example_dags/example_branch_day_of_week_operator.py
[2025-09-18T07:41:24.781+0000] {processor.py:830} INFO - Processing file /home/airflow/.local/lib/python3.8/site-packages/airflow/example_dags/example_branch_day_of_week_operator.py for tasks to queue
[2025-09-18T07:41:24.785+0000] {logging_mixin.py:188} INFO - [2025-09-18T07:41:24.785+0000] {dagbag.py:538} INFO - Filling up the DagBag from /home/airflow/.local/lib/python3.8/site-packages/airflow/example_dags/example_branch_day_of_week_operator.py
[2025-09-18T07:41:24.800+0000] {processor.py:840} INFO - DAG(s) 'example_weekday_branch_operator' retrieved from /home/airflow/.local/lib/python3.8/site-packages/airflow/example_dags/example_branch_day_of_week_operator.py
[2025-09-18T07:41:24.837+0000] {logging_mixin.py:188} INFO - [2025-09-18T07:41:24.837+0000] {dag.py:3036} INFO - Sync 1 DAGs
[2025-09-18T07:41:24.884+0000] {logging_mixin.py:188} INFO - [2025-09-18T07:41:24.883+0000] {dag.py:3823} INFO - Setting next_dagrun for example_weekday_branch_operator to 2025-09-17 00:00:00+00:00, run_after=2025-09-18 00:00:00+00:00
[2025-09-18T07:41:24.924+0000] {processor.py:183} INFO - Processing /home/airflow/.local/lib/python3.8/site-packages/airflow/example_dags/example_branch_day_of_week_operator.py took 0.152 seconds
[2025-09-18T07:41:55.789+0000] {processor.py:161} INFO - Started process (PID=656) to work on /home/airflow/.local/lib/python3.8/site-packages/airflow/example_dags/example_branch_day_of_week_operator.py
[2025-09-18T07:41:55.793+0000] {processor.py:830} INFO - Processing file /home/airflow/.local/lib/python3.8/site-packages/airflow/example_dags/example_branch_day_of_week_operator.py for tasks to queue
[2025-09-18T07:41:55.799+0000] {logging_mixin.py:188} INFO - [2025-09-18T07:41:55.798+0000] {dagbag.py:538} INFO - Filling up the DagBag from /home/airflow/.local/lib/python3.8/site-packages/airflow/example_dags/example_branch_day_of_week_operator.py
[2025-09-18T07:41:55.817+0000] {processor.py:840} INFO - DAG(s) 'example_weekday_branch_operator' retrieved from /home/airflow/.local/lib/python3.8/site-packages/airflow/example_dags/example_branch_day_of_week_operator.py
[2025-09-18T07:41:55.863+0000] {logging_mixin.py:188} INFO - [2025-09-18T07:41:55.862+0000] {dag.py:3036} INFO - Sync 1 DAGs
[2025-09-18T07:41:55.921+0000] {logging_mixin.py:188} INFO - [2025-09-18T07:41:55.921+0000] {dag.py:3823} INFO - Setting next_dagrun for example_weekday_branch_operator to 2025-09-17 00:00:00+00:00, run_after=2025-09-18 00:00:00+00:00
[2025-09-18T07:41:55.968+0000] {processor.py:183} INFO - Processing /home/airflow/.local/lib/python3.8/site-packages/airflow/example_dags/example_branch_day_of_week_operator.py took 0.185 seconds
[2025-09-18T07:42:26.162+0000] {processor.py:161} INFO - Started process (PID=711) to work on /home/airflow/.local/lib/python3.8/site-packages/airflow/example_dags/example_branch_day_of_week_operator.py
[2025-09-18T07:42:26.164+0000] {processor.py:830} INFO - Processing file /home/airflow/.local/lib/python3.8/site-packages/airflow/example_dags/example_branch_day_of_week_operator.py for tasks to queue
[2025-09-18T07:42:26.168+0000] {logging_mixin.py:188} INFO - [2025-09-18T07:42:26.168+0000] {dagbag.py:538} INFO - Filling up the DagBag from /home/airflow/.local/lib/python3.8/site-packages/airflow/example_dags/example_branch_day_of_week_operator.py
[2025-09-18T07:42:26.182+0000] {processor.py:840} INFO - DAG(s) 'example_weekday_branch_operator' retrieved from /home/airflow/.local/lib/python3.8/site-packages/airflow/example_dags/example_branch_day_of_week_operator.py
[2025-09-18T07:42:26.219+0000] {logging_mixin.py:188} INFO - [2025-09-18T07:42:26.218+0000] {dag.py:3036} INFO - Sync 1 DAGs
[2025-09-18T07:42:26.259+0000] {logging_mixin.py:188} INFO - [2025-09-18T07:42:26.259+0000] {dag.py:3823} INFO - Setting next_dagrun for example_weekday_branch_operator to 2025-09-17 00:00:00+00:00, run_after=2025-09-18 00:00:00+00:00
[2025-09-18T07:42:26.296+0000] {processor.py:183} INFO - Processing /home/airflow/.local/lib/python3.8/site-packages/airflow/example_dags/example_branch_day_of_week_operator.py took 0.140 seconds
[2025-09-18T07:42:56.460+0000] {processor.py:161} INFO - Started process (PID=766) to work on /home/airflow/.local/lib/python3.8/site-packages/airflow/example_dags/example_branch_day_of_week_operator.py
[2025-09-18T07:42:56.462+0000] {processor.py:830} INFO - Processing file /home/airflow/.local/lib/python3.8/site-packages/airflow/example_dags/example_branch_day_of_week_operator.py for tasks to queue
[2025-09-18T07:42:56.467+0000] {logging_mixin.py:188} INFO - [2025-09-18T07:42:56.467+0000] {dagbag.py:538} INFO - Filling up the DagBag from /home/airflow/.local/lib/python3.8/site-packages/airflow/example_dags/example_branch_day_of_week_operator.py
[2025-09-18T07:42:56.484+0000] {processor.py:840} INFO - DAG(s) 'example_weekday_branch_operator' retrieved from /home/airflow/.local/lib/python3.8/site-packages/airflow/example_dags/example_branch_day_of_week_operator.py
[2025-09-18T07:42:56.521+0000] {logging_mixin.py:188} INFO - [2025-09-18T07:42:56.521+0000] {dag.py:3036} INFO - Sync 1 DAGs
[2025-09-18T07:42:56.564+0000] {logging_mixin.py:188} INFO - [2025-09-18T07:42:56.563+0000] {dag.py:3823} INFO - Setting next_dagrun for example_weekday_branch_operator to 2025-09-17 00:00:00+00:00, run_after=2025-09-18 00:00:00+00:00
[2025-09-18T07:42:56.603+0000] {processor.py:183} INFO - Processing /home/airflow/.local/lib/python3.8/site-packages/airflow/example_dags/example_branch_day_of_week_operator.py took 0.149 seconds
[2025-09-18T07:43:27.649+0000] {processor.py:161} INFO - Started process (PID=821) to work on /home/airflow/.local/lib/python3.8/site-packages/airflow/example_dags/example_branch_day_of_week_operator.py
[2025-09-18T07:43:27.652+0000] {processor.py:830} INFO - Processing file /home/airflow/.local/lib/python3.8/site-packages/airflow/example_dags/example_branch_day_of_week_operator.py for tasks to queue
[2025-09-18T07:43:27.658+0000] {logging_mixin.py:188} INFO - [2025-09-18T07:43:27.657+0000] {dagbag.py:538} INFO - Filling up the DagBag from /home/airflow/.local/lib/python3.8/site-packages/airflow/example_dags/example_branch_day_of_week_operator.py
[2025-09-18T07:43:27.685+0000] {processor.py:840} INFO - DAG(s) 'example_weekday_branch_operator' retrieved from /home/airflow/.local/lib/python3.8/site-packages/airflow/example_dags/example_branch_day_of_week_operator.py
[2025-09-18T07:43:27.749+0000] {logging_mixin.py:188} INFO - [2025-09-18T07:43:27.748+0000] {dag.py:3036} INFO - Sync 1 DAGs
[2025-09-18T07:43:27.819+0000] {logging_mixin.py:188} INFO - [2025-09-18T07:43:27.819+0000] {dag.py:3823} INFO - Setting next_dagrun for example_weekday_branch_operator to 2025-09-17 00:00:00+00:00, run_after=2025-09-18 00:00:00+00:00
[2025-09-18T07:43:27.872+0000] {processor.py:183} INFO - Processing /home/airflow/.local/lib/python3.8/site-packages/airflow/example_dags/example_branch_day_of_week_operator.py took 0.233 seconds
[2025-09-18T07:43:58.629+0000] {processor.py:161} INFO - Started process (PID=876) to work on /home/airflow/.local/lib/python3.8/site-packages/airflow/example_dags/example_branch_day_of_week_operator.py
[2025-09-18T07:43:58.632+0000] {processor.py:830} INFO - Processing file /home/airflow/.local/lib/python3.8/site-packages/airflow/example_dags/example_branch_day_of_week_operator.py for tasks to queue
[2025-09-18T07:43:58.636+0000] {logging_mixin.py:188} INFO - [2025-09-18T07:43:58.635+0000] {dagbag.py:538} INFO - Filling up the DagBag from /home/airflow/.local/lib/python3.8/site-packages/airflow/example_dags/example_branch_day_of_week_operator.py
[2025-09-18T07:43:58.656+0000] {processor.py:840} INFO - DAG(s) 'example_weekday_branch_operator' retrieved from /home/airflow/.local/lib/python3.8/site-packages/airflow/example_dags/example_branch_day_of_week_operator.py
[2025-09-18T07:43:58.694+0000] {logging_mixin.py:188} INFO - [2025-09-18T07:43:58.694+0000] {dag.py:3036} INFO - Sync 1 DAGs
[2025-09-18T07:43:58.737+0000] {logging_mixin.py:188} INFO - [2025-09-18T07:43:58.737+0000] {dag.py:3823} INFO - Setting next_dagrun for example_weekday_branch_operator to 2025-09-17 00:00:00+00:00, run_after=2025-09-18 00:00:00+00:00
[2025-09-18T07:43:58.775+0000] {processor.py:183} INFO - Processing /home/airflow/.local/lib/python3.8/site-packages/airflow/example_dags/example_branch_day_of_week_operator.py took 0.152 seconds
[2025-09-18T07:44:29.164+0000] {processor.py:161} INFO - Started process (PID=931) to work on /home/airflow/.local/lib/python3.8/site-packages/airflow/example_dags/example_branch_day_of_week_operator.py
[2025-09-18T07:44:29.166+0000] {processor.py:830} INFO - Processing file /home/airflow/.local/lib/python3.8/site-packages/airflow/example_dags/example_branch_day_of_week_operator.py for tasks to queue
[2025-09-18T07:44:29.171+0000] {logging_mixin.py:188} INFO - [2025-09-18T07:44:29.170+0000] {dagbag.py:538} INFO - Filling up the DagBag from /home/airflow/.local/lib/python3.8/site-packages/airflow/example_dags/example_branch_day_of_week_operator.py
[2025-09-18T07:44:29.191+0000] {processor.py:840} INFO - DAG(s) 'example_weekday_branch_operator' retrieved from /home/airflow/.local/lib/python3.8/site-packages/airflow/example_dags/example_branch_day_of_week_operator.py
[2025-09-18T07:44:29.231+0000] {logging_mixin.py:188} INFO - [2025-09-18T07:44:29.231+0000] {dag.py:3036} INFO - Sync 1 DAGs
[2025-09-18T07:44:29.285+0000] {logging_mixin.py:188} INFO - [2025-09-18T07:44:29.285+0000] {dag.py:3823} INFO - Setting next_dagrun for example_weekday_branch_operator to 2025-09-17 00:00:00+00:00, run_after=2025-09-18 00:00:00+00:00
[2025-09-18T07:44:29.326+0000] {processor.py:183} INFO - Processing /home/airflow/.local/lib/python3.8/site-packages/airflow/example_dags/example_branch_day_of_week_operator.py took 0.171 seconds
[2025-09-18T07:44:59.913+0000] {processor.py:161} INFO - Started process (PID=986) to work on /home/airflow/.local/lib/python3.8/site-packages/airflow/example_dags/example_branch_day_of_week_operator.py
[2025-09-18T07:44:59.915+0000] {processor.py:830} INFO - Processing file /home/airflow/.local/lib/python3.8/site-packages/airflow/example_dags/example_branch_day_of_week_operator.py for tasks to queue
[2025-09-18T07:44:59.919+0000] {logging_mixin.py:188} INFO - [2025-09-18T07:44:59.919+0000] {dagbag.py:538} INFO - Filling up the DagBag from /home/airflow/.local/lib/python3.8/site-packages/airflow/example_dags/example_branch_day_of_week_operator.py
[2025-09-18T07:44:59.940+0000] {processor.py:840} INFO - DAG(s) 'example_weekday_branch_operator' retrieved from /home/airflow/.local/lib/python3.8/site-packages/airflow/example_dags/example_branch_day_of_week_operator.py
[2025-09-18T07:44:59.996+0000] {logging_mixin.py:188} INFO - [2025-09-18T07:44:59.995+0000] {dag.py:3036} INFO - Sync 1 DAGs
[2025-09-18T07:45:00.092+0000] {logging_mixin.py:188} INFO - [2025-09-18T07:45:00.091+0000] {dag.py:3823} INFO - Setting next_dagrun for example_weekday_branch_operator to 2025-09-17 00:00:00+00:00, run_after=2025-09-18 00:00:00+00:00
[2025-09-18T07:45:00.138+0000] {processor.py:183} INFO - Processing /home/airflow/.local/lib/python3.8/site-packages/airflow/example_dags/example_branch_day_of_week_operator.py took 0.234 seconds
[2025-09-18T07:45:30.454+0000] {processor.py:161} INFO - Started process (PID=1041) to work on /home/airflow/.local/lib/python3.8/site-packages/airflow/example_dags/example_branch_day_of_week_operator.py
[2025-09-18T07:45:30.456+0000] {processor.py:830} INFO - Processing file /home/airflow/.local/lib/python3.8/site-packages/airflow/example_dags/example_branch_day_of_week_operator.py for tasks to queue
[2025-09-18T07:45:30.460+0000] {logging_mixin.py:188} INFO - [2025-09-18T07:45:30.459+0000] {dagbag.py:538} INFO - Filling up the DagBag from /home/airflow/.local/lib/python3.8/site-packages/airflow/example_dags/example_branch_day_of_week_operator.py
[2025-09-18T07:45:30.477+0000] {processor.py:840} INFO - DAG(s) 'example_weekday_branch_operator' retrieved from /home/airflow/.local/lib/python3.8/site-packages/airflow/example_dags/example_branch_day_of_week_operator.py
[2025-09-18T07:45:30.525+0000] {logging_mixin.py:188} INFO - [2025-09-18T07:45:30.519+0000] {dag.py:3036} INFO - Sync 1 DAGs
[2025-09-18T07:45:30.592+0000] {logging_mixin.py:188} INFO - [2025-09-18T07:45:30.592+0000] {dag.py:3823} INFO - Setting next_dagrun for example_weekday_branch_operator to 2025-09-17 00:00:00+00:00, run_after=2025-09-18 00:00:00+00:00
[2025-09-18T07:45:30.633+0000] {processor.py:183} INFO - Processing /home/airflow/.local/lib/python3.8/site-packages/airflow/example_dags/example_branch_day_of_week_operator.py took 0.185 seconds
[2025-09-18T07:46:00.954+0000] {processor.py:161} INFO - Started process (PID=1096) to work on /home/airflow/.local/lib/python3.8/site-packages/airflow/example_dags/example_branch_day_of_week_operator.py
[2025-09-18T07:46:00.957+0000] {processor.py:830} INFO - Processing file /home/airflow/.local/lib/python3.8/site-packages/airflow/example_dags/example_branch_day_of_week_operator.py for tasks to queue
[2025-09-18T07:46:00.961+0000] {logging_mixin.py:188} INFO - [2025-09-18T07:46:00.961+0000] {dagbag.py:538} INFO - Filling up the DagBag from /home/airflow/.local/lib/python3.8/site-packages/airflow/example_dags/example_branch_day_of_week_operator.py
[2025-09-18T07:46:00.980+0000] {processor.py:840} INFO - DAG(s) 'example_weekday_branch_operator' retrieved from /home/airflow/.local/lib/python3.8/site-packages/airflow/example_dags/example_branch_day_of_week_operator.py
[2025-09-18T07:46:01.023+0000] {logging_mixin.py:188} INFO - [2025-09-18T07:46:01.023+0000] {dag.py:3036} INFO - Sync 1 DAGs
[2025-09-18T07:46:01.076+0000] {logging_mixin.py:188} INFO - [2025-09-18T07:46:01.075+0000] {dag.py:3823} INFO - Setting next_dagrun for example_weekday_branch_operator to 2025-09-17 00:00:00+00:00, run_after=2025-09-18 00:00:00+00:00
[2025-09-18T07:46:01.115+0000] {processor.py:183} INFO - Processing /home/airflow/.local/lib/python3.8/site-packages/airflow/example_dags/example_branch_day_of_week_operator.py took 0.169 seconds
[2025-09-18T07:46:31.542+0000] {processor.py:161} INFO - Started process (PID=1149) to work on /home/airflow/.local/lib/python3.8/site-packages/airflow/example_dags/example_branch_day_of_week_operator.py
[2025-09-18T07:46:31.545+0000] {processor.py:830} INFO - Processing file /home/airflow/.local/lib/python3.8/site-packages/airflow/example_dags/example_branch_day_of_week_operator.py for tasks to queue
[2025-09-18T07:46:31.549+0000] {logging_mixin.py:188} INFO - [2025-09-18T07:46:31.548+0000] {dagbag.py:538} INFO - Filling up the DagBag from /home/airflow/.local/lib/python3.8/site-packages/airflow/example_dags/example_branch_day_of_week_operator.py
[2025-09-18T07:46:31.572+0000] {processor.py:840} INFO - DAG(s) 'example_weekday_branch_operator' retrieved from /home/airflow/.local/lib/python3.8/site-packages/airflow/example_dags/example_branch_day_of_week_operator.py
[2025-09-18T07:46:31.624+0000] {logging_mixin.py:188} INFO - [2025-09-18T07:46:31.624+0000] {dag.py:3036} INFO - Sync 1 DAGs
[2025-09-18T07:46:31.679+0000] {logging_mixin.py:188} INFO - [2025-09-18T07:46:31.679+0000] {dag.py:3823} INFO - Setting next_dagrun for example_weekday_branch_operator to 2025-09-17 00:00:00+00:00, run_after=2025-09-18 00:00:00+00:00
[2025-09-18T07:46:31.730+0000] {processor.py:183} INFO - Processing /home/airflow/.local/lib/python3.8/site-packages/airflow/example_dags/example_branch_day_of_week_operator.py took 0.196 seconds
[2025-09-18T07:47:02.302+0000] {processor.py:161} INFO - Started process (PID=1204) to work on /home/airflow/.local/lib/python3.8/site-packages/airflow/example_dags/example_branch_day_of_week_operator.py
[2025-09-18T07:47:02.306+0000] {processor.py:830} INFO - Processing file /home/airflow/.local/lib/python3.8/site-packages/airflow/example_dags/example_branch_day_of_week_operator.py for tasks to queue
[2025-09-18T07:47:02.312+0000] {logging_mixin.py:188} INFO - [2025-09-18T07:47:02.311+0000] {dagbag.py:538} INFO - Filling up the DagBag from /home/airflow/.local/lib/python3.8/site-packages/airflow/example_dags/example_branch_day_of_week_operator.py
[2025-09-18T07:47:02.333+0000] {processor.py:840} INFO - DAG(s) 'example_weekday_branch_operator' retrieved from /home/airflow/.local/lib/python3.8/site-packages/airflow/example_dags/example_branch_day_of_week_operator.py
[2025-09-18T07:47:02.371+0000] {logging_mixin.py:188} INFO - [2025-09-18T07:47:02.370+0000] {dag.py:3036} INFO - Sync 1 DAGs
[2025-09-18T07:47:02.414+0000] {logging_mixin.py:188} INFO - [2025-09-18T07:47:02.414+0000] {dag.py:3823} INFO - Setting next_dagrun for example_weekday_branch_operator to 2025-09-17 00:00:00+00:00, run_after=2025-09-18 00:00:00+00:00
[2025-09-18T07:47:02.456+0000] {processor.py:183} INFO - Processing /home/airflow/.local/lib/python3.8/site-packages/airflow/example_dags/example_branch_day_of_week_operator.py took 0.160 seconds
[2025-09-18T07:47:33.037+0000] {processor.py:161} INFO - Started process (PID=1259) to work on /home/airflow/.local/lib/python3.8/site-packages/airflow/example_dags/example_branch_day_of_week_operator.py
[2025-09-18T07:47:33.039+0000] {processor.py:830} INFO - Processing file /home/airflow/.local/lib/python3.8/site-packages/airflow/example_dags/example_branch_day_of_week_operator.py for tasks to queue
[2025-09-18T07:47:33.045+0000] {logging_mixin.py:188} INFO - [2025-09-18T07:47:33.044+0000] {dagbag.py:538} INFO - Filling up the DagBag from /home/airflow/.local/lib/python3.8/site-packages/airflow/example_dags/example_branch_day_of_week_operator.py
[2025-09-18T07:47:33.068+0000] {processor.py:840} INFO - DAG(s) 'example_weekday_branch_operator' retrieved from /home/airflow/.local/lib/python3.8/site-packages/airflow/example_dags/example_branch_day_of_week_operator.py
[2025-09-18T07:47:33.126+0000] {logging_mixin.py:188} INFO - [2025-09-18T07:47:33.125+0000] {dag.py:3036} INFO - Sync 1 DAGs
[2025-09-18T07:47:33.195+0000] {logging_mixin.py:188} INFO - [2025-09-18T07:47:33.195+0000] {dag.py:3823} INFO - Setting next_dagrun for example_weekday_branch_operator to 2025-09-17 00:00:00+00:00, run_after=2025-09-18 00:00:00+00:00
[2025-09-18T07:47:33.249+0000] {processor.py:183} INFO - Processing /home/airflow/.local/lib/python3.8/site-packages/airflow/example_dags/example_branch_day_of_week_operator.py took 0.220 seconds
[2025-09-18T07:48:03.873+0000] {processor.py:161} INFO - Started process (PID=1315) to work on /home/airflow/.local/lib/python3.8/site-packages/airflow/example_dags/example_branch_day_of_week_operator.py
[2025-09-18T07:48:03.874+0000] {processor.py:830} INFO - Processing file /home/airflow/.local/lib/python3.8/site-packages/airflow/example_dags/example_branch_day_of_week_operator.py for tasks to queue
[2025-09-18T07:48:03.880+0000] {logging_mixin.py:188} INFO - [2025-09-18T07:48:03.879+0000] {dagbag.py:538} INFO - Filling up the DagBag from /home/airflow/.local/lib/python3.8/site-packages/airflow/example_dags/example_branch_day_of_week_operator.py
[2025-09-18T07:48:03.897+0000] {processor.py:840} INFO - DAG(s) 'example_weekday_branch_operator' retrieved from /home/airflow/.local/lib/python3.8/site-packages/airflow/example_dags/example_branch_day_of_week_operator.py
[2025-09-18T07:48:03.941+0000] {logging_mixin.py:188} INFO - [2025-09-18T07:48:03.941+0000] {dag.py:3036} INFO - Sync 1 DAGs
[2025-09-18T07:48:03.986+0000] {logging_mixin.py:188} INFO - [2025-09-18T07:48:03.986+0000] {dag.py:3823} INFO - Setting next_dagrun for example_weekday_branch_operator to 2025-09-17 00:00:00+00:00, run_after=2025-09-18 00:00:00+00:00
[2025-09-18T07:48:04.034+0000] {processor.py:183} INFO - Processing /home/airflow/.local/lib/python3.8/site-packages/airflow/example_dags/example_branch_day_of_week_operator.py took 0.167 seconds
[2025-09-18T07:48:34.120+0000] {processor.py:161} INFO - Started process (PID=1370) to work on /home/airflow/.local/lib/python3.8/site-packages/airflow/example_dags/example_branch_day_of_week_operator.py
[2025-09-18T07:48:34.122+0000] {processor.py:830} INFO - Processing file /home/airflow/.local/lib/python3.8/site-packages/airflow/example_dags/example_branch_day_of_week_operator.py for tasks to queue
[2025-09-18T07:48:34.126+0000] {logging_mixin.py:188} INFO - [2025-09-18T07:48:34.126+0000] {dagbag.py:538} INFO - Filling up the DagBag from /home/airflow/.local/lib/python3.8/site-packages/airflow/example_dags/example_branch_day_of_week_operator.py
[2025-09-18T07:48:34.140+0000] {processor.py:840} INFO - DAG(s) 'example_weekday_branch_operator' retrieved from /home/airflow/.local/lib/python3.8/site-packages/airflow/example_dags/example_branch_day_of_week_operator.py
[2025-09-18T07:48:34.183+0000] {logging_mixin.py:188} INFO - [2025-09-18T07:48:34.182+0000] {dag.py:3036} INFO - Sync 1 DAGs
[2025-09-18T07:48:34.228+0000] {logging_mixin.py:188} INFO - [2025-09-18T07:48:34.227+0000] {dag.py:3823} INFO - Setting next_dagrun for example_weekday_branch_operator to 2025-09-17 00:00:00+00:00, run_after=2025-09-18 00:00:00+00:00
[2025-09-18T07:48:34.264+0000] {processor.py:183} INFO - Processing /home/airflow/.local/lib/python3.8/site-packages/airflow/example_dags/example_branch_day_of_week_operator.py took 0.149 seconds
[2025-09-18T07:56:41.740+0000] {processor.py:161} INFO - Started process (PID=50) to work on /home/airflow/.local/lib/python3.8/site-packages/airflow/example_dags/example_branch_day_of_week_operator.py
[2025-09-18T07:56:41.743+0000] {processor.py:830} INFO - Processing file /home/airflow/.local/lib/python3.8/site-packages/airflow/example_dags/example_branch_day_of_week_operator.py for tasks to queue
[2025-09-18T07:56:41.749+0000] {logging_mixin.py:188} INFO - [2025-09-18T07:56:41.748+0000] {dagbag.py:538} INFO - Filling up the DagBag from /home/airflow/.local/lib/python3.8/site-packages/airflow/example_dags/example_branch_day_of_week_operator.py
[2025-09-18T07:56:41.774+0000] {processor.py:840} INFO - DAG(s) 'example_weekday_branch_operator' retrieved from /home/airflow/.local/lib/python3.8/site-packages/airflow/example_dags/example_branch_day_of_week_operator.py
[2025-09-18T07:56:42.024+0000] {logging_mixin.py:188} INFO - [2025-09-18T07:56:42.023+0000] {override.py:1769} INFO - Created Permission View: can edit on DAG:example_weekday_branch_operator
[2025-09-18T07:56:42.047+0000] {logging_mixin.py:188} INFO - [2025-09-18T07:56:42.046+0000] {override.py:1769} INFO - Created Permission View: can read on DAG:example_weekday_branch_operator
[2025-09-18T07:56:42.061+0000] {logging_mixin.py:188} INFO - [2025-09-18T07:56:42.061+0000] {override.py:1769} INFO - Created Permission View: can delete on DAG:example_weekday_branch_operator
[2025-09-18T07:56:42.062+0000] {logging_mixin.py:188} INFO - [2025-09-18T07:56:42.062+0000] {dag.py:3036} INFO - Sync 1 DAGs
[2025-09-18T07:56:42.084+0000] {logging_mixin.py:188} INFO - [2025-09-18T07:56:42.083+0000] {dag.py:3058} INFO - Creating ORM DAG for example_weekday_branch_operator
[2025-09-18T07:56:42.110+0000] {logging_mixin.py:188} INFO - [2025-09-18T07:56:42.109+0000] {dag.py:3823} INFO - Setting next_dagrun for example_weekday_branch_operator to 2025-09-17 00:00:00+00:00, run_after=2025-09-18 00:00:00+00:00
[2025-09-18T07:56:42.142+0000] {processor.py:183} INFO - Processing /home/airflow/.local/lib/python3.8/site-packages/airflow/example_dags/example_branch_day_of_week_operator.py took 0.412 seconds
[2025-09-18T07:57:20.419+0000] {processor.py:161} INFO - Started process (PID=105) to work on /home/airflow/.local/lib/python3.8/site-packages/airflow/example_dags/example_branch_day_of_week_operator.py
[2025-09-18T07:57:20.430+0000] {processor.py:830} INFO - Processing file /home/airflow/.local/lib/python3.8/site-packages/airflow/example_dags/example_branch_day_of_week_operator.py for tasks to queue
[2025-09-18T07:57:20.436+0000] {logging_mixin.py:188} INFO - [2025-09-18T07:57:20.435+0000] {dagbag.py:538} INFO - Filling up the DagBag from /home/airflow/.local/lib/python3.8/site-packages/airflow/example_dags/example_branch_day_of_week_operator.py
[2025-09-18T07:57:20.484+0000] {processor.py:840} INFO - DAG(s) 'example_weekday_branch_operator' retrieved from /home/airflow/.local/lib/python3.8/site-packages/airflow/example_dags/example_branch_day_of_week_operator.py
[2025-09-18T07:57:20.573+0000] {logging_mixin.py:188} INFO - [2025-09-18T07:57:20.572+0000] {dag.py:3036} INFO - Sync 1 DAGs
[2025-09-18T07:57:20.683+0000] {logging_mixin.py:188} INFO - [2025-09-18T07:57:20.682+0000] {dag.py:3823} INFO - Setting next_dagrun for example_weekday_branch_operator to 2025-09-17 00:00:00+00:00, run_after=2025-09-18 00:00:00+00:00
[2025-09-18T07:57:20.784+0000] {processor.py:183} INFO - Processing /home/airflow/.local/lib/python3.8/site-packages/airflow/example_dags/example_branch_day_of_week_operator.py took 0.385 seconds
[2025-09-18T07:57:50.926+0000] {processor.py:161} INFO - Started process (PID=161) to work on /home/airflow/.local/lib/python3.8/site-packages/airflow/example_dags/example_branch_day_of_week_operator.py
[2025-09-18T07:57:50.928+0000] {processor.py:830} INFO - Processing file /home/airflow/.local/lib/python3.8/site-packages/airflow/example_dags/example_branch_day_of_week_operator.py for tasks to queue
[2025-09-18T07:57:50.936+0000] {logging_mixin.py:188} INFO - [2025-09-18T07:57:50.933+0000] {dagbag.py:538} INFO - Filling up the DagBag from /home/airflow/.local/lib/python3.8/site-packages/airflow/example_dags/example_branch_day_of_week_operator.py
[2025-09-18T07:57:50.961+0000] {processor.py:840} INFO - DAG(s) 'example_weekday_branch_operator' retrieved from /home/airflow/.local/lib/python3.8/site-packages/airflow/example_dags/example_branch_day_of_week_operator.py
[2025-09-18T07:57:51.095+0000] {logging_mixin.py:188} INFO - [2025-09-18T07:57:51.094+0000] {dag.py:3036} INFO - Sync 1 DAGs
[2025-09-18T07:57:51.249+0000] {logging_mixin.py:188} INFO - [2025-09-18T07:57:51.248+0000] {dag.py:3823} INFO - Setting next_dagrun for example_weekday_branch_operator to 2025-09-17 00:00:00+00:00, run_after=2025-09-18 00:00:00+00:00
[2025-09-18T07:57:51.296+0000] {processor.py:183} INFO - Processing /home/airflow/.local/lib/python3.8/site-packages/airflow/example_dags/example_branch_day_of_week_operator.py took 0.378 seconds
[2025-09-18T09:46:47.033+0000] {processor.py:161} INFO - Started process (PID=50) to work on /home/airflow/.local/lib/python3.8/site-packages/airflow/example_dags/example_branch_day_of_week_operator.py
[2025-09-18T09:46:47.036+0000] {processor.py:830} INFO - Processing file /home/airflow/.local/lib/python3.8/site-packages/airflow/example_dags/example_branch_day_of_week_operator.py for tasks to queue
[2025-09-18T09:46:47.042+0000] {logging_mixin.py:188} INFO - [2025-09-18T09:46:47.041+0000] {dagbag.py:538} INFO - Filling up the DagBag from /home/airflow/.local/lib/python3.8/site-packages/airflow/example_dags/example_branch_day_of_week_operator.py
[2025-09-18T09:46:47.071+0000] {processor.py:840} INFO - DAG(s) 'example_weekday_branch_operator' retrieved from /home/airflow/.local/lib/python3.8/site-packages/airflow/example_dags/example_branch_day_of_week_operator.py
[2025-09-18T09:46:47.346+0000] {logging_mixin.py:188} INFO - [2025-09-18T09:46:47.345+0000] {override.py:1769} INFO - Created Permission View: can delete on DAG:example_weekday_branch_operator
[2025-09-18T09:46:47.372+0000] {logging_mixin.py:188} INFO - [2025-09-18T09:46:47.372+0000] {override.py:1769} INFO - Created Permission View: can edit on DAG:example_weekday_branch_operator
[2025-09-18T09:46:47.388+0000] {logging_mixin.py:188} INFO - [2025-09-18T09:46:47.387+0000] {override.py:1769} INFO - Created Permission View: can read on DAG:example_weekday_branch_operator
[2025-09-18T09:46:47.389+0000] {logging_mixin.py:188} INFO - [2025-09-18T09:46:47.389+0000] {dag.py:3036} INFO - Sync 1 DAGs
[2025-09-18T09:46:47.413+0000] {logging_mixin.py:188} INFO - [2025-09-18T09:46:47.412+0000] {dag.py:3058} INFO - Creating ORM DAG for example_weekday_branch_operator
[2025-09-18T09:46:47.436+0000] {logging_mixin.py:188} INFO - [2025-09-18T09:46:47.436+0000] {dag.py:3823} INFO - Setting next_dagrun for example_weekday_branch_operator to 2025-09-17 00:00:00+00:00, run_after=2025-09-18 00:00:00+00:00
[2025-09-18T09:46:47.470+0000] {processor.py:183} INFO - Processing /home/airflow/.local/lib/python3.8/site-packages/airflow/example_dags/example_branch_day_of_week_operator.py took 0.446 seconds
[2025-09-18T09:47:18.214+0000] {processor.py:161} INFO - Started process (PID=105) to work on /home/airflow/.local/lib/python3.8/site-packages/airflow/example_dags/example_branch_day_of_week_operator.py
[2025-09-18T09:47:18.217+0000] {processor.py:830} INFO - Processing file /home/airflow/.local/lib/python3.8/site-packages/airflow/example_dags/example_branch_day_of_week_operator.py for tasks to queue
[2025-09-18T09:47:18.221+0000] {logging_mixin.py:188} INFO - [2025-09-18T09:47:18.220+0000] {dagbag.py:538} INFO - Filling up the DagBag from /home/airflow/.local/lib/python3.8/site-packages/airflow/example_dags/example_branch_day_of_week_operator.py
[2025-09-18T09:47:18.241+0000] {processor.py:840} INFO - DAG(s) 'example_weekday_branch_operator' retrieved from /home/airflow/.local/lib/python3.8/site-packages/airflow/example_dags/example_branch_day_of_week_operator.py
[2025-09-18T09:47:18.292+0000] {logging_mixin.py:188} INFO - [2025-09-18T09:47:18.292+0000] {dag.py:3036} INFO - Sync 1 DAGs
[2025-09-18T09:47:18.350+0000] {logging_mixin.py:188} INFO - [2025-09-18T09:47:18.349+0000] {dag.py:3823} INFO - Setting next_dagrun for example_weekday_branch_operator to 2025-09-17 00:00:00+00:00, run_after=2025-09-18 00:00:00+00:00
[2025-09-18T09:47:18.407+0000] {processor.py:183} INFO - Processing /home/airflow/.local/lib/python3.8/site-packages/airflow/example_dags/example_branch_day_of_week_operator.py took 0.203 seconds
[2025-09-18T09:47:49.079+0000] {processor.py:161} INFO - Started process (PID=160) to work on /home/airflow/.local/lib/python3.8/site-packages/airflow/example_dags/example_branch_day_of_week_operator.py
[2025-09-18T09:47:49.081+0000] {processor.py:830} INFO - Processing file /home/airflow/.local/lib/python3.8/site-packages/airflow/example_dags/example_branch_day_of_week_operator.py for tasks to queue
[2025-09-18T09:47:49.085+0000] {logging_mixin.py:188} INFO - [2025-09-18T09:47:49.084+0000] {dagbag.py:538} INFO - Filling up the DagBag from /home/airflow/.local/lib/python3.8/site-packages/airflow/example_dags/example_branch_day_of_week_operator.py
[2025-09-18T09:47:49.107+0000] {processor.py:840} INFO - DAG(s) 'example_weekday_branch_operator' retrieved from /home/airflow/.local/lib/python3.8/site-packages/airflow/example_dags/example_branch_day_of_week_operator.py
[2025-09-18T09:47:49.157+0000] {logging_mixin.py:188} INFO - [2025-09-18T09:47:49.157+0000] {dag.py:3036} INFO - Sync 1 DAGs
[2025-09-18T09:47:49.239+0000] {logging_mixin.py:188} INFO - [2025-09-18T09:47:49.239+0000] {dag.py:3823} INFO - Setting next_dagrun for example_weekday_branch_operator to 2025-09-17 00:00:00+00:00, run_after=2025-09-18 00:00:00+00:00
[2025-09-18T09:47:49.307+0000] {processor.py:183} INFO - Processing /home/airflow/.local/lib/python3.8/site-packages/airflow/example_dags/example_branch_day_of_week_operator.py took 0.235 seconds
[2025-09-18T09:48:19.831+0000] {processor.py:161} INFO - Started process (PID=215) to work on /home/airflow/.local/lib/python3.8/site-packages/airflow/example_dags/example_branch_day_of_week_operator.py
[2025-09-18T09:48:19.833+0000] {processor.py:830} INFO - Processing file /home/airflow/.local/lib/python3.8/site-packages/airflow/example_dags/example_branch_day_of_week_operator.py for tasks to queue
[2025-09-18T09:48:19.837+0000] {logging_mixin.py:188} INFO - [2025-09-18T09:48:19.837+0000] {dagbag.py:538} INFO - Filling up the DagBag from /home/airflow/.local/lib/python3.8/site-packages/airflow/example_dags/example_branch_day_of_week_operator.py
[2025-09-18T09:48:19.850+0000] {processor.py:840} INFO - DAG(s) 'example_weekday_branch_operator' retrieved from /home/airflow/.local/lib/python3.8/site-packages/airflow/example_dags/example_branch_day_of_week_operator.py
[2025-09-18T09:48:19.887+0000] {logging_mixin.py:188} INFO - [2025-09-18T09:48:19.886+0000] {dag.py:3036} INFO - Sync 1 DAGs
[2025-09-18T09:48:19.929+0000] {logging_mixin.py:188} INFO - [2025-09-18T09:48:19.929+0000] {dag.py:3823} INFO - Setting next_dagrun for example_weekday_branch_operator to 2025-09-17 00:00:00+00:00, run_after=2025-09-18 00:00:00+00:00
[2025-09-18T09:48:19.968+0000] {processor.py:183} INFO - Processing /home/airflow/.local/lib/python3.8/site-packages/airflow/example_dags/example_branch_day_of_week_operator.py took 0.143 seconds
[2025-09-18T09:48:50.185+0000] {processor.py:161} INFO - Started process (PID=270) to work on /home/airflow/.local/lib/python3.8/site-packages/airflow/example_dags/example_branch_day_of_week_operator.py
[2025-09-18T09:48:50.192+0000] {processor.py:830} INFO - Processing file /home/airflow/.local/lib/python3.8/site-packages/airflow/example_dags/example_branch_day_of_week_operator.py for tasks to queue
[2025-09-18T09:48:50.201+0000] {logging_mixin.py:188} INFO - [2025-09-18T09:48:50.200+0000] {dagbag.py:538} INFO - Filling up the DagBag from /home/airflow/.local/lib/python3.8/site-packages/airflow/example_dags/example_branch_day_of_week_operator.py
[2025-09-18T09:48:50.216+0000] {processor.py:840} INFO - DAG(s) 'example_weekday_branch_operator' retrieved from /home/airflow/.local/lib/python3.8/site-packages/airflow/example_dags/example_branch_day_of_week_operator.py
[2025-09-18T09:48:50.258+0000] {logging_mixin.py:188} INFO - [2025-09-18T09:48:50.258+0000] {dag.py:3036} INFO - Sync 1 DAGs
[2025-09-18T09:48:50.304+0000] {logging_mixin.py:188} INFO - [2025-09-18T09:48:50.303+0000] {dag.py:3823} INFO - Setting next_dagrun for example_weekday_branch_operator to 2025-09-17 00:00:00+00:00, run_after=2025-09-18 00:00:00+00:00
[2025-09-18T09:48:50.339+0000] {processor.py:183} INFO - Processing /home/airflow/.local/lib/python3.8/site-packages/airflow/example_dags/example_branch_day_of_week_operator.py took 0.163 seconds
[2025-09-18T09:49:20.584+0000] {processor.py:161} INFO - Started process (PID=325) to work on /home/airflow/.local/lib/python3.8/site-packages/airflow/example_dags/example_branch_day_of_week_operator.py
[2025-09-18T09:49:20.586+0000] {processor.py:830} INFO - Processing file /home/airflow/.local/lib/python3.8/site-packages/airflow/example_dags/example_branch_day_of_week_operator.py for tasks to queue
[2025-09-18T09:49:20.589+0000] {logging_mixin.py:188} INFO - [2025-09-18T09:49:20.589+0000] {dagbag.py:538} INFO - Filling up the DagBag from /home/airflow/.local/lib/python3.8/site-packages/airflow/example_dags/example_branch_day_of_week_operator.py
[2025-09-18T09:49:20.606+0000] {processor.py:840} INFO - DAG(s) 'example_weekday_branch_operator' retrieved from /home/airflow/.local/lib/python3.8/site-packages/airflow/example_dags/example_branch_day_of_week_operator.py
[2025-09-18T09:49:20.643+0000] {logging_mixin.py:188} INFO - [2025-09-18T09:49:20.643+0000] {dag.py:3036} INFO - Sync 1 DAGs
[2025-09-18T09:49:20.684+0000] {logging_mixin.py:188} INFO - [2025-09-18T09:49:20.683+0000] {dag.py:3823} INFO - Setting next_dagrun for example_weekday_branch_operator to 2025-09-17 00:00:00+00:00, run_after=2025-09-18 00:00:00+00:00
[2025-09-18T09:49:20.717+0000] {processor.py:183} INFO - Processing /home/airflow/.local/lib/python3.8/site-packages/airflow/example_dags/example_branch_day_of_week_operator.py took 0.138 seconds
[2025-09-18T09:49:51.113+0000] {processor.py:161} INFO - Started process (PID=380) to work on /home/airflow/.local/lib/python3.8/site-packages/airflow/example_dags/example_branch_day_of_week_operator.py
[2025-09-18T09:49:51.115+0000] {processor.py:830} INFO - Processing file /home/airflow/.local/lib/python3.8/site-packages/airflow/example_dags/example_branch_day_of_week_operator.py for tasks to queue
[2025-09-18T09:49:51.119+0000] {logging_mixin.py:188} INFO - [2025-09-18T09:49:51.118+0000] {dagbag.py:538} INFO - Filling up the DagBag from /home/airflow/.local/lib/python3.8/site-packages/airflow/example_dags/example_branch_day_of_week_operator.py
[2025-09-18T09:49:51.140+0000] {processor.py:840} INFO - DAG(s) 'example_weekday_branch_operator' retrieved from /home/airflow/.local/lib/python3.8/site-packages/airflow/example_dags/example_branch_day_of_week_operator.py
[2025-09-18T09:49:51.183+0000] {logging_mixin.py:188} INFO - [2025-09-18T09:49:51.183+0000] {dag.py:3036} INFO - Sync 1 DAGs
[2025-09-18T09:49:51.239+0000] {logging_mixin.py:188} INFO - [2025-09-18T09:49:51.238+0000] {dag.py:3823} INFO - Setting next_dagrun for example_weekday_branch_operator to 2025-09-17 00:00:00+00:00, run_after=2025-09-18 00:00:00+00:00
[2025-09-18T09:49:51.280+0000] {processor.py:183} INFO - Processing /home/airflow/.local/lib/python3.8/site-packages/airflow/example_dags/example_branch_day_of_week_operator.py took 0.175 seconds
[2025-09-18T09:50:21.417+0000] {processor.py:161} INFO - Started process (PID=435) to work on /home/airflow/.local/lib/python3.8/site-packages/airflow/example_dags/example_branch_day_of_week_operator.py
[2025-09-18T09:50:21.419+0000] {processor.py:830} INFO - Processing file /home/airflow/.local/lib/python3.8/site-packages/airflow/example_dags/example_branch_day_of_week_operator.py for tasks to queue
[2025-09-18T09:50:21.422+0000] {logging_mixin.py:188} INFO - [2025-09-18T09:50:21.422+0000] {dagbag.py:538} INFO - Filling up the DagBag from /home/airflow/.local/lib/python3.8/site-packages/airflow/example_dags/example_branch_day_of_week_operator.py
[2025-09-18T09:50:21.442+0000] {processor.py:840} INFO - DAG(s) 'example_weekday_branch_operator' retrieved from /home/airflow/.local/lib/python3.8/site-packages/airflow/example_dags/example_branch_day_of_week_operator.py
[2025-09-18T09:50:21.481+0000] {logging_mixin.py:188} INFO - [2025-09-18T09:50:21.481+0000] {dag.py:3036} INFO - Sync 1 DAGs
[2025-09-18T09:50:21.530+0000] {logging_mixin.py:188} INFO - [2025-09-18T09:50:21.529+0000] {dag.py:3823} INFO - Setting next_dagrun for example_weekday_branch_operator to 2025-09-17 00:00:00+00:00, run_after=2025-09-18 00:00:00+00:00
[2025-09-18T09:50:21.573+0000] {processor.py:183} INFO - Processing /home/airflow/.local/lib/python3.8/site-packages/airflow/example_dags/example_branch_day_of_week_operator.py took 0.163 seconds
[2025-09-18T09:50:52.125+0000] {processor.py:161} INFO - Started process (PID=490) to work on /home/airflow/.local/lib/python3.8/site-packages/airflow/example_dags/example_branch_day_of_week_operator.py
[2025-09-18T09:50:52.127+0000] {processor.py:830} INFO - Processing file /home/airflow/.local/lib/python3.8/site-packages/airflow/example_dags/example_branch_day_of_week_operator.py for tasks to queue
[2025-09-18T09:50:52.131+0000] {logging_mixin.py:188} INFO - [2025-09-18T09:50:52.131+0000] {dagbag.py:538} INFO - Filling up the DagBag from /home/airflow/.local/lib/python3.8/site-packages/airflow/example_dags/example_branch_day_of_week_operator.py
[2025-09-18T09:50:52.146+0000] {processor.py:840} INFO - DAG(s) 'example_weekday_branch_operator' retrieved from /home/airflow/.local/lib/python3.8/site-packages/airflow/example_dags/example_branch_day_of_week_operator.py
[2025-09-18T09:50:52.186+0000] {logging_mixin.py:188} INFO - [2025-09-18T09:50:52.186+0000] {dag.py:3036} INFO - Sync 1 DAGs
[2025-09-18T09:50:52.232+0000] {logging_mixin.py:188} INFO - [2025-09-18T09:50:52.232+0000] {dag.py:3823} INFO - Setting next_dagrun for example_weekday_branch_operator to 2025-09-17 00:00:00+00:00, run_after=2025-09-18 00:00:00+00:00
[2025-09-18T09:50:52.268+0000] {processor.py:183} INFO - Processing /home/airflow/.local/lib/python3.8/site-packages/airflow/example_dags/example_branch_day_of_week_operator.py took 0.149 seconds
[2025-09-18T09:53:53.290+0000] {processor.py:161} INFO - Started process (PID=51) to work on /home/airflow/.local/lib/python3.8/site-packages/airflow/example_dags/example_branch_day_of_week_operator.py
[2025-09-18T09:53:53.293+0000] {processor.py:830} INFO - Processing file /home/airflow/.local/lib/python3.8/site-packages/airflow/example_dags/example_branch_day_of_week_operator.py for tasks to queue
[2025-09-18T09:53:53.302+0000] {logging_mixin.py:188} INFO - [2025-09-18T09:53:53.300+0000] {dagbag.py:538} INFO - Filling up the DagBag from /home/airflow/.local/lib/python3.8/site-packages/airflow/example_dags/example_branch_day_of_week_operator.py
[2025-09-18T09:53:53.334+0000] {processor.py:840} INFO - DAG(s) 'example_weekday_branch_operator' retrieved from /home/airflow/.local/lib/python3.8/site-packages/airflow/example_dags/example_branch_day_of_week_operator.py
[2025-09-18T09:53:54.264+0000] {logging_mixin.py:188} INFO - [2025-09-18T09:53:54.262+0000] {override.py:1769} INFO - Created Permission View: can delete on DAG:example_weekday_branch_operator
[2025-09-18T09:53:54.340+0000] {logging_mixin.py:188} INFO - [2025-09-18T09:53:54.339+0000] {override.py:1769} INFO - Created Permission View: can edit on DAG:example_weekday_branch_operator
[2025-09-18T09:53:54.379+0000] {logging_mixin.py:188} INFO - [2025-09-18T09:53:54.378+0000] {override.py:1769} INFO - Created Permission View: can read on DAG:example_weekday_branch_operator
[2025-09-18T09:53:54.381+0000] {logging_mixin.py:188} INFO - [2025-09-18T09:53:54.380+0000] {dag.py:3036} INFO - Sync 1 DAGs
[2025-09-18T09:53:54.450+0000] {logging_mixin.py:188} INFO - [2025-09-18T09:53:54.450+0000] {dag.py:3058} INFO - Creating ORM DAG for example_weekday_branch_operator
[2025-09-18T09:53:54.605+0000] {logging_mixin.py:188} INFO - [2025-09-18T09:53:54.603+0000] {dag.py:3823} INFO - Setting next_dagrun for example_weekday_branch_operator to 2025-09-17 00:00:00+00:00, run_after=2025-09-18 00:00:00+00:00
[2025-09-18T09:53:54.661+0000] {processor.py:183} INFO - Processing /home/airflow/.local/lib/python3.8/site-packages/airflow/example_dags/example_branch_day_of_week_operator.py took 1.381 seconds
[2025-09-18T09:54:24.873+0000] {processor.py:161} INFO - Started process (PID=106) to work on /home/airflow/.local/lib/python3.8/site-packages/airflow/example_dags/example_branch_day_of_week_operator.py
[2025-09-18T09:54:24.875+0000] {processor.py:830} INFO - Processing file /home/airflow/.local/lib/python3.8/site-packages/airflow/example_dags/example_branch_day_of_week_operator.py for tasks to queue
[2025-09-18T09:54:24.878+0000] {logging_mixin.py:188} INFO - [2025-09-18T09:54:24.878+0000] {dagbag.py:538} INFO - Filling up the DagBag from /home/airflow/.local/lib/python3.8/site-packages/airflow/example_dags/example_branch_day_of_week_operator.py
[2025-09-18T09:54:24.897+0000] {processor.py:840} INFO - DAG(s) 'example_weekday_branch_operator' retrieved from /home/airflow/.local/lib/python3.8/site-packages/airflow/example_dags/example_branch_day_of_week_operator.py
[2025-09-18T09:54:24.950+0000] {logging_mixin.py:188} INFO - [2025-09-18T09:54:24.949+0000] {dag.py:3036} INFO - Sync 1 DAGs
[2025-09-18T09:54:25.000+0000] {logging_mixin.py:188} INFO - [2025-09-18T09:54:25.000+0000] {dag.py:3823} INFO - Setting next_dagrun for example_weekday_branch_operator to 2025-09-17 00:00:00+00:00, run_after=2025-09-18 00:00:00+00:00
[2025-09-18T09:54:25.049+0000] {processor.py:183} INFO - Processing /home/airflow/.local/lib/python3.8/site-packages/airflow/example_dags/example_branch_day_of_week_operator.py took 0.184 seconds
[2025-09-18T09:54:55.631+0000] {processor.py:161} INFO - Started process (PID=162) to work on /home/airflow/.local/lib/python3.8/site-packages/airflow/example_dags/example_branch_day_of_week_operator.py
[2025-09-18T09:54:55.639+0000] {processor.py:830} INFO - Processing file /home/airflow/.local/lib/python3.8/site-packages/airflow/example_dags/example_branch_day_of_week_operator.py for tasks to queue
[2025-09-18T09:54:55.649+0000] {logging_mixin.py:188} INFO - [2025-09-18T09:54:55.648+0000] {dagbag.py:538} INFO - Filling up the DagBag from /home/airflow/.local/lib/python3.8/site-packages/airflow/example_dags/example_branch_day_of_week_operator.py
[2025-09-18T09:54:55.680+0000] {processor.py:840} INFO - DAG(s) 'example_weekday_branch_operator' retrieved from /home/airflow/.local/lib/python3.8/site-packages/airflow/example_dags/example_branch_day_of_week_operator.py
[2025-09-18T09:54:55.767+0000] {logging_mixin.py:188} INFO - [2025-09-18T09:54:55.766+0000] {dag.py:3036} INFO - Sync 1 DAGs
[2025-09-18T09:54:55.880+0000] {logging_mixin.py:188} INFO - [2025-09-18T09:54:55.879+0000] {dag.py:3823} INFO - Setting next_dagrun for example_weekday_branch_operator to 2025-09-17 00:00:00+00:00, run_after=2025-09-18 00:00:00+00:00
[2025-09-18T09:54:56.001+0000] {processor.py:183} INFO - Processing /home/airflow/.local/lib/python3.8/site-packages/airflow/example_dags/example_branch_day_of_week_operator.py took 0.383 seconds
[2025-09-18T09:55:26.756+0000] {processor.py:161} INFO - Started process (PID=217) to work on /home/airflow/.local/lib/python3.8/site-packages/airflow/example_dags/example_branch_day_of_week_operator.py
[2025-09-18T09:55:26.758+0000] {processor.py:830} INFO - Processing file /home/airflow/.local/lib/python3.8/site-packages/airflow/example_dags/example_branch_day_of_week_operator.py for tasks to queue
[2025-09-18T09:55:26.761+0000] {logging_mixin.py:188} INFO - [2025-09-18T09:55:26.761+0000] {dagbag.py:538} INFO - Filling up the DagBag from /home/airflow/.local/lib/python3.8/site-packages/airflow/example_dags/example_branch_day_of_week_operator.py
[2025-09-18T09:55:26.776+0000] {processor.py:840} INFO - DAG(s) 'example_weekday_branch_operator' retrieved from /home/airflow/.local/lib/python3.8/site-packages/airflow/example_dags/example_branch_day_of_week_operator.py
[2025-09-18T09:55:26.813+0000] {logging_mixin.py:188} INFO - [2025-09-18T09:55:26.812+0000] {dag.py:3036} INFO - Sync 1 DAGs
[2025-09-18T09:55:26.854+0000] {logging_mixin.py:188} INFO - [2025-09-18T09:55:26.854+0000] {dag.py:3823} INFO - Setting next_dagrun for example_weekday_branch_operator to 2025-09-17 00:00:00+00:00, run_after=2025-09-18 00:00:00+00:00
[2025-09-18T09:55:26.893+0000] {processor.py:183} INFO - Processing /home/airflow/.local/lib/python3.8/site-packages/airflow/example_dags/example_branch_day_of_week_operator.py took 0.143 seconds
[2025-09-18T09:55:57.670+0000] {processor.py:161} INFO - Started process (PID=272) to work on /home/airflow/.local/lib/python3.8/site-packages/airflow/example_dags/example_branch_day_of_week_operator.py
[2025-09-18T09:55:57.672+0000] {processor.py:830} INFO - Processing file /home/airflow/.local/lib/python3.8/site-packages/airflow/example_dags/example_branch_day_of_week_operator.py for tasks to queue
[2025-09-18T09:55:57.676+0000] {logging_mixin.py:188} INFO - [2025-09-18T09:55:57.675+0000] {dagbag.py:538} INFO - Filling up the DagBag from /home/airflow/.local/lib/python3.8/site-packages/airflow/example_dags/example_branch_day_of_week_operator.py
[2025-09-18T09:55:57.691+0000] {processor.py:840} INFO - DAG(s) 'example_weekday_branch_operator' retrieved from /home/airflow/.local/lib/python3.8/site-packages/airflow/example_dags/example_branch_day_of_week_operator.py
[2025-09-18T09:55:57.727+0000] {logging_mixin.py:188} INFO - [2025-09-18T09:55:57.727+0000] {dag.py:3036} INFO - Sync 1 DAGs
[2025-09-18T09:55:57.776+0000] {logging_mixin.py:188} INFO - [2025-09-18T09:55:57.776+0000] {dag.py:3823} INFO - Setting next_dagrun for example_weekday_branch_operator to 2025-09-17 00:00:00+00:00, run_after=2025-09-18 00:00:00+00:00
[2025-09-18T09:55:57.817+0000] {processor.py:183} INFO - Processing /home/airflow/.local/lib/python3.8/site-packages/airflow/example_dags/example_branch_day_of_week_operator.py took 0.152 seconds
[2025-09-18T09:56:28.574+0000] {processor.py:161} INFO - Started process (PID=327) to work on /home/airflow/.local/lib/python3.8/site-packages/airflow/example_dags/example_branch_day_of_week_operator.py
[2025-09-18T09:56:28.576+0000] {processor.py:830} INFO - Processing file /home/airflow/.local/lib/python3.8/site-packages/airflow/example_dags/example_branch_day_of_week_operator.py for tasks to queue
[2025-09-18T09:56:28.580+0000] {logging_mixin.py:188} INFO - [2025-09-18T09:56:28.579+0000] {dagbag.py:538} INFO - Filling up the DagBag from /home/airflow/.local/lib/python3.8/site-packages/airflow/example_dags/example_branch_day_of_week_operator.py
[2025-09-18T09:56:28.594+0000] {processor.py:840} INFO - DAG(s) 'example_weekday_branch_operator' retrieved from /home/airflow/.local/lib/python3.8/site-packages/airflow/example_dags/example_branch_day_of_week_operator.py
[2025-09-18T09:56:28.631+0000] {logging_mixin.py:188} INFO - [2025-09-18T09:56:28.630+0000] {dag.py:3036} INFO - Sync 1 DAGs
[2025-09-18T09:56:28.678+0000] {logging_mixin.py:188} INFO - [2025-09-18T09:56:28.678+0000] {dag.py:3823} INFO - Setting next_dagrun for example_weekday_branch_operator to 2025-09-17 00:00:00+00:00, run_after=2025-09-18 00:00:00+00:00
[2025-09-18T09:56:28.715+0000] {processor.py:183} INFO - Processing /home/airflow/.local/lib/python3.8/site-packages/airflow/example_dags/example_branch_day_of_week_operator.py took 0.146 seconds
[2025-09-18T09:56:59.269+0000] {processor.py:161} INFO - Started process (PID=382) to work on /home/airflow/.local/lib/python3.8/site-packages/airflow/example_dags/example_branch_day_of_week_operator.py
[2025-09-18T09:56:59.271+0000] {processor.py:830} INFO - Processing file /home/airflow/.local/lib/python3.8/site-packages/airflow/example_dags/example_branch_day_of_week_operator.py for tasks to queue
[2025-09-18T09:56:59.275+0000] {logging_mixin.py:188} INFO - [2025-09-18T09:56:59.274+0000] {dagbag.py:538} INFO - Filling up the DagBag from /home/airflow/.local/lib/python3.8/site-packages/airflow/example_dags/example_branch_day_of_week_operator.py
[2025-09-18T09:56:59.288+0000] {processor.py:840} INFO - DAG(s) 'example_weekday_branch_operator' retrieved from /home/airflow/.local/lib/python3.8/site-packages/airflow/example_dags/example_branch_day_of_week_operator.py
[2025-09-18T09:56:59.324+0000] {logging_mixin.py:188} INFO - [2025-09-18T09:56:59.324+0000] {dag.py:3036} INFO - Sync 1 DAGs
[2025-09-18T09:56:59.366+0000] {logging_mixin.py:188} INFO - [2025-09-18T09:56:59.365+0000] {dag.py:3823} INFO - Setting next_dagrun for example_weekday_branch_operator to 2025-09-17 00:00:00+00:00, run_after=2025-09-18 00:00:00+00:00
[2025-09-18T09:56:59.398+0000] {processor.py:183} INFO - Processing /home/airflow/.local/lib/python3.8/site-packages/airflow/example_dags/example_branch_day_of_week_operator.py took 0.134 seconds
[2025-09-18T09:57:29.621+0000] {processor.py:161} INFO - Started process (PID=437) to work on /home/airflow/.local/lib/python3.8/site-packages/airflow/example_dags/example_branch_day_of_week_operator.py
[2025-09-18T09:57:29.623+0000] {processor.py:830} INFO - Processing file /home/airflow/.local/lib/python3.8/site-packages/airflow/example_dags/example_branch_day_of_week_operator.py for tasks to queue
[2025-09-18T09:57:29.626+0000] {logging_mixin.py:188} INFO - [2025-09-18T09:57:29.626+0000] {dagbag.py:538} INFO - Filling up the DagBag from /home/airflow/.local/lib/python3.8/site-packages/airflow/example_dags/example_branch_day_of_week_operator.py
[2025-09-18T09:57:29.640+0000] {processor.py:840} INFO - DAG(s) 'example_weekday_branch_operator' retrieved from /home/airflow/.local/lib/python3.8/site-packages/airflow/example_dags/example_branch_day_of_week_operator.py
[2025-09-18T09:57:29.676+0000] {logging_mixin.py:188} INFO - [2025-09-18T09:57:29.675+0000] {dag.py:3036} INFO - Sync 1 DAGs
[2025-09-18T09:57:29.716+0000] {logging_mixin.py:188} INFO - [2025-09-18T09:57:29.716+0000] {dag.py:3823} INFO - Setting next_dagrun for example_weekday_branch_operator to 2025-09-17 00:00:00+00:00, run_after=2025-09-18 00:00:00+00:00
[2025-09-18T09:57:29.754+0000] {processor.py:183} INFO - Processing /home/airflow/.local/lib/python3.8/site-packages/airflow/example_dags/example_branch_day_of_week_operator.py took 0.138 seconds
[2025-09-18T09:57:59.936+0000] {processor.py:161} INFO - Started process (PID=492) to work on /home/airflow/.local/lib/python3.8/site-packages/airflow/example_dags/example_branch_day_of_week_operator.py
[2025-09-18T09:57:59.938+0000] {processor.py:830} INFO - Processing file /home/airflow/.local/lib/python3.8/site-packages/airflow/example_dags/example_branch_day_of_week_operator.py for tasks to queue
[2025-09-18T09:57:59.942+0000] {logging_mixin.py:188} INFO - [2025-09-18T09:57:59.941+0000] {dagbag.py:538} INFO - Filling up the DagBag from /home/airflow/.local/lib/python3.8/site-packages/airflow/example_dags/example_branch_day_of_week_operator.py
[2025-09-18T09:57:59.956+0000] {processor.py:840} INFO - DAG(s) 'example_weekday_branch_operator' retrieved from /home/airflow/.local/lib/python3.8/site-packages/airflow/example_dags/example_branch_day_of_week_operator.py
[2025-09-18T09:57:59.992+0000] {logging_mixin.py:188} INFO - [2025-09-18T09:57:59.991+0000] {dag.py:3036} INFO - Sync 1 DAGs
[2025-09-18T09:58:00.042+0000] {logging_mixin.py:188} INFO - [2025-09-18T09:58:00.042+0000] {dag.py:3823} INFO - Setting next_dagrun for example_weekday_branch_operator to 2025-09-17 00:00:00+00:00, run_after=2025-09-18 00:00:00+00:00
[2025-09-18T09:58:00.081+0000] {processor.py:183} INFO - Processing /home/airflow/.local/lib/python3.8/site-packages/airflow/example_dags/example_branch_day_of_week_operator.py took 0.150 seconds
[2025-09-18T09:58:30.789+0000] {processor.py:161} INFO - Started process (PID=547) to work on /home/airflow/.local/lib/python3.8/site-packages/airflow/example_dags/example_branch_day_of_week_operator.py
[2025-09-18T09:58:30.791+0000] {processor.py:830} INFO - Processing file /home/airflow/.local/lib/python3.8/site-packages/airflow/example_dags/example_branch_day_of_week_operator.py for tasks to queue
[2025-09-18T09:58:30.795+0000] {logging_mixin.py:188} INFO - [2025-09-18T09:58:30.794+0000] {dagbag.py:538} INFO - Filling up the DagBag from /home/airflow/.local/lib/python3.8/site-packages/airflow/example_dags/example_branch_day_of_week_operator.py
[2025-09-18T09:58:30.809+0000] {processor.py:840} INFO - DAG(s) 'example_weekday_branch_operator' retrieved from /home/airflow/.local/lib/python3.8/site-packages/airflow/example_dags/example_branch_day_of_week_operator.py
[2025-09-18T09:58:30.844+0000] {logging_mixin.py:188} INFO - [2025-09-18T09:58:30.843+0000] {dag.py:3036} INFO - Sync 1 DAGs
[2025-09-18T09:58:30.884+0000] {logging_mixin.py:188} INFO - [2025-09-18T09:58:30.884+0000] {dag.py:3823} INFO - Setting next_dagrun for example_weekday_branch_operator to 2025-09-17 00:00:00+00:00, run_after=2025-09-18 00:00:00+00:00
[2025-09-18T09:58:30.921+0000] {processor.py:183} INFO - Processing /home/airflow/.local/lib/python3.8/site-packages/airflow/example_dags/example_branch_day_of_week_operator.py took 0.137 seconds
[2025-09-18T09:59:01.351+0000] {processor.py:161} INFO - Started process (PID=602) to work on /home/airflow/.local/lib/python3.8/site-packages/airflow/example_dags/example_branch_day_of_week_operator.py
[2025-09-18T09:59:01.353+0000] {processor.py:830} INFO - Processing file /home/airflow/.local/lib/python3.8/site-packages/airflow/example_dags/example_branch_day_of_week_operator.py for tasks to queue
[2025-09-18T09:59:01.357+0000] {logging_mixin.py:188} INFO - [2025-09-18T09:59:01.357+0000] {dagbag.py:538} INFO - Filling up the DagBag from /home/airflow/.local/lib/python3.8/site-packages/airflow/example_dags/example_branch_day_of_week_operator.py
[2025-09-18T09:59:01.378+0000] {processor.py:840} INFO - DAG(s) 'example_weekday_branch_operator' retrieved from /home/airflow/.local/lib/python3.8/site-packages/airflow/example_dags/example_branch_day_of_week_operator.py
[2025-09-18T09:59:01.415+0000] {logging_mixin.py:188} INFO - [2025-09-18T09:59:01.415+0000] {dag.py:3036} INFO - Sync 1 DAGs
[2025-09-18T09:59:01.461+0000] {logging_mixin.py:188} INFO - [2025-09-18T09:59:01.461+0000] {dag.py:3823} INFO - Setting next_dagrun for example_weekday_branch_operator to 2025-09-17 00:00:00+00:00, run_after=2025-09-18 00:00:00+00:00
[2025-09-18T09:59:01.501+0000] {processor.py:183} INFO - Processing /home/airflow/.local/lib/python3.8/site-packages/airflow/example_dags/example_branch_day_of_week_operator.py took 0.157 seconds
[2025-09-18T09:59:31.634+0000] {processor.py:161} INFO - Started process (PID=657) to work on /home/airflow/.local/lib/python3.8/site-packages/airflow/example_dags/example_branch_day_of_week_operator.py
[2025-09-18T09:59:31.636+0000] {processor.py:830} INFO - Processing file /home/airflow/.local/lib/python3.8/site-packages/airflow/example_dags/example_branch_day_of_week_operator.py for tasks to queue
[2025-09-18T09:59:31.640+0000] {logging_mixin.py:188} INFO - [2025-09-18T09:59:31.640+0000] {dagbag.py:538} INFO - Filling up the DagBag from /home/airflow/.local/lib/python3.8/site-packages/airflow/example_dags/example_branch_day_of_week_operator.py
[2025-09-18T09:59:31.654+0000] {processor.py:840} INFO - DAG(s) 'example_weekday_branch_operator' retrieved from /home/airflow/.local/lib/python3.8/site-packages/airflow/example_dags/example_branch_day_of_week_operator.py
[2025-09-18T09:59:31.691+0000] {logging_mixin.py:188} INFO - [2025-09-18T09:59:31.691+0000] {dag.py:3036} INFO - Sync 1 DAGs
[2025-09-18T09:59:31.733+0000] {logging_mixin.py:188} INFO - [2025-09-18T09:59:31.732+0000] {dag.py:3823} INFO - Setting next_dagrun for example_weekday_branch_operator to 2025-09-17 00:00:00+00:00, run_after=2025-09-18 00:00:00+00:00
[2025-09-18T09:59:31.764+0000] {processor.py:183} INFO - Processing /home/airflow/.local/lib/python3.8/site-packages/airflow/example_dags/example_branch_day_of_week_operator.py took 0.135 seconds
[2025-09-18T10:00:02.431+0000] {processor.py:161} INFO - Started process (PID=712) to work on /home/airflow/.local/lib/python3.8/site-packages/airflow/example_dags/example_branch_day_of_week_operator.py
[2025-09-18T10:00:02.434+0000] {processor.py:830} INFO - Processing file /home/airflow/.local/lib/python3.8/site-packages/airflow/example_dags/example_branch_day_of_week_operator.py for tasks to queue
[2025-09-18T10:00:02.441+0000] {logging_mixin.py:188} INFO - [2025-09-18T10:00:02.440+0000] {dagbag.py:538} INFO - Filling up the DagBag from /home/airflow/.local/lib/python3.8/site-packages/airflow/example_dags/example_branch_day_of_week_operator.py
[2025-09-18T10:00:02.456+0000] {processor.py:840} INFO - DAG(s) 'example_weekday_branch_operator' retrieved from /home/airflow/.local/lib/python3.8/site-packages/airflow/example_dags/example_branch_day_of_week_operator.py
[2025-09-18T10:00:02.493+0000] {logging_mixin.py:188} INFO - [2025-09-18T10:00:02.493+0000] {dag.py:3036} INFO - Sync 1 DAGs
[2025-09-18T10:00:02.537+0000] {logging_mixin.py:188} INFO - [2025-09-18T10:00:02.537+0000] {dag.py:3823} INFO - Setting next_dagrun for example_weekday_branch_operator to 2025-09-17 00:00:00+00:00, run_after=2025-09-18 00:00:00+00:00
[2025-09-18T10:00:02.575+0000] {processor.py:183} INFO - Processing /home/airflow/.local/lib/python3.8/site-packages/airflow/example_dags/example_branch_day_of_week_operator.py took 0.156 seconds
[2025-09-18T10:00:33.624+0000] {processor.py:161} INFO - Started process (PID=767) to work on /home/airflow/.local/lib/python3.8/site-packages/airflow/example_dags/example_branch_day_of_week_operator.py
[2025-09-18T10:00:33.626+0000] {processor.py:830} INFO - Processing file /home/airflow/.local/lib/python3.8/site-packages/airflow/example_dags/example_branch_day_of_week_operator.py for tasks to queue
[2025-09-18T10:00:33.630+0000] {logging_mixin.py:188} INFO - [2025-09-18T10:00:33.629+0000] {dagbag.py:538} INFO - Filling up the DagBag from /home/airflow/.local/lib/python3.8/site-packages/airflow/example_dags/example_branch_day_of_week_operator.py
[2025-09-18T10:00:33.643+0000] {processor.py:840} INFO - DAG(s) 'example_weekday_branch_operator' retrieved from /home/airflow/.local/lib/python3.8/site-packages/airflow/example_dags/example_branch_day_of_week_operator.py
[2025-09-18T10:00:33.678+0000] {logging_mixin.py:188} INFO - [2025-09-18T10:00:33.677+0000] {dag.py:3036} INFO - Sync 1 DAGs
[2025-09-18T10:00:33.721+0000] {logging_mixin.py:188} INFO - [2025-09-18T10:00:33.720+0000] {dag.py:3823} INFO - Setting next_dagrun for example_weekday_branch_operator to 2025-09-17 00:00:00+00:00, run_after=2025-09-18 00:00:00+00:00
[2025-09-18T10:00:33.759+0000] {processor.py:183} INFO - Processing /home/airflow/.local/lib/python3.8/site-packages/airflow/example_dags/example_branch_day_of_week_operator.py took 0.140 seconds
[2025-09-18T10:01:04.060+0000] {processor.py:161} INFO - Started process (PID=822) to work on /home/airflow/.local/lib/python3.8/site-packages/airflow/example_dags/example_branch_day_of_week_operator.py
[2025-09-18T10:01:04.062+0000] {processor.py:830} INFO - Processing file /home/airflow/.local/lib/python3.8/site-packages/airflow/example_dags/example_branch_day_of_week_operator.py for tasks to queue
[2025-09-18T10:01:04.066+0000] {logging_mixin.py:188} INFO - [2025-09-18T10:01:04.065+0000] {dagbag.py:538} INFO - Filling up the DagBag from /home/airflow/.local/lib/python3.8/site-packages/airflow/example_dags/example_branch_day_of_week_operator.py
[2025-09-18T10:01:04.079+0000] {processor.py:840} INFO - DAG(s) 'example_weekday_branch_operator' retrieved from /home/airflow/.local/lib/python3.8/site-packages/airflow/example_dags/example_branch_day_of_week_operator.py
[2025-09-18T10:01:04.116+0000] {logging_mixin.py:188} INFO - [2025-09-18T10:01:04.115+0000] {dag.py:3036} INFO - Sync 1 DAGs
[2025-09-18T10:01:04.159+0000] {logging_mixin.py:188} INFO - [2025-09-18T10:01:04.159+0000] {dag.py:3823} INFO - Setting next_dagrun for example_weekday_branch_operator to 2025-09-17 00:00:00+00:00, run_after=2025-09-18 00:00:00+00:00
[2025-09-18T10:01:04.193+0000] {processor.py:183} INFO - Processing /home/airflow/.local/lib/python3.8/site-packages/airflow/example_dags/example_branch_day_of_week_operator.py took 0.139 seconds
[2025-09-18T10:01:34.448+0000] {processor.py:161} INFO - Started process (PID=877) to work on /home/airflow/.local/lib/python3.8/site-packages/airflow/example_dags/example_branch_day_of_week_operator.py
[2025-09-18T10:01:34.450+0000] {processor.py:830} INFO - Processing file /home/airflow/.local/lib/python3.8/site-packages/airflow/example_dags/example_branch_day_of_week_operator.py for tasks to queue
[2025-09-18T10:01:34.455+0000] {logging_mixin.py:188} INFO - [2025-09-18T10:01:34.454+0000] {dagbag.py:538} INFO - Filling up the DagBag from /home/airflow/.local/lib/python3.8/site-packages/airflow/example_dags/example_branch_day_of_week_operator.py
[2025-09-18T10:01:34.469+0000] {processor.py:840} INFO - DAG(s) 'example_weekday_branch_operator' retrieved from /home/airflow/.local/lib/python3.8/site-packages/airflow/example_dags/example_branch_day_of_week_operator.py
[2025-09-18T10:01:34.510+0000] {logging_mixin.py:188} INFO - [2025-09-18T10:01:34.510+0000] {dag.py:3036} INFO - Sync 1 DAGs
[2025-09-18T10:01:34.559+0000] {logging_mixin.py:188} INFO - [2025-09-18T10:01:34.559+0000] {dag.py:3823} INFO - Setting next_dagrun for example_weekday_branch_operator to 2025-09-17 00:00:00+00:00, run_after=2025-09-18 00:00:00+00:00
[2025-09-18T10:01:34.600+0000] {processor.py:183} INFO - Processing /home/airflow/.local/lib/python3.8/site-packages/airflow/example_dags/example_branch_day_of_week_operator.py took 0.158 seconds
[2025-09-18T10:02:04.764+0000] {processor.py:161} INFO - Started process (PID=932) to work on /home/airflow/.local/lib/python3.8/site-packages/airflow/example_dags/example_branch_day_of_week_operator.py
[2025-09-18T10:02:04.766+0000] {processor.py:830} INFO - Processing file /home/airflow/.local/lib/python3.8/site-packages/airflow/example_dags/example_branch_day_of_week_operator.py for tasks to queue
[2025-09-18T10:02:04.771+0000] {logging_mixin.py:188} INFO - [2025-09-18T10:02:04.771+0000] {dagbag.py:538} INFO - Filling up the DagBag from /home/airflow/.local/lib/python3.8/site-packages/airflow/example_dags/example_branch_day_of_week_operator.py
[2025-09-18T10:02:04.788+0000] {processor.py:840} INFO - DAG(s) 'example_weekday_branch_operator' retrieved from /home/airflow/.local/lib/python3.8/site-packages/airflow/example_dags/example_branch_day_of_week_operator.py
[2025-09-18T10:02:04.830+0000] {logging_mixin.py:188} INFO - [2025-09-18T10:02:04.829+0000] {dag.py:3036} INFO - Sync 1 DAGs
[2025-09-18T10:02:04.883+0000] {logging_mixin.py:188} INFO - [2025-09-18T10:02:04.881+0000] {dag.py:3823} INFO - Setting next_dagrun for example_weekday_branch_operator to 2025-09-17 00:00:00+00:00, run_after=2025-09-18 00:00:00+00:00
[2025-09-18T10:02:04.935+0000] {processor.py:183} INFO - Processing /home/airflow/.local/lib/python3.8/site-packages/airflow/example_dags/example_branch_day_of_week_operator.py took 0.176 seconds
[2025-09-18T10:02:35.396+0000] {processor.py:161} INFO - Started process (PID=987) to work on /home/airflow/.local/lib/python3.8/site-packages/airflow/example_dags/example_branch_day_of_week_operator.py
[2025-09-18T10:02:35.398+0000] {processor.py:830} INFO - Processing file /home/airflow/.local/lib/python3.8/site-packages/airflow/example_dags/example_branch_day_of_week_operator.py for tasks to queue
[2025-09-18T10:02:35.404+0000] {logging_mixin.py:188} INFO - [2025-09-18T10:02:35.404+0000] {dagbag.py:538} INFO - Filling up the DagBag from /home/airflow/.local/lib/python3.8/site-packages/airflow/example_dags/example_branch_day_of_week_operator.py
[2025-09-18T10:02:35.419+0000] {processor.py:840} INFO - DAG(s) 'example_weekday_branch_operator' retrieved from /home/airflow/.local/lib/python3.8/site-packages/airflow/example_dags/example_branch_day_of_week_operator.py
[2025-09-18T10:02:35.472+0000] {logging_mixin.py:188} INFO - [2025-09-18T10:02:35.471+0000] {dag.py:3036} INFO - Sync 1 DAGs
[2025-09-18T10:02:35.533+0000] {logging_mixin.py:188} INFO - [2025-09-18T10:02:35.532+0000] {dag.py:3823} INFO - Setting next_dagrun for example_weekday_branch_operator to 2025-09-17 00:00:00+00:00, run_after=2025-09-18 00:00:00+00:00
[2025-09-18T10:02:35.577+0000] {processor.py:183} INFO - Processing /home/airflow/.local/lib/python3.8/site-packages/airflow/example_dags/example_branch_day_of_week_operator.py took 0.188 seconds
[2025-09-18T10:03:06.061+0000] {processor.py:161} INFO - Started process (PID=1042) to work on /home/airflow/.local/lib/python3.8/site-packages/airflow/example_dags/example_branch_day_of_week_operator.py
[2025-09-18T10:03:06.063+0000] {processor.py:830} INFO - Processing file /home/airflow/.local/lib/python3.8/site-packages/airflow/example_dags/example_branch_day_of_week_operator.py for tasks to queue
[2025-09-18T10:03:06.067+0000] {logging_mixin.py:188} INFO - [2025-09-18T10:03:06.066+0000] {dagbag.py:538} INFO - Filling up the DagBag from /home/airflow/.local/lib/python3.8/site-packages/airflow/example_dags/example_branch_day_of_week_operator.py
[2025-09-18T10:03:06.083+0000] {processor.py:840} INFO - DAG(s) 'example_weekday_branch_operator' retrieved from /home/airflow/.local/lib/python3.8/site-packages/airflow/example_dags/example_branch_day_of_week_operator.py
[2025-09-18T10:03:06.126+0000] {logging_mixin.py:188} INFO - [2025-09-18T10:03:06.126+0000] {dag.py:3036} INFO - Sync 1 DAGs
[2025-09-18T10:03:06.175+0000] {logging_mixin.py:188} INFO - [2025-09-18T10:03:06.175+0000] {dag.py:3823} INFO - Setting next_dagrun for example_weekday_branch_operator to 2025-09-17 00:00:00+00:00, run_after=2025-09-18 00:00:00+00:00
[2025-09-18T10:03:06.215+0000] {processor.py:183} INFO - Processing /home/airflow/.local/lib/python3.8/site-packages/airflow/example_dags/example_branch_day_of_week_operator.py took 0.160 seconds
[2025-09-18T10:03:36.388+0000] {processor.py:161} INFO - Started process (PID=1097) to work on /home/airflow/.local/lib/python3.8/site-packages/airflow/example_dags/example_branch_day_of_week_operator.py
[2025-09-18T10:03:36.389+0000] {processor.py:830} INFO - Processing file /home/airflow/.local/lib/python3.8/site-packages/airflow/example_dags/example_branch_day_of_week_operator.py for tasks to queue
[2025-09-18T10:03:36.393+0000] {logging_mixin.py:188} INFO - [2025-09-18T10:03:36.392+0000] {dagbag.py:538} INFO - Filling up the DagBag from /home/airflow/.local/lib/python3.8/site-packages/airflow/example_dags/example_branch_day_of_week_operator.py
[2025-09-18T10:03:36.407+0000] {processor.py:840} INFO - DAG(s) 'example_weekday_branch_operator' retrieved from /home/airflow/.local/lib/python3.8/site-packages/airflow/example_dags/example_branch_day_of_week_operator.py
[2025-09-18T10:03:36.444+0000] {logging_mixin.py:188} INFO - [2025-09-18T10:03:36.444+0000] {dag.py:3036} INFO - Sync 1 DAGs
[2025-09-18T10:03:36.488+0000] {logging_mixin.py:188} INFO - [2025-09-18T10:03:36.488+0000] {dag.py:3823} INFO - Setting next_dagrun for example_weekday_branch_operator to 2025-09-17 00:00:00+00:00, run_after=2025-09-18 00:00:00+00:00
[2025-09-18T10:03:36.528+0000] {processor.py:183} INFO - Processing /home/airflow/.local/lib/python3.8/site-packages/airflow/example_dags/example_branch_day_of_week_operator.py took 0.147 seconds
[2025-09-18T10:04:06.590+0000] {processor.py:161} INFO - Started process (PID=1152) to work on /home/airflow/.local/lib/python3.8/site-packages/airflow/example_dags/example_branch_day_of_week_operator.py
[2025-09-18T10:04:06.592+0000] {processor.py:830} INFO - Processing file /home/airflow/.local/lib/python3.8/site-packages/airflow/example_dags/example_branch_day_of_week_operator.py for tasks to queue
[2025-09-18T10:04:06.596+0000] {logging_mixin.py:188} INFO - [2025-09-18T10:04:06.596+0000] {dagbag.py:538} INFO - Filling up the DagBag from /home/airflow/.local/lib/python3.8/site-packages/airflow/example_dags/example_branch_day_of_week_operator.py
[2025-09-18T10:04:06.610+0000] {processor.py:840} INFO - DAG(s) 'example_weekday_branch_operator' retrieved from /home/airflow/.local/lib/python3.8/site-packages/airflow/example_dags/example_branch_day_of_week_operator.py
[2025-09-18T10:04:06.648+0000] {logging_mixin.py:188} INFO - [2025-09-18T10:04:06.647+0000] {dag.py:3036} INFO - Sync 1 DAGs
[2025-09-18T10:04:06.689+0000] {logging_mixin.py:188} INFO - [2025-09-18T10:04:06.688+0000] {dag.py:3823} INFO - Setting next_dagrun for example_weekday_branch_operator to 2025-09-17 00:00:00+00:00, run_after=2025-09-18 00:00:00+00:00
[2025-09-18T10:04:06.723+0000] {processor.py:183} INFO - Processing /home/airflow/.local/lib/python3.8/site-packages/airflow/example_dags/example_branch_day_of_week_operator.py took 0.139 seconds
[2025-09-18T10:04:37.337+0000] {processor.py:161} INFO - Started process (PID=1205) to work on /home/airflow/.local/lib/python3.8/site-packages/airflow/example_dags/example_branch_day_of_week_operator.py
[2025-09-18T10:04:37.339+0000] {processor.py:830} INFO - Processing file /home/airflow/.local/lib/python3.8/site-packages/airflow/example_dags/example_branch_day_of_week_operator.py for tasks to queue
[2025-09-18T10:04:37.344+0000] {logging_mixin.py:188} INFO - [2025-09-18T10:04:37.344+0000] {dagbag.py:538} INFO - Filling up the DagBag from /home/airflow/.local/lib/python3.8/site-packages/airflow/example_dags/example_branch_day_of_week_operator.py
[2025-09-18T10:04:37.359+0000] {processor.py:840} INFO - DAG(s) 'example_weekday_branch_operator' retrieved from /home/airflow/.local/lib/python3.8/site-packages/airflow/example_dags/example_branch_day_of_week_operator.py
[2025-09-18T10:04:37.419+0000] {logging_mixin.py:188} INFO - [2025-09-18T10:04:37.419+0000] {dag.py:3036} INFO - Sync 1 DAGs
[2025-09-18T10:04:37.466+0000] {logging_mixin.py:188} INFO - [2025-09-18T10:04:37.465+0000] {dag.py:3823} INFO - Setting next_dagrun for example_weekday_branch_operator to 2025-09-17 00:00:00+00:00, run_after=2025-09-18 00:00:00+00:00
[2025-09-18T10:04:37.506+0000] {processor.py:183} INFO - Processing /home/airflow/.local/lib/python3.8/site-packages/airflow/example_dags/example_branch_day_of_week_operator.py took 0.177 seconds
[2025-09-18T10:05:07.833+0000] {processor.py:161} INFO - Started process (PID=1260) to work on /home/airflow/.local/lib/python3.8/site-packages/airflow/example_dags/example_branch_day_of_week_operator.py
[2025-09-18T10:05:07.835+0000] {processor.py:830} INFO - Processing file /home/airflow/.local/lib/python3.8/site-packages/airflow/example_dags/example_branch_day_of_week_operator.py for tasks to queue
[2025-09-18T10:05:07.840+0000] {logging_mixin.py:188} INFO - [2025-09-18T10:05:07.840+0000] {dagbag.py:538} INFO - Filling up the DagBag from /home/airflow/.local/lib/python3.8/site-packages/airflow/example_dags/example_branch_day_of_week_operator.py
[2025-09-18T10:05:07.857+0000] {processor.py:840} INFO - DAG(s) 'example_weekday_branch_operator' retrieved from /home/airflow/.local/lib/python3.8/site-packages/airflow/example_dags/example_branch_day_of_week_operator.py
[2025-09-18T10:05:07.894+0000] {logging_mixin.py:188} INFO - [2025-09-18T10:05:07.894+0000] {dag.py:3036} INFO - Sync 1 DAGs
[2025-09-18T10:05:07.946+0000] {logging_mixin.py:188} INFO - [2025-09-18T10:05:07.945+0000] {dag.py:3823} INFO - Setting next_dagrun for example_weekday_branch_operator to 2025-09-17 00:00:00+00:00, run_after=2025-09-18 00:00:00+00:00
[2025-09-18T10:05:08.010+0000] {processor.py:183} INFO - Processing /home/airflow/.local/lib/python3.8/site-packages/airflow/example_dags/example_branch_day_of_week_operator.py took 0.182 seconds
