[2025-09-18T07:36:24.675+0000] {processor.py:161} INFO - Started process (PID=65) to work on /home/airflow/.local/lib/python3.8/site-packages/airflow/example_dags/example_latest_only_with_trigger.py
[2025-09-18T07:36:24.677+0000] {processor.py:830} INFO - Processing file /home/airflow/.local/lib/python3.8/site-packages/airflow/example_dags/example_latest_only_with_trigger.py for tasks to queue
[2025-09-18T07:36:24.681+0000] {logging_mixin.py:188} INFO - [2025-09-18T07:36:24.680+0000] {dagbag.py:538} INFO - Filling up the DagBag from /home/airflow/.local/lib/python3.8/site-packages/airflow/example_dags/example_latest_only_with_trigger.py
[2025-09-18T07:36:24.704+0000] {processor.py:840} INFO - DAG(s) 'latest_only_with_trigger' retrieved from /home/airflow/.local/lib/python3.8/site-packages/airflow/example_dags/example_latest_only_with_trigger.py
[2025-09-18T07:36:24.970+0000] {logging_mixin.py:188} INFO - [2025-09-18T07:36:24.968+0000] {override.py:1769} INFO - Created Permission View: can read on DAG:latest_only_with_trigger
[2025-09-18T07:36:24.990+0000] {logging_mixin.py:188} INFO - [2025-09-18T07:36:24.989+0000] {override.py:1769} INFO - Created Permission View: can delete on DAG:latest_only_with_trigger
[2025-09-18T07:36:25.004+0000] {logging_mixin.py:188} INFO - [2025-09-18T07:36:25.003+0000] {override.py:1769} INFO - Created Permission View: can edit on DAG:latest_only_with_trigger
[2025-09-18T07:36:25.005+0000] {logging_mixin.py:188} INFO - [2025-09-18T07:36:25.005+0000] {dag.py:3036} INFO - Sync 1 DAGs
[2025-09-18T07:36:25.026+0000] {logging_mixin.py:188} INFO - [2025-09-18T07:36:25.025+0000] {dag.py:3058} INFO - Creating ORM DAG for latest_only_with_trigger
[2025-09-18T07:36:25.057+0000] {logging_mixin.py:188} INFO - [2025-09-18T07:36:25.056+0000] {dag.py:3823} INFO - Setting next_dagrun for latest_only_with_trigger to 2025-09-18 00:00:00+00:00, run_after=2025-09-18 04:00:00+00:00
[2025-09-18T07:36:25.105+0000] {processor.py:183} INFO - Processing /home/airflow/.local/lib/python3.8/site-packages/airflow/example_dags/example_latest_only_with_trigger.py took 0.438 seconds
[2025-09-18T07:36:55.744+0000] {processor.py:161} INFO - Started process (PID=120) to work on /home/airflow/.local/lib/python3.8/site-packages/airflow/example_dags/example_latest_only_with_trigger.py
[2025-09-18T07:36:55.748+0000] {processor.py:830} INFO - Processing file /home/airflow/.local/lib/python3.8/site-packages/airflow/example_dags/example_latest_only_with_trigger.py for tasks to queue
[2025-09-18T07:36:55.754+0000] {logging_mixin.py:188} INFO - [2025-09-18T07:36:55.753+0000] {dagbag.py:538} INFO - Filling up the DagBag from /home/airflow/.local/lib/python3.8/site-packages/airflow/example_dags/example_latest_only_with_trigger.py
[2025-09-18T07:36:55.775+0000] {processor.py:840} INFO - DAG(s) 'latest_only_with_trigger' retrieved from /home/airflow/.local/lib/python3.8/site-packages/airflow/example_dags/example_latest_only_with_trigger.py
[2025-09-18T07:36:55.841+0000] {logging_mixin.py:188} INFO - [2025-09-18T07:36:55.840+0000] {dag.py:3036} INFO - Sync 1 DAGs
[2025-09-18T07:36:55.902+0000] {logging_mixin.py:188} INFO - [2025-09-18T07:36:55.901+0000] {dag.py:3823} INFO - Setting next_dagrun for latest_only_with_trigger to 2025-09-18 00:00:00+00:00, run_after=2025-09-18 04:00:00+00:00
[2025-09-18T07:36:55.944+0000] {processor.py:183} INFO - Processing /home/airflow/.local/lib/python3.8/site-packages/airflow/example_dags/example_latest_only_with_trigger.py took 0.212 seconds
[2025-09-18T07:37:26.581+0000] {processor.py:161} INFO - Started process (PID=175) to work on /home/airflow/.local/lib/python3.8/site-packages/airflow/example_dags/example_latest_only_with_trigger.py
[2025-09-18T07:37:26.587+0000] {processor.py:830} INFO - Processing file /home/airflow/.local/lib/python3.8/site-packages/airflow/example_dags/example_latest_only_with_trigger.py for tasks to queue
[2025-09-18T07:37:26.593+0000] {logging_mixin.py:188} INFO - [2025-09-18T07:37:26.592+0000] {dagbag.py:538} INFO - Filling up the DagBag from /home/airflow/.local/lib/python3.8/site-packages/airflow/example_dags/example_latest_only_with_trigger.py
[2025-09-18T07:37:26.611+0000] {processor.py:840} INFO - DAG(s) 'latest_only_with_trigger' retrieved from /home/airflow/.local/lib/python3.8/site-packages/airflow/example_dags/example_latest_only_with_trigger.py
[2025-09-18T07:37:26.661+0000] {logging_mixin.py:188} INFO - [2025-09-18T07:37:26.660+0000] {dag.py:3036} INFO - Sync 1 DAGs
[2025-09-18T07:37:26.778+0000] {logging_mixin.py:188} INFO - [2025-09-18T07:37:26.777+0000] {dag.py:3823} INFO - Setting next_dagrun for latest_only_with_trigger to 2025-09-18 00:00:00+00:00, run_after=2025-09-18 04:00:00+00:00
[2025-09-18T07:37:26.842+0000] {processor.py:183} INFO - Processing /home/airflow/.local/lib/python3.8/site-packages/airflow/example_dags/example_latest_only_with_trigger.py took 0.268 seconds
[2025-09-18T07:37:57.636+0000] {processor.py:161} INFO - Started process (PID=230) to work on /home/airflow/.local/lib/python3.8/site-packages/airflow/example_dags/example_latest_only_with_trigger.py
[2025-09-18T07:37:57.638+0000] {processor.py:830} INFO - Processing file /home/airflow/.local/lib/python3.8/site-packages/airflow/example_dags/example_latest_only_with_trigger.py for tasks to queue
[2025-09-18T07:37:57.641+0000] {logging_mixin.py:188} INFO - [2025-09-18T07:37:57.641+0000] {dagbag.py:538} INFO - Filling up the DagBag from /home/airflow/.local/lib/python3.8/site-packages/airflow/example_dags/example_latest_only_with_trigger.py
[2025-09-18T07:37:57.651+0000] {processor.py:840} INFO - DAG(s) 'latest_only_with_trigger' retrieved from /home/airflow/.local/lib/python3.8/site-packages/airflow/example_dags/example_latest_only_with_trigger.py
[2025-09-18T07:37:57.688+0000] {logging_mixin.py:188} INFO - [2025-09-18T07:37:57.687+0000] {dag.py:3036} INFO - Sync 1 DAGs
[2025-09-18T07:37:57.727+0000] {logging_mixin.py:188} INFO - [2025-09-18T07:37:57.727+0000] {dag.py:3823} INFO - Setting next_dagrun for latest_only_with_trigger to 2025-09-18 00:00:00+00:00, run_after=2025-09-18 04:00:00+00:00
[2025-09-18T07:37:57.768+0000] {processor.py:183} INFO - Processing /home/airflow/.local/lib/python3.8/site-packages/airflow/example_dags/example_latest_only_with_trigger.py took 0.138 seconds
[2025-09-18T07:38:27.850+0000] {processor.py:161} INFO - Started process (PID=285) to work on /home/airflow/.local/lib/python3.8/site-packages/airflow/example_dags/example_latest_only_with_trigger.py
[2025-09-18T07:38:27.853+0000] {processor.py:830} INFO - Processing file /home/airflow/.local/lib/python3.8/site-packages/airflow/example_dags/example_latest_only_with_trigger.py for tasks to queue
[2025-09-18T07:38:27.858+0000] {logging_mixin.py:188} INFO - [2025-09-18T07:38:27.857+0000] {dagbag.py:538} INFO - Filling up the DagBag from /home/airflow/.local/lib/python3.8/site-packages/airflow/example_dags/example_latest_only_with_trigger.py
[2025-09-18T07:38:27.870+0000] {processor.py:840} INFO - DAG(s) 'latest_only_with_trigger' retrieved from /home/airflow/.local/lib/python3.8/site-packages/airflow/example_dags/example_latest_only_with_trigger.py
[2025-09-18T07:38:27.920+0000] {logging_mixin.py:188} INFO - [2025-09-18T07:38:27.920+0000] {dag.py:3036} INFO - Sync 1 DAGs
[2025-09-18T07:38:27.971+0000] {logging_mixin.py:188} INFO - [2025-09-18T07:38:27.970+0000] {dag.py:3823} INFO - Setting next_dagrun for latest_only_with_trigger to 2025-09-18 00:00:00+00:00, run_after=2025-09-18 04:00:00+00:00
[2025-09-18T07:38:28.023+0000] {processor.py:183} INFO - Processing /home/airflow/.local/lib/python3.8/site-packages/airflow/example_dags/example_latest_only_with_trigger.py took 0.185 seconds
[2025-09-18T07:38:58.245+0000] {processor.py:161} INFO - Started process (PID=339) to work on /home/airflow/.local/lib/python3.8/site-packages/airflow/example_dags/example_latest_only_with_trigger.py
[2025-09-18T07:38:58.247+0000] {processor.py:830} INFO - Processing file /home/airflow/.local/lib/python3.8/site-packages/airflow/example_dags/example_latest_only_with_trigger.py for tasks to queue
[2025-09-18T07:38:58.251+0000] {logging_mixin.py:188} INFO - [2025-09-18T07:38:58.250+0000] {dagbag.py:538} INFO - Filling up the DagBag from /home/airflow/.local/lib/python3.8/site-packages/airflow/example_dags/example_latest_only_with_trigger.py
[2025-09-18T07:38:58.261+0000] {processor.py:840} INFO - DAG(s) 'latest_only_with_trigger' retrieved from /home/airflow/.local/lib/python3.8/site-packages/airflow/example_dags/example_latest_only_with_trigger.py
[2025-09-18T07:38:58.298+0000] {logging_mixin.py:188} INFO - [2025-09-18T07:38:58.297+0000] {dag.py:3036} INFO - Sync 1 DAGs
[2025-09-18T07:38:58.336+0000] {logging_mixin.py:188} INFO - [2025-09-18T07:38:58.336+0000] {dag.py:3823} INFO - Setting next_dagrun for latest_only_with_trigger to 2025-09-18 00:00:00+00:00, run_after=2025-09-18 04:00:00+00:00
[2025-09-18T07:38:58.370+0000] {processor.py:183} INFO - Processing /home/airflow/.local/lib/python3.8/site-packages/airflow/example_dags/example_latest_only_with_trigger.py took 0.130 seconds
[2025-09-18T07:39:28.642+0000] {processor.py:161} INFO - Started process (PID=394) to work on /home/airflow/.local/lib/python3.8/site-packages/airflow/example_dags/example_latest_only_with_trigger.py
[2025-09-18T07:39:28.644+0000] {processor.py:830} INFO - Processing file /home/airflow/.local/lib/python3.8/site-packages/airflow/example_dags/example_latest_only_with_trigger.py for tasks to queue
[2025-09-18T07:39:28.649+0000] {logging_mixin.py:188} INFO - [2025-09-18T07:39:28.648+0000] {dagbag.py:538} INFO - Filling up the DagBag from /home/airflow/.local/lib/python3.8/site-packages/airflow/example_dags/example_latest_only_with_trigger.py
[2025-09-18T07:39:28.659+0000] {processor.py:840} INFO - DAG(s) 'latest_only_with_trigger' retrieved from /home/airflow/.local/lib/python3.8/site-packages/airflow/example_dags/example_latest_only_with_trigger.py
[2025-09-18T07:39:28.702+0000] {logging_mixin.py:188} INFO - [2025-09-18T07:39:28.701+0000] {dag.py:3036} INFO - Sync 1 DAGs
[2025-09-18T07:39:28.750+0000] {logging_mixin.py:188} INFO - [2025-09-18T07:39:28.749+0000] {dag.py:3823} INFO - Setting next_dagrun for latest_only_with_trigger to 2025-09-18 00:00:00+00:00, run_after=2025-09-18 04:00:00+00:00
[2025-09-18T07:39:28.798+0000] {processor.py:183} INFO - Processing /home/airflow/.local/lib/python3.8/site-packages/airflow/example_dags/example_latest_only_with_trigger.py took 0.161 seconds
[2025-09-18T07:39:59.625+0000] {processor.py:161} INFO - Started process (PID=449) to work on /home/airflow/.local/lib/python3.8/site-packages/airflow/example_dags/example_latest_only_with_trigger.py
[2025-09-18T07:39:59.630+0000] {processor.py:830} INFO - Processing file /home/airflow/.local/lib/python3.8/site-packages/airflow/example_dags/example_latest_only_with_trigger.py for tasks to queue
[2025-09-18T07:39:59.647+0000] {logging_mixin.py:188} INFO - [2025-09-18T07:39:59.646+0000] {dagbag.py:538} INFO - Filling up the DagBag from /home/airflow/.local/lib/python3.8/site-packages/airflow/example_dags/example_latest_only_with_trigger.py
[2025-09-18T07:39:59.664+0000] {processor.py:840} INFO - DAG(s) 'latest_only_with_trigger' retrieved from /home/airflow/.local/lib/python3.8/site-packages/airflow/example_dags/example_latest_only_with_trigger.py
[2025-09-18T07:39:59.714+0000] {logging_mixin.py:188} INFO - [2025-09-18T07:39:59.713+0000] {dag.py:3036} INFO - Sync 1 DAGs
[2025-09-18T07:39:59.777+0000] {logging_mixin.py:188} INFO - [2025-09-18T07:39:59.776+0000] {dag.py:3823} INFO - Setting next_dagrun for latest_only_with_trigger to 2025-09-18 00:00:00+00:00, run_after=2025-09-18 04:00:00+00:00
[2025-09-18T07:39:59.843+0000] {processor.py:183} INFO - Processing /home/airflow/.local/lib/python3.8/site-packages/airflow/example_dags/example_latest_only_with_trigger.py took 0.228 seconds
[2025-09-18T07:40:29.973+0000] {processor.py:161} INFO - Started process (PID=504) to work on /home/airflow/.local/lib/python3.8/site-packages/airflow/example_dags/example_latest_only_with_trigger.py
[2025-09-18T07:40:29.975+0000] {processor.py:830} INFO - Processing file /home/airflow/.local/lib/python3.8/site-packages/airflow/example_dags/example_latest_only_with_trigger.py for tasks to queue
[2025-09-18T07:40:29.979+0000] {logging_mixin.py:188} INFO - [2025-09-18T07:40:29.978+0000] {dagbag.py:538} INFO - Filling up the DagBag from /home/airflow/.local/lib/python3.8/site-packages/airflow/example_dags/example_latest_only_with_trigger.py
[2025-09-18T07:40:29.990+0000] {processor.py:840} INFO - DAG(s) 'latest_only_with_trigger' retrieved from /home/airflow/.local/lib/python3.8/site-packages/airflow/example_dags/example_latest_only_with_trigger.py
[2025-09-18T07:40:30.030+0000] {logging_mixin.py:188} INFO - [2025-09-18T07:40:30.029+0000] {dag.py:3036} INFO - Sync 1 DAGs
[2025-09-18T07:40:30.090+0000] {logging_mixin.py:188} INFO - [2025-09-18T07:40:30.090+0000] {dag.py:3823} INFO - Setting next_dagrun for latest_only_with_trigger to 2025-09-18 00:00:00+00:00, run_after=2025-09-18 04:00:00+00:00
[2025-09-18T07:40:30.129+0000] {processor.py:183} INFO - Processing /home/airflow/.local/lib/python3.8/site-packages/airflow/example_dags/example_latest_only_with_trigger.py took 0.162 seconds
[2025-09-18T07:41:01.299+0000] {processor.py:161} INFO - Started process (PID=559) to work on /home/airflow/.local/lib/python3.8/site-packages/airflow/example_dags/example_latest_only_with_trigger.py
[2025-09-18T07:41:01.301+0000] {processor.py:830} INFO - Processing file /home/airflow/.local/lib/python3.8/site-packages/airflow/example_dags/example_latest_only_with_trigger.py for tasks to queue
[2025-09-18T07:41:01.306+0000] {logging_mixin.py:188} INFO - [2025-09-18T07:41:01.305+0000] {dagbag.py:538} INFO - Filling up the DagBag from /home/airflow/.local/lib/python3.8/site-packages/airflow/example_dags/example_latest_only_with_trigger.py
[2025-09-18T07:41:01.326+0000] {processor.py:840} INFO - DAG(s) 'latest_only_with_trigger' retrieved from /home/airflow/.local/lib/python3.8/site-packages/airflow/example_dags/example_latest_only_with_trigger.py
[2025-09-18T07:41:01.424+0000] {logging_mixin.py:188} INFO - [2025-09-18T07:41:01.423+0000] {dag.py:3036} INFO - Sync 1 DAGs
[2025-09-18T07:41:01.568+0000] {logging_mixin.py:188} INFO - [2025-09-18T07:41:01.567+0000] {dag.py:3823} INFO - Setting next_dagrun for latest_only_with_trigger to 2025-09-18 00:00:00+00:00, run_after=2025-09-18 04:00:00+00:00
[2025-09-18T07:41:01.631+0000] {processor.py:183} INFO - Processing /home/airflow/.local/lib/python3.8/site-packages/airflow/example_dags/example_latest_only_with_trigger.py took 0.341 seconds
[2025-09-18T07:41:32.507+0000] {processor.py:161} INFO - Started process (PID=615) to work on /home/airflow/.local/lib/python3.8/site-packages/airflow/example_dags/example_latest_only_with_trigger.py
[2025-09-18T07:41:32.509+0000] {processor.py:830} INFO - Processing file /home/airflow/.local/lib/python3.8/site-packages/airflow/example_dags/example_latest_only_with_trigger.py for tasks to queue
[2025-09-18T07:41:32.514+0000] {logging_mixin.py:188} INFO - [2025-09-18T07:41:32.513+0000] {dagbag.py:538} INFO - Filling up the DagBag from /home/airflow/.local/lib/python3.8/site-packages/airflow/example_dags/example_latest_only_with_trigger.py
[2025-09-18T07:41:32.529+0000] {processor.py:840} INFO - DAG(s) 'latest_only_with_trigger' retrieved from /home/airflow/.local/lib/python3.8/site-packages/airflow/example_dags/example_latest_only_with_trigger.py
[2025-09-18T07:41:32.577+0000] {logging_mixin.py:188} INFO - [2025-09-18T07:41:32.577+0000] {dag.py:3036} INFO - Sync 1 DAGs
[2025-09-18T07:41:32.641+0000] {logging_mixin.py:188} INFO - [2025-09-18T07:41:32.641+0000] {dag.py:3823} INFO - Setting next_dagrun for latest_only_with_trigger to 2025-09-18 00:00:00+00:00, run_after=2025-09-18 04:00:00+00:00
[2025-09-18T07:41:32.684+0000] {processor.py:183} INFO - Processing /home/airflow/.local/lib/python3.8/site-packages/airflow/example_dags/example_latest_only_with_trigger.py took 0.185 seconds
[2025-09-18T07:42:03.482+0000] {processor.py:161} INFO - Started process (PID=670) to work on /home/airflow/.local/lib/python3.8/site-packages/airflow/example_dags/example_latest_only_with_trigger.py
[2025-09-18T07:42:03.484+0000] {processor.py:830} INFO - Processing file /home/airflow/.local/lib/python3.8/site-packages/airflow/example_dags/example_latest_only_with_trigger.py for tasks to queue
[2025-09-18T07:42:03.489+0000] {logging_mixin.py:188} INFO - [2025-09-18T07:42:03.488+0000] {dagbag.py:538} INFO - Filling up the DagBag from /home/airflow/.local/lib/python3.8/site-packages/airflow/example_dags/example_latest_only_with_trigger.py
[2025-09-18T07:42:03.499+0000] {processor.py:840} INFO - DAG(s) 'latest_only_with_trigger' retrieved from /home/airflow/.local/lib/python3.8/site-packages/airflow/example_dags/example_latest_only_with_trigger.py
[2025-09-18T07:42:03.545+0000] {logging_mixin.py:188} INFO - [2025-09-18T07:42:03.545+0000] {dag.py:3036} INFO - Sync 1 DAGs
[2025-09-18T07:42:03.597+0000] {logging_mixin.py:188} INFO - [2025-09-18T07:42:03.596+0000] {dag.py:3823} INFO - Setting next_dagrun for latest_only_with_trigger to 2025-09-18 00:00:00+00:00, run_after=2025-09-18 04:00:00+00:00
[2025-09-18T07:42:03.643+0000] {processor.py:183} INFO - Processing /home/airflow/.local/lib/python3.8/site-packages/airflow/example_dags/example_latest_only_with_trigger.py took 0.167 seconds
[2025-09-18T07:42:34.214+0000] {processor.py:161} INFO - Started process (PID=725) to work on /home/airflow/.local/lib/python3.8/site-packages/airflow/example_dags/example_latest_only_with_trigger.py
[2025-09-18T07:42:34.216+0000] {processor.py:830} INFO - Processing file /home/airflow/.local/lib/python3.8/site-packages/airflow/example_dags/example_latest_only_with_trigger.py for tasks to queue
[2025-09-18T07:42:34.220+0000] {logging_mixin.py:188} INFO - [2025-09-18T07:42:34.219+0000] {dagbag.py:538} INFO - Filling up the DagBag from /home/airflow/.local/lib/python3.8/site-packages/airflow/example_dags/example_latest_only_with_trigger.py
[2025-09-18T07:42:34.230+0000] {processor.py:840} INFO - DAG(s) 'latest_only_with_trigger' retrieved from /home/airflow/.local/lib/python3.8/site-packages/airflow/example_dags/example_latest_only_with_trigger.py
[2025-09-18T07:42:34.276+0000] {logging_mixin.py:188} INFO - [2025-09-18T07:42:34.276+0000] {dag.py:3036} INFO - Sync 1 DAGs
[2025-09-18T07:42:34.324+0000] {logging_mixin.py:188} INFO - [2025-09-18T07:42:34.323+0000] {dag.py:3823} INFO - Setting next_dagrun for latest_only_with_trigger to 2025-09-18 00:00:00+00:00, run_after=2025-09-18 04:00:00+00:00
[2025-09-18T07:42:34.367+0000] {processor.py:183} INFO - Processing /home/airflow/.local/lib/python3.8/site-packages/airflow/example_dags/example_latest_only_with_trigger.py took 0.161 seconds
[2025-09-18T07:43:05.034+0000] {processor.py:161} INFO - Started process (PID=780) to work on /home/airflow/.local/lib/python3.8/site-packages/airflow/example_dags/example_latest_only_with_trigger.py
[2025-09-18T07:43:05.036+0000] {processor.py:830} INFO - Processing file /home/airflow/.local/lib/python3.8/site-packages/airflow/example_dags/example_latest_only_with_trigger.py for tasks to queue
[2025-09-18T07:43:05.064+0000] {logging_mixin.py:188} INFO - [2025-09-18T07:43:05.063+0000] {dagbag.py:538} INFO - Filling up the DagBag from /home/airflow/.local/lib/python3.8/site-packages/airflow/example_dags/example_latest_only_with_trigger.py
[2025-09-18T07:43:05.108+0000] {processor.py:840} INFO - DAG(s) 'latest_only_with_trigger' retrieved from /home/airflow/.local/lib/python3.8/site-packages/airflow/example_dags/example_latest_only_with_trigger.py
[2025-09-18T07:43:05.163+0000] {logging_mixin.py:188} INFO - [2025-09-18T07:43:05.162+0000] {dag.py:3036} INFO - Sync 1 DAGs
[2025-09-18T07:43:05.206+0000] {logging_mixin.py:188} INFO - [2025-09-18T07:43:05.206+0000] {dag.py:3823} INFO - Setting next_dagrun for latest_only_with_trigger to 2025-09-18 00:00:00+00:00, run_after=2025-09-18 04:00:00+00:00
[2025-09-18T07:43:05.245+0000] {processor.py:183} INFO - Processing /home/airflow/.local/lib/python3.8/site-packages/airflow/example_dags/example_latest_only_with_trigger.py took 0.218 seconds
[2025-09-18T07:43:35.928+0000] {processor.py:161} INFO - Started process (PID=835) to work on /home/airflow/.local/lib/python3.8/site-packages/airflow/example_dags/example_latest_only_with_trigger.py
[2025-09-18T07:43:35.930+0000] {processor.py:830} INFO - Processing file /home/airflow/.local/lib/python3.8/site-packages/airflow/example_dags/example_latest_only_with_trigger.py for tasks to queue
[2025-09-18T07:43:35.935+0000] {logging_mixin.py:188} INFO - [2025-09-18T07:43:35.935+0000] {dagbag.py:538} INFO - Filling up the DagBag from /home/airflow/.local/lib/python3.8/site-packages/airflow/example_dags/example_latest_only_with_trigger.py
[2025-09-18T07:43:35.950+0000] {processor.py:840} INFO - DAG(s) 'latest_only_with_trigger' retrieved from /home/airflow/.local/lib/python3.8/site-packages/airflow/example_dags/example_latest_only_with_trigger.py
[2025-09-18T07:43:36.014+0000] {logging_mixin.py:188} INFO - [2025-09-18T07:43:36.013+0000] {dag.py:3036} INFO - Sync 1 DAGs
[2025-09-18T07:43:36.085+0000] {logging_mixin.py:188} INFO - [2025-09-18T07:43:36.084+0000] {dag.py:3823} INFO - Setting next_dagrun for latest_only_with_trigger to 2025-09-18 00:00:00+00:00, run_after=2025-09-18 04:00:00+00:00
[2025-09-18T07:43:36.148+0000] {processor.py:183} INFO - Processing /home/airflow/.local/lib/python3.8/site-packages/airflow/example_dags/example_latest_only_with_trigger.py took 0.228 seconds
[2025-09-18T07:44:06.451+0000] {processor.py:161} INFO - Started process (PID=890) to work on /home/airflow/.local/lib/python3.8/site-packages/airflow/example_dags/example_latest_only_with_trigger.py
[2025-09-18T07:44:06.453+0000] {processor.py:830} INFO - Processing file /home/airflow/.local/lib/python3.8/site-packages/airflow/example_dags/example_latest_only_with_trigger.py for tasks to queue
[2025-09-18T07:44:06.457+0000] {logging_mixin.py:188} INFO - [2025-09-18T07:44:06.457+0000] {dagbag.py:538} INFO - Filling up the DagBag from /home/airflow/.local/lib/python3.8/site-packages/airflow/example_dags/example_latest_only_with_trigger.py
[2025-09-18T07:44:06.469+0000] {processor.py:840} INFO - DAG(s) 'latest_only_with_trigger' retrieved from /home/airflow/.local/lib/python3.8/site-packages/airflow/example_dags/example_latest_only_with_trigger.py
[2025-09-18T07:44:06.511+0000] {logging_mixin.py:188} INFO - [2025-09-18T07:44:06.511+0000] {dag.py:3036} INFO - Sync 1 DAGs
[2025-09-18T07:44:06.554+0000] {logging_mixin.py:188} INFO - [2025-09-18T07:44:06.553+0000] {dag.py:3823} INFO - Setting next_dagrun for latest_only_with_trigger to 2025-09-18 00:00:00+00:00, run_after=2025-09-18 04:00:00+00:00
[2025-09-18T07:44:06.601+0000] {processor.py:183} INFO - Processing /home/airflow/.local/lib/python3.8/site-packages/airflow/example_dags/example_latest_only_with_trigger.py took 0.156 seconds
[2025-09-18T07:44:37.106+0000] {processor.py:161} INFO - Started process (PID=945) to work on /home/airflow/.local/lib/python3.8/site-packages/airflow/example_dags/example_latest_only_with_trigger.py
[2025-09-18T07:44:37.108+0000] {processor.py:830} INFO - Processing file /home/airflow/.local/lib/python3.8/site-packages/airflow/example_dags/example_latest_only_with_trigger.py for tasks to queue
[2025-09-18T07:44:37.111+0000] {logging_mixin.py:188} INFO - [2025-09-18T07:44:37.111+0000] {dagbag.py:538} INFO - Filling up the DagBag from /home/airflow/.local/lib/python3.8/site-packages/airflow/example_dags/example_latest_only_with_trigger.py
[2025-09-18T07:44:37.121+0000] {processor.py:840} INFO - DAG(s) 'latest_only_with_trigger' retrieved from /home/airflow/.local/lib/python3.8/site-packages/airflow/example_dags/example_latest_only_with_trigger.py
[2025-09-18T07:44:37.160+0000] {logging_mixin.py:188} INFO - [2025-09-18T07:44:37.160+0000] {dag.py:3036} INFO - Sync 1 DAGs
[2025-09-18T07:44:37.200+0000] {logging_mixin.py:188} INFO - [2025-09-18T07:44:37.200+0000] {dag.py:3823} INFO - Setting next_dagrun for latest_only_with_trigger to 2025-09-18 00:00:00+00:00, run_after=2025-09-18 04:00:00+00:00
[2025-09-18T07:44:37.238+0000] {processor.py:183} INFO - Processing /home/airflow/.local/lib/python3.8/site-packages/airflow/example_dags/example_latest_only_with_trigger.py took 0.138 seconds
[2025-09-18T07:45:08.058+0000] {processor.py:161} INFO - Started process (PID=1000) to work on /home/airflow/.local/lib/python3.8/site-packages/airflow/example_dags/example_latest_only_with_trigger.py
[2025-09-18T07:45:08.060+0000] {processor.py:830} INFO - Processing file /home/airflow/.local/lib/python3.8/site-packages/airflow/example_dags/example_latest_only_with_trigger.py for tasks to queue
[2025-09-18T07:45:08.065+0000] {logging_mixin.py:188} INFO - [2025-09-18T07:45:08.064+0000] {dagbag.py:538} INFO - Filling up the DagBag from /home/airflow/.local/lib/python3.8/site-packages/airflow/example_dags/example_latest_only_with_trigger.py
[2025-09-18T07:45:08.077+0000] {processor.py:840} INFO - DAG(s) 'latest_only_with_trigger' retrieved from /home/airflow/.local/lib/python3.8/site-packages/airflow/example_dags/example_latest_only_with_trigger.py
[2025-09-18T07:45:08.123+0000] {logging_mixin.py:188} INFO - [2025-09-18T07:45:08.123+0000] {dag.py:3036} INFO - Sync 1 DAGs
[2025-09-18T07:45:08.179+0000] {logging_mixin.py:188} INFO - [2025-09-18T07:45:08.179+0000] {dag.py:3823} INFO - Setting next_dagrun for latest_only_with_trigger to 2025-09-18 00:00:00+00:00, run_after=2025-09-18 04:00:00+00:00
[2025-09-18T07:45:08.227+0000] {processor.py:183} INFO - Processing /home/airflow/.local/lib/python3.8/site-packages/airflow/example_dags/example_latest_only_with_trigger.py took 0.178 seconds
[2025-09-18T07:45:38.634+0000] {processor.py:161} INFO - Started process (PID=1055) to work on /home/airflow/.local/lib/python3.8/site-packages/airflow/example_dags/example_latest_only_with_trigger.py
[2025-09-18T07:45:38.636+0000] {processor.py:830} INFO - Processing file /home/airflow/.local/lib/python3.8/site-packages/airflow/example_dags/example_latest_only_with_trigger.py for tasks to queue
[2025-09-18T07:45:38.641+0000] {logging_mixin.py:188} INFO - [2025-09-18T07:45:38.641+0000] {dagbag.py:538} INFO - Filling up the DagBag from /home/airflow/.local/lib/python3.8/site-packages/airflow/example_dags/example_latest_only_with_trigger.py
[2025-09-18T07:45:38.652+0000] {processor.py:840} INFO - DAG(s) 'latest_only_with_trigger' retrieved from /home/airflow/.local/lib/python3.8/site-packages/airflow/example_dags/example_latest_only_with_trigger.py
[2025-09-18T07:45:38.713+0000] {logging_mixin.py:188} INFO - [2025-09-18T07:45:38.713+0000] {dag.py:3036} INFO - Sync 1 DAGs
[2025-09-18T07:45:38.773+0000] {logging_mixin.py:188} INFO - [2025-09-18T07:45:38.772+0000] {dag.py:3823} INFO - Setting next_dagrun for latest_only_with_trigger to 2025-09-18 00:00:00+00:00, run_after=2025-09-18 04:00:00+00:00
[2025-09-18T07:45:38.814+0000] {processor.py:183} INFO - Processing /home/airflow/.local/lib/python3.8/site-packages/airflow/example_dags/example_latest_only_with_trigger.py took 0.186 seconds
[2025-09-18T07:46:09.477+0000] {processor.py:161} INFO - Started process (PID=1110) to work on /home/airflow/.local/lib/python3.8/site-packages/airflow/example_dags/example_latest_only_with_trigger.py
[2025-09-18T07:46:09.479+0000] {processor.py:830} INFO - Processing file /home/airflow/.local/lib/python3.8/site-packages/airflow/example_dags/example_latest_only_with_trigger.py for tasks to queue
[2025-09-18T07:46:09.482+0000] {logging_mixin.py:188} INFO - [2025-09-18T07:46:09.482+0000] {dagbag.py:538} INFO - Filling up the DagBag from /home/airflow/.local/lib/python3.8/site-packages/airflow/example_dags/example_latest_only_with_trigger.py
[2025-09-18T07:46:09.492+0000] {processor.py:840} INFO - DAG(s) 'latest_only_with_trigger' retrieved from /home/airflow/.local/lib/python3.8/site-packages/airflow/example_dags/example_latest_only_with_trigger.py
[2025-09-18T07:46:09.532+0000] {logging_mixin.py:188} INFO - [2025-09-18T07:46:09.531+0000] {dag.py:3036} INFO - Sync 1 DAGs
[2025-09-18T07:46:09.572+0000] {logging_mixin.py:188} INFO - [2025-09-18T07:46:09.572+0000] {dag.py:3823} INFO - Setting next_dagrun for latest_only_with_trigger to 2025-09-18 00:00:00+00:00, run_after=2025-09-18 04:00:00+00:00
[2025-09-18T07:46:09.612+0000] {processor.py:183} INFO - Processing /home/airflow/.local/lib/python3.8/site-packages/airflow/example_dags/example_latest_only_with_trigger.py took 0.141 seconds
[2025-09-18T07:46:40.040+0000] {processor.py:161} INFO - Started process (PID=1165) to work on /home/airflow/.local/lib/python3.8/site-packages/airflow/example_dags/example_latest_only_with_trigger.py
[2025-09-18T07:46:40.049+0000] {processor.py:830} INFO - Processing file /home/airflow/.local/lib/python3.8/site-packages/airflow/example_dags/example_latest_only_with_trigger.py for tasks to queue
[2025-09-18T07:46:40.053+0000] {logging_mixin.py:188} INFO - [2025-09-18T07:46:40.053+0000] {dagbag.py:538} INFO - Filling up the DagBag from /home/airflow/.local/lib/python3.8/site-packages/airflow/example_dags/example_latest_only_with_trigger.py
[2025-09-18T07:46:40.079+0000] {processor.py:840} INFO - DAG(s) 'latest_only_with_trigger' retrieved from /home/airflow/.local/lib/python3.8/site-packages/airflow/example_dags/example_latest_only_with_trigger.py
[2025-09-18T07:46:40.137+0000] {logging_mixin.py:188} INFO - [2025-09-18T07:46:40.137+0000] {dag.py:3036} INFO - Sync 1 DAGs
[2025-09-18T07:46:40.200+0000] {logging_mixin.py:188} INFO - [2025-09-18T07:46:40.199+0000] {dag.py:3823} INFO - Setting next_dagrun for latest_only_with_trigger to 2025-09-18 00:00:00+00:00, run_after=2025-09-18 04:00:00+00:00
[2025-09-18T07:46:40.248+0000] {processor.py:183} INFO - Processing /home/airflow/.local/lib/python3.8/site-packages/airflow/example_dags/example_latest_only_with_trigger.py took 0.223 seconds
[2025-09-18T07:47:10.870+0000] {processor.py:161} INFO - Started process (PID=1226) to work on /home/airflow/.local/lib/python3.8/site-packages/airflow/example_dags/example_latest_only_with_trigger.py
[2025-09-18T07:47:10.872+0000] {processor.py:830} INFO - Processing file /home/airflow/.local/lib/python3.8/site-packages/airflow/example_dags/example_latest_only_with_trigger.py for tasks to queue
[2025-09-18T07:47:10.876+0000] {logging_mixin.py:188} INFO - [2025-09-18T07:47:10.875+0000] {dagbag.py:538} INFO - Filling up the DagBag from /home/airflow/.local/lib/python3.8/site-packages/airflow/example_dags/example_latest_only_with_trigger.py
[2025-09-18T07:47:10.886+0000] {processor.py:840} INFO - DAG(s) 'latest_only_with_trigger' retrieved from /home/airflow/.local/lib/python3.8/site-packages/airflow/example_dags/example_latest_only_with_trigger.py
[2025-09-18T07:47:10.926+0000] {logging_mixin.py:188} INFO - [2025-09-18T07:47:10.925+0000] {dag.py:3036} INFO - Sync 1 DAGs
[2025-09-18T07:47:10.966+0000] {logging_mixin.py:188} INFO - [2025-09-18T07:47:10.965+0000] {dag.py:3823} INFO - Setting next_dagrun for latest_only_with_trigger to 2025-09-18 00:00:00+00:00, run_after=2025-09-18 04:00:00+00:00
[2025-09-18T07:47:11.000+0000] {processor.py:183} INFO - Processing /home/airflow/.local/lib/python3.8/site-packages/airflow/example_dags/example_latest_only_with_trigger.py took 0.136 seconds
[2025-09-18T07:47:41.484+0000] {processor.py:161} INFO - Started process (PID=1282) to work on /home/airflow/.local/lib/python3.8/site-packages/airflow/example_dags/example_latest_only_with_trigger.py
[2025-09-18T07:47:41.487+0000] {processor.py:830} INFO - Processing file /home/airflow/.local/lib/python3.8/site-packages/airflow/example_dags/example_latest_only_with_trigger.py for tasks to queue
[2025-09-18T07:47:41.491+0000] {logging_mixin.py:188} INFO - [2025-09-18T07:47:41.490+0000] {dagbag.py:538} INFO - Filling up the DagBag from /home/airflow/.local/lib/python3.8/site-packages/airflow/example_dags/example_latest_only_with_trigger.py
[2025-09-18T07:47:41.505+0000] {processor.py:840} INFO - DAG(s) 'latest_only_with_trigger' retrieved from /home/airflow/.local/lib/python3.8/site-packages/airflow/example_dags/example_latest_only_with_trigger.py
[2025-09-18T07:47:41.559+0000] {logging_mixin.py:188} INFO - [2025-09-18T07:47:41.558+0000] {dag.py:3036} INFO - Sync 1 DAGs
[2025-09-18T07:47:41.639+0000] {logging_mixin.py:188} INFO - [2025-09-18T07:47:41.638+0000] {dag.py:3823} INFO - Setting next_dagrun for latest_only_with_trigger to 2025-09-18 00:00:00+00:00, run_after=2025-09-18 04:00:00+00:00
[2025-09-18T07:47:41.691+0000] {processor.py:183} INFO - Processing /home/airflow/.local/lib/python3.8/site-packages/airflow/example_dags/example_latest_only_with_trigger.py took 0.215 seconds
[2025-09-18T07:48:12.035+0000] {processor.py:161} INFO - Started process (PID=1337) to work on /home/airflow/.local/lib/python3.8/site-packages/airflow/example_dags/example_latest_only_with_trigger.py
[2025-09-18T07:48:12.037+0000] {processor.py:830} INFO - Processing file /home/airflow/.local/lib/python3.8/site-packages/airflow/example_dags/example_latest_only_with_trigger.py for tasks to queue
[2025-09-18T07:48:12.041+0000] {logging_mixin.py:188} INFO - [2025-09-18T07:48:12.040+0000] {dagbag.py:538} INFO - Filling up the DagBag from /home/airflow/.local/lib/python3.8/site-packages/airflow/example_dags/example_latest_only_with_trigger.py
[2025-09-18T07:48:12.052+0000] {processor.py:840} INFO - DAG(s) 'latest_only_with_trigger' retrieved from /home/airflow/.local/lib/python3.8/site-packages/airflow/example_dags/example_latest_only_with_trigger.py
[2025-09-18T07:48:12.095+0000] {logging_mixin.py:188} INFO - [2025-09-18T07:48:12.094+0000] {dag.py:3036} INFO - Sync 1 DAGs
[2025-09-18T07:48:12.136+0000] {logging_mixin.py:188} INFO - [2025-09-18T07:48:12.136+0000] {dag.py:3823} INFO - Setting next_dagrun for latest_only_with_trigger to 2025-09-18 00:00:00+00:00, run_after=2025-09-18 04:00:00+00:00
[2025-09-18T07:48:12.180+0000] {processor.py:183} INFO - Processing /home/airflow/.local/lib/python3.8/site-packages/airflow/example_dags/example_latest_only_with_trigger.py took 0.151 seconds
[2025-09-18T07:56:46.872+0000] {processor.py:161} INFO - Started process (PID=64) to work on /home/airflow/.local/lib/python3.8/site-packages/airflow/example_dags/example_latest_only_with_trigger.py
[2025-09-18T07:56:46.874+0000] {processor.py:830} INFO - Processing file /home/airflow/.local/lib/python3.8/site-packages/airflow/example_dags/example_latest_only_with_trigger.py for tasks to queue
[2025-09-18T07:56:46.878+0000] {logging_mixin.py:188} INFO - [2025-09-18T07:56:46.877+0000] {dagbag.py:538} INFO - Filling up the DagBag from /home/airflow/.local/lib/python3.8/site-packages/airflow/example_dags/example_latest_only_with_trigger.py
[2025-09-18T07:56:46.896+0000] {processor.py:840} INFO - DAG(s) 'latest_only_with_trigger' retrieved from /home/airflow/.local/lib/python3.8/site-packages/airflow/example_dags/example_latest_only_with_trigger.py
[2025-09-18T07:56:47.142+0000] {logging_mixin.py:188} INFO - [2025-09-18T07:56:47.140+0000] {override.py:1769} INFO - Created Permission View: can edit on DAG:latest_only_with_trigger
[2025-09-18T07:56:47.166+0000] {logging_mixin.py:188} INFO - [2025-09-18T07:56:47.165+0000] {override.py:1769} INFO - Created Permission View: can read on DAG:latest_only_with_trigger
[2025-09-18T07:56:47.188+0000] {logging_mixin.py:188} INFO - [2025-09-18T07:56:47.187+0000] {override.py:1769} INFO - Created Permission View: can delete on DAG:latest_only_with_trigger
[2025-09-18T07:56:47.189+0000] {logging_mixin.py:188} INFO - [2025-09-18T07:56:47.189+0000] {dag.py:3036} INFO - Sync 1 DAGs
[2025-09-18T07:56:47.217+0000] {logging_mixin.py:188} INFO - [2025-09-18T07:56:47.216+0000] {dag.py:3058} INFO - Creating ORM DAG for latest_only_with_trigger
[2025-09-18T07:56:47.243+0000] {logging_mixin.py:188} INFO - [2025-09-18T07:56:47.243+0000] {dag.py:3823} INFO - Setting next_dagrun for latest_only_with_trigger to 2025-09-18 00:00:00+00:00, run_after=2025-09-18 04:00:00+00:00
[2025-09-18T07:56:47.312+0000] {processor.py:183} INFO - Processing /home/airflow/.local/lib/python3.8/site-packages/airflow/example_dags/example_latest_only_with_trigger.py took 0.448 seconds
[2025-09-18T07:57:23.805+0000] {processor.py:161} INFO - Started process (PID=119) to work on /home/airflow/.local/lib/python3.8/site-packages/airflow/example_dags/example_latest_only_with_trigger.py
[2025-09-18T07:57:23.813+0000] {processor.py:830} INFO - Processing file /home/airflow/.local/lib/python3.8/site-packages/airflow/example_dags/example_latest_only_with_trigger.py for tasks to queue
[2025-09-18T07:57:23.820+0000] {logging_mixin.py:188} INFO - [2025-09-18T07:57:23.819+0000] {dagbag.py:538} INFO - Filling up the DagBag from /home/airflow/.local/lib/python3.8/site-packages/airflow/example_dags/example_latest_only_with_trigger.py
[2025-09-18T07:57:23.848+0000] {processor.py:840} INFO - DAG(s) 'latest_only_with_trigger' retrieved from /home/airflow/.local/lib/python3.8/site-packages/airflow/example_dags/example_latest_only_with_trigger.py
[2025-09-18T07:57:23.915+0000] {logging_mixin.py:188} INFO - [2025-09-18T07:57:23.915+0000] {dag.py:3036} INFO - Sync 1 DAGs
[2025-09-18T07:57:23.985+0000] {logging_mixin.py:188} INFO - [2025-09-18T07:57:23.984+0000] {dag.py:3823} INFO - Setting next_dagrun for latest_only_with_trigger to 2025-09-18 00:00:00+00:00, run_after=2025-09-18 04:00:00+00:00
[2025-09-18T07:57:24.053+0000] {processor.py:183} INFO - Processing /home/airflow/.local/lib/python3.8/site-packages/airflow/example_dags/example_latest_only_with_trigger.py took 0.257 seconds
[2025-09-18T07:57:54.702+0000] {processor.py:161} INFO - Started process (PID=175) to work on /home/airflow/.local/lib/python3.8/site-packages/airflow/example_dags/example_latest_only_with_trigger.py
[2025-09-18T07:57:54.704+0000] {processor.py:830} INFO - Processing file /home/airflow/.local/lib/python3.8/site-packages/airflow/example_dags/example_latest_only_with_trigger.py for tasks to queue
[2025-09-18T07:57:54.707+0000] {logging_mixin.py:188} INFO - [2025-09-18T07:57:54.707+0000] {dagbag.py:538} INFO - Filling up the DagBag from /home/airflow/.local/lib/python3.8/site-packages/airflow/example_dags/example_latest_only_with_trigger.py
[2025-09-18T07:57:54.719+0000] {processor.py:840} INFO - DAG(s) 'latest_only_with_trigger' retrieved from /home/airflow/.local/lib/python3.8/site-packages/airflow/example_dags/example_latest_only_with_trigger.py
[2025-09-18T07:57:54.767+0000] {logging_mixin.py:188} INFO - [2025-09-18T07:57:54.766+0000] {dag.py:3036} INFO - Sync 1 DAGs
[2025-09-18T07:57:54.822+0000] {logging_mixin.py:188} INFO - [2025-09-18T07:57:54.821+0000] {dag.py:3823} INFO - Setting next_dagrun for latest_only_with_trigger to 2025-09-18 00:00:00+00:00, run_after=2025-09-18 04:00:00+00:00
[2025-09-18T07:57:54.863+0000] {processor.py:183} INFO - Processing /home/airflow/.local/lib/python3.8/site-packages/airflow/example_dags/example_latest_only_with_trigger.py took 0.168 seconds
[2025-09-18T09:46:50.948+0000] {processor.py:161} INFO - Started process (PID=64) to work on /home/airflow/.local/lib/python3.8/site-packages/airflow/example_dags/example_latest_only_with_trigger.py
[2025-09-18T09:46:50.951+0000] {processor.py:830} INFO - Processing file /home/airflow/.local/lib/python3.8/site-packages/airflow/example_dags/example_latest_only_with_trigger.py for tasks to queue
[2025-09-18T09:46:50.955+0000] {logging_mixin.py:188} INFO - [2025-09-18T09:46:50.954+0000] {dagbag.py:538} INFO - Filling up the DagBag from /home/airflow/.local/lib/python3.8/site-packages/airflow/example_dags/example_latest_only_with_trigger.py
[2025-09-18T09:46:50.975+0000] {processor.py:840} INFO - DAG(s) 'latest_only_with_trigger' retrieved from /home/airflow/.local/lib/python3.8/site-packages/airflow/example_dags/example_latest_only_with_trigger.py
[2025-09-18T09:46:51.184+0000] {logging_mixin.py:188} INFO - [2025-09-18T09:46:51.183+0000] {override.py:1769} INFO - Created Permission View: can delete on DAG:latest_only_with_trigger
[2025-09-18T09:46:51.205+0000] {logging_mixin.py:188} INFO - [2025-09-18T09:46:51.205+0000] {override.py:1769} INFO - Created Permission View: can edit on DAG:latest_only_with_trigger
[2025-09-18T09:46:51.219+0000] {logging_mixin.py:188} INFO - [2025-09-18T09:46:51.219+0000] {override.py:1769} INFO - Created Permission View: can read on DAG:latest_only_with_trigger
[2025-09-18T09:46:51.220+0000] {logging_mixin.py:188} INFO - [2025-09-18T09:46:51.220+0000] {dag.py:3036} INFO - Sync 1 DAGs
[2025-09-18T09:46:51.241+0000] {logging_mixin.py:188} INFO - [2025-09-18T09:46:51.241+0000] {dag.py:3058} INFO - Creating ORM DAG for latest_only_with_trigger
[2025-09-18T09:46:51.262+0000] {logging_mixin.py:188} INFO - [2025-09-18T09:46:51.262+0000] {dag.py:3823} INFO - Setting next_dagrun for latest_only_with_trigger to 2025-09-18 04:00:00+00:00, run_after=2025-09-18 08:00:00+00:00
[2025-09-18T09:46:51.296+0000] {processor.py:183} INFO - Processing /home/airflow/.local/lib/python3.8/site-packages/airflow/example_dags/example_latest_only_with_trigger.py took 0.354 seconds
[2025-09-18T09:47:21.984+0000] {processor.py:161} INFO - Started process (PID=119) to work on /home/airflow/.local/lib/python3.8/site-packages/airflow/example_dags/example_latest_only_with_trigger.py
[2025-09-18T09:47:21.987+0000] {processor.py:830} INFO - Processing file /home/airflow/.local/lib/python3.8/site-packages/airflow/example_dags/example_latest_only_with_trigger.py for tasks to queue
[2025-09-18T09:47:21.991+0000] {logging_mixin.py:188} INFO - [2025-09-18T09:47:21.990+0000] {dagbag.py:538} INFO - Filling up the DagBag from /home/airflow/.local/lib/python3.8/site-packages/airflow/example_dags/example_latest_only_with_trigger.py
[2025-09-18T09:47:22.004+0000] {processor.py:840} INFO - DAG(s) 'latest_only_with_trigger' retrieved from /home/airflow/.local/lib/python3.8/site-packages/airflow/example_dags/example_latest_only_with_trigger.py
[2025-09-18T09:47:22.056+0000] {logging_mixin.py:188} INFO - [2025-09-18T09:47:22.055+0000] {dag.py:3036} INFO - Sync 1 DAGs
[2025-09-18T09:47:22.104+0000] {logging_mixin.py:188} INFO - [2025-09-18T09:47:22.104+0000] {dag.py:3823} INFO - Setting next_dagrun for latest_only_with_trigger to 2025-09-18 04:00:00+00:00, run_after=2025-09-18 08:00:00+00:00
[2025-09-18T09:47:22.148+0000] {processor.py:183} INFO - Processing /home/airflow/.local/lib/python3.8/site-packages/airflow/example_dags/example_latest_only_with_trigger.py took 0.173 seconds
[2025-09-18T09:47:52.506+0000] {processor.py:161} INFO - Started process (PID=174) to work on /home/airflow/.local/lib/python3.8/site-packages/airflow/example_dags/example_latest_only_with_trigger.py
[2025-09-18T09:47:52.508+0000] {processor.py:830} INFO - Processing file /home/airflow/.local/lib/python3.8/site-packages/airflow/example_dags/example_latest_only_with_trigger.py for tasks to queue
[2025-09-18T09:47:52.512+0000] {logging_mixin.py:188} INFO - [2025-09-18T09:47:52.511+0000] {dagbag.py:538} INFO - Filling up the DagBag from /home/airflow/.local/lib/python3.8/site-packages/airflow/example_dags/example_latest_only_with_trigger.py
[2025-09-18T09:47:52.522+0000] {processor.py:840} INFO - DAG(s) 'latest_only_with_trigger' retrieved from /home/airflow/.local/lib/python3.8/site-packages/airflow/example_dags/example_latest_only_with_trigger.py
[2025-09-18T09:47:52.581+0000] {logging_mixin.py:188} INFO - [2025-09-18T09:47:52.580+0000] {dag.py:3036} INFO - Sync 1 DAGs
[2025-09-18T09:47:52.647+0000] {logging_mixin.py:188} INFO - [2025-09-18T09:47:52.647+0000] {dag.py:3823} INFO - Setting next_dagrun for latest_only_with_trigger to 2025-09-18 04:00:00+00:00, run_after=2025-09-18 08:00:00+00:00
[2025-09-18T09:47:52.688+0000] {processor.py:183} INFO - Processing /home/airflow/.local/lib/python3.8/site-packages/airflow/example_dags/example_latest_only_with_trigger.py took 0.188 seconds
[2025-09-18T09:48:22.977+0000] {processor.py:161} INFO - Started process (PID=229) to work on /home/airflow/.local/lib/python3.8/site-packages/airflow/example_dags/example_latest_only_with_trigger.py
[2025-09-18T09:48:22.979+0000] {processor.py:830} INFO - Processing file /home/airflow/.local/lib/python3.8/site-packages/airflow/example_dags/example_latest_only_with_trigger.py for tasks to queue
[2025-09-18T09:48:22.983+0000] {logging_mixin.py:188} INFO - [2025-09-18T09:48:22.982+0000] {dagbag.py:538} INFO - Filling up the DagBag from /home/airflow/.local/lib/python3.8/site-packages/airflow/example_dags/example_latest_only_with_trigger.py
[2025-09-18T09:48:22.997+0000] {processor.py:840} INFO - DAG(s) 'latest_only_with_trigger' retrieved from /home/airflow/.local/lib/python3.8/site-packages/airflow/example_dags/example_latest_only_with_trigger.py
[2025-09-18T09:48:23.043+0000] {logging_mixin.py:188} INFO - [2025-09-18T09:48:23.043+0000] {dag.py:3036} INFO - Sync 1 DAGs
[2025-09-18T09:48:23.088+0000] {logging_mixin.py:188} INFO - [2025-09-18T09:48:23.088+0000] {dag.py:3823} INFO - Setting next_dagrun for latest_only_with_trigger to 2025-09-18 04:00:00+00:00, run_after=2025-09-18 08:00:00+00:00
[2025-09-18T09:48:23.130+0000] {processor.py:183} INFO - Processing /home/airflow/.local/lib/python3.8/site-packages/airflow/example_dags/example_latest_only_with_trigger.py took 0.159 seconds
[2025-09-18T09:48:53.286+0000] {processor.py:161} INFO - Started process (PID=284) to work on /home/airflow/.local/lib/python3.8/site-packages/airflow/example_dags/example_latest_only_with_trigger.py
[2025-09-18T09:48:53.289+0000] {processor.py:830} INFO - Processing file /home/airflow/.local/lib/python3.8/site-packages/airflow/example_dags/example_latest_only_with_trigger.py for tasks to queue
[2025-09-18T09:48:53.293+0000] {logging_mixin.py:188} INFO - [2025-09-18T09:48:53.292+0000] {dagbag.py:538} INFO - Filling up the DagBag from /home/airflow/.local/lib/python3.8/site-packages/airflow/example_dags/example_latest_only_with_trigger.py
[2025-09-18T09:48:53.305+0000] {processor.py:840} INFO - DAG(s) 'latest_only_with_trigger' retrieved from /home/airflow/.local/lib/python3.8/site-packages/airflow/example_dags/example_latest_only_with_trigger.py
[2025-09-18T09:48:53.364+0000] {logging_mixin.py:188} INFO - [2025-09-18T09:48:53.363+0000] {dag.py:3036} INFO - Sync 1 DAGs
[2025-09-18T09:48:53.437+0000] {logging_mixin.py:188} INFO - [2025-09-18T09:48:53.436+0000] {dag.py:3823} INFO - Setting next_dagrun for latest_only_with_trigger to 2025-09-18 04:00:00+00:00, run_after=2025-09-18 08:00:00+00:00
[2025-09-18T09:48:53.500+0000] {processor.py:183} INFO - Processing /home/airflow/.local/lib/python3.8/site-packages/airflow/example_dags/example_latest_only_with_trigger.py took 0.223 seconds
[2025-09-18T09:49:24.379+0000] {processor.py:161} INFO - Started process (PID=339) to work on /home/airflow/.local/lib/python3.8/site-packages/airflow/example_dags/example_latest_only_with_trigger.py
[2025-09-18T09:49:24.381+0000] {processor.py:830} INFO - Processing file /home/airflow/.local/lib/python3.8/site-packages/airflow/example_dags/example_latest_only_with_trigger.py for tasks to queue
[2025-09-18T09:49:24.384+0000] {logging_mixin.py:188} INFO - [2025-09-18T09:49:24.383+0000] {dagbag.py:538} INFO - Filling up the DagBag from /home/airflow/.local/lib/python3.8/site-packages/airflow/example_dags/example_latest_only_with_trigger.py
[2025-09-18T09:49:24.393+0000] {processor.py:840} INFO - DAG(s) 'latest_only_with_trigger' retrieved from /home/airflow/.local/lib/python3.8/site-packages/airflow/example_dags/example_latest_only_with_trigger.py
[2025-09-18T09:49:24.432+0000] {logging_mixin.py:188} INFO - [2025-09-18T09:49:24.432+0000] {dag.py:3036} INFO - Sync 1 DAGs
[2025-09-18T09:49:24.473+0000] {logging_mixin.py:188} INFO - [2025-09-18T09:49:24.472+0000] {dag.py:3823} INFO - Setting next_dagrun for latest_only_with_trigger to 2025-09-18 04:00:00+00:00, run_after=2025-09-18 08:00:00+00:00
[2025-09-18T09:49:24.511+0000] {processor.py:183} INFO - Processing /home/airflow/.local/lib/python3.8/site-packages/airflow/example_dags/example_latest_only_with_trigger.py took 0.139 seconds
[2025-09-18T09:49:55.183+0000] {processor.py:161} INFO - Started process (PID=394) to work on /home/airflow/.local/lib/python3.8/site-packages/airflow/example_dags/example_latest_only_with_trigger.py
[2025-09-18T09:49:55.196+0000] {processor.py:830} INFO - Processing file /home/airflow/.local/lib/python3.8/site-packages/airflow/example_dags/example_latest_only_with_trigger.py for tasks to queue
[2025-09-18T09:49:55.203+0000] {logging_mixin.py:188} INFO - [2025-09-18T09:49:55.202+0000] {dagbag.py:538} INFO - Filling up the DagBag from /home/airflow/.local/lib/python3.8/site-packages/airflow/example_dags/example_latest_only_with_trigger.py
[2025-09-18T09:49:55.232+0000] {processor.py:840} INFO - DAG(s) 'latest_only_with_trigger' retrieved from /home/airflow/.local/lib/python3.8/site-packages/airflow/example_dags/example_latest_only_with_trigger.py
[2025-09-18T09:49:55.311+0000] {logging_mixin.py:188} INFO - [2025-09-18T09:49:55.310+0000] {dag.py:3036} INFO - Sync 1 DAGs
[2025-09-18T09:49:55.394+0000] {logging_mixin.py:188} INFO - [2025-09-18T09:49:55.393+0000] {dag.py:3823} INFO - Setting next_dagrun for latest_only_with_trigger to 2025-09-18 04:00:00+00:00, run_after=2025-09-18 08:00:00+00:00
[2025-09-18T09:49:55.506+0000] {processor.py:183} INFO - Processing /home/airflow/.local/lib/python3.8/site-packages/airflow/example_dags/example_latest_only_with_trigger.py took 0.338 seconds
[2025-09-18T09:50:25.938+0000] {processor.py:161} INFO - Started process (PID=449) to work on /home/airflow/.local/lib/python3.8/site-packages/airflow/example_dags/example_latest_only_with_trigger.py
[2025-09-18T09:50:25.941+0000] {processor.py:830} INFO - Processing file /home/airflow/.local/lib/python3.8/site-packages/airflow/example_dags/example_latest_only_with_trigger.py for tasks to queue
[2025-09-18T09:50:25.944+0000] {logging_mixin.py:188} INFO - [2025-09-18T09:50:25.943+0000] {dagbag.py:538} INFO - Filling up the DagBag from /home/airflow/.local/lib/python3.8/site-packages/airflow/example_dags/example_latest_only_with_trigger.py
[2025-09-18T09:50:25.956+0000] {processor.py:840} INFO - DAG(s) 'latest_only_with_trigger' retrieved from /home/airflow/.local/lib/python3.8/site-packages/airflow/example_dags/example_latest_only_with_trigger.py
[2025-09-18T09:50:25.997+0000] {logging_mixin.py:188} INFO - [2025-09-18T09:50:25.997+0000] {dag.py:3036} INFO - Sync 1 DAGs
[2025-09-18T09:50:26.043+0000] {logging_mixin.py:188} INFO - [2025-09-18T09:50:26.042+0000] {dag.py:3823} INFO - Setting next_dagrun for latest_only_with_trigger to 2025-09-18 04:00:00+00:00, run_after=2025-09-18 08:00:00+00:00
[2025-09-18T09:50:26.086+0000] {processor.py:183} INFO - Processing /home/airflow/.local/lib/python3.8/site-packages/airflow/example_dags/example_latest_only_with_trigger.py took 0.153 seconds
[2025-09-18T09:50:56.590+0000] {processor.py:161} INFO - Started process (PID=504) to work on /home/airflow/.local/lib/python3.8/site-packages/airflow/example_dags/example_latest_only_with_trigger.py
[2025-09-18T09:50:56.592+0000] {processor.py:830} INFO - Processing file /home/airflow/.local/lib/python3.8/site-packages/airflow/example_dags/example_latest_only_with_trigger.py for tasks to queue
[2025-09-18T09:50:56.596+0000] {logging_mixin.py:188} INFO - [2025-09-18T09:50:56.596+0000] {dagbag.py:538} INFO - Filling up the DagBag from /home/airflow/.local/lib/python3.8/site-packages/airflow/example_dags/example_latest_only_with_trigger.py
[2025-09-18T09:50:56.606+0000] {processor.py:840} INFO - DAG(s) 'latest_only_with_trigger' retrieved from /home/airflow/.local/lib/python3.8/site-packages/airflow/example_dags/example_latest_only_with_trigger.py
[2025-09-18T09:50:56.645+0000] {logging_mixin.py:188} INFO - [2025-09-18T09:50:56.644+0000] {dag.py:3036} INFO - Sync 1 DAGs
[2025-09-18T09:50:56.687+0000] {logging_mixin.py:188} INFO - [2025-09-18T09:50:56.687+0000] {dag.py:3823} INFO - Setting next_dagrun for latest_only_with_trigger to 2025-09-18 04:00:00+00:00, run_after=2025-09-18 08:00:00+00:00
[2025-09-18T09:50:56.726+0000] {processor.py:183} INFO - Processing /home/airflow/.local/lib/python3.8/site-packages/airflow/example_dags/example_latest_only_with_trigger.py took 0.144 seconds
[2025-09-18T09:54:01.472+0000] {processor.py:161} INFO - Started process (PID=65) to work on /home/airflow/.local/lib/python3.8/site-packages/airflow/example_dags/example_latest_only_with_trigger.py
[2025-09-18T09:54:01.474+0000] {processor.py:830} INFO - Processing file /home/airflow/.local/lib/python3.8/site-packages/airflow/example_dags/example_latest_only_with_trigger.py for tasks to queue
[2025-09-18T09:54:01.478+0000] {logging_mixin.py:188} INFO - [2025-09-18T09:54:01.477+0000] {dagbag.py:538} INFO - Filling up the DagBag from /home/airflow/.local/lib/python3.8/site-packages/airflow/example_dags/example_latest_only_with_trigger.py
[2025-09-18T09:54:01.498+0000] {processor.py:840} INFO - DAG(s) 'latest_only_with_trigger' retrieved from /home/airflow/.local/lib/python3.8/site-packages/airflow/example_dags/example_latest_only_with_trigger.py
[2025-09-18T09:54:01.758+0000] {logging_mixin.py:188} INFO - [2025-09-18T09:54:01.756+0000] {override.py:1769} INFO - Created Permission View: can delete on DAG:latest_only_with_trigger
[2025-09-18T09:54:01.786+0000] {logging_mixin.py:188} INFO - [2025-09-18T09:54:01.786+0000] {override.py:1769} INFO - Created Permission View: can edit on DAG:latest_only_with_trigger
[2025-09-18T09:54:01.807+0000] {logging_mixin.py:188} INFO - [2025-09-18T09:54:01.806+0000] {override.py:1769} INFO - Created Permission View: can read on DAG:latest_only_with_trigger
[2025-09-18T09:54:01.809+0000] {logging_mixin.py:188} INFO - [2025-09-18T09:54:01.808+0000] {dag.py:3036} INFO - Sync 1 DAGs
[2025-09-18T09:54:01.837+0000] {logging_mixin.py:188} INFO - [2025-09-18T09:54:01.836+0000] {dag.py:3058} INFO - Creating ORM DAG for latest_only_with_trigger
[2025-09-18T09:54:01.863+0000] {logging_mixin.py:188} INFO - [2025-09-18T09:54:01.863+0000] {dag.py:3823} INFO - Setting next_dagrun for latest_only_with_trigger to 2025-09-18 04:00:00+00:00, run_after=2025-09-18 08:00:00+00:00
[2025-09-18T09:54:01.902+0000] {processor.py:183} INFO - Processing /home/airflow/.local/lib/python3.8/site-packages/airflow/example_dags/example_latest_only_with_trigger.py took 0.438 seconds
[2025-09-18T09:54:32.204+0000] {processor.py:161} INFO - Started process (PID=120) to work on /home/airflow/.local/lib/python3.8/site-packages/airflow/example_dags/example_latest_only_with_trigger.py
[2025-09-18T09:54:32.206+0000] {processor.py:830} INFO - Processing file /home/airflow/.local/lib/python3.8/site-packages/airflow/example_dags/example_latest_only_with_trigger.py for tasks to queue
[2025-09-18T09:54:32.211+0000] {logging_mixin.py:188} INFO - [2025-09-18T09:54:32.210+0000] {dagbag.py:538} INFO - Filling up the DagBag from /home/airflow/.local/lib/python3.8/site-packages/airflow/example_dags/example_latest_only_with_trigger.py
[2025-09-18T09:54:32.222+0000] {processor.py:840} INFO - DAG(s) 'latest_only_with_trigger' retrieved from /home/airflow/.local/lib/python3.8/site-packages/airflow/example_dags/example_latest_only_with_trigger.py
[2025-09-18T09:54:32.268+0000] {logging_mixin.py:188} INFO - [2025-09-18T09:54:32.268+0000] {dag.py:3036} INFO - Sync 1 DAGs
[2025-09-18T09:54:32.320+0000] {logging_mixin.py:188} INFO - [2025-09-18T09:54:32.320+0000] {dag.py:3823} INFO - Setting next_dagrun for latest_only_with_trigger to 2025-09-18 04:00:00+00:00, run_after=2025-09-18 08:00:00+00:00
[2025-09-18T09:54:32.366+0000] {processor.py:183} INFO - Processing /home/airflow/.local/lib/python3.8/site-packages/airflow/example_dags/example_latest_only_with_trigger.py took 0.167 seconds
[2025-09-18T09:55:02.617+0000] {processor.py:161} INFO - Started process (PID=176) to work on /home/airflow/.local/lib/python3.8/site-packages/airflow/example_dags/example_latest_only_with_trigger.py
[2025-09-18T09:55:02.619+0000] {processor.py:830} INFO - Processing file /home/airflow/.local/lib/python3.8/site-packages/airflow/example_dags/example_latest_only_with_trigger.py for tasks to queue
[2025-09-18T09:55:02.624+0000] {logging_mixin.py:188} INFO - [2025-09-18T09:55:02.623+0000] {dagbag.py:538} INFO - Filling up the DagBag from /home/airflow/.local/lib/python3.8/site-packages/airflow/example_dags/example_latest_only_with_trigger.py
[2025-09-18T09:55:02.633+0000] {processor.py:840} INFO - DAG(s) 'latest_only_with_trigger' retrieved from /home/airflow/.local/lib/python3.8/site-packages/airflow/example_dags/example_latest_only_with_trigger.py
[2025-09-18T09:55:02.673+0000] {logging_mixin.py:188} INFO - [2025-09-18T09:55:02.672+0000] {dag.py:3036} INFO - Sync 1 DAGs
[2025-09-18T09:55:02.713+0000] {logging_mixin.py:188} INFO - [2025-09-18T09:55:02.712+0000] {dag.py:3823} INFO - Setting next_dagrun for latest_only_with_trigger to 2025-09-18 04:00:00+00:00, run_after=2025-09-18 08:00:00+00:00
[2025-09-18T09:55:02.747+0000] {processor.py:183} INFO - Processing /home/airflow/.local/lib/python3.8/site-packages/airflow/example_dags/example_latest_only_with_trigger.py took 0.136 seconds
[2025-09-18T09:55:33.026+0000] {processor.py:161} INFO - Started process (PID=231) to work on /home/airflow/.local/lib/python3.8/site-packages/airflow/example_dags/example_latest_only_with_trigger.py
[2025-09-18T09:55:33.030+0000] {processor.py:830} INFO - Processing file /home/airflow/.local/lib/python3.8/site-packages/airflow/example_dags/example_latest_only_with_trigger.py for tasks to queue
[2025-09-18T09:55:33.036+0000] {logging_mixin.py:188} INFO - [2025-09-18T09:55:33.035+0000] {dagbag.py:538} INFO - Filling up the DagBag from /home/airflow/.local/lib/python3.8/site-packages/airflow/example_dags/example_latest_only_with_trigger.py
[2025-09-18T09:55:33.057+0000] {processor.py:840} INFO - DAG(s) 'latest_only_with_trigger' retrieved from /home/airflow/.local/lib/python3.8/site-packages/airflow/example_dags/example_latest_only_with_trigger.py
[2025-09-18T09:55:33.129+0000] {logging_mixin.py:188} INFO - [2025-09-18T09:55:33.127+0000] {dag.py:3036} INFO - Sync 1 DAGs
[2025-09-18T09:55:33.209+0000] {logging_mixin.py:188} INFO - [2025-09-18T09:55:33.209+0000] {dag.py:3823} INFO - Setting next_dagrun for latest_only_with_trigger to 2025-09-18 04:00:00+00:00, run_after=2025-09-18 08:00:00+00:00
[2025-09-18T09:55:33.270+0000] {processor.py:183} INFO - Processing /home/airflow/.local/lib/python3.8/site-packages/airflow/example_dags/example_latest_only_with_trigger.py took 0.260 seconds
[2025-09-18T09:56:03.710+0000] {processor.py:161} INFO - Started process (PID=286) to work on /home/airflow/.local/lib/python3.8/site-packages/airflow/example_dags/example_latest_only_with_trigger.py
[2025-09-18T09:56:03.713+0000] {processor.py:830} INFO - Processing file /home/airflow/.local/lib/python3.8/site-packages/airflow/example_dags/example_latest_only_with_trigger.py for tasks to queue
[2025-09-18T09:56:03.717+0000] {logging_mixin.py:188} INFO - [2025-09-18T09:56:03.717+0000] {dagbag.py:538} INFO - Filling up the DagBag from /home/airflow/.local/lib/python3.8/site-packages/airflow/example_dags/example_latest_only_with_trigger.py
[2025-09-18T09:56:03.730+0000] {processor.py:840} INFO - DAG(s) 'latest_only_with_trigger' retrieved from /home/airflow/.local/lib/python3.8/site-packages/airflow/example_dags/example_latest_only_with_trigger.py
[2025-09-18T09:56:03.777+0000] {logging_mixin.py:188} INFO - [2025-09-18T09:56:03.776+0000] {dag.py:3036} INFO - Sync 1 DAGs
[2025-09-18T09:56:03.839+0000] {logging_mixin.py:188} INFO - [2025-09-18T09:56:03.838+0000] {dag.py:3823} INFO - Setting next_dagrun for latest_only_with_trigger to 2025-09-18 04:00:00+00:00, run_after=2025-09-18 08:00:00+00:00
[2025-09-18T09:56:03.885+0000] {processor.py:183} INFO - Processing /home/airflow/.local/lib/python3.8/site-packages/airflow/example_dags/example_latest_only_with_trigger.py took 0.182 seconds
[2025-09-18T09:56:34.070+0000] {processor.py:161} INFO - Started process (PID=341) to work on /home/airflow/.local/lib/python3.8/site-packages/airflow/example_dags/example_latest_only_with_trigger.py
[2025-09-18T09:56:34.073+0000] {processor.py:830} INFO - Processing file /home/airflow/.local/lib/python3.8/site-packages/airflow/example_dags/example_latest_only_with_trigger.py for tasks to queue
[2025-09-18T09:56:34.077+0000] {logging_mixin.py:188} INFO - [2025-09-18T09:56:34.076+0000] {dagbag.py:538} INFO - Filling up the DagBag from /home/airflow/.local/lib/python3.8/site-packages/airflow/example_dags/example_latest_only_with_trigger.py
[2025-09-18T09:56:34.087+0000] {processor.py:840} INFO - DAG(s) 'latest_only_with_trigger' retrieved from /home/airflow/.local/lib/python3.8/site-packages/airflow/example_dags/example_latest_only_with_trigger.py
[2025-09-18T09:56:34.130+0000] {logging_mixin.py:188} INFO - [2025-09-18T09:56:34.129+0000] {dag.py:3036} INFO - Sync 1 DAGs
[2025-09-18T09:56:34.181+0000] {logging_mixin.py:188} INFO - [2025-09-18T09:56:34.181+0000] {dag.py:3823} INFO - Setting next_dagrun for latest_only_with_trigger to 2025-09-18 04:00:00+00:00, run_after=2025-09-18 08:00:00+00:00
[2025-09-18T09:56:34.225+0000] {processor.py:183} INFO - Processing /home/airflow/.local/lib/python3.8/site-packages/airflow/example_dags/example_latest_only_with_trigger.py took 0.161 seconds
[2025-09-18T09:57:04.779+0000] {processor.py:161} INFO - Started process (PID=396) to work on /home/airflow/.local/lib/python3.8/site-packages/airflow/example_dags/example_latest_only_with_trigger.py
[2025-09-18T09:57:04.781+0000] {processor.py:830} INFO - Processing file /home/airflow/.local/lib/python3.8/site-packages/airflow/example_dags/example_latest_only_with_trigger.py for tasks to queue
[2025-09-18T09:57:04.786+0000] {logging_mixin.py:188} INFO - [2025-09-18T09:57:04.785+0000] {dagbag.py:538} INFO - Filling up the DagBag from /home/airflow/.local/lib/python3.8/site-packages/airflow/example_dags/example_latest_only_with_trigger.py
[2025-09-18T09:57:04.800+0000] {processor.py:840} INFO - DAG(s) 'latest_only_with_trigger' retrieved from /home/airflow/.local/lib/python3.8/site-packages/airflow/example_dags/example_latest_only_with_trigger.py
[2025-09-18T09:57:04.851+0000] {logging_mixin.py:188} INFO - [2025-09-18T09:57:04.850+0000] {dag.py:3036} INFO - Sync 1 DAGs
[2025-09-18T09:57:04.908+0000] {logging_mixin.py:188} INFO - [2025-09-18T09:57:04.907+0000] {dag.py:3823} INFO - Setting next_dagrun for latest_only_with_trigger to 2025-09-18 04:00:00+00:00, run_after=2025-09-18 08:00:00+00:00
[2025-09-18T09:57:04.958+0000] {processor.py:183} INFO - Processing /home/airflow/.local/lib/python3.8/site-packages/airflow/example_dags/example_latest_only_with_trigger.py took 0.188 seconds
[2025-09-18T09:57:35.373+0000] {processor.py:161} INFO - Started process (PID=451) to work on /home/airflow/.local/lib/python3.8/site-packages/airflow/example_dags/example_latest_only_with_trigger.py
[2025-09-18T09:57:35.375+0000] {processor.py:830} INFO - Processing file /home/airflow/.local/lib/python3.8/site-packages/airflow/example_dags/example_latest_only_with_trigger.py for tasks to queue
[2025-09-18T09:57:35.378+0000] {logging_mixin.py:188} INFO - [2025-09-18T09:57:35.378+0000] {dagbag.py:538} INFO - Filling up the DagBag from /home/airflow/.local/lib/python3.8/site-packages/airflow/example_dags/example_latest_only_with_trigger.py
[2025-09-18T09:57:35.389+0000] {processor.py:840} INFO - DAG(s) 'latest_only_with_trigger' retrieved from /home/airflow/.local/lib/python3.8/site-packages/airflow/example_dags/example_latest_only_with_trigger.py
[2025-09-18T09:57:35.427+0000] {logging_mixin.py:188} INFO - [2025-09-18T09:57:35.427+0000] {dag.py:3036} INFO - Sync 1 DAGs
[2025-09-18T09:57:35.473+0000] {logging_mixin.py:188} INFO - [2025-09-18T09:57:35.472+0000] {dag.py:3823} INFO - Setting next_dagrun for latest_only_with_trigger to 2025-09-18 04:00:00+00:00, run_after=2025-09-18 08:00:00+00:00
[2025-09-18T09:57:35.507+0000] {processor.py:183} INFO - Processing /home/airflow/.local/lib/python3.8/site-packages/airflow/example_dags/example_latest_only_with_trigger.py took 0.140 seconds
[2025-09-18T09:58:06.483+0000] {processor.py:161} INFO - Started process (PID=506) to work on /home/airflow/.local/lib/python3.8/site-packages/airflow/example_dags/example_latest_only_with_trigger.py
[2025-09-18T09:58:06.484+0000] {processor.py:830} INFO - Processing file /home/airflow/.local/lib/python3.8/site-packages/airflow/example_dags/example_latest_only_with_trigger.py for tasks to queue
[2025-09-18T09:58:06.488+0000] {logging_mixin.py:188} INFO - [2025-09-18T09:58:06.487+0000] {dagbag.py:538} INFO - Filling up the DagBag from /home/airflow/.local/lib/python3.8/site-packages/airflow/example_dags/example_latest_only_with_trigger.py
[2025-09-18T09:58:06.498+0000] {processor.py:840} INFO - DAG(s) 'latest_only_with_trigger' retrieved from /home/airflow/.local/lib/python3.8/site-packages/airflow/example_dags/example_latest_only_with_trigger.py
[2025-09-18T09:58:06.541+0000] {logging_mixin.py:188} INFO - [2025-09-18T09:58:06.541+0000] {dag.py:3036} INFO - Sync 1 DAGs
[2025-09-18T09:58:06.587+0000] {logging_mixin.py:188} INFO - [2025-09-18T09:58:06.586+0000] {dag.py:3823} INFO - Setting next_dagrun for latest_only_with_trigger to 2025-09-18 04:00:00+00:00, run_after=2025-09-18 08:00:00+00:00
[2025-09-18T09:58:06.630+0000] {processor.py:183} INFO - Processing /home/airflow/.local/lib/python3.8/site-packages/airflow/example_dags/example_latest_only_with_trigger.py took 0.153 seconds
[2025-09-18T09:58:36.759+0000] {processor.py:161} INFO - Started process (PID=561) to work on /home/airflow/.local/lib/python3.8/site-packages/airflow/example_dags/example_latest_only_with_trigger.py
[2025-09-18T09:58:36.761+0000] {processor.py:830} INFO - Processing file /home/airflow/.local/lib/python3.8/site-packages/airflow/example_dags/example_latest_only_with_trigger.py for tasks to queue
[2025-09-18T09:58:36.764+0000] {logging_mixin.py:188} INFO - [2025-09-18T09:58:36.764+0000] {dagbag.py:538} INFO - Filling up the DagBag from /home/airflow/.local/lib/python3.8/site-packages/airflow/example_dags/example_latest_only_with_trigger.py
[2025-09-18T09:58:36.774+0000] {processor.py:840} INFO - DAG(s) 'latest_only_with_trigger' retrieved from /home/airflow/.local/lib/python3.8/site-packages/airflow/example_dags/example_latest_only_with_trigger.py
[2025-09-18T09:58:36.813+0000] {logging_mixin.py:188} INFO - [2025-09-18T09:58:36.812+0000] {dag.py:3036} INFO - Sync 1 DAGs
[2025-09-18T09:58:36.853+0000] {logging_mixin.py:188} INFO - [2025-09-18T09:58:36.853+0000] {dag.py:3823} INFO - Setting next_dagrun for latest_only_with_trigger to 2025-09-18 04:00:00+00:00, run_after=2025-09-18 08:00:00+00:00
[2025-09-18T09:58:36.894+0000] {processor.py:183} INFO - Processing /home/airflow/.local/lib/python3.8/site-packages/airflow/example_dags/example_latest_only_with_trigger.py took 0.140 seconds
[2025-09-18T09:59:07.144+0000] {processor.py:161} INFO - Started process (PID=616) to work on /home/airflow/.local/lib/python3.8/site-packages/airflow/example_dags/example_latest_only_with_trigger.py
[2025-09-18T09:59:07.146+0000] {processor.py:830} INFO - Processing file /home/airflow/.local/lib/python3.8/site-packages/airflow/example_dags/example_latest_only_with_trigger.py for tasks to queue
[2025-09-18T09:59:07.150+0000] {logging_mixin.py:188} INFO - [2025-09-18T09:59:07.149+0000] {dagbag.py:538} INFO - Filling up the DagBag from /home/airflow/.local/lib/python3.8/site-packages/airflow/example_dags/example_latest_only_with_trigger.py
[2025-09-18T09:59:07.159+0000] {processor.py:840} INFO - DAG(s) 'latest_only_with_trigger' retrieved from /home/airflow/.local/lib/python3.8/site-packages/airflow/example_dags/example_latest_only_with_trigger.py
[2025-09-18T09:59:07.199+0000] {logging_mixin.py:188} INFO - [2025-09-18T09:59:07.198+0000] {dag.py:3036} INFO - Sync 1 DAGs
[2025-09-18T09:59:07.267+0000] {logging_mixin.py:188} INFO - [2025-09-18T09:59:07.266+0000] {dag.py:3823} INFO - Setting next_dagrun for latest_only_with_trigger to 2025-09-18 04:00:00+00:00, run_after=2025-09-18 08:00:00+00:00
[2025-09-18T09:59:07.305+0000] {processor.py:183} INFO - Processing /home/airflow/.local/lib/python3.8/site-packages/airflow/example_dags/example_latest_only_with_trigger.py took 0.167 seconds
[2025-09-18T09:59:38.139+0000] {processor.py:161} INFO - Started process (PID=677) to work on /home/airflow/.local/lib/python3.8/site-packages/airflow/example_dags/example_latest_only_with_trigger.py
[2025-09-18T09:59:38.141+0000] {processor.py:830} INFO - Processing file /home/airflow/.local/lib/python3.8/site-packages/airflow/example_dags/example_latest_only_with_trigger.py for tasks to queue
[2025-09-18T09:59:38.146+0000] {logging_mixin.py:188} INFO - [2025-09-18T09:59:38.145+0000] {dagbag.py:538} INFO - Filling up the DagBag from /home/airflow/.local/lib/python3.8/site-packages/airflow/example_dags/example_latest_only_with_trigger.py
[2025-09-18T09:59:38.158+0000] {processor.py:840} INFO - DAG(s) 'latest_only_with_trigger' retrieved from /home/airflow/.local/lib/python3.8/site-packages/airflow/example_dags/example_latest_only_with_trigger.py
[2025-09-18T09:59:38.198+0000] {logging_mixin.py:188} INFO - [2025-09-18T09:59:38.198+0000] {dag.py:3036} INFO - Sync 1 DAGs
[2025-09-18T09:59:38.244+0000] {logging_mixin.py:188} INFO - [2025-09-18T09:59:38.243+0000] {dag.py:3823} INFO - Setting next_dagrun for latest_only_with_trigger to 2025-09-18 04:00:00+00:00, run_after=2025-09-18 08:00:00+00:00
[2025-09-18T09:59:38.287+0000] {processor.py:183} INFO - Processing /home/airflow/.local/lib/python3.8/site-packages/airflow/example_dags/example_latest_only_with_trigger.py took 0.154 seconds
[2025-09-18T10:00:09.047+0000] {processor.py:161} INFO - Started process (PID=732) to work on /home/airflow/.local/lib/python3.8/site-packages/airflow/example_dags/example_latest_only_with_trigger.py
[2025-09-18T10:00:09.049+0000] {processor.py:830} INFO - Processing file /home/airflow/.local/lib/python3.8/site-packages/airflow/example_dags/example_latest_only_with_trigger.py for tasks to queue
[2025-09-18T10:00:09.052+0000] {logging_mixin.py:188} INFO - [2025-09-18T10:00:09.051+0000] {dagbag.py:538} INFO - Filling up the DagBag from /home/airflow/.local/lib/python3.8/site-packages/airflow/example_dags/example_latest_only_with_trigger.py
[2025-09-18T10:00:09.062+0000] {processor.py:840} INFO - DAG(s) 'latest_only_with_trigger' retrieved from /home/airflow/.local/lib/python3.8/site-packages/airflow/example_dags/example_latest_only_with_trigger.py
[2025-09-18T10:00:09.104+0000] {logging_mixin.py:188} INFO - [2025-09-18T10:00:09.103+0000] {dag.py:3036} INFO - Sync 1 DAGs
[2025-09-18T10:00:09.146+0000] {logging_mixin.py:188} INFO - [2025-09-18T10:00:09.146+0000] {dag.py:3823} INFO - Setting next_dagrun for latest_only_with_trigger to 2025-09-18 04:00:00+00:00, run_after=2025-09-18 08:00:00+00:00
[2025-09-18T10:00:09.190+0000] {processor.py:183} INFO - Processing /home/airflow/.local/lib/python3.8/site-packages/airflow/example_dags/example_latest_only_with_trigger.py took 0.149 seconds
[2025-09-18T10:00:39.647+0000] {processor.py:161} INFO - Started process (PID=787) to work on /home/airflow/.local/lib/python3.8/site-packages/airflow/example_dags/example_latest_only_with_trigger.py
[2025-09-18T10:00:39.649+0000] {processor.py:830} INFO - Processing file /home/airflow/.local/lib/python3.8/site-packages/airflow/example_dags/example_latest_only_with_trigger.py for tasks to queue
[2025-09-18T10:00:39.653+0000] {logging_mixin.py:188} INFO - [2025-09-18T10:00:39.652+0000] {dagbag.py:538} INFO - Filling up the DagBag from /home/airflow/.local/lib/python3.8/site-packages/airflow/example_dags/example_latest_only_with_trigger.py
[2025-09-18T10:00:39.663+0000] {processor.py:840} INFO - DAG(s) 'latest_only_with_trigger' retrieved from /home/airflow/.local/lib/python3.8/site-packages/airflow/example_dags/example_latest_only_with_trigger.py
[2025-09-18T10:00:39.701+0000] {logging_mixin.py:188} INFO - [2025-09-18T10:00:39.700+0000] {dag.py:3036} INFO - Sync 1 DAGs
[2025-09-18T10:00:39.740+0000] {logging_mixin.py:188} INFO - [2025-09-18T10:00:39.740+0000] {dag.py:3823} INFO - Setting next_dagrun for latest_only_with_trigger to 2025-09-18 04:00:00+00:00, run_after=2025-09-18 08:00:00+00:00
[2025-09-18T10:00:39.778+0000] {processor.py:183} INFO - Processing /home/airflow/.local/lib/python3.8/site-packages/airflow/example_dags/example_latest_only_with_trigger.py took 0.137 seconds
[2025-09-18T10:01:10.475+0000] {processor.py:161} INFO - Started process (PID=842) to work on /home/airflow/.local/lib/python3.8/site-packages/airflow/example_dags/example_latest_only_with_trigger.py
[2025-09-18T10:01:10.478+0000] {processor.py:830} INFO - Processing file /home/airflow/.local/lib/python3.8/site-packages/airflow/example_dags/example_latest_only_with_trigger.py for tasks to queue
[2025-09-18T10:01:10.481+0000] {logging_mixin.py:188} INFO - [2025-09-18T10:01:10.481+0000] {dagbag.py:538} INFO - Filling up the DagBag from /home/airflow/.local/lib/python3.8/site-packages/airflow/example_dags/example_latest_only_with_trigger.py
[2025-09-18T10:01:10.491+0000] {processor.py:840} INFO - DAG(s) 'latest_only_with_trigger' retrieved from /home/airflow/.local/lib/python3.8/site-packages/airflow/example_dags/example_latest_only_with_trigger.py
[2025-09-18T10:01:10.532+0000] {logging_mixin.py:188} INFO - [2025-09-18T10:01:10.532+0000] {dag.py:3036} INFO - Sync 1 DAGs
[2025-09-18T10:01:10.579+0000] {logging_mixin.py:188} INFO - [2025-09-18T10:01:10.578+0000] {dag.py:3823} INFO - Setting next_dagrun for latest_only_with_trigger to 2025-09-18 04:00:00+00:00, run_after=2025-09-18 08:00:00+00:00
[2025-09-18T10:01:10.619+0000] {processor.py:183} INFO - Processing /home/airflow/.local/lib/python3.8/site-packages/airflow/example_dags/example_latest_only_with_trigger.py took 0.149 seconds
[2025-09-18T10:01:40.884+0000] {processor.py:161} INFO - Started process (PID=897) to work on /home/airflow/.local/lib/python3.8/site-packages/airflow/example_dags/example_latest_only_with_trigger.py
[2025-09-18T10:01:40.886+0000] {processor.py:830} INFO - Processing file /home/airflow/.local/lib/python3.8/site-packages/airflow/example_dags/example_latest_only_with_trigger.py for tasks to queue
[2025-09-18T10:01:40.890+0000] {logging_mixin.py:188} INFO - [2025-09-18T10:01:40.890+0000] {dagbag.py:538} INFO - Filling up the DagBag from /home/airflow/.local/lib/python3.8/site-packages/airflow/example_dags/example_latest_only_with_trigger.py
[2025-09-18T10:01:40.902+0000] {processor.py:840} INFO - DAG(s) 'latest_only_with_trigger' retrieved from /home/airflow/.local/lib/python3.8/site-packages/airflow/example_dags/example_latest_only_with_trigger.py
[2025-09-18T10:01:40.942+0000] {logging_mixin.py:188} INFO - [2025-09-18T10:01:40.942+0000] {dag.py:3036} INFO - Sync 1 DAGs
[2025-09-18T10:01:40.982+0000] {logging_mixin.py:188} INFO - [2025-09-18T10:01:40.982+0000] {dag.py:3823} INFO - Setting next_dagrun for latest_only_with_trigger to 2025-09-18 04:00:00+00:00, run_after=2025-09-18 08:00:00+00:00
[2025-09-18T10:01:41.020+0000] {processor.py:183} INFO - Processing /home/airflow/.local/lib/python3.8/site-packages/airflow/example_dags/example_latest_only_with_trigger.py took 0.142 seconds
[2025-09-18T10:02:11.649+0000] {processor.py:161} INFO - Started process (PID=952) to work on /home/airflow/.local/lib/python3.8/site-packages/airflow/example_dags/example_latest_only_with_trigger.py
[2025-09-18T10:02:11.652+0000] {processor.py:830} INFO - Processing file /home/airflow/.local/lib/python3.8/site-packages/airflow/example_dags/example_latest_only_with_trigger.py for tasks to queue
[2025-09-18T10:02:11.656+0000] {logging_mixin.py:188} INFO - [2025-09-18T10:02:11.655+0000] {dagbag.py:538} INFO - Filling up the DagBag from /home/airflow/.local/lib/python3.8/site-packages/airflow/example_dags/example_latest_only_with_trigger.py
[2025-09-18T10:02:11.665+0000] {processor.py:840} INFO - DAG(s) 'latest_only_with_trigger' retrieved from /home/airflow/.local/lib/python3.8/site-packages/airflow/example_dags/example_latest_only_with_trigger.py
[2025-09-18T10:02:11.707+0000] {logging_mixin.py:188} INFO - [2025-09-18T10:02:11.707+0000] {dag.py:3036} INFO - Sync 1 DAGs
[2025-09-18T10:02:11.752+0000] {logging_mixin.py:188} INFO - [2025-09-18T10:02:11.751+0000] {dag.py:3823} INFO - Setting next_dagrun for latest_only_with_trigger to 2025-09-18 04:00:00+00:00, run_after=2025-09-18 08:00:00+00:00
[2025-09-18T10:02:11.789+0000] {processor.py:183} INFO - Processing /home/airflow/.local/lib/python3.8/site-packages/airflow/example_dags/example_latest_only_with_trigger.py took 0.146 seconds
[2025-09-18T10:02:42.349+0000] {processor.py:161} INFO - Started process (PID=1007) to work on /home/airflow/.local/lib/python3.8/site-packages/airflow/example_dags/example_latest_only_with_trigger.py
[2025-09-18T10:02:42.351+0000] {processor.py:830} INFO - Processing file /home/airflow/.local/lib/python3.8/site-packages/airflow/example_dags/example_latest_only_with_trigger.py for tasks to queue
[2025-09-18T10:02:42.355+0000] {logging_mixin.py:188} INFO - [2025-09-18T10:02:42.354+0000] {dagbag.py:538} INFO - Filling up the DagBag from /home/airflow/.local/lib/python3.8/site-packages/airflow/example_dags/example_latest_only_with_trigger.py
[2025-09-18T10:02:42.368+0000] {processor.py:840} INFO - DAG(s) 'latest_only_with_trigger' retrieved from /home/airflow/.local/lib/python3.8/site-packages/airflow/example_dags/example_latest_only_with_trigger.py
[2025-09-18T10:02:42.412+0000] {logging_mixin.py:188} INFO - [2025-09-18T10:02:42.412+0000] {dag.py:3036} INFO - Sync 1 DAGs
[2025-09-18T10:02:42.458+0000] {logging_mixin.py:188} INFO - [2025-09-18T10:02:42.457+0000] {dag.py:3823} INFO - Setting next_dagrun for latest_only_with_trigger to 2025-09-18 04:00:00+00:00, run_after=2025-09-18 08:00:00+00:00
[2025-09-18T10:02:42.504+0000] {processor.py:183} INFO - Processing /home/airflow/.local/lib/python3.8/site-packages/airflow/example_dags/example_latest_only_with_trigger.py took 0.161 seconds
[2025-09-18T10:03:13.296+0000] {processor.py:161} INFO - Started process (PID=1062) to work on /home/airflow/.local/lib/python3.8/site-packages/airflow/example_dags/example_latest_only_with_trigger.py
[2025-09-18T10:03:13.298+0000] {processor.py:830} INFO - Processing file /home/airflow/.local/lib/python3.8/site-packages/airflow/example_dags/example_latest_only_with_trigger.py for tasks to queue
[2025-09-18T10:03:13.301+0000] {logging_mixin.py:188} INFO - [2025-09-18T10:03:13.301+0000] {dagbag.py:538} INFO - Filling up the DagBag from /home/airflow/.local/lib/python3.8/site-packages/airflow/example_dags/example_latest_only_with_trigger.py
[2025-09-18T10:03:13.311+0000] {processor.py:840} INFO - DAG(s) 'latest_only_with_trigger' retrieved from /home/airflow/.local/lib/python3.8/site-packages/airflow/example_dags/example_latest_only_with_trigger.py
[2025-09-18T10:03:13.349+0000] {logging_mixin.py:188} INFO - [2025-09-18T10:03:13.348+0000] {dag.py:3036} INFO - Sync 1 DAGs
[2025-09-18T10:03:13.389+0000] {logging_mixin.py:188} INFO - [2025-09-18T10:03:13.389+0000] {dag.py:3823} INFO - Setting next_dagrun for latest_only_with_trigger to 2025-09-18 04:00:00+00:00, run_after=2025-09-18 08:00:00+00:00
[2025-09-18T10:03:13.424+0000] {processor.py:183} INFO - Processing /home/airflow/.local/lib/python3.8/site-packages/airflow/example_dags/example_latest_only_with_trigger.py took 0.133 seconds
[2025-09-18T10:03:43.811+0000] {processor.py:161} INFO - Started process (PID=1117) to work on /home/airflow/.local/lib/python3.8/site-packages/airflow/example_dags/example_latest_only_with_trigger.py
[2025-09-18T10:03:43.813+0000] {processor.py:830} INFO - Processing file /home/airflow/.local/lib/python3.8/site-packages/airflow/example_dags/example_latest_only_with_trigger.py for tasks to queue
[2025-09-18T10:03:43.816+0000] {logging_mixin.py:188} INFO - [2025-09-18T10:03:43.816+0000] {dagbag.py:538} INFO - Filling up the DagBag from /home/airflow/.local/lib/python3.8/site-packages/airflow/example_dags/example_latest_only_with_trigger.py
[2025-09-18T10:03:43.826+0000] {processor.py:840} INFO - DAG(s) 'latest_only_with_trigger' retrieved from /home/airflow/.local/lib/python3.8/site-packages/airflow/example_dags/example_latest_only_with_trigger.py
[2025-09-18T10:03:43.869+0000] {logging_mixin.py:188} INFO - [2025-09-18T10:03:43.869+0000] {dag.py:3036} INFO - Sync 1 DAGs
[2025-09-18T10:03:43.910+0000] {logging_mixin.py:188} INFO - [2025-09-18T10:03:43.909+0000] {dag.py:3823} INFO - Setting next_dagrun for latest_only_with_trigger to 2025-09-18 04:00:00+00:00, run_after=2025-09-18 08:00:00+00:00
[2025-09-18T10:03:43.949+0000] {processor.py:183} INFO - Processing /home/airflow/.local/lib/python3.8/site-packages/airflow/example_dags/example_latest_only_with_trigger.py took 0.144 seconds
[2025-09-18T10:04:14.148+0000] {processor.py:161} INFO - Started process (PID=1172) to work on /home/airflow/.local/lib/python3.8/site-packages/airflow/example_dags/example_latest_only_with_trigger.py
[2025-09-18T10:04:14.150+0000] {processor.py:830} INFO - Processing file /home/airflow/.local/lib/python3.8/site-packages/airflow/example_dags/example_latest_only_with_trigger.py for tasks to queue
[2025-09-18T10:04:14.155+0000] {logging_mixin.py:188} INFO - [2025-09-18T10:04:14.154+0000] {dagbag.py:538} INFO - Filling up the DagBag from /home/airflow/.local/lib/python3.8/site-packages/airflow/example_dags/example_latest_only_with_trigger.py
[2025-09-18T10:04:14.168+0000] {processor.py:840} INFO - DAG(s) 'latest_only_with_trigger' retrieved from /home/airflow/.local/lib/python3.8/site-packages/airflow/example_dags/example_latest_only_with_trigger.py
[2025-09-18T10:04:14.209+0000] {logging_mixin.py:188} INFO - [2025-09-18T10:04:14.208+0000] {dag.py:3036} INFO - Sync 1 DAGs
[2025-09-18T10:04:14.256+0000] {logging_mixin.py:188} INFO - [2025-09-18T10:04:14.255+0000] {dag.py:3823} INFO - Setting next_dagrun for latest_only_with_trigger to 2025-09-18 04:00:00+00:00, run_after=2025-09-18 08:00:00+00:00
[2025-09-18T10:04:14.310+0000] {processor.py:183} INFO - Processing /home/airflow/.local/lib/python3.8/site-packages/airflow/example_dags/example_latest_only_with_trigger.py took 0.168 seconds
[2025-09-18T10:04:44.372+0000] {processor.py:161} INFO - Started process (PID=1226) to work on /home/airflow/.local/lib/python3.8/site-packages/airflow/example_dags/example_latest_only_with_trigger.py
[2025-09-18T10:04:44.374+0000] {processor.py:830} INFO - Processing file /home/airflow/.local/lib/python3.8/site-packages/airflow/example_dags/example_latest_only_with_trigger.py for tasks to queue
[2025-09-18T10:04:44.379+0000] {logging_mixin.py:188} INFO - [2025-09-18T10:04:44.378+0000] {dagbag.py:538} INFO - Filling up the DagBag from /home/airflow/.local/lib/python3.8/site-packages/airflow/example_dags/example_latest_only_with_trigger.py
[2025-09-18T10:04:44.389+0000] {processor.py:840} INFO - DAG(s) 'latest_only_with_trigger' retrieved from /home/airflow/.local/lib/python3.8/site-packages/airflow/example_dags/example_latest_only_with_trigger.py
[2025-09-18T10:04:44.429+0000] {logging_mixin.py:188} INFO - [2025-09-18T10:04:44.429+0000] {dag.py:3036} INFO - Sync 1 DAGs
[2025-09-18T10:04:44.473+0000] {logging_mixin.py:188} INFO - [2025-09-18T10:04:44.472+0000] {dag.py:3823} INFO - Setting next_dagrun for latest_only_with_trigger to 2025-09-18 04:00:00+00:00, run_after=2025-09-18 08:00:00+00:00
[2025-09-18T10:04:44.515+0000] {processor.py:183} INFO - Processing /home/airflow/.local/lib/python3.8/site-packages/airflow/example_dags/example_latest_only_with_trigger.py took 0.149 seconds
[2025-09-18T10:05:14.652+0000] {processor.py:161} INFO - Started process (PID=1280) to work on /home/airflow/.local/lib/python3.8/site-packages/airflow/example_dags/example_latest_only_with_trigger.py
[2025-09-18T10:05:14.654+0000] {processor.py:830} INFO - Processing file /home/airflow/.local/lib/python3.8/site-packages/airflow/example_dags/example_latest_only_with_trigger.py for tasks to queue
[2025-09-18T10:05:14.657+0000] {logging_mixin.py:188} INFO - [2025-09-18T10:05:14.657+0000] {dagbag.py:538} INFO - Filling up the DagBag from /home/airflow/.local/lib/python3.8/site-packages/airflow/example_dags/example_latest_only_with_trigger.py
[2025-09-18T10:05:14.667+0000] {processor.py:840} INFO - DAG(s) 'latest_only_with_trigger' retrieved from /home/airflow/.local/lib/python3.8/site-packages/airflow/example_dags/example_latest_only_with_trigger.py
[2025-09-18T10:05:14.703+0000] {logging_mixin.py:188} INFO - [2025-09-18T10:05:14.703+0000] {dag.py:3036} INFO - Sync 1 DAGs
[2025-09-18T10:05:14.743+0000] {logging_mixin.py:188} INFO - [2025-09-18T10:05:14.743+0000] {dag.py:3823} INFO - Setting next_dagrun for latest_only_with_trigger to 2025-09-18 04:00:00+00:00, run_after=2025-09-18 08:00:00+00:00
[2025-09-18T10:05:14.775+0000] {processor.py:183} INFO - Processing /home/airflow/.local/lib/python3.8/site-packages/airflow/example_dags/example_latest_only_with_trigger.py took 0.129 seconds
