[2025-09-18T07:36:28.656+0000] {processor.py:161} INFO - Started process (PID=80) to work on /home/airflow/.local/lib/python3.8/site-packages/airflow/example_dags/example_trigger_controller_dag.py
[2025-09-18T07:36:28.659+0000] {processor.py:830} INFO - Processing file /home/airflow/.local/lib/python3.8/site-packages/airflow/example_dags/example_trigger_controller_dag.py for tasks to queue
[2025-09-18T07:36:28.663+0000] {logging_mixin.py:188} INFO - [2025-09-18T07:36:28.663+0000] {dagbag.py:538} INFO - Filling up the DagBag from /home/airflow/.local/lib/python3.8/site-packages/airflow/example_dags/example_trigger_controller_dag.py
[2025-09-18T07:36:28.676+0000] {processor.py:840} INFO - DAG(s) 'example_trigger_controller_dag' retrieved from /home/airflow/.local/lib/python3.8/site-packages/airflow/example_dags/example_trigger_controller_dag.py
[2025-09-18T07:36:28.866+0000] {logging_mixin.py:188} INFO - [2025-09-18T07:36:28.865+0000] {override.py:1769} INFO - Created Permission View: can read on DAG:example_trigger_controller_dag
[2025-09-18T07:36:28.886+0000] {logging_mixin.py:188} INFO - [2025-09-18T07:36:28.886+0000] {override.py:1769} INFO - Created Permission View: can delete on DAG:example_trigger_controller_dag
[2025-09-18T07:36:28.900+0000] {logging_mixin.py:188} INFO - [2025-09-18T07:36:28.899+0000] {override.py:1769} INFO - Created Permission View: can edit on DAG:example_trigger_controller_dag
[2025-09-18T07:36:28.901+0000] {logging_mixin.py:188} INFO - [2025-09-18T07:36:28.901+0000] {dag.py:3036} INFO - Sync 1 DAGs
[2025-09-18T07:36:28.926+0000] {logging_mixin.py:188} INFO - [2025-09-18T07:36:28.925+0000] {dag.py:3058} INFO - Creating ORM DAG for example_trigger_controller_dag
[2025-09-18T07:36:28.948+0000] {logging_mixin.py:188} INFO - [2025-09-18T07:36:28.947+0000] {dag.py:3823} INFO - Setting next_dagrun for example_trigger_controller_dag to 2021-01-01 00:00:00+00:00, run_after=2021-01-01 00:00:00+00:00
[2025-09-18T07:36:29.003+0000] {processor.py:183} INFO - Processing /home/airflow/.local/lib/python3.8/site-packages/airflow/example_dags/example_trigger_controller_dag.py took 0.353 seconds
[2025-09-18T07:36:59.562+0000] {processor.py:161} INFO - Started process (PID=135) to work on /home/airflow/.local/lib/python3.8/site-packages/airflow/example_dags/example_trigger_controller_dag.py
[2025-09-18T07:36:59.564+0000] {processor.py:830} INFO - Processing file /home/airflow/.local/lib/python3.8/site-packages/airflow/example_dags/example_trigger_controller_dag.py for tasks to queue
[2025-09-18T07:36:59.569+0000] {logging_mixin.py:188} INFO - [2025-09-18T07:36:59.568+0000] {dagbag.py:538} INFO - Filling up the DagBag from /home/airflow/.local/lib/python3.8/site-packages/airflow/example_dags/example_trigger_controller_dag.py
[2025-09-18T07:36:59.581+0000] {processor.py:840} INFO - DAG(s) 'example_trigger_controller_dag' retrieved from /home/airflow/.local/lib/python3.8/site-packages/airflow/example_dags/example_trigger_controller_dag.py
[2025-09-18T07:36:59.623+0000] {logging_mixin.py:188} INFO - [2025-09-18T07:36:59.623+0000] {dag.py:3036} INFO - Sync 1 DAGs
[2025-09-18T07:36:59.667+0000] {logging_mixin.py:188} INFO - [2025-09-18T07:36:59.666+0000] {dag.py:3823} INFO - Setting next_dagrun for example_trigger_controller_dag to 2021-01-01 00:00:00+00:00, run_after=2021-01-01 00:00:00+00:00
[2025-09-18T07:36:59.713+0000] {processor.py:183} INFO - Processing /home/airflow/.local/lib/python3.8/site-packages/airflow/example_dags/example_trigger_controller_dag.py took 0.159 seconds
[2025-09-18T07:37:30.430+0000] {processor.py:161} INFO - Started process (PID=190) to work on /home/airflow/.local/lib/python3.8/site-packages/airflow/example_dags/example_trigger_controller_dag.py
[2025-09-18T07:37:30.433+0000] {processor.py:830} INFO - Processing file /home/airflow/.local/lib/python3.8/site-packages/airflow/example_dags/example_trigger_controller_dag.py for tasks to queue
[2025-09-18T07:37:30.438+0000] {logging_mixin.py:188} INFO - [2025-09-18T07:37:30.437+0000] {dagbag.py:538} INFO - Filling up the DagBag from /home/airflow/.local/lib/python3.8/site-packages/airflow/example_dags/example_trigger_controller_dag.py
[2025-09-18T07:37:30.451+0000] {processor.py:840} INFO - DAG(s) 'example_trigger_controller_dag' retrieved from /home/airflow/.local/lib/python3.8/site-packages/airflow/example_dags/example_trigger_controller_dag.py
[2025-09-18T07:37:30.496+0000] {logging_mixin.py:188} INFO - [2025-09-18T07:37:30.496+0000] {dag.py:3036} INFO - Sync 1 DAGs
[2025-09-18T07:37:30.555+0000] {logging_mixin.py:188} INFO - [2025-09-18T07:37:30.554+0000] {dag.py:3823} INFO - Setting next_dagrun for example_trigger_controller_dag to 2021-01-01 00:00:00+00:00, run_after=2021-01-01 00:00:00+00:00
[2025-09-18T07:37:30.604+0000] {processor.py:183} INFO - Processing /home/airflow/.local/lib/python3.8/site-packages/airflow/example_dags/example_trigger_controller_dag.py took 0.181 seconds
[2025-09-18T07:38:01.253+0000] {processor.py:161} INFO - Started process (PID=245) to work on /home/airflow/.local/lib/python3.8/site-packages/airflow/example_dags/example_trigger_controller_dag.py
[2025-09-18T07:38:01.255+0000] {processor.py:830} INFO - Processing file /home/airflow/.local/lib/python3.8/site-packages/airflow/example_dags/example_trigger_controller_dag.py for tasks to queue
[2025-09-18T07:38:01.260+0000] {logging_mixin.py:188} INFO - [2025-09-18T07:38:01.260+0000] {dagbag.py:538} INFO - Filling up the DagBag from /home/airflow/.local/lib/python3.8/site-packages/airflow/example_dags/example_trigger_controller_dag.py
[2025-09-18T07:38:01.270+0000] {processor.py:840} INFO - DAG(s) 'example_trigger_controller_dag' retrieved from /home/airflow/.local/lib/python3.8/site-packages/airflow/example_dags/example_trigger_controller_dag.py
[2025-09-18T07:38:01.310+0000] {logging_mixin.py:188} INFO - [2025-09-18T07:38:01.310+0000] {dag.py:3036} INFO - Sync 1 DAGs
[2025-09-18T07:38:01.360+0000] {logging_mixin.py:188} INFO - [2025-09-18T07:38:01.360+0000] {dag.py:3823} INFO - Setting next_dagrun for example_trigger_controller_dag to 2021-01-01 00:00:00+00:00, run_after=2021-01-01 00:00:00+00:00
[2025-09-18T07:38:01.404+0000] {processor.py:183} INFO - Processing /home/airflow/.local/lib/python3.8/site-packages/airflow/example_dags/example_trigger_controller_dag.py took 0.159 seconds
[2025-09-18T07:38:33.728+0000] {processor.py:161} INFO - Started process (PID=300) to work on /home/airflow/.local/lib/python3.8/site-packages/airflow/example_dags/example_trigger_controller_dag.py
[2025-09-18T07:38:33.731+0000] {processor.py:830} INFO - Processing file /home/airflow/.local/lib/python3.8/site-packages/airflow/example_dags/example_trigger_controller_dag.py for tasks to queue
[2025-09-18T07:38:33.738+0000] {logging_mixin.py:188} INFO - [2025-09-18T07:38:33.736+0000] {dagbag.py:538} INFO - Filling up the DagBag from /home/airflow/.local/lib/python3.8/site-packages/airflow/example_dags/example_trigger_controller_dag.py
[2025-09-18T07:38:33.759+0000] {processor.py:840} INFO - DAG(s) 'example_trigger_controller_dag' retrieved from /home/airflow/.local/lib/python3.8/site-packages/airflow/example_dags/example_trigger_controller_dag.py
[2025-09-18T07:38:33.851+0000] {logging_mixin.py:188} INFO - [2025-09-18T07:38:33.850+0000] {dag.py:3036} INFO - Sync 1 DAGs
[2025-09-18T07:38:34.006+0000] {logging_mixin.py:188} INFO - [2025-09-18T07:38:34.005+0000] {dag.py:3823} INFO - Setting next_dagrun for example_trigger_controller_dag to 2021-01-01 00:00:00+00:00, run_after=2021-01-01 00:00:00+00:00
[2025-09-18T07:38:34.121+0000] {processor.py:183} INFO - Processing /home/airflow/.local/lib/python3.8/site-packages/airflow/example_dags/example_trigger_controller_dag.py took 0.403 seconds
[2025-09-18T07:39:04.381+0000] {processor.py:161} INFO - Started process (PID=354) to work on /home/airflow/.local/lib/python3.8/site-packages/airflow/example_dags/example_trigger_controller_dag.py
[2025-09-18T07:39:04.384+0000] {processor.py:830} INFO - Processing file /home/airflow/.local/lib/python3.8/site-packages/airflow/example_dags/example_trigger_controller_dag.py for tasks to queue
[2025-09-18T07:39:04.387+0000] {logging_mixin.py:188} INFO - [2025-09-18T07:39:04.387+0000] {dagbag.py:538} INFO - Filling up the DagBag from /home/airflow/.local/lib/python3.8/site-packages/airflow/example_dags/example_trigger_controller_dag.py
[2025-09-18T07:39:04.395+0000] {processor.py:840} INFO - DAG(s) 'example_trigger_controller_dag' retrieved from /home/airflow/.local/lib/python3.8/site-packages/airflow/example_dags/example_trigger_controller_dag.py
[2025-09-18T07:39:04.430+0000] {logging_mixin.py:188} INFO - [2025-09-18T07:39:04.430+0000] {dag.py:3036} INFO - Sync 1 DAGs
[2025-09-18T07:39:04.471+0000] {logging_mixin.py:188} INFO - [2025-09-18T07:39:04.471+0000] {dag.py:3823} INFO - Setting next_dagrun for example_trigger_controller_dag to 2021-01-01 00:00:00+00:00, run_after=2021-01-01 00:00:00+00:00
[2025-09-18T07:39:04.511+0000] {processor.py:183} INFO - Processing /home/airflow/.local/lib/python3.8/site-packages/airflow/example_dags/example_trigger_controller_dag.py took 0.135 seconds
[2025-09-18T07:39:34.699+0000] {processor.py:161} INFO - Started process (PID=409) to work on /home/airflow/.local/lib/python3.8/site-packages/airflow/example_dags/example_trigger_controller_dag.py
[2025-09-18T07:39:34.701+0000] {processor.py:830} INFO - Processing file /home/airflow/.local/lib/python3.8/site-packages/airflow/example_dags/example_trigger_controller_dag.py for tasks to queue
[2025-09-18T07:39:34.705+0000] {logging_mixin.py:188} INFO - [2025-09-18T07:39:34.704+0000] {dagbag.py:538} INFO - Filling up the DagBag from /home/airflow/.local/lib/python3.8/site-packages/airflow/example_dags/example_trigger_controller_dag.py
[2025-09-18T07:39:34.716+0000] {processor.py:840} INFO - DAG(s) 'example_trigger_controller_dag' retrieved from /home/airflow/.local/lib/python3.8/site-packages/airflow/example_dags/example_trigger_controller_dag.py
[2025-09-18T07:39:34.752+0000] {logging_mixin.py:188} INFO - [2025-09-18T07:39:34.752+0000] {dag.py:3036} INFO - Sync 1 DAGs
[2025-09-18T07:39:34.798+0000] {logging_mixin.py:188} INFO - [2025-09-18T07:39:34.797+0000] {dag.py:3823} INFO - Setting next_dagrun for example_trigger_controller_dag to 2021-01-01 00:00:00+00:00, run_after=2021-01-01 00:00:00+00:00
[2025-09-18T07:39:34.840+0000] {processor.py:183} INFO - Processing /home/airflow/.local/lib/python3.8/site-packages/airflow/example_dags/example_trigger_controller_dag.py took 0.149 seconds
[2025-09-18T07:40:05.121+0000] {processor.py:161} INFO - Started process (PID=464) to work on /home/airflow/.local/lib/python3.8/site-packages/airflow/example_dags/example_trigger_controller_dag.py
[2025-09-18T07:40:05.123+0000] {processor.py:830} INFO - Processing file /home/airflow/.local/lib/python3.8/site-packages/airflow/example_dags/example_trigger_controller_dag.py for tasks to queue
[2025-09-18T07:40:05.128+0000] {logging_mixin.py:188} INFO - [2025-09-18T07:40:05.127+0000] {dagbag.py:538} INFO - Filling up the DagBag from /home/airflow/.local/lib/python3.8/site-packages/airflow/example_dags/example_trigger_controller_dag.py
[2025-09-18T07:40:05.137+0000] {processor.py:840} INFO - DAG(s) 'example_trigger_controller_dag' retrieved from /home/airflow/.local/lib/python3.8/site-packages/airflow/example_dags/example_trigger_controller_dag.py
[2025-09-18T07:40:05.179+0000] {logging_mixin.py:188} INFO - [2025-09-18T07:40:05.178+0000] {dag.py:3036} INFO - Sync 1 DAGs
[2025-09-18T07:40:05.231+0000] {logging_mixin.py:188} INFO - [2025-09-18T07:40:05.231+0000] {dag.py:3823} INFO - Setting next_dagrun for example_trigger_controller_dag to 2021-01-01 00:00:00+00:00, run_after=2021-01-01 00:00:00+00:00
[2025-09-18T07:40:05.273+0000] {processor.py:183} INFO - Processing /home/airflow/.local/lib/python3.8/site-packages/airflow/example_dags/example_trigger_controller_dag.py took 0.160 seconds
[2025-09-18T07:40:35.403+0000] {processor.py:161} INFO - Started process (PID=520) to work on /home/airflow/.local/lib/python3.8/site-packages/airflow/example_dags/example_trigger_controller_dag.py
[2025-09-18T07:40:35.405+0000] {processor.py:830} INFO - Processing file /home/airflow/.local/lib/python3.8/site-packages/airflow/example_dags/example_trigger_controller_dag.py for tasks to queue
[2025-09-18T07:40:35.408+0000] {logging_mixin.py:188} INFO - [2025-09-18T07:40:35.408+0000] {dagbag.py:538} INFO - Filling up the DagBag from /home/airflow/.local/lib/python3.8/site-packages/airflow/example_dags/example_trigger_controller_dag.py
[2025-09-18T07:40:35.416+0000] {processor.py:840} INFO - DAG(s) 'example_trigger_controller_dag' retrieved from /home/airflow/.local/lib/python3.8/site-packages/airflow/example_dags/example_trigger_controller_dag.py
[2025-09-18T07:40:35.454+0000] {logging_mixin.py:188} INFO - [2025-09-18T07:40:35.454+0000] {dag.py:3036} INFO - Sync 1 DAGs
[2025-09-18T07:40:35.495+0000] {logging_mixin.py:188} INFO - [2025-09-18T07:40:35.494+0000] {dag.py:3823} INFO - Setting next_dagrun for example_trigger_controller_dag to 2021-01-01 00:00:00+00:00, run_after=2021-01-01 00:00:00+00:00
[2025-09-18T07:40:35.530+0000] {processor.py:183} INFO - Processing /home/airflow/.local/lib/python3.8/site-packages/airflow/example_dags/example_trigger_controller_dag.py took 0.135 seconds
[2025-09-18T07:41:05.927+0000] {processor.py:161} INFO - Started process (PID=575) to work on /home/airflow/.local/lib/python3.8/site-packages/airflow/example_dags/example_trigger_controller_dag.py
[2025-09-18T07:41:05.930+0000] {processor.py:830} INFO - Processing file /home/airflow/.local/lib/python3.8/site-packages/airflow/example_dags/example_trigger_controller_dag.py for tasks to queue
[2025-09-18T07:41:05.934+0000] {logging_mixin.py:188} INFO - [2025-09-18T07:41:05.933+0000] {dagbag.py:538} INFO - Filling up the DagBag from /home/airflow/.local/lib/python3.8/site-packages/airflow/example_dags/example_trigger_controller_dag.py
[2025-09-18T07:41:05.945+0000] {processor.py:840} INFO - DAG(s) 'example_trigger_controller_dag' retrieved from /home/airflow/.local/lib/python3.8/site-packages/airflow/example_dags/example_trigger_controller_dag.py
[2025-09-18T07:41:05.985+0000] {logging_mixin.py:188} INFO - [2025-09-18T07:41:05.984+0000] {dag.py:3036} INFO - Sync 1 DAGs
[2025-09-18T07:41:06.037+0000] {logging_mixin.py:188} INFO - [2025-09-18T07:41:06.036+0000] {dag.py:3823} INFO - Setting next_dagrun for example_trigger_controller_dag to 2021-01-01 00:00:00+00:00, run_after=2021-01-01 00:00:00+00:00
[2025-09-18T07:41:06.089+0000] {processor.py:183} INFO - Processing /home/airflow/.local/lib/python3.8/site-packages/airflow/example_dags/example_trigger_controller_dag.py took 0.170 seconds
[2025-09-18T07:41:36.402+0000] {processor.py:161} INFO - Started process (PID=630) to work on /home/airflow/.local/lib/python3.8/site-packages/airflow/example_dags/example_trigger_controller_dag.py
[2025-09-18T07:41:36.405+0000] {processor.py:830} INFO - Processing file /home/airflow/.local/lib/python3.8/site-packages/airflow/example_dags/example_trigger_controller_dag.py for tasks to queue
[2025-09-18T07:41:36.410+0000] {logging_mixin.py:188} INFO - [2025-09-18T07:41:36.409+0000] {dagbag.py:538} INFO - Filling up the DagBag from /home/airflow/.local/lib/python3.8/site-packages/airflow/example_dags/example_trigger_controller_dag.py
[2025-09-18T07:41:36.434+0000] {processor.py:840} INFO - DAG(s) 'example_trigger_controller_dag' retrieved from /home/airflow/.local/lib/python3.8/site-packages/airflow/example_dags/example_trigger_controller_dag.py
[2025-09-18T07:41:36.516+0000] {logging_mixin.py:188} INFO - [2025-09-18T07:41:36.516+0000] {dag.py:3036} INFO - Sync 1 DAGs
[2025-09-18T07:41:36.640+0000] {logging_mixin.py:188} INFO - [2025-09-18T07:41:36.640+0000] {dag.py:3823} INFO - Setting next_dagrun for example_trigger_controller_dag to 2021-01-01 00:00:00+00:00, run_after=2021-01-01 00:00:00+00:00
[2025-09-18T07:41:36.736+0000] {processor.py:183} INFO - Processing /home/airflow/.local/lib/python3.8/site-packages/airflow/example_dags/example_trigger_controller_dag.py took 0.352 seconds
[2025-09-18T07:42:07.256+0000] {processor.py:161} INFO - Started process (PID=685) to work on /home/airflow/.local/lib/python3.8/site-packages/airflow/example_dags/example_trigger_controller_dag.py
[2025-09-18T07:42:07.259+0000] {processor.py:830} INFO - Processing file /home/airflow/.local/lib/python3.8/site-packages/airflow/example_dags/example_trigger_controller_dag.py for tasks to queue
[2025-09-18T07:42:07.267+0000] {logging_mixin.py:188} INFO - [2025-09-18T07:42:07.267+0000] {dagbag.py:538} INFO - Filling up the DagBag from /home/airflow/.local/lib/python3.8/site-packages/airflow/example_dags/example_trigger_controller_dag.py
[2025-09-18T07:42:07.278+0000] {processor.py:840} INFO - DAG(s) 'example_trigger_controller_dag' retrieved from /home/airflow/.local/lib/python3.8/site-packages/airflow/example_dags/example_trigger_controller_dag.py
[2025-09-18T07:42:07.317+0000] {logging_mixin.py:188} INFO - [2025-09-18T07:42:07.317+0000] {dag.py:3036} INFO - Sync 1 DAGs
[2025-09-18T07:42:07.366+0000] {logging_mixin.py:188} INFO - [2025-09-18T07:42:07.366+0000] {dag.py:3823} INFO - Setting next_dagrun for example_trigger_controller_dag to 2021-01-01 00:00:00+00:00, run_after=2021-01-01 00:00:00+00:00
[2025-09-18T07:42:07.408+0000] {processor.py:183} INFO - Processing /home/airflow/.local/lib/python3.8/site-packages/airflow/example_dags/example_trigger_controller_dag.py took 0.158 seconds
[2025-09-18T07:42:37.931+0000] {processor.py:161} INFO - Started process (PID=740) to work on /home/airflow/.local/lib/python3.8/site-packages/airflow/example_dags/example_trigger_controller_dag.py
[2025-09-18T07:42:37.934+0000] {processor.py:830} INFO - Processing file /home/airflow/.local/lib/python3.8/site-packages/airflow/example_dags/example_trigger_controller_dag.py for tasks to queue
[2025-09-18T07:42:37.939+0000] {logging_mixin.py:188} INFO - [2025-09-18T07:42:37.938+0000] {dagbag.py:538} INFO - Filling up the DagBag from /home/airflow/.local/lib/python3.8/site-packages/airflow/example_dags/example_trigger_controller_dag.py
[2025-09-18T07:42:37.951+0000] {processor.py:840} INFO - DAG(s) 'example_trigger_controller_dag' retrieved from /home/airflow/.local/lib/python3.8/site-packages/airflow/example_dags/example_trigger_controller_dag.py
[2025-09-18T07:42:37.996+0000] {logging_mixin.py:188} INFO - [2025-09-18T07:42:37.996+0000] {dag.py:3036} INFO - Sync 1 DAGs
[2025-09-18T07:42:38.036+0000] {logging_mixin.py:188} INFO - [2025-09-18T07:42:38.035+0000] {dag.py:3823} INFO - Setting next_dagrun for example_trigger_controller_dag to 2021-01-01 00:00:00+00:00, run_after=2021-01-01 00:00:00+00:00
[2025-09-18T07:42:38.069+0000] {processor.py:183} INFO - Processing /home/airflow/.local/lib/python3.8/site-packages/airflow/example_dags/example_trigger_controller_dag.py took 0.146 seconds
[2025-09-18T07:43:08.571+0000] {processor.py:161} INFO - Started process (PID=795) to work on /home/airflow/.local/lib/python3.8/site-packages/airflow/example_dags/example_trigger_controller_dag.py
[2025-09-18T07:43:08.573+0000] {processor.py:830} INFO - Processing file /home/airflow/.local/lib/python3.8/site-packages/airflow/example_dags/example_trigger_controller_dag.py for tasks to queue
[2025-09-18T07:43:08.578+0000] {logging_mixin.py:188} INFO - [2025-09-18T07:43:08.577+0000] {dagbag.py:538} INFO - Filling up the DagBag from /home/airflow/.local/lib/python3.8/site-packages/airflow/example_dags/example_trigger_controller_dag.py
[2025-09-18T07:43:08.587+0000] {processor.py:840} INFO - DAG(s) 'example_trigger_controller_dag' retrieved from /home/airflow/.local/lib/python3.8/site-packages/airflow/example_dags/example_trigger_controller_dag.py
[2025-09-18T07:43:08.624+0000] {logging_mixin.py:188} INFO - [2025-09-18T07:43:08.624+0000] {dag.py:3036} INFO - Sync 1 DAGs
[2025-09-18T07:43:08.669+0000] {logging_mixin.py:188} INFO - [2025-09-18T07:43:08.669+0000] {dag.py:3823} INFO - Setting next_dagrun for example_trigger_controller_dag to 2021-01-01 00:00:00+00:00, run_after=2021-01-01 00:00:00+00:00
[2025-09-18T07:43:08.707+0000] {processor.py:183} INFO - Processing /home/airflow/.local/lib/python3.8/site-packages/airflow/example_dags/example_trigger_controller_dag.py took 0.146 seconds
[2025-09-18T07:43:38.874+0000] {processor.py:161} INFO - Started process (PID=850) to work on /home/airflow/.local/lib/python3.8/site-packages/airflow/example_dags/example_trigger_controller_dag.py
[2025-09-18T07:43:38.876+0000] {processor.py:830} INFO - Processing file /home/airflow/.local/lib/python3.8/site-packages/airflow/example_dags/example_trigger_controller_dag.py for tasks to queue
[2025-09-18T07:43:38.880+0000] {logging_mixin.py:188} INFO - [2025-09-18T07:43:38.879+0000] {dagbag.py:538} INFO - Filling up the DagBag from /home/airflow/.local/lib/python3.8/site-packages/airflow/example_dags/example_trigger_controller_dag.py
[2025-09-18T07:43:38.888+0000] {processor.py:840} INFO - DAG(s) 'example_trigger_controller_dag' retrieved from /home/airflow/.local/lib/python3.8/site-packages/airflow/example_dags/example_trigger_controller_dag.py
[2025-09-18T07:43:38.929+0000] {logging_mixin.py:188} INFO - [2025-09-18T07:43:38.929+0000] {dag.py:3036} INFO - Sync 1 DAGs
[2025-09-18T07:43:38.971+0000] {logging_mixin.py:188} INFO - [2025-09-18T07:43:38.970+0000] {dag.py:3823} INFO - Setting next_dagrun for example_trigger_controller_dag to 2021-01-01 00:00:00+00:00, run_after=2021-01-01 00:00:00+00:00
[2025-09-18T07:43:39.013+0000] {processor.py:183} INFO - Processing /home/airflow/.local/lib/python3.8/site-packages/airflow/example_dags/example_trigger_controller_dag.py took 0.147 seconds
[2025-09-18T07:44:09.123+0000] {processor.py:161} INFO - Started process (PID=904) to work on /home/airflow/.local/lib/python3.8/site-packages/airflow/example_dags/example_trigger_controller_dag.py
[2025-09-18T07:44:09.125+0000] {processor.py:830} INFO - Processing file /home/airflow/.local/lib/python3.8/site-packages/airflow/example_dags/example_trigger_controller_dag.py for tasks to queue
[2025-09-18T07:44:09.131+0000] {logging_mixin.py:188} INFO - [2025-09-18T07:44:09.131+0000] {dagbag.py:538} INFO - Filling up the DagBag from /home/airflow/.local/lib/python3.8/site-packages/airflow/example_dags/example_trigger_controller_dag.py
[2025-09-18T07:44:09.144+0000] {processor.py:840} INFO - DAG(s) 'example_trigger_controller_dag' retrieved from /home/airflow/.local/lib/python3.8/site-packages/airflow/example_dags/example_trigger_controller_dag.py
[2025-09-18T07:44:09.190+0000] {logging_mixin.py:188} INFO - [2025-09-18T07:44:09.189+0000] {dag.py:3036} INFO - Sync 1 DAGs
[2025-09-18T07:44:09.251+0000] {logging_mixin.py:188} INFO - [2025-09-18T07:44:09.250+0000] {dag.py:3823} INFO - Setting next_dagrun for example_trigger_controller_dag to 2021-01-01 00:00:00+00:00, run_after=2021-01-01 00:00:00+00:00
[2025-09-18T07:44:09.296+0000] {processor.py:183} INFO - Processing /home/airflow/.local/lib/python3.8/site-packages/airflow/example_dags/example_trigger_controller_dag.py took 0.183 seconds
[2025-09-18T07:44:39.643+0000] {processor.py:161} INFO - Started process (PID=959) to work on /home/airflow/.local/lib/python3.8/site-packages/airflow/example_dags/example_trigger_controller_dag.py
[2025-09-18T07:44:39.645+0000] {processor.py:830} INFO - Processing file /home/airflow/.local/lib/python3.8/site-packages/airflow/example_dags/example_trigger_controller_dag.py for tasks to queue
[2025-09-18T07:44:39.649+0000] {logging_mixin.py:188} INFO - [2025-09-18T07:44:39.649+0000] {dagbag.py:538} INFO - Filling up the DagBag from /home/airflow/.local/lib/python3.8/site-packages/airflow/example_dags/example_trigger_controller_dag.py
[2025-09-18T07:44:39.657+0000] {processor.py:840} INFO - DAG(s) 'example_trigger_controller_dag' retrieved from /home/airflow/.local/lib/python3.8/site-packages/airflow/example_dags/example_trigger_controller_dag.py
[2025-09-18T07:44:39.704+0000] {logging_mixin.py:188} INFO - [2025-09-18T07:44:39.704+0000] {dag.py:3036} INFO - Sync 1 DAGs
[2025-09-18T07:44:39.751+0000] {logging_mixin.py:188} INFO - [2025-09-18T07:44:39.751+0000] {dag.py:3823} INFO - Setting next_dagrun for example_trigger_controller_dag to 2021-01-01 00:00:00+00:00, run_after=2021-01-01 00:00:00+00:00
[2025-09-18T07:44:39.791+0000] {processor.py:183} INFO - Processing /home/airflow/.local/lib/python3.8/site-packages/airflow/example_dags/example_trigger_controller_dag.py took 0.154 seconds
[2025-09-18T07:45:11.165+0000] {processor.py:161} INFO - Started process (PID=1021) to work on /home/airflow/.local/lib/python3.8/site-packages/airflow/example_dags/example_trigger_controller_dag.py
[2025-09-18T07:45:11.167+0000] {processor.py:830} INFO - Processing file /home/airflow/.local/lib/python3.8/site-packages/airflow/example_dags/example_trigger_controller_dag.py for tasks to queue
[2025-09-18T07:45:11.172+0000] {logging_mixin.py:188} INFO - [2025-09-18T07:45:11.171+0000] {dagbag.py:538} INFO - Filling up the DagBag from /home/airflow/.local/lib/python3.8/site-packages/airflow/example_dags/example_trigger_controller_dag.py
[2025-09-18T07:45:11.185+0000] {processor.py:840} INFO - DAG(s) 'example_trigger_controller_dag' retrieved from /home/airflow/.local/lib/python3.8/site-packages/airflow/example_dags/example_trigger_controller_dag.py
[2025-09-18T07:45:11.243+0000] {logging_mixin.py:188} INFO - [2025-09-18T07:45:11.243+0000] {dag.py:3036} INFO - Sync 1 DAGs
[2025-09-18T07:45:11.304+0000] {logging_mixin.py:188} INFO - [2025-09-18T07:45:11.303+0000] {dag.py:3823} INFO - Setting next_dagrun for example_trigger_controller_dag to 2021-01-01 00:00:00+00:00, run_after=2021-01-01 00:00:00+00:00
[2025-09-18T07:45:11.357+0000] {processor.py:183} INFO - Processing /home/airflow/.local/lib/python3.8/site-packages/airflow/example_dags/example_trigger_controller_dag.py took 0.201 seconds
[2025-09-18T07:45:42.331+0000] {processor.py:161} INFO - Started process (PID=1076) to work on /home/airflow/.local/lib/python3.8/site-packages/airflow/example_dags/example_trigger_controller_dag.py
[2025-09-18T07:45:42.333+0000] {processor.py:830} INFO - Processing file /home/airflow/.local/lib/python3.8/site-packages/airflow/example_dags/example_trigger_controller_dag.py for tasks to queue
[2025-09-18T07:45:42.339+0000] {logging_mixin.py:188} INFO - [2025-09-18T07:45:42.339+0000] {dagbag.py:538} INFO - Filling up the DagBag from /home/airflow/.local/lib/python3.8/site-packages/airflow/example_dags/example_trigger_controller_dag.py
[2025-09-18T07:45:42.350+0000] {processor.py:840} INFO - DAG(s) 'example_trigger_controller_dag' retrieved from /home/airflow/.local/lib/python3.8/site-packages/airflow/example_dags/example_trigger_controller_dag.py
[2025-09-18T07:45:42.392+0000] {logging_mixin.py:188} INFO - [2025-09-18T07:45:42.391+0000] {dag.py:3036} INFO - Sync 1 DAGs
[2025-09-18T07:45:42.439+0000] {logging_mixin.py:188} INFO - [2025-09-18T07:45:42.438+0000] {dag.py:3823} INFO - Setting next_dagrun for example_trigger_controller_dag to 2021-01-01 00:00:00+00:00, run_after=2021-01-01 00:00:00+00:00
[2025-09-18T07:45:42.488+0000] {processor.py:183} INFO - Processing /home/airflow/.local/lib/python3.8/site-packages/airflow/example_dags/example_trigger_controller_dag.py took 0.164 seconds
[2025-09-18T07:46:12.934+0000] {processor.py:161} INFO - Started process (PID=1131) to work on /home/airflow/.local/lib/python3.8/site-packages/airflow/example_dags/example_trigger_controller_dag.py
[2025-09-18T07:46:12.936+0000] {processor.py:830} INFO - Processing file /home/airflow/.local/lib/python3.8/site-packages/airflow/example_dags/example_trigger_controller_dag.py for tasks to queue
[2025-09-18T07:46:12.940+0000] {logging_mixin.py:188} INFO - [2025-09-18T07:46:12.939+0000] {dagbag.py:538} INFO - Filling up the DagBag from /home/airflow/.local/lib/python3.8/site-packages/airflow/example_dags/example_trigger_controller_dag.py
[2025-09-18T07:46:12.948+0000] {processor.py:840} INFO - DAG(s) 'example_trigger_controller_dag' retrieved from /home/airflow/.local/lib/python3.8/site-packages/airflow/example_dags/example_trigger_controller_dag.py
[2025-09-18T07:46:12.982+0000] {logging_mixin.py:188} INFO - [2025-09-18T07:46:12.982+0000] {dag.py:3036} INFO - Sync 1 DAGs
[2025-09-18T07:46:13.021+0000] {logging_mixin.py:188} INFO - [2025-09-18T07:46:13.020+0000] {dag.py:3823} INFO - Setting next_dagrun for example_trigger_controller_dag to 2021-01-01 00:00:00+00:00, run_after=2021-01-01 00:00:00+00:00
[2025-09-18T07:46:13.058+0000] {processor.py:183} INFO - Processing /home/airflow/.local/lib/python3.8/site-packages/airflow/example_dags/example_trigger_controller_dag.py took 0.130 seconds
[2025-09-18T07:46:43.347+0000] {processor.py:161} INFO - Started process (PID=1186) to work on /home/airflow/.local/lib/python3.8/site-packages/airflow/example_dags/example_trigger_controller_dag.py
[2025-09-18T07:46:43.349+0000] {processor.py:830} INFO - Processing file /home/airflow/.local/lib/python3.8/site-packages/airflow/example_dags/example_trigger_controller_dag.py for tasks to queue
[2025-09-18T07:46:43.354+0000] {logging_mixin.py:188} INFO - [2025-09-18T07:46:43.353+0000] {dagbag.py:538} INFO - Filling up the DagBag from /home/airflow/.local/lib/python3.8/site-packages/airflow/example_dags/example_trigger_controller_dag.py
[2025-09-18T07:46:43.366+0000] {processor.py:840} INFO - DAG(s) 'example_trigger_controller_dag' retrieved from /home/airflow/.local/lib/python3.8/site-packages/airflow/example_dags/example_trigger_controller_dag.py
[2025-09-18T07:46:43.413+0000] {logging_mixin.py:188} INFO - [2025-09-18T07:46:43.412+0000] {dag.py:3036} INFO - Sync 1 DAGs
[2025-09-18T07:46:43.464+0000] {logging_mixin.py:188} INFO - [2025-09-18T07:46:43.464+0000] {dag.py:3823} INFO - Setting next_dagrun for example_trigger_controller_dag to 2021-01-01 00:00:00+00:00, run_after=2021-01-01 00:00:00+00:00
[2025-09-18T07:46:43.507+0000] {processor.py:183} INFO - Processing /home/airflow/.local/lib/python3.8/site-packages/airflow/example_dags/example_trigger_controller_dag.py took 0.168 seconds
[2025-09-18T07:47:14.267+0000] {processor.py:161} INFO - Started process (PID=1241) to work on /home/airflow/.local/lib/python3.8/site-packages/airflow/example_dags/example_trigger_controller_dag.py
[2025-09-18T07:47:14.269+0000] {processor.py:830} INFO - Processing file /home/airflow/.local/lib/python3.8/site-packages/airflow/example_dags/example_trigger_controller_dag.py for tasks to queue
[2025-09-18T07:47:14.272+0000] {logging_mixin.py:188} INFO - [2025-09-18T07:47:14.272+0000] {dagbag.py:538} INFO - Filling up the DagBag from /home/airflow/.local/lib/python3.8/site-packages/airflow/example_dags/example_trigger_controller_dag.py
[2025-09-18T07:47:14.281+0000] {processor.py:840} INFO - DAG(s) 'example_trigger_controller_dag' retrieved from /home/airflow/.local/lib/python3.8/site-packages/airflow/example_dags/example_trigger_controller_dag.py
[2025-09-18T07:47:14.315+0000] {logging_mixin.py:188} INFO - [2025-09-18T07:47:14.315+0000] {dag.py:3036} INFO - Sync 1 DAGs
[2025-09-18T07:47:14.353+0000] {logging_mixin.py:188} INFO - [2025-09-18T07:47:14.352+0000] {dag.py:3823} INFO - Setting next_dagrun for example_trigger_controller_dag to 2021-01-01 00:00:00+00:00, run_after=2021-01-01 00:00:00+00:00
[2025-09-18T07:47:14.392+0000] {processor.py:183} INFO - Processing /home/airflow/.local/lib/python3.8/site-packages/airflow/example_dags/example_trigger_controller_dag.py took 0.131 seconds
[2025-09-18T07:47:45.112+0000] {processor.py:161} INFO - Started process (PID=1297) to work on /home/airflow/.local/lib/python3.8/site-packages/airflow/example_dags/example_trigger_controller_dag.py
[2025-09-18T07:47:45.114+0000] {processor.py:830} INFO - Processing file /home/airflow/.local/lib/python3.8/site-packages/airflow/example_dags/example_trigger_controller_dag.py for tasks to queue
[2025-09-18T07:47:45.118+0000] {logging_mixin.py:188} INFO - [2025-09-18T07:47:45.117+0000] {dagbag.py:538} INFO - Filling up the DagBag from /home/airflow/.local/lib/python3.8/site-packages/airflow/example_dags/example_trigger_controller_dag.py
[2025-09-18T07:47:45.127+0000] {processor.py:840} INFO - DAG(s) 'example_trigger_controller_dag' retrieved from /home/airflow/.local/lib/python3.8/site-packages/airflow/example_dags/example_trigger_controller_dag.py
[2025-09-18T07:47:45.163+0000] {logging_mixin.py:188} INFO - [2025-09-18T07:47:45.162+0000] {dag.py:3036} INFO - Sync 1 DAGs
[2025-09-18T07:47:45.201+0000] {logging_mixin.py:188} INFO - [2025-09-18T07:47:45.201+0000] {dag.py:3823} INFO - Setting next_dagrun for example_trigger_controller_dag to 2021-01-01 00:00:00+00:00, run_after=2021-01-01 00:00:00+00:00
[2025-09-18T07:47:45.238+0000] {processor.py:183} INFO - Processing /home/airflow/.local/lib/python3.8/site-packages/airflow/example_dags/example_trigger_controller_dag.py took 0.131 seconds
[2025-09-18T07:48:16.049+0000] {processor.py:161} INFO - Started process (PID=1352) to work on /home/airflow/.local/lib/python3.8/site-packages/airflow/example_dags/example_trigger_controller_dag.py
[2025-09-18T07:48:16.051+0000] {processor.py:830} INFO - Processing file /home/airflow/.local/lib/python3.8/site-packages/airflow/example_dags/example_trigger_controller_dag.py for tasks to queue
[2025-09-18T07:48:16.056+0000] {logging_mixin.py:188} INFO - [2025-09-18T07:48:16.055+0000] {dagbag.py:538} INFO - Filling up the DagBag from /home/airflow/.local/lib/python3.8/site-packages/airflow/example_dags/example_trigger_controller_dag.py
[2025-09-18T07:48:16.067+0000] {processor.py:840} INFO - DAG(s) 'example_trigger_controller_dag' retrieved from /home/airflow/.local/lib/python3.8/site-packages/airflow/example_dags/example_trigger_controller_dag.py
[2025-09-18T07:48:16.111+0000] {logging_mixin.py:188} INFO - [2025-09-18T07:48:16.110+0000] {dag.py:3036} INFO - Sync 1 DAGs
[2025-09-18T07:48:16.164+0000] {logging_mixin.py:188} INFO - [2025-09-18T07:48:16.163+0000] {dag.py:3823} INFO - Setting next_dagrun for example_trigger_controller_dag to 2021-01-01 00:00:00+00:00, run_after=2021-01-01 00:00:00+00:00
[2025-09-18T07:48:16.226+0000] {processor.py:183} INFO - Processing /home/airflow/.local/lib/python3.8/site-packages/airflow/example_dags/example_trigger_controller_dag.py took 0.185 seconds
[2025-09-18T07:56:51.873+0000] {processor.py:161} INFO - Started process (PID=79) to work on /home/airflow/.local/lib/python3.8/site-packages/airflow/example_dags/example_trigger_controller_dag.py
[2025-09-18T07:56:51.875+0000] {processor.py:830} INFO - Processing file /home/airflow/.local/lib/python3.8/site-packages/airflow/example_dags/example_trigger_controller_dag.py for tasks to queue
[2025-09-18T07:56:51.879+0000] {logging_mixin.py:188} INFO - [2025-09-18T07:56:51.878+0000] {dagbag.py:538} INFO - Filling up the DagBag from /home/airflow/.local/lib/python3.8/site-packages/airflow/example_dags/example_trigger_controller_dag.py
[2025-09-18T07:56:51.888+0000] {processor.py:840} INFO - DAG(s) 'example_trigger_controller_dag' retrieved from /home/airflow/.local/lib/python3.8/site-packages/airflow/example_dags/example_trigger_controller_dag.py
[2025-09-18T07:56:52.087+0000] {logging_mixin.py:188} INFO - [2025-09-18T07:56:52.086+0000] {override.py:1769} INFO - Created Permission View: can edit on DAG:example_trigger_controller_dag
[2025-09-18T07:56:52.106+0000] {logging_mixin.py:188} INFO - [2025-09-18T07:56:52.105+0000] {override.py:1769} INFO - Created Permission View: can read on DAG:example_trigger_controller_dag
[2025-09-18T07:56:52.122+0000] {logging_mixin.py:188} INFO - [2025-09-18T07:56:52.121+0000] {override.py:1769} INFO - Created Permission View: can delete on DAG:example_trigger_controller_dag
[2025-09-18T07:56:52.123+0000] {logging_mixin.py:188} INFO - [2025-09-18T07:56:52.123+0000] {dag.py:3036} INFO - Sync 1 DAGs
[2025-09-18T07:56:52.149+0000] {logging_mixin.py:188} INFO - [2025-09-18T07:56:52.149+0000] {dag.py:3058} INFO - Creating ORM DAG for example_trigger_controller_dag
[2025-09-18T07:56:52.170+0000] {logging_mixin.py:188} INFO - [2025-09-18T07:56:52.169+0000] {dag.py:3823} INFO - Setting next_dagrun for example_trigger_controller_dag to 2021-01-01 00:00:00+00:00, run_after=2021-01-01 00:00:00+00:00
[2025-09-18T07:56:52.205+0000] {processor.py:183} INFO - Processing /home/airflow/.local/lib/python3.8/site-packages/airflow/example_dags/example_trigger_controller_dag.py took 0.338 seconds
[2025-09-18T07:57:26.526+0000] {processor.py:161} INFO - Started process (PID=134) to work on /home/airflow/.local/lib/python3.8/site-packages/airflow/example_dags/example_trigger_controller_dag.py
[2025-09-18T07:57:26.529+0000] {processor.py:830} INFO - Processing file /home/airflow/.local/lib/python3.8/site-packages/airflow/example_dags/example_trigger_controller_dag.py for tasks to queue
[2025-09-18T07:57:26.577+0000] {logging_mixin.py:188} INFO - [2025-09-18T07:57:26.576+0000] {dagbag.py:538} INFO - Filling up the DagBag from /home/airflow/.local/lib/python3.8/site-packages/airflow/example_dags/example_trigger_controller_dag.py
[2025-09-18T07:57:26.592+0000] {processor.py:840} INFO - DAG(s) 'example_trigger_controller_dag' retrieved from /home/airflow/.local/lib/python3.8/site-packages/airflow/example_dags/example_trigger_controller_dag.py
[2025-09-18T07:57:26.650+0000] {logging_mixin.py:188} INFO - [2025-09-18T07:57:26.650+0000] {dag.py:3036} INFO - Sync 1 DAGs
[2025-09-18T07:57:26.712+0000] {logging_mixin.py:188} INFO - [2025-09-18T07:57:26.711+0000] {dag.py:3823} INFO - Setting next_dagrun for example_trigger_controller_dag to 2021-01-01 00:00:00+00:00, run_after=2021-01-01 00:00:00+00:00
[2025-09-18T07:57:26.767+0000] {processor.py:183} INFO - Processing /home/airflow/.local/lib/python3.8/site-packages/airflow/example_dags/example_trigger_controller_dag.py took 0.251 seconds
[2025-09-18T07:57:57.516+0000] {processor.py:161} INFO - Started process (PID=196) to work on /home/airflow/.local/lib/python3.8/site-packages/airflow/example_dags/example_trigger_controller_dag.py
[2025-09-18T07:57:57.518+0000] {processor.py:830} INFO - Processing file /home/airflow/.local/lib/python3.8/site-packages/airflow/example_dags/example_trigger_controller_dag.py for tasks to queue
[2025-09-18T07:57:57.522+0000] {logging_mixin.py:188} INFO - [2025-09-18T07:57:57.522+0000] {dagbag.py:538} INFO - Filling up the DagBag from /home/airflow/.local/lib/python3.8/site-packages/airflow/example_dags/example_trigger_controller_dag.py
[2025-09-18T07:57:57.531+0000] {processor.py:840} INFO - DAG(s) 'example_trigger_controller_dag' retrieved from /home/airflow/.local/lib/python3.8/site-packages/airflow/example_dags/example_trigger_controller_dag.py
[2025-09-18T07:57:57.566+0000] {logging_mixin.py:188} INFO - [2025-09-18T07:57:57.566+0000] {dag.py:3036} INFO - Sync 1 DAGs
[2025-09-18T07:57:57.609+0000] {logging_mixin.py:188} INFO - [2025-09-18T07:57:57.609+0000] {dag.py:3823} INFO - Setting next_dagrun for example_trigger_controller_dag to 2021-01-01 00:00:00+00:00, run_after=2021-01-01 00:00:00+00:00
[2025-09-18T07:57:57.645+0000] {processor.py:183} INFO - Processing /home/airflow/.local/lib/python3.8/site-packages/airflow/example_dags/example_trigger_controller_dag.py took 0.137 seconds
[2025-09-18T09:46:54.784+0000] {processor.py:161} INFO - Started process (PID=79) to work on /home/airflow/.local/lib/python3.8/site-packages/airflow/example_dags/example_trigger_controller_dag.py
[2025-09-18T09:46:54.786+0000] {processor.py:830} INFO - Processing file /home/airflow/.local/lib/python3.8/site-packages/airflow/example_dags/example_trigger_controller_dag.py for tasks to queue
[2025-09-18T09:46:54.789+0000] {logging_mixin.py:188} INFO - [2025-09-18T09:46:54.789+0000] {dagbag.py:538} INFO - Filling up the DagBag from /home/airflow/.local/lib/python3.8/site-packages/airflow/example_dags/example_trigger_controller_dag.py
[2025-09-18T09:46:54.799+0000] {processor.py:840} INFO - DAG(s) 'example_trigger_controller_dag' retrieved from /home/airflow/.local/lib/python3.8/site-packages/airflow/example_dags/example_trigger_controller_dag.py
[2025-09-18T09:46:55.008+0000] {logging_mixin.py:188} INFO - [2025-09-18T09:46:55.007+0000] {override.py:1769} INFO - Created Permission View: can delete on DAG:example_trigger_controller_dag
[2025-09-18T09:46:55.032+0000] {logging_mixin.py:188} INFO - [2025-09-18T09:46:55.031+0000] {override.py:1769} INFO - Created Permission View: can edit on DAG:example_trigger_controller_dag
[2025-09-18T09:46:55.045+0000] {logging_mixin.py:188} INFO - [2025-09-18T09:46:55.044+0000] {override.py:1769} INFO - Created Permission View: can read on DAG:example_trigger_controller_dag
[2025-09-18T09:46:55.046+0000] {logging_mixin.py:188} INFO - [2025-09-18T09:46:55.046+0000] {dag.py:3036} INFO - Sync 1 DAGs
[2025-09-18T09:46:55.066+0000] {logging_mixin.py:188} INFO - [2025-09-18T09:46:55.066+0000] {dag.py:3058} INFO - Creating ORM DAG for example_trigger_controller_dag
[2025-09-18T09:46:55.087+0000] {logging_mixin.py:188} INFO - [2025-09-18T09:46:55.086+0000] {dag.py:3823} INFO - Setting next_dagrun for example_trigger_controller_dag to 2021-01-01 00:00:00+00:00, run_after=2021-01-01 00:00:00+00:00
[2025-09-18T09:46:55.123+0000] {processor.py:183} INFO - Processing /home/airflow/.local/lib/python3.8/site-packages/airflow/example_dags/example_trigger_controller_dag.py took 0.345 seconds
[2025-09-18T09:47:25.453+0000] {processor.py:161} INFO - Started process (PID=134) to work on /home/airflow/.local/lib/python3.8/site-packages/airflow/example_dags/example_trigger_controller_dag.py
[2025-09-18T09:47:25.455+0000] {processor.py:830} INFO - Processing file /home/airflow/.local/lib/python3.8/site-packages/airflow/example_dags/example_trigger_controller_dag.py for tasks to queue
[2025-09-18T09:47:25.458+0000] {logging_mixin.py:188} INFO - [2025-09-18T09:47:25.458+0000] {dagbag.py:538} INFO - Filling up the DagBag from /home/airflow/.local/lib/python3.8/site-packages/airflow/example_dags/example_trigger_controller_dag.py
[2025-09-18T09:47:25.467+0000] {processor.py:840} INFO - DAG(s) 'example_trigger_controller_dag' retrieved from /home/airflow/.local/lib/python3.8/site-packages/airflow/example_dags/example_trigger_controller_dag.py
[2025-09-18T09:47:25.523+0000] {logging_mixin.py:188} INFO - [2025-09-18T09:47:25.522+0000] {dag.py:3036} INFO - Sync 1 DAGs
[2025-09-18T09:47:25.567+0000] {logging_mixin.py:188} INFO - [2025-09-18T09:47:25.566+0000] {dag.py:3823} INFO - Setting next_dagrun for example_trigger_controller_dag to 2021-01-01 00:00:00+00:00, run_after=2021-01-01 00:00:00+00:00
[2025-09-18T09:47:25.613+0000] {processor.py:183} INFO - Processing /home/airflow/.local/lib/python3.8/site-packages/airflow/example_dags/example_trigger_controller_dag.py took 0.166 seconds
[2025-09-18T09:47:55.892+0000] {processor.py:161} INFO - Started process (PID=189) to work on /home/airflow/.local/lib/python3.8/site-packages/airflow/example_dags/example_trigger_controller_dag.py
[2025-09-18T09:47:55.894+0000] {processor.py:830} INFO - Processing file /home/airflow/.local/lib/python3.8/site-packages/airflow/example_dags/example_trigger_controller_dag.py for tasks to queue
[2025-09-18T09:47:55.904+0000] {logging_mixin.py:188} INFO - [2025-09-18T09:47:55.900+0000] {dagbag.py:538} INFO - Filling up the DagBag from /home/airflow/.local/lib/python3.8/site-packages/airflow/example_dags/example_trigger_controller_dag.py
[2025-09-18T09:47:55.914+0000] {processor.py:840} INFO - DAG(s) 'example_trigger_controller_dag' retrieved from /home/airflow/.local/lib/python3.8/site-packages/airflow/example_dags/example_trigger_controller_dag.py
[2025-09-18T09:47:55.974+0000] {logging_mixin.py:188} INFO - [2025-09-18T09:47:55.973+0000] {dag.py:3036} INFO - Sync 1 DAGs
[2025-09-18T09:47:56.139+0000] {logging_mixin.py:188} INFO - [2025-09-18T09:47:56.138+0000] {dag.py:3823} INFO - Setting next_dagrun for example_trigger_controller_dag to 2021-01-01 00:00:00+00:00, run_after=2021-01-01 00:00:00+00:00
[2025-09-18T09:47:56.213+0000] {processor.py:183} INFO - Processing /home/airflow/.local/lib/python3.8/site-packages/airflow/example_dags/example_trigger_controller_dag.py took 0.331 seconds
[2025-09-18T09:48:26.581+0000] {processor.py:161} INFO - Started process (PID=244) to work on /home/airflow/.local/lib/python3.8/site-packages/airflow/example_dags/example_trigger_controller_dag.py
[2025-09-18T09:48:26.584+0000] {processor.py:830} INFO - Processing file /home/airflow/.local/lib/python3.8/site-packages/airflow/example_dags/example_trigger_controller_dag.py for tasks to queue
[2025-09-18T09:48:26.587+0000] {logging_mixin.py:188} INFO - [2025-09-18T09:48:26.587+0000] {dagbag.py:538} INFO - Filling up the DagBag from /home/airflow/.local/lib/python3.8/site-packages/airflow/example_dags/example_trigger_controller_dag.py
[2025-09-18T09:48:26.596+0000] {processor.py:840} INFO - DAG(s) 'example_trigger_controller_dag' retrieved from /home/airflow/.local/lib/python3.8/site-packages/airflow/example_dags/example_trigger_controller_dag.py
[2025-09-18T09:48:26.639+0000] {logging_mixin.py:188} INFO - [2025-09-18T09:48:26.638+0000] {dag.py:3036} INFO - Sync 1 DAGs
[2025-09-18T09:48:26.739+0000] {logging_mixin.py:188} INFO - [2025-09-18T09:48:26.738+0000] {dag.py:3823} INFO - Setting next_dagrun for example_trigger_controller_dag to 2021-01-01 00:00:00+00:00, run_after=2021-01-01 00:00:00+00:00
[2025-09-18T09:48:26.810+0000] {processor.py:183} INFO - Processing /home/airflow/.local/lib/python3.8/site-packages/airflow/example_dags/example_trigger_controller_dag.py took 0.238 seconds
[2025-09-18T09:48:57.591+0000] {processor.py:161} INFO - Started process (PID=299) to work on /home/airflow/.local/lib/python3.8/site-packages/airflow/example_dags/example_trigger_controller_dag.py
[2025-09-18T09:48:57.594+0000] {processor.py:830} INFO - Processing file /home/airflow/.local/lib/python3.8/site-packages/airflow/example_dags/example_trigger_controller_dag.py for tasks to queue
[2025-09-18T09:48:57.604+0000] {logging_mixin.py:188} INFO - [2025-09-18T09:48:57.601+0000] {dagbag.py:538} INFO - Filling up the DagBag from /home/airflow/.local/lib/python3.8/site-packages/airflow/example_dags/example_trigger_controller_dag.py
[2025-09-18T09:48:57.617+0000] {processor.py:840} INFO - DAG(s) 'example_trigger_controller_dag' retrieved from /home/airflow/.local/lib/python3.8/site-packages/airflow/example_dags/example_trigger_controller_dag.py
[2025-09-18T09:48:57.664+0000] {logging_mixin.py:188} INFO - [2025-09-18T09:48:57.663+0000] {dag.py:3036} INFO - Sync 1 DAGs
[2025-09-18T09:48:57.744+0000] {logging_mixin.py:188} INFO - [2025-09-18T09:48:57.744+0000] {dag.py:3823} INFO - Setting next_dagrun for example_trigger_controller_dag to 2021-01-01 00:00:00+00:00, run_after=2021-01-01 00:00:00+00:00
[2025-09-18T09:48:57.803+0000] {processor.py:183} INFO - Processing /home/airflow/.local/lib/python3.8/site-packages/airflow/example_dags/example_trigger_controller_dag.py took 0.227 seconds
[2025-09-18T09:49:28.050+0000] {processor.py:161} INFO - Started process (PID=354) to work on /home/airflow/.local/lib/python3.8/site-packages/airflow/example_dags/example_trigger_controller_dag.py
[2025-09-18T09:49:28.052+0000] {processor.py:830} INFO - Processing file /home/airflow/.local/lib/python3.8/site-packages/airflow/example_dags/example_trigger_controller_dag.py for tasks to queue
[2025-09-18T09:49:28.056+0000] {logging_mixin.py:188} INFO - [2025-09-18T09:49:28.055+0000] {dagbag.py:538} INFO - Filling up the DagBag from /home/airflow/.local/lib/python3.8/site-packages/airflow/example_dags/example_trigger_controller_dag.py
[2025-09-18T09:49:28.064+0000] {processor.py:840} INFO - DAG(s) 'example_trigger_controller_dag' retrieved from /home/airflow/.local/lib/python3.8/site-packages/airflow/example_dags/example_trigger_controller_dag.py
[2025-09-18T09:49:28.099+0000] {logging_mixin.py:188} INFO - [2025-09-18T09:49:28.099+0000] {dag.py:3036} INFO - Sync 1 DAGs
[2025-09-18T09:49:28.140+0000] {logging_mixin.py:188} INFO - [2025-09-18T09:49:28.139+0000] {dag.py:3823} INFO - Setting next_dagrun for example_trigger_controller_dag to 2021-01-01 00:00:00+00:00, run_after=2021-01-01 00:00:00+00:00
[2025-09-18T09:49:28.179+0000] {processor.py:183} INFO - Processing /home/airflow/.local/lib/python3.8/site-packages/airflow/example_dags/example_trigger_controller_dag.py took 0.135 seconds
[2025-09-18T09:49:58.650+0000] {processor.py:161} INFO - Started process (PID=409) to work on /home/airflow/.local/lib/python3.8/site-packages/airflow/example_dags/example_trigger_controller_dag.py
[2025-09-18T09:49:58.652+0000] {processor.py:830} INFO - Processing file /home/airflow/.local/lib/python3.8/site-packages/airflow/example_dags/example_trigger_controller_dag.py for tasks to queue
[2025-09-18T09:49:58.656+0000] {logging_mixin.py:188} INFO - [2025-09-18T09:49:58.655+0000] {dagbag.py:538} INFO - Filling up the DagBag from /home/airflow/.local/lib/python3.8/site-packages/airflow/example_dags/example_trigger_controller_dag.py
[2025-09-18T09:49:58.664+0000] {processor.py:840} INFO - DAG(s) 'example_trigger_controller_dag' retrieved from /home/airflow/.local/lib/python3.8/site-packages/airflow/example_dags/example_trigger_controller_dag.py
[2025-09-18T09:49:58.703+0000] {logging_mixin.py:188} INFO - [2025-09-18T09:49:58.703+0000] {dag.py:3036} INFO - Sync 1 DAGs
[2025-09-18T09:49:58.749+0000] {logging_mixin.py:188} INFO - [2025-09-18T09:49:58.748+0000] {dag.py:3823} INFO - Setting next_dagrun for example_trigger_controller_dag to 2021-01-01 00:00:00+00:00, run_after=2021-01-01 00:00:00+00:00
[2025-09-18T09:49:58.798+0000] {processor.py:183} INFO - Processing /home/airflow/.local/lib/python3.8/site-packages/airflow/example_dags/example_trigger_controller_dag.py took 0.154 seconds
[2025-09-18T09:50:29.003+0000] {processor.py:161} INFO - Started process (PID=464) to work on /home/airflow/.local/lib/python3.8/site-packages/airflow/example_dags/example_trigger_controller_dag.py
[2025-09-18T09:50:29.005+0000] {processor.py:830} INFO - Processing file /home/airflow/.local/lib/python3.8/site-packages/airflow/example_dags/example_trigger_controller_dag.py for tasks to queue
[2025-09-18T09:50:29.008+0000] {logging_mixin.py:188} INFO - [2025-09-18T09:50:29.008+0000] {dagbag.py:538} INFO - Filling up the DagBag from /home/airflow/.local/lib/python3.8/site-packages/airflow/example_dags/example_trigger_controller_dag.py
[2025-09-18T09:50:29.017+0000] {processor.py:840} INFO - DAG(s) 'example_trigger_controller_dag' retrieved from /home/airflow/.local/lib/python3.8/site-packages/airflow/example_dags/example_trigger_controller_dag.py
[2025-09-18T09:50:29.058+0000] {logging_mixin.py:188} INFO - [2025-09-18T09:50:29.057+0000] {dag.py:3036} INFO - Sync 1 DAGs
[2025-09-18T09:50:29.119+0000] {logging_mixin.py:188} INFO - [2025-09-18T09:50:29.118+0000] {dag.py:3823} INFO - Setting next_dagrun for example_trigger_controller_dag to 2021-01-01 00:00:00+00:00, run_after=2021-01-01 00:00:00+00:00
[2025-09-18T09:50:29.186+0000] {processor.py:183} INFO - Processing /home/airflow/.local/lib/python3.8/site-packages/airflow/example_dags/example_trigger_controller_dag.py took 0.189 seconds
[2025-09-18T09:50:59.381+0000] {processor.py:161} INFO - Started process (PID=518) to work on /home/airflow/.local/lib/python3.8/site-packages/airflow/example_dags/example_trigger_controller_dag.py
[2025-09-18T09:50:59.383+0000] {processor.py:830} INFO - Processing file /home/airflow/.local/lib/python3.8/site-packages/airflow/example_dags/example_trigger_controller_dag.py for tasks to queue
[2025-09-18T09:50:59.386+0000] {logging_mixin.py:188} INFO - [2025-09-18T09:50:59.386+0000] {dagbag.py:538} INFO - Filling up the DagBag from /home/airflow/.local/lib/python3.8/site-packages/airflow/example_dags/example_trigger_controller_dag.py
[2025-09-18T09:50:59.395+0000] {processor.py:840} INFO - DAG(s) 'example_trigger_controller_dag' retrieved from /home/airflow/.local/lib/python3.8/site-packages/airflow/example_dags/example_trigger_controller_dag.py
[2025-09-18T09:50:59.435+0000] {logging_mixin.py:188} INFO - [2025-09-18T09:50:59.435+0000] {dag.py:3036} INFO - Sync 1 DAGs
[2025-09-18T09:50:59.483+0000] {logging_mixin.py:188} INFO - [2025-09-18T09:50:59.483+0000] {dag.py:3823} INFO - Setting next_dagrun for example_trigger_controller_dag to 2021-01-01 00:00:00+00:00, run_after=2021-01-01 00:00:00+00:00
[2025-09-18T09:50:59.525+0000] {processor.py:183} INFO - Processing /home/airflow/.local/lib/python3.8/site-packages/airflow/example_dags/example_trigger_controller_dag.py took 0.150 seconds
[2025-09-18T09:54:05.942+0000] {processor.py:161} INFO - Started process (PID=80) to work on /home/airflow/.local/lib/python3.8/site-packages/airflow/example_dags/example_trigger_controller_dag.py
[2025-09-18T09:54:05.946+0000] {processor.py:830} INFO - Processing file /home/airflow/.local/lib/python3.8/site-packages/airflow/example_dags/example_trigger_controller_dag.py for tasks to queue
[2025-09-18T09:54:05.951+0000] {logging_mixin.py:188} INFO - [2025-09-18T09:54:05.950+0000] {dagbag.py:538} INFO - Filling up the DagBag from /home/airflow/.local/lib/python3.8/site-packages/airflow/example_dags/example_trigger_controller_dag.py
[2025-09-18T09:54:05.963+0000] {processor.py:840} INFO - DAG(s) 'example_trigger_controller_dag' retrieved from /home/airflow/.local/lib/python3.8/site-packages/airflow/example_dags/example_trigger_controller_dag.py
[2025-09-18T09:54:06.203+0000] {logging_mixin.py:188} INFO - [2025-09-18T09:54:06.202+0000] {override.py:1769} INFO - Created Permission View: can delete on DAG:example_trigger_controller_dag
[2025-09-18T09:54:06.244+0000] {logging_mixin.py:188} INFO - [2025-09-18T09:54:06.243+0000] {override.py:1769} INFO - Created Permission View: can edit on DAG:example_trigger_controller_dag
[2025-09-18T09:54:06.268+0000] {logging_mixin.py:188} INFO - [2025-09-18T09:54:06.267+0000] {override.py:1769} INFO - Created Permission View: can read on DAG:example_trigger_controller_dag
[2025-09-18T09:54:06.269+0000] {logging_mixin.py:188} INFO - [2025-09-18T09:54:06.269+0000] {dag.py:3036} INFO - Sync 1 DAGs
[2025-09-18T09:54:06.338+0000] {logging_mixin.py:188} INFO - [2025-09-18T09:54:06.337+0000] {dag.py:3058} INFO - Creating ORM DAG for example_trigger_controller_dag
[2025-09-18T09:54:06.400+0000] {logging_mixin.py:188} INFO - [2025-09-18T09:54:06.400+0000] {dag.py:3823} INFO - Setting next_dagrun for example_trigger_controller_dag to 2021-01-01 00:00:00+00:00, run_after=2021-01-01 00:00:00+00:00
[2025-09-18T09:54:06.436+0000] {processor.py:183} INFO - Processing /home/airflow/.local/lib/python3.8/site-packages/airflow/example_dags/example_trigger_controller_dag.py took 0.501 seconds
[2025-09-18T09:54:36.597+0000] {processor.py:161} INFO - Started process (PID=135) to work on /home/airflow/.local/lib/python3.8/site-packages/airflow/example_dags/example_trigger_controller_dag.py
[2025-09-18T09:54:36.601+0000] {processor.py:830} INFO - Processing file /home/airflow/.local/lib/python3.8/site-packages/airflow/example_dags/example_trigger_controller_dag.py for tasks to queue
[2025-09-18T09:54:36.612+0000] {logging_mixin.py:188} INFO - [2025-09-18T09:54:36.610+0000] {dagbag.py:538} INFO - Filling up the DagBag from /home/airflow/.local/lib/python3.8/site-packages/airflow/example_dags/example_trigger_controller_dag.py
[2025-09-18T09:54:36.628+0000] {processor.py:840} INFO - DAG(s) 'example_trigger_controller_dag' retrieved from /home/airflow/.local/lib/python3.8/site-packages/airflow/example_dags/example_trigger_controller_dag.py
[2025-09-18T09:54:36.699+0000] {logging_mixin.py:188} INFO - [2025-09-18T09:54:36.698+0000] {dag.py:3036} INFO - Sync 1 DAGs
[2025-09-18T09:54:36.784+0000] {logging_mixin.py:188} INFO - [2025-09-18T09:54:36.783+0000] {dag.py:3823} INFO - Setting next_dagrun for example_trigger_controller_dag to 2021-01-01 00:00:00+00:00, run_after=2021-01-01 00:00:00+00:00
[2025-09-18T09:54:36.843+0000] {processor.py:183} INFO - Processing /home/airflow/.local/lib/python3.8/site-packages/airflow/example_dags/example_trigger_controller_dag.py took 0.256 seconds
[2025-09-18T09:55:07.652+0000] {processor.py:161} INFO - Started process (PID=197) to work on /home/airflow/.local/lib/python3.8/site-packages/airflow/example_dags/example_trigger_controller_dag.py
[2025-09-18T09:55:07.655+0000] {processor.py:830} INFO - Processing file /home/airflow/.local/lib/python3.8/site-packages/airflow/example_dags/example_trigger_controller_dag.py for tasks to queue
[2025-09-18T09:55:07.659+0000] {logging_mixin.py:188} INFO - [2025-09-18T09:55:07.659+0000] {dagbag.py:538} INFO - Filling up the DagBag from /home/airflow/.local/lib/python3.8/site-packages/airflow/example_dags/example_trigger_controller_dag.py
[2025-09-18T09:55:07.669+0000] {processor.py:840} INFO - DAG(s) 'example_trigger_controller_dag' retrieved from /home/airflow/.local/lib/python3.8/site-packages/airflow/example_dags/example_trigger_controller_dag.py
[2025-09-18T09:55:07.707+0000] {logging_mixin.py:188} INFO - [2025-09-18T09:55:07.707+0000] {dag.py:3036} INFO - Sync 1 DAGs
[2025-09-18T09:55:07.750+0000] {logging_mixin.py:188} INFO - [2025-09-18T09:55:07.750+0000] {dag.py:3823} INFO - Setting next_dagrun for example_trigger_controller_dag to 2021-01-01 00:00:00+00:00, run_after=2021-01-01 00:00:00+00:00
[2025-09-18T09:55:07.796+0000] {processor.py:183} INFO - Processing /home/airflow/.local/lib/python3.8/site-packages/airflow/example_dags/example_trigger_controller_dag.py took 0.153 seconds
[2025-09-18T09:55:38.047+0000] {processor.py:161} INFO - Started process (PID=252) to work on /home/airflow/.local/lib/python3.8/site-packages/airflow/example_dags/example_trigger_controller_dag.py
[2025-09-18T09:55:38.049+0000] {processor.py:830} INFO - Processing file /home/airflow/.local/lib/python3.8/site-packages/airflow/example_dags/example_trigger_controller_dag.py for tasks to queue
[2025-09-18T09:55:38.053+0000] {logging_mixin.py:188} INFO - [2025-09-18T09:55:38.052+0000] {dagbag.py:538} INFO - Filling up the DagBag from /home/airflow/.local/lib/python3.8/site-packages/airflow/example_dags/example_trigger_controller_dag.py
[2025-09-18T09:55:38.061+0000] {processor.py:840} INFO - DAG(s) 'example_trigger_controller_dag' retrieved from /home/airflow/.local/lib/python3.8/site-packages/airflow/example_dags/example_trigger_controller_dag.py
[2025-09-18T09:55:38.097+0000] {logging_mixin.py:188} INFO - [2025-09-18T09:55:38.097+0000] {dag.py:3036} INFO - Sync 1 DAGs
[2025-09-18T09:55:38.143+0000] {logging_mixin.py:188} INFO - [2025-09-18T09:55:38.142+0000] {dag.py:3823} INFO - Setting next_dagrun for example_trigger_controller_dag to 2021-01-01 00:00:00+00:00, run_after=2021-01-01 00:00:00+00:00
[2025-09-18T09:55:38.190+0000] {processor.py:183} INFO - Processing /home/airflow/.local/lib/python3.8/site-packages/airflow/example_dags/example_trigger_controller_dag.py took 0.150 seconds
[2025-09-18T09:56:09.057+0000] {processor.py:161} INFO - Started process (PID=307) to work on /home/airflow/.local/lib/python3.8/site-packages/airflow/example_dags/example_trigger_controller_dag.py
[2025-09-18T09:56:09.061+0000] {processor.py:830} INFO - Processing file /home/airflow/.local/lib/python3.8/site-packages/airflow/example_dags/example_trigger_controller_dag.py for tasks to queue
[2025-09-18T09:56:09.067+0000] {logging_mixin.py:188} INFO - [2025-09-18T09:56:09.066+0000] {dagbag.py:538} INFO - Filling up the DagBag from /home/airflow/.local/lib/python3.8/site-packages/airflow/example_dags/example_trigger_controller_dag.py
[2025-09-18T09:56:09.079+0000] {processor.py:840} INFO - DAG(s) 'example_trigger_controller_dag' retrieved from /home/airflow/.local/lib/python3.8/site-packages/airflow/example_dags/example_trigger_controller_dag.py
[2025-09-18T09:56:09.144+0000] {logging_mixin.py:188} INFO - [2025-09-18T09:56:09.143+0000] {dag.py:3036} INFO - Sync 1 DAGs
[2025-09-18T09:56:09.207+0000] {logging_mixin.py:188} INFO - [2025-09-18T09:56:09.207+0000] {dag.py:3823} INFO - Setting next_dagrun for example_trigger_controller_dag to 2021-01-01 00:00:00+00:00, run_after=2021-01-01 00:00:00+00:00
[2025-09-18T09:56:09.265+0000] {processor.py:183} INFO - Processing /home/airflow/.local/lib/python3.8/site-packages/airflow/example_dags/example_trigger_controller_dag.py took 0.297 seconds
[2025-09-18T09:56:39.568+0000] {processor.py:161} INFO - Started process (PID=362) to work on /home/airflow/.local/lib/python3.8/site-packages/airflow/example_dags/example_trigger_controller_dag.py
[2025-09-18T09:56:39.571+0000] {processor.py:830} INFO - Processing file /home/airflow/.local/lib/python3.8/site-packages/airflow/example_dags/example_trigger_controller_dag.py for tasks to queue
[2025-09-18T09:56:39.575+0000] {logging_mixin.py:188} INFO - [2025-09-18T09:56:39.574+0000] {dagbag.py:538} INFO - Filling up the DagBag from /home/airflow/.local/lib/python3.8/site-packages/airflow/example_dags/example_trigger_controller_dag.py
[2025-09-18T09:56:39.585+0000] {processor.py:840} INFO - DAG(s) 'example_trigger_controller_dag' retrieved from /home/airflow/.local/lib/python3.8/site-packages/airflow/example_dags/example_trigger_controller_dag.py
[2025-09-18T09:56:39.628+0000] {logging_mixin.py:188} INFO - [2025-09-18T09:56:39.627+0000] {dag.py:3036} INFO - Sync 1 DAGs
[2025-09-18T09:56:39.682+0000] {logging_mixin.py:188} INFO - [2025-09-18T09:56:39.681+0000] {dag.py:3823} INFO - Setting next_dagrun for example_trigger_controller_dag to 2021-01-01 00:00:00+00:00, run_after=2021-01-01 00:00:00+00:00
[2025-09-18T09:56:39.734+0000] {processor.py:183} INFO - Processing /home/airflow/.local/lib/python3.8/site-packages/airflow/example_dags/example_trigger_controller_dag.py took 0.173 seconds
[2025-09-18T09:57:09.843+0000] {processor.py:161} INFO - Started process (PID=417) to work on /home/airflow/.local/lib/python3.8/site-packages/airflow/example_dags/example_trigger_controller_dag.py
[2025-09-18T09:57:09.845+0000] {processor.py:830} INFO - Processing file /home/airflow/.local/lib/python3.8/site-packages/airflow/example_dags/example_trigger_controller_dag.py for tasks to queue
[2025-09-18T09:57:09.848+0000] {logging_mixin.py:188} INFO - [2025-09-18T09:57:09.848+0000] {dagbag.py:538} INFO - Filling up the DagBag from /home/airflow/.local/lib/python3.8/site-packages/airflow/example_dags/example_trigger_controller_dag.py
[2025-09-18T09:57:09.856+0000] {processor.py:840} INFO - DAG(s) 'example_trigger_controller_dag' retrieved from /home/airflow/.local/lib/python3.8/site-packages/airflow/example_dags/example_trigger_controller_dag.py
[2025-09-18T09:57:09.897+0000] {logging_mixin.py:188} INFO - [2025-09-18T09:57:09.896+0000] {dag.py:3036} INFO - Sync 1 DAGs
[2025-09-18T09:57:09.936+0000] {logging_mixin.py:188} INFO - [2025-09-18T09:57:09.935+0000] {dag.py:3823} INFO - Setting next_dagrun for example_trigger_controller_dag to 2021-01-01 00:00:00+00:00, run_after=2021-01-01 00:00:00+00:00
[2025-09-18T09:57:09.975+0000] {processor.py:183} INFO - Processing /home/airflow/.local/lib/python3.8/site-packages/airflow/example_dags/example_trigger_controller_dag.py took 0.138 seconds
[2025-09-18T09:57:40.088+0000] {processor.py:161} INFO - Started process (PID=472) to work on /home/airflow/.local/lib/python3.8/site-packages/airflow/example_dags/example_trigger_controller_dag.py
[2025-09-18T09:57:40.090+0000] {processor.py:830} INFO - Processing file /home/airflow/.local/lib/python3.8/site-packages/airflow/example_dags/example_trigger_controller_dag.py for tasks to queue
[2025-09-18T09:57:40.094+0000] {logging_mixin.py:188} INFO - [2025-09-18T09:57:40.093+0000] {dagbag.py:538} INFO - Filling up the DagBag from /home/airflow/.local/lib/python3.8/site-packages/airflow/example_dags/example_trigger_controller_dag.py
[2025-09-18T09:57:40.102+0000] {processor.py:840} INFO - DAG(s) 'example_trigger_controller_dag' retrieved from /home/airflow/.local/lib/python3.8/site-packages/airflow/example_dags/example_trigger_controller_dag.py
[2025-09-18T09:57:40.134+0000] {logging_mixin.py:188} INFO - [2025-09-18T09:57:40.133+0000] {dag.py:3036} INFO - Sync 1 DAGs
[2025-09-18T09:57:40.173+0000] {logging_mixin.py:188} INFO - [2025-09-18T09:57:40.173+0000] {dag.py:3823} INFO - Setting next_dagrun for example_trigger_controller_dag to 2021-01-01 00:00:00+00:00, run_after=2021-01-01 00:00:00+00:00
[2025-09-18T09:57:40.213+0000] {processor.py:183} INFO - Processing /home/airflow/.local/lib/python3.8/site-packages/airflow/example_dags/example_trigger_controller_dag.py took 0.130 seconds
[2025-09-18T09:58:10.410+0000] {processor.py:161} INFO - Started process (PID=527) to work on /home/airflow/.local/lib/python3.8/site-packages/airflow/example_dags/example_trigger_controller_dag.py
[2025-09-18T09:58:10.412+0000] {processor.py:830} INFO - Processing file /home/airflow/.local/lib/python3.8/site-packages/airflow/example_dags/example_trigger_controller_dag.py for tasks to queue
[2025-09-18T09:58:10.415+0000] {logging_mixin.py:188} INFO - [2025-09-18T09:58:10.415+0000] {dagbag.py:538} INFO - Filling up the DagBag from /home/airflow/.local/lib/python3.8/site-packages/airflow/example_dags/example_trigger_controller_dag.py
[2025-09-18T09:58:10.424+0000] {processor.py:840} INFO - DAG(s) 'example_trigger_controller_dag' retrieved from /home/airflow/.local/lib/python3.8/site-packages/airflow/example_dags/example_trigger_controller_dag.py
[2025-09-18T09:58:10.457+0000] {logging_mixin.py:188} INFO - [2025-09-18T09:58:10.457+0000] {dag.py:3036} INFO - Sync 1 DAGs
[2025-09-18T09:58:10.496+0000] {logging_mixin.py:188} INFO - [2025-09-18T09:58:10.496+0000] {dag.py:3823} INFO - Setting next_dagrun for example_trigger_controller_dag to 2021-01-01 00:00:00+00:00, run_after=2021-01-01 00:00:00+00:00
[2025-09-18T09:58:10.535+0000] {processor.py:183} INFO - Processing /home/airflow/.local/lib/python3.8/site-packages/airflow/example_dags/example_trigger_controller_dag.py took 0.130 seconds
[2025-09-18T09:58:41.407+0000] {processor.py:161} INFO - Started process (PID=582) to work on /home/airflow/.local/lib/python3.8/site-packages/airflow/example_dags/example_trigger_controller_dag.py
[2025-09-18T09:58:41.409+0000] {processor.py:830} INFO - Processing file /home/airflow/.local/lib/python3.8/site-packages/airflow/example_dags/example_trigger_controller_dag.py for tasks to queue
[2025-09-18T09:58:41.412+0000] {logging_mixin.py:188} INFO - [2025-09-18T09:58:41.412+0000] {dagbag.py:538} INFO - Filling up the DagBag from /home/airflow/.local/lib/python3.8/site-packages/airflow/example_dags/example_trigger_controller_dag.py
[2025-09-18T09:58:41.421+0000] {processor.py:840} INFO - DAG(s) 'example_trigger_controller_dag' retrieved from /home/airflow/.local/lib/python3.8/site-packages/airflow/example_dags/example_trigger_controller_dag.py
[2025-09-18T09:58:41.454+0000] {logging_mixin.py:188} INFO - [2025-09-18T09:58:41.454+0000] {dag.py:3036} INFO - Sync 1 DAGs
[2025-09-18T09:58:41.495+0000] {logging_mixin.py:188} INFO - [2025-09-18T09:58:41.494+0000] {dag.py:3823} INFO - Setting next_dagrun for example_trigger_controller_dag to 2021-01-01 00:00:00+00:00, run_after=2021-01-01 00:00:00+00:00
[2025-09-18T09:58:41.532+0000] {processor.py:183} INFO - Processing /home/airflow/.local/lib/python3.8/site-packages/airflow/example_dags/example_trigger_controller_dag.py took 0.131 seconds
[2025-09-18T09:59:11.891+0000] {processor.py:161} INFO - Started process (PID=637) to work on /home/airflow/.local/lib/python3.8/site-packages/airflow/example_dags/example_trigger_controller_dag.py
[2025-09-18T09:59:11.893+0000] {processor.py:830} INFO - Processing file /home/airflow/.local/lib/python3.8/site-packages/airflow/example_dags/example_trigger_controller_dag.py for tasks to queue
[2025-09-18T09:59:11.897+0000] {logging_mixin.py:188} INFO - [2025-09-18T09:59:11.897+0000] {dagbag.py:538} INFO - Filling up the DagBag from /home/airflow/.local/lib/python3.8/site-packages/airflow/example_dags/example_trigger_controller_dag.py
[2025-09-18T09:59:11.906+0000] {processor.py:840} INFO - DAG(s) 'example_trigger_controller_dag' retrieved from /home/airflow/.local/lib/python3.8/site-packages/airflow/example_dags/example_trigger_controller_dag.py
[2025-09-18T09:59:11.948+0000] {logging_mixin.py:188} INFO - [2025-09-18T09:59:11.947+0000] {dag.py:3036} INFO - Sync 1 DAGs
[2025-09-18T09:59:11.991+0000] {logging_mixin.py:188} INFO - [2025-09-18T09:59:11.991+0000] {dag.py:3823} INFO - Setting next_dagrun for example_trigger_controller_dag to 2021-01-01 00:00:00+00:00, run_after=2021-01-01 00:00:00+00:00
[2025-09-18T09:59:12.024+0000] {processor.py:183} INFO - Processing /home/airflow/.local/lib/python3.8/site-packages/airflow/example_dags/example_trigger_controller_dag.py took 0.140 seconds
[2025-09-18T09:59:42.900+0000] {processor.py:161} INFO - Started process (PID=692) to work on /home/airflow/.local/lib/python3.8/site-packages/airflow/example_dags/example_trigger_controller_dag.py
[2025-09-18T09:59:42.902+0000] {processor.py:830} INFO - Processing file /home/airflow/.local/lib/python3.8/site-packages/airflow/example_dags/example_trigger_controller_dag.py for tasks to queue
[2025-09-18T09:59:42.905+0000] {logging_mixin.py:188} INFO - [2025-09-18T09:59:42.905+0000] {dagbag.py:538} INFO - Filling up the DagBag from /home/airflow/.local/lib/python3.8/site-packages/airflow/example_dags/example_trigger_controller_dag.py
[2025-09-18T09:59:42.914+0000] {processor.py:840} INFO - DAG(s) 'example_trigger_controller_dag' retrieved from /home/airflow/.local/lib/python3.8/site-packages/airflow/example_dags/example_trigger_controller_dag.py
[2025-09-18T09:59:42.947+0000] {logging_mixin.py:188} INFO - [2025-09-18T09:59:42.946+0000] {dag.py:3036} INFO - Sync 1 DAGs
[2025-09-18T09:59:42.987+0000] {logging_mixin.py:188} INFO - [2025-09-18T09:59:42.986+0000] {dag.py:3823} INFO - Setting next_dagrun for example_trigger_controller_dag to 2021-01-01 00:00:00+00:00, run_after=2021-01-01 00:00:00+00:00
[2025-09-18T09:59:43.024+0000] {processor.py:183} INFO - Processing /home/airflow/.local/lib/python3.8/site-packages/airflow/example_dags/example_trigger_controller_dag.py took 0.130 seconds
[2025-09-18T10:00:13.763+0000] {processor.py:161} INFO - Started process (PID=747) to work on /home/airflow/.local/lib/python3.8/site-packages/airflow/example_dags/example_trigger_controller_dag.py
[2025-09-18T10:00:13.765+0000] {processor.py:830} INFO - Processing file /home/airflow/.local/lib/python3.8/site-packages/airflow/example_dags/example_trigger_controller_dag.py for tasks to queue
[2025-09-18T10:00:13.769+0000] {logging_mixin.py:188} INFO - [2025-09-18T10:00:13.768+0000] {dagbag.py:538} INFO - Filling up the DagBag from /home/airflow/.local/lib/python3.8/site-packages/airflow/example_dags/example_trigger_controller_dag.py
[2025-09-18T10:00:13.777+0000] {processor.py:840} INFO - DAG(s) 'example_trigger_controller_dag' retrieved from /home/airflow/.local/lib/python3.8/site-packages/airflow/example_dags/example_trigger_controller_dag.py
[2025-09-18T10:00:13.810+0000] {logging_mixin.py:188} INFO - [2025-09-18T10:00:13.810+0000] {dag.py:3036} INFO - Sync 1 DAGs
[2025-09-18T10:00:13.847+0000] {logging_mixin.py:188} INFO - [2025-09-18T10:00:13.847+0000] {dag.py:3823} INFO - Setting next_dagrun for example_trigger_controller_dag to 2021-01-01 00:00:00+00:00, run_after=2021-01-01 00:00:00+00:00
[2025-09-18T10:00:13.884+0000] {processor.py:183} INFO - Processing /home/airflow/.local/lib/python3.8/site-packages/airflow/example_dags/example_trigger_controller_dag.py took 0.127 seconds
[2025-09-18T10:00:44.277+0000] {processor.py:161} INFO - Started process (PID=802) to work on /home/airflow/.local/lib/python3.8/site-packages/airflow/example_dags/example_trigger_controller_dag.py
[2025-09-18T10:00:44.280+0000] {processor.py:830} INFO - Processing file /home/airflow/.local/lib/python3.8/site-packages/airflow/example_dags/example_trigger_controller_dag.py for tasks to queue
[2025-09-18T10:00:44.285+0000] {logging_mixin.py:188} INFO - [2025-09-18T10:00:44.285+0000] {dagbag.py:538} INFO - Filling up the DagBag from /home/airflow/.local/lib/python3.8/site-packages/airflow/example_dags/example_trigger_controller_dag.py
[2025-09-18T10:00:44.298+0000] {processor.py:840} INFO - DAG(s) 'example_trigger_controller_dag' retrieved from /home/airflow/.local/lib/python3.8/site-packages/airflow/example_dags/example_trigger_controller_dag.py
[2025-09-18T10:00:44.344+0000] {logging_mixin.py:188} INFO - [2025-09-18T10:00:44.343+0000] {dag.py:3036} INFO - Sync 1 DAGs
[2025-09-18T10:00:44.404+0000] {logging_mixin.py:188} INFO - [2025-09-18T10:00:44.403+0000] {dag.py:3823} INFO - Setting next_dagrun for example_trigger_controller_dag to 2021-01-01 00:00:00+00:00, run_after=2021-01-01 00:00:00+00:00
[2025-09-18T10:00:44.445+0000] {processor.py:183} INFO - Processing /home/airflow/.local/lib/python3.8/site-packages/airflow/example_dags/example_trigger_controller_dag.py took 0.178 seconds
[2025-09-18T10:01:15.114+0000] {processor.py:161} INFO - Started process (PID=857) to work on /home/airflow/.local/lib/python3.8/site-packages/airflow/example_dags/example_trigger_controller_dag.py
[2025-09-18T10:01:15.116+0000] {processor.py:830} INFO - Processing file /home/airflow/.local/lib/python3.8/site-packages/airflow/example_dags/example_trigger_controller_dag.py for tasks to queue
[2025-09-18T10:01:15.120+0000] {logging_mixin.py:188} INFO - [2025-09-18T10:01:15.120+0000] {dagbag.py:538} INFO - Filling up the DagBag from /home/airflow/.local/lib/python3.8/site-packages/airflow/example_dags/example_trigger_controller_dag.py
[2025-09-18T10:01:15.133+0000] {processor.py:840} INFO - DAG(s) 'example_trigger_controller_dag' retrieved from /home/airflow/.local/lib/python3.8/site-packages/airflow/example_dags/example_trigger_controller_dag.py
[2025-09-18T10:01:15.221+0000] {logging_mixin.py:188} INFO - [2025-09-18T10:01:15.221+0000] {dag.py:3036} INFO - Sync 1 DAGs
[2025-09-18T10:01:15.362+0000] {logging_mixin.py:188} INFO - [2025-09-18T10:01:15.361+0000] {dag.py:3823} INFO - Setting next_dagrun for example_trigger_controller_dag to 2021-01-01 00:00:00+00:00, run_after=2021-01-01 00:00:00+00:00
[2025-09-18T10:01:15.421+0000] {processor.py:183} INFO - Processing /home/airflow/.local/lib/python3.8/site-packages/airflow/example_dags/example_trigger_controller_dag.py took 0.313 seconds
[2025-09-18T10:01:46.189+0000] {processor.py:161} INFO - Started process (PID=912) to work on /home/airflow/.local/lib/python3.8/site-packages/airflow/example_dags/example_trigger_controller_dag.py
[2025-09-18T10:01:46.191+0000] {processor.py:830} INFO - Processing file /home/airflow/.local/lib/python3.8/site-packages/airflow/example_dags/example_trigger_controller_dag.py for tasks to queue
[2025-09-18T10:01:46.195+0000] {logging_mixin.py:188} INFO - [2025-09-18T10:01:46.194+0000] {dagbag.py:538} INFO - Filling up the DagBag from /home/airflow/.local/lib/python3.8/site-packages/airflow/example_dags/example_trigger_controller_dag.py
[2025-09-18T10:01:46.207+0000] {processor.py:840} INFO - DAG(s) 'example_trigger_controller_dag' retrieved from /home/airflow/.local/lib/python3.8/site-packages/airflow/example_dags/example_trigger_controller_dag.py
[2025-09-18T10:01:46.261+0000] {logging_mixin.py:188} INFO - [2025-09-18T10:01:46.260+0000] {dag.py:3036} INFO - Sync 1 DAGs
[2025-09-18T10:01:46.307+0000] {logging_mixin.py:188} INFO - [2025-09-18T10:01:46.306+0000] {dag.py:3823} INFO - Setting next_dagrun for example_trigger_controller_dag to 2021-01-01 00:00:00+00:00, run_after=2021-01-01 00:00:00+00:00
[2025-09-18T10:01:46.342+0000] {processor.py:183} INFO - Processing /home/airflow/.local/lib/python3.8/site-packages/airflow/example_dags/example_trigger_controller_dag.py took 0.161 seconds
[2025-09-18T10:02:16.473+0000] {processor.py:161} INFO - Started process (PID=967) to work on /home/airflow/.local/lib/python3.8/site-packages/airflow/example_dags/example_trigger_controller_dag.py
[2025-09-18T10:02:16.475+0000] {processor.py:830} INFO - Processing file /home/airflow/.local/lib/python3.8/site-packages/airflow/example_dags/example_trigger_controller_dag.py for tasks to queue
[2025-09-18T10:02:16.479+0000] {logging_mixin.py:188} INFO - [2025-09-18T10:02:16.479+0000] {dagbag.py:538} INFO - Filling up the DagBag from /home/airflow/.local/lib/python3.8/site-packages/airflow/example_dags/example_trigger_controller_dag.py
[2025-09-18T10:02:16.489+0000] {processor.py:840} INFO - DAG(s) 'example_trigger_controller_dag' retrieved from /home/airflow/.local/lib/python3.8/site-packages/airflow/example_dags/example_trigger_controller_dag.py
[2025-09-18T10:02:16.526+0000] {logging_mixin.py:188} INFO - [2025-09-18T10:02:16.526+0000] {dag.py:3036} INFO - Sync 1 DAGs
[2025-09-18T10:02:16.579+0000] {logging_mixin.py:188} INFO - [2025-09-18T10:02:16.579+0000] {dag.py:3823} INFO - Setting next_dagrun for example_trigger_controller_dag to 2021-01-01 00:00:00+00:00, run_after=2021-01-01 00:00:00+00:00
[2025-09-18T10:02:16.619+0000] {processor.py:183} INFO - Processing /home/airflow/.local/lib/python3.8/site-packages/airflow/example_dags/example_trigger_controller_dag.py took 0.151 seconds
[2025-09-18T10:02:47.134+0000] {processor.py:161} INFO - Started process (PID=1021) to work on /home/airflow/.local/lib/python3.8/site-packages/airflow/example_dags/example_trigger_controller_dag.py
[2025-09-18T10:02:47.136+0000] {processor.py:830} INFO - Processing file /home/airflow/.local/lib/python3.8/site-packages/airflow/example_dags/example_trigger_controller_dag.py for tasks to queue
[2025-09-18T10:02:47.141+0000] {logging_mixin.py:188} INFO - [2025-09-18T10:02:47.140+0000] {dagbag.py:538} INFO - Filling up the DagBag from /home/airflow/.local/lib/python3.8/site-packages/airflow/example_dags/example_trigger_controller_dag.py
[2025-09-18T10:02:47.151+0000] {processor.py:840} INFO - DAG(s) 'example_trigger_controller_dag' retrieved from /home/airflow/.local/lib/python3.8/site-packages/airflow/example_dags/example_trigger_controller_dag.py
[2025-09-18T10:02:47.192+0000] {logging_mixin.py:188} INFO - [2025-09-18T10:02:47.191+0000] {dag.py:3036} INFO - Sync 1 DAGs
[2025-09-18T10:02:47.243+0000] {logging_mixin.py:188} INFO - [2025-09-18T10:02:47.242+0000] {dag.py:3823} INFO - Setting next_dagrun for example_trigger_controller_dag to 2021-01-01 00:00:00+00:00, run_after=2021-01-01 00:00:00+00:00
[2025-09-18T10:02:47.297+0000] {processor.py:183} INFO - Processing /home/airflow/.local/lib/python3.8/site-packages/airflow/example_dags/example_trigger_controller_dag.py took 0.171 seconds
[2025-09-18T10:03:17.843+0000] {processor.py:161} INFO - Started process (PID=1076) to work on /home/airflow/.local/lib/python3.8/site-packages/airflow/example_dags/example_trigger_controller_dag.py
[2025-09-18T10:03:17.845+0000] {processor.py:830} INFO - Processing file /home/airflow/.local/lib/python3.8/site-packages/airflow/example_dags/example_trigger_controller_dag.py for tasks to queue
[2025-09-18T10:03:17.851+0000] {logging_mixin.py:188} INFO - [2025-09-18T10:03:17.850+0000] {dagbag.py:538} INFO - Filling up the DagBag from /home/airflow/.local/lib/python3.8/site-packages/airflow/example_dags/example_trigger_controller_dag.py
[2025-09-18T10:03:17.862+0000] {processor.py:840} INFO - DAG(s) 'example_trigger_controller_dag' retrieved from /home/airflow/.local/lib/python3.8/site-packages/airflow/example_dags/example_trigger_controller_dag.py
[2025-09-18T10:03:17.906+0000] {logging_mixin.py:188} INFO - [2025-09-18T10:03:17.905+0000] {dag.py:3036} INFO - Sync 1 DAGs
[2025-09-18T10:03:17.946+0000] {logging_mixin.py:188} INFO - [2025-09-18T10:03:17.945+0000] {dag.py:3823} INFO - Setting next_dagrun for example_trigger_controller_dag to 2021-01-01 00:00:00+00:00, run_after=2021-01-01 00:00:00+00:00
[2025-09-18T10:03:17.983+0000] {processor.py:183} INFO - Processing /home/airflow/.local/lib/python3.8/site-packages/airflow/example_dags/example_trigger_controller_dag.py took 0.145 seconds
[2025-09-18T10:03:48.343+0000] {processor.py:161} INFO - Started process (PID=1131) to work on /home/airflow/.local/lib/python3.8/site-packages/airflow/example_dags/example_trigger_controller_dag.py
[2025-09-18T10:03:48.345+0000] {processor.py:830} INFO - Processing file /home/airflow/.local/lib/python3.8/site-packages/airflow/example_dags/example_trigger_controller_dag.py for tasks to queue
[2025-09-18T10:03:48.349+0000] {logging_mixin.py:188} INFO - [2025-09-18T10:03:48.348+0000] {dagbag.py:538} INFO - Filling up the DagBag from /home/airflow/.local/lib/python3.8/site-packages/airflow/example_dags/example_trigger_controller_dag.py
[2025-09-18T10:03:48.358+0000] {processor.py:840} INFO - DAG(s) 'example_trigger_controller_dag' retrieved from /home/airflow/.local/lib/python3.8/site-packages/airflow/example_dags/example_trigger_controller_dag.py
[2025-09-18T10:03:48.397+0000] {logging_mixin.py:188} INFO - [2025-09-18T10:03:48.397+0000] {dag.py:3036} INFO - Sync 1 DAGs
[2025-09-18T10:03:48.437+0000] {logging_mixin.py:188} INFO - [2025-09-18T10:03:48.437+0000] {dag.py:3823} INFO - Setting next_dagrun for example_trigger_controller_dag to 2021-01-01 00:00:00+00:00, run_after=2021-01-01 00:00:00+00:00
[2025-09-18T10:03:48.473+0000] {processor.py:183} INFO - Processing /home/airflow/.local/lib/python3.8/site-packages/airflow/example_dags/example_trigger_controller_dag.py took 0.136 seconds
[2025-09-18T10:04:18.682+0000] {processor.py:161} INFO - Started process (PID=1186) to work on /home/airflow/.local/lib/python3.8/site-packages/airflow/example_dags/example_trigger_controller_dag.py
[2025-09-18T10:04:18.684+0000] {processor.py:830} INFO - Processing file /home/airflow/.local/lib/python3.8/site-packages/airflow/example_dags/example_trigger_controller_dag.py for tasks to queue
[2025-09-18T10:04:18.689+0000] {logging_mixin.py:188} INFO - [2025-09-18T10:04:18.688+0000] {dagbag.py:538} INFO - Filling up the DagBag from /home/airflow/.local/lib/python3.8/site-packages/airflow/example_dags/example_trigger_controller_dag.py
[2025-09-18T10:04:18.698+0000] {processor.py:840} INFO - DAG(s) 'example_trigger_controller_dag' retrieved from /home/airflow/.local/lib/python3.8/site-packages/airflow/example_dags/example_trigger_controller_dag.py
[2025-09-18T10:04:18.733+0000] {logging_mixin.py:188} INFO - [2025-09-18T10:04:18.733+0000] {dag.py:3036} INFO - Sync 1 DAGs
[2025-09-18T10:04:18.774+0000] {logging_mixin.py:188} INFO - [2025-09-18T10:04:18.773+0000] {dag.py:3823} INFO - Setting next_dagrun for example_trigger_controller_dag to 2021-01-01 00:00:00+00:00, run_after=2021-01-01 00:00:00+00:00
[2025-09-18T10:04:18.811+0000] {processor.py:183} INFO - Processing /home/airflow/.local/lib/python3.8/site-packages/airflow/example_dags/example_trigger_controller_dag.py took 0.136 seconds
[2025-09-18T10:04:49.100+0000] {processor.py:161} INFO - Started process (PID=1241) to work on /home/airflow/.local/lib/python3.8/site-packages/airflow/example_dags/example_trigger_controller_dag.py
[2025-09-18T10:04:49.102+0000] {processor.py:830} INFO - Processing file /home/airflow/.local/lib/python3.8/site-packages/airflow/example_dags/example_trigger_controller_dag.py for tasks to queue
[2025-09-18T10:04:49.106+0000] {logging_mixin.py:188} INFO - [2025-09-18T10:04:49.105+0000] {dagbag.py:538} INFO - Filling up the DagBag from /home/airflow/.local/lib/python3.8/site-packages/airflow/example_dags/example_trigger_controller_dag.py
[2025-09-18T10:04:49.114+0000] {processor.py:840} INFO - DAG(s) 'example_trigger_controller_dag' retrieved from /home/airflow/.local/lib/python3.8/site-packages/airflow/example_dags/example_trigger_controller_dag.py
[2025-09-18T10:04:49.151+0000] {logging_mixin.py:188} INFO - [2025-09-18T10:04:49.150+0000] {dag.py:3036} INFO - Sync 1 DAGs
[2025-09-18T10:04:49.193+0000] {logging_mixin.py:188} INFO - [2025-09-18T10:04:49.192+0000] {dag.py:3823} INFO - Setting next_dagrun for example_trigger_controller_dag to 2021-01-01 00:00:00+00:00, run_after=2021-01-01 00:00:00+00:00
[2025-09-18T10:04:49.235+0000] {processor.py:183} INFO - Processing /home/airflow/.local/lib/python3.8/site-packages/airflow/example_dags/example_trigger_controller_dag.py took 0.141 seconds
[2025-09-18T10:05:19.898+0000] {processor.py:161} INFO - Started process (PID=1296) to work on /home/airflow/.local/lib/python3.8/site-packages/airflow/example_dags/example_trigger_controller_dag.py
[2025-09-18T10:05:19.901+0000] {processor.py:830} INFO - Processing file /home/airflow/.local/lib/python3.8/site-packages/airflow/example_dags/example_trigger_controller_dag.py for tasks to queue
[2025-09-18T10:05:19.905+0000] {logging_mixin.py:188} INFO - [2025-09-18T10:05:19.904+0000] {dagbag.py:538} INFO - Filling up the DagBag from /home/airflow/.local/lib/python3.8/site-packages/airflow/example_dags/example_trigger_controller_dag.py
[2025-09-18T10:05:19.913+0000] {processor.py:840} INFO - DAG(s) 'example_trigger_controller_dag' retrieved from /home/airflow/.local/lib/python3.8/site-packages/airflow/example_dags/example_trigger_controller_dag.py
[2025-09-18T10:05:19.949+0000] {logging_mixin.py:188} INFO - [2025-09-18T10:05:19.948+0000] {dag.py:3036} INFO - Sync 1 DAGs
[2025-09-18T10:05:19.994+0000] {logging_mixin.py:188} INFO - [2025-09-18T10:05:19.993+0000] {dag.py:3823} INFO - Setting next_dagrun for example_trigger_controller_dag to 2021-01-01 00:00:00+00:00, run_after=2021-01-01 00:00:00+00:00
[2025-09-18T10:05:20.033+0000] {processor.py:183} INFO - Processing /home/airflow/.local/lib/python3.8/site-packages/airflow/example_dags/example_trigger_controller_dag.py took 0.141 seconds
