[2025-09-18T07:36:24.272+0000] {processor.py:161} INFO - Started process (PID=63) to work on /home/airflow/.local/lib/python3.8/site-packages/airflow/example_dags/tutorial_objectstorage.py
[2025-09-18T07:36:24.274+0000] {processor.py:830} INFO - Processing file /home/airflow/.local/lib/python3.8/site-packages/airflow/example_dags/tutorial_objectstorage.py for tasks to queue
[2025-09-18T07:36:24.278+0000] {logging_mixin.py:188} INFO - [2025-09-18T07:36:24.278+0000] {dagbag.py:538} INFO - Filling up the DagBag from /home/airflow/.local/lib/python3.8/site-packages/airflow/example_dags/tutorial_objectstorage.py
[2025-09-18T07:36:24.298+0000] {processor.py:840} INFO - DAG(s) 'tutorial_objectstorage' retrieved from /home/airflow/.local/lib/python3.8/site-packages/airflow/example_dags/tutorial_objectstorage.py
[2025-09-18T07:36:24.514+0000] {logging_mixin.py:188} INFO - [2025-09-18T07:36:24.513+0000] {override.py:1769} INFO - Created Permission View: can read on DAG:tutorial_objectstorage
[2025-09-18T07:36:24.534+0000] {logging_mixin.py:188} INFO - [2025-09-18T07:36:24.533+0000] {override.py:1769} INFO - Created Permission View: can delete on DAG:tutorial_objectstorage
[2025-09-18T07:36:24.547+0000] {logging_mixin.py:188} INFO - [2025-09-18T07:36:24.547+0000] {override.py:1769} INFO - Created Permission View: can edit on DAG:tutorial_objectstorage
[2025-09-18T07:36:24.548+0000] {logging_mixin.py:188} INFO - [2025-09-18T07:36:24.548+0000] {dag.py:3036} INFO - Sync 1 DAGs
[2025-09-18T07:36:24.574+0000] {logging_mixin.py:188} INFO - [2025-09-18T07:36:24.573+0000] {dag.py:3058} INFO - Creating ORM DAG for tutorial_objectstorage
[2025-09-18T07:36:24.575+0000] {logging_mixin.py:188} INFO - [2025-09-18T07:36:24.575+0000] {dag.py:3823} INFO - Setting next_dagrun for tutorial_objectstorage to None, run_after=None
[2025-09-18T07:36:24.610+0000] {processor.py:183} INFO - Processing /home/airflow/.local/lib/python3.8/site-packages/airflow/example_dags/tutorial_objectstorage.py took 0.343 seconds
[2025-09-18T07:36:55.439+0000] {processor.py:161} INFO - Started process (PID=118) to work on /home/airflow/.local/lib/python3.8/site-packages/airflow/example_dags/tutorial_objectstorage.py
[2025-09-18T07:36:55.442+0000] {processor.py:830} INFO - Processing file /home/airflow/.local/lib/python3.8/site-packages/airflow/example_dags/tutorial_objectstorage.py for tasks to queue
[2025-09-18T07:36:55.449+0000] {logging_mixin.py:188} INFO - [2025-09-18T07:36:55.448+0000] {dagbag.py:538} INFO - Filling up the DagBag from /home/airflow/.local/lib/python3.8/site-packages/airflow/example_dags/tutorial_objectstorage.py
[2025-09-18T07:36:55.471+0000] {processor.py:840} INFO - DAG(s) 'tutorial_objectstorage' retrieved from /home/airflow/.local/lib/python3.8/site-packages/airflow/example_dags/tutorial_objectstorage.py
[2025-09-18T07:36:55.536+0000] {logging_mixin.py:188} INFO - [2025-09-18T07:36:55.535+0000] {dag.py:3036} INFO - Sync 1 DAGs
[2025-09-18T07:36:55.585+0000] {logging_mixin.py:188} INFO - [2025-09-18T07:36:55.585+0000] {dag.py:3823} INFO - Setting next_dagrun for tutorial_objectstorage to None, run_after=None
[2025-09-18T07:36:55.658+0000] {processor.py:183} INFO - Processing /home/airflow/.local/lib/python3.8/site-packages/airflow/example_dags/tutorial_objectstorage.py took 0.229 seconds
[2025-09-18T07:37:26.174+0000] {processor.py:161} INFO - Started process (PID=173) to work on /home/airflow/.local/lib/python3.8/site-packages/airflow/example_dags/tutorial_objectstorage.py
[2025-09-18T07:37:26.176+0000] {processor.py:830} INFO - Processing file /home/airflow/.local/lib/python3.8/site-packages/airflow/example_dags/tutorial_objectstorage.py for tasks to queue
[2025-09-18T07:37:26.180+0000] {logging_mixin.py:188} INFO - [2025-09-18T07:37:26.180+0000] {dagbag.py:538} INFO - Filling up the DagBag from /home/airflow/.local/lib/python3.8/site-packages/airflow/example_dags/tutorial_objectstorage.py
[2025-09-18T07:37:26.195+0000] {processor.py:840} INFO - DAG(s) 'tutorial_objectstorage' retrieved from /home/airflow/.local/lib/python3.8/site-packages/airflow/example_dags/tutorial_objectstorage.py
[2025-09-18T07:37:26.247+0000] {logging_mixin.py:188} INFO - [2025-09-18T07:37:26.246+0000] {dag.py:3036} INFO - Sync 1 DAGs
[2025-09-18T07:37:26.312+0000] {logging_mixin.py:188} INFO - [2025-09-18T07:37:26.312+0000] {dag.py:3823} INFO - Setting next_dagrun for tutorial_objectstorage to None, run_after=None
[2025-09-18T07:37:26.383+0000] {processor.py:183} INFO - Processing /home/airflow/.local/lib/python3.8/site-packages/airflow/example_dags/tutorial_objectstorage.py took 0.216 seconds
[2025-09-18T07:37:56.456+0000] {processor.py:161} INFO - Started process (PID=228) to work on /home/airflow/.local/lib/python3.8/site-packages/airflow/example_dags/tutorial_objectstorage.py
[2025-09-18T07:37:56.457+0000] {processor.py:830} INFO - Processing file /home/airflow/.local/lib/python3.8/site-packages/airflow/example_dags/tutorial_objectstorage.py for tasks to queue
[2025-09-18T07:37:56.461+0000] {logging_mixin.py:188} INFO - [2025-09-18T07:37:56.460+0000] {dagbag.py:538} INFO - Filling up the DagBag from /home/airflow/.local/lib/python3.8/site-packages/airflow/example_dags/tutorial_objectstorage.py
[2025-09-18T07:37:56.473+0000] {processor.py:840} INFO - DAG(s) 'tutorial_objectstorage' retrieved from /home/airflow/.local/lib/python3.8/site-packages/airflow/example_dags/tutorial_objectstorage.py
[2025-09-18T07:37:56.508+0000] {logging_mixin.py:188} INFO - [2025-09-18T07:37:56.508+0000] {dag.py:3036} INFO - Sync 1 DAGs
[2025-09-18T07:37:56.530+0000] {logging_mixin.py:188} INFO - [2025-09-18T07:37:56.530+0000] {dag.py:3823} INFO - Setting next_dagrun for tutorial_objectstorage to None, run_after=None
[2025-09-18T07:37:56.569+0000] {processor.py:183} INFO - Processing /home/airflow/.local/lib/python3.8/site-packages/airflow/example_dags/tutorial_objectstorage.py took 0.119 seconds
[2025-09-18T07:38:27.545+0000] {processor.py:161} INFO - Started process (PID=283) to work on /home/airflow/.local/lib/python3.8/site-packages/airflow/example_dags/tutorial_objectstorage.py
[2025-09-18T07:38:27.547+0000] {processor.py:830} INFO - Processing file /home/airflow/.local/lib/python3.8/site-packages/airflow/example_dags/tutorial_objectstorage.py for tasks to queue
[2025-09-18T07:38:27.553+0000] {logging_mixin.py:188} INFO - [2025-09-18T07:38:27.552+0000] {dagbag.py:538} INFO - Filling up the DagBag from /home/airflow/.local/lib/python3.8/site-packages/airflow/example_dags/tutorial_objectstorage.py
[2025-09-18T07:38:27.571+0000] {processor.py:840} INFO - DAG(s) 'tutorial_objectstorage' retrieved from /home/airflow/.local/lib/python3.8/site-packages/airflow/example_dags/tutorial_objectstorage.py
[2025-09-18T07:38:27.619+0000] {logging_mixin.py:188} INFO - [2025-09-18T07:38:27.619+0000] {dag.py:3036} INFO - Sync 1 DAGs
[2025-09-18T07:38:27.651+0000] {logging_mixin.py:188} INFO - [2025-09-18T07:38:27.650+0000] {dag.py:3823} INFO - Setting next_dagrun for tutorial_objectstorage to None, run_after=None
[2025-09-18T07:38:27.696+0000] {processor.py:183} INFO - Processing /home/airflow/.local/lib/python3.8/site-packages/airflow/example_dags/tutorial_objectstorage.py took 0.157 seconds
[2025-09-18T07:38:57.841+0000] {processor.py:161} INFO - Started process (PID=337) to work on /home/airflow/.local/lib/python3.8/site-packages/airflow/example_dags/tutorial_objectstorage.py
[2025-09-18T07:38:57.844+0000] {processor.py:830} INFO - Processing file /home/airflow/.local/lib/python3.8/site-packages/airflow/example_dags/tutorial_objectstorage.py for tasks to queue
[2025-09-18T07:38:57.847+0000] {logging_mixin.py:188} INFO - [2025-09-18T07:38:57.846+0000] {dagbag.py:538} INFO - Filling up the DagBag from /home/airflow/.local/lib/python3.8/site-packages/airflow/example_dags/tutorial_objectstorage.py
[2025-09-18T07:38:57.859+0000] {processor.py:840} INFO - DAG(s) 'tutorial_objectstorage' retrieved from /home/airflow/.local/lib/python3.8/site-packages/airflow/example_dags/tutorial_objectstorage.py
[2025-09-18T07:38:57.894+0000] {logging_mixin.py:188} INFO - [2025-09-18T07:38:57.893+0000] {dag.py:3036} INFO - Sync 1 DAGs
[2025-09-18T07:38:57.918+0000] {logging_mixin.py:188} INFO - [2025-09-18T07:38:57.917+0000] {dag.py:3823} INFO - Setting next_dagrun for tutorial_objectstorage to None, run_after=None
[2025-09-18T07:38:57.952+0000] {processor.py:183} INFO - Processing /home/airflow/.local/lib/python3.8/site-packages/airflow/example_dags/tutorial_objectstorage.py took 0.117 seconds
[2025-09-18T07:39:28.452+0000] {processor.py:161} INFO - Started process (PID=392) to work on /home/airflow/.local/lib/python3.8/site-packages/airflow/example_dags/tutorial_objectstorage.py
[2025-09-18T07:39:28.454+0000] {processor.py:830} INFO - Processing file /home/airflow/.local/lib/python3.8/site-packages/airflow/example_dags/tutorial_objectstorage.py for tasks to queue
[2025-09-18T07:39:28.458+0000] {logging_mixin.py:188} INFO - [2025-09-18T07:39:28.458+0000] {dagbag.py:538} INFO - Filling up the DagBag from /home/airflow/.local/lib/python3.8/site-packages/airflow/example_dags/tutorial_objectstorage.py
[2025-09-18T07:39:28.471+0000] {processor.py:840} INFO - DAG(s) 'tutorial_objectstorage' retrieved from /home/airflow/.local/lib/python3.8/site-packages/airflow/example_dags/tutorial_objectstorage.py
[2025-09-18T07:39:28.510+0000] {logging_mixin.py:188} INFO - [2025-09-18T07:39:28.509+0000] {dag.py:3036} INFO - Sync 1 DAGs
[2025-09-18T07:39:28.542+0000] {logging_mixin.py:188} INFO - [2025-09-18T07:39:28.541+0000] {dag.py:3823} INFO - Setting next_dagrun for tutorial_objectstorage to None, run_after=None
[2025-09-18T07:39:28.587+0000] {processor.py:183} INFO - Processing /home/airflow/.local/lib/python3.8/site-packages/airflow/example_dags/tutorial_objectstorage.py took 0.143 seconds
[2025-09-18T07:39:59.420+0000] {processor.py:161} INFO - Started process (PID=447) to work on /home/airflow/.local/lib/python3.8/site-packages/airflow/example_dags/tutorial_objectstorage.py
[2025-09-18T07:39:59.423+0000] {processor.py:830} INFO - Processing file /home/airflow/.local/lib/python3.8/site-packages/airflow/example_dags/tutorial_objectstorage.py for tasks to queue
[2025-09-18T07:39:59.427+0000] {logging_mixin.py:188} INFO - [2025-09-18T07:39:59.427+0000] {dagbag.py:538} INFO - Filling up the DagBag from /home/airflow/.local/lib/python3.8/site-packages/airflow/example_dags/tutorial_objectstorage.py
[2025-09-18T07:39:59.439+0000] {processor.py:840} INFO - DAG(s) 'tutorial_objectstorage' retrieved from /home/airflow/.local/lib/python3.8/site-packages/airflow/example_dags/tutorial_objectstorage.py
[2025-09-18T07:39:59.478+0000] {logging_mixin.py:188} INFO - [2025-09-18T07:39:59.478+0000] {dag.py:3036} INFO - Sync 1 DAGs
[2025-09-18T07:39:59.504+0000] {logging_mixin.py:188} INFO - [2025-09-18T07:39:59.503+0000] {dag.py:3823} INFO - Setting next_dagrun for tutorial_objectstorage to None, run_after=None
[2025-09-18T07:39:59.552+0000] {processor.py:183} INFO - Processing /home/airflow/.local/lib/python3.8/site-packages/airflow/example_dags/tutorial_objectstorage.py took 0.137 seconds
[2025-09-18T07:40:29.782+0000] {processor.py:161} INFO - Started process (PID=503) to work on /home/airflow/.local/lib/python3.8/site-packages/airflow/example_dags/tutorial_objectstorage.py
[2025-09-18T07:40:29.783+0000] {processor.py:830} INFO - Processing file /home/airflow/.local/lib/python3.8/site-packages/airflow/example_dags/tutorial_objectstorage.py for tasks to queue
[2025-09-18T07:40:29.787+0000] {logging_mixin.py:188} INFO - [2025-09-18T07:40:29.787+0000] {dagbag.py:538} INFO - Filling up the DagBag from /home/airflow/.local/lib/python3.8/site-packages/airflow/example_dags/tutorial_objectstorage.py
[2025-09-18T07:40:29.801+0000] {processor.py:840} INFO - DAG(s) 'tutorial_objectstorage' retrieved from /home/airflow/.local/lib/python3.8/site-packages/airflow/example_dags/tutorial_objectstorage.py
[2025-09-18T07:40:29.844+0000] {logging_mixin.py:188} INFO - [2025-09-18T07:40:29.843+0000] {dag.py:3036} INFO - Sync 1 DAGs
[2025-09-18T07:40:29.875+0000] {logging_mixin.py:188} INFO - [2025-09-18T07:40:29.874+0000] {dag.py:3823} INFO - Setting next_dagrun for tutorial_objectstorage to None, run_after=None
[2025-09-18T07:40:29.918+0000] {processor.py:183} INFO - Processing /home/airflow/.local/lib/python3.8/site-packages/airflow/example_dags/tutorial_objectstorage.py took 0.142 seconds
[2025-09-18T07:41:01.299+0000] {processor.py:161} INFO - Started process (PID=558) to work on /home/airflow/.local/lib/python3.8/site-packages/airflow/example_dags/tutorial_objectstorage.py
[2025-09-18T07:41:01.301+0000] {processor.py:830} INFO - Processing file /home/airflow/.local/lib/python3.8/site-packages/airflow/example_dags/tutorial_objectstorage.py for tasks to queue
[2025-09-18T07:41:01.306+0000] {logging_mixin.py:188} INFO - [2025-09-18T07:41:01.305+0000] {dagbag.py:538} INFO - Filling up the DagBag from /home/airflow/.local/lib/python3.8/site-packages/airflow/example_dags/tutorial_objectstorage.py
[2025-09-18T07:41:01.327+0000] {processor.py:840} INFO - DAG(s) 'tutorial_objectstorage' retrieved from /home/airflow/.local/lib/python3.8/site-packages/airflow/example_dags/tutorial_objectstorage.py
[2025-09-18T07:41:01.410+0000] {logging_mixin.py:188} INFO - [2025-09-18T07:41:01.409+0000] {dag.py:3036} INFO - Sync 1 DAGs
[2025-09-18T07:41:01.486+0000] {logging_mixin.py:188} INFO - [2025-09-18T07:41:01.485+0000] {dag.py:3823} INFO - Setting next_dagrun for tutorial_objectstorage to None, run_after=None
[2025-09-18T07:41:01.574+0000] {processor.py:183} INFO - Processing /home/airflow/.local/lib/python3.8/site-packages/airflow/example_dags/tutorial_objectstorage.py took 0.289 seconds
[2025-09-18T07:41:32.322+0000] {processor.py:161} INFO - Started process (PID=613) to work on /home/airflow/.local/lib/python3.8/site-packages/airflow/example_dags/tutorial_objectstorage.py
[2025-09-18T07:41:32.325+0000] {processor.py:830} INFO - Processing file /home/airflow/.local/lib/python3.8/site-packages/airflow/example_dags/tutorial_objectstorage.py for tasks to queue
[2025-09-18T07:41:32.331+0000] {logging_mixin.py:188} INFO - [2025-09-18T07:41:32.330+0000] {dagbag.py:538} INFO - Filling up the DagBag from /home/airflow/.local/lib/python3.8/site-packages/airflow/example_dags/tutorial_objectstorage.py
[2025-09-18T07:41:32.343+0000] {processor.py:840} INFO - DAG(s) 'tutorial_objectstorage' retrieved from /home/airflow/.local/lib/python3.8/site-packages/airflow/example_dags/tutorial_objectstorage.py
[2025-09-18T07:41:32.383+0000] {logging_mixin.py:188} INFO - [2025-09-18T07:41:32.383+0000] {dag.py:3036} INFO - Sync 1 DAGs
[2025-09-18T07:41:32.413+0000] {logging_mixin.py:188} INFO - [2025-09-18T07:41:32.412+0000] {dag.py:3823} INFO - Setting next_dagrun for tutorial_objectstorage to None, run_after=None
[2025-09-18T07:41:32.457+0000] {processor.py:183} INFO - Processing /home/airflow/.local/lib/python3.8/site-packages/airflow/example_dags/tutorial_objectstorage.py took 0.142 seconds
[2025-09-18T07:42:03.315+0000] {processor.py:161} INFO - Started process (PID=668) to work on /home/airflow/.local/lib/python3.8/site-packages/airflow/example_dags/tutorial_objectstorage.py
[2025-09-18T07:42:03.317+0000] {processor.py:830} INFO - Processing file /home/airflow/.local/lib/python3.8/site-packages/airflow/example_dags/tutorial_objectstorage.py for tasks to queue
[2025-09-18T07:42:03.322+0000] {logging_mixin.py:188} INFO - [2025-09-18T07:42:03.321+0000] {dagbag.py:538} INFO - Filling up the DagBag from /home/airflow/.local/lib/python3.8/site-packages/airflow/example_dags/tutorial_objectstorage.py
[2025-09-18T07:42:03.335+0000] {processor.py:840} INFO - DAG(s) 'tutorial_objectstorage' retrieved from /home/airflow/.local/lib/python3.8/site-packages/airflow/example_dags/tutorial_objectstorage.py
[2025-09-18T07:42:03.374+0000] {logging_mixin.py:188} INFO - [2025-09-18T07:42:03.374+0000] {dag.py:3036} INFO - Sync 1 DAGs
[2025-09-18T07:42:03.398+0000] {logging_mixin.py:188} INFO - [2025-09-18T07:42:03.397+0000] {dag.py:3823} INFO - Setting next_dagrun for tutorial_objectstorage to None, run_after=None
[2025-09-18T07:42:03.438+0000] {processor.py:183} INFO - Processing /home/airflow/.local/lib/python3.8/site-packages/airflow/example_dags/tutorial_objectstorage.py took 0.129 seconds
[2025-09-18T07:42:34.032+0000] {processor.py:161} INFO - Started process (PID=723) to work on /home/airflow/.local/lib/python3.8/site-packages/airflow/example_dags/tutorial_objectstorage.py
[2025-09-18T07:42:34.034+0000] {processor.py:830} INFO - Processing file /home/airflow/.local/lib/python3.8/site-packages/airflow/example_dags/tutorial_objectstorage.py for tasks to queue
[2025-09-18T07:42:34.039+0000] {logging_mixin.py:188} INFO - [2025-09-18T07:42:34.038+0000] {dagbag.py:538} INFO - Filling up the DagBag from /home/airflow/.local/lib/python3.8/site-packages/airflow/example_dags/tutorial_objectstorage.py
[2025-09-18T07:42:34.056+0000] {processor.py:840} INFO - DAG(s) 'tutorial_objectstorage' retrieved from /home/airflow/.local/lib/python3.8/site-packages/airflow/example_dags/tutorial_objectstorage.py
[2025-09-18T07:42:34.097+0000] {logging_mixin.py:188} INFO - [2025-09-18T07:42:34.097+0000] {dag.py:3036} INFO - Sync 1 DAGs
[2025-09-18T07:42:34.124+0000] {logging_mixin.py:188} INFO - [2025-09-18T07:42:34.124+0000] {dag.py:3823} INFO - Setting next_dagrun for tutorial_objectstorage to None, run_after=None
[2025-09-18T07:42:34.168+0000] {processor.py:183} INFO - Processing /home/airflow/.local/lib/python3.8/site-packages/airflow/example_dags/tutorial_objectstorage.py took 0.143 seconds
[2025-09-18T07:43:04.862+0000] {processor.py:161} INFO - Started process (PID=778) to work on /home/airflow/.local/lib/python3.8/site-packages/airflow/example_dags/tutorial_objectstorage.py
[2025-09-18T07:43:04.864+0000] {processor.py:830} INFO - Processing file /home/airflow/.local/lib/python3.8/site-packages/airflow/example_dags/tutorial_objectstorage.py for tasks to queue
[2025-09-18T07:43:04.867+0000] {logging_mixin.py:188} INFO - [2025-09-18T07:43:04.867+0000] {dagbag.py:538} INFO - Filling up the DagBag from /home/airflow/.local/lib/python3.8/site-packages/airflow/example_dags/tutorial_objectstorage.py
[2025-09-18T07:43:04.879+0000] {processor.py:840} INFO - DAG(s) 'tutorial_objectstorage' retrieved from /home/airflow/.local/lib/python3.8/site-packages/airflow/example_dags/tutorial_objectstorage.py
[2025-09-18T07:43:04.915+0000] {logging_mixin.py:188} INFO - [2025-09-18T07:43:04.914+0000] {dag.py:3036} INFO - Sync 1 DAGs
[2025-09-18T07:43:04.938+0000] {logging_mixin.py:188} INFO - [2025-09-18T07:43:04.937+0000] {dag.py:3823} INFO - Setting next_dagrun for tutorial_objectstorage to None, run_after=None
[2025-09-18T07:43:04.985+0000] {processor.py:183} INFO - Processing /home/airflow/.local/lib/python3.8/site-packages/airflow/example_dags/tutorial_objectstorage.py took 0.130 seconds
[2025-09-18T07:43:35.693+0000] {processor.py:161} INFO - Started process (PID=833) to work on /home/airflow/.local/lib/python3.8/site-packages/airflow/example_dags/tutorial_objectstorage.py
[2025-09-18T07:43:35.696+0000] {processor.py:830} INFO - Processing file /home/airflow/.local/lib/python3.8/site-packages/airflow/example_dags/tutorial_objectstorage.py for tasks to queue
[2025-09-18T07:43:35.701+0000] {logging_mixin.py:188} INFO - [2025-09-18T07:43:35.700+0000] {dagbag.py:538} INFO - Filling up the DagBag from /home/airflow/.local/lib/python3.8/site-packages/airflow/example_dags/tutorial_objectstorage.py
[2025-09-18T07:43:35.719+0000] {processor.py:840} INFO - DAG(s) 'tutorial_objectstorage' retrieved from /home/airflow/.local/lib/python3.8/site-packages/airflow/example_dags/tutorial_objectstorage.py
[2025-09-18T07:43:35.776+0000] {logging_mixin.py:188} INFO - [2025-09-18T07:43:35.774+0000] {dag.py:3036} INFO - Sync 1 DAGs
[2025-09-18T07:43:35.810+0000] {logging_mixin.py:188} INFO - [2025-09-18T07:43:35.810+0000] {dag.py:3823} INFO - Setting next_dagrun for tutorial_objectstorage to None, run_after=None
[2025-09-18T07:43:35.868+0000] {processor.py:183} INFO - Processing /home/airflow/.local/lib/python3.8/site-packages/airflow/example_dags/tutorial_objectstorage.py took 0.190 seconds
[2025-09-18T07:44:06.283+0000] {processor.py:161} INFO - Started process (PID=888) to work on /home/airflow/.local/lib/python3.8/site-packages/airflow/example_dags/tutorial_objectstorage.py
[2025-09-18T07:44:06.285+0000] {processor.py:830} INFO - Processing file /home/airflow/.local/lib/python3.8/site-packages/airflow/example_dags/tutorial_objectstorage.py for tasks to queue
[2025-09-18T07:44:06.289+0000] {logging_mixin.py:188} INFO - [2025-09-18T07:44:06.288+0000] {dagbag.py:538} INFO - Filling up the DagBag from /home/airflow/.local/lib/python3.8/site-packages/airflow/example_dags/tutorial_objectstorage.py
[2025-09-18T07:44:06.302+0000] {processor.py:840} INFO - DAG(s) 'tutorial_objectstorage' retrieved from /home/airflow/.local/lib/python3.8/site-packages/airflow/example_dags/tutorial_objectstorage.py
[2025-09-18T07:44:06.339+0000] {logging_mixin.py:188} INFO - [2025-09-18T07:44:06.339+0000] {dag.py:3036} INFO - Sync 1 DAGs
[2025-09-18T07:44:06.364+0000] {logging_mixin.py:188} INFO - [2025-09-18T07:44:06.363+0000] {dag.py:3823} INFO - Setting next_dagrun for tutorial_objectstorage to None, run_after=None
[2025-09-18T07:44:06.407+0000] {processor.py:183} INFO - Processing /home/airflow/.local/lib/python3.8/site-packages/airflow/example_dags/tutorial_objectstorage.py took 0.131 seconds
[2025-09-18T07:44:36.943+0000] {processor.py:161} INFO - Started process (PID=943) to work on /home/airflow/.local/lib/python3.8/site-packages/airflow/example_dags/tutorial_objectstorage.py
[2025-09-18T07:44:36.945+0000] {processor.py:830} INFO - Processing file /home/airflow/.local/lib/python3.8/site-packages/airflow/example_dags/tutorial_objectstorage.py for tasks to queue
[2025-09-18T07:44:36.949+0000] {logging_mixin.py:188} INFO - [2025-09-18T07:44:36.948+0000] {dagbag.py:538} INFO - Filling up the DagBag from /home/airflow/.local/lib/python3.8/site-packages/airflow/example_dags/tutorial_objectstorage.py
[2025-09-18T07:44:36.963+0000] {processor.py:840} INFO - DAG(s) 'tutorial_objectstorage' retrieved from /home/airflow/.local/lib/python3.8/site-packages/airflow/example_dags/tutorial_objectstorage.py
[2025-09-18T07:44:36.997+0000] {logging_mixin.py:188} INFO - [2025-09-18T07:44:36.997+0000] {dag.py:3036} INFO - Sync 1 DAGs
[2025-09-18T07:44:37.021+0000] {logging_mixin.py:188} INFO - [2025-09-18T07:44:37.021+0000] {dag.py:3823} INFO - Setting next_dagrun for tutorial_objectstorage to None, run_after=None
[2025-09-18T07:44:37.060+0000] {processor.py:183} INFO - Processing /home/airflow/.local/lib/python3.8/site-packages/airflow/example_dags/tutorial_objectstorage.py took 0.123 seconds
[2025-09-18T07:45:07.812+0000] {processor.py:161} INFO - Started process (PID=998) to work on /home/airflow/.local/lib/python3.8/site-packages/airflow/example_dags/tutorial_objectstorage.py
[2025-09-18T07:45:07.814+0000] {processor.py:830} INFO - Processing file /home/airflow/.local/lib/python3.8/site-packages/airflow/example_dags/tutorial_objectstorage.py for tasks to queue
[2025-09-18T07:45:07.822+0000] {logging_mixin.py:188} INFO - [2025-09-18T07:45:07.821+0000] {dagbag.py:538} INFO - Filling up the DagBag from /home/airflow/.local/lib/python3.8/site-packages/airflow/example_dags/tutorial_objectstorage.py
[2025-09-18T07:45:07.846+0000] {processor.py:840} INFO - DAG(s) 'tutorial_objectstorage' retrieved from /home/airflow/.local/lib/python3.8/site-packages/airflow/example_dags/tutorial_objectstorage.py
[2025-09-18T07:45:07.901+0000] {logging_mixin.py:188} INFO - [2025-09-18T07:45:07.900+0000] {dag.py:3036} INFO - Sync 1 DAGs
[2025-09-18T07:45:07.947+0000] {logging_mixin.py:188} INFO - [2025-09-18T07:45:07.947+0000] {dag.py:3823} INFO - Setting next_dagrun for tutorial_objectstorage to None, run_after=None
[2025-09-18T07:45:08.004+0000] {processor.py:183} INFO - Processing /home/airflow/.local/lib/python3.8/site-packages/airflow/example_dags/tutorial_objectstorage.py took 0.200 seconds
[2025-09-18T07:45:38.442+0000] {processor.py:161} INFO - Started process (PID=1053) to work on /home/airflow/.local/lib/python3.8/site-packages/airflow/example_dags/tutorial_objectstorage.py
[2025-09-18T07:45:38.445+0000] {processor.py:830} INFO - Processing file /home/airflow/.local/lib/python3.8/site-packages/airflow/example_dags/tutorial_objectstorage.py for tasks to queue
[2025-09-18T07:45:38.453+0000] {logging_mixin.py:188} INFO - [2025-09-18T07:45:38.453+0000] {dagbag.py:538} INFO - Filling up the DagBag from /home/airflow/.local/lib/python3.8/site-packages/airflow/example_dags/tutorial_objectstorage.py
[2025-09-18T07:45:38.468+0000] {processor.py:840} INFO - DAG(s) 'tutorial_objectstorage' retrieved from /home/airflow/.local/lib/python3.8/site-packages/airflow/example_dags/tutorial_objectstorage.py
[2025-09-18T07:45:38.511+0000] {logging_mixin.py:188} INFO - [2025-09-18T07:45:38.511+0000] {dag.py:3036} INFO - Sync 1 DAGs
[2025-09-18T07:45:38.540+0000] {logging_mixin.py:188} INFO - [2025-09-18T07:45:38.540+0000] {dag.py:3823} INFO - Setting next_dagrun for tutorial_objectstorage to None, run_after=None
[2025-09-18T07:45:38.583+0000] {processor.py:183} INFO - Processing /home/airflow/.local/lib/python3.8/site-packages/airflow/example_dags/tutorial_objectstorage.py took 0.147 seconds
[2025-09-18T07:46:09.320+0000] {processor.py:161} INFO - Started process (PID=1108) to work on /home/airflow/.local/lib/python3.8/site-packages/airflow/example_dags/tutorial_objectstorage.py
[2025-09-18T07:46:09.322+0000] {processor.py:830} INFO - Processing file /home/airflow/.local/lib/python3.8/site-packages/airflow/example_dags/tutorial_objectstorage.py for tasks to queue
[2025-09-18T07:46:09.325+0000] {logging_mixin.py:188} INFO - [2025-09-18T07:46:09.325+0000] {dagbag.py:538} INFO - Filling up the DagBag from /home/airflow/.local/lib/python3.8/site-packages/airflow/example_dags/tutorial_objectstorage.py
[2025-09-18T07:46:09.338+0000] {processor.py:840} INFO - DAG(s) 'tutorial_objectstorage' retrieved from /home/airflow/.local/lib/python3.8/site-packages/airflow/example_dags/tutorial_objectstorage.py
[2025-09-18T07:46:09.372+0000] {logging_mixin.py:188} INFO - [2025-09-18T07:46:09.371+0000] {dag.py:3036} INFO - Sync 1 DAGs
[2025-09-18T07:46:09.393+0000] {logging_mixin.py:188} INFO - [2025-09-18T07:46:09.393+0000] {dag.py:3823} INFO - Setting next_dagrun for tutorial_objectstorage to None, run_after=None
[2025-09-18T07:46:09.432+0000] {processor.py:183} INFO - Processing /home/airflow/.local/lib/python3.8/site-packages/airflow/example_dags/tutorial_objectstorage.py took 0.118 seconds
[2025-09-18T07:46:39.811+0000] {processor.py:161} INFO - Started process (PID=1163) to work on /home/airflow/.local/lib/python3.8/site-packages/airflow/example_dags/tutorial_objectstorage.py
[2025-09-18T07:46:39.813+0000] {processor.py:830} INFO - Processing file /home/airflow/.local/lib/python3.8/site-packages/airflow/example_dags/tutorial_objectstorage.py for tasks to queue
[2025-09-18T07:46:39.818+0000] {logging_mixin.py:188} INFO - [2025-09-18T07:46:39.817+0000] {dagbag.py:538} INFO - Filling up the DagBag from /home/airflow/.local/lib/python3.8/site-packages/airflow/example_dags/tutorial_objectstorage.py
[2025-09-18T07:46:39.834+0000] {processor.py:840} INFO - DAG(s) 'tutorial_objectstorage' retrieved from /home/airflow/.local/lib/python3.8/site-packages/airflow/example_dags/tutorial_objectstorage.py
[2025-09-18T07:46:39.875+0000] {logging_mixin.py:188} INFO - [2025-09-18T07:46:39.874+0000] {dag.py:3036} INFO - Sync 1 DAGs
[2025-09-18T07:46:39.901+0000] {logging_mixin.py:188} INFO - [2025-09-18T07:46:39.901+0000] {dag.py:3823} INFO - Setting next_dagrun for tutorial_objectstorage to None, run_after=None
[2025-09-18T07:46:39.947+0000] {processor.py:183} INFO - Processing /home/airflow/.local/lib/python3.8/site-packages/airflow/example_dags/tutorial_objectstorage.py took 0.143 seconds
[2025-09-18T07:47:10.706+0000] {processor.py:161} INFO - Started process (PID=1224) to work on /home/airflow/.local/lib/python3.8/site-packages/airflow/example_dags/tutorial_objectstorage.py
[2025-09-18T07:47:10.708+0000] {processor.py:830} INFO - Processing file /home/airflow/.local/lib/python3.8/site-packages/airflow/example_dags/tutorial_objectstorage.py for tasks to queue
[2025-09-18T07:47:10.712+0000] {logging_mixin.py:188} INFO - [2025-09-18T07:47:10.711+0000] {dagbag.py:538} INFO - Filling up the DagBag from /home/airflow/.local/lib/python3.8/site-packages/airflow/example_dags/tutorial_objectstorage.py
[2025-09-18T07:47:10.723+0000] {processor.py:840} INFO - DAG(s) 'tutorial_objectstorage' retrieved from /home/airflow/.local/lib/python3.8/site-packages/airflow/example_dags/tutorial_objectstorage.py
[2025-09-18T07:47:10.764+0000] {logging_mixin.py:188} INFO - [2025-09-18T07:47:10.764+0000] {dag.py:3036} INFO - Sync 1 DAGs
[2025-09-18T07:47:10.786+0000] {logging_mixin.py:188} INFO - [2025-09-18T07:47:10.785+0000] {dag.py:3823} INFO - Setting next_dagrun for tutorial_objectstorage to None, run_after=None
[2025-09-18T07:47:10.826+0000] {processor.py:183} INFO - Processing /home/airflow/.local/lib/python3.8/site-packages/airflow/example_dags/tutorial_objectstorage.py took 0.125 seconds
[2025-09-18T07:47:41.278+0000] {processor.py:161} INFO - Started process (PID=1280) to work on /home/airflow/.local/lib/python3.8/site-packages/airflow/example_dags/tutorial_objectstorage.py
[2025-09-18T07:47:41.280+0000] {processor.py:830} INFO - Processing file /home/airflow/.local/lib/python3.8/site-packages/airflow/example_dags/tutorial_objectstorage.py for tasks to queue
[2025-09-18T07:47:41.288+0000] {logging_mixin.py:188} INFO - [2025-09-18T07:47:41.287+0000] {dagbag.py:538} INFO - Filling up the DagBag from /home/airflow/.local/lib/python3.8/site-packages/airflow/example_dags/tutorial_objectstorage.py
[2025-09-18T07:47:41.303+0000] {processor.py:840} INFO - DAG(s) 'tutorial_objectstorage' retrieved from /home/airflow/.local/lib/python3.8/site-packages/airflow/example_dags/tutorial_objectstorage.py
[2025-09-18T07:47:41.348+0000] {logging_mixin.py:188} INFO - [2025-09-18T07:47:41.347+0000] {dag.py:3036} INFO - Sync 1 DAGs
[2025-09-18T07:47:41.375+0000] {logging_mixin.py:188} INFO - [2025-09-18T07:47:41.374+0000] {dag.py:3823} INFO - Setting next_dagrun for tutorial_objectstorage to None, run_after=None
[2025-09-18T07:47:41.425+0000] {processor.py:183} INFO - Processing /home/airflow/.local/lib/python3.8/site-packages/airflow/example_dags/tutorial_objectstorage.py took 0.153 seconds
[2025-09-18T07:48:11.865+0000] {processor.py:161} INFO - Started process (PID=1335) to work on /home/airflow/.local/lib/python3.8/site-packages/airflow/example_dags/tutorial_objectstorage.py
[2025-09-18T07:48:11.867+0000] {processor.py:830} INFO - Processing file /home/airflow/.local/lib/python3.8/site-packages/airflow/example_dags/tutorial_objectstorage.py for tasks to queue
[2025-09-18T07:48:11.871+0000] {logging_mixin.py:188} INFO - [2025-09-18T07:48:11.870+0000] {dagbag.py:538} INFO - Filling up the DagBag from /home/airflow/.local/lib/python3.8/site-packages/airflow/example_dags/tutorial_objectstorage.py
[2025-09-18T07:48:11.883+0000] {processor.py:840} INFO - DAG(s) 'tutorial_objectstorage' retrieved from /home/airflow/.local/lib/python3.8/site-packages/airflow/example_dags/tutorial_objectstorage.py
[2025-09-18T07:48:11.921+0000] {logging_mixin.py:188} INFO - [2025-09-18T07:48:11.921+0000] {dag.py:3036} INFO - Sync 1 DAGs
[2025-09-18T07:48:11.948+0000] {logging_mixin.py:188} INFO - [2025-09-18T07:48:11.947+0000] {dag.py:3823} INFO - Setting next_dagrun for tutorial_objectstorage to None, run_after=None
[2025-09-18T07:48:11.990+0000] {processor.py:183} INFO - Processing /home/airflow/.local/lib/python3.8/site-packages/airflow/example_dags/tutorial_objectstorage.py took 0.131 seconds
[2025-09-18T07:56:46.452+0000] {processor.py:161} INFO - Started process (PID=62) to work on /home/airflow/.local/lib/python3.8/site-packages/airflow/example_dags/tutorial_objectstorage.py
[2025-09-18T07:56:46.454+0000] {processor.py:830} INFO - Processing file /home/airflow/.local/lib/python3.8/site-packages/airflow/example_dags/tutorial_objectstorage.py for tasks to queue
[2025-09-18T07:56:46.458+0000] {logging_mixin.py:188} INFO - [2025-09-18T07:56:46.458+0000] {dagbag.py:538} INFO - Filling up the DagBag from /home/airflow/.local/lib/python3.8/site-packages/airflow/example_dags/tutorial_objectstorage.py
[2025-09-18T07:56:46.477+0000] {processor.py:840} INFO - DAG(s) 'tutorial_objectstorage' retrieved from /home/airflow/.local/lib/python3.8/site-packages/airflow/example_dags/tutorial_objectstorage.py
[2025-09-18T07:56:46.704+0000] {logging_mixin.py:188} INFO - [2025-09-18T07:56:46.703+0000] {override.py:1769} INFO - Created Permission View: can edit on DAG:tutorial_objectstorage
[2025-09-18T07:56:46.740+0000] {logging_mixin.py:188} INFO - [2025-09-18T07:56:46.739+0000] {override.py:1769} INFO - Created Permission View: can read on DAG:tutorial_objectstorage
[2025-09-18T07:56:46.759+0000] {logging_mixin.py:188} INFO - [2025-09-18T07:56:46.758+0000] {override.py:1769} INFO - Created Permission View: can delete on DAG:tutorial_objectstorage
[2025-09-18T07:56:46.761+0000] {logging_mixin.py:188} INFO - [2025-09-18T07:56:46.760+0000] {dag.py:3036} INFO - Sync 1 DAGs
[2025-09-18T07:56:46.785+0000] {logging_mixin.py:188} INFO - [2025-09-18T07:56:46.785+0000] {dag.py:3058} INFO - Creating ORM DAG for tutorial_objectstorage
[2025-09-18T07:56:46.787+0000] {logging_mixin.py:188} INFO - [2025-09-18T07:56:46.787+0000] {dag.py:3823} INFO - Setting next_dagrun for tutorial_objectstorage to None, run_after=None
[2025-09-18T07:56:46.823+0000] {processor.py:183} INFO - Processing /home/airflow/.local/lib/python3.8/site-packages/airflow/example_dags/tutorial_objectstorage.py took 0.378 seconds
[2025-09-18T07:57:23.550+0000] {processor.py:161} INFO - Started process (PID=117) to work on /home/airflow/.local/lib/python3.8/site-packages/airflow/example_dags/tutorial_objectstorage.py
[2025-09-18T07:57:23.553+0000] {processor.py:830} INFO - Processing file /home/airflow/.local/lib/python3.8/site-packages/airflow/example_dags/tutorial_objectstorage.py for tasks to queue
[2025-09-18T07:57:23.566+0000] {logging_mixin.py:188} INFO - [2025-09-18T07:57:23.565+0000] {dagbag.py:538} INFO - Filling up the DagBag from /home/airflow/.local/lib/python3.8/site-packages/airflow/example_dags/tutorial_objectstorage.py
[2025-09-18T07:57:23.590+0000] {processor.py:840} INFO - DAG(s) 'tutorial_objectstorage' retrieved from /home/airflow/.local/lib/python3.8/site-packages/airflow/example_dags/tutorial_objectstorage.py
[2025-09-18T07:57:23.650+0000] {logging_mixin.py:188} INFO - [2025-09-18T07:57:23.649+0000] {dag.py:3036} INFO - Sync 1 DAGs
[2025-09-18T07:57:23.687+0000] {logging_mixin.py:188} INFO - [2025-09-18T07:57:23.686+0000] {dag.py:3823} INFO - Setting next_dagrun for tutorial_objectstorage to None, run_after=None
[2025-09-18T07:57:23.732+0000] {processor.py:183} INFO - Processing /home/airflow/.local/lib/python3.8/site-packages/airflow/example_dags/tutorial_objectstorage.py took 0.190 seconds
[2025-09-18T07:57:54.481+0000] {processor.py:161} INFO - Started process (PID=173) to work on /home/airflow/.local/lib/python3.8/site-packages/airflow/example_dags/tutorial_objectstorage.py
[2025-09-18T07:57:54.484+0000] {processor.py:830} INFO - Processing file /home/airflow/.local/lib/python3.8/site-packages/airflow/example_dags/tutorial_objectstorage.py for tasks to queue
[2025-09-18T07:57:54.489+0000] {logging_mixin.py:188} INFO - [2025-09-18T07:57:54.488+0000] {dagbag.py:538} INFO - Filling up the DagBag from /home/airflow/.local/lib/python3.8/site-packages/airflow/example_dags/tutorial_objectstorage.py
[2025-09-18T07:57:54.502+0000] {processor.py:840} INFO - DAG(s) 'tutorial_objectstorage' retrieved from /home/airflow/.local/lib/python3.8/site-packages/airflow/example_dags/tutorial_objectstorage.py
[2025-09-18T07:57:54.539+0000] {logging_mixin.py:188} INFO - [2025-09-18T07:57:54.538+0000] {dag.py:3036} INFO - Sync 1 DAGs
[2025-09-18T07:57:54.568+0000] {logging_mixin.py:188} INFO - [2025-09-18T07:57:54.568+0000] {dag.py:3823} INFO - Setting next_dagrun for tutorial_objectstorage to None, run_after=None
[2025-09-18T07:57:54.618+0000] {processor.py:183} INFO - Processing /home/airflow/.local/lib/python3.8/site-packages/airflow/example_dags/tutorial_objectstorage.py took 0.142 seconds
[2025-09-18T09:46:50.592+0000] {processor.py:161} INFO - Started process (PID=62) to work on /home/airflow/.local/lib/python3.8/site-packages/airflow/example_dags/tutorial_objectstorage.py
[2025-09-18T09:46:50.595+0000] {processor.py:830} INFO - Processing file /home/airflow/.local/lib/python3.8/site-packages/airflow/example_dags/tutorial_objectstorage.py for tasks to queue
[2025-09-18T09:46:50.598+0000] {logging_mixin.py:188} INFO - [2025-09-18T09:46:50.598+0000] {dagbag.py:538} INFO - Filling up the DagBag from /home/airflow/.local/lib/python3.8/site-packages/airflow/example_dags/tutorial_objectstorage.py
[2025-09-18T09:46:50.618+0000] {processor.py:840} INFO - DAG(s) 'tutorial_objectstorage' retrieved from /home/airflow/.local/lib/python3.8/site-packages/airflow/example_dags/tutorial_objectstorage.py
[2025-09-18T09:46:50.809+0000] {logging_mixin.py:188} INFO - [2025-09-18T09:46:50.809+0000] {override.py:1769} INFO - Created Permission View: can delete on DAG:tutorial_objectstorage
[2025-09-18T09:46:50.827+0000] {logging_mixin.py:188} INFO - [2025-09-18T09:46:50.827+0000] {override.py:1769} INFO - Created Permission View: can edit on DAG:tutorial_objectstorage
[2025-09-18T09:46:50.840+0000] {logging_mixin.py:188} INFO - [2025-09-18T09:46:50.839+0000] {override.py:1769} INFO - Created Permission View: can read on DAG:tutorial_objectstorage
[2025-09-18T09:46:50.841+0000] {logging_mixin.py:188} INFO - [2025-09-18T09:46:50.840+0000] {dag.py:3036} INFO - Sync 1 DAGs
[2025-09-18T09:46:50.860+0000] {logging_mixin.py:188} INFO - [2025-09-18T09:46:50.860+0000] {dag.py:3058} INFO - Creating ORM DAG for tutorial_objectstorage
[2025-09-18T09:46:50.862+0000] {logging_mixin.py:188} INFO - [2025-09-18T09:46:50.861+0000] {dag.py:3823} INFO - Setting next_dagrun for tutorial_objectstorage to None, run_after=None
[2025-09-18T09:46:50.891+0000] {processor.py:183} INFO - Processing /home/airflow/.local/lib/python3.8/site-packages/airflow/example_dags/tutorial_objectstorage.py took 0.306 seconds
[2025-09-18T09:47:21.787+0000] {processor.py:161} INFO - Started process (PID=117) to work on /home/airflow/.local/lib/python3.8/site-packages/airflow/example_dags/tutorial_objectstorage.py
[2025-09-18T09:47:21.790+0000] {processor.py:830} INFO - Processing file /home/airflow/.local/lib/python3.8/site-packages/airflow/example_dags/tutorial_objectstorage.py for tasks to queue
[2025-09-18T09:47:21.797+0000] {logging_mixin.py:188} INFO - [2025-09-18T09:47:21.795+0000] {dagbag.py:538} INFO - Filling up the DagBag from /home/airflow/.local/lib/python3.8/site-packages/airflow/example_dags/tutorial_objectstorage.py
[2025-09-18T09:47:21.816+0000] {processor.py:840} INFO - DAG(s) 'tutorial_objectstorage' retrieved from /home/airflow/.local/lib/python3.8/site-packages/airflow/example_dags/tutorial_objectstorage.py
[2025-09-18T09:47:21.861+0000] {logging_mixin.py:188} INFO - [2025-09-18T09:47:21.860+0000] {dag.py:3036} INFO - Sync 1 DAGs
[2025-09-18T09:47:21.894+0000] {logging_mixin.py:188} INFO - [2025-09-18T09:47:21.893+0000] {dag.py:3823} INFO - Setting next_dagrun for tutorial_objectstorage to None, run_after=None
[2025-09-18T09:47:21.938+0000] {processor.py:183} INFO - Processing /home/airflow/.local/lib/python3.8/site-packages/airflow/example_dags/tutorial_objectstorage.py took 0.157 seconds
[2025-09-18T09:47:52.309+0000] {processor.py:161} INFO - Started process (PID=172) to work on /home/airflow/.local/lib/python3.8/site-packages/airflow/example_dags/tutorial_objectstorage.py
[2025-09-18T09:47:52.312+0000] {processor.py:830} INFO - Processing file /home/airflow/.local/lib/python3.8/site-packages/airflow/example_dags/tutorial_objectstorage.py for tasks to queue
[2025-09-18T09:47:52.317+0000] {logging_mixin.py:188} INFO - [2025-09-18T09:47:52.316+0000] {dagbag.py:538} INFO - Filling up the DagBag from /home/airflow/.local/lib/python3.8/site-packages/airflow/example_dags/tutorial_objectstorage.py
[2025-09-18T09:47:52.344+0000] {processor.py:840} INFO - DAG(s) 'tutorial_objectstorage' retrieved from /home/airflow/.local/lib/python3.8/site-packages/airflow/example_dags/tutorial_objectstorage.py
[2025-09-18T09:47:52.393+0000] {logging_mixin.py:188} INFO - [2025-09-18T09:47:52.392+0000] {dag.py:3036} INFO - Sync 1 DAGs
[2025-09-18T09:47:52.422+0000] {logging_mixin.py:188} INFO - [2025-09-18T09:47:52.421+0000] {dag.py:3823} INFO - Setting next_dagrun for tutorial_objectstorage to None, run_after=None
[2025-09-18T09:47:52.465+0000] {processor.py:183} INFO - Processing /home/airflow/.local/lib/python3.8/site-packages/airflow/example_dags/tutorial_objectstorage.py took 0.170 seconds
[2025-09-18T09:48:22.807+0000] {processor.py:161} INFO - Started process (PID=227) to work on /home/airflow/.local/lib/python3.8/site-packages/airflow/example_dags/tutorial_objectstorage.py
[2025-09-18T09:48:22.809+0000] {processor.py:830} INFO - Processing file /home/airflow/.local/lib/python3.8/site-packages/airflow/example_dags/tutorial_objectstorage.py for tasks to queue
[2025-09-18T09:48:22.812+0000] {logging_mixin.py:188} INFO - [2025-09-18T09:48:22.811+0000] {dagbag.py:538} INFO - Filling up the DagBag from /home/airflow/.local/lib/python3.8/site-packages/airflow/example_dags/tutorial_objectstorage.py
[2025-09-18T09:48:22.825+0000] {processor.py:840} INFO - DAG(s) 'tutorial_objectstorage' retrieved from /home/airflow/.local/lib/python3.8/site-packages/airflow/example_dags/tutorial_objectstorage.py
[2025-09-18T09:48:22.869+0000] {logging_mixin.py:188} INFO - [2025-09-18T09:48:22.868+0000] {dag.py:3036} INFO - Sync 1 DAGs
[2025-09-18T09:48:22.895+0000] {logging_mixin.py:188} INFO - [2025-09-18T09:48:22.894+0000] {dag.py:3823} INFO - Setting next_dagrun for tutorial_objectstorage to None, run_after=None
[2025-09-18T09:48:22.935+0000] {processor.py:183} INFO - Processing /home/airflow/.local/lib/python3.8/site-packages/airflow/example_dags/tutorial_objectstorage.py took 0.135 seconds
[2025-09-18T09:48:53.051+0000] {processor.py:161} INFO - Started process (PID=282) to work on /home/airflow/.local/lib/python3.8/site-packages/airflow/example_dags/tutorial_objectstorage.py
[2025-09-18T09:48:53.054+0000] {processor.py:830} INFO - Processing file /home/airflow/.local/lib/python3.8/site-packages/airflow/example_dags/tutorial_objectstorage.py for tasks to queue
[2025-09-18T09:48:53.058+0000] {logging_mixin.py:188} INFO - [2025-09-18T09:48:53.057+0000] {dagbag.py:538} INFO - Filling up the DagBag from /home/airflow/.local/lib/python3.8/site-packages/airflow/example_dags/tutorial_objectstorage.py
[2025-09-18T09:48:53.075+0000] {processor.py:840} INFO - DAG(s) 'tutorial_objectstorage' retrieved from /home/airflow/.local/lib/python3.8/site-packages/airflow/example_dags/tutorial_objectstorage.py
[2025-09-18T09:48:53.124+0000] {logging_mixin.py:188} INFO - [2025-09-18T09:48:53.123+0000] {dag.py:3036} INFO - Sync 1 DAGs
[2025-09-18T09:48:53.170+0000] {logging_mixin.py:188} INFO - [2025-09-18T09:48:53.170+0000] {dag.py:3823} INFO - Setting next_dagrun for tutorial_objectstorage to None, run_after=None
[2025-09-18T09:48:53.222+0000] {processor.py:183} INFO - Processing /home/airflow/.local/lib/python3.8/site-packages/airflow/example_dags/tutorial_objectstorage.py took 0.179 seconds
[2025-09-18T09:49:23.356+0000] {processor.py:161} INFO - Started process (PID=337) to work on /home/airflow/.local/lib/python3.8/site-packages/airflow/example_dags/tutorial_objectstorage.py
[2025-09-18T09:49:23.358+0000] {processor.py:830} INFO - Processing file /home/airflow/.local/lib/python3.8/site-packages/airflow/example_dags/tutorial_objectstorage.py for tasks to queue
[2025-09-18T09:49:23.361+0000] {logging_mixin.py:188} INFO - [2025-09-18T09:49:23.361+0000] {dagbag.py:538} INFO - Filling up the DagBag from /home/airflow/.local/lib/python3.8/site-packages/airflow/example_dags/tutorial_objectstorage.py
[2025-09-18T09:49:23.373+0000] {processor.py:840} INFO - DAG(s) 'tutorial_objectstorage' retrieved from /home/airflow/.local/lib/python3.8/site-packages/airflow/example_dags/tutorial_objectstorage.py
[2025-09-18T09:49:23.411+0000] {logging_mixin.py:188} INFO - [2025-09-18T09:49:23.411+0000] {dag.py:3036} INFO - Sync 1 DAGs
[2025-09-18T09:49:23.435+0000] {logging_mixin.py:188} INFO - [2025-09-18T09:49:23.435+0000] {dag.py:3823} INFO - Setting next_dagrun for tutorial_objectstorage to None, run_after=None
[2025-09-18T09:49:23.474+0000] {processor.py:183} INFO - Processing /home/airflow/.local/lib/python3.8/site-packages/airflow/example_dags/tutorial_objectstorage.py took 0.125 seconds
[2025-09-18T09:49:54.050+0000] {processor.py:161} INFO - Started process (PID=392) to work on /home/airflow/.local/lib/python3.8/site-packages/airflow/example_dags/tutorial_objectstorage.py
[2025-09-18T09:49:54.052+0000] {processor.py:830} INFO - Processing file /home/airflow/.local/lib/python3.8/site-packages/airflow/example_dags/tutorial_objectstorage.py for tasks to queue
[2025-09-18T09:49:54.057+0000] {logging_mixin.py:188} INFO - [2025-09-18T09:49:54.056+0000] {dagbag.py:538} INFO - Filling up the DagBag from /home/airflow/.local/lib/python3.8/site-packages/airflow/example_dags/tutorial_objectstorage.py
[2025-09-18T09:49:54.071+0000] {processor.py:840} INFO - DAG(s) 'tutorial_objectstorage' retrieved from /home/airflow/.local/lib/python3.8/site-packages/airflow/example_dags/tutorial_objectstorage.py
[2025-09-18T09:49:54.126+0000] {logging_mixin.py:188} INFO - [2025-09-18T09:49:54.125+0000] {dag.py:3036} INFO - Sync 1 DAGs
[2025-09-18T09:49:54.157+0000] {logging_mixin.py:188} INFO - [2025-09-18T09:49:54.156+0000] {dag.py:3823} INFO - Setting next_dagrun for tutorial_objectstorage to None, run_after=None
[2025-09-18T09:49:54.207+0000] {processor.py:183} INFO - Processing /home/airflow/.local/lib/python3.8/site-packages/airflow/example_dags/tutorial_objectstorage.py took 0.164 seconds
[2025-09-18T09:50:24.743+0000] {processor.py:161} INFO - Started process (PID=447) to work on /home/airflow/.local/lib/python3.8/site-packages/airflow/example_dags/tutorial_objectstorage.py
[2025-09-18T09:50:24.745+0000] {processor.py:830} INFO - Processing file /home/airflow/.local/lib/python3.8/site-packages/airflow/example_dags/tutorial_objectstorage.py for tasks to queue
[2025-09-18T09:50:24.750+0000] {logging_mixin.py:188} INFO - [2025-09-18T09:50:24.749+0000] {dagbag.py:538} INFO - Filling up the DagBag from /home/airflow/.local/lib/python3.8/site-packages/airflow/example_dags/tutorial_objectstorage.py
[2025-09-18T09:50:24.769+0000] {processor.py:840} INFO - DAG(s) 'tutorial_objectstorage' retrieved from /home/airflow/.local/lib/python3.8/site-packages/airflow/example_dags/tutorial_objectstorage.py
[2025-09-18T09:50:24.808+0000] {logging_mixin.py:188} INFO - [2025-09-18T09:50:24.807+0000] {dag.py:3036} INFO - Sync 1 DAGs
[2025-09-18T09:50:24.834+0000] {logging_mixin.py:188} INFO - [2025-09-18T09:50:24.833+0000] {dag.py:3823} INFO - Setting next_dagrun for tutorial_objectstorage to None, run_after=None
[2025-09-18T09:50:24.872+0000] {processor.py:183} INFO - Processing /home/airflow/.local/lib/python3.8/site-packages/airflow/example_dags/tutorial_objectstorage.py took 0.134 seconds
[2025-09-18T09:50:55.417+0000] {processor.py:161} INFO - Started process (PID=502) to work on /home/airflow/.local/lib/python3.8/site-packages/airflow/example_dags/tutorial_objectstorage.py
[2025-09-18T09:50:55.419+0000] {processor.py:830} INFO - Processing file /home/airflow/.local/lib/python3.8/site-packages/airflow/example_dags/tutorial_objectstorage.py for tasks to queue
[2025-09-18T09:50:55.423+0000] {logging_mixin.py:188} INFO - [2025-09-18T09:50:55.423+0000] {dagbag.py:538} INFO - Filling up the DagBag from /home/airflow/.local/lib/python3.8/site-packages/airflow/example_dags/tutorial_objectstorage.py
[2025-09-18T09:50:55.436+0000] {processor.py:840} INFO - DAG(s) 'tutorial_objectstorage' retrieved from /home/airflow/.local/lib/python3.8/site-packages/airflow/example_dags/tutorial_objectstorage.py
[2025-09-18T09:50:55.473+0000] {logging_mixin.py:188} INFO - [2025-09-18T09:50:55.472+0000] {dag.py:3036} INFO - Sync 1 DAGs
[2025-09-18T09:50:55.502+0000] {logging_mixin.py:188} INFO - [2025-09-18T09:50:55.501+0000] {dag.py:3823} INFO - Setting next_dagrun for tutorial_objectstorage to None, run_after=None
[2025-09-18T09:50:55.548+0000] {processor.py:183} INFO - Processing /home/airflow/.local/lib/python3.8/site-packages/airflow/example_dags/tutorial_objectstorage.py took 0.136 seconds
[2025-09-18T09:54:01.030+0000] {processor.py:161} INFO - Started process (PID=63) to work on /home/airflow/.local/lib/python3.8/site-packages/airflow/example_dags/tutorial_objectstorage.py
[2025-09-18T09:54:01.032+0000] {processor.py:830} INFO - Processing file /home/airflow/.local/lib/python3.8/site-packages/airflow/example_dags/tutorial_objectstorage.py for tasks to queue
[2025-09-18T09:54:01.036+0000] {logging_mixin.py:188} INFO - [2025-09-18T09:54:01.035+0000] {dagbag.py:538} INFO - Filling up the DagBag from /home/airflow/.local/lib/python3.8/site-packages/airflow/example_dags/tutorial_objectstorage.py
[2025-09-18T09:54:01.053+0000] {processor.py:840} INFO - DAG(s) 'tutorial_objectstorage' retrieved from /home/airflow/.local/lib/python3.8/site-packages/airflow/example_dags/tutorial_objectstorage.py
[2025-09-18T09:54:01.299+0000] {logging_mixin.py:188} INFO - [2025-09-18T09:54:01.298+0000] {override.py:1769} INFO - Created Permission View: can delete on DAG:tutorial_objectstorage
[2025-09-18T09:54:01.324+0000] {logging_mixin.py:188} INFO - [2025-09-18T09:54:01.323+0000] {override.py:1769} INFO - Created Permission View: can edit on DAG:tutorial_objectstorage
[2025-09-18T09:54:01.341+0000] {logging_mixin.py:188} INFO - [2025-09-18T09:54:01.340+0000] {override.py:1769} INFO - Created Permission View: can read on DAG:tutorial_objectstorage
[2025-09-18T09:54:01.342+0000] {logging_mixin.py:188} INFO - [2025-09-18T09:54:01.342+0000] {dag.py:3036} INFO - Sync 1 DAGs
[2025-09-18T09:54:01.374+0000] {logging_mixin.py:188} INFO - [2025-09-18T09:54:01.373+0000] {dag.py:3058} INFO - Creating ORM DAG for tutorial_objectstorage
[2025-09-18T09:54:01.376+0000] {logging_mixin.py:188} INFO - [2025-09-18T09:54:01.375+0000] {dag.py:3823} INFO - Setting next_dagrun for tutorial_objectstorage to None, run_after=None
[2025-09-18T09:54:01.417+0000] {processor.py:183} INFO - Processing /home/airflow/.local/lib/python3.8/site-packages/airflow/example_dags/tutorial_objectstorage.py took 0.397 seconds
[2025-09-18T09:54:31.734+0000] {processor.py:161} INFO - Started process (PID=118) to work on /home/airflow/.local/lib/python3.8/site-packages/airflow/example_dags/tutorial_objectstorage.py
[2025-09-18T09:54:31.736+0000] {processor.py:830} INFO - Processing file /home/airflow/.local/lib/python3.8/site-packages/airflow/example_dags/tutorial_objectstorage.py for tasks to queue
[2025-09-18T09:54:31.739+0000] {logging_mixin.py:188} INFO - [2025-09-18T09:54:31.738+0000] {dagbag.py:538} INFO - Filling up the DagBag from /home/airflow/.local/lib/python3.8/site-packages/airflow/example_dags/tutorial_objectstorage.py
[2025-09-18T09:54:31.753+0000] {processor.py:840} INFO - DAG(s) 'tutorial_objectstorage' retrieved from /home/airflow/.local/lib/python3.8/site-packages/airflow/example_dags/tutorial_objectstorage.py
[2025-09-18T09:54:31.791+0000] {logging_mixin.py:188} INFO - [2025-09-18T09:54:31.791+0000] {dag.py:3036} INFO - Sync 1 DAGs
[2025-09-18T09:54:31.820+0000] {logging_mixin.py:188} INFO - [2025-09-18T09:54:31.820+0000] {dag.py:3823} INFO - Setting next_dagrun for tutorial_objectstorage to None, run_after=None
[2025-09-18T09:54:31.859+0000] {processor.py:183} INFO - Processing /home/airflow/.local/lib/python3.8/site-packages/airflow/example_dags/tutorial_objectstorage.py took 0.131 seconds
[2025-09-18T09:55:02.196+0000] {processor.py:161} INFO - Started process (PID=174) to work on /home/airflow/.local/lib/python3.8/site-packages/airflow/example_dags/tutorial_objectstorage.py
[2025-09-18T09:55:02.198+0000] {processor.py:830} INFO - Processing file /home/airflow/.local/lib/python3.8/site-packages/airflow/example_dags/tutorial_objectstorage.py for tasks to queue
[2025-09-18T09:55:02.202+0000] {logging_mixin.py:188} INFO - [2025-09-18T09:55:02.200+0000] {dagbag.py:538} INFO - Filling up the DagBag from /home/airflow/.local/lib/python3.8/site-packages/airflow/example_dags/tutorial_objectstorage.py
[2025-09-18T09:55:02.215+0000] {processor.py:840} INFO - DAG(s) 'tutorial_objectstorage' retrieved from /home/airflow/.local/lib/python3.8/site-packages/airflow/example_dags/tutorial_objectstorage.py
[2025-09-18T09:55:02.251+0000] {logging_mixin.py:188} INFO - [2025-09-18T09:55:02.251+0000] {dag.py:3036} INFO - Sync 1 DAGs
[2025-09-18T09:55:02.275+0000] {logging_mixin.py:188} INFO - [2025-09-18T09:55:02.274+0000] {dag.py:3823} INFO - Setting next_dagrun for tutorial_objectstorage to None, run_after=None
[2025-09-18T09:55:02.314+0000] {processor.py:183} INFO - Processing /home/airflow/.local/lib/python3.8/site-packages/airflow/example_dags/tutorial_objectstorage.py took 0.124 seconds
[2025-09-18T09:55:32.639+0000] {processor.py:161} INFO - Started process (PID=229) to work on /home/airflow/.local/lib/python3.8/site-packages/airflow/example_dags/tutorial_objectstorage.py
[2025-09-18T09:55:32.659+0000] {processor.py:830} INFO - Processing file /home/airflow/.local/lib/python3.8/site-packages/airflow/example_dags/tutorial_objectstorage.py for tasks to queue
[2025-09-18T09:55:32.700+0000] {logging_mixin.py:188} INFO - [2025-09-18T09:55:32.699+0000] {dagbag.py:538} INFO - Filling up the DagBag from /home/airflow/.local/lib/python3.8/site-packages/airflow/example_dags/tutorial_objectstorage.py
[2025-09-18T09:55:32.745+0000] {processor.py:840} INFO - DAG(s) 'tutorial_objectstorage' retrieved from /home/airflow/.local/lib/python3.8/site-packages/airflow/example_dags/tutorial_objectstorage.py
[2025-09-18T09:55:32.841+0000] {logging_mixin.py:188} INFO - [2025-09-18T09:55:32.841+0000] {dag.py:3036} INFO - Sync 1 DAGs
[2025-09-18T09:55:32.873+0000] {logging_mixin.py:188} INFO - [2025-09-18T09:55:32.872+0000] {dag.py:3823} INFO - Setting next_dagrun for tutorial_objectstorage to None, run_after=None
[2025-09-18T09:55:32.932+0000] {processor.py:183} INFO - Processing /home/airflow/.local/lib/python3.8/site-packages/airflow/example_dags/tutorial_objectstorage.py took 0.313 seconds
[2025-09-18T09:56:03.510+0000] {processor.py:161} INFO - Started process (PID=284) to work on /home/airflow/.local/lib/python3.8/site-packages/airflow/example_dags/tutorial_objectstorage.py
[2025-09-18T09:56:03.513+0000] {processor.py:830} INFO - Processing file /home/airflow/.local/lib/python3.8/site-packages/airflow/example_dags/tutorial_objectstorage.py for tasks to queue
[2025-09-18T09:56:03.516+0000] {logging_mixin.py:188} INFO - [2025-09-18T09:56:03.516+0000] {dagbag.py:538} INFO - Filling up the DagBag from /home/airflow/.local/lib/python3.8/site-packages/airflow/example_dags/tutorial_objectstorage.py
[2025-09-18T09:56:03.530+0000] {processor.py:840} INFO - DAG(s) 'tutorial_objectstorage' retrieved from /home/airflow/.local/lib/python3.8/site-packages/airflow/example_dags/tutorial_objectstorage.py
[2025-09-18T09:56:03.568+0000] {logging_mixin.py:188} INFO - [2025-09-18T09:56:03.568+0000] {dag.py:3036} INFO - Sync 1 DAGs
[2025-09-18T09:56:03.593+0000] {logging_mixin.py:188} INFO - [2025-09-18T09:56:03.593+0000] {dag.py:3823} INFO - Setting next_dagrun for tutorial_objectstorage to None, run_after=None
[2025-09-18T09:56:03.645+0000] {processor.py:183} INFO - Processing /home/airflow/.local/lib/python3.8/site-packages/airflow/example_dags/tutorial_objectstorage.py took 0.141 seconds
[2025-09-18T09:56:33.877+0000] {processor.py:161} INFO - Started process (PID=339) to work on /home/airflow/.local/lib/python3.8/site-packages/airflow/example_dags/tutorial_objectstorage.py
[2025-09-18T09:56:33.879+0000] {processor.py:830} INFO - Processing file /home/airflow/.local/lib/python3.8/site-packages/airflow/example_dags/tutorial_objectstorage.py for tasks to queue
[2025-09-18T09:56:33.883+0000] {logging_mixin.py:188} INFO - [2025-09-18T09:56:33.883+0000] {dagbag.py:538} INFO - Filling up the DagBag from /home/airflow/.local/lib/python3.8/site-packages/airflow/example_dags/tutorial_objectstorage.py
[2025-09-18T09:56:33.896+0000] {processor.py:840} INFO - DAG(s) 'tutorial_objectstorage' retrieved from /home/airflow/.local/lib/python3.8/site-packages/airflow/example_dags/tutorial_objectstorage.py
[2025-09-18T09:56:33.938+0000] {logging_mixin.py:188} INFO - [2025-09-18T09:56:33.938+0000] {dag.py:3036} INFO - Sync 1 DAGs
[2025-09-18T09:56:33.970+0000] {logging_mixin.py:188} INFO - [2025-09-18T09:56:33.969+0000] {dag.py:3823} INFO - Setting next_dagrun for tutorial_objectstorage to None, run_after=None
[2025-09-18T09:56:34.010+0000] {processor.py:183} INFO - Processing /home/airflow/.local/lib/python3.8/site-packages/airflow/example_dags/tutorial_objectstorage.py took 0.139 seconds
[2025-09-18T09:57:04.591+0000] {processor.py:161} INFO - Started process (PID=394) to work on /home/airflow/.local/lib/python3.8/site-packages/airflow/example_dags/tutorial_objectstorage.py
[2025-09-18T09:57:04.593+0000] {processor.py:830} INFO - Processing file /home/airflow/.local/lib/python3.8/site-packages/airflow/example_dags/tutorial_objectstorage.py for tasks to queue
[2025-09-18T09:57:04.597+0000] {logging_mixin.py:188} INFO - [2025-09-18T09:57:04.597+0000] {dagbag.py:538} INFO - Filling up the DagBag from /home/airflow/.local/lib/python3.8/site-packages/airflow/example_dags/tutorial_objectstorage.py
[2025-09-18T09:57:04.609+0000] {processor.py:840} INFO - DAG(s) 'tutorial_objectstorage' retrieved from /home/airflow/.local/lib/python3.8/site-packages/airflow/example_dags/tutorial_objectstorage.py
[2025-09-18T09:57:04.643+0000] {logging_mixin.py:188} INFO - [2025-09-18T09:57:04.643+0000] {dag.py:3036} INFO - Sync 1 DAGs
[2025-09-18T09:57:04.666+0000] {logging_mixin.py:188} INFO - [2025-09-18T09:57:04.666+0000] {dag.py:3823} INFO - Setting next_dagrun for tutorial_objectstorage to None, run_after=None
[2025-09-18T09:57:04.714+0000] {processor.py:183} INFO - Processing /home/airflow/.local/lib/python3.8/site-packages/airflow/example_dags/tutorial_objectstorage.py took 0.129 seconds
[2025-09-18T09:57:35.171+0000] {processor.py:161} INFO - Started process (PID=449) to work on /home/airflow/.local/lib/python3.8/site-packages/airflow/example_dags/tutorial_objectstorage.py
[2025-09-18T09:57:35.174+0000] {processor.py:830} INFO - Processing file /home/airflow/.local/lib/python3.8/site-packages/airflow/example_dags/tutorial_objectstorage.py for tasks to queue
[2025-09-18T09:57:35.184+0000] {logging_mixin.py:188} INFO - [2025-09-18T09:57:35.183+0000] {dagbag.py:538} INFO - Filling up the DagBag from /home/airflow/.local/lib/python3.8/site-packages/airflow/example_dags/tutorial_objectstorage.py
[2025-09-18T09:57:35.197+0000] {processor.py:840} INFO - DAG(s) 'tutorial_objectstorage' retrieved from /home/airflow/.local/lib/python3.8/site-packages/airflow/example_dags/tutorial_objectstorage.py
[2025-09-18T09:57:35.244+0000] {logging_mixin.py:188} INFO - [2025-09-18T09:57:35.242+0000] {dag.py:3036} INFO - Sync 1 DAGs
[2025-09-18T09:57:35.273+0000] {logging_mixin.py:188} INFO - [2025-09-18T09:57:35.272+0000] {dag.py:3823} INFO - Setting next_dagrun for tutorial_objectstorage to None, run_after=None
[2025-09-18T09:57:35.316+0000] {processor.py:183} INFO - Processing /home/airflow/.local/lib/python3.8/site-packages/airflow/example_dags/tutorial_objectstorage.py took 0.160 seconds
[2025-09-18T09:58:05.381+0000] {processor.py:161} INFO - Started process (PID=504) to work on /home/airflow/.local/lib/python3.8/site-packages/airflow/example_dags/tutorial_objectstorage.py
[2025-09-18T09:58:05.383+0000] {processor.py:830} INFO - Processing file /home/airflow/.local/lib/python3.8/site-packages/airflow/example_dags/tutorial_objectstorage.py for tasks to queue
[2025-09-18T09:58:05.387+0000] {logging_mixin.py:188} INFO - [2025-09-18T09:58:05.386+0000] {dagbag.py:538} INFO - Filling up the DagBag from /home/airflow/.local/lib/python3.8/site-packages/airflow/example_dags/tutorial_objectstorage.py
[2025-09-18T09:58:05.399+0000] {processor.py:840} INFO - DAG(s) 'tutorial_objectstorage' retrieved from /home/airflow/.local/lib/python3.8/site-packages/airflow/example_dags/tutorial_objectstorage.py
[2025-09-18T09:58:05.437+0000] {logging_mixin.py:188} INFO - [2025-09-18T09:58:05.436+0000] {dag.py:3036} INFO - Sync 1 DAGs
[2025-09-18T09:58:05.462+0000] {logging_mixin.py:188} INFO - [2025-09-18T09:58:05.461+0000] {dag.py:3823} INFO - Setting next_dagrun for tutorial_objectstorage to None, run_after=None
[2025-09-18T09:58:05.498+0000] {processor.py:183} INFO - Processing /home/airflow/.local/lib/python3.8/site-packages/airflow/example_dags/tutorial_objectstorage.py took 0.123 seconds
[2025-09-18T09:58:35.748+0000] {processor.py:161} INFO - Started process (PID=559) to work on /home/airflow/.local/lib/python3.8/site-packages/airflow/example_dags/tutorial_objectstorage.py
[2025-09-18T09:58:35.750+0000] {processor.py:830} INFO - Processing file /home/airflow/.local/lib/python3.8/site-packages/airflow/example_dags/tutorial_objectstorage.py for tasks to queue
[2025-09-18T09:58:35.753+0000] {logging_mixin.py:188} INFO - [2025-09-18T09:58:35.753+0000] {dagbag.py:538} INFO - Filling up the DagBag from /home/airflow/.local/lib/python3.8/site-packages/airflow/example_dags/tutorial_objectstorage.py
[2025-09-18T09:58:35.765+0000] {processor.py:840} INFO - DAG(s) 'tutorial_objectstorage' retrieved from /home/airflow/.local/lib/python3.8/site-packages/airflow/example_dags/tutorial_objectstorage.py
[2025-09-18T09:58:35.800+0000] {logging_mixin.py:188} INFO - [2025-09-18T09:58:35.799+0000] {dag.py:3036} INFO - Sync 1 DAGs
[2025-09-18T09:58:35.822+0000] {logging_mixin.py:188} INFO - [2025-09-18T09:58:35.822+0000] {dag.py:3823} INFO - Setting next_dagrun for tutorial_objectstorage to None, run_after=None
[2025-09-18T09:58:35.862+0000] {processor.py:183} INFO - Processing /home/airflow/.local/lib/python3.8/site-packages/airflow/example_dags/tutorial_objectstorage.py took 0.120 seconds
[2025-09-18T09:59:05.986+0000] {processor.py:161} INFO - Started process (PID=614) to work on /home/airflow/.local/lib/python3.8/site-packages/airflow/example_dags/tutorial_objectstorage.py
[2025-09-18T09:59:05.988+0000] {processor.py:830} INFO - Processing file /home/airflow/.local/lib/python3.8/site-packages/airflow/example_dags/tutorial_objectstorage.py for tasks to queue
[2025-09-18T09:59:05.992+0000] {logging_mixin.py:188} INFO - [2025-09-18T09:59:05.991+0000] {dagbag.py:538} INFO - Filling up the DagBag from /home/airflow/.local/lib/python3.8/site-packages/airflow/example_dags/tutorial_objectstorage.py
[2025-09-18T09:59:06.005+0000] {processor.py:840} INFO - DAG(s) 'tutorial_objectstorage' retrieved from /home/airflow/.local/lib/python3.8/site-packages/airflow/example_dags/tutorial_objectstorage.py
[2025-09-18T09:59:06.040+0000] {logging_mixin.py:188} INFO - [2025-09-18T09:59:06.039+0000] {dag.py:3036} INFO - Sync 1 DAGs
[2025-09-18T09:59:06.064+0000] {logging_mixin.py:188} INFO - [2025-09-18T09:59:06.063+0000] {dag.py:3823} INFO - Setting next_dagrun for tutorial_objectstorage to None, run_after=None
[2025-09-18T09:59:06.107+0000] {processor.py:183} INFO - Processing /home/airflow/.local/lib/python3.8/site-packages/airflow/example_dags/tutorial_objectstorage.py took 0.126 seconds
[2025-09-18T09:59:36.961+0000] {processor.py:161} INFO - Started process (PID=669) to work on /home/airflow/.local/lib/python3.8/site-packages/airflow/example_dags/tutorial_objectstorage.py
[2025-09-18T09:59:36.963+0000] {processor.py:830} INFO - Processing file /home/airflow/.local/lib/python3.8/site-packages/airflow/example_dags/tutorial_objectstorage.py for tasks to queue
[2025-09-18T09:59:36.966+0000] {logging_mixin.py:188} INFO - [2025-09-18T09:59:36.966+0000] {dagbag.py:538} INFO - Filling up the DagBag from /home/airflow/.local/lib/python3.8/site-packages/airflow/example_dags/tutorial_objectstorage.py
[2025-09-18T09:59:36.980+0000] {processor.py:840} INFO - DAG(s) 'tutorial_objectstorage' retrieved from /home/airflow/.local/lib/python3.8/site-packages/airflow/example_dags/tutorial_objectstorage.py
[2025-09-18T09:59:37.023+0000] {logging_mixin.py:188} INFO - [2025-09-18T09:59:37.022+0000] {dag.py:3036} INFO - Sync 1 DAGs
[2025-09-18T09:59:37.048+0000] {logging_mixin.py:188} INFO - [2025-09-18T09:59:37.047+0000] {dag.py:3823} INFO - Setting next_dagrun for tutorial_objectstorage to None, run_after=None
[2025-09-18T09:59:37.090+0000] {processor.py:183} INFO - Processing /home/airflow/.local/lib/python3.8/site-packages/airflow/example_dags/tutorial_objectstorage.py took 0.135 seconds
[2025-09-18T10:00:07.905+0000] {processor.py:161} INFO - Started process (PID=730) to work on /home/airflow/.local/lib/python3.8/site-packages/airflow/example_dags/tutorial_objectstorage.py
[2025-09-18T10:00:07.907+0000] {processor.py:830} INFO - Processing file /home/airflow/.local/lib/python3.8/site-packages/airflow/example_dags/tutorial_objectstorage.py for tasks to queue
[2025-09-18T10:00:07.910+0000] {logging_mixin.py:188} INFO - [2025-09-18T10:00:07.910+0000] {dagbag.py:538} INFO - Filling up the DagBag from /home/airflow/.local/lib/python3.8/site-packages/airflow/example_dags/tutorial_objectstorage.py
[2025-09-18T10:00:07.927+0000] {processor.py:840} INFO - DAG(s) 'tutorial_objectstorage' retrieved from /home/airflow/.local/lib/python3.8/site-packages/airflow/example_dags/tutorial_objectstorage.py
[2025-09-18T10:00:07.970+0000] {logging_mixin.py:188} INFO - [2025-09-18T10:00:07.970+0000] {dag.py:3036} INFO - Sync 1 DAGs
[2025-09-18T10:00:07.998+0000] {logging_mixin.py:188} INFO - [2025-09-18T10:00:07.998+0000] {dag.py:3823} INFO - Setting next_dagrun for tutorial_objectstorage to None, run_after=None
[2025-09-18T10:00:08.041+0000] {processor.py:183} INFO - Processing /home/airflow/.local/lib/python3.8/site-packages/airflow/example_dags/tutorial_objectstorage.py took 0.142 seconds
[2025-09-18T10:00:38.531+0000] {processor.py:161} INFO - Started process (PID=785) to work on /home/airflow/.local/lib/python3.8/site-packages/airflow/example_dags/tutorial_objectstorage.py
[2025-09-18T10:00:38.533+0000] {processor.py:830} INFO - Processing file /home/airflow/.local/lib/python3.8/site-packages/airflow/example_dags/tutorial_objectstorage.py for tasks to queue
[2025-09-18T10:00:38.537+0000] {logging_mixin.py:188} INFO - [2025-09-18T10:00:38.537+0000] {dagbag.py:538} INFO - Filling up the DagBag from /home/airflow/.local/lib/python3.8/site-packages/airflow/example_dags/tutorial_objectstorage.py
[2025-09-18T10:00:38.551+0000] {processor.py:840} INFO - DAG(s) 'tutorial_objectstorage' retrieved from /home/airflow/.local/lib/python3.8/site-packages/airflow/example_dags/tutorial_objectstorage.py
[2025-09-18T10:00:38.589+0000] {logging_mixin.py:188} INFO - [2025-09-18T10:00:38.589+0000] {dag.py:3036} INFO - Sync 1 DAGs
[2025-09-18T10:00:38.613+0000] {logging_mixin.py:188} INFO - [2025-09-18T10:00:38.613+0000] {dag.py:3823} INFO - Setting next_dagrun for tutorial_objectstorage to None, run_after=None
[2025-09-18T10:00:38.652+0000] {processor.py:183} INFO - Processing /home/airflow/.local/lib/python3.8/site-packages/airflow/example_dags/tutorial_objectstorage.py took 0.128 seconds
[2025-09-18T10:01:09.291+0000] {processor.py:161} INFO - Started process (PID=840) to work on /home/airflow/.local/lib/python3.8/site-packages/airflow/example_dags/tutorial_objectstorage.py
[2025-09-18T10:01:09.294+0000] {processor.py:830} INFO - Processing file /home/airflow/.local/lib/python3.8/site-packages/airflow/example_dags/tutorial_objectstorage.py for tasks to queue
[2025-09-18T10:01:09.297+0000] {logging_mixin.py:188} INFO - [2025-09-18T10:01:09.297+0000] {dagbag.py:538} INFO - Filling up the DagBag from /home/airflow/.local/lib/python3.8/site-packages/airflow/example_dags/tutorial_objectstorage.py
[2025-09-18T10:01:09.309+0000] {processor.py:840} INFO - DAG(s) 'tutorial_objectstorage' retrieved from /home/airflow/.local/lib/python3.8/site-packages/airflow/example_dags/tutorial_objectstorage.py
[2025-09-18T10:01:09.344+0000] {logging_mixin.py:188} INFO - [2025-09-18T10:01:09.344+0000] {dag.py:3036} INFO - Sync 1 DAGs
[2025-09-18T10:01:09.368+0000] {logging_mixin.py:188} INFO - [2025-09-18T10:01:09.367+0000] {dag.py:3823} INFO - Setting next_dagrun for tutorial_objectstorage to None, run_after=None
[2025-09-18T10:01:09.404+0000] {processor.py:183} INFO - Processing /home/airflow/.local/lib/python3.8/site-packages/airflow/example_dags/tutorial_objectstorage.py took 0.118 seconds
[2025-09-18T10:01:39.756+0000] {processor.py:161} INFO - Started process (PID=895) to work on /home/airflow/.local/lib/python3.8/site-packages/airflow/example_dags/tutorial_objectstorage.py
[2025-09-18T10:01:39.758+0000] {processor.py:830} INFO - Processing file /home/airflow/.local/lib/python3.8/site-packages/airflow/example_dags/tutorial_objectstorage.py for tasks to queue
[2025-09-18T10:01:39.762+0000] {logging_mixin.py:188} INFO - [2025-09-18T10:01:39.761+0000] {dagbag.py:538} INFO - Filling up the DagBag from /home/airflow/.local/lib/python3.8/site-packages/airflow/example_dags/tutorial_objectstorage.py
[2025-09-18T10:01:39.774+0000] {processor.py:840} INFO - DAG(s) 'tutorial_objectstorage' retrieved from /home/airflow/.local/lib/python3.8/site-packages/airflow/example_dags/tutorial_objectstorage.py
[2025-09-18T10:01:39.810+0000] {logging_mixin.py:188} INFO - [2025-09-18T10:01:39.810+0000] {dag.py:3036} INFO - Sync 1 DAGs
[2025-09-18T10:01:39.835+0000] {logging_mixin.py:188} INFO - [2025-09-18T10:01:39.834+0000] {dag.py:3823} INFO - Setting next_dagrun for tutorial_objectstorage to None, run_after=None
[2025-09-18T10:01:39.869+0000] {processor.py:183} INFO - Processing /home/airflow/.local/lib/python3.8/site-packages/airflow/example_dags/tutorial_objectstorage.py took 0.119 seconds
[2025-09-18T10:02:10.445+0000] {processor.py:161} INFO - Started process (PID=950) to work on /home/airflow/.local/lib/python3.8/site-packages/airflow/example_dags/tutorial_objectstorage.py
[2025-09-18T10:02:10.447+0000] {processor.py:830} INFO - Processing file /home/airflow/.local/lib/python3.8/site-packages/airflow/example_dags/tutorial_objectstorage.py for tasks to queue
[2025-09-18T10:02:10.452+0000] {logging_mixin.py:188} INFO - [2025-09-18T10:02:10.451+0000] {dagbag.py:538} INFO - Filling up the DagBag from /home/airflow/.local/lib/python3.8/site-packages/airflow/example_dags/tutorial_objectstorage.py
[2025-09-18T10:02:10.468+0000] {processor.py:840} INFO - DAG(s) 'tutorial_objectstorage' retrieved from /home/airflow/.local/lib/python3.8/site-packages/airflow/example_dags/tutorial_objectstorage.py
[2025-09-18T10:02:10.506+0000] {logging_mixin.py:188} INFO - [2025-09-18T10:02:10.506+0000] {dag.py:3036} INFO - Sync 1 DAGs
[2025-09-18T10:02:10.533+0000] {logging_mixin.py:188} INFO - [2025-09-18T10:02:10.532+0000] {dag.py:3823} INFO - Setting next_dagrun for tutorial_objectstorage to None, run_after=None
[2025-09-18T10:02:10.578+0000] {processor.py:183} INFO - Processing /home/airflow/.local/lib/python3.8/site-packages/airflow/example_dags/tutorial_objectstorage.py took 0.140 seconds
[2025-09-18T10:02:41.145+0000] {processor.py:161} INFO - Started process (PID=1005) to work on /home/airflow/.local/lib/python3.8/site-packages/airflow/example_dags/tutorial_objectstorage.py
[2025-09-18T10:02:41.148+0000] {processor.py:830} INFO - Processing file /home/airflow/.local/lib/python3.8/site-packages/airflow/example_dags/tutorial_objectstorage.py for tasks to queue
[2025-09-18T10:02:41.152+0000] {logging_mixin.py:188} INFO - [2025-09-18T10:02:41.152+0000] {dagbag.py:538} INFO - Filling up the DagBag from /home/airflow/.local/lib/python3.8/site-packages/airflow/example_dags/tutorial_objectstorage.py
[2025-09-18T10:02:41.166+0000] {processor.py:840} INFO - DAG(s) 'tutorial_objectstorage' retrieved from /home/airflow/.local/lib/python3.8/site-packages/airflow/example_dags/tutorial_objectstorage.py
[2025-09-18T10:02:41.209+0000] {logging_mixin.py:188} INFO - [2025-09-18T10:02:41.208+0000] {dag.py:3036} INFO - Sync 1 DAGs
[2025-09-18T10:02:41.240+0000] {logging_mixin.py:188} INFO - [2025-09-18T10:02:41.239+0000] {dag.py:3823} INFO - Setting next_dagrun for tutorial_objectstorage to None, run_after=None
[2025-09-18T10:02:41.281+0000] {processor.py:183} INFO - Processing /home/airflow/.local/lib/python3.8/site-packages/airflow/example_dags/tutorial_objectstorage.py took 0.143 seconds
[2025-09-18T10:03:12.125+0000] {processor.py:161} INFO - Started process (PID=1060) to work on /home/airflow/.local/lib/python3.8/site-packages/airflow/example_dags/tutorial_objectstorage.py
[2025-09-18T10:03:12.126+0000] {processor.py:830} INFO - Processing file /home/airflow/.local/lib/python3.8/site-packages/airflow/example_dags/tutorial_objectstorage.py for tasks to queue
[2025-09-18T10:03:12.130+0000] {logging_mixin.py:188} INFO - [2025-09-18T10:03:12.130+0000] {dagbag.py:538} INFO - Filling up the DagBag from /home/airflow/.local/lib/python3.8/site-packages/airflow/example_dags/tutorial_objectstorage.py
[2025-09-18T10:03:12.142+0000] {processor.py:840} INFO - DAG(s) 'tutorial_objectstorage' retrieved from /home/airflow/.local/lib/python3.8/site-packages/airflow/example_dags/tutorial_objectstorage.py
[2025-09-18T10:03:12.177+0000] {logging_mixin.py:188} INFO - [2025-09-18T10:03:12.176+0000] {dag.py:3036} INFO - Sync 1 DAGs
[2025-09-18T10:03:12.199+0000] {logging_mixin.py:188} INFO - [2025-09-18T10:03:12.199+0000] {dag.py:3823} INFO - Setting next_dagrun for tutorial_objectstorage to None, run_after=None
[2025-09-18T10:03:12.239+0000] {processor.py:183} INFO - Processing /home/airflow/.local/lib/python3.8/site-packages/airflow/example_dags/tutorial_objectstorage.py took 0.120 seconds
[2025-09-18T10:03:42.618+0000] {processor.py:161} INFO - Started process (PID=1115) to work on /home/airflow/.local/lib/python3.8/site-packages/airflow/example_dags/tutorial_objectstorage.py
[2025-09-18T10:03:42.620+0000] {processor.py:830} INFO - Processing file /home/airflow/.local/lib/python3.8/site-packages/airflow/example_dags/tutorial_objectstorage.py for tasks to queue
[2025-09-18T10:03:42.623+0000] {logging_mixin.py:188} INFO - [2025-09-18T10:03:42.623+0000] {dagbag.py:538} INFO - Filling up the DagBag from /home/airflow/.local/lib/python3.8/site-packages/airflow/example_dags/tutorial_objectstorage.py
[2025-09-18T10:03:42.637+0000] {processor.py:840} INFO - DAG(s) 'tutorial_objectstorage' retrieved from /home/airflow/.local/lib/python3.8/site-packages/airflow/example_dags/tutorial_objectstorage.py
[2025-09-18T10:03:42.679+0000] {logging_mixin.py:188} INFO - [2025-09-18T10:03:42.678+0000] {dag.py:3036} INFO - Sync 1 DAGs
[2025-09-18T10:03:42.702+0000] {logging_mixin.py:188} INFO - [2025-09-18T10:03:42.702+0000] {dag.py:3823} INFO - Setting next_dagrun for tutorial_objectstorage to None, run_after=None
[2025-09-18T10:03:42.744+0000] {processor.py:183} INFO - Processing /home/airflow/.local/lib/python3.8/site-packages/airflow/example_dags/tutorial_objectstorage.py took 0.132 seconds
[2025-09-18T10:04:12.953+0000] {processor.py:161} INFO - Started process (PID=1170) to work on /home/airflow/.local/lib/python3.8/site-packages/airflow/example_dags/tutorial_objectstorage.py
[2025-09-18T10:04:12.955+0000] {processor.py:830} INFO - Processing file /home/airflow/.local/lib/python3.8/site-packages/airflow/example_dags/tutorial_objectstorage.py for tasks to queue
[2025-09-18T10:04:12.959+0000] {logging_mixin.py:188} INFO - [2025-09-18T10:04:12.958+0000] {dagbag.py:538} INFO - Filling up the DagBag from /home/airflow/.local/lib/python3.8/site-packages/airflow/example_dags/tutorial_objectstorage.py
[2025-09-18T10:04:12.972+0000] {processor.py:840} INFO - DAG(s) 'tutorial_objectstorage' retrieved from /home/airflow/.local/lib/python3.8/site-packages/airflow/example_dags/tutorial_objectstorage.py
[2025-09-18T10:04:13.009+0000] {logging_mixin.py:188} INFO - [2025-09-18T10:04:13.008+0000] {dag.py:3036} INFO - Sync 1 DAGs
[2025-09-18T10:04:13.034+0000] {logging_mixin.py:188} INFO - [2025-09-18T10:04:13.033+0000] {dag.py:3823} INFO - Setting next_dagrun for tutorial_objectstorage to None, run_after=None
[2025-09-18T10:04:13.076+0000] {processor.py:183} INFO - Processing /home/airflow/.local/lib/python3.8/site-packages/airflow/example_dags/tutorial_objectstorage.py took 0.129 seconds
[2025-09-18T10:04:43.201+0000] {processor.py:161} INFO - Started process (PID=1224) to work on /home/airflow/.local/lib/python3.8/site-packages/airflow/example_dags/tutorial_objectstorage.py
[2025-09-18T10:04:43.203+0000] {processor.py:830} INFO - Processing file /home/airflow/.local/lib/python3.8/site-packages/airflow/example_dags/tutorial_objectstorage.py for tasks to queue
[2025-09-18T10:04:43.206+0000] {logging_mixin.py:188} INFO - [2025-09-18T10:04:43.205+0000] {dagbag.py:538} INFO - Filling up the DagBag from /home/airflow/.local/lib/python3.8/site-packages/airflow/example_dags/tutorial_objectstorage.py
[2025-09-18T10:04:43.220+0000] {processor.py:840} INFO - DAG(s) 'tutorial_objectstorage' retrieved from /home/airflow/.local/lib/python3.8/site-packages/airflow/example_dags/tutorial_objectstorage.py
[2025-09-18T10:04:43.254+0000] {logging_mixin.py:188} INFO - [2025-09-18T10:04:43.253+0000] {dag.py:3036} INFO - Sync 1 DAGs
[2025-09-18T10:04:43.277+0000] {logging_mixin.py:188} INFO - [2025-09-18T10:04:43.277+0000] {dag.py:3823} INFO - Setting next_dagrun for tutorial_objectstorage to None, run_after=None
[2025-09-18T10:04:43.317+0000] {processor.py:183} INFO - Processing /home/airflow/.local/lib/python3.8/site-packages/airflow/example_dags/tutorial_objectstorage.py took 0.121 seconds
[2025-09-18T10:05:13.459+0000] {processor.py:161} INFO - Started process (PID=1279) to work on /home/airflow/.local/lib/python3.8/site-packages/airflow/example_dags/tutorial_objectstorage.py
[2025-09-18T10:05:13.460+0000] {processor.py:830} INFO - Processing file /home/airflow/.local/lib/python3.8/site-packages/airflow/example_dags/tutorial_objectstorage.py for tasks to queue
[2025-09-18T10:05:13.464+0000] {logging_mixin.py:188} INFO - [2025-09-18T10:05:13.463+0000] {dagbag.py:538} INFO - Filling up the DagBag from /home/airflow/.local/lib/python3.8/site-packages/airflow/example_dags/tutorial_objectstorage.py
[2025-09-18T10:05:13.476+0000] {processor.py:840} INFO - DAG(s) 'tutorial_objectstorage' retrieved from /home/airflow/.local/lib/python3.8/site-packages/airflow/example_dags/tutorial_objectstorage.py
[2025-09-18T10:05:13.510+0000] {logging_mixin.py:188} INFO - [2025-09-18T10:05:13.510+0000] {dag.py:3036} INFO - Sync 1 DAGs
[2025-09-18T10:05:13.537+0000] {logging_mixin.py:188} INFO - [2025-09-18T10:05:13.536+0000] {dag.py:3823} INFO - Setting next_dagrun for tutorial_objectstorage to None, run_after=None
[2025-09-18T10:05:13.577+0000] {processor.py:183} INFO - Processing /home/airflow/.local/lib/python3.8/site-packages/airflow/example_dags/tutorial_objectstorage.py took 0.125 seconds
