[2025-09-18T07:36:17.739+0000] {processor.py:161} INFO - Started process (PID=46) to work on /home/airflow/.local/lib/python3.8/site-packages/airflow/example_dags/tutorial.py
[2025-09-18T07:36:17.742+0000] {processor.py:830} INFO - Processing file /home/airflow/.local/lib/python3.8/site-packages/airflow/example_dags/tutorial.py for tasks to queue
[2025-09-18T07:36:17.746+0000] {logging_mixin.py:188} INFO - [2025-09-18T07:36:17.746+0000] {dagbag.py:538} INFO - Filling up the DagBag from /home/airflow/.local/lib/python3.8/site-packages/airflow/example_dags/tutorial.py
[2025-09-18T07:36:17.764+0000] {processor.py:840} INFO - DAG(s) 'tutorial' retrieved from /home/airflow/.local/lib/python3.8/site-packages/airflow/example_dags/tutorial.py
[2025-09-18T07:36:18.040+0000] {logging_mixin.py:188} INFO - [2025-09-18T07:36:18.039+0000] {override.py:1769} INFO - Created Permission View: can read on DAG:tutorial
[2025-09-18T07:36:18.065+0000] {logging_mixin.py:188} INFO - [2025-09-18T07:36:18.064+0000] {override.py:1769} INFO - Created Permission View: can delete on DAG:tutorial
[2025-09-18T07:36:18.083+0000] {logging_mixin.py:188} INFO - [2025-09-18T07:36:18.082+0000] {override.py:1769} INFO - Created Permission View: can edit on DAG:tutorial
[2025-09-18T07:36:18.084+0000] {logging_mixin.py:188} INFO - [2025-09-18T07:36:18.084+0000] {dag.py:3036} INFO - Sync 1 DAGs
[2025-09-18T07:36:18.110+0000] {logging_mixin.py:188} INFO - [2025-09-18T07:36:18.109+0000] {dag.py:3058} INFO - Creating ORM DAG for tutorial
[2025-09-18T07:36:18.134+0000] {logging_mixin.py:188} INFO - [2025-09-18T07:36:18.133+0000] {dag.py:3823} INFO - Setting next_dagrun for tutorial to 2025-09-17 00:00:00+00:00, run_after=2025-09-18 00:00:00+00:00
[2025-09-18T07:36:18.176+0000] {processor.py:183} INFO - Processing /home/airflow/.local/lib/python3.8/site-packages/airflow/example_dags/tutorial.py took 0.443 seconds
[2025-09-18T07:36:48.713+0000] {processor.py:161} INFO - Started process (PID=101) to work on /home/airflow/.local/lib/python3.8/site-packages/airflow/example_dags/tutorial.py
[2025-09-18T07:36:48.716+0000] {processor.py:830} INFO - Processing file /home/airflow/.local/lib/python3.8/site-packages/airflow/example_dags/tutorial.py for tasks to queue
[2025-09-18T07:36:48.721+0000] {logging_mixin.py:188} INFO - [2025-09-18T07:36:48.720+0000] {dagbag.py:538} INFO - Filling up the DagBag from /home/airflow/.local/lib/python3.8/site-packages/airflow/example_dags/tutorial.py
[2025-09-18T07:36:48.736+0000] {processor.py:840} INFO - DAG(s) 'tutorial' retrieved from /home/airflow/.local/lib/python3.8/site-packages/airflow/example_dags/tutorial.py
[2025-09-18T07:36:48.781+0000] {logging_mixin.py:188} INFO - [2025-09-18T07:36:48.781+0000] {dag.py:3036} INFO - Sync 1 DAGs
[2025-09-18T07:36:48.853+0000] {logging_mixin.py:188} INFO - [2025-09-18T07:36:48.853+0000] {dag.py:3823} INFO - Setting next_dagrun for tutorial to 2025-09-17 00:00:00+00:00, run_after=2025-09-18 00:00:00+00:00
[2025-09-18T07:36:48.905+0000] {processor.py:183} INFO - Processing /home/airflow/.local/lib/python3.8/site-packages/airflow/example_dags/tutorial.py took 0.198 seconds
[2025-09-18T07:37:19.030+0000] {processor.py:161} INFO - Started process (PID=156) to work on /home/airflow/.local/lib/python3.8/site-packages/airflow/example_dags/tutorial.py
[2025-09-18T07:37:19.031+0000] {processor.py:830} INFO - Processing file /home/airflow/.local/lib/python3.8/site-packages/airflow/example_dags/tutorial.py for tasks to queue
[2025-09-18T07:37:19.035+0000] {logging_mixin.py:188} INFO - [2025-09-18T07:37:19.035+0000] {dagbag.py:538} INFO - Filling up the DagBag from /home/airflow/.local/lib/python3.8/site-packages/airflow/example_dags/tutorial.py
[2025-09-18T07:37:19.048+0000] {processor.py:840} INFO - DAG(s) 'tutorial' retrieved from /home/airflow/.local/lib/python3.8/site-packages/airflow/example_dags/tutorial.py
[2025-09-18T07:37:19.090+0000] {logging_mixin.py:188} INFO - [2025-09-18T07:37:19.089+0000] {dag.py:3036} INFO - Sync 1 DAGs
[2025-09-18T07:37:19.147+0000] {logging_mixin.py:188} INFO - [2025-09-18T07:37:19.146+0000] {dag.py:3823} INFO - Setting next_dagrun for tutorial to 2025-09-17 00:00:00+00:00, run_after=2025-09-18 00:00:00+00:00
[2025-09-18T07:37:19.187+0000] {processor.py:183} INFO - Processing /home/airflow/.local/lib/python3.8/site-packages/airflow/example_dags/tutorial.py took 0.163 seconds
[2025-09-18T07:37:49.706+0000] {processor.py:161} INFO - Started process (PID=211) to work on /home/airflow/.local/lib/python3.8/site-packages/airflow/example_dags/tutorial.py
[2025-09-18T07:37:49.708+0000] {processor.py:830} INFO - Processing file /home/airflow/.local/lib/python3.8/site-packages/airflow/example_dags/tutorial.py for tasks to queue
[2025-09-18T07:37:49.712+0000] {logging_mixin.py:188} INFO - [2025-09-18T07:37:49.712+0000] {dagbag.py:538} INFO - Filling up the DagBag from /home/airflow/.local/lib/python3.8/site-packages/airflow/example_dags/tutorial.py
[2025-09-18T07:37:49.723+0000] {processor.py:840} INFO - DAG(s) 'tutorial' retrieved from /home/airflow/.local/lib/python3.8/site-packages/airflow/example_dags/tutorial.py
[2025-09-18T07:37:49.762+0000] {logging_mixin.py:188} INFO - [2025-09-18T07:37:49.761+0000] {dag.py:3036} INFO - Sync 1 DAGs
[2025-09-18T07:37:49.811+0000] {logging_mixin.py:188} INFO - [2025-09-18T07:37:49.810+0000] {dag.py:3823} INFO - Setting next_dagrun for tutorial to 2025-09-17 00:00:00+00:00, run_after=2025-09-18 00:00:00+00:00
[2025-09-18T07:37:49.860+0000] {processor.py:183} INFO - Processing /home/airflow/.local/lib/python3.8/site-packages/airflow/example_dags/tutorial.py took 0.161 seconds
[2025-09-18T07:38:20.418+0000] {processor.py:161} INFO - Started process (PID=266) to work on /home/airflow/.local/lib/python3.8/site-packages/airflow/example_dags/tutorial.py
[2025-09-18T07:38:20.421+0000] {processor.py:830} INFO - Processing file /home/airflow/.local/lib/python3.8/site-packages/airflow/example_dags/tutorial.py for tasks to queue
[2025-09-18T07:38:20.424+0000] {logging_mixin.py:188} INFO - [2025-09-18T07:38:20.424+0000] {dagbag.py:538} INFO - Filling up the DagBag from /home/airflow/.local/lib/python3.8/site-packages/airflow/example_dags/tutorial.py
[2025-09-18T07:38:20.435+0000] {processor.py:840} INFO - DAG(s) 'tutorial' retrieved from /home/airflow/.local/lib/python3.8/site-packages/airflow/example_dags/tutorial.py
[2025-09-18T07:38:20.478+0000] {logging_mixin.py:188} INFO - [2025-09-18T07:38:20.478+0000] {dag.py:3036} INFO - Sync 1 DAGs
[2025-09-18T07:38:20.519+0000] {logging_mixin.py:188} INFO - [2025-09-18T07:38:20.519+0000] {dag.py:3823} INFO - Setting next_dagrun for tutorial to 2025-09-17 00:00:00+00:00, run_after=2025-09-18 00:00:00+00:00
[2025-09-18T07:38:20.552+0000] {processor.py:183} INFO - Processing /home/airflow/.local/lib/python3.8/site-packages/airflow/example_dags/tutorial.py took 0.140 seconds
[2025-09-18T07:38:51.296+0000] {processor.py:161} INFO - Started process (PID=320) to work on /home/airflow/.local/lib/python3.8/site-packages/airflow/example_dags/tutorial.py
[2025-09-18T07:38:51.300+0000] {processor.py:830} INFO - Processing file /home/airflow/.local/lib/python3.8/site-packages/airflow/example_dags/tutorial.py for tasks to queue
[2025-09-18T07:38:51.304+0000] {logging_mixin.py:188} INFO - [2025-09-18T07:38:51.303+0000] {dagbag.py:538} INFO - Filling up the DagBag from /home/airflow/.local/lib/python3.8/site-packages/airflow/example_dags/tutorial.py
[2025-09-18T07:38:51.314+0000] {processor.py:840} INFO - DAG(s) 'tutorial' retrieved from /home/airflow/.local/lib/python3.8/site-packages/airflow/example_dags/tutorial.py
[2025-09-18T07:38:51.349+0000] {logging_mixin.py:188} INFO - [2025-09-18T07:38:51.349+0000] {dag.py:3036} INFO - Sync 1 DAGs
[2025-09-18T07:38:51.388+0000] {logging_mixin.py:188} INFO - [2025-09-18T07:38:51.387+0000] {dag.py:3823} INFO - Setting next_dagrun for tutorial to 2025-09-17 00:00:00+00:00, run_after=2025-09-18 00:00:00+00:00
[2025-09-18T07:38:51.426+0000] {processor.py:183} INFO - Processing /home/airflow/.local/lib/python3.8/site-packages/airflow/example_dags/tutorial.py took 0.136 seconds
[2025-09-18T07:39:21.899+0000] {processor.py:161} INFO - Started process (PID=375) to work on /home/airflow/.local/lib/python3.8/site-packages/airflow/example_dags/tutorial.py
[2025-09-18T07:39:21.902+0000] {processor.py:830} INFO - Processing file /home/airflow/.local/lib/python3.8/site-packages/airflow/example_dags/tutorial.py for tasks to queue
[2025-09-18T07:39:21.907+0000] {logging_mixin.py:188} INFO - [2025-09-18T07:39:21.906+0000] {dagbag.py:538} INFO - Filling up the DagBag from /home/airflow/.local/lib/python3.8/site-packages/airflow/example_dags/tutorial.py
[2025-09-18T07:39:21.924+0000] {processor.py:840} INFO - DAG(s) 'tutorial' retrieved from /home/airflow/.local/lib/python3.8/site-packages/airflow/example_dags/tutorial.py
[2025-09-18T07:39:21.974+0000] {logging_mixin.py:188} INFO - [2025-09-18T07:39:21.973+0000] {dag.py:3036} INFO - Sync 1 DAGs
[2025-09-18T07:39:22.025+0000] {logging_mixin.py:188} INFO - [2025-09-18T07:39:22.025+0000] {dag.py:3823} INFO - Setting next_dagrun for tutorial to 2025-09-17 00:00:00+00:00, run_after=2025-09-18 00:00:00+00:00
[2025-09-18T07:39:22.072+0000] {processor.py:183} INFO - Processing /home/airflow/.local/lib/python3.8/site-packages/airflow/example_dags/tutorial.py took 0.181 seconds
[2025-09-18T07:39:52.433+0000] {processor.py:161} INFO - Started process (PID=430) to work on /home/airflow/.local/lib/python3.8/site-packages/airflow/example_dags/tutorial.py
[2025-09-18T07:39:52.435+0000] {processor.py:830} INFO - Processing file /home/airflow/.local/lib/python3.8/site-packages/airflow/example_dags/tutorial.py for tasks to queue
[2025-09-18T07:39:52.439+0000] {logging_mixin.py:188} INFO - [2025-09-18T07:39:52.438+0000] {dagbag.py:538} INFO - Filling up the DagBag from /home/airflow/.local/lib/python3.8/site-packages/airflow/example_dags/tutorial.py
[2025-09-18T07:39:52.464+0000] {processor.py:840} INFO - DAG(s) 'tutorial' retrieved from /home/airflow/.local/lib/python3.8/site-packages/airflow/example_dags/tutorial.py
[2025-09-18T07:39:52.512+0000] {logging_mixin.py:188} INFO - [2025-09-18T07:39:52.512+0000] {dag.py:3036} INFO - Sync 1 DAGs
[2025-09-18T07:39:52.568+0000] {logging_mixin.py:188} INFO - [2025-09-18T07:39:52.568+0000] {dag.py:3823} INFO - Setting next_dagrun for tutorial to 2025-09-17 00:00:00+00:00, run_after=2025-09-18 00:00:00+00:00
[2025-09-18T07:39:52.618+0000] {processor.py:183} INFO - Processing /home/airflow/.local/lib/python3.8/site-packages/airflow/example_dags/tutorial.py took 0.194 seconds
[2025-09-18T07:40:22.748+0000] {processor.py:161} INFO - Started process (PID=486) to work on /home/airflow/.local/lib/python3.8/site-packages/airflow/example_dags/tutorial.py
[2025-09-18T07:40:22.750+0000] {processor.py:830} INFO - Processing file /home/airflow/.local/lib/python3.8/site-packages/airflow/example_dags/tutorial.py for tasks to queue
[2025-09-18T07:40:22.756+0000] {logging_mixin.py:188} INFO - [2025-09-18T07:40:22.755+0000] {dagbag.py:538} INFO - Filling up the DagBag from /home/airflow/.local/lib/python3.8/site-packages/airflow/example_dags/tutorial.py
[2025-09-18T07:40:22.766+0000] {processor.py:840} INFO - DAG(s) 'tutorial' retrieved from /home/airflow/.local/lib/python3.8/site-packages/airflow/example_dags/tutorial.py
[2025-09-18T07:40:22.811+0000] {logging_mixin.py:188} INFO - [2025-09-18T07:40:22.810+0000] {dag.py:3036} INFO - Sync 1 DAGs
[2025-09-18T07:40:22.874+0000] {logging_mixin.py:188} INFO - [2025-09-18T07:40:22.873+0000] {dag.py:3823} INFO - Setting next_dagrun for tutorial to 2025-09-17 00:00:00+00:00, run_after=2025-09-18 00:00:00+00:00
[2025-09-18T07:40:22.933+0000] {processor.py:183} INFO - Processing /home/airflow/.local/lib/python3.8/site-packages/airflow/example_dags/tutorial.py took 0.190 seconds
[2025-09-18T07:40:53.041+0000] {processor.py:161} INFO - Started process (PID=541) to work on /home/airflow/.local/lib/python3.8/site-packages/airflow/example_dags/tutorial.py
[2025-09-18T07:40:53.043+0000] {processor.py:830} INFO - Processing file /home/airflow/.local/lib/python3.8/site-packages/airflow/example_dags/tutorial.py for tasks to queue
[2025-09-18T07:40:53.047+0000] {logging_mixin.py:188} INFO - [2025-09-18T07:40:53.046+0000] {dagbag.py:538} INFO - Filling up the DagBag from /home/airflow/.local/lib/python3.8/site-packages/airflow/example_dags/tutorial.py
[2025-09-18T07:40:53.058+0000] {processor.py:840} INFO - DAG(s) 'tutorial' retrieved from /home/airflow/.local/lib/python3.8/site-packages/airflow/example_dags/tutorial.py
[2025-09-18T07:40:53.092+0000] {logging_mixin.py:188} INFO - [2025-09-18T07:40:53.092+0000] {dag.py:3036} INFO - Sync 1 DAGs
[2025-09-18T07:40:53.130+0000] {logging_mixin.py:188} INFO - [2025-09-18T07:40:53.130+0000] {dag.py:3823} INFO - Setting next_dagrun for tutorial to 2025-09-17 00:00:00+00:00, run_after=2025-09-18 00:00:00+00:00
[2025-09-18T07:40:53.163+0000] {processor.py:183} INFO - Processing /home/airflow/.local/lib/python3.8/site-packages/airflow/example_dags/tutorial.py took 0.128 seconds
[2025-09-18T07:41:23.408+0000] {processor.py:161} INFO - Started process (PID=596) to work on /home/airflow/.local/lib/python3.8/site-packages/airflow/example_dags/tutorial.py
[2025-09-18T07:41:23.410+0000] {processor.py:830} INFO - Processing file /home/airflow/.local/lib/python3.8/site-packages/airflow/example_dags/tutorial.py for tasks to queue
[2025-09-18T07:41:23.414+0000] {logging_mixin.py:188} INFO - [2025-09-18T07:41:23.414+0000] {dagbag.py:538} INFO - Filling up the DagBag from /home/airflow/.local/lib/python3.8/site-packages/airflow/example_dags/tutorial.py
[2025-09-18T07:41:23.424+0000] {processor.py:840} INFO - DAG(s) 'tutorial' retrieved from /home/airflow/.local/lib/python3.8/site-packages/airflow/example_dags/tutorial.py
[2025-09-18T07:41:23.461+0000] {logging_mixin.py:188} INFO - [2025-09-18T07:41:23.461+0000] {dag.py:3036} INFO - Sync 1 DAGs
[2025-09-18T07:41:23.502+0000] {logging_mixin.py:188} INFO - [2025-09-18T07:41:23.502+0000] {dag.py:3823} INFO - Setting next_dagrun for tutorial to 2025-09-17 00:00:00+00:00, run_after=2025-09-18 00:00:00+00:00
[2025-09-18T07:41:23.541+0000] {processor.py:183} INFO - Processing /home/airflow/.local/lib/python3.8/site-packages/airflow/example_dags/tutorial.py took 0.139 seconds
[2025-09-18T07:41:54.298+0000] {processor.py:161} INFO - Started process (PID=651) to work on /home/airflow/.local/lib/python3.8/site-packages/airflow/example_dags/tutorial.py
[2025-09-18T07:41:54.300+0000] {processor.py:830} INFO - Processing file /home/airflow/.local/lib/python3.8/site-packages/airflow/example_dags/tutorial.py for tasks to queue
[2025-09-18T07:41:54.305+0000] {logging_mixin.py:188} INFO - [2025-09-18T07:41:54.304+0000] {dagbag.py:538} INFO - Filling up the DagBag from /home/airflow/.local/lib/python3.8/site-packages/airflow/example_dags/tutorial.py
[2025-09-18T07:41:54.322+0000] {processor.py:840} INFO - DAG(s) 'tutorial' retrieved from /home/airflow/.local/lib/python3.8/site-packages/airflow/example_dags/tutorial.py
[2025-09-18T07:41:54.369+0000] {logging_mixin.py:188} INFO - [2025-09-18T07:41:54.368+0000] {dag.py:3036} INFO - Sync 1 DAGs
[2025-09-18T07:41:54.424+0000] {logging_mixin.py:188} INFO - [2025-09-18T07:41:54.423+0000] {dag.py:3823} INFO - Setting next_dagrun for tutorial to 2025-09-17 00:00:00+00:00, run_after=2025-09-18 00:00:00+00:00
[2025-09-18T07:41:54.473+0000] {processor.py:183} INFO - Processing /home/airflow/.local/lib/python3.8/site-packages/airflow/example_dags/tutorial.py took 0.186 seconds
[2025-09-18T07:42:24.588+0000] {processor.py:161} INFO - Started process (PID=706) to work on /home/airflow/.local/lib/python3.8/site-packages/airflow/example_dags/tutorial.py
[2025-09-18T07:42:24.590+0000] {processor.py:830} INFO - Processing file /home/airflow/.local/lib/python3.8/site-packages/airflow/example_dags/tutorial.py for tasks to queue
[2025-09-18T07:42:24.593+0000] {logging_mixin.py:188} INFO - [2025-09-18T07:42:24.593+0000] {dagbag.py:538} INFO - Filling up the DagBag from /home/airflow/.local/lib/python3.8/site-packages/airflow/example_dags/tutorial.py
[2025-09-18T07:42:24.603+0000] {processor.py:840} INFO - DAG(s) 'tutorial' retrieved from /home/airflow/.local/lib/python3.8/site-packages/airflow/example_dags/tutorial.py
[2025-09-18T07:42:24.644+0000] {logging_mixin.py:188} INFO - [2025-09-18T07:42:24.644+0000] {dag.py:3036} INFO - Sync 1 DAGs
[2025-09-18T07:42:24.684+0000] {logging_mixin.py:188} INFO - [2025-09-18T07:42:24.684+0000] {dag.py:3823} INFO - Setting next_dagrun for tutorial to 2025-09-17 00:00:00+00:00, run_after=2025-09-18 00:00:00+00:00
[2025-09-18T07:42:24.720+0000] {processor.py:183} INFO - Processing /home/airflow/.local/lib/python3.8/site-packages/airflow/example_dags/tutorial.py took 0.138 seconds
[2025-09-18T07:42:55.104+0000] {processor.py:161} INFO - Started process (PID=761) to work on /home/airflow/.local/lib/python3.8/site-packages/airflow/example_dags/tutorial.py
[2025-09-18T07:42:55.106+0000] {processor.py:830} INFO - Processing file /home/airflow/.local/lib/python3.8/site-packages/airflow/example_dags/tutorial.py for tasks to queue
[2025-09-18T07:42:55.109+0000] {logging_mixin.py:188} INFO - [2025-09-18T07:42:55.109+0000] {dagbag.py:538} INFO - Filling up the DagBag from /home/airflow/.local/lib/python3.8/site-packages/airflow/example_dags/tutorial.py
[2025-09-18T07:42:55.120+0000] {processor.py:840} INFO - DAG(s) 'tutorial' retrieved from /home/airflow/.local/lib/python3.8/site-packages/airflow/example_dags/tutorial.py
[2025-09-18T07:42:55.166+0000] {logging_mixin.py:188} INFO - [2025-09-18T07:42:55.165+0000] {dag.py:3036} INFO - Sync 1 DAGs
[2025-09-18T07:42:55.253+0000] {logging_mixin.py:188} INFO - [2025-09-18T07:42:55.253+0000] {dag.py:3823} INFO - Setting next_dagrun for tutorial to 2025-09-17 00:00:00+00:00, run_after=2025-09-18 00:00:00+00:00
[2025-09-18T07:42:55.341+0000] {processor.py:183} INFO - Processing /home/airflow/.local/lib/python3.8/site-packages/airflow/example_dags/tutorial.py took 0.243 seconds
[2025-09-18T07:43:26.001+0000] {processor.py:161} INFO - Started process (PID=816) to work on /home/airflow/.local/lib/python3.8/site-packages/airflow/example_dags/tutorial.py
[2025-09-18T07:43:26.003+0000] {processor.py:830} INFO - Processing file /home/airflow/.local/lib/python3.8/site-packages/airflow/example_dags/tutorial.py for tasks to queue
[2025-09-18T07:43:26.009+0000] {logging_mixin.py:188} INFO - [2025-09-18T07:43:26.009+0000] {dagbag.py:538} INFO - Filling up the DagBag from /home/airflow/.local/lib/python3.8/site-packages/airflow/example_dags/tutorial.py
[2025-09-18T07:43:26.026+0000] {processor.py:840} INFO - DAG(s) 'tutorial' retrieved from /home/airflow/.local/lib/python3.8/site-packages/airflow/example_dags/tutorial.py
[2025-09-18T07:43:26.083+0000] {logging_mixin.py:188} INFO - [2025-09-18T07:43:26.083+0000] {dag.py:3036} INFO - Sync 1 DAGs
[2025-09-18T07:43:26.142+0000] {logging_mixin.py:188} INFO - [2025-09-18T07:43:26.141+0000] {dag.py:3823} INFO - Setting next_dagrun for tutorial to 2025-09-17 00:00:00+00:00, run_after=2025-09-18 00:00:00+00:00
[2025-09-18T07:43:26.195+0000] {processor.py:183} INFO - Processing /home/airflow/.local/lib/python3.8/site-packages/airflow/example_dags/tutorial.py took 0.202 seconds
[2025-09-18T07:43:57.067+0000] {processor.py:161} INFO - Started process (PID=871) to work on /home/airflow/.local/lib/python3.8/site-packages/airflow/example_dags/tutorial.py
[2025-09-18T07:43:57.069+0000] {processor.py:830} INFO - Processing file /home/airflow/.local/lib/python3.8/site-packages/airflow/example_dags/tutorial.py for tasks to queue
[2025-09-18T07:43:57.074+0000] {logging_mixin.py:188} INFO - [2025-09-18T07:43:57.073+0000] {dagbag.py:538} INFO - Filling up the DagBag from /home/airflow/.local/lib/python3.8/site-packages/airflow/example_dags/tutorial.py
[2025-09-18T07:43:57.083+0000] {processor.py:840} INFO - DAG(s) 'tutorial' retrieved from /home/airflow/.local/lib/python3.8/site-packages/airflow/example_dags/tutorial.py
[2025-09-18T07:43:57.120+0000] {logging_mixin.py:188} INFO - [2025-09-18T07:43:57.120+0000] {dag.py:3036} INFO - Sync 1 DAGs
[2025-09-18T07:43:57.162+0000] {logging_mixin.py:188} INFO - [2025-09-18T07:43:57.162+0000] {dag.py:3823} INFO - Setting next_dagrun for tutorial to 2025-09-17 00:00:00+00:00, run_after=2025-09-18 00:00:00+00:00
[2025-09-18T07:43:57.204+0000] {processor.py:183} INFO - Processing /home/airflow/.local/lib/python3.8/site-packages/airflow/example_dags/tutorial.py took 0.146 seconds
[2025-09-18T07:44:27.580+0000] {processor.py:161} INFO - Started process (PID=926) to work on /home/airflow/.local/lib/python3.8/site-packages/airflow/example_dags/tutorial.py
[2025-09-18T07:44:27.582+0000] {processor.py:830} INFO - Processing file /home/airflow/.local/lib/python3.8/site-packages/airflow/example_dags/tutorial.py for tasks to queue
[2025-09-18T07:44:27.586+0000] {logging_mixin.py:188} INFO - [2025-09-18T07:44:27.585+0000] {dagbag.py:538} INFO - Filling up the DagBag from /home/airflow/.local/lib/python3.8/site-packages/airflow/example_dags/tutorial.py
[2025-09-18T07:44:27.596+0000] {processor.py:840} INFO - DAG(s) 'tutorial' retrieved from /home/airflow/.local/lib/python3.8/site-packages/airflow/example_dags/tutorial.py
[2025-09-18T07:44:27.635+0000] {logging_mixin.py:188} INFO - [2025-09-18T07:44:27.635+0000] {dag.py:3036} INFO - Sync 1 DAGs
[2025-09-18T07:44:27.678+0000] {logging_mixin.py:188} INFO - [2025-09-18T07:44:27.678+0000] {dag.py:3823} INFO - Setting next_dagrun for tutorial to 2025-09-17 00:00:00+00:00, run_after=2025-09-18 00:00:00+00:00
[2025-09-18T07:44:27.722+0000] {processor.py:183} INFO - Processing /home/airflow/.local/lib/python3.8/site-packages/airflow/example_dags/tutorial.py took 0.148 seconds
[2025-09-18T07:44:58.240+0000] {processor.py:161} INFO - Started process (PID=981) to work on /home/airflow/.local/lib/python3.8/site-packages/airflow/example_dags/tutorial.py
[2025-09-18T07:44:58.242+0000] {processor.py:830} INFO - Processing file /home/airflow/.local/lib/python3.8/site-packages/airflow/example_dags/tutorial.py for tasks to queue
[2025-09-18T07:44:58.246+0000] {logging_mixin.py:188} INFO - [2025-09-18T07:44:58.245+0000] {dagbag.py:538} INFO - Filling up the DagBag from /home/airflow/.local/lib/python3.8/site-packages/airflow/example_dags/tutorial.py
[2025-09-18T07:44:58.258+0000] {processor.py:840} INFO - DAG(s) 'tutorial' retrieved from /home/airflow/.local/lib/python3.8/site-packages/airflow/example_dags/tutorial.py
[2025-09-18T07:44:58.300+0000] {logging_mixin.py:188} INFO - [2025-09-18T07:44:58.300+0000] {dag.py:3036} INFO - Sync 1 DAGs
[2025-09-18T07:44:58.356+0000] {logging_mixin.py:188} INFO - [2025-09-18T07:44:58.355+0000] {dag.py:3823} INFO - Setting next_dagrun for tutorial to 2025-09-17 00:00:00+00:00, run_after=2025-09-18 00:00:00+00:00
[2025-09-18T07:44:58.409+0000] {processor.py:183} INFO - Processing /home/airflow/.local/lib/python3.8/site-packages/airflow/example_dags/tutorial.py took 0.175 seconds
[2025-09-18T07:45:28.904+0000] {processor.py:161} INFO - Started process (PID=1034) to work on /home/airflow/.local/lib/python3.8/site-packages/airflow/example_dags/tutorial.py
[2025-09-18T07:45:28.906+0000] {processor.py:830} INFO - Processing file /home/airflow/.local/lib/python3.8/site-packages/airflow/example_dags/tutorial.py for tasks to queue
[2025-09-18T07:45:28.910+0000] {logging_mixin.py:188} INFO - [2025-09-18T07:45:28.910+0000] {dagbag.py:538} INFO - Filling up the DagBag from /home/airflow/.local/lib/python3.8/site-packages/airflow/example_dags/tutorial.py
[2025-09-18T07:45:28.925+0000] {processor.py:840} INFO - DAG(s) 'tutorial' retrieved from /home/airflow/.local/lib/python3.8/site-packages/airflow/example_dags/tutorial.py
[2025-09-18T07:45:28.967+0000] {logging_mixin.py:188} INFO - [2025-09-18T07:45:28.967+0000] {dag.py:3036} INFO - Sync 1 DAGs
[2025-09-18T07:45:29.011+0000] {logging_mixin.py:188} INFO - [2025-09-18T07:45:29.011+0000] {dag.py:3823} INFO - Setting next_dagrun for tutorial to 2025-09-17 00:00:00+00:00, run_after=2025-09-18 00:00:00+00:00
[2025-09-18T07:45:29.054+0000] {processor.py:183} INFO - Processing /home/airflow/.local/lib/python3.8/site-packages/airflow/example_dags/tutorial.py took 0.155 seconds
[2025-09-18T07:45:59.549+0000] {processor.py:161} INFO - Started process (PID=1089) to work on /home/airflow/.local/lib/python3.8/site-packages/airflow/example_dags/tutorial.py
[2025-09-18T07:45:59.551+0000] {processor.py:830} INFO - Processing file /home/airflow/.local/lib/python3.8/site-packages/airflow/example_dags/tutorial.py for tasks to queue
[2025-09-18T07:45:59.559+0000] {logging_mixin.py:188} INFO - [2025-09-18T07:45:59.558+0000] {dagbag.py:538} INFO - Filling up the DagBag from /home/airflow/.local/lib/python3.8/site-packages/airflow/example_dags/tutorial.py
[2025-09-18T07:45:59.573+0000] {processor.py:840} INFO - DAG(s) 'tutorial' retrieved from /home/airflow/.local/lib/python3.8/site-packages/airflow/example_dags/tutorial.py
[2025-09-18T07:45:59.620+0000] {logging_mixin.py:188} INFO - [2025-09-18T07:45:59.619+0000] {dag.py:3036} INFO - Sync 1 DAGs
[2025-09-18T07:45:59.674+0000] {logging_mixin.py:188} INFO - [2025-09-18T07:45:59.674+0000] {dag.py:3823} INFO - Setting next_dagrun for tutorial to 2025-09-17 00:00:00+00:00, run_after=2025-09-18 00:00:00+00:00
[2025-09-18T07:45:59.722+0000] {processor.py:183} INFO - Processing /home/airflow/.local/lib/python3.8/site-packages/airflow/example_dags/tutorial.py took 0.179 seconds
[2025-09-18T07:46:30.003+0000] {processor.py:161} INFO - Started process (PID=1144) to work on /home/airflow/.local/lib/python3.8/site-packages/airflow/example_dags/tutorial.py
[2025-09-18T07:46:30.005+0000] {processor.py:830} INFO - Processing file /home/airflow/.local/lib/python3.8/site-packages/airflow/example_dags/tutorial.py for tasks to queue
[2025-09-18T07:46:30.009+0000] {logging_mixin.py:188} INFO - [2025-09-18T07:46:30.008+0000] {dagbag.py:538} INFO - Filling up the DagBag from /home/airflow/.local/lib/python3.8/site-packages/airflow/example_dags/tutorial.py
[2025-09-18T07:46:30.022+0000] {processor.py:840} INFO - DAG(s) 'tutorial' retrieved from /home/airflow/.local/lib/python3.8/site-packages/airflow/example_dags/tutorial.py
[2025-09-18T07:46:30.060+0000] {logging_mixin.py:188} INFO - [2025-09-18T07:46:30.059+0000] {dag.py:3036} INFO - Sync 1 DAGs
[2025-09-18T07:46:30.103+0000] {logging_mixin.py:188} INFO - [2025-09-18T07:46:30.103+0000] {dag.py:3823} INFO - Setting next_dagrun for tutorial to 2025-09-17 00:00:00+00:00, run_after=2025-09-18 00:00:00+00:00
[2025-09-18T07:46:30.145+0000] {processor.py:183} INFO - Processing /home/airflow/.local/lib/python3.8/site-packages/airflow/example_dags/tutorial.py took 0.149 seconds
[2025-09-18T07:47:00.959+0000] {processor.py:161} INFO - Started process (PID=1199) to work on /home/airflow/.local/lib/python3.8/site-packages/airflow/example_dags/tutorial.py
[2025-09-18T07:47:00.961+0000] {processor.py:830} INFO - Processing file /home/airflow/.local/lib/python3.8/site-packages/airflow/example_dags/tutorial.py for tasks to queue
[2025-09-18T07:47:00.964+0000] {logging_mixin.py:188} INFO - [2025-09-18T07:47:00.964+0000] {dagbag.py:538} INFO - Filling up the DagBag from /home/airflow/.local/lib/python3.8/site-packages/airflow/example_dags/tutorial.py
[2025-09-18T07:47:00.974+0000] {processor.py:840} INFO - DAG(s) 'tutorial' retrieved from /home/airflow/.local/lib/python3.8/site-packages/airflow/example_dags/tutorial.py
[2025-09-18T07:47:01.014+0000] {logging_mixin.py:188} INFO - [2025-09-18T07:47:01.014+0000] {dag.py:3036} INFO - Sync 1 DAGs
[2025-09-18T07:47:01.059+0000] {logging_mixin.py:188} INFO - [2025-09-18T07:47:01.059+0000] {dag.py:3823} INFO - Setting next_dagrun for tutorial to 2025-09-17 00:00:00+00:00, run_after=2025-09-18 00:00:00+00:00
[2025-09-18T07:47:01.100+0000] {processor.py:183} INFO - Processing /home/airflow/.local/lib/python3.8/site-packages/airflow/example_dags/tutorial.py took 0.147 seconds
[2025-09-18T07:47:31.374+0000] {processor.py:161} INFO - Started process (PID=1254) to work on /home/airflow/.local/lib/python3.8/site-packages/airflow/example_dags/tutorial.py
[2025-09-18T07:47:31.375+0000] {processor.py:830} INFO - Processing file /home/airflow/.local/lib/python3.8/site-packages/airflow/example_dags/tutorial.py for tasks to queue
[2025-09-18T07:47:31.381+0000] {logging_mixin.py:188} INFO - [2025-09-18T07:47:31.380+0000] {dagbag.py:538} INFO - Filling up the DagBag from /home/airflow/.local/lib/python3.8/site-packages/airflow/example_dags/tutorial.py
[2025-09-18T07:47:31.398+0000] {processor.py:840} INFO - DAG(s) 'tutorial' retrieved from /home/airflow/.local/lib/python3.8/site-packages/airflow/example_dags/tutorial.py
[2025-09-18T07:47:31.470+0000] {logging_mixin.py:188} INFO - [2025-09-18T07:47:31.469+0000] {dag.py:3036} INFO - Sync 1 DAGs
[2025-09-18T07:47:31.535+0000] {logging_mixin.py:188} INFO - [2025-09-18T07:47:31.534+0000] {dag.py:3823} INFO - Setting next_dagrun for tutorial to 2025-09-17 00:00:00+00:00, run_after=2025-09-18 00:00:00+00:00
[2025-09-18T07:47:31.588+0000] {processor.py:183} INFO - Processing /home/airflow/.local/lib/python3.8/site-packages/airflow/example_dags/tutorial.py took 0.226 seconds
[2025-09-18T07:48:02.354+0000] {processor.py:161} INFO - Started process (PID=1310) to work on /home/airflow/.local/lib/python3.8/site-packages/airflow/example_dags/tutorial.py
[2025-09-18T07:48:02.356+0000] {processor.py:830} INFO - Processing file /home/airflow/.local/lib/python3.8/site-packages/airflow/example_dags/tutorial.py for tasks to queue
[2025-09-18T07:48:02.359+0000] {logging_mixin.py:188} INFO - [2025-09-18T07:48:02.359+0000] {dagbag.py:538} INFO - Filling up the DagBag from /home/airflow/.local/lib/python3.8/site-packages/airflow/example_dags/tutorial.py
[2025-09-18T07:48:02.370+0000] {processor.py:840} INFO - DAG(s) 'tutorial' retrieved from /home/airflow/.local/lib/python3.8/site-packages/airflow/example_dags/tutorial.py
[2025-09-18T07:48:02.408+0000] {logging_mixin.py:188} INFO - [2025-09-18T07:48:02.407+0000] {dag.py:3036} INFO - Sync 1 DAGs
[2025-09-18T07:48:02.451+0000] {logging_mixin.py:188} INFO - [2025-09-18T07:48:02.450+0000] {dag.py:3823} INFO - Setting next_dagrun for tutorial to 2025-09-17 00:00:00+00:00, run_after=2025-09-18 00:00:00+00:00
[2025-09-18T07:48:02.489+0000] {processor.py:183} INFO - Processing /home/airflow/.local/lib/python3.8/site-packages/airflow/example_dags/tutorial.py took 0.141 seconds
[2025-09-18T07:48:32.565+0000] {processor.py:161} INFO - Started process (PID=1365) to work on /home/airflow/.local/lib/python3.8/site-packages/airflow/example_dags/tutorial.py
[2025-09-18T07:48:32.568+0000] {processor.py:830} INFO - Processing file /home/airflow/.local/lib/python3.8/site-packages/airflow/example_dags/tutorial.py for tasks to queue
[2025-09-18T07:48:32.573+0000] {logging_mixin.py:188} INFO - [2025-09-18T07:48:32.572+0000] {dagbag.py:538} INFO - Filling up the DagBag from /home/airflow/.local/lib/python3.8/site-packages/airflow/example_dags/tutorial.py
[2025-09-18T07:48:32.585+0000] {processor.py:840} INFO - DAG(s) 'tutorial' retrieved from /home/airflow/.local/lib/python3.8/site-packages/airflow/example_dags/tutorial.py
[2025-09-18T07:48:32.623+0000] {logging_mixin.py:188} INFO - [2025-09-18T07:48:32.622+0000] {dag.py:3036} INFO - Sync 1 DAGs
[2025-09-18T07:48:32.665+0000] {logging_mixin.py:188} INFO - [2025-09-18T07:48:32.664+0000] {dag.py:3823} INFO - Setting next_dagrun for tutorial to 2025-09-17 00:00:00+00:00, run_after=2025-09-18 00:00:00+00:00
[2025-09-18T07:48:32.704+0000] {processor.py:183} INFO - Processing /home/airflow/.local/lib/python3.8/site-packages/airflow/example_dags/tutorial.py took 0.148 seconds
[2025-09-18T07:56:40.540+0000] {processor.py:161} INFO - Started process (PID=45) to work on /home/airflow/.local/lib/python3.8/site-packages/airflow/example_dags/tutorial.py
[2025-09-18T07:56:40.542+0000] {processor.py:830} INFO - Processing file /home/airflow/.local/lib/python3.8/site-packages/airflow/example_dags/tutorial.py for tasks to queue
[2025-09-18T07:56:40.546+0000] {logging_mixin.py:188} INFO - [2025-09-18T07:56:40.545+0000] {dagbag.py:538} INFO - Filling up the DagBag from /home/airflow/.local/lib/python3.8/site-packages/airflow/example_dags/tutorial.py
[2025-09-18T07:56:40.567+0000] {processor.py:840} INFO - DAG(s) 'tutorial' retrieved from /home/airflow/.local/lib/python3.8/site-packages/airflow/example_dags/tutorial.py
[2025-09-18T07:56:40.832+0000] {logging_mixin.py:188} INFO - [2025-09-18T07:56:40.830+0000] {override.py:1769} INFO - Created Permission View: can edit on DAG:tutorial
[2025-09-18T07:56:40.856+0000] {logging_mixin.py:188} INFO - [2025-09-18T07:56:40.856+0000] {override.py:1769} INFO - Created Permission View: can read on DAG:tutorial
[2025-09-18T07:56:40.876+0000] {logging_mixin.py:188} INFO - [2025-09-18T07:56:40.875+0000] {override.py:1769} INFO - Created Permission View: can delete on DAG:tutorial
[2025-09-18T07:56:40.878+0000] {logging_mixin.py:188} INFO - [2025-09-18T07:56:40.877+0000] {dag.py:3036} INFO - Sync 1 DAGs
[2025-09-18T07:56:40.903+0000] {logging_mixin.py:188} INFO - [2025-09-18T07:56:40.903+0000] {dag.py:3058} INFO - Creating ORM DAG for tutorial
[2025-09-18T07:56:40.924+0000] {logging_mixin.py:188} INFO - [2025-09-18T07:56:40.924+0000] {dag.py:3823} INFO - Setting next_dagrun for tutorial to 2025-09-17 00:00:00+00:00, run_after=2025-09-18 00:00:00+00:00
[2025-09-18T07:56:40.959+0000] {processor.py:183} INFO - Processing /home/airflow/.local/lib/python3.8/site-packages/airflow/example_dags/tutorial.py took 0.425 seconds
[2025-09-18T07:57:18.876+0000] {processor.py:161} INFO - Started process (PID=100) to work on /home/airflow/.local/lib/python3.8/site-packages/airflow/example_dags/tutorial.py
[2025-09-18T07:57:18.879+0000] {processor.py:830} INFO - Processing file /home/airflow/.local/lib/python3.8/site-packages/airflow/example_dags/tutorial.py for tasks to queue
[2025-09-18T07:57:18.892+0000] {logging_mixin.py:188} INFO - [2025-09-18T07:57:18.888+0000] {dagbag.py:538} INFO - Filling up the DagBag from /home/airflow/.local/lib/python3.8/site-packages/airflow/example_dags/tutorial.py
[2025-09-18T07:57:18.917+0000] {processor.py:840} INFO - DAG(s) 'tutorial' retrieved from /home/airflow/.local/lib/python3.8/site-packages/airflow/example_dags/tutorial.py
[2025-09-18T07:57:18.998+0000] {logging_mixin.py:188} INFO - [2025-09-18T07:57:18.997+0000] {dag.py:3036} INFO - Sync 1 DAGs
[2025-09-18T07:57:19.160+0000] {logging_mixin.py:188} INFO - [2025-09-18T07:57:19.159+0000] {dag.py:3823} INFO - Setting next_dagrun for tutorial to 2025-09-17 00:00:00+00:00, run_after=2025-09-18 00:00:00+00:00
[2025-09-18T07:57:19.249+0000] {processor.py:183} INFO - Processing /home/airflow/.local/lib/python3.8/site-packages/airflow/example_dags/tutorial.py took 0.388 seconds
[2025-09-18T07:57:50.134+0000] {processor.py:161} INFO - Started process (PID=156) to work on /home/airflow/.local/lib/python3.8/site-packages/airflow/example_dags/tutorial.py
[2025-09-18T07:57:50.139+0000] {processor.py:830} INFO - Processing file /home/airflow/.local/lib/python3.8/site-packages/airflow/example_dags/tutorial.py for tasks to queue
[2025-09-18T07:57:50.148+0000] {logging_mixin.py:188} INFO - [2025-09-18T07:57:50.147+0000] {dagbag.py:538} INFO - Filling up the DagBag from /home/airflow/.local/lib/python3.8/site-packages/airflow/example_dags/tutorial.py
[2025-09-18T07:57:50.171+0000] {processor.py:840} INFO - DAG(s) 'tutorial' retrieved from /home/airflow/.local/lib/python3.8/site-packages/airflow/example_dags/tutorial.py
[2025-09-18T07:57:50.289+0000] {logging_mixin.py:188} INFO - [2025-09-18T07:57:50.288+0000] {dag.py:3036} INFO - Sync 1 DAGs
[2025-09-18T07:57:50.464+0000] {logging_mixin.py:188} INFO - [2025-09-18T07:57:50.464+0000] {dag.py:3823} INFO - Setting next_dagrun for tutorial to 2025-09-17 00:00:00+00:00, run_after=2025-09-18 00:00:00+00:00
[2025-09-18T07:57:50.535+0000] {processor.py:183} INFO - Processing /home/airflow/.local/lib/python3.8/site-packages/airflow/example_dags/tutorial.py took 0.415 seconds
[2025-09-18T09:46:45.909+0000] {processor.py:161} INFO - Started process (PID=45) to work on /home/airflow/.local/lib/python3.8/site-packages/airflow/example_dags/tutorial.py
[2025-09-18T09:46:45.912+0000] {processor.py:830} INFO - Processing file /home/airflow/.local/lib/python3.8/site-packages/airflow/example_dags/tutorial.py for tasks to queue
[2025-09-18T09:46:45.916+0000] {logging_mixin.py:188} INFO - [2025-09-18T09:46:45.915+0000] {dagbag.py:538} INFO - Filling up the DagBag from /home/airflow/.local/lib/python3.8/site-packages/airflow/example_dags/tutorial.py
[2025-09-18T09:46:45.942+0000] {processor.py:840} INFO - DAG(s) 'tutorial' retrieved from /home/airflow/.local/lib/python3.8/site-packages/airflow/example_dags/tutorial.py
[2025-09-18T09:46:46.213+0000] {logging_mixin.py:188} INFO - [2025-09-18T09:46:46.211+0000] {override.py:1769} INFO - Created Permission View: can delete on DAG:tutorial
[2025-09-18T09:46:46.244+0000] {logging_mixin.py:188} INFO - [2025-09-18T09:46:46.243+0000] {override.py:1769} INFO - Created Permission View: can edit on DAG:tutorial
[2025-09-18T09:46:46.261+0000] {logging_mixin.py:188} INFO - [2025-09-18T09:46:46.260+0000] {override.py:1769} INFO - Created Permission View: can read on DAG:tutorial
[2025-09-18T09:46:46.262+0000] {logging_mixin.py:188} INFO - [2025-09-18T09:46:46.262+0000] {dag.py:3036} INFO - Sync 1 DAGs
[2025-09-18T09:46:46.293+0000] {logging_mixin.py:188} INFO - [2025-09-18T09:46:46.293+0000] {dag.py:3058} INFO - Creating ORM DAG for tutorial
[2025-09-18T09:46:46.316+0000] {logging_mixin.py:188} INFO - [2025-09-18T09:46:46.316+0000] {dag.py:3823} INFO - Setting next_dagrun for tutorial to 2025-09-17 00:00:00+00:00, run_after=2025-09-18 00:00:00+00:00
[2025-09-18T09:46:46.368+0000] {processor.py:183} INFO - Processing /home/airflow/.local/lib/python3.8/site-packages/airflow/example_dags/tutorial.py took 0.467 seconds
[2025-09-18T09:47:16.457+0000] {processor.py:161} INFO - Started process (PID=100) to work on /home/airflow/.local/lib/python3.8/site-packages/airflow/example_dags/tutorial.py
[2025-09-18T09:47:16.460+0000] {processor.py:830} INFO - Processing file /home/airflow/.local/lib/python3.8/site-packages/airflow/example_dags/tutorial.py for tasks to queue
[2025-09-18T09:47:16.468+0000] {logging_mixin.py:188} INFO - [2025-09-18T09:47:16.467+0000] {dagbag.py:538} INFO - Filling up the DagBag from /home/airflow/.local/lib/python3.8/site-packages/airflow/example_dags/tutorial.py
[2025-09-18T09:47:16.483+0000] {processor.py:840} INFO - DAG(s) 'tutorial' retrieved from /home/airflow/.local/lib/python3.8/site-packages/airflow/example_dags/tutorial.py
[2025-09-18T09:47:16.524+0000] {logging_mixin.py:188} INFO - [2025-09-18T09:47:16.524+0000] {dag.py:3036} INFO - Sync 1 DAGs
[2025-09-18T09:47:16.581+0000] {logging_mixin.py:188} INFO - [2025-09-18T09:47:16.580+0000] {dag.py:3823} INFO - Setting next_dagrun for tutorial to 2025-09-17 00:00:00+00:00, run_after=2025-09-18 00:00:00+00:00
[2025-09-18T09:47:16.633+0000] {processor.py:183} INFO - Processing /home/airflow/.local/lib/python3.8/site-packages/airflow/example_dags/tutorial.py took 0.185 seconds
[2025-09-18T09:47:47.598+0000] {processor.py:161} INFO - Started process (PID=155) to work on /home/airflow/.local/lib/python3.8/site-packages/airflow/example_dags/tutorial.py
[2025-09-18T09:47:47.600+0000] {processor.py:830} INFO - Processing file /home/airflow/.local/lib/python3.8/site-packages/airflow/example_dags/tutorial.py for tasks to queue
[2025-09-18T09:47:47.604+0000] {logging_mixin.py:188} INFO - [2025-09-18T09:47:47.604+0000] {dagbag.py:538} INFO - Filling up the DagBag from /home/airflow/.local/lib/python3.8/site-packages/airflow/example_dags/tutorial.py
[2025-09-18T09:47:47.618+0000] {processor.py:840} INFO - DAG(s) 'tutorial' retrieved from /home/airflow/.local/lib/python3.8/site-packages/airflow/example_dags/tutorial.py
[2025-09-18T09:47:47.661+0000] {logging_mixin.py:188} INFO - [2025-09-18T09:47:47.661+0000] {dag.py:3036} INFO - Sync 1 DAGs
[2025-09-18T09:47:47.720+0000] {logging_mixin.py:188} INFO - [2025-09-18T09:47:47.720+0000] {dag.py:3823} INFO - Setting next_dagrun for tutorial to 2025-09-17 00:00:00+00:00, run_after=2025-09-18 00:00:00+00:00
[2025-09-18T09:47:47.788+0000] {processor.py:183} INFO - Processing /home/airflow/.local/lib/python3.8/site-packages/airflow/example_dags/tutorial.py took 0.198 seconds
[2025-09-18T09:48:18.419+0000] {processor.py:161} INFO - Started process (PID=210) to work on /home/airflow/.local/lib/python3.8/site-packages/airflow/example_dags/tutorial.py
[2025-09-18T09:48:18.421+0000] {processor.py:830} INFO - Processing file /home/airflow/.local/lib/python3.8/site-packages/airflow/example_dags/tutorial.py for tasks to queue
[2025-09-18T09:48:18.425+0000] {logging_mixin.py:188} INFO - [2025-09-18T09:48:18.424+0000] {dagbag.py:538} INFO - Filling up the DagBag from /home/airflow/.local/lib/python3.8/site-packages/airflow/example_dags/tutorial.py
[2025-09-18T09:48:18.436+0000] {processor.py:840} INFO - DAG(s) 'tutorial' retrieved from /home/airflow/.local/lib/python3.8/site-packages/airflow/example_dags/tutorial.py
[2025-09-18T09:48:18.481+0000] {logging_mixin.py:188} INFO - [2025-09-18T09:48:18.481+0000] {dag.py:3036} INFO - Sync 1 DAGs
[2025-09-18T09:48:18.537+0000] {logging_mixin.py:188} INFO - [2025-09-18T09:48:18.536+0000] {dag.py:3823} INFO - Setting next_dagrun for tutorial to 2025-09-17 00:00:00+00:00, run_after=2025-09-18 00:00:00+00:00
[2025-09-18T09:48:18.576+0000] {processor.py:183} INFO - Processing /home/airflow/.local/lib/python3.8/site-packages/airflow/example_dags/tutorial.py took 0.163 seconds
[2025-09-18T09:48:48.772+0000] {processor.py:161} INFO - Started process (PID=265) to work on /home/airflow/.local/lib/python3.8/site-packages/airflow/example_dags/tutorial.py
[2025-09-18T09:48:48.774+0000] {processor.py:830} INFO - Processing file /home/airflow/.local/lib/python3.8/site-packages/airflow/example_dags/tutorial.py for tasks to queue
[2025-09-18T09:48:48.778+0000] {logging_mixin.py:188} INFO - [2025-09-18T09:48:48.777+0000] {dagbag.py:538} INFO - Filling up the DagBag from /home/airflow/.local/lib/python3.8/site-packages/airflow/example_dags/tutorial.py
[2025-09-18T09:48:48.791+0000] {processor.py:840} INFO - DAG(s) 'tutorial' retrieved from /home/airflow/.local/lib/python3.8/site-packages/airflow/example_dags/tutorial.py
[2025-09-18T09:48:48.827+0000] {logging_mixin.py:188} INFO - [2025-09-18T09:48:48.827+0000] {dag.py:3036} INFO - Sync 1 DAGs
[2025-09-18T09:48:48.883+0000] {logging_mixin.py:188} INFO - [2025-09-18T09:48:48.883+0000] {dag.py:3823} INFO - Setting next_dagrun for tutorial to 2025-09-17 00:00:00+00:00, run_after=2025-09-18 00:00:00+00:00
[2025-09-18T09:48:48.926+0000] {processor.py:183} INFO - Processing /home/airflow/.local/lib/python3.8/site-packages/airflow/example_dags/tutorial.py took 0.162 seconds
[2025-09-18T09:49:19.240+0000] {processor.py:161} INFO - Started process (PID=320) to work on /home/airflow/.local/lib/python3.8/site-packages/airflow/example_dags/tutorial.py
[2025-09-18T09:49:19.242+0000] {processor.py:830} INFO - Processing file /home/airflow/.local/lib/python3.8/site-packages/airflow/example_dags/tutorial.py for tasks to queue
[2025-09-18T09:49:19.245+0000] {logging_mixin.py:188} INFO - [2025-09-18T09:49:19.245+0000] {dagbag.py:538} INFO - Filling up the DagBag from /home/airflow/.local/lib/python3.8/site-packages/airflow/example_dags/tutorial.py
[2025-09-18T09:49:19.255+0000] {processor.py:840} INFO - DAG(s) 'tutorial' retrieved from /home/airflow/.local/lib/python3.8/site-packages/airflow/example_dags/tutorial.py
[2025-09-18T09:49:19.291+0000] {logging_mixin.py:188} INFO - [2025-09-18T09:49:19.290+0000] {dag.py:3036} INFO - Sync 1 DAGs
[2025-09-18T09:49:19.334+0000] {logging_mixin.py:188} INFO - [2025-09-18T09:49:19.333+0000] {dag.py:3823} INFO - Setting next_dagrun for tutorial to 2025-09-17 00:00:00+00:00, run_after=2025-09-18 00:00:00+00:00
[2025-09-18T09:49:19.368+0000] {processor.py:183} INFO - Processing /home/airflow/.local/lib/python3.8/site-packages/airflow/example_dags/tutorial.py took 0.133 seconds
[2025-09-18T09:49:49.683+0000] {processor.py:161} INFO - Started process (PID=375) to work on /home/airflow/.local/lib/python3.8/site-packages/airflow/example_dags/tutorial.py
[2025-09-18T09:49:49.687+0000] {processor.py:830} INFO - Processing file /home/airflow/.local/lib/python3.8/site-packages/airflow/example_dags/tutorial.py for tasks to queue
[2025-09-18T09:49:49.692+0000] {logging_mixin.py:188} INFO - [2025-09-18T09:49:49.691+0000] {dagbag.py:538} INFO - Filling up the DagBag from /home/airflow/.local/lib/python3.8/site-packages/airflow/example_dags/tutorial.py
[2025-09-18T09:49:49.704+0000] {processor.py:840} INFO - DAG(s) 'tutorial' retrieved from /home/airflow/.local/lib/python3.8/site-packages/airflow/example_dags/tutorial.py
[2025-09-18T09:49:49.747+0000] {logging_mixin.py:188} INFO - [2025-09-18T09:49:49.747+0000] {dag.py:3036} INFO - Sync 1 DAGs
[2025-09-18T09:49:49.802+0000] {logging_mixin.py:188} INFO - [2025-09-18T09:49:49.802+0000] {dag.py:3823} INFO - Setting next_dagrun for tutorial to 2025-09-17 00:00:00+00:00, run_after=2025-09-18 00:00:00+00:00
[2025-09-18T09:49:49.853+0000] {processor.py:183} INFO - Processing /home/airflow/.local/lib/python3.8/site-packages/airflow/example_dags/tutorial.py took 0.178 seconds
[2025-09-18T09:50:20.038+0000] {processor.py:161} INFO - Started process (PID=430) to work on /home/airflow/.local/lib/python3.8/site-packages/airflow/example_dags/tutorial.py
[2025-09-18T09:50:20.040+0000] {processor.py:830} INFO - Processing file /home/airflow/.local/lib/python3.8/site-packages/airflow/example_dags/tutorial.py for tasks to queue
[2025-09-18T09:50:20.043+0000] {logging_mixin.py:188} INFO - [2025-09-18T09:50:20.043+0000] {dagbag.py:538} INFO - Filling up the DagBag from /home/airflow/.local/lib/python3.8/site-packages/airflow/example_dags/tutorial.py
[2025-09-18T09:50:20.054+0000] {processor.py:840} INFO - DAG(s) 'tutorial' retrieved from /home/airflow/.local/lib/python3.8/site-packages/airflow/example_dags/tutorial.py
[2025-09-18T09:50:20.092+0000] {logging_mixin.py:188} INFO - [2025-09-18T09:50:20.092+0000] {dag.py:3036} INFO - Sync 1 DAGs
[2025-09-18T09:50:20.134+0000] {logging_mixin.py:188} INFO - [2025-09-18T09:50:20.134+0000] {dag.py:3823} INFO - Setting next_dagrun for tutorial to 2025-09-17 00:00:00+00:00, run_after=2025-09-18 00:00:00+00:00
[2025-09-18T09:50:20.173+0000] {processor.py:183} INFO - Processing /home/airflow/.local/lib/python3.8/site-packages/airflow/example_dags/tutorial.py took 0.142 seconds
[2025-09-18T09:50:50.734+0000] {processor.py:161} INFO - Started process (PID=485) to work on /home/airflow/.local/lib/python3.8/site-packages/airflow/example_dags/tutorial.py
[2025-09-18T09:50:50.736+0000] {processor.py:830} INFO - Processing file /home/airflow/.local/lib/python3.8/site-packages/airflow/example_dags/tutorial.py for tasks to queue
[2025-09-18T09:50:50.740+0000] {logging_mixin.py:188} INFO - [2025-09-18T09:50:50.740+0000] {dagbag.py:538} INFO - Filling up the DagBag from /home/airflow/.local/lib/python3.8/site-packages/airflow/example_dags/tutorial.py
[2025-09-18T09:50:50.750+0000] {processor.py:840} INFO - DAG(s) 'tutorial' retrieved from /home/airflow/.local/lib/python3.8/site-packages/airflow/example_dags/tutorial.py
[2025-09-18T09:50:50.788+0000] {logging_mixin.py:188} INFO - [2025-09-18T09:50:50.788+0000] {dag.py:3036} INFO - Sync 1 DAGs
[2025-09-18T09:50:50.831+0000] {logging_mixin.py:188} INFO - [2025-09-18T09:50:50.831+0000] {dag.py:3823} INFO - Setting next_dagrun for tutorial to 2025-09-17 00:00:00+00:00, run_after=2025-09-18 00:00:00+00:00
[2025-09-18T09:50:50.872+0000] {processor.py:183} INFO - Processing /home/airflow/.local/lib/python3.8/site-packages/airflow/example_dags/tutorial.py took 0.143 seconds
[2025-09-18T09:53:51.827+0000] {processor.py:161} INFO - Started process (PID=46) to work on /home/airflow/.local/lib/python3.8/site-packages/airflow/example_dags/tutorial.py
[2025-09-18T09:53:51.836+0000] {processor.py:830} INFO - Processing file /home/airflow/.local/lib/python3.8/site-packages/airflow/example_dags/tutorial.py for tasks to queue
[2025-09-18T09:53:51.841+0000] {logging_mixin.py:188} INFO - [2025-09-18T09:53:51.840+0000] {dagbag.py:538} INFO - Filling up the DagBag from /home/airflow/.local/lib/python3.8/site-packages/airflow/example_dags/tutorial.py
[2025-09-18T09:53:51.869+0000] {processor.py:840} INFO - DAG(s) 'tutorial' retrieved from /home/airflow/.local/lib/python3.8/site-packages/airflow/example_dags/tutorial.py
[2025-09-18T09:53:52.201+0000] {logging_mixin.py:188} INFO - [2025-09-18T09:53:52.200+0000] {override.py:1769} INFO - Created Permission View: can delete on DAG:tutorial
[2025-09-18T09:53:52.267+0000] {logging_mixin.py:188} INFO - [2025-09-18T09:53:52.266+0000] {override.py:1769} INFO - Created Permission View: can edit on DAG:tutorial
[2025-09-18T09:53:52.302+0000] {logging_mixin.py:188} INFO - [2025-09-18T09:53:52.301+0000] {override.py:1769} INFO - Created Permission View: can read on DAG:tutorial
[2025-09-18T09:53:52.303+0000] {logging_mixin.py:188} INFO - [2025-09-18T09:53:52.303+0000] {dag.py:3036} INFO - Sync 1 DAGs
[2025-09-18T09:53:52.340+0000] {logging_mixin.py:188} INFO - [2025-09-18T09:53:52.340+0000] {dag.py:3058} INFO - Creating ORM DAG for tutorial
[2025-09-18T09:53:52.367+0000] {logging_mixin.py:188} INFO - [2025-09-18T09:53:52.367+0000] {dag.py:3823} INFO - Setting next_dagrun for tutorial to 2025-09-17 00:00:00+00:00, run_after=2025-09-18 00:00:00+00:00
[2025-09-18T09:53:52.426+0000] {processor.py:183} INFO - Processing /home/airflow/.local/lib/python3.8/site-packages/airflow/example_dags/tutorial.py took 0.608 seconds
[2025-09-18T09:54:23.264+0000] {processor.py:161} INFO - Started process (PID=101) to work on /home/airflow/.local/lib/python3.8/site-packages/airflow/example_dags/tutorial.py
[2025-09-18T09:54:23.266+0000] {processor.py:830} INFO - Processing file /home/airflow/.local/lib/python3.8/site-packages/airflow/example_dags/tutorial.py for tasks to queue
[2025-09-18T09:54:23.270+0000] {logging_mixin.py:188} INFO - [2025-09-18T09:54:23.269+0000] {dagbag.py:538} INFO - Filling up the DagBag from /home/airflow/.local/lib/python3.8/site-packages/airflow/example_dags/tutorial.py
[2025-09-18T09:54:23.283+0000] {processor.py:840} INFO - DAG(s) 'tutorial' retrieved from /home/airflow/.local/lib/python3.8/site-packages/airflow/example_dags/tutorial.py
[2025-09-18T09:54:23.321+0000] {logging_mixin.py:188} INFO - [2025-09-18T09:54:23.321+0000] {dag.py:3036} INFO - Sync 1 DAGs
[2025-09-18T09:54:23.370+0000] {logging_mixin.py:188} INFO - [2025-09-18T09:54:23.370+0000] {dag.py:3823} INFO - Setting next_dagrun for tutorial to 2025-09-17 00:00:00+00:00, run_after=2025-09-18 00:00:00+00:00
[2025-09-18T09:54:23.410+0000] {processor.py:183} INFO - Processing /home/airflow/.local/lib/python3.8/site-packages/airflow/example_dags/tutorial.py took 0.152 seconds
[2025-09-18T09:54:53.981+0000] {processor.py:161} INFO - Started process (PID=157) to work on /home/airflow/.local/lib/python3.8/site-packages/airflow/example_dags/tutorial.py
[2025-09-18T09:54:53.988+0000] {processor.py:830} INFO - Processing file /home/airflow/.local/lib/python3.8/site-packages/airflow/example_dags/tutorial.py for tasks to queue
[2025-09-18T09:54:53.996+0000] {logging_mixin.py:188} INFO - [2025-09-18T09:54:53.995+0000] {dagbag.py:538} INFO - Filling up the DagBag from /home/airflow/.local/lib/python3.8/site-packages/airflow/example_dags/tutorial.py
[2025-09-18T09:54:54.015+0000] {processor.py:840} INFO - DAG(s) 'tutorial' retrieved from /home/airflow/.local/lib/python3.8/site-packages/airflow/example_dags/tutorial.py
[2025-09-18T09:54:54.079+0000] {logging_mixin.py:188} INFO - [2025-09-18T09:54:54.079+0000] {dag.py:3036} INFO - Sync 1 DAGs
[2025-09-18T09:54:54.156+0000] {logging_mixin.py:188} INFO - [2025-09-18T09:54:54.156+0000] {dag.py:3823} INFO - Setting next_dagrun for tutorial to 2025-09-17 00:00:00+00:00, run_after=2025-09-18 00:00:00+00:00
[2025-09-18T09:54:54.264+0000] {processor.py:183} INFO - Processing /home/airflow/.local/lib/python3.8/site-packages/airflow/example_dags/tutorial.py took 0.297 seconds
[2025-09-18T09:55:25.068+0000] {processor.py:161} INFO - Started process (PID=212) to work on /home/airflow/.local/lib/python3.8/site-packages/airflow/example_dags/tutorial.py
[2025-09-18T09:55:25.071+0000] {processor.py:830} INFO - Processing file /home/airflow/.local/lib/python3.8/site-packages/airflow/example_dags/tutorial.py for tasks to queue
[2025-09-18T09:55:25.082+0000] {logging_mixin.py:188} INFO - [2025-09-18T09:55:25.081+0000] {dagbag.py:538} INFO - Filling up the DagBag from /home/airflow/.local/lib/python3.8/site-packages/airflow/example_dags/tutorial.py
[2025-09-18T09:55:25.119+0000] {processor.py:840} INFO - DAG(s) 'tutorial' retrieved from /home/airflow/.local/lib/python3.8/site-packages/airflow/example_dags/tutorial.py
[2025-09-18T09:55:25.182+0000] {logging_mixin.py:188} INFO - [2025-09-18T09:55:25.181+0000] {dag.py:3036} INFO - Sync 1 DAGs
[2025-09-18T09:55:25.265+0000] {logging_mixin.py:188} INFO - [2025-09-18T09:55:25.264+0000] {dag.py:3823} INFO - Setting next_dagrun for tutorial to 2025-09-17 00:00:00+00:00, run_after=2025-09-18 00:00:00+00:00
[2025-09-18T09:55:25.311+0000] {processor.py:183} INFO - Processing /home/airflow/.local/lib/python3.8/site-packages/airflow/example_dags/tutorial.py took 0.261 seconds
[2025-09-18T09:55:56.110+0000] {processor.py:161} INFO - Started process (PID=267) to work on /home/airflow/.local/lib/python3.8/site-packages/airflow/example_dags/tutorial.py
[2025-09-18T09:55:56.113+0000] {processor.py:830} INFO - Processing file /home/airflow/.local/lib/python3.8/site-packages/airflow/example_dags/tutorial.py for tasks to queue
[2025-09-18T09:55:56.118+0000] {logging_mixin.py:188} INFO - [2025-09-18T09:55:56.117+0000] {dagbag.py:538} INFO - Filling up the DagBag from /home/airflow/.local/lib/python3.8/site-packages/airflow/example_dags/tutorial.py
[2025-09-18T09:55:56.129+0000] {processor.py:840} INFO - DAG(s) 'tutorial' retrieved from /home/airflow/.local/lib/python3.8/site-packages/airflow/example_dags/tutorial.py
[2025-09-18T09:55:56.170+0000] {logging_mixin.py:188} INFO - [2025-09-18T09:55:56.170+0000] {dag.py:3036} INFO - Sync 1 DAGs
[2025-09-18T09:55:56.215+0000] {logging_mixin.py:188} INFO - [2025-09-18T09:55:56.215+0000] {dag.py:3823} INFO - Setting next_dagrun for tutorial to 2025-09-17 00:00:00+00:00, run_after=2025-09-18 00:00:00+00:00
[2025-09-18T09:55:56.251+0000] {processor.py:183} INFO - Processing /home/airflow/.local/lib/python3.8/site-packages/airflow/example_dags/tutorial.py took 0.147 seconds
[2025-09-18T09:56:26.949+0000] {processor.py:161} INFO - Started process (PID=322) to work on /home/airflow/.local/lib/python3.8/site-packages/airflow/example_dags/tutorial.py
[2025-09-18T09:56:26.956+0000] {processor.py:830} INFO - Processing file /home/airflow/.local/lib/python3.8/site-packages/airflow/example_dags/tutorial.py for tasks to queue
[2025-09-18T09:56:26.959+0000] {logging_mixin.py:188} INFO - [2025-09-18T09:56:26.959+0000] {dagbag.py:538} INFO - Filling up the DagBag from /home/airflow/.local/lib/python3.8/site-packages/airflow/example_dags/tutorial.py
[2025-09-18T09:56:26.970+0000] {processor.py:840} INFO - DAG(s) 'tutorial' retrieved from /home/airflow/.local/lib/python3.8/site-packages/airflow/example_dags/tutorial.py
[2025-09-18T09:56:27.009+0000] {logging_mixin.py:188} INFO - [2025-09-18T09:56:27.009+0000] {dag.py:3036} INFO - Sync 1 DAGs
[2025-09-18T09:56:27.079+0000] {logging_mixin.py:188} INFO - [2025-09-18T09:56:27.079+0000] {dag.py:3823} INFO - Setting next_dagrun for tutorial to 2025-09-17 00:00:00+00:00, run_after=2025-09-18 00:00:00+00:00
[2025-09-18T09:56:27.127+0000] {processor.py:183} INFO - Processing /home/airflow/.local/lib/python3.8/site-packages/airflow/example_dags/tutorial.py took 0.185 seconds
[2025-09-18T09:56:57.682+0000] {processor.py:161} INFO - Started process (PID=377) to work on /home/airflow/.local/lib/python3.8/site-packages/airflow/example_dags/tutorial.py
[2025-09-18T09:56:57.684+0000] {processor.py:830} INFO - Processing file /home/airflow/.local/lib/python3.8/site-packages/airflow/example_dags/tutorial.py for tasks to queue
[2025-09-18T09:56:57.688+0000] {logging_mixin.py:188} INFO - [2025-09-18T09:56:57.687+0000] {dagbag.py:538} INFO - Filling up the DagBag from /home/airflow/.local/lib/python3.8/site-packages/airflow/example_dags/tutorial.py
[2025-09-18T09:56:57.699+0000] {processor.py:840} INFO - DAG(s) 'tutorial' retrieved from /home/airflow/.local/lib/python3.8/site-packages/airflow/example_dags/tutorial.py
[2025-09-18T09:56:57.740+0000] {logging_mixin.py:188} INFO - [2025-09-18T09:56:57.740+0000] {dag.py:3036} INFO - Sync 1 DAGs
[2025-09-18T09:56:57.793+0000] {logging_mixin.py:188} INFO - [2025-09-18T09:56:57.793+0000] {dag.py:3823} INFO - Setting next_dagrun for tutorial to 2025-09-17 00:00:00+00:00, run_after=2025-09-18 00:00:00+00:00
[2025-09-18T09:56:57.837+0000] {processor.py:183} INFO - Processing /home/airflow/.local/lib/python3.8/site-packages/airflow/example_dags/tutorial.py took 0.162 seconds
[2025-09-18T09:57:28.036+0000] {processor.py:161} INFO - Started process (PID=432) to work on /home/airflow/.local/lib/python3.8/site-packages/airflow/example_dags/tutorial.py
[2025-09-18T09:57:28.039+0000] {processor.py:830} INFO - Processing file /home/airflow/.local/lib/python3.8/site-packages/airflow/example_dags/tutorial.py for tasks to queue
[2025-09-18T09:57:28.046+0000] {logging_mixin.py:188} INFO - [2025-09-18T09:57:28.045+0000] {dagbag.py:538} INFO - Filling up the DagBag from /home/airflow/.local/lib/python3.8/site-packages/airflow/example_dags/tutorial.py
[2025-09-18T09:57:28.061+0000] {processor.py:840} INFO - DAG(s) 'tutorial' retrieved from /home/airflow/.local/lib/python3.8/site-packages/airflow/example_dags/tutorial.py
[2025-09-18T09:57:28.116+0000] {logging_mixin.py:188} INFO - [2025-09-18T09:57:28.115+0000] {dag.py:3036} INFO - Sync 1 DAGs
[2025-09-18T09:57:28.172+0000] {logging_mixin.py:188} INFO - [2025-09-18T09:57:28.171+0000] {dag.py:3823} INFO - Setting next_dagrun for tutorial to 2025-09-17 00:00:00+00:00, run_after=2025-09-18 00:00:00+00:00
[2025-09-18T09:57:28.217+0000] {processor.py:183} INFO - Processing /home/airflow/.local/lib/python3.8/site-packages/airflow/example_dags/tutorial.py took 0.188 seconds
[2025-09-18T09:57:58.375+0000] {processor.py:161} INFO - Started process (PID=487) to work on /home/airflow/.local/lib/python3.8/site-packages/airflow/example_dags/tutorial.py
[2025-09-18T09:57:58.377+0000] {processor.py:830} INFO - Processing file /home/airflow/.local/lib/python3.8/site-packages/airflow/example_dags/tutorial.py for tasks to queue
[2025-09-18T09:57:58.381+0000] {logging_mixin.py:188} INFO - [2025-09-18T09:57:58.380+0000] {dagbag.py:538} INFO - Filling up the DagBag from /home/airflow/.local/lib/python3.8/site-packages/airflow/example_dags/tutorial.py
[2025-09-18T09:57:58.391+0000] {processor.py:840} INFO - DAG(s) 'tutorial' retrieved from /home/airflow/.local/lib/python3.8/site-packages/airflow/example_dags/tutorial.py
[2025-09-18T09:57:58.427+0000] {logging_mixin.py:188} INFO - [2025-09-18T09:57:58.427+0000] {dag.py:3036} INFO - Sync 1 DAGs
[2025-09-18T09:57:58.473+0000] {logging_mixin.py:188} INFO - [2025-09-18T09:57:58.472+0000] {dag.py:3823} INFO - Setting next_dagrun for tutorial to 2025-09-17 00:00:00+00:00, run_after=2025-09-18 00:00:00+00:00
[2025-09-18T09:57:58.513+0000] {processor.py:183} INFO - Processing /home/airflow/.local/lib/python3.8/site-packages/airflow/example_dags/tutorial.py took 0.143 seconds
[2025-09-18T09:58:29.229+0000] {processor.py:161} INFO - Started process (PID=542) to work on /home/airflow/.local/lib/python3.8/site-packages/airflow/example_dags/tutorial.py
[2025-09-18T09:58:29.231+0000] {processor.py:830} INFO - Processing file /home/airflow/.local/lib/python3.8/site-packages/airflow/example_dags/tutorial.py for tasks to queue
[2025-09-18T09:58:29.234+0000] {logging_mixin.py:188} INFO - [2025-09-18T09:58:29.233+0000] {dagbag.py:538} INFO - Filling up the DagBag from /home/airflow/.local/lib/python3.8/site-packages/airflow/example_dags/tutorial.py
[2025-09-18T09:58:29.244+0000] {processor.py:840} INFO - DAG(s) 'tutorial' retrieved from /home/airflow/.local/lib/python3.8/site-packages/airflow/example_dags/tutorial.py
[2025-09-18T09:58:29.284+0000] {logging_mixin.py:188} INFO - [2025-09-18T09:58:29.283+0000] {dag.py:3036} INFO - Sync 1 DAGs
[2025-09-18T09:58:29.326+0000] {logging_mixin.py:188} INFO - [2025-09-18T09:58:29.326+0000] {dag.py:3823} INFO - Setting next_dagrun for tutorial to 2025-09-17 00:00:00+00:00, run_after=2025-09-18 00:00:00+00:00
[2025-09-18T09:58:29.366+0000] {processor.py:183} INFO - Processing /home/airflow/.local/lib/python3.8/site-packages/airflow/example_dags/tutorial.py took 0.143 seconds
[2025-09-18T09:58:59.682+0000] {processor.py:161} INFO - Started process (PID=597) to work on /home/airflow/.local/lib/python3.8/site-packages/airflow/example_dags/tutorial.py
[2025-09-18T09:58:59.687+0000] {processor.py:830} INFO - Processing file /home/airflow/.local/lib/python3.8/site-packages/airflow/example_dags/tutorial.py for tasks to queue
[2025-09-18T09:58:59.691+0000] {logging_mixin.py:188} INFO - [2025-09-18T09:58:59.690+0000] {dagbag.py:538} INFO - Filling up the DagBag from /home/airflow/.local/lib/python3.8/site-packages/airflow/example_dags/tutorial.py
[2025-09-18T09:58:59.709+0000] {processor.py:840} INFO - DAG(s) 'tutorial' retrieved from /home/airflow/.local/lib/python3.8/site-packages/airflow/example_dags/tutorial.py
[2025-09-18T09:58:59.756+0000] {logging_mixin.py:188} INFO - [2025-09-18T09:58:59.756+0000] {dag.py:3036} INFO - Sync 1 DAGs
[2025-09-18T09:58:59.824+0000] {logging_mixin.py:188} INFO - [2025-09-18T09:58:59.824+0000] {dag.py:3823} INFO - Setting next_dagrun for tutorial to 2025-09-17 00:00:00+00:00, run_after=2025-09-18 00:00:00+00:00
[2025-09-18T09:58:59.879+0000] {processor.py:183} INFO - Processing /home/airflow/.local/lib/python3.8/site-packages/airflow/example_dags/tutorial.py took 0.205 seconds
[2025-09-18T09:59:30.072+0000] {processor.py:161} INFO - Started process (PID=652) to work on /home/airflow/.local/lib/python3.8/site-packages/airflow/example_dags/tutorial.py
[2025-09-18T09:59:30.074+0000] {processor.py:830} INFO - Processing file /home/airflow/.local/lib/python3.8/site-packages/airflow/example_dags/tutorial.py for tasks to queue
[2025-09-18T09:59:30.078+0000] {logging_mixin.py:188} INFO - [2025-09-18T09:59:30.077+0000] {dagbag.py:538} INFO - Filling up the DagBag from /home/airflow/.local/lib/python3.8/site-packages/airflow/example_dags/tutorial.py
[2025-09-18T09:59:30.088+0000] {processor.py:840} INFO - DAG(s) 'tutorial' retrieved from /home/airflow/.local/lib/python3.8/site-packages/airflow/example_dags/tutorial.py
[2025-09-18T09:59:30.125+0000] {logging_mixin.py:188} INFO - [2025-09-18T09:59:30.124+0000] {dag.py:3036} INFO - Sync 1 DAGs
[2025-09-18T09:59:30.164+0000] {logging_mixin.py:188} INFO - [2025-09-18T09:59:30.164+0000] {dag.py:3823} INFO - Setting next_dagrun for tutorial to 2025-09-17 00:00:00+00:00, run_after=2025-09-18 00:00:00+00:00
[2025-09-18T09:59:30.204+0000] {processor.py:183} INFO - Processing /home/airflow/.local/lib/python3.8/site-packages/airflow/example_dags/tutorial.py took 0.138 seconds
[2025-09-18T10:00:00.823+0000] {processor.py:161} INFO - Started process (PID=707) to work on /home/airflow/.local/lib/python3.8/site-packages/airflow/example_dags/tutorial.py
[2025-09-18T10:00:00.825+0000] {processor.py:830} INFO - Processing file /home/airflow/.local/lib/python3.8/site-packages/airflow/example_dags/tutorial.py for tasks to queue
[2025-09-18T10:00:00.829+0000] {logging_mixin.py:188} INFO - [2025-09-18T10:00:00.828+0000] {dagbag.py:538} INFO - Filling up the DagBag from /home/airflow/.local/lib/python3.8/site-packages/airflow/example_dags/tutorial.py
[2025-09-18T10:00:00.839+0000] {processor.py:840} INFO - DAG(s) 'tutorial' retrieved from /home/airflow/.local/lib/python3.8/site-packages/airflow/example_dags/tutorial.py
[2025-09-18T10:00:00.876+0000] {logging_mixin.py:188} INFO - [2025-09-18T10:00:00.875+0000] {dag.py:3036} INFO - Sync 1 DAGs
[2025-09-18T10:00:00.915+0000] {logging_mixin.py:188} INFO - [2025-09-18T10:00:00.915+0000] {dag.py:3823} INFO - Setting next_dagrun for tutorial to 2025-09-17 00:00:00+00:00, run_after=2025-09-18 00:00:00+00:00
[2025-09-18T10:00:00.957+0000] {processor.py:183} INFO - Processing /home/airflow/.local/lib/python3.8/site-packages/airflow/example_dags/tutorial.py took 0.140 seconds
[2025-09-18T10:00:31.059+0000] {processor.py:161} INFO - Started process (PID=762) to work on /home/airflow/.local/lib/python3.8/site-packages/airflow/example_dags/tutorial.py
[2025-09-18T10:00:31.062+0000] {processor.py:830} INFO - Processing file /home/airflow/.local/lib/python3.8/site-packages/airflow/example_dags/tutorial.py for tasks to queue
[2025-09-18T10:00:31.066+0000] {logging_mixin.py:188} INFO - [2025-09-18T10:00:31.065+0000] {dagbag.py:538} INFO - Filling up the DagBag from /home/airflow/.local/lib/python3.8/site-packages/airflow/example_dags/tutorial.py
[2025-09-18T10:00:31.079+0000] {processor.py:840} INFO - DAG(s) 'tutorial' retrieved from /home/airflow/.local/lib/python3.8/site-packages/airflow/example_dags/tutorial.py
[2025-09-18T10:00:31.119+0000] {logging_mixin.py:188} INFO - [2025-09-18T10:00:31.118+0000] {dag.py:3036} INFO - Sync 1 DAGs
[2025-09-18T10:00:31.161+0000] {logging_mixin.py:188} INFO - [2025-09-18T10:00:31.160+0000] {dag.py:3823} INFO - Setting next_dagrun for tutorial to 2025-09-17 00:00:00+00:00, run_after=2025-09-18 00:00:00+00:00
[2025-09-18T10:00:31.196+0000] {processor.py:183} INFO - Processing /home/airflow/.local/lib/python3.8/site-packages/airflow/example_dags/tutorial.py took 0.142 seconds
[2025-09-18T10:01:01.506+0000] {processor.py:161} INFO - Started process (PID=817) to work on /home/airflow/.local/lib/python3.8/site-packages/airflow/example_dags/tutorial.py
[2025-09-18T10:01:01.508+0000] {processor.py:830} INFO - Processing file /home/airflow/.local/lib/python3.8/site-packages/airflow/example_dags/tutorial.py for tasks to queue
[2025-09-18T10:01:01.512+0000] {logging_mixin.py:188} INFO - [2025-09-18T10:01:01.511+0000] {dagbag.py:538} INFO - Filling up the DagBag from /home/airflow/.local/lib/python3.8/site-packages/airflow/example_dags/tutorial.py
[2025-09-18T10:01:01.522+0000] {processor.py:840} INFO - DAG(s) 'tutorial' retrieved from /home/airflow/.local/lib/python3.8/site-packages/airflow/example_dags/tutorial.py
[2025-09-18T10:01:01.559+0000] {logging_mixin.py:188} INFO - [2025-09-18T10:01:01.558+0000] {dag.py:3036} INFO - Sync 1 DAGs
[2025-09-18T10:01:01.600+0000] {logging_mixin.py:188} INFO - [2025-09-18T10:01:01.599+0000] {dag.py:3823} INFO - Setting next_dagrun for tutorial to 2025-09-17 00:00:00+00:00, run_after=2025-09-18 00:00:00+00:00
[2025-09-18T10:01:01.636+0000] {processor.py:183} INFO - Processing /home/airflow/.local/lib/python3.8/site-packages/airflow/example_dags/tutorial.py took 0.136 seconds
[2025-09-18T10:01:32.065+0000] {processor.py:161} INFO - Started process (PID=872) to work on /home/airflow/.local/lib/python3.8/site-packages/airflow/example_dags/tutorial.py
[2025-09-18T10:01:32.067+0000] {processor.py:830} INFO - Processing file /home/airflow/.local/lib/python3.8/site-packages/airflow/example_dags/tutorial.py for tasks to queue
[2025-09-18T10:01:32.071+0000] {logging_mixin.py:188} INFO - [2025-09-18T10:01:32.070+0000] {dagbag.py:538} INFO - Filling up the DagBag from /home/airflow/.local/lib/python3.8/site-packages/airflow/example_dags/tutorial.py
[2025-09-18T10:01:32.081+0000] {processor.py:840} INFO - DAG(s) 'tutorial' retrieved from /home/airflow/.local/lib/python3.8/site-packages/airflow/example_dags/tutorial.py
[2025-09-18T10:01:32.117+0000] {logging_mixin.py:188} INFO - [2025-09-18T10:01:32.117+0000] {dag.py:3036} INFO - Sync 1 DAGs
[2025-09-18T10:01:32.157+0000] {logging_mixin.py:188} INFO - [2025-09-18T10:01:32.157+0000] {dag.py:3823} INFO - Setting next_dagrun for tutorial to 2025-09-17 00:00:00+00:00, run_after=2025-09-18 00:00:00+00:00
[2025-09-18T10:01:32.200+0000] {processor.py:183} INFO - Processing /home/airflow/.local/lib/python3.8/site-packages/airflow/example_dags/tutorial.py took 0.140 seconds
[2025-09-18T10:02:02.333+0000] {processor.py:161} INFO - Started process (PID=927) to work on /home/airflow/.local/lib/python3.8/site-packages/airflow/example_dags/tutorial.py
[2025-09-18T10:02:02.336+0000] {processor.py:830} INFO - Processing file /home/airflow/.local/lib/python3.8/site-packages/airflow/example_dags/tutorial.py for tasks to queue
[2025-09-18T10:02:02.341+0000] {logging_mixin.py:188} INFO - [2025-09-18T10:02:02.340+0000] {dagbag.py:538} INFO - Filling up the DagBag from /home/airflow/.local/lib/python3.8/site-packages/airflow/example_dags/tutorial.py
[2025-09-18T10:02:02.352+0000] {processor.py:840} INFO - DAG(s) 'tutorial' retrieved from /home/airflow/.local/lib/python3.8/site-packages/airflow/example_dags/tutorial.py
[2025-09-18T10:02:02.392+0000] {logging_mixin.py:188} INFO - [2025-09-18T10:02:02.392+0000] {dag.py:3036} INFO - Sync 1 DAGs
[2025-09-18T10:02:02.442+0000] {logging_mixin.py:188} INFO - [2025-09-18T10:02:02.441+0000] {dag.py:3823} INFO - Setting next_dagrun for tutorial to 2025-09-17 00:00:00+00:00, run_after=2025-09-18 00:00:00+00:00
[2025-09-18T10:02:02.486+0000] {processor.py:183} INFO - Processing /home/airflow/.local/lib/python3.8/site-packages/airflow/example_dags/tutorial.py took 0.158 seconds
[2025-09-18T10:02:32.751+0000] {processor.py:161} INFO - Started process (PID=982) to work on /home/airflow/.local/lib/python3.8/site-packages/airflow/example_dags/tutorial.py
[2025-09-18T10:02:32.753+0000] {processor.py:830} INFO - Processing file /home/airflow/.local/lib/python3.8/site-packages/airflow/example_dags/tutorial.py for tasks to queue
[2025-09-18T10:02:32.757+0000] {logging_mixin.py:188} INFO - [2025-09-18T10:02:32.757+0000] {dagbag.py:538} INFO - Filling up the DagBag from /home/airflow/.local/lib/python3.8/site-packages/airflow/example_dags/tutorial.py
[2025-09-18T10:02:32.771+0000] {processor.py:840} INFO - DAG(s) 'tutorial' retrieved from /home/airflow/.local/lib/python3.8/site-packages/airflow/example_dags/tutorial.py
[2025-09-18T10:02:32.812+0000] {logging_mixin.py:188} INFO - [2025-09-18T10:02:32.811+0000] {dag.py:3036} INFO - Sync 1 DAGs
[2025-09-18T10:02:32.868+0000] {logging_mixin.py:188} INFO - [2025-09-18T10:02:32.867+0000] {dag.py:3823} INFO - Setting next_dagrun for tutorial to 2025-09-17 00:00:00+00:00, run_after=2025-09-18 00:00:00+00:00
[2025-09-18T10:02:32.907+0000] {processor.py:183} INFO - Processing /home/airflow/.local/lib/python3.8/site-packages/airflow/example_dags/tutorial.py took 0.163 seconds
[2025-09-18T10:03:03.353+0000] {processor.py:161} INFO - Started process (PID=1037) to work on /home/airflow/.local/lib/python3.8/site-packages/airflow/example_dags/tutorial.py
[2025-09-18T10:03:03.355+0000] {processor.py:830} INFO - Processing file /home/airflow/.local/lib/python3.8/site-packages/airflow/example_dags/tutorial.py for tasks to queue
[2025-09-18T10:03:03.362+0000] {logging_mixin.py:188} INFO - [2025-09-18T10:03:03.361+0000] {dagbag.py:538} INFO - Filling up the DagBag from /home/airflow/.local/lib/python3.8/site-packages/airflow/example_dags/tutorial.py
[2025-09-18T10:03:03.379+0000] {processor.py:840} INFO - DAG(s) 'tutorial' retrieved from /home/airflow/.local/lib/python3.8/site-packages/airflow/example_dags/tutorial.py
[2025-09-18T10:03:03.430+0000] {logging_mixin.py:188} INFO - [2025-09-18T10:03:03.430+0000] {dag.py:3036} INFO - Sync 1 DAGs
[2025-09-18T10:03:03.495+0000] {logging_mixin.py:188} INFO - [2025-09-18T10:03:03.494+0000] {dag.py:3823} INFO - Setting next_dagrun for tutorial to 2025-09-17 00:00:00+00:00, run_after=2025-09-18 00:00:00+00:00
[2025-09-18T10:03:03.555+0000] {processor.py:183} INFO - Processing /home/airflow/.local/lib/python3.8/site-packages/airflow/example_dags/tutorial.py took 0.213 seconds
[2025-09-18T10:03:33.957+0000] {processor.py:161} INFO - Started process (PID=1090) to work on /home/airflow/.local/lib/python3.8/site-packages/airflow/example_dags/tutorial.py
[2025-09-18T10:03:33.959+0000] {processor.py:830} INFO - Processing file /home/airflow/.local/lib/python3.8/site-packages/airflow/example_dags/tutorial.py for tasks to queue
[2025-09-18T10:03:33.963+0000] {logging_mixin.py:188} INFO - [2025-09-18T10:03:33.963+0000] {dagbag.py:538} INFO - Filling up the DagBag from /home/airflow/.local/lib/python3.8/site-packages/airflow/example_dags/tutorial.py
[2025-09-18T10:03:33.976+0000] {processor.py:840} INFO - DAG(s) 'tutorial' retrieved from /home/airflow/.local/lib/python3.8/site-packages/airflow/example_dags/tutorial.py
[2025-09-18T10:03:34.016+0000] {logging_mixin.py:188} INFO - [2025-09-18T10:03:34.015+0000] {dag.py:3036} INFO - Sync 1 DAGs
[2025-09-18T10:03:34.057+0000] {logging_mixin.py:188} INFO - [2025-09-18T10:03:34.056+0000] {dag.py:3823} INFO - Setting next_dagrun for tutorial to 2025-09-17 00:00:00+00:00, run_after=2025-09-18 00:00:00+00:00
[2025-09-18T10:03:34.098+0000] {processor.py:183} INFO - Processing /home/airflow/.local/lib/python3.8/site-packages/airflow/example_dags/tutorial.py took 0.148 seconds
[2025-09-18T10:04:04.417+0000] {processor.py:161} INFO - Started process (PID=1145) to work on /home/airflow/.local/lib/python3.8/site-packages/airflow/example_dags/tutorial.py
[2025-09-18T10:04:04.419+0000] {processor.py:830} INFO - Processing file /home/airflow/.local/lib/python3.8/site-packages/airflow/example_dags/tutorial.py for tasks to queue
[2025-09-18T10:04:04.423+0000] {logging_mixin.py:188} INFO - [2025-09-18T10:04:04.422+0000] {dagbag.py:538} INFO - Filling up the DagBag from /home/airflow/.local/lib/python3.8/site-packages/airflow/example_dags/tutorial.py
[2025-09-18T10:04:04.434+0000] {processor.py:840} INFO - DAG(s) 'tutorial' retrieved from /home/airflow/.local/lib/python3.8/site-packages/airflow/example_dags/tutorial.py
[2025-09-18T10:04:04.475+0000] {logging_mixin.py:188} INFO - [2025-09-18T10:04:04.474+0000] {dag.py:3036} INFO - Sync 1 DAGs
[2025-09-18T10:04:04.523+0000] {logging_mixin.py:188} INFO - [2025-09-18T10:04:04.523+0000] {dag.py:3823} INFO - Setting next_dagrun for tutorial to 2025-09-17 00:00:00+00:00, run_after=2025-09-18 00:00:00+00:00
[2025-09-18T10:04:04.563+0000] {processor.py:183} INFO - Processing /home/airflow/.local/lib/python3.8/site-packages/airflow/example_dags/tutorial.py took 0.153 seconds
[2025-09-18T10:04:34.870+0000] {processor.py:161} INFO - Started process (PID=1200) to work on /home/airflow/.local/lib/python3.8/site-packages/airflow/example_dags/tutorial.py
[2025-09-18T10:04:34.873+0000] {processor.py:830} INFO - Processing file /home/airflow/.local/lib/python3.8/site-packages/airflow/example_dags/tutorial.py for tasks to queue
[2025-09-18T10:04:34.878+0000] {logging_mixin.py:188} INFO - [2025-09-18T10:04:34.877+0000] {dagbag.py:538} INFO - Filling up the DagBag from /home/airflow/.local/lib/python3.8/site-packages/airflow/example_dags/tutorial.py
[2025-09-18T10:04:34.888+0000] {processor.py:840} INFO - DAG(s) 'tutorial' retrieved from /home/airflow/.local/lib/python3.8/site-packages/airflow/example_dags/tutorial.py
[2025-09-18T10:04:34.925+0000] {logging_mixin.py:188} INFO - [2025-09-18T10:04:34.925+0000] {dag.py:3036} INFO - Sync 1 DAGs
[2025-09-18T10:04:34.968+0000] {logging_mixin.py:188} INFO - [2025-09-18T10:04:34.967+0000] {dag.py:3823} INFO - Setting next_dagrun for tutorial to 2025-09-17 00:00:00+00:00, run_after=2025-09-18 00:00:00+00:00
[2025-09-18T10:04:35.020+0000] {processor.py:183} INFO - Processing /home/airflow/.local/lib/python3.8/site-packages/airflow/example_dags/tutorial.py took 0.158 seconds
[2025-09-18T10:05:05.332+0000] {processor.py:161} INFO - Started process (PID=1255) to work on /home/airflow/.local/lib/python3.8/site-packages/airflow/example_dags/tutorial.py
[2025-09-18T10:05:05.335+0000] {processor.py:830} INFO - Processing file /home/airflow/.local/lib/python3.8/site-packages/airflow/example_dags/tutorial.py for tasks to queue
[2025-09-18T10:05:05.345+0000] {logging_mixin.py:188} INFO - [2025-09-18T10:05:05.344+0000] {dagbag.py:538} INFO - Filling up the DagBag from /home/airflow/.local/lib/python3.8/site-packages/airflow/example_dags/tutorial.py
[2025-09-18T10:05:05.362+0000] {processor.py:840} INFO - DAG(s) 'tutorial' retrieved from /home/airflow/.local/lib/python3.8/site-packages/airflow/example_dags/tutorial.py
[2025-09-18T10:05:05.457+0000] {logging_mixin.py:188} INFO - [2025-09-18T10:05:05.457+0000] {dag.py:3036} INFO - Sync 1 DAGs
[2025-09-18T10:05:05.532+0000] {logging_mixin.py:188} INFO - [2025-09-18T10:05:05.531+0000] {dag.py:3823} INFO - Setting next_dagrun for tutorial to 2025-09-17 00:00:00+00:00, run_after=2025-09-18 00:00:00+00:00
[2025-09-18T10:05:05.575+0000] {processor.py:183} INFO - Processing /home/airflow/.local/lib/python3.8/site-packages/airflow/example_dags/tutorial.py took 0.255 seconds
