[2025-09-18T07:36:25.670+0000] {processor.py:161} INFO - Started process (PID=68) to work on /home/airflow/.local/lib/python3.8/site-packages/airflow/example_dags/tutorial_taskflow_api_virtualenv.py
[2025-09-18T07:36:25.672+0000] {processor.py:830} INFO - Processing file /home/airflow/.local/lib/python3.8/site-packages/airflow/example_dags/tutorial_taskflow_api_virtualenv.py for tasks to queue
[2025-09-18T07:36:25.676+0000] {logging_mixin.py:188} INFO - [2025-09-18T07:36:25.675+0000] {dagbag.py:538} INFO - Filling up the DagBag from /home/airflow/.local/lib/python3.8/site-packages/airflow/example_dags/tutorial_taskflow_api_virtualenv.py
[2025-09-18T07:36:25.703+0000] {processor.py:840} INFO - DAG(s) 'tutorial_taskflow_api_virtualenv' retrieved from /home/airflow/.local/lib/python3.8/site-packages/airflow/example_dags/tutorial_taskflow_api_virtualenv.py
[2025-09-18T07:36:25.926+0000] {logging_mixin.py:188} INFO - [2025-09-18T07:36:25.925+0000] {override.py:1769} INFO - Created Permission View: can read on DAG:tutorial_taskflow_api_virtualenv
[2025-09-18T07:36:25.948+0000] {logging_mixin.py:188} INFO - [2025-09-18T07:36:25.947+0000] {override.py:1769} INFO - Created Permission View: can delete on DAG:tutorial_taskflow_api_virtualenv
[2025-09-18T07:36:25.963+0000] {logging_mixin.py:188} INFO - [2025-09-18T07:36:25.962+0000] {override.py:1769} INFO - Created Permission View: can edit on DAG:tutorial_taskflow_api_virtualenv
[2025-09-18T07:36:25.965+0000] {logging_mixin.py:188} INFO - [2025-09-18T07:36:25.964+0000] {dag.py:3036} INFO - Sync 1 DAGs
[2025-09-18T07:36:25.993+0000] {logging_mixin.py:188} INFO - [2025-09-18T07:36:25.992+0000] {dag.py:3058} INFO - Creating ORM DAG for tutorial_taskflow_api_virtualenv
[2025-09-18T07:36:25.995+0000] {logging_mixin.py:188} INFO - [2025-09-18T07:36:25.995+0000] {dag.py:3823} INFO - Setting next_dagrun for tutorial_taskflow_api_virtualenv to None, run_after=None
[2025-09-18T07:36:26.031+0000] {processor.py:183} INFO - Processing /home/airflow/.local/lib/python3.8/site-packages/airflow/example_dags/tutorial_taskflow_api_virtualenv.py took 0.367 seconds
[2025-09-18T07:36:56.117+0000] {processor.py:161} INFO - Started process (PID=123) to work on /home/airflow/.local/lib/python3.8/site-packages/airflow/example_dags/tutorial_taskflow_api_virtualenv.py
[2025-09-18T07:36:56.119+0000] {processor.py:830} INFO - Processing file /home/airflow/.local/lib/python3.8/site-packages/airflow/example_dags/tutorial_taskflow_api_virtualenv.py for tasks to queue
[2025-09-18T07:36:56.124+0000] {logging_mixin.py:188} INFO - [2025-09-18T07:36:56.124+0000] {dagbag.py:538} INFO - Filling up the DagBag from /home/airflow/.local/lib/python3.8/site-packages/airflow/example_dags/tutorial_taskflow_api_virtualenv.py
[2025-09-18T07:36:56.151+0000] {processor.py:840} INFO - DAG(s) 'tutorial_taskflow_api_virtualenv' retrieved from /home/airflow/.local/lib/python3.8/site-packages/airflow/example_dags/tutorial_taskflow_api_virtualenv.py
[2025-09-18T07:36:56.203+0000] {logging_mixin.py:188} INFO - [2025-09-18T07:36:56.202+0000] {dag.py:3036} INFO - Sync 1 DAGs
[2025-09-18T07:36:56.235+0000] {logging_mixin.py:188} INFO - [2025-09-18T07:36:56.234+0000] {dag.py:3823} INFO - Setting next_dagrun for tutorial_taskflow_api_virtualenv to None, run_after=None
[2025-09-18T07:36:56.278+0000] {processor.py:183} INFO - Processing /home/airflow/.local/lib/python3.8/site-packages/airflow/example_dags/tutorial_taskflow_api_virtualenv.py took 0.168 seconds
[2025-09-18T07:37:26.943+0000] {processor.py:161} INFO - Started process (PID=178) to work on /home/airflow/.local/lib/python3.8/site-packages/airflow/example_dags/tutorial_taskflow_api_virtualenv.py
[2025-09-18T07:37:26.945+0000] {processor.py:830} INFO - Processing file /home/airflow/.local/lib/python3.8/site-packages/airflow/example_dags/tutorial_taskflow_api_virtualenv.py for tasks to queue
[2025-09-18T07:37:26.949+0000] {logging_mixin.py:188} INFO - [2025-09-18T07:37:26.949+0000] {dagbag.py:538} INFO - Filling up the DagBag from /home/airflow/.local/lib/python3.8/site-packages/airflow/example_dags/tutorial_taskflow_api_virtualenv.py
[2025-09-18T07:37:26.977+0000] {processor.py:840} INFO - DAG(s) 'tutorial_taskflow_api_virtualenv' retrieved from /home/airflow/.local/lib/python3.8/site-packages/airflow/example_dags/tutorial_taskflow_api_virtualenv.py
[2025-09-18T07:37:27.026+0000] {logging_mixin.py:188} INFO - [2025-09-18T07:37:27.025+0000] {dag.py:3036} INFO - Sync 1 DAGs
[2025-09-18T07:37:27.071+0000] {logging_mixin.py:188} INFO - [2025-09-18T07:37:27.071+0000] {dag.py:3823} INFO - Setting next_dagrun for tutorial_taskflow_api_virtualenv to None, run_after=None
[2025-09-18T07:37:27.131+0000] {processor.py:183} INFO - Processing /home/airflow/.local/lib/python3.8/site-packages/airflow/example_dags/tutorial_taskflow_api_virtualenv.py took 0.198 seconds
[2025-09-18T07:37:58.114+0000] {processor.py:161} INFO - Started process (PID=233) to work on /home/airflow/.local/lib/python3.8/site-packages/airflow/example_dags/tutorial_taskflow_api_virtualenv.py
[2025-09-18T07:37:58.142+0000] {processor.py:830} INFO - Processing file /home/airflow/.local/lib/python3.8/site-packages/airflow/example_dags/tutorial_taskflow_api_virtualenv.py for tasks to queue
[2025-09-18T07:37:58.146+0000] {logging_mixin.py:188} INFO - [2025-09-18T07:37:58.146+0000] {dagbag.py:538} INFO - Filling up the DagBag from /home/airflow/.local/lib/python3.8/site-packages/airflow/example_dags/tutorial_taskflow_api_virtualenv.py
[2025-09-18T07:37:58.185+0000] {processor.py:840} INFO - DAG(s) 'tutorial_taskflow_api_virtualenv' retrieved from /home/airflow/.local/lib/python3.8/site-packages/airflow/example_dags/tutorial_taskflow_api_virtualenv.py
[2025-09-18T07:37:58.223+0000] {logging_mixin.py:188} INFO - [2025-09-18T07:37:58.222+0000] {dag.py:3036} INFO - Sync 1 DAGs
[2025-09-18T07:37:58.250+0000] {logging_mixin.py:188} INFO - [2025-09-18T07:37:58.250+0000] {dag.py:3823} INFO - Setting next_dagrun for tutorial_taskflow_api_virtualenv to None, run_after=None
[2025-09-18T07:37:58.290+0000] {processor.py:183} INFO - Processing /home/airflow/.local/lib/python3.8/site-packages/airflow/example_dags/tutorial_taskflow_api_virtualenv.py took 0.182 seconds
[2025-09-18T07:38:29.106+0000] {processor.py:161} INFO - Started process (PID=288) to work on /home/airflow/.local/lib/python3.8/site-packages/airflow/example_dags/tutorial_taskflow_api_virtualenv.py
[2025-09-18T07:38:29.108+0000] {processor.py:830} INFO - Processing file /home/airflow/.local/lib/python3.8/site-packages/airflow/example_dags/tutorial_taskflow_api_virtualenv.py for tasks to queue
[2025-09-18T07:38:29.114+0000] {logging_mixin.py:188} INFO - [2025-09-18T07:38:29.114+0000] {dagbag.py:538} INFO - Filling up the DagBag from /home/airflow/.local/lib/python3.8/site-packages/airflow/example_dags/tutorial_taskflow_api_virtualenv.py
[2025-09-18T07:38:29.142+0000] {processor.py:840} INFO - DAG(s) 'tutorial_taskflow_api_virtualenv' retrieved from /home/airflow/.local/lib/python3.8/site-packages/airflow/example_dags/tutorial_taskflow_api_virtualenv.py
[2025-09-18T07:38:29.210+0000] {logging_mixin.py:188} INFO - [2025-09-18T07:38:29.210+0000] {dag.py:3036} INFO - Sync 1 DAGs
[2025-09-18T07:38:29.248+0000] {logging_mixin.py:188} INFO - [2025-09-18T07:38:29.248+0000] {dag.py:3823} INFO - Setting next_dagrun for tutorial_taskflow_api_virtualenv to None, run_after=None
[2025-09-18T07:38:29.313+0000] {processor.py:183} INFO - Processing /home/airflow/.local/lib/python3.8/site-packages/airflow/example_dags/tutorial_taskflow_api_virtualenv.py took 0.216 seconds
[2025-09-18T07:38:59.442+0000] {processor.py:161} INFO - Started process (PID=341) to work on /home/airflow/.local/lib/python3.8/site-packages/airflow/example_dags/tutorial_taskflow_api_virtualenv.py
[2025-09-18T07:38:59.448+0000] {processor.py:830} INFO - Processing file /home/airflow/.local/lib/python3.8/site-packages/airflow/example_dags/tutorial_taskflow_api_virtualenv.py for tasks to queue
[2025-09-18T07:38:59.453+0000] {logging_mixin.py:188} INFO - [2025-09-18T07:38:59.452+0000] {dagbag.py:538} INFO - Filling up the DagBag from /home/airflow/.local/lib/python3.8/site-packages/airflow/example_dags/tutorial_taskflow_api_virtualenv.py
[2025-09-18T07:38:59.473+0000] {processor.py:840} INFO - DAG(s) 'tutorial_taskflow_api_virtualenv' retrieved from /home/airflow/.local/lib/python3.8/site-packages/airflow/example_dags/tutorial_taskflow_api_virtualenv.py
[2025-09-18T07:38:59.508+0000] {logging_mixin.py:188} INFO - [2025-09-18T07:38:59.508+0000] {dag.py:3036} INFO - Sync 1 DAGs
[2025-09-18T07:38:59.533+0000] {logging_mixin.py:188} INFO - [2025-09-18T07:38:59.533+0000] {dag.py:3823} INFO - Setting next_dagrun for tutorial_taskflow_api_virtualenv to None, run_after=None
[2025-09-18T07:38:59.569+0000] {processor.py:183} INFO - Processing /home/airflow/.local/lib/python3.8/site-packages/airflow/example_dags/tutorial_taskflow_api_virtualenv.py took 0.133 seconds
[2025-09-18T07:39:29.911+0000] {processor.py:161} INFO - Started process (PID=396) to work on /home/airflow/.local/lib/python3.8/site-packages/airflow/example_dags/tutorial_taskflow_api_virtualenv.py
[2025-09-18T07:39:29.914+0000] {processor.py:830} INFO - Processing file /home/airflow/.local/lib/python3.8/site-packages/airflow/example_dags/tutorial_taskflow_api_virtualenv.py for tasks to queue
[2025-09-18T07:39:29.918+0000] {logging_mixin.py:188} INFO - [2025-09-18T07:39:29.917+0000] {dagbag.py:538} INFO - Filling up the DagBag from /home/airflow/.local/lib/python3.8/site-packages/airflow/example_dags/tutorial_taskflow_api_virtualenv.py
[2025-09-18T07:39:29.938+0000] {processor.py:840} INFO - DAG(s) 'tutorial_taskflow_api_virtualenv' retrieved from /home/airflow/.local/lib/python3.8/site-packages/airflow/example_dags/tutorial_taskflow_api_virtualenv.py
[2025-09-18T07:39:29.982+0000] {logging_mixin.py:188} INFO - [2025-09-18T07:39:29.982+0000] {dag.py:3036} INFO - Sync 1 DAGs
[2025-09-18T07:39:30.012+0000] {logging_mixin.py:188} INFO - [2025-09-18T07:39:30.011+0000] {dag.py:3823} INFO - Setting next_dagrun for tutorial_taskflow_api_virtualenv to None, run_after=None
[2025-09-18T07:39:30.056+0000] {processor.py:183} INFO - Processing /home/airflow/.local/lib/python3.8/site-packages/airflow/example_dags/tutorial_taskflow_api_virtualenv.py took 0.151 seconds
[2025-09-18T07:40:00.273+0000] {processor.py:161} INFO - Started process (PID=451) to work on /home/airflow/.local/lib/python3.8/site-packages/airflow/example_dags/tutorial_taskflow_api_virtualenv.py
[2025-09-18T07:40:00.275+0000] {processor.py:830} INFO - Processing file /home/airflow/.local/lib/python3.8/site-packages/airflow/example_dags/tutorial_taskflow_api_virtualenv.py for tasks to queue
[2025-09-18T07:40:00.279+0000] {logging_mixin.py:188} INFO - [2025-09-18T07:40:00.278+0000] {dagbag.py:538} INFO - Filling up the DagBag from /home/airflow/.local/lib/python3.8/site-packages/airflow/example_dags/tutorial_taskflow_api_virtualenv.py
[2025-09-18T07:40:00.298+0000] {processor.py:840} INFO - DAG(s) 'tutorial_taskflow_api_virtualenv' retrieved from /home/airflow/.local/lib/python3.8/site-packages/airflow/example_dags/tutorial_taskflow_api_virtualenv.py
[2025-09-18T07:40:00.336+0000] {logging_mixin.py:188} INFO - [2025-09-18T07:40:00.335+0000] {dag.py:3036} INFO - Sync 1 DAGs
[2025-09-18T07:40:00.403+0000] {logging_mixin.py:188} INFO - [2025-09-18T07:40:00.402+0000] {dag.py:3823} INFO - Setting next_dagrun for tutorial_taskflow_api_virtualenv to None, run_after=None
[2025-09-18T07:40:00.474+0000] {processor.py:183} INFO - Processing /home/airflow/.local/lib/python3.8/site-packages/airflow/example_dags/tutorial_taskflow_api_virtualenv.py took 0.206 seconds
[2025-09-18T07:40:31.175+0000] {processor.py:161} INFO - Started process (PID=507) to work on /home/airflow/.local/lib/python3.8/site-packages/airflow/example_dags/tutorial_taskflow_api_virtualenv.py
[2025-09-18T07:40:31.177+0000] {processor.py:830} INFO - Processing file /home/airflow/.local/lib/python3.8/site-packages/airflow/example_dags/tutorial_taskflow_api_virtualenv.py for tasks to queue
[2025-09-18T07:40:31.180+0000] {logging_mixin.py:188} INFO - [2025-09-18T07:40:31.180+0000] {dagbag.py:538} INFO - Filling up the DagBag from /home/airflow/.local/lib/python3.8/site-packages/airflow/example_dags/tutorial_taskflow_api_virtualenv.py
[2025-09-18T07:40:31.198+0000] {processor.py:840} INFO - DAG(s) 'tutorial_taskflow_api_virtualenv' retrieved from /home/airflow/.local/lib/python3.8/site-packages/airflow/example_dags/tutorial_taskflow_api_virtualenv.py
[2025-09-18T07:40:31.235+0000] {logging_mixin.py:188} INFO - [2025-09-18T07:40:31.234+0000] {dag.py:3036} INFO - Sync 1 DAGs
[2025-09-18T07:40:31.262+0000] {logging_mixin.py:188} INFO - [2025-09-18T07:40:31.262+0000] {dag.py:3823} INFO - Setting next_dagrun for tutorial_taskflow_api_virtualenv to None, run_after=None
[2025-09-18T07:40:31.297+0000] {processor.py:183} INFO - Processing /home/airflow/.local/lib/python3.8/site-packages/airflow/example_dags/tutorial_taskflow_api_virtualenv.py took 0.129 seconds
[2025-09-18T07:41:02.054+0000] {processor.py:161} INFO - Started process (PID=562) to work on /home/airflow/.local/lib/python3.8/site-packages/airflow/example_dags/tutorial_taskflow_api_virtualenv.py
[2025-09-18T07:41:02.058+0000] {processor.py:830} INFO - Processing file /home/airflow/.local/lib/python3.8/site-packages/airflow/example_dags/tutorial_taskflow_api_virtualenv.py for tasks to queue
[2025-09-18T07:41:02.089+0000] {logging_mixin.py:188} INFO - [2025-09-18T07:41:02.089+0000] {dagbag.py:538} INFO - Filling up the DagBag from /home/airflow/.local/lib/python3.8/site-packages/airflow/example_dags/tutorial_taskflow_api_virtualenv.py
[2025-09-18T07:41:02.124+0000] {processor.py:840} INFO - DAG(s) 'tutorial_taskflow_api_virtualenv' retrieved from /home/airflow/.local/lib/python3.8/site-packages/airflow/example_dags/tutorial_taskflow_api_virtualenv.py
[2025-09-18T07:41:02.176+0000] {logging_mixin.py:188} INFO - [2025-09-18T07:41:02.176+0000] {dag.py:3036} INFO - Sync 1 DAGs
[2025-09-18T07:41:02.216+0000] {logging_mixin.py:188} INFO - [2025-09-18T07:41:02.216+0000] {dag.py:3823} INFO - Setting next_dagrun for tutorial_taskflow_api_virtualenv to None, run_after=None
[2025-09-18T07:41:02.270+0000] {processor.py:183} INFO - Processing /home/airflow/.local/lib/python3.8/site-packages/airflow/example_dags/tutorial_taskflow_api_virtualenv.py took 0.225 seconds
[2025-09-18T07:41:32.746+0000] {processor.py:161} INFO - Started process (PID=617) to work on /home/airflow/.local/lib/python3.8/site-packages/airflow/example_dags/tutorial_taskflow_api_virtualenv.py
[2025-09-18T07:41:32.749+0000] {processor.py:830} INFO - Processing file /home/airflow/.local/lib/python3.8/site-packages/airflow/example_dags/tutorial_taskflow_api_virtualenv.py for tasks to queue
[2025-09-18T07:41:32.754+0000] {logging_mixin.py:188} INFO - [2025-09-18T07:41:32.753+0000] {dagbag.py:538} INFO - Filling up the DagBag from /home/airflow/.local/lib/python3.8/site-packages/airflow/example_dags/tutorial_taskflow_api_virtualenv.py
[2025-09-18T07:41:32.774+0000] {processor.py:840} INFO - DAG(s) 'tutorial_taskflow_api_virtualenv' retrieved from /home/airflow/.local/lib/python3.8/site-packages/airflow/example_dags/tutorial_taskflow_api_virtualenv.py
[2025-09-18T07:41:32.827+0000] {logging_mixin.py:188} INFO - [2025-09-18T07:41:32.826+0000] {dag.py:3036} INFO - Sync 1 DAGs
[2025-09-18T07:41:32.888+0000] {logging_mixin.py:188} INFO - [2025-09-18T07:41:32.887+0000] {dag.py:3823} INFO - Setting next_dagrun for tutorial_taskflow_api_virtualenv to None, run_after=None
[2025-09-18T07:41:32.962+0000] {processor.py:183} INFO - Processing /home/airflow/.local/lib/python3.8/site-packages/airflow/example_dags/tutorial_taskflow_api_virtualenv.py took 0.225 seconds
[2025-09-18T07:42:03.695+0000] {processor.py:161} INFO - Started process (PID=672) to work on /home/airflow/.local/lib/python3.8/site-packages/airflow/example_dags/tutorial_taskflow_api_virtualenv.py
[2025-09-18T07:42:03.697+0000] {processor.py:830} INFO - Processing file /home/airflow/.local/lib/python3.8/site-packages/airflow/example_dags/tutorial_taskflow_api_virtualenv.py for tasks to queue
[2025-09-18T07:42:03.701+0000] {logging_mixin.py:188} INFO - [2025-09-18T07:42:03.700+0000] {dagbag.py:538} INFO - Filling up the DagBag from /home/airflow/.local/lib/python3.8/site-packages/airflow/example_dags/tutorial_taskflow_api_virtualenv.py
[2025-09-18T07:42:03.724+0000] {processor.py:840} INFO - DAG(s) 'tutorial_taskflow_api_virtualenv' retrieved from /home/airflow/.local/lib/python3.8/site-packages/airflow/example_dags/tutorial_taskflow_api_virtualenv.py
[2025-09-18T07:42:03.771+0000] {logging_mixin.py:188} INFO - [2025-09-18T07:42:03.770+0000] {dag.py:3036} INFO - Sync 1 DAGs
[2025-09-18T07:42:03.800+0000] {logging_mixin.py:188} INFO - [2025-09-18T07:42:03.800+0000] {dag.py:3823} INFO - Setting next_dagrun for tutorial_taskflow_api_virtualenv to None, run_after=None
[2025-09-18T07:42:03.851+0000] {processor.py:183} INFO - Processing /home/airflow/.local/lib/python3.8/site-packages/airflow/example_dags/tutorial_taskflow_api_virtualenv.py took 0.166 seconds
[2025-09-18T07:42:34.419+0000] {processor.py:161} INFO - Started process (PID=727) to work on /home/airflow/.local/lib/python3.8/site-packages/airflow/example_dags/tutorial_taskflow_api_virtualenv.py
[2025-09-18T07:42:34.421+0000] {processor.py:830} INFO - Processing file /home/airflow/.local/lib/python3.8/site-packages/airflow/example_dags/tutorial_taskflow_api_virtualenv.py for tasks to queue
[2025-09-18T07:42:34.425+0000] {logging_mixin.py:188} INFO - [2025-09-18T07:42:34.425+0000] {dagbag.py:538} INFO - Filling up the DagBag from /home/airflow/.local/lib/python3.8/site-packages/airflow/example_dags/tutorial_taskflow_api_virtualenv.py
[2025-09-18T07:42:34.445+0000] {processor.py:840} INFO - DAG(s) 'tutorial_taskflow_api_virtualenv' retrieved from /home/airflow/.local/lib/python3.8/site-packages/airflow/example_dags/tutorial_taskflow_api_virtualenv.py
[2025-09-18T07:42:34.487+0000] {logging_mixin.py:188} INFO - [2025-09-18T07:42:34.486+0000] {dag.py:3036} INFO - Sync 1 DAGs
[2025-09-18T07:42:34.511+0000] {logging_mixin.py:188} INFO - [2025-09-18T07:42:34.511+0000] {dag.py:3823} INFO - Setting next_dagrun for tutorial_taskflow_api_virtualenv to None, run_after=None
[2025-09-18T07:42:34.558+0000] {processor.py:183} INFO - Processing /home/airflow/.local/lib/python3.8/site-packages/airflow/example_dags/tutorial_taskflow_api_virtualenv.py took 0.146 seconds
[2025-09-18T07:43:05.294+0000] {processor.py:161} INFO - Started process (PID=782) to work on /home/airflow/.local/lib/python3.8/site-packages/airflow/example_dags/tutorial_taskflow_api_virtualenv.py
[2025-09-18T07:43:05.296+0000] {processor.py:830} INFO - Processing file /home/airflow/.local/lib/python3.8/site-packages/airflow/example_dags/tutorial_taskflow_api_virtualenv.py for tasks to queue
[2025-09-18T07:43:05.299+0000] {logging_mixin.py:188} INFO - [2025-09-18T07:43:05.299+0000] {dagbag.py:538} INFO - Filling up the DagBag from /home/airflow/.local/lib/python3.8/site-packages/airflow/example_dags/tutorial_taskflow_api_virtualenv.py
[2025-09-18T07:43:05.318+0000] {processor.py:840} INFO - DAG(s) 'tutorial_taskflow_api_virtualenv' retrieved from /home/airflow/.local/lib/python3.8/site-packages/airflow/example_dags/tutorial_taskflow_api_virtualenv.py
[2025-09-18T07:43:05.354+0000] {logging_mixin.py:188} INFO - [2025-09-18T07:43:05.354+0000] {dag.py:3036} INFO - Sync 1 DAGs
[2025-09-18T07:43:05.376+0000] {logging_mixin.py:188} INFO - [2025-09-18T07:43:05.376+0000] {dag.py:3823} INFO - Setting next_dagrun for tutorial_taskflow_api_virtualenv to None, run_after=None
[2025-09-18T07:43:05.410+0000] {processor.py:183} INFO - Processing /home/airflow/.local/lib/python3.8/site-packages/airflow/example_dags/tutorial_taskflow_api_virtualenv.py took 0.123 seconds
[2025-09-18T07:43:36.203+0000] {processor.py:161} INFO - Started process (PID=837) to work on /home/airflow/.local/lib/python3.8/site-packages/airflow/example_dags/tutorial_taskflow_api_virtualenv.py
[2025-09-18T07:43:36.206+0000] {processor.py:830} INFO - Processing file /home/airflow/.local/lib/python3.8/site-packages/airflow/example_dags/tutorial_taskflow_api_virtualenv.py for tasks to queue
[2025-09-18T07:43:36.211+0000] {logging_mixin.py:188} INFO - [2025-09-18T07:43:36.211+0000] {dagbag.py:538} INFO - Filling up the DagBag from /home/airflow/.local/lib/python3.8/site-packages/airflow/example_dags/tutorial_taskflow_api_virtualenv.py
[2025-09-18T07:43:36.233+0000] {processor.py:840} INFO - DAG(s) 'tutorial_taskflow_api_virtualenv' retrieved from /home/airflow/.local/lib/python3.8/site-packages/airflow/example_dags/tutorial_taskflow_api_virtualenv.py
[2025-09-18T07:43:36.275+0000] {logging_mixin.py:188} INFO - [2025-09-18T07:43:36.275+0000] {dag.py:3036} INFO - Sync 1 DAGs
[2025-09-18T07:43:36.309+0000] {logging_mixin.py:188} INFO - [2025-09-18T07:43:36.308+0000] {dag.py:3823} INFO - Setting next_dagrun for tutorial_taskflow_api_virtualenv to None, run_after=None
[2025-09-18T07:43:36.362+0000] {processor.py:183} INFO - Processing /home/airflow/.local/lib/python3.8/site-packages/airflow/example_dags/tutorial_taskflow_api_virtualenv.py took 0.165 seconds
[2025-09-18T07:44:06.652+0000] {processor.py:161} INFO - Started process (PID=892) to work on /home/airflow/.local/lib/python3.8/site-packages/airflow/example_dags/tutorial_taskflow_api_virtualenv.py
[2025-09-18T07:44:06.654+0000] {processor.py:830} INFO - Processing file /home/airflow/.local/lib/python3.8/site-packages/airflow/example_dags/tutorial_taskflow_api_virtualenv.py for tasks to queue
[2025-09-18T07:44:06.659+0000] {logging_mixin.py:188} INFO - [2025-09-18T07:44:06.658+0000] {dagbag.py:538} INFO - Filling up the DagBag from /home/airflow/.local/lib/python3.8/site-packages/airflow/example_dags/tutorial_taskflow_api_virtualenv.py
[2025-09-18T07:44:06.681+0000] {processor.py:840} INFO - DAG(s) 'tutorial_taskflow_api_virtualenv' retrieved from /home/airflow/.local/lib/python3.8/site-packages/airflow/example_dags/tutorial_taskflow_api_virtualenv.py
[2025-09-18T07:44:06.723+0000] {logging_mixin.py:188} INFO - [2025-09-18T07:44:06.723+0000] {dag.py:3036} INFO - Sync 1 DAGs
[2025-09-18T07:44:06.746+0000] {logging_mixin.py:188} INFO - [2025-09-18T07:44:06.746+0000] {dag.py:3823} INFO - Setting next_dagrun for tutorial_taskflow_api_virtualenv to None, run_after=None
[2025-09-18T07:44:06.790+0000] {processor.py:183} INFO - Processing /home/airflow/.local/lib/python3.8/site-packages/airflow/example_dags/tutorial_taskflow_api_virtualenv.py took 0.146 seconds
[2025-09-18T07:44:37.285+0000] {processor.py:161} INFO - Started process (PID=947) to work on /home/airflow/.local/lib/python3.8/site-packages/airflow/example_dags/tutorial_taskflow_api_virtualenv.py
[2025-09-18T07:44:37.287+0000] {processor.py:830} INFO - Processing file /home/airflow/.local/lib/python3.8/site-packages/airflow/example_dags/tutorial_taskflow_api_virtualenv.py for tasks to queue
[2025-09-18T07:44:37.290+0000] {logging_mixin.py:188} INFO - [2025-09-18T07:44:37.290+0000] {dagbag.py:538} INFO - Filling up the DagBag from /home/airflow/.local/lib/python3.8/site-packages/airflow/example_dags/tutorial_taskflow_api_virtualenv.py
[2025-09-18T07:44:37.309+0000] {processor.py:840} INFO - DAG(s) 'tutorial_taskflow_api_virtualenv' retrieved from /home/airflow/.local/lib/python3.8/site-packages/airflow/example_dags/tutorial_taskflow_api_virtualenv.py
[2025-09-18T07:44:37.345+0000] {logging_mixin.py:188} INFO - [2025-09-18T07:44:37.345+0000] {dag.py:3036} INFO - Sync 1 DAGs
[2025-09-18T07:44:37.367+0000] {logging_mixin.py:188} INFO - [2025-09-18T07:44:37.367+0000] {dag.py:3823} INFO - Setting next_dagrun for tutorial_taskflow_api_virtualenv to None, run_after=None
[2025-09-18T07:44:37.406+0000] {processor.py:183} INFO - Processing /home/airflow/.local/lib/python3.8/site-packages/airflow/example_dags/tutorial_taskflow_api_virtualenv.py took 0.127 seconds
[2025-09-18T07:45:08.282+0000] {processor.py:161} INFO - Started process (PID=1002) to work on /home/airflow/.local/lib/python3.8/site-packages/airflow/example_dags/tutorial_taskflow_api_virtualenv.py
[2025-09-18T07:45:08.284+0000] {processor.py:830} INFO - Processing file /home/airflow/.local/lib/python3.8/site-packages/airflow/example_dags/tutorial_taskflow_api_virtualenv.py for tasks to queue
[2025-09-18T07:45:08.288+0000] {logging_mixin.py:188} INFO - [2025-09-18T07:45:08.287+0000] {dagbag.py:538} INFO - Filling up the DagBag from /home/airflow/.local/lib/python3.8/site-packages/airflow/example_dags/tutorial_taskflow_api_virtualenv.py
[2025-09-18T07:45:08.316+0000] {processor.py:840} INFO - DAG(s) 'tutorial_taskflow_api_virtualenv' retrieved from /home/airflow/.local/lib/python3.8/site-packages/airflow/example_dags/tutorial_taskflow_api_virtualenv.py
[2025-09-18T07:45:08.378+0000] {logging_mixin.py:188} INFO - [2025-09-18T07:45:08.378+0000] {dag.py:3036} INFO - Sync 1 DAGs
[2025-09-18T07:45:08.412+0000] {logging_mixin.py:188} INFO - [2025-09-18T07:45:08.411+0000] {dag.py:3823} INFO - Setting next_dagrun for tutorial_taskflow_api_virtualenv to None, run_after=None
[2025-09-18T07:45:08.468+0000] {processor.py:183} INFO - Processing /home/airflow/.local/lib/python3.8/site-packages/airflow/example_dags/tutorial_taskflow_api_virtualenv.py took 0.194 seconds
[2025-09-18T07:45:38.859+0000] {processor.py:161} INFO - Started process (PID=1057) to work on /home/airflow/.local/lib/python3.8/site-packages/airflow/example_dags/tutorial_taskflow_api_virtualenv.py
[2025-09-18T07:45:38.860+0000] {processor.py:830} INFO - Processing file /home/airflow/.local/lib/python3.8/site-packages/airflow/example_dags/tutorial_taskflow_api_virtualenv.py for tasks to queue
[2025-09-18T07:45:38.864+0000] {logging_mixin.py:188} INFO - [2025-09-18T07:45:38.863+0000] {dagbag.py:538} INFO - Filling up the DagBag from /home/airflow/.local/lib/python3.8/site-packages/airflow/example_dags/tutorial_taskflow_api_virtualenv.py
[2025-09-18T07:45:38.882+0000] {processor.py:840} INFO - DAG(s) 'tutorial_taskflow_api_virtualenv' retrieved from /home/airflow/.local/lib/python3.8/site-packages/airflow/example_dags/tutorial_taskflow_api_virtualenv.py
[2025-09-18T07:45:38.922+0000] {logging_mixin.py:188} INFO - [2025-09-18T07:45:38.921+0000] {dag.py:3036} INFO - Sync 1 DAGs
[2025-09-18T07:45:38.944+0000] {logging_mixin.py:188} INFO - [2025-09-18T07:45:38.944+0000] {dag.py:3823} INFO - Setting next_dagrun for tutorial_taskflow_api_virtualenv to None, run_after=None
[2025-09-18T07:45:38.979+0000] {processor.py:183} INFO - Processing /home/airflow/.local/lib/python3.8/site-packages/airflow/example_dags/tutorial_taskflow_api_virtualenv.py took 0.128 seconds
[2025-09-18T07:46:09.657+0000] {processor.py:161} INFO - Started process (PID=1112) to work on /home/airflow/.local/lib/python3.8/site-packages/airflow/example_dags/tutorial_taskflow_api_virtualenv.py
[2025-09-18T07:46:09.660+0000] {processor.py:830} INFO - Processing file /home/airflow/.local/lib/python3.8/site-packages/airflow/example_dags/tutorial_taskflow_api_virtualenv.py for tasks to queue
[2025-09-18T07:46:09.665+0000] {logging_mixin.py:188} INFO - [2025-09-18T07:46:09.664+0000] {dagbag.py:538} INFO - Filling up the DagBag from /home/airflow/.local/lib/python3.8/site-packages/airflow/example_dags/tutorial_taskflow_api_virtualenv.py
[2025-09-18T07:46:09.689+0000] {processor.py:840} INFO - DAG(s) 'tutorial_taskflow_api_virtualenv' retrieved from /home/airflow/.local/lib/python3.8/site-packages/airflow/example_dags/tutorial_taskflow_api_virtualenv.py
[2025-09-18T07:46:09.735+0000] {logging_mixin.py:188} INFO - [2025-09-18T07:46:09.735+0000] {dag.py:3036} INFO - Sync 1 DAGs
[2025-09-18T07:46:09.761+0000] {logging_mixin.py:188} INFO - [2025-09-18T07:46:09.760+0000] {dag.py:3823} INFO - Setting next_dagrun for tutorial_taskflow_api_virtualenv to None, run_after=None
[2025-09-18T07:46:09.796+0000] {processor.py:183} INFO - Processing /home/airflow/.local/lib/python3.8/site-packages/airflow/example_dags/tutorial_taskflow_api_virtualenv.py took 0.146 seconds
[2025-09-18T07:46:40.300+0000] {processor.py:161} INFO - Started process (PID=1173) to work on /home/airflow/.local/lib/python3.8/site-packages/airflow/example_dags/tutorial_taskflow_api_virtualenv.py
[2025-09-18T07:46:40.302+0000] {processor.py:830} INFO - Processing file /home/airflow/.local/lib/python3.8/site-packages/airflow/example_dags/tutorial_taskflow_api_virtualenv.py for tasks to queue
[2025-09-18T07:46:40.307+0000] {logging_mixin.py:188} INFO - [2025-09-18T07:46:40.306+0000] {dagbag.py:538} INFO - Filling up the DagBag from /home/airflow/.local/lib/python3.8/site-packages/airflow/example_dags/tutorial_taskflow_api_virtualenv.py
[2025-09-18T07:46:40.333+0000] {processor.py:840} INFO - DAG(s) 'tutorial_taskflow_api_virtualenv' retrieved from /home/airflow/.local/lib/python3.8/site-packages/airflow/example_dags/tutorial_taskflow_api_virtualenv.py
[2025-09-18T07:46:40.380+0000] {logging_mixin.py:188} INFO - [2025-09-18T07:46:40.380+0000] {dag.py:3036} INFO - Sync 1 DAGs
[2025-09-18T07:46:40.407+0000] {logging_mixin.py:188} INFO - [2025-09-18T07:46:40.406+0000] {dag.py:3823} INFO - Setting next_dagrun for tutorial_taskflow_api_virtualenv to None, run_after=None
[2025-09-18T07:46:40.444+0000] {processor.py:183} INFO - Processing /home/airflow/.local/lib/python3.8/site-packages/airflow/example_dags/tutorial_taskflow_api_virtualenv.py took 0.153 seconds
[2025-09-18T07:47:11.044+0000] {processor.py:161} INFO - Started process (PID=1228) to work on /home/airflow/.local/lib/python3.8/site-packages/airflow/example_dags/tutorial_taskflow_api_virtualenv.py
[2025-09-18T07:47:11.046+0000] {processor.py:830} INFO - Processing file /home/airflow/.local/lib/python3.8/site-packages/airflow/example_dags/tutorial_taskflow_api_virtualenv.py for tasks to queue
[2025-09-18T07:47:11.050+0000] {logging_mixin.py:188} INFO - [2025-09-18T07:47:11.049+0000] {dagbag.py:538} INFO - Filling up the DagBag from /home/airflow/.local/lib/python3.8/site-packages/airflow/example_dags/tutorial_taskflow_api_virtualenv.py
[2025-09-18T07:47:11.069+0000] {processor.py:840} INFO - DAG(s) 'tutorial_taskflow_api_virtualenv' retrieved from /home/airflow/.local/lib/python3.8/site-packages/airflow/example_dags/tutorial_taskflow_api_virtualenv.py
[2025-09-18T07:47:11.111+0000] {logging_mixin.py:188} INFO - [2025-09-18T07:47:11.111+0000] {dag.py:3036} INFO - Sync 1 DAGs
[2025-09-18T07:47:11.137+0000] {logging_mixin.py:188} INFO - [2025-09-18T07:47:11.137+0000] {dag.py:3823} INFO - Setting next_dagrun for tutorial_taskflow_api_virtualenv to None, run_after=None
[2025-09-18T07:47:11.173+0000] {processor.py:183} INFO - Processing /home/airflow/.local/lib/python3.8/site-packages/airflow/example_dags/tutorial_taskflow_api_virtualenv.py took 0.134 seconds
[2025-09-18T07:47:41.744+0000] {processor.py:161} INFO - Started process (PID=1284) to work on /home/airflow/.local/lib/python3.8/site-packages/airflow/example_dags/tutorial_taskflow_api_virtualenv.py
[2025-09-18T07:47:41.747+0000] {processor.py:830} INFO - Processing file /home/airflow/.local/lib/python3.8/site-packages/airflow/example_dags/tutorial_taskflow_api_virtualenv.py for tasks to queue
[2025-09-18T07:47:41.753+0000] {logging_mixin.py:188} INFO - [2025-09-18T07:47:41.752+0000] {dagbag.py:538} INFO - Filling up the DagBag from /home/airflow/.local/lib/python3.8/site-packages/airflow/example_dags/tutorial_taskflow_api_virtualenv.py
[2025-09-18T07:47:41.780+0000] {processor.py:840} INFO - DAG(s) 'tutorial_taskflow_api_virtualenv' retrieved from /home/airflow/.local/lib/python3.8/site-packages/airflow/example_dags/tutorial_taskflow_api_virtualenv.py
[2025-09-18T07:47:41.828+0000] {logging_mixin.py:188} INFO - [2025-09-18T07:47:41.828+0000] {dag.py:3036} INFO - Sync 1 DAGs
[2025-09-18T07:47:41.853+0000] {logging_mixin.py:188} INFO - [2025-09-18T07:47:41.852+0000] {dag.py:3823} INFO - Setting next_dagrun for tutorial_taskflow_api_virtualenv to None, run_after=None
[2025-09-18T07:47:41.900+0000] {processor.py:183} INFO - Processing /home/airflow/.local/lib/python3.8/site-packages/airflow/example_dags/tutorial_taskflow_api_virtualenv.py took 0.164 seconds
[2025-09-18T07:48:12.228+0000] {processor.py:161} INFO - Started process (PID=1339) to work on /home/airflow/.local/lib/python3.8/site-packages/airflow/example_dags/tutorial_taskflow_api_virtualenv.py
[2025-09-18T07:48:12.232+0000] {processor.py:830} INFO - Processing file /home/airflow/.local/lib/python3.8/site-packages/airflow/example_dags/tutorial_taskflow_api_virtualenv.py for tasks to queue
[2025-09-18T07:48:12.236+0000] {logging_mixin.py:188} INFO - [2025-09-18T07:48:12.236+0000] {dagbag.py:538} INFO - Filling up the DagBag from /home/airflow/.local/lib/python3.8/site-packages/airflow/example_dags/tutorial_taskflow_api_virtualenv.py
[2025-09-18T07:48:12.280+0000] {processor.py:840} INFO - DAG(s) 'tutorial_taskflow_api_virtualenv' retrieved from /home/airflow/.local/lib/python3.8/site-packages/airflow/example_dags/tutorial_taskflow_api_virtualenv.py
[2025-09-18T07:48:12.332+0000] {logging_mixin.py:188} INFO - [2025-09-18T07:48:12.331+0000] {dag.py:3036} INFO - Sync 1 DAGs
[2025-09-18T07:48:12.361+0000] {logging_mixin.py:188} INFO - [2025-09-18T07:48:12.360+0000] {dag.py:3823} INFO - Setting next_dagrun for tutorial_taskflow_api_virtualenv to None, run_after=None
[2025-09-18T07:48:12.403+0000] {processor.py:183} INFO - Processing /home/airflow/.local/lib/python3.8/site-packages/airflow/example_dags/tutorial_taskflow_api_virtualenv.py took 0.182 seconds
[2025-09-18T07:56:47.896+0000] {processor.py:161} INFO - Started process (PID=67) to work on /home/airflow/.local/lib/python3.8/site-packages/airflow/example_dags/tutorial_taskflow_api_virtualenv.py
[2025-09-18T07:56:47.899+0000] {processor.py:830} INFO - Processing file /home/airflow/.local/lib/python3.8/site-packages/airflow/example_dags/tutorial_taskflow_api_virtualenv.py for tasks to queue
[2025-09-18T07:56:47.903+0000] {logging_mixin.py:188} INFO - [2025-09-18T07:56:47.903+0000] {dagbag.py:538} INFO - Filling up the DagBag from /home/airflow/.local/lib/python3.8/site-packages/airflow/example_dags/tutorial_taskflow_api_virtualenv.py
[2025-09-18T07:56:47.942+0000] {processor.py:840} INFO - DAG(s) 'tutorial_taskflow_api_virtualenv' retrieved from /home/airflow/.local/lib/python3.8/site-packages/airflow/example_dags/tutorial_taskflow_api_virtualenv.py
[2025-09-18T07:56:48.350+0000] {logging_mixin.py:188} INFO - [2025-09-18T07:56:48.349+0000] {override.py:1769} INFO - Created Permission View: can edit on DAG:tutorial_taskflow_api_virtualenv
[2025-09-18T07:56:48.373+0000] {logging_mixin.py:188} INFO - [2025-09-18T07:56:48.373+0000] {override.py:1769} INFO - Created Permission View: can read on DAG:tutorial_taskflow_api_virtualenv
[2025-09-18T07:56:48.426+0000] {logging_mixin.py:188} INFO - [2025-09-18T07:56:48.425+0000] {override.py:1769} INFO - Created Permission View: can delete on DAG:tutorial_taskflow_api_virtualenv
[2025-09-18T07:56:48.432+0000] {logging_mixin.py:188} INFO - [2025-09-18T07:56:48.431+0000] {dag.py:3036} INFO - Sync 1 DAGs
[2025-09-18T07:56:48.486+0000] {logging_mixin.py:188} INFO - [2025-09-18T07:56:48.485+0000] {dag.py:3058} INFO - Creating ORM DAG for tutorial_taskflow_api_virtualenv
[2025-09-18T07:56:48.489+0000] {logging_mixin.py:188} INFO - [2025-09-18T07:56:48.489+0000] {dag.py:3823} INFO - Setting next_dagrun for tutorial_taskflow_api_virtualenv to None, run_after=None
[2025-09-18T07:56:48.539+0000] {processor.py:183} INFO - Processing /home/airflow/.local/lib/python3.8/site-packages/airflow/example_dags/tutorial_taskflow_api_virtualenv.py took 0.652 seconds
[2025-09-18T07:57:24.164+0000] {processor.py:161} INFO - Started process (PID=121) to work on /home/airflow/.local/lib/python3.8/site-packages/airflow/example_dags/tutorial_taskflow_api_virtualenv.py
[2025-09-18T07:57:24.167+0000] {processor.py:830} INFO - Processing file /home/airflow/.local/lib/python3.8/site-packages/airflow/example_dags/tutorial_taskflow_api_virtualenv.py for tasks to queue
[2025-09-18T07:57:24.179+0000] {logging_mixin.py:188} INFO - [2025-09-18T07:57:24.178+0000] {dagbag.py:538} INFO - Filling up the DagBag from /home/airflow/.local/lib/python3.8/site-packages/airflow/example_dags/tutorial_taskflow_api_virtualenv.py
[2025-09-18T07:57:24.211+0000] {processor.py:840} INFO - DAG(s) 'tutorial_taskflow_api_virtualenv' retrieved from /home/airflow/.local/lib/python3.8/site-packages/airflow/example_dags/tutorial_taskflow_api_virtualenv.py
[2025-09-18T07:57:24.265+0000] {logging_mixin.py:188} INFO - [2025-09-18T07:57:24.265+0000] {dag.py:3036} INFO - Sync 1 DAGs
[2025-09-18T07:57:24.304+0000] {logging_mixin.py:188} INFO - [2025-09-18T07:57:24.304+0000] {dag.py:3823} INFO - Setting next_dagrun for tutorial_taskflow_api_virtualenv to None, run_after=None
[2025-09-18T07:57:24.356+0000] {processor.py:183} INFO - Processing /home/airflow/.local/lib/python3.8/site-packages/airflow/example_dags/tutorial_taskflow_api_virtualenv.py took 0.203 seconds
[2025-09-18T07:57:55.010+0000] {processor.py:161} INFO - Started process (PID=177) to work on /home/airflow/.local/lib/python3.8/site-packages/airflow/example_dags/tutorial_taskflow_api_virtualenv.py
[2025-09-18T07:57:55.013+0000] {processor.py:830} INFO - Processing file /home/airflow/.local/lib/python3.8/site-packages/airflow/example_dags/tutorial_taskflow_api_virtualenv.py for tasks to queue
[2025-09-18T07:57:55.018+0000] {logging_mixin.py:188} INFO - [2025-09-18T07:57:55.017+0000] {dagbag.py:538} INFO - Filling up the DagBag from /home/airflow/.local/lib/python3.8/site-packages/airflow/example_dags/tutorial_taskflow_api_virtualenv.py
[2025-09-18T07:57:55.041+0000] {processor.py:840} INFO - DAG(s) 'tutorial_taskflow_api_virtualenv' retrieved from /home/airflow/.local/lib/python3.8/site-packages/airflow/example_dags/tutorial_taskflow_api_virtualenv.py
[2025-09-18T07:57:55.085+0000] {logging_mixin.py:188} INFO - [2025-09-18T07:57:55.084+0000] {dag.py:3036} INFO - Sync 1 DAGs
[2025-09-18T07:57:55.112+0000] {logging_mixin.py:188} INFO - [2025-09-18T07:57:55.111+0000] {dag.py:3823} INFO - Setting next_dagrun for tutorial_taskflow_api_virtualenv to None, run_after=None
[2025-09-18T07:57:55.150+0000] {processor.py:183} INFO - Processing /home/airflow/.local/lib/python3.8/site-packages/airflow/example_dags/tutorial_taskflow_api_virtualenv.py took 0.151 seconds
[2025-09-18T09:46:51.736+0000] {processor.py:161} INFO - Started process (PID=67) to work on /home/airflow/.local/lib/python3.8/site-packages/airflow/example_dags/tutorial_taskflow_api_virtualenv.py
[2025-09-18T09:46:51.738+0000] {processor.py:830} INFO - Processing file /home/airflow/.local/lib/python3.8/site-packages/airflow/example_dags/tutorial_taskflow_api_virtualenv.py for tasks to queue
[2025-09-18T09:46:51.742+0000] {logging_mixin.py:188} INFO - [2025-09-18T09:46:51.741+0000] {dagbag.py:538} INFO - Filling up the DagBag from /home/airflow/.local/lib/python3.8/site-packages/airflow/example_dags/tutorial_taskflow_api_virtualenv.py
[2025-09-18T09:46:51.769+0000] {processor.py:840} INFO - DAG(s) 'tutorial_taskflow_api_virtualenv' retrieved from /home/airflow/.local/lib/python3.8/site-packages/airflow/example_dags/tutorial_taskflow_api_virtualenv.py
[2025-09-18T09:46:51.959+0000] {logging_mixin.py:188} INFO - [2025-09-18T09:46:51.958+0000] {override.py:1769} INFO - Created Permission View: can delete on DAG:tutorial_taskflow_api_virtualenv
[2025-09-18T09:46:51.982+0000] {logging_mixin.py:188} INFO - [2025-09-18T09:46:51.981+0000] {override.py:1769} INFO - Created Permission View: can edit on DAG:tutorial_taskflow_api_virtualenv
[2025-09-18T09:46:52.001+0000] {logging_mixin.py:188} INFO - [2025-09-18T09:46:51.999+0000] {override.py:1769} INFO - Created Permission View: can read on DAG:tutorial_taskflow_api_virtualenv
[2025-09-18T09:46:52.003+0000] {logging_mixin.py:188} INFO - [2025-09-18T09:46:52.002+0000] {dag.py:3036} INFO - Sync 1 DAGs
[2025-09-18T09:46:52.026+0000] {logging_mixin.py:188} INFO - [2025-09-18T09:46:52.026+0000] {dag.py:3058} INFO - Creating ORM DAG for tutorial_taskflow_api_virtualenv
[2025-09-18T09:46:52.028+0000] {logging_mixin.py:188} INFO - [2025-09-18T09:46:52.028+0000] {dag.py:3823} INFO - Setting next_dagrun for tutorial_taskflow_api_virtualenv to None, run_after=None
[2025-09-18T09:46:52.062+0000] {processor.py:183} INFO - Processing /home/airflow/.local/lib/python3.8/site-packages/airflow/example_dags/tutorial_taskflow_api_virtualenv.py took 0.333 seconds
[2025-09-18T09:47:22.278+0000] {processor.py:161} INFO - Started process (PID=122) to work on /home/airflow/.local/lib/python3.8/site-packages/airflow/example_dags/tutorial_taskflow_api_virtualenv.py
[2025-09-18T09:47:22.281+0000] {processor.py:830} INFO - Processing file /home/airflow/.local/lib/python3.8/site-packages/airflow/example_dags/tutorial_taskflow_api_virtualenv.py for tasks to queue
[2025-09-18T09:47:22.284+0000] {logging_mixin.py:188} INFO - [2025-09-18T09:47:22.284+0000] {dagbag.py:538} INFO - Filling up the DagBag from /home/airflow/.local/lib/python3.8/site-packages/airflow/example_dags/tutorial_taskflow_api_virtualenv.py
[2025-09-18T09:47:22.306+0000] {processor.py:840} INFO - DAG(s) 'tutorial_taskflow_api_virtualenv' retrieved from /home/airflow/.local/lib/python3.8/site-packages/airflow/example_dags/tutorial_taskflow_api_virtualenv.py
[2025-09-18T09:47:22.345+0000] {logging_mixin.py:188} INFO - [2025-09-18T09:47:22.344+0000] {dag.py:3036} INFO - Sync 1 DAGs
[2025-09-18T09:47:22.372+0000] {logging_mixin.py:188} INFO - [2025-09-18T09:47:22.372+0000] {dag.py:3823} INFO - Setting next_dagrun for tutorial_taskflow_api_virtualenv to None, run_after=None
[2025-09-18T09:47:22.411+0000] {processor.py:183} INFO - Processing /home/airflow/.local/lib/python3.8/site-packages/airflow/example_dags/tutorial_taskflow_api_virtualenv.py took 0.139 seconds
[2025-09-18T09:47:52.834+0000] {processor.py:161} INFO - Started process (PID=177) to work on /home/airflow/.local/lib/python3.8/site-packages/airflow/example_dags/tutorial_taskflow_api_virtualenv.py
[2025-09-18T09:47:52.836+0000] {processor.py:830} INFO - Processing file /home/airflow/.local/lib/python3.8/site-packages/airflow/example_dags/tutorial_taskflow_api_virtualenv.py for tasks to queue
[2025-09-18T09:47:52.846+0000] {logging_mixin.py:188} INFO - [2025-09-18T09:47:52.842+0000] {dagbag.py:538} INFO - Filling up the DagBag from /home/airflow/.local/lib/python3.8/site-packages/airflow/example_dags/tutorial_taskflow_api_virtualenv.py
[2025-09-18T09:47:52.875+0000] {processor.py:840} INFO - DAG(s) 'tutorial_taskflow_api_virtualenv' retrieved from /home/airflow/.local/lib/python3.8/site-packages/airflow/example_dags/tutorial_taskflow_api_virtualenv.py
[2025-09-18T09:47:52.917+0000] {logging_mixin.py:188} INFO - [2025-09-18T09:47:52.916+0000] {dag.py:3036} INFO - Sync 1 DAGs
[2025-09-18T09:47:52.950+0000] {logging_mixin.py:188} INFO - [2025-09-18T09:47:52.949+0000] {dag.py:3823} INFO - Setting next_dagrun for tutorial_taskflow_api_virtualenv to None, run_after=None
[2025-09-18T09:47:52.995+0000] {processor.py:183} INFO - Processing /home/airflow/.local/lib/python3.8/site-packages/airflow/example_dags/tutorial_taskflow_api_virtualenv.py took 0.168 seconds
[2025-09-18T09:48:23.177+0000] {processor.py:161} INFO - Started process (PID=231) to work on /home/airflow/.local/lib/python3.8/site-packages/airflow/example_dags/tutorial_taskflow_api_virtualenv.py
[2025-09-18T09:48:23.179+0000] {processor.py:830} INFO - Processing file /home/airflow/.local/lib/python3.8/site-packages/airflow/example_dags/tutorial_taskflow_api_virtualenv.py for tasks to queue
[2025-09-18T09:48:23.183+0000] {logging_mixin.py:188} INFO - [2025-09-18T09:48:23.182+0000] {dagbag.py:538} INFO - Filling up the DagBag from /home/airflow/.local/lib/python3.8/site-packages/airflow/example_dags/tutorial_taskflow_api_virtualenv.py
[2025-09-18T09:48:23.204+0000] {processor.py:840} INFO - DAG(s) 'tutorial_taskflow_api_virtualenv' retrieved from /home/airflow/.local/lib/python3.8/site-packages/airflow/example_dags/tutorial_taskflow_api_virtualenv.py
[2025-09-18T09:48:23.248+0000] {logging_mixin.py:188} INFO - [2025-09-18T09:48:23.248+0000] {dag.py:3036} INFO - Sync 1 DAGs
[2025-09-18T09:48:23.273+0000] {logging_mixin.py:188} INFO - [2025-09-18T09:48:23.272+0000] {dag.py:3823} INFO - Setting next_dagrun for tutorial_taskflow_api_virtualenv to None, run_after=None
[2025-09-18T09:48:23.312+0000] {processor.py:183} INFO - Processing /home/airflow/.local/lib/python3.8/site-packages/airflow/example_dags/tutorial_taskflow_api_virtualenv.py took 0.140 seconds
[2025-09-18T09:48:53.844+0000] {processor.py:161} INFO - Started process (PID=287) to work on /home/airflow/.local/lib/python3.8/site-packages/airflow/example_dags/tutorial_taskflow_api_virtualenv.py
[2025-09-18T09:48:53.847+0000] {processor.py:830} INFO - Processing file /home/airflow/.local/lib/python3.8/site-packages/airflow/example_dags/tutorial_taskflow_api_virtualenv.py for tasks to queue
[2025-09-18T09:48:53.852+0000] {logging_mixin.py:188} INFO - [2025-09-18T09:48:53.851+0000] {dagbag.py:538} INFO - Filling up the DagBag from /home/airflow/.local/lib/python3.8/site-packages/airflow/example_dags/tutorial_taskflow_api_virtualenv.py
[2025-09-18T09:48:53.878+0000] {processor.py:840} INFO - DAG(s) 'tutorial_taskflow_api_virtualenv' retrieved from /home/airflow/.local/lib/python3.8/site-packages/airflow/example_dags/tutorial_taskflow_api_virtualenv.py
[2025-09-18T09:48:53.922+0000] {logging_mixin.py:188} INFO - [2025-09-18T09:48:53.922+0000] {dag.py:3036} INFO - Sync 1 DAGs
[2025-09-18T09:48:53.950+0000] {logging_mixin.py:188} INFO - [2025-09-18T09:48:53.949+0000] {dag.py:3823} INFO - Setting next_dagrun for tutorial_taskflow_api_virtualenv to None, run_after=None
[2025-09-18T09:48:54.002+0000] {processor.py:183} INFO - Processing /home/airflow/.local/lib/python3.8/site-packages/airflow/example_dags/tutorial_taskflow_api_virtualenv.py took 0.164 seconds
[2025-09-18T09:49:24.744+0000] {processor.py:161} INFO - Started process (PID=342) to work on /home/airflow/.local/lib/python3.8/site-packages/airflow/example_dags/tutorial_taskflow_api_virtualenv.py
[2025-09-18T09:49:24.746+0000] {processor.py:830} INFO - Processing file /home/airflow/.local/lib/python3.8/site-packages/airflow/example_dags/tutorial_taskflow_api_virtualenv.py for tasks to queue
[2025-09-18T09:49:24.749+0000] {logging_mixin.py:188} INFO - [2025-09-18T09:49:24.749+0000] {dagbag.py:538} INFO - Filling up the DagBag from /home/airflow/.local/lib/python3.8/site-packages/airflow/example_dags/tutorial_taskflow_api_virtualenv.py
[2025-09-18T09:49:24.770+0000] {processor.py:840} INFO - DAG(s) 'tutorial_taskflow_api_virtualenv' retrieved from /home/airflow/.local/lib/python3.8/site-packages/airflow/example_dags/tutorial_taskflow_api_virtualenv.py
[2025-09-18T09:49:24.809+0000] {logging_mixin.py:188} INFO - [2025-09-18T09:49:24.808+0000] {dag.py:3036} INFO - Sync 1 DAGs
[2025-09-18T09:49:24.833+0000] {logging_mixin.py:188} INFO - [2025-09-18T09:49:24.833+0000] {dag.py:3823} INFO - Setting next_dagrun for tutorial_taskflow_api_virtualenv to None, run_after=None
[2025-09-18T09:49:24.871+0000] {processor.py:183} INFO - Processing /home/airflow/.local/lib/python3.8/site-packages/airflow/example_dags/tutorial_taskflow_api_virtualenv.py took 0.134 seconds
[2025-09-18T09:49:55.889+0000] {processor.py:161} INFO - Started process (PID=397) to work on /home/airflow/.local/lib/python3.8/site-packages/airflow/example_dags/tutorial_taskflow_api_virtualenv.py
[2025-09-18T09:49:55.892+0000] {processor.py:830} INFO - Processing file /home/airflow/.local/lib/python3.8/site-packages/airflow/example_dags/tutorial_taskflow_api_virtualenv.py for tasks to queue
[2025-09-18T09:49:55.899+0000] {logging_mixin.py:188} INFO - [2025-09-18T09:49:55.898+0000] {dagbag.py:538} INFO - Filling up the DagBag from /home/airflow/.local/lib/python3.8/site-packages/airflow/example_dags/tutorial_taskflow_api_virtualenv.py
[2025-09-18T09:49:55.928+0000] {processor.py:840} INFO - DAG(s) 'tutorial_taskflow_api_virtualenv' retrieved from /home/airflow/.local/lib/python3.8/site-packages/airflow/example_dags/tutorial_taskflow_api_virtualenv.py
[2025-09-18T09:49:55.976+0000] {logging_mixin.py:188} INFO - [2025-09-18T09:49:55.975+0000] {dag.py:3036} INFO - Sync 1 DAGs
[2025-09-18T09:49:56.012+0000] {logging_mixin.py:188} INFO - [2025-09-18T09:49:56.011+0000] {dag.py:3823} INFO - Setting next_dagrun for tutorial_taskflow_api_virtualenv to None, run_after=None
[2025-09-18T09:49:56.062+0000] {processor.py:183} INFO - Processing /home/airflow/.local/lib/python3.8/site-packages/airflow/example_dags/tutorial_taskflow_api_virtualenv.py took 0.181 seconds
[2025-09-18T09:50:26.330+0000] {processor.py:161} INFO - Started process (PID=452) to work on /home/airflow/.local/lib/python3.8/site-packages/airflow/example_dags/tutorial_taskflow_api_virtualenv.py
[2025-09-18T09:50:26.332+0000] {processor.py:830} INFO - Processing file /home/airflow/.local/lib/python3.8/site-packages/airflow/example_dags/tutorial_taskflow_api_virtualenv.py for tasks to queue
[2025-09-18T09:50:26.336+0000] {logging_mixin.py:188} INFO - [2025-09-18T09:50:26.336+0000] {dagbag.py:538} INFO - Filling up the DagBag from /home/airflow/.local/lib/python3.8/site-packages/airflow/example_dags/tutorial_taskflow_api_virtualenv.py
[2025-09-18T09:50:26.357+0000] {processor.py:840} INFO - DAG(s) 'tutorial_taskflow_api_virtualenv' retrieved from /home/airflow/.local/lib/python3.8/site-packages/airflow/example_dags/tutorial_taskflow_api_virtualenv.py
[2025-09-18T09:50:26.397+0000] {logging_mixin.py:188} INFO - [2025-09-18T09:50:26.396+0000] {dag.py:3036} INFO - Sync 1 DAGs
[2025-09-18T09:50:26.421+0000] {logging_mixin.py:188} INFO - [2025-09-18T09:50:26.421+0000] {dag.py:3823} INFO - Setting next_dagrun for tutorial_taskflow_api_virtualenv to None, run_after=None
[2025-09-18T09:50:26.461+0000] {processor.py:183} INFO - Processing /home/airflow/.local/lib/python3.8/site-packages/airflow/example_dags/tutorial_taskflow_api_virtualenv.py took 0.138 seconds
[2025-09-18T09:50:56.979+0000] {processor.py:161} INFO - Started process (PID=507) to work on /home/airflow/.local/lib/python3.8/site-packages/airflow/example_dags/tutorial_taskflow_api_virtualenv.py
[2025-09-18T09:50:56.981+0000] {processor.py:830} INFO - Processing file /home/airflow/.local/lib/python3.8/site-packages/airflow/example_dags/tutorial_taskflow_api_virtualenv.py for tasks to queue
[2025-09-18T09:50:56.985+0000] {logging_mixin.py:188} INFO - [2025-09-18T09:50:56.984+0000] {dagbag.py:538} INFO - Filling up the DagBag from /home/airflow/.local/lib/python3.8/site-packages/airflow/example_dags/tutorial_taskflow_api_virtualenv.py
[2025-09-18T09:50:57.008+0000] {processor.py:840} INFO - DAG(s) 'tutorial_taskflow_api_virtualenv' retrieved from /home/airflow/.local/lib/python3.8/site-packages/airflow/example_dags/tutorial_taskflow_api_virtualenv.py
[2025-09-18T09:50:57.046+0000] {logging_mixin.py:188} INFO - [2025-09-18T09:50:57.046+0000] {dag.py:3036} INFO - Sync 1 DAGs
[2025-09-18T09:50:57.070+0000] {logging_mixin.py:188} INFO - [2025-09-18T09:50:57.070+0000] {dag.py:3823} INFO - Setting next_dagrun for tutorial_taskflow_api_virtualenv to None, run_after=None
[2025-09-18T09:50:57.111+0000] {processor.py:183} INFO - Processing /home/airflow/.local/lib/python3.8/site-packages/airflow/example_dags/tutorial_taskflow_api_virtualenv.py took 0.139 seconds
[2025-09-18T09:54:02.316+0000] {processor.py:161} INFO - Started process (PID=68) to work on /home/airflow/.local/lib/python3.8/site-packages/airflow/example_dags/tutorial_taskflow_api_virtualenv.py
[2025-09-18T09:54:02.318+0000] {processor.py:830} INFO - Processing file /home/airflow/.local/lib/python3.8/site-packages/airflow/example_dags/tutorial_taskflow_api_virtualenv.py for tasks to queue
[2025-09-18T09:54:02.321+0000] {logging_mixin.py:188} INFO - [2025-09-18T09:54:02.321+0000] {dagbag.py:538} INFO - Filling up the DagBag from /home/airflow/.local/lib/python3.8/site-packages/airflow/example_dags/tutorial_taskflow_api_virtualenv.py
[2025-09-18T09:54:02.381+0000] {processor.py:840} INFO - DAG(s) 'tutorial_taskflow_api_virtualenv' retrieved from /home/airflow/.local/lib/python3.8/site-packages/airflow/example_dags/tutorial_taskflow_api_virtualenv.py
[2025-09-18T09:54:02.681+0000] {logging_mixin.py:188} INFO - [2025-09-18T09:54:02.680+0000] {override.py:1769} INFO - Created Permission View: can delete on DAG:tutorial_taskflow_api_virtualenv
[2025-09-18T09:54:02.704+0000] {logging_mixin.py:188} INFO - [2025-09-18T09:54:02.703+0000] {override.py:1769} INFO - Created Permission View: can edit on DAG:tutorial_taskflow_api_virtualenv
[2025-09-18T09:54:02.730+0000] {logging_mixin.py:188} INFO - [2025-09-18T09:54:02.729+0000] {override.py:1769} INFO - Created Permission View: can read on DAG:tutorial_taskflow_api_virtualenv
[2025-09-18T09:54:02.736+0000] {logging_mixin.py:188} INFO - [2025-09-18T09:54:02.736+0000] {dag.py:3036} INFO - Sync 1 DAGs
[2025-09-18T09:54:02.776+0000] {logging_mixin.py:188} INFO - [2025-09-18T09:54:02.775+0000] {dag.py:3058} INFO - Creating ORM DAG for tutorial_taskflow_api_virtualenv
[2025-09-18T09:54:02.779+0000] {logging_mixin.py:188} INFO - [2025-09-18T09:54:02.778+0000] {dag.py:3823} INFO - Setting next_dagrun for tutorial_taskflow_api_virtualenv to None, run_after=None
[2025-09-18T09:54:02.859+0000] {processor.py:183} INFO - Processing /home/airflow/.local/lib/python3.8/site-packages/airflow/example_dags/tutorial_taskflow_api_virtualenv.py took 0.552 seconds
[2025-09-18T09:54:33.446+0000] {processor.py:161} INFO - Started process (PID=123) to work on /home/airflow/.local/lib/python3.8/site-packages/airflow/example_dags/tutorial_taskflow_api_virtualenv.py
[2025-09-18T09:54:33.448+0000] {processor.py:830} INFO - Processing file /home/airflow/.local/lib/python3.8/site-packages/airflow/example_dags/tutorial_taskflow_api_virtualenv.py for tasks to queue
[2025-09-18T09:54:33.453+0000] {logging_mixin.py:188} INFO - [2025-09-18T09:54:33.452+0000] {dagbag.py:538} INFO - Filling up the DagBag from /home/airflow/.local/lib/python3.8/site-packages/airflow/example_dags/tutorial_taskflow_api_virtualenv.py
[2025-09-18T09:54:33.475+0000] {processor.py:840} INFO - DAG(s) 'tutorial_taskflow_api_virtualenv' retrieved from /home/airflow/.local/lib/python3.8/site-packages/airflow/example_dags/tutorial_taskflow_api_virtualenv.py
[2025-09-18T09:54:33.514+0000] {logging_mixin.py:188} INFO - [2025-09-18T09:54:33.514+0000] {dag.py:3036} INFO - Sync 1 DAGs
[2025-09-18T09:54:33.544+0000] {logging_mixin.py:188} INFO - [2025-09-18T09:54:33.543+0000] {dag.py:3823} INFO - Setting next_dagrun for tutorial_taskflow_api_virtualenv to None, run_after=None
[2025-09-18T09:54:33.584+0000] {processor.py:183} INFO - Processing /home/airflow/.local/lib/python3.8/site-packages/airflow/example_dags/tutorial_taskflow_api_virtualenv.py took 0.146 seconds
[2025-09-18T09:55:03.838+0000] {processor.py:161} INFO - Started process (PID=179) to work on /home/airflow/.local/lib/python3.8/site-packages/airflow/example_dags/tutorial_taskflow_api_virtualenv.py
[2025-09-18T09:55:03.840+0000] {processor.py:830} INFO - Processing file /home/airflow/.local/lib/python3.8/site-packages/airflow/example_dags/tutorial_taskflow_api_virtualenv.py for tasks to queue
[2025-09-18T09:55:03.843+0000] {logging_mixin.py:188} INFO - [2025-09-18T09:55:03.843+0000] {dagbag.py:538} INFO - Filling up the DagBag from /home/airflow/.local/lib/python3.8/site-packages/airflow/example_dags/tutorial_taskflow_api_virtualenv.py
[2025-09-18T09:55:03.864+0000] {processor.py:840} INFO - DAG(s) 'tutorial_taskflow_api_virtualenv' retrieved from /home/airflow/.local/lib/python3.8/site-packages/airflow/example_dags/tutorial_taskflow_api_virtualenv.py
[2025-09-18T09:55:03.905+0000] {logging_mixin.py:188} INFO - [2025-09-18T09:55:03.905+0000] {dag.py:3036} INFO - Sync 1 DAGs
[2025-09-18T09:55:03.929+0000] {logging_mixin.py:188} INFO - [2025-09-18T09:55:03.929+0000] {dag.py:3823} INFO - Setting next_dagrun for tutorial_taskflow_api_virtualenv to None, run_after=None
[2025-09-18T09:55:03.966+0000] {processor.py:183} INFO - Processing /home/airflow/.local/lib/python3.8/site-packages/airflow/example_dags/tutorial_taskflow_api_virtualenv.py took 0.135 seconds
[2025-09-18T09:55:34.425+0000] {processor.py:161} INFO - Started process (PID=234) to work on /home/airflow/.local/lib/python3.8/site-packages/airflow/example_dags/tutorial_taskflow_api_virtualenv.py
[2025-09-18T09:55:34.427+0000] {processor.py:830} INFO - Processing file /home/airflow/.local/lib/python3.8/site-packages/airflow/example_dags/tutorial_taskflow_api_virtualenv.py for tasks to queue
[2025-09-18T09:55:34.431+0000] {logging_mixin.py:188} INFO - [2025-09-18T09:55:34.430+0000] {dagbag.py:538} INFO - Filling up the DagBag from /home/airflow/.local/lib/python3.8/site-packages/airflow/example_dags/tutorial_taskflow_api_virtualenv.py
[2025-09-18T09:55:34.451+0000] {processor.py:840} INFO - DAG(s) 'tutorial_taskflow_api_virtualenv' retrieved from /home/airflow/.local/lib/python3.8/site-packages/airflow/example_dags/tutorial_taskflow_api_virtualenv.py
[2025-09-18T09:55:34.490+0000] {logging_mixin.py:188} INFO - [2025-09-18T09:55:34.490+0000] {dag.py:3036} INFO - Sync 1 DAGs
[2025-09-18T09:55:34.519+0000] {logging_mixin.py:188} INFO - [2025-09-18T09:55:34.518+0000] {dag.py:3823} INFO - Setting next_dagrun for tutorial_taskflow_api_virtualenv to None, run_after=None
[2025-09-18T09:55:34.562+0000] {processor.py:183} INFO - Processing /home/airflow/.local/lib/python3.8/site-packages/airflow/example_dags/tutorial_taskflow_api_virtualenv.py took 0.143 seconds
[2025-09-18T09:56:05.145+0000] {processor.py:161} INFO - Started process (PID=289) to work on /home/airflow/.local/lib/python3.8/site-packages/airflow/example_dags/tutorial_taskflow_api_virtualenv.py
[2025-09-18T09:56:05.159+0000] {processor.py:830} INFO - Processing file /home/airflow/.local/lib/python3.8/site-packages/airflow/example_dags/tutorial_taskflow_api_virtualenv.py for tasks to queue
[2025-09-18T09:56:05.171+0000] {logging_mixin.py:188} INFO - [2025-09-18T09:56:05.166+0000] {dagbag.py:538} INFO - Filling up the DagBag from /home/airflow/.local/lib/python3.8/site-packages/airflow/example_dags/tutorial_taskflow_api_virtualenv.py
[2025-09-18T09:56:05.230+0000] {processor.py:840} INFO - DAG(s) 'tutorial_taskflow_api_virtualenv' retrieved from /home/airflow/.local/lib/python3.8/site-packages/airflow/example_dags/tutorial_taskflow_api_virtualenv.py
[2025-09-18T09:56:05.375+0000] {logging_mixin.py:188} INFO - [2025-09-18T09:56:05.374+0000] {dag.py:3036} INFO - Sync 1 DAGs
[2025-09-18T09:56:05.414+0000] {logging_mixin.py:188} INFO - [2025-09-18T09:56:05.413+0000] {dag.py:3823} INFO - Setting next_dagrun for tutorial_taskflow_api_virtualenv to None, run_after=None
[2025-09-18T09:56:05.454+0000] {processor.py:183} INFO - Processing /home/airflow/.local/lib/python3.8/site-packages/airflow/example_dags/tutorial_taskflow_api_virtualenv.py took 0.330 seconds
[2025-09-18T09:56:36.380+0000] {processor.py:161} INFO - Started process (PID=344) to work on /home/airflow/.local/lib/python3.8/site-packages/airflow/example_dags/tutorial_taskflow_api_virtualenv.py
[2025-09-18T09:56:36.384+0000] {processor.py:830} INFO - Processing file /home/airflow/.local/lib/python3.8/site-packages/airflow/example_dags/tutorial_taskflow_api_virtualenv.py for tasks to queue
[2025-09-18T09:56:36.389+0000] {logging_mixin.py:188} INFO - [2025-09-18T09:56:36.389+0000] {dagbag.py:538} INFO - Filling up the DagBag from /home/airflow/.local/lib/python3.8/site-packages/airflow/example_dags/tutorial_taskflow_api_virtualenv.py
[2025-09-18T09:56:36.411+0000] {processor.py:840} INFO - DAG(s) 'tutorial_taskflow_api_virtualenv' retrieved from /home/airflow/.local/lib/python3.8/site-packages/airflow/example_dags/tutorial_taskflow_api_virtualenv.py
[2025-09-18T09:56:36.447+0000] {logging_mixin.py:188} INFO - [2025-09-18T09:56:36.446+0000] {dag.py:3036} INFO - Sync 1 DAGs
[2025-09-18T09:56:36.470+0000] {logging_mixin.py:188} INFO - [2025-09-18T09:56:36.469+0000] {dag.py:3823} INFO - Setting next_dagrun for tutorial_taskflow_api_virtualenv to None, run_after=None
[2025-09-18T09:56:36.509+0000] {processor.py:183} INFO - Processing /home/airflow/.local/lib/python3.8/site-packages/airflow/example_dags/tutorial_taskflow_api_virtualenv.py took 0.137 seconds
[2025-09-18T09:57:07.167+0000] {processor.py:161} INFO - Started process (PID=405) to work on /home/airflow/.local/lib/python3.8/site-packages/airflow/example_dags/tutorial_taskflow_api_virtualenv.py
[2025-09-18T09:57:07.170+0000] {processor.py:830} INFO - Processing file /home/airflow/.local/lib/python3.8/site-packages/airflow/example_dags/tutorial_taskflow_api_virtualenv.py for tasks to queue
[2025-09-18T09:57:07.174+0000] {logging_mixin.py:188} INFO - [2025-09-18T09:57:07.173+0000] {dagbag.py:538} INFO - Filling up the DagBag from /home/airflow/.local/lib/python3.8/site-packages/airflow/example_dags/tutorial_taskflow_api_virtualenv.py
[2025-09-18T09:57:07.194+0000] {processor.py:840} INFO - DAG(s) 'tutorial_taskflow_api_virtualenv' retrieved from /home/airflow/.local/lib/python3.8/site-packages/airflow/example_dags/tutorial_taskflow_api_virtualenv.py
[2025-09-18T09:57:07.231+0000] {logging_mixin.py:188} INFO - [2025-09-18T09:57:07.231+0000] {dag.py:3036} INFO - Sync 1 DAGs
[2025-09-18T09:57:07.255+0000] {logging_mixin.py:188} INFO - [2025-09-18T09:57:07.255+0000] {dag.py:3823} INFO - Setting next_dagrun for tutorial_taskflow_api_virtualenv to None, run_after=None
[2025-09-18T09:57:07.297+0000] {processor.py:183} INFO - Processing /home/airflow/.local/lib/python3.8/site-packages/airflow/example_dags/tutorial_taskflow_api_virtualenv.py took 0.138 seconds
[2025-09-18T09:57:37.658+0000] {processor.py:161} INFO - Started process (PID=460) to work on /home/airflow/.local/lib/python3.8/site-packages/airflow/example_dags/tutorial_taskflow_api_virtualenv.py
[2025-09-18T09:57:37.660+0000] {processor.py:830} INFO - Processing file /home/airflow/.local/lib/python3.8/site-packages/airflow/example_dags/tutorial_taskflow_api_virtualenv.py for tasks to queue
[2025-09-18T09:57:37.664+0000] {logging_mixin.py:188} INFO - [2025-09-18T09:57:37.663+0000] {dagbag.py:538} INFO - Filling up the DagBag from /home/airflow/.local/lib/python3.8/site-packages/airflow/example_dags/tutorial_taskflow_api_virtualenv.py
[2025-09-18T09:57:37.689+0000] {processor.py:840} INFO - DAG(s) 'tutorial_taskflow_api_virtualenv' retrieved from /home/airflow/.local/lib/python3.8/site-packages/airflow/example_dags/tutorial_taskflow_api_virtualenv.py
[2025-09-18T09:57:37.726+0000] {logging_mixin.py:188} INFO - [2025-09-18T09:57:37.725+0000] {dag.py:3036} INFO - Sync 1 DAGs
[2025-09-18T09:57:37.749+0000] {logging_mixin.py:188} INFO - [2025-09-18T09:57:37.749+0000] {dag.py:3823} INFO - Setting next_dagrun for tutorial_taskflow_api_virtualenv to None, run_after=None
[2025-09-18T09:57:37.795+0000] {processor.py:183} INFO - Processing /home/airflow/.local/lib/python3.8/site-packages/airflow/example_dags/tutorial_taskflow_api_virtualenv.py took 0.143 seconds
[2025-09-18T09:58:07.875+0000] {processor.py:161} INFO - Started process (PID=514) to work on /home/airflow/.local/lib/python3.8/site-packages/airflow/example_dags/tutorial_taskflow_api_virtualenv.py
[2025-09-18T09:58:07.877+0000] {processor.py:830} INFO - Processing file /home/airflow/.local/lib/python3.8/site-packages/airflow/example_dags/tutorial_taskflow_api_virtualenv.py for tasks to queue
[2025-09-18T09:58:07.881+0000] {logging_mixin.py:188} INFO - [2025-09-18T09:58:07.881+0000] {dagbag.py:538} INFO - Filling up the DagBag from /home/airflow/.local/lib/python3.8/site-packages/airflow/example_dags/tutorial_taskflow_api_virtualenv.py
[2025-09-18T09:58:07.908+0000] {processor.py:840} INFO - DAG(s) 'tutorial_taskflow_api_virtualenv' retrieved from /home/airflow/.local/lib/python3.8/site-packages/airflow/example_dags/tutorial_taskflow_api_virtualenv.py
[2025-09-18T09:58:07.947+0000] {logging_mixin.py:188} INFO - [2025-09-18T09:58:07.947+0000] {dag.py:3036} INFO - Sync 1 DAGs
[2025-09-18T09:58:07.971+0000] {logging_mixin.py:188} INFO - [2025-09-18T09:58:07.971+0000] {dag.py:3823} INFO - Setting next_dagrun for tutorial_taskflow_api_virtualenv to None, run_after=None
[2025-09-18T09:58:08.005+0000] {processor.py:183} INFO - Processing /home/airflow/.local/lib/python3.8/site-packages/airflow/example_dags/tutorial_taskflow_api_virtualenv.py took 0.138 seconds
[2025-09-18T09:58:38.152+0000] {processor.py:161} INFO - Started process (PID=569) to work on /home/airflow/.local/lib/python3.8/site-packages/airflow/example_dags/tutorial_taskflow_api_virtualenv.py
[2025-09-18T09:58:38.154+0000] {processor.py:830} INFO - Processing file /home/airflow/.local/lib/python3.8/site-packages/airflow/example_dags/tutorial_taskflow_api_virtualenv.py for tasks to queue
[2025-09-18T09:58:38.157+0000] {logging_mixin.py:188} INFO - [2025-09-18T09:58:38.157+0000] {dagbag.py:538} INFO - Filling up the DagBag from /home/airflow/.local/lib/python3.8/site-packages/airflow/example_dags/tutorial_taskflow_api_virtualenv.py
[2025-09-18T09:58:38.176+0000] {processor.py:840} INFO - DAG(s) 'tutorial_taskflow_api_virtualenv' retrieved from /home/airflow/.local/lib/python3.8/site-packages/airflow/example_dags/tutorial_taskflow_api_virtualenv.py
[2025-09-18T09:58:38.218+0000] {logging_mixin.py:188} INFO - [2025-09-18T09:58:38.217+0000] {dag.py:3036} INFO - Sync 1 DAGs
[2025-09-18T09:58:38.243+0000] {logging_mixin.py:188} INFO - [2025-09-18T09:58:38.243+0000] {dag.py:3823} INFO - Setting next_dagrun for tutorial_taskflow_api_virtualenv to None, run_after=None
[2025-09-18T09:58:38.285+0000] {processor.py:183} INFO - Processing /home/airflow/.local/lib/python3.8/site-packages/airflow/example_dags/tutorial_taskflow_api_virtualenv.py took 0.139 seconds
[2025-09-18T09:59:08.423+0000] {processor.py:161} INFO - Started process (PID=624) to work on /home/airflow/.local/lib/python3.8/site-packages/airflow/example_dags/tutorial_taskflow_api_virtualenv.py
[2025-09-18T09:59:08.425+0000] {processor.py:830} INFO - Processing file /home/airflow/.local/lib/python3.8/site-packages/airflow/example_dags/tutorial_taskflow_api_virtualenv.py for tasks to queue
[2025-09-18T09:59:08.429+0000] {logging_mixin.py:188} INFO - [2025-09-18T09:59:08.428+0000] {dagbag.py:538} INFO - Filling up the DagBag from /home/airflow/.local/lib/python3.8/site-packages/airflow/example_dags/tutorial_taskflow_api_virtualenv.py
[2025-09-18T09:59:08.448+0000] {processor.py:840} INFO - DAG(s) 'tutorial_taskflow_api_virtualenv' retrieved from /home/airflow/.local/lib/python3.8/site-packages/airflow/example_dags/tutorial_taskflow_api_virtualenv.py
[2025-09-18T09:59:08.484+0000] {logging_mixin.py:188} INFO - [2025-09-18T09:59:08.484+0000] {dag.py:3036} INFO - Sync 1 DAGs
[2025-09-18T09:59:08.507+0000] {logging_mixin.py:188} INFO - [2025-09-18T09:59:08.507+0000] {dag.py:3823} INFO - Setting next_dagrun for tutorial_taskflow_api_virtualenv to None, run_after=None
[2025-09-18T09:59:08.545+0000] {processor.py:183} INFO - Processing /home/airflow/.local/lib/python3.8/site-packages/airflow/example_dags/tutorial_taskflow_api_virtualenv.py took 0.128 seconds
[2025-09-18T09:59:39.423+0000] {processor.py:161} INFO - Started process (PID=679) to work on /home/airflow/.local/lib/python3.8/site-packages/airflow/example_dags/tutorial_taskflow_api_virtualenv.py
[2025-09-18T09:59:39.425+0000] {processor.py:830} INFO - Processing file /home/airflow/.local/lib/python3.8/site-packages/airflow/example_dags/tutorial_taskflow_api_virtualenv.py for tasks to queue
[2025-09-18T09:59:39.429+0000] {logging_mixin.py:188} INFO - [2025-09-18T09:59:39.428+0000] {dagbag.py:538} INFO - Filling up the DagBag from /home/airflow/.local/lib/python3.8/site-packages/airflow/example_dags/tutorial_taskflow_api_virtualenv.py
[2025-09-18T09:59:39.448+0000] {processor.py:840} INFO - DAG(s) 'tutorial_taskflow_api_virtualenv' retrieved from /home/airflow/.local/lib/python3.8/site-packages/airflow/example_dags/tutorial_taskflow_api_virtualenv.py
[2025-09-18T09:59:39.484+0000] {logging_mixin.py:188} INFO - [2025-09-18T09:59:39.484+0000] {dag.py:3036} INFO - Sync 1 DAGs
[2025-09-18T09:59:39.509+0000] {logging_mixin.py:188} INFO - [2025-09-18T09:59:39.509+0000] {dag.py:3823} INFO - Setting next_dagrun for tutorial_taskflow_api_virtualenv to None, run_after=None
[2025-09-18T09:59:39.542+0000] {processor.py:183} INFO - Processing /home/airflow/.local/lib/python3.8/site-packages/airflow/example_dags/tutorial_taskflow_api_virtualenv.py took 0.125 seconds
[2025-09-18T10:00:10.304+0000] {processor.py:161} INFO - Started process (PID=734) to work on /home/airflow/.local/lib/python3.8/site-packages/airflow/example_dags/tutorial_taskflow_api_virtualenv.py
[2025-09-18T10:00:10.307+0000] {processor.py:830} INFO - Processing file /home/airflow/.local/lib/python3.8/site-packages/airflow/example_dags/tutorial_taskflow_api_virtualenv.py for tasks to queue
[2025-09-18T10:00:10.310+0000] {logging_mixin.py:188} INFO - [2025-09-18T10:00:10.310+0000] {dagbag.py:538} INFO - Filling up the DagBag from /home/airflow/.local/lib/python3.8/site-packages/airflow/example_dags/tutorial_taskflow_api_virtualenv.py
[2025-09-18T10:00:10.329+0000] {processor.py:840} INFO - DAG(s) 'tutorial_taskflow_api_virtualenv' retrieved from /home/airflow/.local/lib/python3.8/site-packages/airflow/example_dags/tutorial_taskflow_api_virtualenv.py
[2025-09-18T10:00:10.365+0000] {logging_mixin.py:188} INFO - [2025-09-18T10:00:10.365+0000] {dag.py:3036} INFO - Sync 1 DAGs
[2025-09-18T10:00:10.390+0000] {logging_mixin.py:188} INFO - [2025-09-18T10:00:10.389+0000] {dag.py:3823} INFO - Setting next_dagrun for tutorial_taskflow_api_virtualenv to None, run_after=None
[2025-09-18T10:00:10.432+0000] {processor.py:183} INFO - Processing /home/airflow/.local/lib/python3.8/site-packages/airflow/example_dags/tutorial_taskflow_api_virtualenv.py took 0.134 seconds
[2025-09-18T10:00:40.885+0000] {processor.py:161} INFO - Started process (PID=789) to work on /home/airflow/.local/lib/python3.8/site-packages/airflow/example_dags/tutorial_taskflow_api_virtualenv.py
[2025-09-18T10:00:40.888+0000] {processor.py:830} INFO - Processing file /home/airflow/.local/lib/python3.8/site-packages/airflow/example_dags/tutorial_taskflow_api_virtualenv.py for tasks to queue
[2025-09-18T10:00:40.891+0000] {logging_mixin.py:188} INFO - [2025-09-18T10:00:40.891+0000] {dagbag.py:538} INFO - Filling up the DagBag from /home/airflow/.local/lib/python3.8/site-packages/airflow/example_dags/tutorial_taskflow_api_virtualenv.py
[2025-09-18T10:00:40.910+0000] {processor.py:840} INFO - DAG(s) 'tutorial_taskflow_api_virtualenv' retrieved from /home/airflow/.local/lib/python3.8/site-packages/airflow/example_dags/tutorial_taskflow_api_virtualenv.py
[2025-09-18T10:00:40.946+0000] {logging_mixin.py:188} INFO - [2025-09-18T10:00:40.946+0000] {dag.py:3036} INFO - Sync 1 DAGs
[2025-09-18T10:00:40.970+0000] {logging_mixin.py:188} INFO - [2025-09-18T10:00:40.970+0000] {dag.py:3823} INFO - Setting next_dagrun for tutorial_taskflow_api_virtualenv to None, run_after=None
[2025-09-18T10:00:41.009+0000] {processor.py:183} INFO - Processing /home/airflow/.local/lib/python3.8/site-packages/airflow/example_dags/tutorial_taskflow_api_virtualenv.py took 0.130 seconds
[2025-09-18T10:01:11.753+0000] {processor.py:161} INFO - Started process (PID=844) to work on /home/airflow/.local/lib/python3.8/site-packages/airflow/example_dags/tutorial_taskflow_api_virtualenv.py
[2025-09-18T10:01:11.755+0000] {processor.py:830} INFO - Processing file /home/airflow/.local/lib/python3.8/site-packages/airflow/example_dags/tutorial_taskflow_api_virtualenv.py for tasks to queue
[2025-09-18T10:01:11.758+0000] {logging_mixin.py:188} INFO - [2025-09-18T10:01:11.757+0000] {dagbag.py:538} INFO - Filling up the DagBag from /home/airflow/.local/lib/python3.8/site-packages/airflow/example_dags/tutorial_taskflow_api_virtualenv.py
[2025-09-18T10:01:11.777+0000] {processor.py:840} INFO - DAG(s) 'tutorial_taskflow_api_virtualenv' retrieved from /home/airflow/.local/lib/python3.8/site-packages/airflow/example_dags/tutorial_taskflow_api_virtualenv.py
[2025-09-18T10:01:11.812+0000] {logging_mixin.py:188} INFO - [2025-09-18T10:01:11.812+0000] {dag.py:3036} INFO - Sync 1 DAGs
[2025-09-18T10:01:11.836+0000] {logging_mixin.py:188} INFO - [2025-09-18T10:01:11.835+0000] {dag.py:3823} INFO - Setting next_dagrun for tutorial_taskflow_api_virtualenv to None, run_after=None
[2025-09-18T10:01:11.874+0000] {processor.py:183} INFO - Processing /home/airflow/.local/lib/python3.8/site-packages/airflow/example_dags/tutorial_taskflow_api_virtualenv.py took 0.127 seconds
[2025-09-18T10:01:42.154+0000] {processor.py:161} INFO - Started process (PID=899) to work on /home/airflow/.local/lib/python3.8/site-packages/airflow/example_dags/tutorial_taskflow_api_virtualenv.py
[2025-09-18T10:01:42.156+0000] {processor.py:830} INFO - Processing file /home/airflow/.local/lib/python3.8/site-packages/airflow/example_dags/tutorial_taskflow_api_virtualenv.py for tasks to queue
[2025-09-18T10:01:42.159+0000] {logging_mixin.py:188} INFO - [2025-09-18T10:01:42.159+0000] {dagbag.py:538} INFO - Filling up the DagBag from /home/airflow/.local/lib/python3.8/site-packages/airflow/example_dags/tutorial_taskflow_api_virtualenv.py
[2025-09-18T10:01:42.178+0000] {processor.py:840} INFO - DAG(s) 'tutorial_taskflow_api_virtualenv' retrieved from /home/airflow/.local/lib/python3.8/site-packages/airflow/example_dags/tutorial_taskflow_api_virtualenv.py
[2025-09-18T10:01:42.214+0000] {logging_mixin.py:188} INFO - [2025-09-18T10:01:42.214+0000] {dag.py:3036} INFO - Sync 1 DAGs
[2025-09-18T10:01:42.238+0000] {logging_mixin.py:188} INFO - [2025-09-18T10:01:42.238+0000] {dag.py:3823} INFO - Setting next_dagrun for tutorial_taskflow_api_virtualenv to None, run_after=None
[2025-09-18T10:01:42.277+0000] {processor.py:183} INFO - Processing /home/airflow/.local/lib/python3.8/site-packages/airflow/example_dags/tutorial_taskflow_api_virtualenv.py took 0.129 seconds
[2025-09-18T10:02:12.915+0000] {processor.py:161} INFO - Started process (PID=954) to work on /home/airflow/.local/lib/python3.8/site-packages/airflow/example_dags/tutorial_taskflow_api_virtualenv.py
[2025-09-18T10:02:12.917+0000] {processor.py:830} INFO - Processing file /home/airflow/.local/lib/python3.8/site-packages/airflow/example_dags/tutorial_taskflow_api_virtualenv.py for tasks to queue
[2025-09-18T10:02:12.921+0000] {logging_mixin.py:188} INFO - [2025-09-18T10:02:12.920+0000] {dagbag.py:538} INFO - Filling up the DagBag from /home/airflow/.local/lib/python3.8/site-packages/airflow/example_dags/tutorial_taskflow_api_virtualenv.py
[2025-09-18T10:02:12.943+0000] {processor.py:840} INFO - DAG(s) 'tutorial_taskflow_api_virtualenv' retrieved from /home/airflow/.local/lib/python3.8/site-packages/airflow/example_dags/tutorial_taskflow_api_virtualenv.py
[2025-09-18T10:02:12.981+0000] {logging_mixin.py:188} INFO - [2025-09-18T10:02:12.981+0000] {dag.py:3036} INFO - Sync 1 DAGs
[2025-09-18T10:02:13.005+0000] {logging_mixin.py:188} INFO - [2025-09-18T10:02:13.005+0000] {dag.py:3823} INFO - Setting next_dagrun for tutorial_taskflow_api_virtualenv to None, run_after=None
[2025-09-18T10:02:13.056+0000] {processor.py:183} INFO - Processing /home/airflow/.local/lib/python3.8/site-packages/airflow/example_dags/tutorial_taskflow_api_virtualenv.py took 0.147 seconds
[2025-09-18T10:02:43.635+0000] {processor.py:161} INFO - Started process (PID=1009) to work on /home/airflow/.local/lib/python3.8/site-packages/airflow/example_dags/tutorial_taskflow_api_virtualenv.py
[2025-09-18T10:02:43.637+0000] {processor.py:830} INFO - Processing file /home/airflow/.local/lib/python3.8/site-packages/airflow/example_dags/tutorial_taskflow_api_virtualenv.py for tasks to queue
[2025-09-18T10:02:43.641+0000] {logging_mixin.py:188} INFO - [2025-09-18T10:02:43.640+0000] {dagbag.py:538} INFO - Filling up the DagBag from /home/airflow/.local/lib/python3.8/site-packages/airflow/example_dags/tutorial_taskflow_api_virtualenv.py
[2025-09-18T10:02:43.661+0000] {processor.py:840} INFO - DAG(s) 'tutorial_taskflow_api_virtualenv' retrieved from /home/airflow/.local/lib/python3.8/site-packages/airflow/example_dags/tutorial_taskflow_api_virtualenv.py
[2025-09-18T10:02:43.702+0000] {logging_mixin.py:188} INFO - [2025-09-18T10:02:43.702+0000] {dag.py:3036} INFO - Sync 1 DAGs
[2025-09-18T10:02:43.726+0000] {logging_mixin.py:188} INFO - [2025-09-18T10:02:43.726+0000] {dag.py:3823} INFO - Setting next_dagrun for tutorial_taskflow_api_virtualenv to None, run_after=None
[2025-09-18T10:02:43.770+0000] {processor.py:183} INFO - Processing /home/airflow/.local/lib/python3.8/site-packages/airflow/example_dags/tutorial_taskflow_api_virtualenv.py took 0.142 seconds
[2025-09-18T10:03:14.599+0000] {processor.py:161} INFO - Started process (PID=1064) to work on /home/airflow/.local/lib/python3.8/site-packages/airflow/example_dags/tutorial_taskflow_api_virtualenv.py
[2025-09-18T10:03:14.601+0000] {processor.py:830} INFO - Processing file /home/airflow/.local/lib/python3.8/site-packages/airflow/example_dags/tutorial_taskflow_api_virtualenv.py for tasks to queue
[2025-09-18T10:03:14.605+0000] {logging_mixin.py:188} INFO - [2025-09-18T10:03:14.604+0000] {dagbag.py:538} INFO - Filling up the DagBag from /home/airflow/.local/lib/python3.8/site-packages/airflow/example_dags/tutorial_taskflow_api_virtualenv.py
[2025-09-18T10:03:14.623+0000] {processor.py:840} INFO - DAG(s) 'tutorial_taskflow_api_virtualenv' retrieved from /home/airflow/.local/lib/python3.8/site-packages/airflow/example_dags/tutorial_taskflow_api_virtualenv.py
[2025-09-18T10:03:14.658+0000] {logging_mixin.py:188} INFO - [2025-09-18T10:03:14.657+0000] {dag.py:3036} INFO - Sync 1 DAGs
[2025-09-18T10:03:14.680+0000] {logging_mixin.py:188} INFO - [2025-09-18T10:03:14.680+0000] {dag.py:3823} INFO - Setting next_dagrun for tutorial_taskflow_api_virtualenv to None, run_after=None
[2025-09-18T10:03:14.713+0000] {processor.py:183} INFO - Processing /home/airflow/.local/lib/python3.8/site-packages/airflow/example_dags/tutorial_taskflow_api_virtualenv.py took 0.119 seconds
[2025-09-18T10:03:45.066+0000] {processor.py:161} INFO - Started process (PID=1119) to work on /home/airflow/.local/lib/python3.8/site-packages/airflow/example_dags/tutorial_taskflow_api_virtualenv.py
[2025-09-18T10:03:45.068+0000] {processor.py:830} INFO - Processing file /home/airflow/.local/lib/python3.8/site-packages/airflow/example_dags/tutorial_taskflow_api_virtualenv.py for tasks to queue
[2025-09-18T10:03:45.073+0000] {logging_mixin.py:188} INFO - [2025-09-18T10:03:45.072+0000] {dagbag.py:538} INFO - Filling up the DagBag from /home/airflow/.local/lib/python3.8/site-packages/airflow/example_dags/tutorial_taskflow_api_virtualenv.py
[2025-09-18T10:03:45.094+0000] {processor.py:840} INFO - DAG(s) 'tutorial_taskflow_api_virtualenv' retrieved from /home/airflow/.local/lib/python3.8/site-packages/airflow/example_dags/tutorial_taskflow_api_virtualenv.py
[2025-09-18T10:03:45.144+0000] {logging_mixin.py:188} INFO - [2025-09-18T10:03:45.143+0000] {dag.py:3036} INFO - Sync 1 DAGs
[2025-09-18T10:03:45.172+0000] {logging_mixin.py:188} INFO - [2025-09-18T10:03:45.171+0000] {dag.py:3823} INFO - Setting next_dagrun for tutorial_taskflow_api_virtualenv to None, run_after=None
[2025-09-18T10:03:45.218+0000] {processor.py:183} INFO - Processing /home/airflow/.local/lib/python3.8/site-packages/airflow/example_dags/tutorial_taskflow_api_virtualenv.py took 0.160 seconds
[2025-09-18T10:04:15.486+0000] {processor.py:161} INFO - Started process (PID=1174) to work on /home/airflow/.local/lib/python3.8/site-packages/airflow/example_dags/tutorial_taskflow_api_virtualenv.py
[2025-09-18T10:04:15.488+0000] {processor.py:830} INFO - Processing file /home/airflow/.local/lib/python3.8/site-packages/airflow/example_dags/tutorial_taskflow_api_virtualenv.py for tasks to queue
[2025-09-18T10:04:15.493+0000] {logging_mixin.py:188} INFO - [2025-09-18T10:04:15.492+0000] {dagbag.py:538} INFO - Filling up the DagBag from /home/airflow/.local/lib/python3.8/site-packages/airflow/example_dags/tutorial_taskflow_api_virtualenv.py
[2025-09-18T10:04:15.516+0000] {processor.py:840} INFO - DAG(s) 'tutorial_taskflow_api_virtualenv' retrieved from /home/airflow/.local/lib/python3.8/site-packages/airflow/example_dags/tutorial_taskflow_api_virtualenv.py
[2025-09-18T10:04:15.554+0000] {logging_mixin.py:188} INFO - [2025-09-18T10:04:15.553+0000] {dag.py:3036} INFO - Sync 1 DAGs
[2025-09-18T10:04:15.582+0000] {logging_mixin.py:188} INFO - [2025-09-18T10:04:15.582+0000] {dag.py:3823} INFO - Setting next_dagrun for tutorial_taskflow_api_virtualenv to None, run_after=None
[2025-09-18T10:04:15.626+0000] {processor.py:183} INFO - Processing /home/airflow/.local/lib/python3.8/site-packages/airflow/example_dags/tutorial_taskflow_api_virtualenv.py took 0.156 seconds
[2025-09-18T10:04:45.857+0000] {processor.py:161} INFO - Started process (PID=1229) to work on /home/airflow/.local/lib/python3.8/site-packages/airflow/example_dags/tutorial_taskflow_api_virtualenv.py
[2025-09-18T10:04:45.859+0000] {processor.py:830} INFO - Processing file /home/airflow/.local/lib/python3.8/site-packages/airflow/example_dags/tutorial_taskflow_api_virtualenv.py for tasks to queue
[2025-09-18T10:04:45.863+0000] {logging_mixin.py:188} INFO - [2025-09-18T10:04:45.862+0000] {dagbag.py:538} INFO - Filling up the DagBag from /home/airflow/.local/lib/python3.8/site-packages/airflow/example_dags/tutorial_taskflow_api_virtualenv.py
[2025-09-18T10:04:45.882+0000] {processor.py:840} INFO - DAG(s) 'tutorial_taskflow_api_virtualenv' retrieved from /home/airflow/.local/lib/python3.8/site-packages/airflow/example_dags/tutorial_taskflow_api_virtualenv.py
[2025-09-18T10:04:45.919+0000] {logging_mixin.py:188} INFO - [2025-09-18T10:04:45.918+0000] {dag.py:3036} INFO - Sync 1 DAGs
[2025-09-18T10:04:45.944+0000] {logging_mixin.py:188} INFO - [2025-09-18T10:04:45.943+0000] {dag.py:3823} INFO - Setting next_dagrun for tutorial_taskflow_api_virtualenv to None, run_after=None
[2025-09-18T10:04:45.982+0000] {processor.py:183} INFO - Processing /home/airflow/.local/lib/python3.8/site-packages/airflow/example_dags/tutorial_taskflow_api_virtualenv.py took 0.131 seconds
[2025-09-18T10:05:16.723+0000] {processor.py:161} INFO - Started process (PID=1284) to work on /home/airflow/.local/lib/python3.8/site-packages/airflow/example_dags/tutorial_taskflow_api_virtualenv.py
[2025-09-18T10:05:16.724+0000] {processor.py:830} INFO - Processing file /home/airflow/.local/lib/python3.8/site-packages/airflow/example_dags/tutorial_taskflow_api_virtualenv.py for tasks to queue
[2025-09-18T10:05:16.728+0000] {logging_mixin.py:188} INFO - [2025-09-18T10:05:16.727+0000] {dagbag.py:538} INFO - Filling up the DagBag from /home/airflow/.local/lib/python3.8/site-packages/airflow/example_dags/tutorial_taskflow_api_virtualenv.py
[2025-09-18T10:05:16.749+0000] {processor.py:840} INFO - DAG(s) 'tutorial_taskflow_api_virtualenv' retrieved from /home/airflow/.local/lib/python3.8/site-packages/airflow/example_dags/tutorial_taskflow_api_virtualenv.py
[2025-09-18T10:05:16.787+0000] {logging_mixin.py:188} INFO - [2025-09-18T10:05:16.786+0000] {dag.py:3036} INFO - Sync 1 DAGs
[2025-09-18T10:05:16.810+0000] {logging_mixin.py:188} INFO - [2025-09-18T10:05:16.810+0000] {dag.py:3823} INFO - Setting next_dagrun for tutorial_taskflow_api_virtualenv to None, run_after=None
[2025-09-18T10:05:16.850+0000] {processor.py:183} INFO - Processing /home/airflow/.local/lib/python3.8/site-packages/airflow/example_dags/tutorial_taskflow_api_virtualenv.py took 0.132 seconds
